===2023-06-16 03:46:22===
===Setting===
    dataset: fairface
    lr: 0.01
    batch: 64
    iters: 3
    wk_iters: 1
    si: False
    domain_num: -1
    quantile: 0
    std_rw: False
    gender_label: False
    binary_race: False
    save_iter: -1
    mix: False
    mix2: False
    mix3: False
    mix4: False
===2023-06-16 03:48:14===
===Setting===
    dataset: fairface
    lr: 0.01
    batch: 64
    iters: 3
    wk_iters: 1
    si: False
    domain_num: -1
    quantile: 0
    std_rw: False
    gender_label: False
    binary_race: False
    save_iter: -1
    mix: False
    mix2: False
    mix3: False
    mix4: False
===2023-06-16 03:49:05===
===Setting===
    dataset: fairface
    lr: 0.01
    batch: 64
    iters: 3
    wk_iters: 1
    si: False
    domain_num: -1
    quantile: 0
    std_rw: False
    gender_label: False
    binary_race: False
    save_iter: -1
    mix: False
    mix2: False
    mix3: False
    mix4: False
===2023-06-16 03:51:50===
===Setting===
    dataset: fairface
    lr: 0.01
    batch: 64
    iters: 3
    wk_iters: 1
    si: False
    domain_num: -1
    quantile: 0
    std_rw: False
    gender_label: False
    binary_race: False
    save_iter: -1
    mix: False
    mix2: False
    mix3: False
    mix4: False
===2023-06-16 03:52:44===
===Setting===
    dataset: fairface
    lr: 0.01
    batch: 64
    iters: 3
    wk_iters: 1
    si: False
    domain_num: -1
    quantile: 0
    std_rw: False
    gender_label: False
    binary_race: False
    save_iter: -1
    mix: False
    mix2: False
    mix3: False
    mix4: False
===2023-06-16 03:53:35===
===Setting===
    dataset: fairface
    lr: 0.01
    batch: 64
    iters: 3
    wk_iters: 1
    si: False
    domain_num: -1
    quantile: 0
    std_rw: False
    gender_label: False
    binary_race: False
    save_iter: -1
    mix: False
    mix2: False
    mix3: False
    mix4: False
data_number=[908,1363,2045,472,709,767,1150,1279,]
client_nums=[3,2,2,1,]
len_dataset=[7712,2112,3427,2285,]
