===2023-06-01 18:19:03===
===Setting===
    dataset: fairface
    lr: 0.01
    batch: 32
    iters: 10
    wk_iters: 1
    si: False
    domain_num: 2
    quantile: 0
    std_rw: False
    gender_label: True
    binary_race: True
    save_iter: -1
data_number=[39,52,68,89,117,154,201,264,346,453,154,202,]
client_nums=[10,2,]
len_dataset=[2980,596,]
label set of clients: [2, 2, 2, 2, 2, 2, 2, 2, 2, 2, 2, 2, ]
domain number = 2
Loading snapshots...
 Test site-White_0                   (0)| Epoch:47 | Test Acc: 0.8125
 Test site-White_1                   (0)| Epoch:47 | Test Acc: 0.9062
 Test site-White_2                   (0)| Epoch:47 | Test Acc: 0.9062
 Test site-White_3                   (0)| Epoch:47 | Test Acc: 0.7812
 Test site-White_4                   (0)| Epoch:47 | Test Acc: 0.9062
 Test site-White_5                   (0)| Epoch:47 | Test Acc: 0.8125
 Test site-White_6                   (0)| Epoch:47 | Test Acc: 0.6875
 Test site-White_7                   (0)| Epoch:47 | Test Acc: 0.8125
 Test site-White_8                   (0)| Epoch:47 | Test Acc: 0.8750
 Test site-White_9                   (0)| Epoch:47 | Test Acc: 0.8438
 Test site-Black_0                   (1)| Epoch:47 | Test Acc: 0.6562
 Test site-Black_1                   (1)| Epoch:47 | Test Acc: 0.6562
Average Test Accuracy: 0.7453, domain std=0.0891, cluster std=0.0891, individual std=0.0894, 
===2023-06-02 00:28:36===
===Setting===
    dataset: fairface
    lr: 0.01
    batch: 32
    iters: 10
    wk_iters: 1
    si: False
    domain_num: 2
    quantile: 0
    std_rw: False
    gender_label: True
    binary_race: True
    save_iter: -1
data_number=[39,52,68,89,117,154,201,264,346,453,154,202,]
client_nums=[10,2,]
len_dataset=[2980,596,]
label set of clients: [2, 2, 2, 2, 2, 2, 2, 2, 2, 2, 2, 2, ]
domain number = 2
Loading snapshots...
 Test site-White_0                   (0)| Epoch:47 | Test Acc: 0.8125
 Test site-White_1                   (0)| Epoch:47 | Test Acc: 0.9062
 Test site-White_2                   (0)| Epoch:47 | Test Acc: 0.9062
 Test site-White_3                   (0)| Epoch:47 | Test Acc: 0.7812
 Test site-White_4                   (0)| Epoch:47 | Test Acc: 0.9062
 Test site-White_5                   (0)| Epoch:47 | Test Acc: 0.8125
 Test site-White_6                   (0)| Epoch:47 | Test Acc: 0.6875
 Test site-White_7                   (0)| Epoch:47 | Test Acc: 0.8125
 Test site-White_8                   (0)| Epoch:47 | Test Acc: 0.8750
 Test site-White_9                   (0)| Epoch:47 | Test Acc: 0.8438
 Test site-Black_0                   (1)| Epoch:47 | Test Acc: 0.6562
 Test site-Black_1                   (1)| Epoch:47 | Test Acc: 0.6562
White: 0.834, Black: 0.656, 
Average Test Accuracy: 0.7453, domain std=0.0891, cluster std=0.0891, individual std=0.0894, 
