===2023-03-16 09:40:48===
===Setting===
    lr: 0.01
    batch: 16
    iters: 3
    wk_iters: 10
============ Train epoch 0 ============
============ Train epoch 1 ============
============ Train epoch 2 ============
============ Train epoch 3 ============
============ Train epoch 4 ============
============ Train epoch 5 ============
============ Train epoch 6 ============
============ Train epoch 7 ============
============ Train epoch 8 ============
============ Train epoch 9 ============
 Site-Clipart   | Train Loss: 1.5643 | Train Acc: 0.6381
 Site-Infograph | Train Loss: 2.0331 | Train Acc: 0.4095
 Site-Quickdraw | Train Loss: 2.1106 | Train Acc: 0.2286
 Site-Real      | Train Loss: 1.5238 | Train Acc: 0.7905
 Site-Sketch    | Train Loss: 1.5296 | Train Acc: 0.7238
 Site-Clipart   | Val  Loss: 1.7343 | Val  Acc: 0.6286
 Site-Infograph | Val  Loss: 2.1787 | Val  Acc: 0.4190
 Site-Quickdraw | Val  Loss: 2.1525 | Val  Acc: 0.2190
 Site-Real      | Val  Loss: 1.5548 | Val  Acc: 0.7714
 Site-Sketch    | Val  Loss: 1.6426 | Val  Acc: 0.6571
 Best site-Clipart    | Epoch:0 | Val Acc: 0.6286
 Best site-Infograph  | Epoch:0 | Val Acc: 0.4190
 Best site-Quickdraw  | Epoch:0 | Val Acc: 0.2190
 Best site-Real       | Epoch:0 | Val Acc: 0.7714
 Best site-Sketch     | Epoch:0 | Val Acc: 0.6571
 Saving the local and server checkpoint to ../checkpoint/office/fed_domainnet/DoPrompt_lsim=False_target_idx=2...
 Painting    | Test Acc On Target Domain: 0.7141
============ Train epoch 10 ============
============ Train epoch 11 ============
============ Train epoch 12 ============
============ Train epoch 13 ============
============ Train epoch 14 ============
============ Train epoch 15 ============
============ Train epoch 16 ============
============ Train epoch 17 ============
============ Train epoch 18 ============
============ Train epoch 19 ============
 Site-Clipart   | Train Loss: 1.0939 | Train Acc: 0.8286
 Site-Infograph | Train Loss: 1.7375 | Train Acc: 0.4857
 Site-Quickdraw | Train Loss: 1.8613 | Train Acc: 0.3333
 Site-Real      | Train Loss: 0.8540 | Train Acc: 0.9238
 Site-Sketch    | Train Loss: 0.9597 | Train Acc: 0.8095
 Site-Clipart   | Val  Loss: 1.3115 | Val  Acc: 0.6571
 Site-Infograph | Val  Loss: 1.8921 | Val  Acc: 0.4952
 Site-Quickdraw | Val  Loss: 1.9259 | Val  Acc: 0.3619
 Site-Real      | Val  Loss: 0.9938 | Val  Acc: 0.8952
 Site-Sketch    | Val  Loss: 1.1880 | Val  Acc: 0.7619
 Best site-Clipart    | Epoch:1 | Val Acc: 0.6571
 Best site-Infograph  | Epoch:1 | Val Acc: 0.4952
 Best site-Quickdraw  | Epoch:1 | Val Acc: 0.3619
 Best site-Real       | Epoch:1 | Val Acc: 0.8952
 Best site-Sketch     | Epoch:1 | Val Acc: 0.7619
 Saving the local and server checkpoint to ../checkpoint/office/fed_domainnet/DoPrompt_lsim=False_target_idx=2...
 Painting    | Test Acc On Target Domain: 0.8401
============ Train epoch 20 ============
============ Train epoch 21 ============
============ Train epoch 22 ============
============ Train epoch 23 ============
============ Train epoch 24 ============
============ Train epoch 25 ============
============ Train epoch 26 ============
============ Train epoch 27 ============
============ Train epoch 28 ============
============ Train epoch 29 ============
 Site-Clipart   | Train Loss: 0.7647 | Train Acc: 0.8667
 Site-Infograph | Train Loss: 1.6347 | Train Acc: 0.5238
 Site-Quickdraw | Train Loss: 1.5235 | Train Acc: 0.5048
 Site-Real      | Train Loss: 0.4881 | Train Acc: 0.9333
 Site-Sketch    | Train Loss: 0.6551 | Train Acc: 0.8381
 Site-Clipart   | Val  Loss: 1.0563 | Val  Acc: 0.7143
 Site-Infograph | Val  Loss: 1.8202 | Val  Acc: 0.4762
 Site-Quickdraw | Val  Loss: 1.8540 | Val  Acc: 0.4286
 Site-Real      | Val  Loss: 0.7077 | Val  Acc: 0.9333
 Site-Sketch    | Val  Loss: 0.9868 | Val  Acc: 0.7810
 Best site-Clipart    | Epoch:2 | Val Acc: 0.7143
 Best site-Infograph  | Epoch:2 | Val Acc: 0.4762
 Best site-Quickdraw  | Epoch:2 | Val Acc: 0.4286
 Best site-Real       | Epoch:2 | Val Acc: 0.9333
 Best site-Sketch     | Epoch:2 | Val Acc: 0.7810
 Saving the local and server checkpoint to ../checkpoint/office/fed_domainnet/DoPrompt_lsim=False_target_idx=2...
 Painting    | Test Acc On Target Domain: 0.8627
===2023-03-16 13:34:41===
===Setting===
    lr: 0.01
    batch: 16
    iters: 5
    wk_iters: 10
============ Train epoch 0 ============
============ Train epoch 1 ============
============ Train epoch 2 ============
============ Train epoch 3 ============
============ Train epoch 4 ============
============ Train epoch 5 ============
============ Train epoch 6 ============
============ Train epoch 7 ============
============ Train epoch 8 ============
============ Train epoch 9 ============
 Site-Clipart   | Train Loss: 1.5643 | Train Acc: 0.6381
 Site-Infograph | Train Loss: 2.0331 | Train Acc: 0.4095
 Site-Quickdraw | Train Loss: 2.1106 | Train Acc: 0.2286
 Site-Real      | Train Loss: 1.5238 | Train Acc: 0.7905
 Site-Sketch    | Train Loss: 1.5296 | Train Acc: 0.7238
 Site-Clipart   | Val  Loss: 1.7343 | Val  Acc: 0.6286
 Site-Infograph | Val  Loss: 2.1787 | Val  Acc: 0.4190
 Site-Quickdraw | Val  Loss: 2.1525 | Val  Acc: 0.2190
 Site-Real      | Val  Loss: 1.5548 | Val  Acc: 0.7714
 Site-Sketch    | Val  Loss: 1.6426 | Val  Acc: 0.6571
 Best site-Clipart    | Epoch:0 | Val Acc: 0.6286
 Best site-Infograph  | Epoch:0 | Val Acc: 0.4190
 Best site-Quickdraw  | Epoch:0 | Val Acc: 0.2190
 Best site-Real       | Epoch:0 | Val Acc: 0.7714
 Best site-Sketch     | Epoch:0 | Val Acc: 0.6571
 Saving the local and server checkpoint to ../checkpoint/office/fed_domainnet/DoPrompt_lsim=False_target_idx=2...
 Painting    | Test Acc On Target Domain: 0.7141
============ Train epoch 10 ============
============ Train epoch 11 ============
============ Train epoch 12 ============
============ Train epoch 13 ============
============ Train epoch 14 ============
============ Train epoch 15 ============
============ Train epoch 16 ============
============ Train epoch 17 ============
============ Train epoch 18 ============
============ Train epoch 19 ============
 Site-Clipart   | Train Loss: 1.0939 | Train Acc: 0.8286
 Site-Infograph | Train Loss: 1.7375 | Train Acc: 0.4857
 Site-Quickdraw | Train Loss: 1.8613 | Train Acc: 0.3333
 Site-Real      | Train Loss: 0.8540 | Train Acc: 0.9238
 Site-Sketch    | Train Loss: 0.9597 | Train Acc: 0.8095
 Site-Clipart   | Val  Loss: 1.3115 | Val  Acc: 0.6571
 Site-Infograph | Val  Loss: 1.8921 | Val  Acc: 0.4952
 Site-Quickdraw | Val  Loss: 1.9259 | Val  Acc: 0.3619
 Site-Real      | Val  Loss: 0.9938 | Val  Acc: 0.8952
 Site-Sketch    | Val  Loss: 1.1880 | Val  Acc: 0.7619
 Best site-Clipart    | Epoch:1 | Val Acc: 0.6571
 Best site-Infograph  | Epoch:1 | Val Acc: 0.4952
 Best site-Quickdraw  | Epoch:1 | Val Acc: 0.3619
 Best site-Real       | Epoch:1 | Val Acc: 0.8952
 Best site-Sketch     | Epoch:1 | Val Acc: 0.7619
 Saving the local and server checkpoint to ../checkpoint/office/fed_domainnet/DoPrompt_lsim=False_target_idx=2...
 Painting    | Test Acc On Target Domain: 0.8401
============ Train epoch 20 ============
============ Train epoch 21 ============
============ Train epoch 22 ============
============ Train epoch 23 ============
============ Train epoch 24 ============
============ Train epoch 25 ============
============ Train epoch 26 ============
============ Train epoch 27 ============
============ Train epoch 28 ============
============ Train epoch 29 ============
 Site-Clipart   | Train Loss: 0.7647 | Train Acc: 0.8667
 Site-Infograph | Train Loss: 1.6347 | Train Acc: 0.5238
 Site-Quickdraw | Train Loss: 1.5235 | Train Acc: 0.5048
 Site-Real      | Train Loss: 0.4881 | Train Acc: 0.9333
 Site-Sketch    | Train Loss: 0.6551 | Train Acc: 0.8381
 Site-Clipart   | Val  Loss: 1.0563 | Val  Acc: 0.7143
 Site-Infograph | Val  Loss: 1.8202 | Val  Acc: 0.4762
 Site-Quickdraw | Val  Loss: 1.8540 | Val  Acc: 0.4286
 Site-Real      | Val  Loss: 0.7077 | Val  Acc: 0.9333
 Site-Sketch    | Val  Loss: 0.9868 | Val  Acc: 0.7810
 Best site-Clipart    | Epoch:2 | Val Acc: 0.7143
 Best site-Infograph  | Epoch:2 | Val Acc: 0.4762
 Best site-Quickdraw  | Epoch:2 | Val Acc: 0.4286
 Best site-Real       | Epoch:2 | Val Acc: 0.9333
 Best site-Sketch     | Epoch:2 | Val Acc: 0.7810
 Saving the local and server checkpoint to ../checkpoint/office/fed_domainnet/DoPrompt_lsim=False_target_idx=2...
 Painting    | Test Acc On Target Domain: 0.8627
============ Train epoch 30 ============
============ Train epoch 31 ============
============ Train epoch 32 ============
============ Train epoch 33 ============
============ Train epoch 34 ============
============ Train epoch 35 ============
