===2023-03-16 02:53:27===
===Setting===
    lr: 0.01
    batch: 16
    iters: 3
    wk_iters: 10
============ Train epoch 0 ============
============ Train epoch 1 ============
============ Train epoch 2 ============
============ Train epoch 3 ============
============ Train epoch 4 ============
============ Train epoch 5 ============
============ Train epoch 6 ============
============ Train epoch 7 ============
============ Train epoch 8 ============
============ Train epoch 9 ============
 Site-Infograph | Train Loss: 2.0198 | Train Acc: 0.4190
 Site-Painting  | Train Loss: 1.5674 | Train Acc: 0.7333
 Site-Quickdraw | Train Loss: 2.1329 | Train Acc: 0.2381
 Site-Real      | Train Loss: 1.4002 | Train Acc: 0.8381
 Site-Sketch    | Train Loss: 1.4906 | Train Acc: 0.7238
 Site-Infograph | Val  Loss: 2.1262 | Val  Acc: 0.3810
 Site-Painting  | Val  Loss: 1.5494 | Val  Acc: 0.7143
 Site-Quickdraw | Val  Loss: 2.2117 | Val  Acc: 0.2095
 Site-Real      | Val  Loss: 1.4795 | Val  Acc: 0.7714
 Site-Sketch    | Val  Loss: 1.5716 | Val  Acc: 0.6762
 Best site-Infograph  | Epoch:0 | Val Acc: 0.3810
 Best site-Painting   | Epoch:0 | Val Acc: 0.7143
 Best site-Quickdraw  | Epoch:0 | Val Acc: 0.2095
 Best site-Real       | Epoch:0 | Val Acc: 0.7714
 Best site-Sketch     | Epoch:0 | Val Acc: 0.6762
 Saving the local and server checkpoint to ../checkpoint/office/fed_domainnet/DoPrompt_lsim=False_target_idx=0...
 Clipart     | Test Acc On Target Domain: 0.6236
============ Train epoch 10 ============
============ Train epoch 11 ============
============ Train epoch 12 ============
============ Train epoch 13 ============
============ Train epoch 14 ============
============ Train epoch 15 ============
============ Train epoch 16 ============
============ Train epoch 17 ============
============ Train epoch 18 ============
============ Train epoch 19 ============
 Site-Infograph | Train Loss: 1.7287 | Train Acc: 0.4762
 Site-Painting  | Train Loss: 0.8619 | Train Acc: 0.8571
 Site-Quickdraw | Train Loss: 1.8699 | Train Acc: 0.3714
 Site-Real      | Train Loss: 0.7511 | Train Acc: 0.9048
 Site-Sketch    | Train Loss: 0.9315 | Train Acc: 0.8000
 Site-Infograph | Val  Loss: 1.9359 | Val  Acc: 0.4286
 Site-Painting  | Val  Loss: 1.0646 | Val  Acc: 0.8286
 Site-Quickdraw | Val  Loss: 1.9552 | Val  Acc: 0.3619
 Site-Real      | Val  Loss: 0.8818 | Val  Acc: 0.8857
 Site-Sketch    | Val  Loss: 1.1491 | Val  Acc: 0.7143
 Best site-Infograph  | Epoch:1 | Val Acc: 0.4286
 Best site-Painting   | Epoch:1 | Val Acc: 0.8286
 Best site-Quickdraw  | Epoch:1 | Val Acc: 0.3619
 Best site-Real       | Epoch:1 | Val Acc: 0.8857
 Best site-Sketch     | Epoch:1 | Val Acc: 0.7143
 Saving the local and server checkpoint to ../checkpoint/office/fed_domainnet/DoPrompt_lsim=False_target_idx=0...
 Clipart     | Test Acc On Target Domain: 0.7034
============ Train epoch 20 ============
============ Train epoch 21 ============
============ Train epoch 22 ============
============ Train epoch 23 ============
============ Train epoch 24 ============
============ Train epoch 25 ============
============ Train epoch 26 ============
============ Train epoch 27 ============
============ Train epoch 28 ============
============ Train epoch 29 ============
 Site-Infograph | Train Loss: 1.6126 | Train Acc: 0.5143
 Site-Painting  | Train Loss: 0.6105 | Train Acc: 0.9238
 Site-Quickdraw | Train Loss: 1.4972 | Train Acc: 0.5238
 Site-Real      | Train Loss: 0.4117 | Train Acc: 0.9238
 Site-Sketch    | Train Loss: 0.6235 | Train Acc: 0.8381
 Site-Infograph | Val  Loss: 1.8459 | Val  Acc: 0.4476
 Site-Painting  | Val  Loss: 0.8849 | Val  Acc: 0.8190
 Site-Quickdraw | Val  Loss: 1.8502 | Val  Acc: 0.4381
 Site-Real      | Val  Loss: 0.6367 | Val  Acc: 0.8857
 Site-Sketch    | Val  Loss: 0.9425 | Val  Acc: 0.7619
 Best site-Infograph  | Epoch:2 | Val Acc: 0.4476
 Best site-Painting   | Epoch:2 | Val Acc: 0.8190
 Best site-Quickdraw  | Epoch:2 | Val Acc: 0.4381
 Best site-Real       | Epoch:2 | Val Acc: 0.8857
 Best site-Sketch     | Epoch:2 | Val Acc: 0.7619
 Saving the local and server checkpoint to ../checkpoint/office/fed_domainnet/DoPrompt_lsim=False_target_idx=0...
 Clipart     | Test Acc On Target Domain: 0.7338
