===2023-03-22 17:42:33===
===Setting===
    dataset: digit
    lr: 0.01
    batch: 32
    iters: 1
    wk_iters: 1
============ Train epoch 0 ============
 Site-MNIST     | Train Loss: 2.1643 | Train Acc: 0.2342
 Site-SVHN      | Train Loss: 2.3123 | Train Acc: 0.1216
 Site-USPS      | Train Loss: 2.1285 | Train Acc: 0.2973
 Site-SynthDigits| Train Loss: 2.2858 | Train Acc: 0.1171
 Site-MNIST-M   | Train Loss: 2.3162 | Train Acc: 0.1261
 Site-MNIST     | Train Loss: 2.1365 | Train Acc: 0.3184
 Site-SVHN      | Train Loss: 2.2422 | Train Acc: 0.2018
 Site-USPS      | Train Loss: 2.0860 | Train Acc: 0.3677
 Site-SynthDigits| Train Loss: 2.2975 | Train Acc: 0.0987
 Site-MNIST-M   | Train Loss: 2.3132 | Train Acc: 0.1166
 Site-MNIST     | Val  Loss: 2.1894 | Val  Acc: 0.2365
 Site-SVHN      | Val  Loss: 2.2885 | Val  Acc: 0.1351
 Site-USPS      | Val  Loss: 2.1422 | Val  Acc: 0.2635
 Site-SynthDigits| Val  Loss: 2.2602 | Val  Acc: 0.1149
 Site-MNIST-M   | Val  Loss: 2.2969 | Val  Acc: 0.1959
 Site-MNIST     | Val  Loss: 2.1616 | Val  Acc: 0.2500
 Site-SVHN      | Val  Loss: 2.2561 | Val  Acc: 0.2027
 Site-USPS      | Val  Loss: 2.1618 | Val  Acc: 0.2635
 Site-SynthDigits| Val  Loss: 2.2743 | Val  Acc: 0.0946
 Site-MNIST-M   | Val  Loss: 2.2760 | Val  Acc: 0.1622
Average Valid Accuracy: 0.1919
 Best site-MNIST      | Epoch:0 | Val Acc: 0.2365
 Best site-SVHN       | Epoch:0 | Val Acc: 0.1351
 Best site-USPS       | Epoch:0 | Val Acc: 0.2635
 Best site-SynthDigits | Epoch:0 | Val Acc: 0.1149
 Best site-MNIST-M    | Epoch:0 | Val Acc: 0.1959
 Best site-MNIST      | Epoch:0 | Val Acc: 0.2500
 Best site-SVHN       | Epoch:0 | Val Acc: 0.2027
 Best site-USPS       | Epoch:0 | Val Acc: 0.2635
 Best site-SynthDigits | Epoch:0 | Val Acc: 0.0946
 Best site-MNIST-M    | Epoch:0 | Val Acc: 0.1622
 Saving the local and server checkpoint to ../checkpoint/fed_digit_debug/FedPrompt_lsim=False...
 Test site-MNIST     | Epoch:0 | Test Acc: 0.2471
 Test site-SVHN      | Epoch:0 | Test Acc: 0.1572
 Test site-USPS      | Epoch:0 | Test Acc: 0.3172
 Test site-SynthDigits| Epoch:0 | Test Acc: 0.1330
 Test site-MNIST-M   | Epoch:0 | Test Acc: 0.1257
Average Test Accuracy: 0.1961
===2023-03-22 17:48:03===
