===2023-03-26 22:51:26===
===Setting===
    dataset: domainnet
    lr: 0.01
    batch: 16
    iters: 10
    wk_iters: 5
domain number = 3
============ Train epoch 0 ============
============ Train epoch 1 ============
============ Train epoch 2 ============
============ Train epoch 3 ============
============ Train epoch 4 ============
 Site-Clipart   | Train Loss: 1.9475 | Train Acc: 0.4286
 Site-Clipart   | Train Loss: 1.9105 | Train Acc: 0.4762
 Site-Painting  | Train Loss: 1.8286 | Train Acc: 0.5714
 Site-Painting  | Train Loss: 1.8867 | Train Acc: 0.5556
 Site-QuickDraw | Train Loss: 2.2541 | Train Acc: 0.2381
 Site-QuickDraw | Train Loss: 2.1719 | Train Acc: 0.2698
 Site-Real      | Train Loss: 1.7503 | Train Acc: 0.5873
 Site-Real      | Train Loss: 1.8546 | Train Acc: 0.4921
 Site-Sketch    | Train Loss: 1.8635 | Train Acc: 0.5238
 Site-Sketch    | Train Loss: 1.8711 | Train Acc: 0.4921
 Site-Clipart   | Val  Loss: 1.8763 | Val  Acc: 0.5476
 Site-Clipart   | Val  Loss: 1.9240 | Val  Acc: 0.5000
 Site-Painting  | Val  Loss: 1.8228 | Val  Acc: 0.5238
 Site-Painting  | Val  Loss: 1.9597 | Val  Acc: 0.5000
 Site-QuickDraw | Val  Loss: 2.1106 | Val  Acc: 0.3095
 Site-QuickDraw | Val  Loss: 2.1957 | Val  Acc: 0.3333
 Site-Real      | Val  Loss: 1.7907 | Val  Acc: 0.5714
 Site-Real      | Val  Loss: 1.9051 | Val  Acc: 0.5000
 Site-Sketch    | Val  Loss: 1.8525 | Val  Acc: 0.5000
 Site-Sketch    | Val  Loss: 1.9251 | Val  Acc: 0.5000
Average Valid Accuracy: 0.4786
 Best site-Clipart    | Epoch:0 | Val Acc: 0.5476
 Best site-Clipart    | Epoch:0 | Val Acc: 0.5000
 Best site-Painting   | Epoch:0 | Val Acc: 0.5238
 Best site-Painting   | Epoch:0 | Val Acc: 0.5000
 Best site-QuickDraw  | Epoch:0 | Val Acc: 0.3095
 Best site-QuickDraw  | Epoch:0 | Val Acc: 0.3333
 Best site-Real       | Epoch:0 | Val Acc: 0.5714
 Best site-Real       | Epoch:0 | Val Acc: 0.5000
 Best site-Sketch     | Epoch:0 | Val Acc: 0.5000
 Best site-Sketch     | Epoch:0 | Val Acc: 0.5000
 Saving the local and server checkpoint to ../checkpoint/fed_domainnet_even-sqrt/CoCoOP_Infograph...
============ Train epoch 5 ============
============ Train epoch 6 ============
============ Train epoch 7 ============
============ Train epoch 8 ============
============ Train epoch 9 ============
 Site-Clipart   | Train Loss: 1.5549 | Train Acc: 0.6190
 Site-Clipart   | Train Loss: 1.5503 | Train Acc: 0.6190
 Site-Painting  | Train Loss: 1.3292 | Train Acc: 0.7937
 Site-Painting  | Train Loss: 1.3293 | Train Acc: 0.7302
 Site-QuickDraw | Train Loss: 2.0633 | Train Acc: 0.3175
 Site-QuickDraw | Train Loss: 1.9044 | Train Acc: 0.5397
 Site-Real      | Train Loss: 1.2157 | Train Acc: 0.8413
 Site-Real      | Train Loss: 1.2703 | Train Acc: 0.8730
 Site-Sketch    | Train Loss: 1.3416 | Train Acc: 0.7460
 Site-Sketch    | Train Loss: 1.4618 | Train Acc: 0.6984
 Site-Clipart   | Val  Loss: 1.5271 | Val  Acc: 0.7143
 Site-Clipart   | Val  Loss: 1.5685 | Val  Acc: 0.6429
 Site-Painting  | Val  Loss: 1.1820 | Val  Acc: 0.8095
 Site-Painting  | Val  Loss: 1.5852 | Val  Acc: 0.6429
 Site-QuickDraw | Val  Loss: 1.9125 | Val  Acc: 0.4524
 Site-QuickDraw | Val  Loss: 2.0169 | Val  Acc: 0.4048
 Site-Real      | Val  Loss: 1.2192 | Val  Acc: 0.8333
 Site-Real      | Val  Loss: 1.3332 | Val  Acc: 0.7619
 Site-Sketch    | Val  Loss: 1.4771 | Val  Acc: 0.7381
 Site-Sketch    | Val  Loss: 1.5766 | Val  Acc: 0.6667
Average Valid Accuracy: 0.6667
 Best site-Clipart    | Epoch:1 | Val Acc: 0.7143
 Best site-Clipart    | Epoch:1 | Val Acc: 0.6429
 Best site-Painting   | Epoch:1 | Val Acc: 0.8095
 Best site-Painting   | Epoch:1 | Val Acc: 0.6429
 Best site-QuickDraw  | Epoch:1 | Val Acc: 0.4524
 Best site-QuickDraw  | Epoch:1 | Val Acc: 0.4048
 Best site-Real       | Epoch:1 | Val Acc: 0.8333
 Best site-Real       | Epoch:1 | Val Acc: 0.7619
 Best site-Sketch     | Epoch:1 | Val Acc: 0.7381
 Best site-Sketch     | Epoch:1 | Val Acc: 0.6667
 Saving the local and server checkpoint to ../checkpoint/fed_domainnet_even-sqrt/CoCoOP_Infograph...
============ Train epoch 10 ============
============ Train epoch 11 ============
============ Train epoch 12 ============
============ Train epoch 13 ============
============ Train epoch 14 ============
 Site-Clipart   | Train Loss: 1.2067 | Train Acc: 0.7460
 Site-Clipart   | Train Loss: 1.1532 | Train Acc: 0.7778
 Site-Painting  | Train Loss: 0.9788 | Train Acc: 0.7937
 Site-Painting  | Train Loss: 1.0366 | Train Acc: 0.7302
 Site-QuickDraw | Train Loss: 1.9718 | Train Acc: 0.3968
 Site-QuickDraw | Train Loss: 1.8355 | Train Acc: 0.5238
 Site-Real      | Train Loss: 0.8546 | Train Acc: 0.8571
 Site-Real      | Train Loss: 0.8387 | Train Acc: 0.9206
 Site-Sketch    | Train Loss: 1.0017 | Train Acc: 0.8254
 Site-Sketch    | Train Loss: 1.1651 | Train Acc: 0.7460
 Site-Clipart   | Val  Loss: 1.1824 | Val  Acc: 0.7619
 Site-Clipart   | Val  Loss: 1.1481 | Val  Acc: 0.7619
 Site-Painting  | Val  Loss: 0.8988 | Val  Acc: 0.8095
 Site-Painting  | Val  Loss: 1.0966 | Val  Acc: 0.7619
 Site-QuickDraw | Val  Loss: 1.6443 | Val  Acc: 0.5952
 Site-QuickDraw | Val  Loss: 1.9359 | Val  Acc: 0.4048
 Site-Real      | Val  Loss: 0.7652 | Val  Acc: 0.9048
 Site-Real      | Val  Loss: 0.8937 | Val  Acc: 0.9286
 Site-Sketch    | Val  Loss: 1.1222 | Val  Acc: 0.7857
 Site-Sketch    | Val  Loss: 1.1434 | Val  Acc: 0.8095
Average Valid Accuracy: 0.7524
 Best site-Clipart    | Epoch:2 | Val Acc: 0.7619
 Best site-Clipart    | Epoch:2 | Val Acc: 0.7619
 Best site-Painting   | Epoch:2 | Val Acc: 0.8095
 Best site-Painting   | Epoch:2 | Val Acc: 0.7619
 Best site-QuickDraw  | Epoch:2 | Val Acc: 0.5952
 Best site-QuickDraw  | Epoch:2 | Val Acc: 0.4048
 Best site-Real       | Epoch:2 | Val Acc: 0.9048
 Best site-Real       | Epoch:2 | Val Acc: 0.9286
 Best site-Sketch     | Epoch:2 | Val Acc: 0.7857
 Best site-Sketch     | Epoch:2 | Val Acc: 0.8095
 Saving the local and server checkpoint to ../checkpoint/fed_domainnet_even-sqrt/CoCoOP_Infograph...
============ Train epoch 15 ============
============ Train epoch 16 ============
============ Train epoch 17 ============
============ Train epoch 18 ============
============ Train epoch 19 ============
 Site-Clipart   | Train Loss: 0.9951 | Train Acc: 0.7460
 Site-Clipart   | Train Loss: 1.0505 | Train Acc: 0.8095
 Site-Painting  | Train Loss: 0.7591 | Train Acc: 0.8889
 Site-Painting  | Train Loss: 0.7781 | Train Acc: 0.7937
 Site-QuickDraw | Train Loss: 1.8330 | Train Acc: 0.3333
 Site-QuickDraw | Train Loss: 1.5640 | Train Acc: 0.5556
 Site-Real      | Train Loss: 0.5763 | Train Acc: 0.9206
 Site-Real      | Train Loss: 0.5811 | Train Acc: 0.9524
 Site-Sketch    | Train Loss: 0.8542 | Train Acc: 0.8254
 Site-Sketch    | Train Loss: 0.9668 | Train Acc: 0.8095
 Site-Clipart   | Val  Loss: 0.9839 | Val  Acc: 0.8095
 Site-Clipart   | Val  Loss: 0.9694 | Val  Acc: 0.8095
 Site-Painting  | Val  Loss: 0.6571 | Val  Acc: 0.8810
 Site-Painting  | Val  Loss: 0.9108 | Val  Acc: 0.8095
 Site-QuickDraw | Val  Loss: 1.4560 | Val  Acc: 0.5476
 Site-QuickDraw | Val  Loss: 1.7283 | Val  Acc: 0.3810
 Site-Real      | Val  Loss: 0.4946 | Val  Acc: 0.9524
 Site-Real      | Val  Loss: 0.6093 | Val  Acc: 0.9286
 Site-Sketch    | Val  Loss: 0.9278 | Val  Acc: 0.8333
 Site-Sketch    | Val  Loss: 0.9797 | Val  Acc: 0.7619
Average Valid Accuracy: 0.7714
 Best site-Clipart    | Epoch:3 | Val Acc: 0.8095
 Best site-Clipart    | Epoch:3 | Val Acc: 0.8095
 Best site-Painting   | Epoch:3 | Val Acc: 0.8810
 Best site-Painting   | Epoch:3 | Val Acc: 0.8095
 Best site-QuickDraw  | Epoch:3 | Val Acc: 0.5476
 Best site-QuickDraw  | Epoch:3 | Val Acc: 0.3810
 Best site-Real       | Epoch:3 | Val Acc: 0.9524
 Best site-Real       | Epoch:3 | Val Acc: 0.9286
 Best site-Sketch     | Epoch:3 | Val Acc: 0.8333
 Best site-Sketch     | Epoch:3 | Val Acc: 0.7619
 Saving the local and server checkpoint to ../checkpoint/fed_domainnet_even-sqrt/CoCoOP_Infograph...
============ Train epoch 20 ============
============ Train epoch 21 ============
============ Train epoch 22 ============
============ Train epoch 23 ============
============ Train epoch 24 ============
 Site-Clipart   | Train Loss: 0.7468 | Train Acc: 0.9048
 Site-Clipart   | Train Loss: 0.7527 | Train Acc: 0.8254
 Site-Painting  | Train Loss: 0.5241 | Train Acc: 0.9048
 Site-Painting  | Train Loss: 0.6056 | Train Acc: 0.8571
 Site-QuickDraw | Train Loss: 1.5901 | Train Acc: 0.5714
 Site-QuickDraw | Train Loss: 1.4932 | Train Acc: 0.5238
 Site-Real      | Train Loss: 0.3821 | Train Acc: 0.9841
 Site-Real      | Train Loss: 0.3736 | Train Acc: 0.9683
 Site-Sketch    | Train Loss: 0.6692 | Train Acc: 0.8730
 Site-Sketch    | Train Loss: 0.6905 | Train Acc: 0.8730
 Site-Clipart   | Val  Loss: 0.7274 | Val  Acc: 0.9048
 Site-Clipart   | Val  Loss: 0.7774 | Val  Acc: 0.8333
 Site-Painting  | Val  Loss: 0.4882 | Val  Acc: 0.9524
 Site-Painting  | Val  Loss: 0.7011 | Val  Acc: 0.8095
 Site-QuickDraw | Val  Loss: 1.2998 | Val  Acc: 0.6429
 Site-QuickDraw | Val  Loss: 1.6264 | Val  Acc: 0.4762
 Site-Real      | Val  Loss: 0.3179 | Val  Acc: 0.9762
 Site-Real      | Val  Loss: 0.3866 | Val  Acc: 1.0000
 Site-Sketch    | Val  Loss: 0.6448 | Val  Acc: 0.9286
 Site-Sketch    | Val  Loss: 0.6882 | Val  Acc: 0.9048
Average Valid Accuracy: 0.8429
 Best site-Clipart    | Epoch:4 | Val Acc: 0.9048
 Best site-Clipart    | Epoch:4 | Val Acc: 0.8333
 Best site-Painting   | Epoch:4 | Val Acc: 0.9524
 Best site-Painting   | Epoch:4 | Val Acc: 0.8095
 Best site-QuickDraw  | Epoch:4 | Val Acc: 0.6429
 Best site-QuickDraw  | Epoch:4 | Val Acc: 0.4762
 Best site-Real       | Epoch:4 | Val Acc: 0.9762
 Best site-Real       | Epoch:4 | Val Acc: 1.0000
 Best site-Sketch     | Epoch:4 | Val Acc: 0.9286
 Best site-Sketch     | Epoch:4 | Val Acc: 0.9048
 Saving the local and server checkpoint to ../checkpoint/fed_domainnet_even-sqrt/CoCoOP_Infograph...
============ Train epoch 25 ============
============ Train epoch 26 ============
============ Train epoch 27 ============
============ Train epoch 28 ============
============ Train epoch 29 ============
 Site-Clipart   | Train Loss: 0.6087 | Train Acc: 0.8730
 Site-Clipart   | Train Loss: 0.6087 | Train Acc: 0.9048
 Site-Painting  | Train Loss: 0.5687 | Train Acc: 0.8889
 Site-Painting  | Train Loss: 0.4639 | Train Acc: 0.8571
 Site-QuickDraw | Train Loss: 1.5862 | Train Acc: 0.5556
 Site-QuickDraw | Train Loss: 1.3359 | Train Acc: 0.6190
 Site-Real      | Train Loss: 0.3188 | Train Acc: 0.9524
 Site-Real      | Train Loss: 0.2902 | Train Acc: 0.9683
 Site-Sketch    | Train Loss: 0.4796 | Train Acc: 0.8889
 Site-Sketch    | Train Loss: 0.5646 | Train Acc: 0.8889
 Site-Clipart   | Val  Loss: 0.6035 | Val  Acc: 0.8810
 Site-Clipart   | Val  Loss: 0.6116 | Val  Acc: 0.9048
 Site-Painting  | Val  Loss: 0.4148 | Val  Acc: 0.9048
 Site-Painting  | Val  Loss: 0.5744 | Val  Acc: 0.8571
 Site-QuickDraw | Val  Loss: 1.1502 | Val  Acc: 0.7381
 Site-QuickDraw | Val  Loss: 1.6223 | Val  Acc: 0.4524
 Site-Real      | Val  Loss: 0.2334 | Val  Acc: 0.9762
 Site-Real      | Val  Loss: 0.2915 | Val  Acc: 0.9524
 Site-Sketch    | Val  Loss: 0.5472 | Val  Acc: 0.9048
 Site-Sketch    | Val  Loss: 0.7358 | Val  Acc: 0.9048
Average Valid Accuracy: 0.8476
 Best site-Clipart    | Epoch:5 | Val Acc: 0.8810
 Best site-Clipart    | Epoch:5 | Val Acc: 0.9048
 Best site-Painting   | Epoch:5 | Val Acc: 0.9048
 Best site-Painting   | Epoch:5 | Val Acc: 0.8571
 Best site-QuickDraw  | Epoch:5 | Val Acc: 0.7381
 Best site-QuickDraw  | Epoch:5 | Val Acc: 0.4524
 Best site-Real       | Epoch:5 | Val Acc: 0.9762
 Best site-Real       | Epoch:5 | Val Acc: 0.9524
 Best site-Sketch     | Epoch:5 | Val Acc: 0.9048
 Best site-Sketch     | Epoch:5 | Val Acc: 0.9048
 Saving the local and server checkpoint to ../checkpoint/fed_domainnet_even-sqrt/CoCoOP_Infograph...
============ Train epoch 30 ============
============ Train epoch 31 ============
============ Train epoch 32 ============
============ Train epoch 33 ============
============ Train epoch 34 ============
 Site-Clipart   | Train Loss: 0.4308 | Train Acc: 0.9365
 Site-Clipart   | Train Loss: 0.5084 | Train Acc: 0.9524
 Site-Painting  | Train Loss: 0.3751 | Train Acc: 0.9206
 Site-Painting  | Train Loss: 0.3961 | Train Acc: 0.9683
 Site-QuickDraw | Train Loss: 1.4568 | Train Acc: 0.5397
 Site-QuickDraw | Train Loss: 1.0979 | Train Acc: 0.7143
 Site-Real      | Train Loss: 0.2414 | Train Acc: 0.9841
 Site-Real      | Train Loss: 0.1779 | Train Acc: 1.0000
 Site-Sketch    | Train Loss: 0.4876 | Train Acc: 0.8889
 Site-Sketch    | Train Loss: 0.4402 | Train Acc: 0.9365
 Site-Clipart   | Val  Loss: 0.4993 | Val  Acc: 0.9286
 Site-Clipart   | Val  Loss: 0.5510 | Val  Acc: 0.8810
 Site-Painting  | Val  Loss: 0.2762 | Val  Acc: 0.9524
 Site-Painting  | Val  Loss: 0.4205 | Val  Acc: 0.9286
 Site-QuickDraw | Val  Loss: 1.0046 | Val  Acc: 0.6905
 Site-QuickDraw | Val  Loss: 1.3987 | Val  Acc: 0.5476
 Site-Real      | Val  Loss: 0.1543 | Val  Acc: 1.0000
 Site-Real      | Val  Loss: 0.2707 | Val  Acc: 0.9524
 Site-Sketch    | Val  Loss: 0.4075 | Val  Acc: 0.9524
 Site-Sketch    | Val  Loss: 0.5842 | Val  Acc: 0.9286
Average Valid Accuracy: 0.8762
 Best site-Clipart    | Epoch:6 | Val Acc: 0.9286
 Best site-Clipart    | Epoch:6 | Val Acc: 0.8810
 Best site-Painting   | Epoch:6 | Val Acc: 0.9524
 Best site-Painting   | Epoch:6 | Val Acc: 0.9286
 Best site-QuickDraw  | Epoch:6 | Val Acc: 0.6905
 Best site-QuickDraw  | Epoch:6 | Val Acc: 0.5476
 Best site-Real       | Epoch:6 | Val Acc: 1.0000
 Best site-Real       | Epoch:6 | Val Acc: 0.9524
 Best site-Sketch     | Epoch:6 | Val Acc: 0.9524
 Best site-Sketch     | Epoch:6 | Val Acc: 0.9286
 Saving the local and server checkpoint to ../checkpoint/fed_domainnet_even-sqrt/CoCoOP_Infograph...
============ Train epoch 35 ============
============ Train epoch 36 ============
============ Train epoch 37 ============
============ Train epoch 38 ============
============ Train epoch 39 ============
 Site-Clipart   | Train Loss: 0.3939 | Train Acc: 0.8889
 Site-Clipart   | Train Loss: 0.4331 | Train Acc: 0.9365
 Site-Painting  | Train Loss: 0.3457 | Train Acc: 0.9524
 Site-Painting  | Train Loss: 0.2892 | Train Acc: 0.9524
 Site-QuickDraw | Train Loss: 1.3254 | Train Acc: 0.5873
 Site-QuickDraw | Train Loss: 1.2901 | Train Acc: 0.6032
 Site-Real      | Train Loss: 0.2487 | Train Acc: 0.9683
 Site-Real      | Train Loss: 0.1630 | Train Acc: 0.9683
 Site-Sketch    | Train Loss: 0.4150 | Train Acc: 0.9365
 Site-Sketch    | Train Loss: 0.4147 | Train Acc: 0.8730
 Site-Clipart   | Val  Loss: 0.4264 | Val  Acc: 0.9048
 Site-Clipart   | Val  Loss: 0.3976 | Val  Acc: 0.9048
 Site-Painting  | Val  Loss: 0.2008 | Val  Acc: 1.0000
 Site-Painting  | Val  Loss: 0.3582 | Val  Acc: 0.9524
 Site-QuickDraw | Val  Loss: 1.0407 | Val  Acc: 0.6667
 Site-QuickDraw | Val  Loss: 1.4657 | Val  Acc: 0.5476
 Site-Real      | Val  Loss: 0.1425 | Val  Acc: 0.9762
 Site-Real      | Val  Loss: 0.1902 | Val  Acc: 0.9762
 Site-Sketch    | Val  Loss: 0.3714 | Val  Acc: 0.9286
 Site-Sketch    | Val  Loss: 0.4538 | Val  Acc: 0.8810
Average Valid Accuracy: 0.8738
============ Train epoch 40 ============
============ Train epoch 41 ============
============ Train epoch 42 ============
============ Train epoch 43 ============
============ Train epoch 44 ============
 Site-Clipart   | Train Loss: 0.3168 | Train Acc: 0.9683
 Site-Clipart   | Train Loss: 0.3592 | Train Acc: 0.9365
 Site-Painting  | Train Loss: 0.2501 | Train Acc: 0.9683
 Site-Painting  | Train Loss: 0.2455 | Train Acc: 0.9683
 Site-QuickDraw | Train Loss: 1.3779 | Train Acc: 0.5397
 Site-QuickDraw | Train Loss: 1.0880 | Train Acc: 0.6349
 Site-Real      | Train Loss: 0.1629 | Train Acc: 0.9524
 Site-Real      | Train Loss: 0.0916 | Train Acc: 1.0000
 Site-Sketch    | Train Loss: 0.3581 | Train Acc: 0.8889
 Site-Sketch    | Train Loss: 0.2869 | Train Acc: 0.9841
 Site-Clipart   | Val  Loss: 0.3376 | Val  Acc: 0.9762
 Site-Clipart   | Val  Loss: 0.4155 | Val  Acc: 0.9286
 Site-Painting  | Val  Loss: 0.1588 | Val  Acc: 0.9762
 Site-Painting  | Val  Loss: 0.3110 | Val  Acc: 0.9762
 Site-QuickDraw | Val  Loss: 0.8942 | Val  Acc: 0.7857
 Site-QuickDraw | Val  Loss: 1.3497 | Val  Acc: 0.5238
 Site-Real      | Val  Loss: 0.0900 | Val  Acc: 1.0000
 Site-Real      | Val  Loss: 0.1478 | Val  Acc: 0.9762
 Site-Sketch    | Val  Loss: 0.2591 | Val  Acc: 0.9762
 Site-Sketch    | Val  Loss: 0.4250 | Val  Acc: 0.9048
Average Valid Accuracy: 0.9024
 Best site-Clipart    | Epoch:8 | Val Acc: 0.9762
 Best site-Clipart    | Epoch:8 | Val Acc: 0.9286
 Best site-Painting   | Epoch:8 | Val Acc: 0.9762
 Best site-Painting   | Epoch:8 | Val Acc: 0.9762
 Best site-QuickDraw  | Epoch:8 | Val Acc: 0.7857
 Best site-QuickDraw  | Epoch:8 | Val Acc: 0.5238
 Best site-Real       | Epoch:8 | Val Acc: 1.0000
 Best site-Real       | Epoch:8 | Val Acc: 0.9762
 Best site-Sketch     | Epoch:8 | Val Acc: 0.9762
 Best site-Sketch     | Epoch:8 | Val Acc: 0.9048
 Saving the local and server checkpoint to ../checkpoint/fed_domainnet_even-sqrt/CoCoOP_Infograph...
============ Train epoch 45 ============
============ Train epoch 46 ============
============ Train epoch 47 ============
============ Train epoch 48 ============
============ Train epoch 49 ============
 Site-Clipart   | Train Loss: 0.3064 | Train Acc: 0.9365
 Site-Clipart   | Train Loss: 0.2855 | Train Acc: 0.9683
 Site-Painting  | Train Loss: 0.2960 | Train Acc: 0.9365
 Site-Painting  | Train Loss: 0.2057 | Train Acc: 0.9524
 Site-QuickDraw | Train Loss: 1.3142 | Train Acc: 0.6032
 Site-QuickDraw | Train Loss: 1.0039 | Train Acc: 0.7302
 Site-Real      | Train Loss: 0.1620 | Train Acc: 0.9683
 Site-Real      | Train Loss: 0.1302 | Train Acc: 0.9841
 Site-Sketch    | Train Loss: 0.2401 | Train Acc: 0.9683
 Site-Sketch    | Train Loss: 0.3259 | Train Acc: 0.9365
 Site-Clipart   | Val  Loss: 0.3207 | Val  Acc: 0.9524
 Site-Clipart   | Val  Loss: 0.3254 | Val  Acc: 0.9286
 Site-Painting  | Val  Loss: 0.1558 | Val  Acc: 1.0000
 Site-Painting  | Val  Loss: 0.2217 | Val  Acc: 0.9524
 Site-QuickDraw | Val  Loss: 0.8768 | Val  Acc: 0.7619
 Site-QuickDraw | Val  Loss: 1.3554 | Val  Acc: 0.5476
 Site-Real      | Val  Loss: 0.0997 | Val  Acc: 1.0000
 Site-Real      | Val  Loss: 0.2048 | Val  Acc: 0.9524
 Site-Sketch    | Val  Loss: 0.2842 | Val  Acc: 0.9524
 Site-Sketch    | Val  Loss: 0.4025 | Val  Acc: 0.8810
Average Valid Accuracy: 0.8929
===2023-03-26 23:16:44===
===2023-03-26 23:16:45===
===Setting===
    dataset: domainnet
    lr: 0.01
    batch: 8
    iters: 10
    wk_iters: 5
domain number = 3
Loading snapshots...
Test Accuracy of Infograph: 0.4475
Average Test Accuracy: 0.4475
