===2023-08-17 02:20:56===
===Setting===
    dataset: domainnet
    lr: 0.01
    batch: 32
    iters: 50
    wk_iters: 1
    domain_num: 7
data_number=[315,945,315,945,315,945,315,945,315,945,315,945,
client_nums=[2,2,2,2,2,2,]
len_dataset=[2103,2103,2103,2103,2103,2103,]
domain number = 7
Loading snapshots...
 Test site-Clipart-0                 (3)| Epoch:49 | Test Acc: 0.8473
 Test site-Clipart-1                 (3)| Epoch:49 | Test Acc: 0.8858
 Test site-Real-0                    (5)| Epoch:49 | Test Acc: 0.9145
 Test site-Real-1                    (5)| Epoch:49 | Test Acc: 0.9507
 Test site-Painting-0                (0)| Epoch:49 | Test Acc: 0.9156
 Test site-Painting-1                (0)| Epoch:49 | Test Acc: 0.9246
 Test site-Sketch-0                  (4)| Epoch:49 | Test Acc: 0.9130
 Test site-Sketch-1                  (4)| Epoch:49 | Test Acc: 0.8747
 Test site-QuickDraw-0               (1)| Epoch:49 | Test Acc: 0.7840
 Test site-QuickDraw-1               (1)| Epoch:49 | Test Acc: 0.7667
 Test site-Infograph-0               (2)| Epoch:49 | Test Acc: 0.5183
 Test site-Infograph-1               (6)| Epoch:49 | Test Acc: 0.6301
Clipart-0: 0.8473, Clipart-1: 0.8858, Real-0: 0.9145, Real-1: 0.9507, Painting-0: 0.9156, Painting-1: 0.9246, Sketch-0: 0.9130, Sketch-1: 0.8747, QuickDraw-0: 0.7840, QuickDraw-1: 0.7667, Infograph-0: 0.5183, Infograph-1: 0.6301, 
Average Test Accuracy(group): 0.8271, Average Test Accuracy(individual): 0.8271,
domain std=0.1270, cluster std=0.1481, individual std=0.1270, 
