===2023-03-15 14:42:56===
===Setting===
    lr: 0.01
    batch: 16
    iters: 5
    wk_iters: 10
============ Train epoch 0 ============
============ Train epoch 1 ============
============ Train epoch 2 ============
============ Train epoch 3 ============
============ Train epoch 4 ============
============ Train epoch 5 ============
============ Train epoch 6 ============
============ Train epoch 7 ============
============ Train epoch 8 ============
============ Train epoch 9 ============
 MNIST      | Train Loss: 0.5966 | Train Acc: 0.8876
 SVHN       | Train Loss: 1.7243 | Train Acc: 0.4067
 USPS       | Train Loss: 0.6929 | Train Acc: 0.8270
 SynthDigits| Train Loss: 1.3200 | Train Acc: 0.5775
 MNIST-M    | Train Loss: 1.7651 | Train Acc: 0.4000
 MNIST      | Valid  Loss: 0.7574 | Valid  Acc: 0.7912
 SVHN       | Valid  Loss: 1.9679 | Valid  Acc: 0.3030
 USPS       | Valid  Loss: 0.7570 | Valid  Acc: 0.8013
 SynthDigits| Valid  Loss: 1.4176 | Valid  Acc: 0.4949
 MNIST-M    | Valid  Loss: 1.7197 | Valid  Acc: 0.4276
 Saving checkpoints to ../checkpoint/digits/federated_digits/DoPrompt_lsim=False...
============ Train epoch 10 ============
============ Train epoch 11 ============
============ Train epoch 12 ============
============ Train epoch 13 ============
============ Train epoch 14 ============
============ Train epoch 15 ============
============ Train epoch 16 ============
============ Train epoch 17 ============
============ Train epoch 18 ============
============ Train epoch 19 ============
 MNIST      | Train Loss: 0.1509 | Train Acc: 0.9461
 SVHN       | Train Loss: 1.4449 | Train Acc: 0.4809
 USPS       | Train Loss: 0.2847 | Train Acc: 0.8966
 SynthDigits| Train Loss: 0.8276 | Train Acc: 0.6854
 MNIST-M    | Train Loss: 1.2452 | Train Acc: 0.5955
 MNIST      | Valid  Loss: 0.4031 | Valid  Acc: 0.8687
 SVHN       | Valid  Loss: 1.9669 | Valid  Acc: 0.3401
 USPS       | Valid  Loss: 0.4016 | Valid  Acc: 0.8384
 SynthDigits| Valid  Loss: 1.1282 | Valid  Acc: 0.5993
 MNIST-M    | Valid  Loss: 1.2601 | Valid  Acc: 0.6061
 Saving checkpoints to ../checkpoint/digits/federated_digits/DoPrompt_lsim=False...
============ Train epoch 20 ============
============ Train epoch 21 ============
============ Train epoch 22 ============
============ Train epoch 23 ============
============ Train epoch 24 ============
============ Train epoch 25 ============
============ Train epoch 26 ============
============ Train epoch 27 ============
============ Train epoch 28 ============
============ Train epoch 29 ============
 MNIST      | Train Loss: 0.0738 | Train Acc: 0.9775
 SVHN       | Train Loss: 1.2195 | Train Acc: 0.5438
 USPS       | Train Loss: 0.1822 | Train Acc: 0.9438
 SynthDigits| Train Loss: 0.7111 | Train Acc: 0.7371
 MNIST-M    | Train Loss: 0.8921 | Train Acc: 0.7146
 MNIST      | Valid  Loss: 0.3471 | Valid  Acc: 0.8923
 SVHN       | Valid  Loss: 2.0406 | Valid  Acc: 0.3468
 USPS       | Valid  Loss: 0.2934 | Valid  Acc: 0.9091
 SynthDigits| Valid  Loss: 1.2417 | Valid  Acc: 0.6128
 MNIST-M    | Valid  Loss: 0.9331 | Valid  Acc: 0.7205
 Saving checkpoints to ../checkpoint/digits/federated_digits/DoPrompt_lsim=False...
============ Train epoch 30 ============
============ Train epoch 31 ============
============ Train epoch 32 ============
============ Train epoch 33 ============
============ Train epoch 34 ============
============ Train epoch 35 ============
============ Train epoch 36 ============
============ Train epoch 37 ============
============ Train epoch 38 ============
============ Train epoch 39 ============
 MNIST      | Train Loss: 0.0363 | Train Acc: 0.9888
 SVHN       | Train Loss: 1.1196 | Train Acc: 0.5730
 USPS       | Train Loss: 0.1716 | Train Acc: 0.9416
 SynthDigits| Train Loss: 0.5609 | Train Acc: 0.7865
 MNIST-M    | Train Loss: 0.5886 | Train Acc: 0.8157
 MNIST      | Valid  Loss: 0.3247 | Valid  Acc: 0.9158
 SVHN       | Valid  Loss: 2.1723 | Valid  Acc: 0.3300
 USPS       | Valid  Loss: 0.2965 | Valid  Acc: 0.9024
 SynthDigits| Valid  Loss: 1.2931 | Valid  Acc: 0.6195
 MNIST-M    | Valid  Loss: 0.6270 | Valid  Acc: 0.8013
 Saving checkpoints to ../checkpoint/digits/federated_digits/DoPrompt_lsim=False...
============ Train epoch 40 ============
============ Train epoch 41 ============
============ Train epoch 42 ============
============ Train epoch 43 ============
============ Train epoch 44 ============
===2023-03-15 16:13:35===
===Setting===
    lr: 0.01
    batch: 16
    iters: 10
    wk_iters: 5
