===2023-03-15 11:43:53===
===Setting===
    lr: 0.01
    batch: 16
    iters: 5
    wk_iters: 10
============ Train epoch 0 ============
============ Train epoch 1 ============
============ Train epoch 2 ============
============ Train epoch 3 ============
============ Train epoch 4 ============
============ Train epoch 5 ============
============ Train epoch 6 ============
============ Train epoch 7 ============
============ Train epoch 8 ============
============ Train epoch 9 ============
 MNIST      | Train Loss: 2.0839 | Train Acc: 0.4270
 SVHN       | Train Loss: 2.1968 | Train Acc: 0.2584
 USPS       | Train Loss: 2.1034 | Train Acc: 0.4337
 SynthDigits| Train Loss: 2.2422 | Train Acc: 0.2000
 MNIST-M    | Train Loss: 2.1372 | Train Acc: 0.3416
 MNIST      | Valid  Loss: 2.1118 | Valid  Acc: 0.3569
 SVHN       | Valid  Loss: 2.2580 | Valid  Acc: 0.1987
 USPS       | Valid  Loss: 2.1402 | Valid  Acc: 0.4108
 SynthDigits| Valid  Loss: 2.2155 | Valid  Acc: 0.2391
 MNIST-M    | Valid  Loss: 2.1315 | Valid  Acc: 0.3502
 Saving checkpoints to ../checkpoint/digits/federated_digits/DoPrompt_lsim=True...
============ Train epoch 10 ============
===2023-03-15 12:07:48===
===Setting===
    lr: 0.01
    batch: 16
    iters: 2
    wk_iters: 1
============ Train epoch 0 ============
===2023-03-15 12:08:32===
===Setting===
    lr: 0.01
    batch: 16
    iters: 2
    wk_iters: 1
============ Train epoch 0 ============
 MNIST      | Train Loss: 2.1757 | Train Acc: 0.2629
 SVHN       | Train Loss: 2.2018 | Train Acc: 0.2539
 USPS       | Train Loss: 2.2100 | Train Acc: 0.2472
 SynthDigits| Train Loss: 2.3081 | Train Acc: 0.1416
 MNIST-M    | Train Loss: 2.2610 | Train Acc: 0.2045
 MNIST      | Valid  Loss: 2.1943 | Valid  Acc: 0.2492
 SVHN       | Valid  Loss: 2.2522 | Valid  Acc: 0.2020
 USPS       | Valid  Loss: 2.2437 | Valid  Acc: 0.2155
 SynthDigits| Valid  Loss: 2.2611 | Valid  Acc: 0.1886
 MNIST-M    | Valid  Loss: 2.2539 | Valid  Acc: 0.2088
 Saving checkpoints to ../checkpoint/digits/federated_digits/DoPrompt_lsim=True...
============ Train epoch 1 ============
===2023-03-15 12:11:52===
===Setting===
    lr: 0.01
    batch: 16
    iters: 2
    wk_iters: 1
============ Train epoch 0 ============
 MNIST      | Train Loss: 1.6505 | Train Acc: 0.5303
 SVHN       | Train Loss: 2.1267 | Train Acc: 0.2787
 USPS       | Train Loss: 1.5864 | Train Acc: 0.6427
 SynthDigits| Train Loss: 2.0704 | Train Acc: 0.2944
 MNIST-M    | Train Loss: 2.1238 | Train Acc: 0.2494
 MNIST      | Valid  Loss: 1.7350 | Valid  Acc: 0.4545
 SVHN       | Valid  Loss: 2.1951 | Valid  Acc: 0.2054
 USPS       | Valid  Loss: 1.6269 | Valid  Acc: 0.6364
 SynthDigits| Valid  Loss: 2.0634 | Valid  Acc: 0.2694
 MNIST-M    | Valid  Loss: 2.0946 | Valid  Acc: 0.2626
 Saving checkpoints to ../checkpoint/digits/federated_digits/DoPrompt_lsim=True...
============ Train epoch 1 ============
 MNIST      | Train Loss: 1.2410 | Train Acc: 0.6629
 SVHN       | Train Loss: 2.0487 | Train Acc: 0.2944
 USPS       | Train Loss: 1.1508 | Train Acc: 0.7663
 SynthDigits| Train Loss: 1.8415 | Train Acc: 0.3888
 MNIST-M    | Train Loss: 1.9717 | Train Acc: 0.3236
 MNIST      | Valid  Loss: 1.3566 | Valid  Acc: 0.5825
 SVHN       | Valid  Loss: 2.1277 | Valid  Acc: 0.2357
 USPS       | Valid  Loss: 1.1909 | Valid  Acc: 0.7407
 SynthDigits| Valid  Loss: 1.8492 | Valid  Acc: 0.3603
 MNIST-M    | Valid  Loss: 1.9373 | Valid  Acc: 0.3434
 Saving checkpoints to ../checkpoint/digits/federated_digits/DoPrompt_lsim=True...

===2023-03-15 12:23:49===
===Setting===
    lr: 0.01
    batch: 16
    iters: 2
    wk_iters: 1
============ Train epoch 0 ============
 MNIST      | Train Loss: 1.6467 | Train Acc: 0.6360
 SVHN       | Train Loss: 2.1166 | Train Acc: 0.2854
 USPS       | Train Loss: 1.6447 | Train Acc: 0.6360
 SynthDigits| Train Loss: 2.0286 | Train Acc: 0.3393
 MNIST-M    | Train Loss: 2.1432 | Train Acc: 0.2112
 MNIST      | Valid  Loss: 1.7038 | Valid  Acc: 0.5455
 SVHN       | Valid  Loss: 2.1588 | Valid  Acc: 0.2189

===2023-03-15 12:28:42===
===Setting===
    lr: 0.01
    batch: 16
    iters: 5
    wk_iters: 10
============ Train epoch 0 ============
============ Train epoch 1 ============
============ Train epoch 2 ============
============ Train epoch 3 ============
============ Train epoch 4 ============
============ Train epoch 5 ============
============ Train epoch 6 ============
============ Train epoch 7 ============
============ Train epoch 8 ============
============ Train epoch 9 ============
 MNIST      | Train Loss: 0.5566 | Train Acc: 0.8876
 SVHN       | Train Loss: 1.7173 | Train Acc: 0.4112
 USPS       | Train Loss: 0.6496 | Train Acc: 0.8360
 SynthDigits| Train Loss: 1.3313 | Train Acc: 0.5146
 MNIST-M    | Train Loss: 1.7641 | Train Acc: 0.4225
 MNIST      | Valid  Loss: 0.7141 | Valid  Acc: 0.8114
 SVHN       | Valid  Loss: 1.9691 | Valid  Acc: 0.3098
 USPS       | Valid  Loss: 0.6861 | Valid  Acc: 0.8249
 SynthDigits| Valid  Loss: 1.4349 | Valid  Acc: 0.4781
 MNIST-M    | Valid  Loss: 1.7214 | Valid  Acc: 0.4444
 Saving checkpoints to ../checkpoint/digits/federated_digits/DoPrompt_lsim=True...
============ Train epoch 10 ============
============ Train epoch 11 ============
============ Train epoch 12 ============
============ Train epoch 13 ============
============ Train epoch 14 ============
============ Train epoch 15 ============
============ Train epoch 16 ============
============ Train epoch 17 ============
============ Train epoch 18 ============
============ Train epoch 19 ============
 MNIST      | Train Loss: 0.1627 | Train Acc: 0.9393
 SVHN       | Train Loss: 1.3526 | Train Acc: 0.5101
 USPS       | Train Loss: 0.2846 | Train Acc: 0.8966
 SynthDigits| Train Loss: 1.0312 | Train Acc: 0.6180
 MNIST-M    | Train Loss: 1.2107 | Train Acc: 0.5978
 MNIST      | Valid  Loss: 0.4162 | Valid  Acc: 0.8822
 SVHN       | Valid  Loss: 1.9110 | Valid  Acc: 0.3603
 USPS       | Valid  Loss: 0.4022 | Valid  Acc: 0.8620
 SynthDigits| Valid  Loss: 1.2833 | Valid  Acc: 0.5724
 MNIST-M    | Valid  Loss: 1.2340 | Valid  Acc: 0.6027
 Saving checkpoints to ../checkpoint/digits/federated_digits/DoPrompt_lsim=True...
============ Train epoch 20 ============
============ Train epoch 21 ============
============ Train epoch 22 ============
============ Train epoch 23 ============
============ Train epoch 24 ============
============ Train epoch 25 ============
============ Train epoch 26 ============
============ Train epoch 27 ============
============ Train epoch 28 ============
============ Train epoch 29 ============
 MNIST      | Train Loss: 0.0739 | Train Acc: 0.9730
 SVHN       | Train Loss: 1.2235 | Train Acc: 0.5663
 USPS       | Train Loss: 0.2021 | Train Acc: 0.9393
 SynthDigits| Train Loss: 0.7683 | Train Acc: 0.7303
 MNIST-M    | Train Loss: 0.8994 | Train Acc: 0.7213
 MNIST      | Valid  Loss: 0.3705 | Valid  Acc: 0.9091
 SVHN       | Valid  Loss: 1.9988 | Valid  Acc: 0.3535
 USPS       | Valid  Loss: 0.3367 | Valid  Acc: 0.9057
 SynthDigits| Valid  Loss: 1.2977 | Valid  Acc: 0.5993
 MNIST-M    | Valid  Loss: 0.9288 | Valid  Acc: 0.7037
 Saving checkpoints to ../checkpoint/digits/federated_digits/DoPrompt_lsim=True...
============ Train epoch 30 ============
============ Train epoch 31 ============
============ Train epoch 32 ============
============ Train epoch 33 ============
============ Train epoch 34 ============
============ Train epoch 35 ============
============ Train epoch 36 ============
============ Train epoch 37 ============
============ Train epoch 38 ============
============ Train epoch 39 ============
 MNIST      | Train Loss: 0.0450 | Train Acc: 0.9865
 SVHN       | Train Loss: 1.0332 | Train Acc: 0.6112
 USPS       | Train Loss: 0.1525 | Train Acc: 0.9506
 SynthDigits| Train Loss: 0.5740 | Train Acc: 0.7798
 MNIST-M    | Train Loss: 0.5440 | Train Acc: 0.8225
 MNIST      | Valid  Loss: 0.3754 | Valid  Acc: 0.9158
 SVHN       | Valid  Loss: 2.0653 | Valid  Acc: 0.3636
 USPS       | Valid  Loss: 0.2834 | Valid  Acc: 0.9259
 SynthDigits| Valid  Loss: 1.3156 | Valid  Acc: 0.6296
 MNIST-M    | Valid  Loss: 0.5576 | Valid  Acc: 0.8114
 Saving checkpoints to ../checkpoint/digits/federated_digits/DoPrompt_lsim=True...
============ Train epoch 40 ============
============ Train epoch 41 ============
============ Train epoch 42 ============
============ Train epoch 43 ============
============ Train epoch 44 ============
============ Train epoch 45 ============
============ Train epoch 46 ============
============ Train epoch 47 ============
============ Train epoch 48 ============
===2023-03-15 14:19:51===
===Setting===
    lr: 0.01
    batch: 16
    iters: 5
    wk_iters: 10
============ Train epoch 40 ============
============ Train epoch 41 ============
============ Train epoch 42 ============
============ Train epoch 43 ============
============ Train epoch 44 ============
============ Train epoch 45 ============
============ Train epoch 46 ============
============ Train epoch 47 ============
============ Train epoch 48 ============
============ Train epoch 49 ============
 MNIST      | Train Loss: 0.0218 | Train Acc: 0.9955
 SVHN       | Train Loss: 0.8665 | Train Acc: 0.6764
 USPS       | Train Loss: 0.1035 | Train Acc: 0.9663
 SynthDigits| Train Loss: 0.4375 | Train Acc: 0.8315
 MNIST-M    | Train Loss: 0.3672 | Train Acc: 0.8674
 MNIST      | Valid  Loss: 0.4485 | Valid  Acc: 0.9057
 SVHN       | Valid  Loss: 2.3959 | Valid  Acc: 0.3636
 USPS       | Valid  Loss: 0.2837 | Valid  Acc: 0.9259
 SynthDigits| Valid  Loss: 1.4604 | Valid  Acc: 0.6431
 MNIST-M    | Valid  Loss: 0.3885 | Valid  Acc: 0.8519
 Saving checkpoints to ../checkpoint/digits/federated_digits/DoPrompt_lsim=True...
===2023-03-15 16:13:32===
===Setting===
    lr: 0.01
    batch: 16
    iters: 10
    wk_iters: 5
===2023-03-15 21:34:08===
===Setting===
    lr: 0.01
    batch: 16
    iters: 5
    wk_iters: 10
============ Train epoch 0 ============
============ Train epoch 1 ============
============ Train epoch 2 ============
============ Train epoch 3 ============
============ Train epoch 4 ============
============ Train epoch 5 ============
============ Train epoch 6 ============
============ Train epoch 7 ============
============ Train epoch 8 ============
============ Train epoch 9 ============
 MNIST      | Train Loss: 0.5802 | Train Acc: 0.8809
 SVHN       | Train Loss: 1.7061 | Train Acc: 0.4315
 USPS       | Train Loss: 0.6651 | Train Acc: 0.8292
 SynthDigits| Train Loss: 1.3267 | Train Acc: 0.5551
 MNIST-M    | Train Loss: 1.7545 | Train Acc: 0.4090
 MNIST      | Valid  Loss: 0.7433 | Valid  Acc: 0.7744
 SVHN       | Valid  Loss: 1.9660 | Valid  Acc: 0.3064
 USPS       | Valid  Loss: 0.7318 | Valid  Acc: 0.8047
 SynthDigits| Valid  Loss: 1.4299 | Valid  Acc: 0.4646
 MNIST-M    | Valid  Loss: 1.7105 | Valid  Acc: 0.4343
 Saving checkpoints to ../checkpoint/digits/federated_digits/DoPrompt_lsim=True...
============ Train epoch 10 ============
============ Train epoch 11 ============
===2023-03-16 13:56:50===
===Setting===
    lr: 0.01
    batch: 16
    iters: 5
    wk_iters: 10
============ Train epoch 0 ============
============ Train epoch 1 ============
============ Train epoch 2 ============
============ Train epoch 3 ============
============ Train epoch 4 ============
============ Train epoch 5 ============
============ Train epoch 6 ============
============ Train epoch 7 ============
============ Train epoch 8 ============
============ Train epoch 9 ============
 MNIST      | Train Loss: 0.7312 | Train Acc: 0.8652
 SVHN       | Train Loss: 1.7993 | Train Acc: 0.3827
 USPS       | Train Loss: 0.8086 | Train Acc: 0.8275
 SynthDigits| Train Loss: 1.4446 | Train Acc: 0.5418
 MNIST-M    | Train Loss: 1.7459 | Train Acc: 0.4097
 MNIST      | Valid  Loss: 0.7356 | Valid  Acc: 0.8243
 SVHN       | Valid  Loss: 1.9524 | Valid  Acc: 0.3514
 USPS       | Valid  Loss: 0.8522 | Valid  Acc: 0.8108
 SynthDigits| Valid  Loss: 1.5664 | Valid  Acc: 0.5270
 MNIST-M    | Valid  Loss: 1.5847 | Valid  Acc: 0.5000
Average Test Accuracy: 0.6027
 Saving checkpoints to ../checkpoint/digits/federated_digits/DoPrompt_lsim=True...
============ Train epoch 10 ============
============ Train epoch 11 ============
============ Train epoch 12 ============
============ Train epoch 13 ============
============ Train epoch 14 ============
============ Train epoch 15 ============
============ Train epoch 16 ============
============ Train epoch 17 ============
============ Train epoch 18 ============
============ Train epoch 19 ============
 MNIST      | Train Loss: 0.1642 | Train Acc: 0.9461
 SVHN       | Train Loss: 1.4531 | Train Acc: 0.4798
 USPS       | Train Loss: 0.2107 | Train Acc: 0.9299
 SynthDigits| Train Loss: 0.9712 | Train Acc: 0.6361
 MNIST-M    | Train Loss: 1.0873 | Train Acc: 0.6199
 MNIST      | Valid  Loss: 0.2754 | Valid  Acc: 0.8919
 SVHN       | Valid  Loss: 1.8122 | Valid  Acc: 0.4189
 USPS       | Valid  Loss: 0.3002 | Valid  Acc: 0.8784
 SynthDigits| Valid  Loss: 1.2442 | Valid  Acc: 0.5946
 MNIST-M    | Valid  Loss: 0.9248 | Valid  Acc: 0.7027
Average Test Accuracy: 0.6973
 Saving checkpoints to ../checkpoint/digits/federated_digits/DoPrompt_lsim=True...
============ Train epoch 20 ============
============ Train epoch 21 ============
