===2023-08-14 12:42:05===
===Setting===
    dataset: digit
    lr: 0.01
    batch: 32
    iters: 10
    wk_iters: 1
    si: False
    domain_num: 5
    quantile: 0
    power_cs: 1
    std_rw: False
    gender_label: False
    binary_race: False
    save_iter: -1
    mix5: False
    power_relu: 1
    Ea_val: False
data_number=[22,66,22,66,22,66,22,66,22,66,
client_nums=[2,2,2,2,2,]
len_dataset=[743,743,743,743,743,]
domain number = 5
Loading snapshots...
 Test site-MNIST-0                   (4)| Epoch:49 | Test Acc: 0.8714
 Test site-MNIST-1                   (4)| Epoch:49 | Test Acc: 0.8538
 Test site-USPS-0                    (0)| Epoch:49 | Test Acc: 0.8172
 Test site-USPS-1                    (0)| Epoch:49 | Test Acc: 0.8853
 Test site-SynthDigits-0             (3)| Epoch:49 | Test Acc: 0.7091
 Test site-SynthDigits-1             (3)| Epoch:49 | Test Acc: 0.7030
 Test site-MNIST-M-0                 (2)| Epoch:49 | Test Acc: 0.5171
 Test site-MNIST-M-1                 (2)| Epoch:49 | Test Acc: 0.5190
 Test site-SVHN-0                    (1)| Epoch:49 | Test Acc: 0.4385
 Test site-SVHN-1                    (1)| Epoch:49 | Test Acc: 0.4409
MNIST-0: 0.8714, MNIST-1: 0.8538, USPS-0: 0.8172, USPS-1: 0.8853, SynthDigits-0: 0.7091, SynthDigits-1: 0.7030, MNIST-M-0: 0.5171, MNIST-M-1: 0.5190, SVHN-0: 0.4385, SVHN-1: 0.4409, 
Average Test Accuracy(group): 0.6755, Average Test Accuracy(individual): 0.6755,
domain std=0.1723, cluster std=0.1716, individual std=0.1723, 
