===2023-08-14 12:39:16===
===Setting===
    dataset: digit
    lr: 0.01
    batch: 32
    iters: 10
    wk_iters: 1
    si: False
    domain_num: 5
    quantile: 0
    power_cs: 1
    std_rw: False
    gender_label: False
    binary_race: False
    save_iter: -1
    mix5: False
    power_relu: 1
    Ea_val: False
data_number=[22,66,22,66,22,66,22,66,22,66,
client_nums=[2,2,2,2,2,]
len_dataset=[743,743,743,743,743,]
domain number = 5
Loading snapshots...
 Test site-MNIST-0                   (4)| Epoch:49 | Test Acc: 0.8986
 Test site-MNIST-1                   (4)| Epoch:49 | Test Acc: 0.8852
 Test site-USPS-0                    (0)| Epoch:49 | Test Acc: 0.8710
 Test site-USPS-1                    (0)| Epoch:49 | Test Acc: 0.9032
 Test site-SynthDigits-0             (3)| Epoch:49 | Test Acc: 0.6893
 Test site-SynthDigits-1             (3)| Epoch:49 | Test Acc: 0.6823
 Test site-MNIST-M-0                 (2)| Epoch:49 | Test Acc: 0.5014
 Test site-MNIST-M-1                 (2)| Epoch:49 | Test Acc: 0.5190
 Test site-SVHN-0                    (1)| Epoch:49 | Test Acc: 0.4052
 Test site-SVHN-1                    (1)| Epoch:49 | Test Acc: 0.4077
MNIST-0: 0.8986, MNIST-1: 0.8852, USPS-0: 0.8710, USPS-1: 0.9032, SynthDigits-0: 0.6893, SynthDigits-1: 0.6823, MNIST-M-0: 0.5014, MNIST-M-1: 0.5190, SVHN-0: 0.4052, SVHN-1: 0.4077, 
Average Test Accuracy(group): 0.6763, Average Test Accuracy(individual): 0.6763,
domain std=0.1959, cluster std=0.1957, individual std=0.1959, 
