===2023-06-16 21:53:02===
===Setting===
    dataset: fairface
    lr: 0.01
    batch: 64
    iters: 10
    wk_iters: 1
    si: False
    domain_num: 4
    quantile: 0
    std_rw: False
    gender_label: False
    binary_race: False
    save_iter: -1
    mix: False
    mix2: False
    mix3: False
    mix4: False
data_number=[27,39,58,86,128,188,277,407,599,881,60,89,132,194,285,235,347,270,]
client_nums=[10,5,2,1,]
len_dataset=[7712,2184,1668,775,]
domain number = 4
Loading snapshots...
 Test site-White-0                   (2)| Epoch:48 | Test Acc: 0.3803
 Test site-White-1                   (0)| Epoch:48 | Test Acc: 0.4085
 Test site-White-2                   (2)| Epoch:48 | Test Acc: 0.3380
 Test site-White-3                   (2)| Epoch:48 | Test Acc: 0.3803
 Test site-White-4                   (2)| Epoch:48 | Test Acc: 0.3521
 Test site-White-5                   (2)| Epoch:48 | Test Acc: 0.3521
 Test site-White-6                   (2)| Epoch:48 | Test Acc: 0.3944
 Test site-White-7                   (2)| Epoch:48 | Test Acc: 0.3662
 Test site-White-8                   (2)| Epoch:48 | Test Acc: 0.4507
 Test site-White-9                   (2)| Epoch:48 | Test Acc: 0.4225
 Test site-Indian-0                  (1)| Epoch:48 | Test Acc: 0.2759
 Test site-Indian-1                  (1)| Epoch:48 | Test Acc: 0.2586
 Test site-Indian-2                  (1)| Epoch:48 | Test Acc: 0.2069
 Test site-Indian-3                  (1)| Epoch:48 | Test Acc: 0.2931
 Test site-Indian-4                  (1)| Epoch:48 | Test Acc: 0.2931
 Test site-Middle_Eastern-0          (2)| Epoch:48 | Test Acc: 0.4141
 Test site-Middle_Eastern-1          (2)| Epoch:48 | Test Acc: 0.3333
 Test site-Black_utk-0               (3)| Epoch:48 | Test Acc: 0.4286
White: 0.3845, Indian: 0.2655, Middle_Eastern: 0.3737, Black_utk: 0.4286, 
Average Test Accuracy(group): 0.3631, Average Test Accuracy(individual): 0.3527,
domain std=0.0600, cluster std=0.0631, individual std=0.0642, 
