===2023-03-16 01:49:36===
===Setting===
    lr: 0.01
    batch: 16
    iters: 3
    wk_iters: 10
============ Train epoch 0 ============
============ Train epoch 1 ============
===2023-03-16 01:57:58===
===Setting===
    lr: 0.01
    batch: 16
    iters: 3
    wk_iters: 10
============ Train epoch 0 ============
============ Train epoch 1 ============
============ Train epoch 2 ============
============ Train epoch 3 ============
============ Train epoch 4 ============
============ Train epoch 5 ============
============ Train epoch 6 ============
============ Train epoch 7 ============
============ Train epoch 8 ============
============ Train epoch 9 ============
 Site-Amazon    | Train Loss: 0.1511 | Train Acc: 0.9600
 Site-Caltech   | Train Loss: 0.0963 | Train Acc: 0.9733
 Site-Webcam    | Train Loss: 0.1366 | Train Acc: 0.9733
 Site-Amazon    | Val  Loss: 0.1544 | Val  Acc: 0.9800
 Site-Caltech   | Val  Loss: 0.6448 | Val  Acc: 0.8400
 Site-Webcam    | Val  Loss: 0.1932 | Val  Acc: 0.9600
 Best site-Amazon     | Epoch:0 | Val Acc: 0.9800
 Best site-Caltech    | Epoch:0 | Val Acc: 0.8400
 Best site-Webcam     | Epoch:0 | Val Acc: 0.9600
 Saving the local and server checkpoint to ../checkpoint/office/fed_office/DoPrompt_lsim=True_target_idx=2...
 DSLR        | Test Acc On Target Domain: 1.0000
============ Train epoch 10 ============
============ Train epoch 11 ============
============ Train epoch 12 ============
============ Train epoch 13 ============
============ Train epoch 14 ============
============ Train epoch 15 ============
============ Train epoch 16 ============
============ Train epoch 17 ============
============ Train epoch 18 ============
============ Train epoch 19 ============
 Site-Amazon    | Train Loss: 0.0255 | Train Acc: 1.0000
 Site-Caltech   | Train Loss: 0.0125 | Train Acc: 1.0000
 Site-Webcam    | Train Loss: 0.0260 | Train Acc: 0.9867
 Site-Amazon    | Val  Loss: 0.1378 | Val  Acc: 0.9600
 Site-Caltech   | Val  Loss: 0.3298 | Val  Acc: 0.9200
 Site-Webcam    | Val  Loss: 0.0561 | Val  Acc: 1.0000
 Best site-Amazon     | Epoch:1 | Val Acc: 0.9600
 Best site-Caltech    | Epoch:1 | Val Acc: 0.9200
 Best site-Webcam     | Epoch:1 | Val Acc: 1.0000
 Saving the local and server checkpoint to ../checkpoint/office/fed_office/DoPrompt_lsim=True_target_idx=2...
 DSLR        | Test Acc On Target Domain: 1.0000
============ Train epoch 20 ============
============ Train epoch 21 ============
============ Train epoch 22 ============
============ Train epoch 23 ============
============ Train epoch 24 ============
============ Train epoch 25 ============
============ Train epoch 26 ============
============ Train epoch 27 ============
============ Train epoch 28 ============
============ Train epoch 29 ============
 Site-Amazon    | Train Loss: 0.0048 | Train Acc: 1.0000
 Site-Caltech   | Train Loss: 0.0050 | Train Acc: 1.0000
 Site-Webcam    | Train Loss: 0.0039 | Train Acc: 1.0000
 Site-Amazon    | Val  Loss: 0.2610 | Val  Acc: 0.9800
 Site-Caltech   | Val  Loss: 0.3644 | Val  Acc: 0.9400
 Site-Webcam    | Val  Loss: 0.0564 | Val  Acc: 0.9800
 Best site-Amazon     | Epoch:2 | Val Acc: 0.9800
 Best site-Caltech    | Epoch:2 | Val Acc: 0.9400
 Best site-Webcam     | Epoch:2 | Val Acc: 0.9800
 Saving the local and server checkpoint to ../checkpoint/office/fed_office/DoPrompt_lsim=True_target_idx=2...
 DSLR        | Test Acc On Target Domain: 1.0000
