===2023-03-24 13:02:37===
===Setting===
    dataset: domainnet
    lr: 0.01
    batch: 16
    iters: 10
    wk_iters: 5
===2023-03-24 13:54:59===
===Setting===
    dataset: domainnet
    lr: 0.01
    batch: 16
    iters: 10
    wk_iters: 5
============ Train epoch 0 ============
============ Train epoch 1 ============
============ Train epoch 2 ============
============ Train epoch 3 ============
============ Train epoch 4 ============
 Site-Clipart   | Train Loss: 2.0414 | Train Acc: 0.3016
 Site-Clipart   | Train Loss: 1.9909 | Train Acc: 0.4127
 Site-Infograph | Train Loss: 2.1800 | Train Acc: 0.1905
 Site-Infograph | Train Loss: 2.1517 | Train Acc: 0.2698
 Site-Painting  | Train Loss: 1.9968 | Train Acc: 0.4286
 Site-Painting  | Train Loss: 2.0199 | Train Acc: 0.4444
 Site-QuickDraw | Train Loss: 2.2407 | Train Acc: 0.1587
 Site-QuickDraw | Train Loss: 2.1942 | Train Acc: 0.2698
 Site-Real      | Train Loss: 1.8943 | Train Acc: 0.5238
 Site-Real      | Train Loss: 1.9499 | Train Acc: 0.4444
 Site-Sketch    | Train Loss: 1.9218 | Train Acc: 0.5397
 Site-Sketch    | Train Loss: 1.9743 | Train Acc: 0.4286
 Site-Clipart   | Val  Loss: 1.9688 | Val  Acc: 0.4524
 Site-Clipart   | Val  Loss: 2.0191 | Val  Acc: 0.3571
 Site-Infograph | Val  Loss: 2.1914 | Val  Acc: 0.2381
 Site-Infograph | Val  Loss: 2.1674 | Val  Acc: 0.2381
 Site-Painting  | Val  Loss: 1.9606 | Val  Acc: 0.4048
 Site-Painting  | Val  Loss: 2.0752 | Val  Acc: 0.3571
 Site-QuickDraw | Val  Loss: 2.1993 | Val  Acc: 0.2143
 Site-QuickDraw | Val  Loss: 2.1987 | Val  Acc: 0.2381
 Site-Real      | Val  Loss: 1.8455 | Val  Acc: 0.5476
 Site-Real      | Val  Loss: 1.9814 | Val  Acc: 0.5238
 Site-Sketch    | Val  Loss: 1.9424 | Val  Acc: 0.4048
 Site-Sketch    | Val  Loss: 2.0014 | Val  Acc: 0.4048
Average Valid Accuracy: 0.3651
 Best site-Clipart    | Epoch:0 | Val Acc: 0.4524
 Best site-Clipart    | Epoch:0 | Val Acc: 0.3571
 Best site-Infograph  | Epoch:0 | Val Acc: 0.2381
 Best site-Infograph  | Epoch:0 | Val Acc: 0.2381
 Best site-Painting   | Epoch:0 | Val Acc: 0.4048
 Best site-Painting   | Epoch:0 | Val Acc: 0.3571
 Best site-QuickDraw  | Epoch:0 | Val Acc: 0.2143
 Best site-QuickDraw  | Epoch:0 | Val Acc: 0.2381
 Best site-Real       | Epoch:0 | Val Acc: 0.5476
 Best site-Real       | Epoch:0 | Val Acc: 0.5238
 Best site-Sketch     | Epoch:0 | Val Acc: 0.4048
 Best site-Sketch     | Epoch:0 | Val Acc: 0.4048
 Saving the local and server checkpoint to ../checkpoint/fed_domainnet_even_alignonce/FedPrompt...
============ Train epoch 5 ============
============ Train epoch 6 ============
============ Train epoch 7 ============
============ Train epoch 8 ============
============ Train epoch 9 ============
 Site-Clipart   | Train Loss: 1.6852 | Train Acc: 0.5873
 Site-Clipart   | Train Loss: 1.8044 | Train Acc: 0.5238
 Site-Infograph | Train Loss: 2.1178 | Train Acc: 0.3175
 Site-Infograph | Train Loss: 2.0170 | Train Acc: 0.4127
 Site-Painting  | Train Loss: 1.6154 | Train Acc: 0.6190
 Site-Painting  | Train Loss: 1.5820 | Train Acc: 0.6825
 Site-QuickDraw | Train Loss: 2.1749 | Train Acc: 0.2857
 Site-QuickDraw | Train Loss: 2.0508 | Train Acc: 0.4444
 Site-Real      | Train Loss: 1.4550 | Train Acc: 0.7937
 Site-Real      | Train Loss: 1.5085 | Train Acc: 0.8095
 Site-Sketch    | Train Loss: 1.5698 | Train Acc: 0.6984
 Site-Sketch    | Train Loss: 1.6847 | Train Acc: 0.6349
 Site-Clipart   | Val  Loss: 1.7445 | Val  Acc: 0.5476
 Site-Clipart   | Val  Loss: 1.7236 | Val  Acc: 0.5714
 Site-Infograph | Val  Loss: 2.0363 | Val  Acc: 0.4048
 Site-Infograph | Val  Loss: 2.1460 | Val  Acc: 0.2857
 Site-Painting  | Val  Loss: 1.5059 | Val  Acc: 0.6667
 Site-Painting  | Val  Loss: 1.8082 | Val  Acc: 0.4048
 Site-QuickDraw | Val  Loss: 2.0536 | Val  Acc: 0.3333
 Site-QuickDraw | Val  Loss: 2.1176 | Val  Acc: 0.3095
 Site-Real      | Val  Loss: 1.4581 | Val  Acc: 0.8333
 Site-Real      | Val  Loss: 1.5720 | Val  Acc: 0.7381
 Site-Sketch    | Val  Loss: 1.7054 | Val  Acc: 0.5952
 Site-Sketch    | Val  Loss: 1.7099 | Val  Acc: 0.5476
Average Valid Accuracy: 0.5198
 Best site-Clipart    | Epoch:1 | Val Acc: 0.5476
 Best site-Clipart    | Epoch:1 | Val Acc: 0.5714
 Best site-Infograph  | Epoch:1 | Val Acc: 0.4048
 Best site-Infograph  | Epoch:1 | Val Acc: 0.2857
 Best site-Painting   | Epoch:1 | Val Acc: 0.6667
 Best site-Painting   | Epoch:1 | Val Acc: 0.4048
 Best site-QuickDraw  | Epoch:1 | Val Acc: 0.3333
 Best site-QuickDraw  | Epoch:1 | Val Acc: 0.3095
 Best site-Real       | Epoch:1 | Val Acc: 0.8333
 Best site-Real       | Epoch:1 | Val Acc: 0.7381
 Best site-Sketch     | Epoch:1 | Val Acc: 0.5952
 Best site-Sketch     | Epoch:1 | Val Acc: 0.5476
 Saving the local and server checkpoint to ../checkpoint/fed_domainnet_even_alignonce/FedPrompt...
============ Train epoch 10 ============
============ Train epoch 11 ============
============ Train epoch 12 ============
============ Train epoch 13 ============
============ Train epoch 14 ============
 Site-Clipart   | Train Loss: 1.3858 | Train Acc: 0.6508
 Site-Clipart   | Train Loss: 1.4701 | Train Acc: 0.6349
 Site-Infograph | Train Loss: 1.9494 | Train Acc: 0.4286
 Site-Infograph | Train Loss: 1.8205 | Train Acc: 0.4762
 Site-Painting  | Train Loss: 1.2076 | Train Acc: 0.8254
 Site-Painting  | Train Loss: 1.2339 | Train Acc: 0.7460
 Site-QuickDraw | Train Loss: 2.0310 | Train Acc: 0.3175
 Site-QuickDraw | Train Loss: 1.9010 | Train Acc: 0.4444
 Site-Real      | Train Loss: 1.0523 | Train Acc: 0.8571
 Site-Real      | Train Loss: 1.0573 | Train Acc: 0.9048
 Site-Sketch    | Train Loss: 1.2293 | Train Acc: 0.7619
 Site-Sketch    | Train Loss: 1.3300 | Train Acc: 0.6667
 Site-Clipart   | Val  Loss: 1.4852 | Val  Acc: 0.6667
 Site-Clipart   | Val  Loss: 1.4144 | Val  Acc: 0.6190
 Site-Infograph | Val  Loss: 1.7200 | Val  Acc: 0.5952
 Site-Infograph | Val  Loss: 1.9360 | Val  Acc: 0.4286
 Site-Painting  | Val  Loss: 1.1146 | Val  Acc: 0.8571
 Site-Painting  | Val  Loss: 1.4533 | Val  Acc: 0.7381
 Site-QuickDraw | Val  Loss: 1.8761 | Val  Acc: 0.4762
 Site-QuickDraw | Val  Loss: 1.9691 | Val  Acc: 0.3810
 Site-Real      | Val  Loss: 1.0485 | Val  Acc: 0.8571
 Site-Real      | Val  Loss: 1.1107 | Val  Acc: 0.8810
 Site-Sketch    | Val  Loss: 1.3625 | Val  Acc: 0.7143
 Site-Sketch    | Val  Loss: 1.3843 | Val  Acc: 0.6905
Average Valid Accuracy: 0.6587
 Best site-Clipart    | Epoch:2 | Val Acc: 0.6667
 Best site-Clipart    | Epoch:2 | Val Acc: 0.6190
 Best site-Infograph  | Epoch:2 | Val Acc: 0.5952
 Best site-Infograph  | Epoch:2 | Val Acc: 0.4286
 Best site-Painting   | Epoch:2 | Val Acc: 0.8571
 Best site-Painting   | Epoch:2 | Val Acc: 0.7381
 Best site-QuickDraw  | Epoch:2 | Val Acc: 0.4762
 Best site-QuickDraw  | Epoch:2 | Val Acc: 0.3810
 Best site-Real       | Epoch:2 | Val Acc: 0.8571
 Best site-Real       | Epoch:2 | Val Acc: 0.8810
 Best site-Sketch     | Epoch:2 | Val Acc: 0.7143
 Best site-Sketch     | Epoch:2 | Val Acc: 0.6905
 Saving the local and server checkpoint to ../checkpoint/fed_domainnet_even_alignonce/FedPrompt...
============ Train epoch 15 ============
============ Train epoch 16 ============
============ Train epoch 17 ============
============ Train epoch 18 ============
============ Train epoch 19 ============
 Site-Clipart   | Train Loss: 1.2128 | Train Acc: 0.6508
 Site-Clipart   | Train Loss: 1.2937 | Train Acc: 0.6984
 Site-Infograph | Train Loss: 1.9017 | Train Acc: 0.4444
 Site-Infograph | Train Loss: 1.7008 | Train Acc: 0.4921
 Site-Painting  | Train Loss: 0.9589 | Train Acc: 0.8413
 Site-Painting  | Train Loss: 1.0556 | Train Acc: 0.7937
 Site-QuickDraw | Train Loss: 1.8814 | Train Acc: 0.3810
 Site-QuickDraw | Train Loss: 1.7022 | Train Acc: 0.5397
 Site-Real      | Train Loss: 0.7891 | Train Acc: 0.8730
 Site-Real      | Train Loss: 0.8165 | Train Acc: 0.8730
 Site-Sketch    | Train Loss: 1.0797 | Train Acc: 0.7460
 Site-Sketch    | Train Loss: 1.1198 | Train Acc: 0.6825
 Site-Clipart   | Val  Loss: 1.3455 | Val  Acc: 0.6429
 Site-Clipart   | Val  Loss: 1.2077 | Val  Acc: 0.7619
 Site-Infograph | Val  Loss: 1.5531 | Val  Acc: 0.5476
 Site-Infograph | Val  Loss: 1.9226 | Val  Acc: 0.3333
 Site-Painting  | Val  Loss: 0.8390 | Val  Acc: 0.8571
 Site-Painting  | Val  Loss: 1.1789 | Val  Acc: 0.7619
 Site-QuickDraw | Val  Loss: 1.6673 | Val  Acc: 0.5000
 Site-QuickDraw | Val  Loss: 1.8083 | Val  Acc: 0.4762
 Site-Real      | Val  Loss: 0.7653 | Val  Acc: 0.9286
 Site-Real      | Val  Loss: 0.7991 | Val  Acc: 0.9048
 Site-Sketch    | Val  Loss: 1.2119 | Val  Acc: 0.6905
 Site-Sketch    | Val  Loss: 1.1276 | Val  Acc: 0.7619
Average Valid Accuracy: 0.6806
 Best site-Clipart    | Epoch:3 | Val Acc: 0.6429
 Best site-Clipart    | Epoch:3 | Val Acc: 0.7619
 Best site-Infograph  | Epoch:3 | Val Acc: 0.5476
 Best site-Infograph  | Epoch:3 | Val Acc: 0.3333
 Best site-Painting   | Epoch:3 | Val Acc: 0.8571
 Best site-Painting   | Epoch:3 | Val Acc: 0.7619
 Best site-QuickDraw  | Epoch:3 | Val Acc: 0.5000
 Best site-QuickDraw  | Epoch:3 | Val Acc: 0.4762
 Best site-Real       | Epoch:3 | Val Acc: 0.9286
 Best site-Real       | Epoch:3 | Val Acc: 0.9048
 Best site-Sketch     | Epoch:3 | Val Acc: 0.6905
 Best site-Sketch     | Epoch:3 | Val Acc: 0.7619
 Saving the local and server checkpoint to ../checkpoint/fed_domainnet_even_alignonce/FedPrompt...
============ Train epoch 20 ============
============ Train epoch 21 ============
============ Train epoch 22 ============
============ Train epoch 23 ============
============ Train epoch 24 ============
 Site-Clipart   | Train Loss: 0.9726 | Train Acc: 0.8571
 Site-Clipart   | Train Loss: 1.1094 | Train Acc: 0.7460
 Site-Infograph | Train Loss: 1.7609 | Train Acc: 0.3492
 Site-Infograph | Train Loss: 1.6033 | Train Acc: 0.5079
 Site-Painting  | Train Loss: 0.7468 | Train Acc: 0.8730
 Site-Painting  | Train Loss: 0.7511 | Train Acc: 0.8730
 Site-QuickDraw | Train Loss: 1.7978 | Train Acc: 0.3810
 Site-QuickDraw | Train Loss: 1.6174 | Train Acc: 0.5079
 Site-Real      | Train Loss: 0.5935 | Train Acc: 0.9206
 Site-Real      | Train Loss: 0.5845 | Train Acc: 0.9206
 Site-Sketch    | Train Loss: 0.8809 | Train Acc: 0.8254
 Site-Sketch    | Train Loss: 0.9612 | Train Acc: 0.7619
 Site-Clipart   | Val  Loss: 1.1611 | Val  Acc: 0.7619
 Site-Clipart   | Val  Loss: 1.0934 | Val  Acc: 0.7619
 Site-Infograph | Val  Loss: 1.4986 | Val  Acc: 0.5714
 Site-Infograph | Val  Loss: 1.8282 | Val  Acc: 0.3810
 Site-Painting  | Val  Loss: 0.7042 | Val  Acc: 0.8571
 Site-Painting  | Val  Loss: 0.9840 | Val  Acc: 0.8095
 Site-QuickDraw | Val  Loss: 1.4289 | Val  Acc: 0.5714
 Site-QuickDraw | Val  Loss: 1.6880 | Val  Acc: 0.5238
 Site-Real      | Val  Loss: 0.6126 | Val  Acc: 0.9286
 Site-Real      | Val  Loss: 0.5782 | Val  Acc: 1.0000
 Site-Sketch    | Val  Loss: 1.0045 | Val  Acc: 0.7619
 Site-Sketch    | Val  Loss: 0.9967 | Val  Acc: 0.7857
Average Valid Accuracy: 0.7262
 Best site-Clipart    | Epoch:4 | Val Acc: 0.7619
 Best site-Clipart    | Epoch:4 | Val Acc: 0.7619
 Best site-Infograph  | Epoch:4 | Val Acc: 0.5714
 Best site-Infograph  | Epoch:4 | Val Acc: 0.3810
 Best site-Painting   | Epoch:4 | Val Acc: 0.8571
 Best site-Painting   | Epoch:4 | Val Acc: 0.8095
 Best site-QuickDraw  | Epoch:4 | Val Acc: 0.5714
 Best site-QuickDraw  | Epoch:4 | Val Acc: 0.5238
 Best site-Real       | Epoch:4 | Val Acc: 0.9286
 Best site-Real       | Epoch:4 | Val Acc: 1.0000
 Best site-Sketch     | Epoch:4 | Val Acc: 0.7619
 Best site-Sketch     | Epoch:4 | Val Acc: 0.7857
 Saving the local and server checkpoint to ../checkpoint/fed_domainnet_even_alignonce/FedPrompt...
============ Train epoch 25 ============
============ Train epoch 26 ============
============ Train epoch 27 ============
============ Train epoch 28 ============
============ Train epoch 29 ============
 Site-Clipart   | Train Loss: 0.9028 | Train Acc: 0.7619
 Site-Clipart   | Train Loss: 0.9682 | Train Acc: 0.8095
 Site-Infograph | Train Loss: 1.5969 | Train Acc: 0.4921
 Site-Infograph | Train Loss: 1.4113 | Train Acc: 0.5556
 Site-Painting  | Train Loss: 0.5746 | Train Acc: 0.9048
 Site-Painting  | Train Loss: 0.5822 | Train Acc: 0.9048
 Site-QuickDraw | Train Loss: 1.6193 | Train Acc: 0.4603
 Site-QuickDraw | Train Loss: 1.4236 | Train Acc: 0.5238
 Site-Real      | Train Loss: 0.4391 | Train Acc: 0.9365
 Site-Real      | Train Loss: 0.4392 | Train Acc: 0.9365
 Site-Sketch    | Train Loss: 0.6841 | Train Acc: 0.8571
 Site-Sketch    | Train Loss: 0.7704 | Train Acc: 0.8413
 Site-Clipart   | Val  Loss: 0.9537 | Val  Acc: 0.7857
 Site-Clipart   | Val  Loss: 0.9310 | Val  Acc: 0.7619
 Site-Infograph | Val  Loss: 1.2371 | Val  Acc: 0.6905
 Site-Infograph | Val  Loss: 1.6278 | Val  Acc: 0.3571
 Site-Painting  | Val  Loss: 0.5433 | Val  Acc: 0.9524
 Site-Painting  | Val  Loss: 0.7906 | Val  Acc: 0.7857
 Site-QuickDraw | Val  Loss: 1.2740 | Val  Acc: 0.6905
 Site-QuickDraw | Val  Loss: 1.5475 | Val  Acc: 0.4762
 Site-Real      | Val  Loss: 0.3949 | Val  Acc: 0.9524
 Site-Real      | Val  Loss: 0.4727 | Val  Acc: 0.9286
 Site-Sketch    | Val  Loss: 0.8171 | Val  Acc: 0.8333
 Site-Sketch    | Val  Loss: 0.8780 | Val  Acc: 0.7857
Average Valid Accuracy: 0.7500
 Best site-Clipart    | Epoch:5 | Val Acc: 0.7857
 Best site-Clipart    | Epoch:5 | Val Acc: 0.7619
 Best site-Infograph  | Epoch:5 | Val Acc: 0.6905
 Best site-Infograph  | Epoch:5 | Val Acc: 0.3571
 Best site-Painting   | Epoch:5 | Val Acc: 0.9524
 Best site-Painting   | Epoch:5 | Val Acc: 0.7857
 Best site-QuickDraw  | Epoch:5 | Val Acc: 0.6905
 Best site-QuickDraw  | Epoch:5 | Val Acc: 0.4762
 Best site-Real       | Epoch:5 | Val Acc: 0.9524
 Best site-Real       | Epoch:5 | Val Acc: 0.9286
 Best site-Sketch     | Epoch:5 | Val Acc: 0.8333
 Best site-Sketch     | Epoch:5 | Val Acc: 0.7857
 Saving the local and server checkpoint to ../checkpoint/fed_domainnet_even_alignonce/FedPrompt...
============ Train epoch 30 ============
============ Train epoch 31 ============
============ Train epoch 32 ============
============ Train epoch 33 ============
============ Train epoch 34 ============
 Site-Clipart   | Train Loss: 0.6596 | Train Acc: 0.8730
 Site-Clipart   | Train Loss: 0.7809 | Train Acc: 0.8254
 Site-Infograph | Train Loss: 1.5116 | Train Acc: 0.5397
 Site-Infograph | Train Loss: 1.2739 | Train Acc: 0.6190
 Site-Painting  | Train Loss: 0.4894 | Train Acc: 0.9048
 Site-Painting  | Train Loss: 0.5114 | Train Acc: 0.8889
 Site-QuickDraw | Train Loss: 1.5054 | Train Acc: 0.6032
 Site-QuickDraw | Train Loss: 1.2818 | Train Acc: 0.6349
 Site-Real      | Train Loss: 0.3356 | Train Acc: 0.9206
 Site-Real      | Train Loss: 0.3059 | Train Acc: 0.9841
 Site-Sketch    | Train Loss: 0.6354 | Train Acc: 0.8889
 Site-Sketch    | Train Loss: 0.6527 | Train Acc: 0.8889
 Site-Clipart   | Val  Loss: 0.8360 | Val  Acc: 0.7619
 Site-Clipart   | Val  Loss: 0.7959 | Val  Acc: 0.8095
 Site-Infograph | Val  Loss: 1.2130 | Val  Acc: 0.6429
 Site-Infograph | Val  Loss: 1.5346 | Val  Acc: 0.4286
 Site-Painting  | Val  Loss: 0.4186 | Val  Acc: 0.9762
 Site-Painting  | Val  Loss: 0.6513 | Val  Acc: 0.8571
 Site-QuickDraw | Val  Loss: 1.2781 | Val  Acc: 0.5476
 Site-QuickDraw | Val  Loss: 1.5941 | Val  Acc: 0.5000
 Site-Real      | Val  Loss: 0.2931 | Val  Acc: 0.9524
 Site-Real      | Val  Loss: 0.3585 | Val  Acc: 0.9524
 Site-Sketch    | Val  Loss: 0.6627 | Val  Acc: 0.8333
 Site-Sketch    | Val  Loss: 0.6667 | Val  Acc: 0.8810
Average Valid Accuracy: 0.7619
 Best site-Clipart    | Epoch:6 | Val Acc: 0.7619
 Best site-Clipart    | Epoch:6 | Val Acc: 0.8095
 Best site-Infograph  | Epoch:6 | Val Acc: 0.6429
 Best site-Infograph  | Epoch:6 | Val Acc: 0.4286
 Best site-Painting   | Epoch:6 | Val Acc: 0.9762
 Best site-Painting   | Epoch:6 | Val Acc: 0.8571
 Best site-QuickDraw  | Epoch:6 | Val Acc: 0.5476
 Best site-QuickDraw  | Epoch:6 | Val Acc: 0.5000
 Best site-Real       | Epoch:6 | Val Acc: 0.9524
 Best site-Real       | Epoch:6 | Val Acc: 0.9524
 Best site-Sketch     | Epoch:6 | Val Acc: 0.8333
 Best site-Sketch     | Epoch:6 | Val Acc: 0.8810
 Saving the local and server checkpoint to ../checkpoint/fed_domainnet_even_alignonce/FedPrompt...
============ Train epoch 35 ============
============ Train epoch 36 ============
============ Train epoch 37 ============
============ Train epoch 38 ============
============ Train epoch 39 ============
 Site-Clipart   | Train Loss: 0.5099 | Train Acc: 0.9048
 Site-Clipart   | Train Loss: 0.6089 | Train Acc: 0.9206
 Site-Infograph | Train Loss: 1.2620 | Train Acc: 0.6349
 Site-Infograph | Train Loss: 1.0817 | Train Acc: 0.7302
 Site-Painting  | Train Loss: 0.3840 | Train Acc: 0.9524
 Site-Painting  | Train Loss: 0.4660 | Train Acc: 0.8730
 Site-QuickDraw | Train Loss: 1.3362 | Train Acc: 0.5714
 Site-QuickDraw | Train Loss: 1.3064 | Train Acc: 0.6032
 Site-Real      | Train Loss: 0.3470 | Train Acc: 0.9365
 Site-Real      | Train Loss: 0.2800 | Train Acc: 0.9524
 Site-Sketch    | Train Loss: 0.4915 | Train Acc: 0.8889
 Site-Sketch    | Train Loss: 0.5383 | Train Acc: 0.8413
 Site-Clipart   | Val  Loss: 0.5807 | Val  Acc: 0.8810
 Site-Clipart   | Val  Loss: 0.5629 | Val  Acc: 0.8810
 Site-Infograph | Val  Loss: 0.9956 | Val  Acc: 0.7143
 Site-Infograph | Val  Loss: 1.4062 | Val  Acc: 0.5714
 Site-Painting  | Val  Loss: 0.3303 | Val  Acc: 0.9524
 Site-Painting  | Val  Loss: 0.5352 | Val  Acc: 0.8333
 Site-QuickDraw | Val  Loss: 1.0427 | Val  Acc: 0.7381
 Site-QuickDraw | Val  Loss: 1.3553 | Val  Acc: 0.5476
 Site-Real      | Val  Loss: 0.2808 | Val  Acc: 0.9286
 Site-Real      | Val  Loss: 0.3479 | Val  Acc: 0.9048
 Site-Sketch    | Val  Loss: 0.5070 | Val  Acc: 0.9048
 Site-Sketch    | Val  Loss: 0.5450 | Val  Acc: 0.8333
Average Valid Accuracy: 0.8075
 Best site-Clipart    | Epoch:7 | Val Acc: 0.8810
 Best site-Clipart    | Epoch:7 | Val Acc: 0.8810
 Best site-Infograph  | Epoch:7 | Val Acc: 0.7143
 Best site-Infograph  | Epoch:7 | Val Acc: 0.5714
 Best site-Painting   | Epoch:7 | Val Acc: 0.9524
 Best site-Painting   | Epoch:7 | Val Acc: 0.8333
 Best site-QuickDraw  | Epoch:7 | Val Acc: 0.7381
 Best site-QuickDraw  | Epoch:7 | Val Acc: 0.5476
 Best site-Real       | Epoch:7 | Val Acc: 0.9286
 Best site-Real       | Epoch:7 | Val Acc: 0.9048
 Best site-Sketch     | Epoch:7 | Val Acc: 0.9048
 Best site-Sketch     | Epoch:7 | Val Acc: 0.8333
 Saving the local and server checkpoint to ../checkpoint/fed_domainnet_even_alignonce/FedPrompt...
============ Train epoch 40 ============
============ Train epoch 41 ============
============ Train epoch 42 ============
============ Train epoch 43 ============
============ Train epoch 44 ============
 Site-Clipart   | Train Loss: 0.4316 | Train Acc: 0.9524
 Site-Clipart   | Train Loss: 0.5911 | Train Acc: 0.8413
 Site-Infograph | Train Loss: 1.2693 | Train Acc: 0.6190
 Site-Infograph | Train Loss: 1.0524 | Train Acc: 0.6667
 Site-Painting  | Train Loss: 0.3377 | Train Acc: 0.9524
 Site-Painting  | Train Loss: 0.2645 | Train Acc: 0.9841
 Site-QuickDraw | Train Loss: 1.3853 | Train Acc: 0.5714
 Site-QuickDraw | Train Loss: 1.1040 | Train Acc: 0.6349
 Site-Real      | Train Loss: 0.1730 | Train Acc: 1.0000
 Site-Real      | Train Loss: 0.2111 | Train Acc: 0.9683
 Site-Sketch    | Train Loss: 0.4698 | Train Acc: 0.8889
 Site-Sketch    | Train Loss: 0.4877 | Train Acc: 0.9048
 Site-Clipart   | Val  Loss: 0.5925 | Val  Acc: 0.8571
 Site-Clipart   | Val  Loss: 0.5133 | Val  Acc: 0.8571
 Site-Infograph | Val  Loss: 0.8474 | Val  Acc: 0.7857
 Site-Infograph | Val  Loss: 1.3994 | Val  Acc: 0.5476
 Site-Painting  | Val  Loss: 0.2777 | Val  Acc: 0.9762
 Site-Painting  | Val  Loss: 0.3692 | Val  Acc: 0.9286
 Site-QuickDraw | Val  Loss: 1.1323 | Val  Acc: 0.6190
 Site-QuickDraw | Val  Loss: 1.2743 | Val  Acc: 0.5952
 Site-Real      | Val  Loss: 0.1955 | Val  Acc: 0.9524
 Site-Real      | Val  Loss: 0.2064 | Val  Acc: 0.9762
 Site-Sketch    | Val  Loss: 0.4012 | Val  Acc: 0.9524
 Site-Sketch    | Val  Loss: 0.4986 | Val  Acc: 0.9048
Average Valid Accuracy: 0.8294
 Best site-Clipart    | Epoch:8 | Val Acc: 0.8571
 Best site-Clipart    | Epoch:8 | Val Acc: 0.8571
 Best site-Infograph  | Epoch:8 | Val Acc: 0.7857
 Best site-Infograph  | Epoch:8 | Val Acc: 0.5476
 Best site-Painting   | Epoch:8 | Val Acc: 0.9762
 Best site-Painting   | Epoch:8 | Val Acc: 0.9286
 Best site-QuickDraw  | Epoch:8 | Val Acc: 0.6190
 Best site-QuickDraw  | Epoch:8 | Val Acc: 0.5952
 Best site-Real       | Epoch:8 | Val Acc: 0.9524
 Best site-Real       | Epoch:8 | Val Acc: 0.9762
 Best site-Sketch     | Epoch:8 | Val Acc: 0.9524
 Best site-Sketch     | Epoch:8 | Val Acc: 0.9048
 Saving the local and server checkpoint to ../checkpoint/fed_domainnet_even_alignonce/FedPrompt...
============ Train epoch 45 ============
============ Train epoch 46 ============
============ Train epoch 47 ============
============ Train epoch 48 ============
============ Train epoch 49 ============
 Site-Clipart   | Train Loss: 0.3698 | Train Acc: 0.9206
 Site-Clipart   | Train Loss: 0.3811 | Train Acc: 0.9683
 Site-Infograph | Train Loss: 1.0938 | Train Acc: 0.6190
 Site-Infograph | Train Loss: 0.9137 | Train Acc: 0.7302
 Site-Painting  | Train Loss: 0.2795 | Train Acc: 0.9365
 Site-Painting  | Train Loss: 0.2143 | Train Acc: 0.9841
 Site-QuickDraw | Train Loss: 1.3217 | Train Acc: 0.5556
 Site-QuickDraw | Train Loss: 1.1524 | Train Acc: 0.5873
 Site-Real      | Train Loss: 0.2071 | Train Acc: 0.9683
 Site-Real      | Train Loss: 0.1663 | Train Acc: 0.9524
 Site-Sketch    | Train Loss: 0.3412 | Train Acc: 0.9206
 Site-Sketch    | Train Loss: 0.3838 | Train Acc: 0.9206
 Site-Clipart   | Val  Loss: 0.4260 | Val  Acc: 0.9048
 Site-Clipart   | Val  Loss: 0.3554 | Val  Acc: 0.9762
 Site-Infograph | Val  Loss: 0.7293 | Val  Acc: 0.8810
 Site-Infograph | Val  Loss: 1.1048 | Val  Acc: 0.7143
 Site-Painting  | Val  Loss: 0.2392 | Val  Acc: 0.9524
 Site-Painting  | Val  Loss: 0.3177 | Val  Acc: 0.9286
 Site-QuickDraw | Val  Loss: 0.9817 | Val  Acc: 0.7143
 Site-QuickDraw | Val  Loss: 1.2784 | Val  Acc: 0.5238
 Site-Real      | Val  Loss: 0.1609 | Val  Acc: 0.9524
 Site-Real      | Val  Loss: 0.2220 | Val  Acc: 0.9524
 Site-Sketch    | Val  Loss: 0.3414 | Val  Acc: 0.9524
 Site-Sketch    | Val  Loss: 0.4618 | Val  Acc: 0.9524
Average Valid Accuracy: 0.8671
 Best site-Clipart    | Epoch:9 | Val Acc: 0.9048
 Best site-Clipart    | Epoch:9 | Val Acc: 0.9762
 Best site-Infograph  | Epoch:9 | Val Acc: 0.8810
 Best site-Infograph  | Epoch:9 | Val Acc: 0.7143
 Best site-Painting   | Epoch:9 | Val Acc: 0.9524
 Best site-Painting   | Epoch:9 | Val Acc: 0.9286
 Best site-QuickDraw  | Epoch:9 | Val Acc: 0.7143
 Best site-QuickDraw  | Epoch:9 | Val Acc: 0.5238
 Best site-Real       | Epoch:9 | Val Acc: 0.9524
 Best site-Real       | Epoch:9 | Val Acc: 0.9524
 Best site-Sketch     | Epoch:9 | Val Acc: 0.9524
 Best site-Sketch     | Epoch:9 | Val Acc: 0.9524
 Saving the local and server checkpoint to ../checkpoint/fed_domainnet_even_alignonce/FedPrompt...
===2023-03-24 14:28:31===
===2023-03-24 14:31:24===
===Setting===
    dataset: domainnet
    lr: 0.01
    batch: 8
    iters: 300
    wk_iters: 1
Loading snapshots...
 Test site-Clipart   | Epoch:9 | Test Acc: 0.8308
 Test site-Infograph | Epoch:9 | Test Acc: 0.5053
 Test site-Painting  | Epoch:9 | Test Acc: 0.8498
 Test site-QuickDraw | Epoch:9 | Test Acc: 0.5320
 Test site-Real      | Epoch:9 | Test Acc: 0.9162
 Test site-Sketch    | Epoch:9 | Test Acc: 0.8069
Average Test Accuracy: 0.7402
