===2023-08-14 11:30:02===
===Setting===
    dataset: domainnet
    lr: 0.01
    batch: 32
    iters: 10
    wk_iters: 1
    si: False
    domain_num: 6
    quantile: 0
    power_cs: 1
    std_rw: False
    gender_label: False
    binary_race: False
    save_iter: -1
    mix5: False
    power_relu: 1
    Ea_val: False
data_number=[63,189,63,189,63,189,63,189,63,189,63,189,
client_nums=[2,2,2,2,2,2,]
len_dataset=[2103,2103,2103,2103,2103,2103,]
domain number = 6
Loading snapshots...
 Test site-Clipart-0                 (3)| Epoch:49 | Test Acc: 0.8626
 Test site-Clipart-1                 (3)| Epoch:49 | Test Acc: 0.8782
 Test site-Real-0                    (2)| Epoch:49 | Test Acc: 0.9408
 Test site-Real-1                    (2)| Epoch:49 | Test Acc: 0.9430
 Test site-Painting-0                (5)| Epoch:49 | Test Acc: 0.9026
 Test site-Painting-1                (5)| Epoch:49 | Test Acc: 0.9267
 Test site-Sketch-0                  (4)| Epoch:49 | Test Acc: 0.8696
 Test site-Sketch-1                  (4)| Epoch:49 | Test Acc: 0.8940
 Test site-QuickDraw-0               (1)| Epoch:49 | Test Acc: 0.8000
 Test site-QuickDraw-1               (1)| Epoch:49 | Test Acc: 0.8053
 Test site-Infograph-0               (0)| Epoch:49 | Test Acc: 0.6159
 Test site-Infograph-1               (0)| Epoch:49 | Test Acc: 0.6402
Clipart-0: 0.8626, Clipart-1: 0.8782, Real-0: 0.9408, Real-1: 0.9430, Painting-0: 0.9026, Painting-1: 0.9267, Sketch-0: 0.8696, Sketch-1: 0.8940, QuickDraw-0: 0.8000, QuickDraw-1: 0.8053, Infograph-0: 0.6159, Infograph-1: 0.6402, 
Average Test Accuracy(group): 0.8399, Average Test Accuracy(individual): 0.8399,
domain std=0.1044, cluster std=0.1040, individual std=0.1044, 
