===2023-08-14 11:35:03===
===Setting===
    dataset: domainnet
    lr: 0.01
    batch: 32
    iters: 10
    wk_iters: 1
    si: False
    domain_num: 6
    quantile: 0
    power_cs: 1
    std_rw: False
    gender_label: False
    binary_race: False
    save_iter: -1
    mix5: False
    power_relu: 1
    Ea_val: False
data_number=[63,189,63,189,63,189,63,189,63,189,63,189,
client_nums=[2,2,2,2,2,2,]
len_dataset=[2103,2103,2103,2103,2103,2103,]
domain number = 6
Loading snapshots...
 Test site-Clipart-0                 (3)| Epoch:46 | Test Acc: 0.8931
 Test site-Clipart-1                 (3)| Epoch:46 | Test Acc: 0.9162
 Test site-Real-0                    (2)| Epoch:46 | Test Acc: 0.9671
 Test site-Real-1                    (2)| Epoch:46 | Test Acc: 0.9507
 Test site-Painting-0                (5)| Epoch:46 | Test Acc: 0.9481
 Test site-Painting-1                (5)| Epoch:46 | Test Acc: 0.9030
 Test site-Sketch-0                  (4)| Epoch:46 | Test Acc: 0.8986
 Test site-Sketch-1                  (4)| Epoch:46 | Test Acc: 0.8964
 Test site-QuickDraw-0               (1)| Epoch:46 | Test Acc: 0.6640
 Test site-QuickDraw-1               (1)| Epoch:46 | Test Acc: 0.6880
 Test site-Infograph-0               (0)| Epoch:46 | Test Acc: 0.5610
 Test site-Infograph-1               (0)| Epoch:46 | Test Acc: 0.5407
Clipart-0: 0.8931, Clipart-1: 0.9162, Real-0: 0.9671, Real-1: 0.9507, Painting-0: 0.9481, Painting-1: 0.9030, Sketch-0: 0.8986, Sketch-1: 0.8964, QuickDraw-0: 0.6640, QuickDraw-1: 0.6880, Infograph-0: 0.5610, Infograph-1: 0.5407, 
Average Test Accuracy(group): 0.8189, Average Test Accuracy(individual): 0.8189,
domain std=0.1515, cluster std=0.1510, individual std=0.1515, 
