===2023-03-25 20:29:11===
===Setting===
    dataset: domainnet
    lr: 0.01
    batch: 16
    iters: 10
    wk_iters: 5
domain number = 3
============ Train epoch 0 ============
============ Train epoch 1 ============
============ Train epoch 2 ============
============ Train epoch 3 ============
============ Train epoch 4 ============
 Site-Clipart   | Train Loss: 1.9867 | Train Acc: 0.4286
 Site-Clipart   | Train Loss: 1.9259 | Train Acc: 0.4286
 Site-Clipart   | Train Loss: 1.8735 | Train Acc: 0.5397
 Site-Clipart   | Train Loss: 1.8777 | Train Acc: 0.4762
 Site-Clipart   | Train Loss: 2.0682 | Train Acc: 0.3492
 Site-Clipart   | Train Loss: 2.0530 | Train Acc: 0.3175
 Site-Infograph | Train Loss: 2.1851 | Train Acc: 0.1746
 Site-Infograph | Train Loss: 2.1696 | Train Acc: 0.2698
 Site-Infograph | Train Loss: 2.0549 | Train Acc: 0.3492
 Site-Painting  | Train Loss: 1.9859 | Train Acc: 0.4286
 Site-QuickDraw | Train Loss: 2.2886 | Train Acc: 0.1587
 Site-Real      | Train Loss: 1.8935 | Train Acc: 0.5238
 Site-Sketch    | Train Loss: 1.8664 | Train Acc: 0.5873
 Site-Clipart   | Val  Loss: 2.0613 | Val  Acc: 0.3571
 Site-Clipart   | Val  Loss: 1.8521 | Val  Acc: 0.4524
 Site-Clipart   | Val  Loss: 1.8666 | Val  Acc: 0.5000
 Site-Clipart   | Val  Loss: 1.8774 | Val  Acc: 0.5000
 Site-Clipart   | Val  Loss: 1.8844 | Val  Acc: 0.4286
 Site-Clipart   | Val  Loss: 1.9638 | Val  Acc: 0.4524
 Site-Infograph | Val  Loss: 2.1487 | Val  Acc: 0.2619
 Site-Infograph | Val  Loss: 2.1624 | Val  Acc: 0.2381
 Site-Infograph | Val  Loss: 2.1645 | Val  Acc: 0.2381
 Site-Painting  | Val  Loss: 2.0694 | Val  Acc: 0.3810
 Site-QuickDraw | Val  Loss: 2.2497 | Val  Acc: 0.1667
 Site-Real      | Val  Loss: 1.9559 | Val  Acc: 0.4524
 Site-Sketch    | Val  Loss: 2.0346 | Val  Acc: 0.4286
Average Valid Accuracy: 0.3736
 Best site-Clipart    | Epoch:0 | Val Acc: 0.3571
 Best site-Clipart    | Epoch:0 | Val Acc: 0.4524
 Best site-Clipart    | Epoch:0 | Val Acc: 0.5000
 Best site-Clipart    | Epoch:0 | Val Acc: 0.5000
 Best site-Clipart    | Epoch:0 | Val Acc: 0.4286
 Best site-Clipart    | Epoch:0 | Val Acc: 0.4524
 Best site-Infograph  | Epoch:0 | Val Acc: 0.2619
 Best site-Infograph  | Epoch:0 | Val Acc: 0.2381
 Best site-Infograph  | Epoch:0 | Val Acc: 0.2381
 Best site-Painting   | Epoch:0 | Val Acc: 0.3810
 Best site-QuickDraw  | Epoch:0 | Val Acc: 0.1667
 Best site-Real       | Epoch:0 | Val Acc: 0.4524
 Best site-Sketch     | Epoch:0 | Val Acc: 0.4286
 Saving the local and server checkpoint to ../checkpoint/fed_domainnet_uneven-2-sqrt/FedPrompt...
============ Train epoch 5 ============
============ Train epoch 6 ============
============ Train epoch 7 ============
============ Train epoch 8 ============
============ Train epoch 9 ============
 Site-Clipart   | Train Loss: 1.6392 | Train Acc: 0.5556
 Site-Clipart   | Train Loss: 1.7007 | Train Acc: 0.4921
 Site-Clipart   | Train Loss: 1.5111 | Train Acc: 0.6667
 Site-Clipart   | Train Loss: 1.5273 | Train Acc: 0.6825
 Site-Clipart   | Train Loss: 1.7582 | Train Acc: 0.4921
 Site-Clipart   | Train Loss: 1.6862 | Train Acc: 0.5397
 Site-Infograph | Train Loss: 2.1106 | Train Acc: 0.2698
 Site-Infograph | Train Loss: 2.0286 | Train Acc: 0.3651
 Site-Infograph | Train Loss: 1.8943 | Train Acc: 0.5079
 Site-Painting  | Train Loss: 1.6030 | Train Acc: 0.5873
 Site-QuickDraw | Train Loss: 2.2495 | Train Acc: 0.1270
 Site-Real      | Train Loss: 1.4317 | Train Acc: 0.7937
 Site-Sketch    | Train Loss: 1.4671 | Train Acc: 0.6984
 Site-Clipart   | Val  Loss: 1.7338 | Val  Acc: 0.5714
 Site-Clipart   | Val  Loss: 1.4574 | Val  Acc: 0.7143
 Site-Clipart   | Val  Loss: 1.4556 | Val  Acc: 0.6667
 Site-Clipart   | Val  Loss: 1.4066 | Val  Acc: 0.7381
 Site-Clipart   | Val  Loss: 1.6651 | Val  Acc: 0.5238
 Site-Clipart   | Val  Loss: 1.6788 | Val  Acc: 0.5238
 Site-Infograph | Val  Loss: 2.0062 | Val  Acc: 0.3571
 Site-Infograph | Val  Loss: 2.0405 | Val  Acc: 0.4286
 Site-Infograph | Val  Loss: 2.1857 | Val  Acc: 0.2143
 Site-Painting  | Val  Loss: 1.8086 | Val  Acc: 0.4762
 Site-QuickDraw | Val  Loss: 2.2122 | Val  Acc: 0.2381
 Site-Real      | Val  Loss: 1.5170 | Val  Acc: 0.7143
 Site-Sketch    | Val  Loss: 1.6926 | Val  Acc: 0.4286
Average Valid Accuracy: 0.5073
 Best site-Clipart    | Epoch:1 | Val Acc: 0.5714
 Best site-Clipart    | Epoch:1 | Val Acc: 0.7143
 Best site-Clipart    | Epoch:1 | Val Acc: 0.6667
 Best site-Clipart    | Epoch:1 | Val Acc: 0.7381
 Best site-Clipart    | Epoch:1 | Val Acc: 0.5238
 Best site-Clipart    | Epoch:1 | Val Acc: 0.5238
 Best site-Infograph  | Epoch:1 | Val Acc: 0.3571
 Best site-Infograph  | Epoch:1 | Val Acc: 0.4286
 Best site-Infograph  | Epoch:1 | Val Acc: 0.2143
 Best site-Painting   | Epoch:1 | Val Acc: 0.4762
 Best site-QuickDraw  | Epoch:1 | Val Acc: 0.2381
 Best site-Real       | Epoch:1 | Val Acc: 0.7143
 Best site-Sketch     | Epoch:1 | Val Acc: 0.4286
 Saving the local and server checkpoint to ../checkpoint/fed_domainnet_uneven-2-sqrt/FedPrompt...
============ Train epoch 10 ============
============ Train epoch 11 ============
============ Train epoch 12 ============
============ Train epoch 13 ============
============ Train epoch 14 ============
 Site-Clipart   | Train Loss: 1.3130 | Train Acc: 0.6984
 Site-Clipart   | Train Loss: 1.3283 | Train Acc: 0.7619
 Site-Clipart   | Train Loss: 1.1361 | Train Acc: 0.7937
 Site-Clipart   | Train Loss: 1.1832 | Train Acc: 0.7619
 Site-Clipart   | Train Loss: 1.3389 | Train Acc: 0.7619
 Site-Clipart   | Train Loss: 1.4307 | Train Acc: 0.6508
 Site-Infograph | Train Loss: 1.9449 | Train Acc: 0.3968
 Site-Infograph | Train Loss: 1.7570 | Train Acc: 0.4603
 Site-Infograph | Train Loss: 1.5971 | Train Acc: 0.6032
 Site-Painting  | Train Loss: 1.2738 | Train Acc: 0.7619
 Site-QuickDraw | Train Loss: 2.2560 | Train Acc: 0.2381
 Site-Real      | Train Loss: 1.1657 | Train Acc: 0.7778
 Site-Sketch    | Train Loss: 1.2502 | Train Acc: 0.6825
 Site-Clipart   | Val  Loss: 1.3194 | Val  Acc: 0.7143
 Site-Clipart   | Val  Loss: 1.1968 | Val  Acc: 0.7619
 Site-Clipart   | Val  Loss: 1.1192 | Val  Acc: 0.7619
 Site-Clipart   | Val  Loss: 1.1065 | Val  Acc: 0.8095
 Site-Clipart   | Val  Loss: 1.3012 | Val  Acc: 0.7143
 Site-Clipart   | Val  Loss: 1.2975 | Val  Acc: 0.7143
 Site-Infograph | Val  Loss: 1.5194 | Val  Acc: 0.6667
 Site-Infograph | Val  Loss: 1.7377 | Val  Acc: 0.5000
 Site-Infograph | Val  Loss: 1.9682 | Val  Acc: 0.2619
 Site-Painting  | Val  Loss: 1.4219 | Val  Acc: 0.5952
 Site-QuickDraw | Val  Loss: 2.2524 | Val  Acc: 0.2857
 Site-Real      | Val  Loss: 1.1462 | Val  Acc: 0.8333
 Site-Sketch    | Val  Loss: 1.4363 | Val  Acc: 0.6429
Average Valid Accuracy: 0.6355
 Best site-Clipart    | Epoch:2 | Val Acc: 0.7143
 Best site-Clipart    | Epoch:2 | Val Acc: 0.7619
 Best site-Clipart    | Epoch:2 | Val Acc: 0.7619
 Best site-Clipart    | Epoch:2 | Val Acc: 0.8095
 Best site-Clipart    | Epoch:2 | Val Acc: 0.7143
 Best site-Clipart    | Epoch:2 | Val Acc: 0.7143
 Best site-Infograph  | Epoch:2 | Val Acc: 0.6667
 Best site-Infograph  | Epoch:2 | Val Acc: 0.5000
 Best site-Infograph  | Epoch:2 | Val Acc: 0.2619
 Best site-Painting   | Epoch:2 | Val Acc: 0.5952
 Best site-QuickDraw  | Epoch:2 | Val Acc: 0.2857
 Best site-Real       | Epoch:2 | Val Acc: 0.8333
 Best site-Sketch     | Epoch:2 | Val Acc: 0.6429
 Saving the local and server checkpoint to ../checkpoint/fed_domainnet_uneven-2-sqrt/FedPrompt...
============ Train epoch 15 ============
============ Train epoch 16 ============
============ Train epoch 17 ============
============ Train epoch 18 ============
============ Train epoch 19 ============
 Site-Clipart   | Train Loss: 1.0874 | Train Acc: 0.7460
 Site-Clipart   | Train Loss: 1.1644 | Train Acc: 0.7143
 Site-Clipart   | Train Loss: 0.9163 | Train Acc: 0.8571
 Site-Clipart   | Train Loss: 0.8215 | Train Acc: 0.9048
 Site-Clipart   | Train Loss: 1.1360 | Train Acc: 0.8254
 Site-Clipart   | Train Loss: 1.1050 | Train Acc: 0.8413
 Site-Infograph | Train Loss: 1.8217 | Train Acc: 0.3333
 Site-Infograph | Train Loss: 1.7242 | Train Acc: 0.3492
 Site-Infograph | Train Loss: 1.4829 | Train Acc: 0.5873
 Site-Painting  | Train Loss: 1.0688 | Train Acc: 0.8095
 Site-QuickDraw | Train Loss: 2.0440 | Train Acc: 0.3016
 Site-Real      | Train Loss: 0.7451 | Train Acc: 0.9048
 Site-Sketch    | Train Loss: 1.0085 | Train Acc: 0.7937
 Site-Clipart   | Val  Loss: 1.0700 | Val  Acc: 0.8095
 Site-Clipart   | Val  Loss: 0.8140 | Val  Acc: 0.9048
 Site-Clipart   | Val  Loss: 0.8202 | Val  Acc: 0.8810
 Site-Clipart   | Val  Loss: 0.8238 | Val  Acc: 0.8810
 Site-Clipart   | Val  Loss: 1.1168 | Val  Acc: 0.7381
 Site-Clipart   | Val  Loss: 1.1137 | Val  Acc: 0.6905
 Site-Infograph | Val  Loss: 1.5758 | Val  Acc: 0.5000
 Site-Infograph | Val  Loss: 1.5378 | Val  Acc: 0.5238
 Site-Infograph | Val  Loss: 2.0090 | Val  Acc: 0.2857
 Site-Painting  | Val  Loss: 1.2864 | Val  Acc: 0.7143
 Site-QuickDraw | Val  Loss: 2.1026 | Val  Acc: 0.2857
 Site-Real      | Val  Loss: 0.7702 | Val  Acc: 0.9286
 Site-Sketch    | Val  Loss: 1.1431 | Val  Acc: 0.7619
Average Valid Accuracy: 0.6850
 Best site-Clipart    | Epoch:3 | Val Acc: 0.8095
 Best site-Clipart    | Epoch:3 | Val Acc: 0.9048
 Best site-Clipart    | Epoch:3 | Val Acc: 0.8810
 Best site-Clipart    | Epoch:3 | Val Acc: 0.8810
 Best site-Clipart    | Epoch:3 | Val Acc: 0.7381
 Best site-Clipart    | Epoch:3 | Val Acc: 0.6905
 Best site-Infograph  | Epoch:3 | Val Acc: 0.5000
 Best site-Infograph  | Epoch:3 | Val Acc: 0.5238
 Best site-Infograph  | Epoch:3 | Val Acc: 0.2857
 Best site-Painting   | Epoch:3 | Val Acc: 0.7143
 Best site-QuickDraw  | Epoch:3 | Val Acc: 0.2857
 Best site-Real       | Epoch:3 | Val Acc: 0.9286
 Best site-Sketch     | Epoch:3 | Val Acc: 0.7619
 Saving the local and server checkpoint to ../checkpoint/fed_domainnet_uneven-2-sqrt/FedPrompt...
============ Train epoch 20 ============
============ Train epoch 21 ============
============ Train epoch 22 ============
============ Train epoch 23 ============
============ Train epoch 24 ============
 Site-Clipart   | Train Loss: 0.8123 | Train Acc: 0.8571
 Site-Clipart   | Train Loss: 0.8838 | Train Acc: 0.7460
 Site-Clipart   | Train Loss: 0.7063 | Train Acc: 0.8730
 Site-Clipart   | Train Loss: 0.6317 | Train Acc: 0.8730
 Site-Clipart   | Train Loss: 0.8729 | Train Acc: 0.8254
 Site-Clipart   | Train Loss: 0.9460 | Train Acc: 0.8095
 Site-Infograph | Train Loss: 1.6300 | Train Acc: 0.5556
 Site-Infograph | Train Loss: 1.4961 | Train Acc: 0.5397
 Site-Infograph | Train Loss: 1.1494 | Train Acc: 0.7143
 Site-Painting  | Train Loss: 0.8991 | Train Acc: 0.8254
 Site-QuickDraw | Train Loss: 2.0021 | Train Acc: 0.3810
 Site-Real      | Train Loss: 0.6554 | Train Acc: 0.8889
 Site-Sketch    | Train Loss: 0.8737 | Train Acc: 0.7937
 Site-Clipart   | Val  Loss: 0.9092 | Val  Acc: 0.7619
 Site-Clipart   | Val  Loss: 0.7238 | Val  Acc: 0.8333
 Site-Clipart   | Val  Loss: 0.5959 | Val  Acc: 0.8810
 Site-Clipart   | Val  Loss: 0.6083 | Val  Acc: 0.8810
 Site-Clipart   | Val  Loss: 0.8883 | Val  Acc: 0.7143
 Site-Clipart   | Val  Loss: 0.8921 | Val  Acc: 0.7381
 Site-Infograph | Val  Loss: 1.2170 | Val  Acc: 0.6667
 Site-Infograph | Val  Loss: 1.4063 | Val  Acc: 0.6667
 Site-Infograph | Val  Loss: 1.7586 | Val  Acc: 0.4524
 Site-Painting  | Val  Loss: 1.1395 | Val  Acc: 0.7619
 Site-QuickDraw | Val  Loss: 2.0458 | Val  Acc: 0.3571
 Site-Real      | Val  Loss: 0.6541 | Val  Acc: 0.8810
 Site-Sketch    | Val  Loss: 1.0950 | Val  Acc: 0.7381
Average Valid Accuracy: 0.7179
 Best site-Clipart    | Epoch:4 | Val Acc: 0.7619
 Best site-Clipart    | Epoch:4 | Val Acc: 0.8333
 Best site-Clipart    | Epoch:4 | Val Acc: 0.8810
 Best site-Clipart    | Epoch:4 | Val Acc: 0.8810
 Best site-Clipart    | Epoch:4 | Val Acc: 0.7143
 Best site-Clipart    | Epoch:4 | Val Acc: 0.7381
 Best site-Infograph  | Epoch:4 | Val Acc: 0.6667
 Best site-Infograph  | Epoch:4 | Val Acc: 0.6667
 Best site-Infograph  | Epoch:4 | Val Acc: 0.4524
 Best site-Painting   | Epoch:4 | Val Acc: 0.7619
 Best site-QuickDraw  | Epoch:4 | Val Acc: 0.3571
 Best site-Real       | Epoch:4 | Val Acc: 0.8810
 Best site-Sketch     | Epoch:4 | Val Acc: 0.7381
 Saving the local and server checkpoint to ../checkpoint/fed_domainnet_uneven-2-sqrt/FedPrompt...
============ Train epoch 25 ============
============ Train epoch 26 ============
============ Train epoch 27 ============
============ Train epoch 28 ============
============ Train epoch 29 ============
 Site-Clipart   | Train Loss: 0.6132 | Train Acc: 0.8571
 Site-Clipart   | Train Loss: 0.6993 | Train Acc: 0.8413
 Site-Clipart   | Train Loss: 0.5384 | Train Acc: 0.9365
 Site-Clipart   | Train Loss: 0.5058 | Train Acc: 0.8730
 Site-Clipart   | Train Loss: 0.7497 | Train Acc: 0.7778
 Site-Clipart   | Train Loss: 0.7532 | Train Acc: 0.8571
 Site-Infograph | Train Loss: 1.6257 | Train Acc: 0.4444
 Site-Infograph | Train Loss: 1.4227 | Train Acc: 0.4921
 Site-Infograph | Train Loss: 1.0576 | Train Acc: 0.7460
 Site-Painting  | Train Loss: 0.6266 | Train Acc: 0.8889
 Site-QuickDraw | Train Loss: 1.9340 | Train Acc: 0.3651
 Site-Real      | Train Loss: 0.4586 | Train Acc: 0.9206
 Site-Sketch    | Train Loss: 0.6622 | Train Acc: 0.8571
 Site-Clipart   | Val  Loss: 0.7131 | Val  Acc: 0.8571
 Site-Clipart   | Val  Loss: 0.5247 | Val  Acc: 0.8810
 Site-Clipart   | Val  Loss: 0.5122 | Val  Acc: 0.8810
 Site-Clipart   | Val  Loss: 0.4194 | Val  Acc: 1.0000
 Site-Clipart   | Val  Loss: 0.7423 | Val  Acc: 0.8333
 Site-Clipart   | Val  Loss: 0.6833 | Val  Acc: 0.8810
 Site-Infograph | Val  Loss: 1.1318 | Val  Acc: 0.7143
 Site-Infograph | Val  Loss: 1.3635 | Val  Acc: 0.5714
 Site-Infograph | Val  Loss: 1.6237 | Val  Acc: 0.4286
 Site-Painting  | Val  Loss: 0.9404 | Val  Acc: 0.8333
 Site-QuickDraw | Val  Loss: 2.1721 | Val  Acc: 0.2857
 Site-Real      | Val  Loss: 0.4465 | Val  Acc: 0.9524
 Site-Sketch    | Val  Loss: 0.8955 | Val  Acc: 0.7857
Average Valid Accuracy: 0.7619
 Best site-Clipart    | Epoch:5 | Val Acc: 0.8571
 Best site-Clipart    | Epoch:5 | Val Acc: 0.8810
 Best site-Clipart    | Epoch:5 | Val Acc: 0.8810
 Best site-Clipart    | Epoch:5 | Val Acc: 1.0000
 Best site-Clipart    | Epoch:5 | Val Acc: 0.8333
 Best site-Clipart    | Epoch:5 | Val Acc: 0.8810
 Best site-Infograph  | Epoch:5 | Val Acc: 0.7143
 Best site-Infograph  | Epoch:5 | Val Acc: 0.5714
 Best site-Infograph  | Epoch:5 | Val Acc: 0.4286
 Best site-Painting   | Epoch:5 | Val Acc: 0.8333
 Best site-QuickDraw  | Epoch:5 | Val Acc: 0.2857
 Best site-Real       | Epoch:5 | Val Acc: 0.9524
 Best site-Sketch     | Epoch:5 | Val Acc: 0.7857
 Saving the local and server checkpoint to ../checkpoint/fed_domainnet_uneven-2-sqrt/FedPrompt...
============ Train epoch 30 ============
============ Train epoch 31 ============
============ Train epoch 32 ============
============ Train epoch 33 ============
============ Train epoch 34 ============
 Site-Clipart   | Train Loss: 0.5689 | Train Acc: 0.8730
 Site-Clipart   | Train Loss: 0.7823 | Train Acc: 0.8095
 Site-Clipart   | Train Loss: 0.5427 | Train Acc: 0.9048
 Site-Clipart   | Train Loss: 0.4234 | Train Acc: 0.8889
 Site-Clipart   | Train Loss: 0.7505 | Train Acc: 0.8413
 Site-Clipart   | Train Loss: 0.6668 | Train Acc: 0.8571
 Site-Infograph | Train Loss: 1.5485 | Train Acc: 0.4127
 Site-Infograph | Train Loss: 1.2584 | Train Acc: 0.6508
 Site-Infograph | Train Loss: 1.0934 | Train Acc: 0.6825
 Site-Painting  | Train Loss: 0.6020 | Train Acc: 0.8571
 Site-QuickDraw | Train Loss: 1.7262 | Train Acc: 0.4603
 Site-Real      | Train Loss: 0.3888 | Train Acc: 0.9206
 Site-Sketch    | Train Loss: 0.7099 | Train Acc: 0.8413
 Site-Clipart   | Val  Loss: 0.6257 | Val  Acc: 0.8095
 Site-Clipart   | Val  Loss: 0.4417 | Val  Acc: 0.8571
 Site-Clipart   | Val  Loss: 0.3726 | Val  Acc: 0.9048
 Site-Clipart   | Val  Loss: 0.4835 | Val  Acc: 0.8810
 Site-Clipart   | Val  Loss: 0.7516 | Val  Acc: 0.7857
 Site-Clipart   | Val  Loss: 0.6829 | Val  Acc: 0.8095
 Site-Infograph | Val  Loss: 1.0756 | Val  Acc: 0.6667
 Site-Infograph | Val  Loss: 1.1981 | Val  Acc: 0.6429
 Site-Infograph | Val  Loss: 1.6312 | Val  Acc: 0.4524
 Site-Painting  | Val  Loss: 0.8842 | Val  Acc: 0.8333
 Site-QuickDraw | Val  Loss: 1.7366 | Val  Acc: 0.5000
 Site-Real      | Val  Loss: 0.4503 | Val  Acc: 0.8571
 Site-Sketch    | Val  Loss: 0.8265 | Val  Acc: 0.8571
Average Valid Accuracy: 0.7582
============ Train epoch 35 ============
============ Train epoch 36 ============
============ Train epoch 37 ============
============ Train epoch 38 ============
============ Train epoch 39 ============
 Site-Clipart   | Train Loss: 0.4907 | Train Acc: 0.9048
 Site-Clipart   | Train Loss: 0.6428 | Train Acc: 0.7937
 Site-Clipart   | Train Loss: 0.3369 | Train Acc: 0.9365
 Site-Clipart   | Train Loss: 0.2575 | Train Acc: 0.9841
 Site-Clipart   | Train Loss: 0.4797 | Train Acc: 0.9048
 Site-Clipart   | Train Loss: 0.5960 | Train Acc: 0.8571
 Site-Infograph | Train Loss: 1.4196 | Train Acc: 0.4921
 Site-Infograph | Train Loss: 1.2195 | Train Acc: 0.5873
 Site-Infograph | Train Loss: 0.9119 | Train Acc: 0.6984
 Site-Painting  | Train Loss: 0.5536 | Train Acc: 0.8254
 Site-QuickDraw | Train Loss: 1.7450 | Train Acc: 0.4286
 Site-Real      | Train Loss: 0.3421 | Train Acc: 0.9206
 Site-Sketch    | Train Loss: 0.4518 | Train Acc: 0.9048
 Site-Clipart   | Val  Loss: 0.4647 | Val  Acc: 0.8810
 Site-Clipart   | Val  Loss: 0.2843 | Val  Acc: 1.0000
 Site-Clipart   | Val  Loss: 0.3105 | Val  Acc: 0.9762
 Site-Clipart   | Val  Loss: 0.3076 | Val  Acc: 0.9762
 Site-Clipart   | Val  Loss: 0.6438 | Val  Acc: 0.8095
 Site-Clipart   | Val  Loss: 0.5798 | Val  Acc: 0.8571
 Site-Infograph | Val  Loss: 0.9300 | Val  Acc: 0.7381
 Site-Infograph | Val  Loss: 1.0773 | Val  Acc: 0.6905
 Site-Infograph | Val  Loss: 1.7825 | Val  Acc: 0.4048
 Site-Painting  | Val  Loss: 0.8414 | Val  Acc: 0.7143
 Site-QuickDraw | Val  Loss: 1.7766 | Val  Acc: 0.5000
 Site-Real      | Val  Loss: 0.3462 | Val  Acc: 0.9286
 Site-Sketch    | Val  Loss: 0.7753 | Val  Acc: 0.7857
Average Valid Accuracy: 0.7894
 Best site-Clipart    | Epoch:7 | Val Acc: 0.8810
 Best site-Clipart    | Epoch:7 | Val Acc: 1.0000
 Best site-Clipart    | Epoch:7 | Val Acc: 0.9762
 Best site-Clipart    | Epoch:7 | Val Acc: 0.9762
 Best site-Clipart    | Epoch:7 | Val Acc: 0.8095
 Best site-Clipart    | Epoch:7 | Val Acc: 0.8571
 Best site-Infograph  | Epoch:7 | Val Acc: 0.7381
 Best site-Infograph  | Epoch:7 | Val Acc: 0.6905
 Best site-Infograph  | Epoch:7 | Val Acc: 0.4048
 Best site-Painting   | Epoch:7 | Val Acc: 0.7143
 Best site-QuickDraw  | Epoch:7 | Val Acc: 0.5000
 Best site-Real       | Epoch:7 | Val Acc: 0.9286
 Best site-Sketch     | Epoch:7 | Val Acc: 0.7857
 Saving the local and server checkpoint to ../checkpoint/fed_domainnet_uneven-2-sqrt/FedPrompt...
============ Train epoch 40 ============
============ Train epoch 41 ============
============ Train epoch 42 ============
============ Train epoch 43 ============
============ Train epoch 44 ============
 Site-Clipart   | Train Loss: 0.3259 | Train Acc: 0.9365
 Site-Clipart   | Train Loss: 0.4319 | Train Acc: 0.8889
 Site-Clipart   | Train Loss: 0.3292 | Train Acc: 0.9206
 Site-Clipart   | Train Loss: 0.2444 | Train Acc: 0.9524
 Site-Clipart   | Train Loss: 0.4438 | Train Acc: 0.9048
 Site-Clipart   | Train Loss: 0.5434 | Train Acc: 0.8254
 Site-Infograph | Train Loss: 1.3782 | Train Acc: 0.4444
 Site-Infograph | Train Loss: 1.0067 | Train Acc: 0.7302
 Site-Infograph | Train Loss: 0.7894 | Train Acc: 0.7778
 Site-Painting  | Train Loss: 0.4135 | Train Acc: 0.8730
 Site-QuickDraw | Train Loss: 1.7302 | Train Acc: 0.4603
 Site-Real      | Train Loss: 0.3406 | Train Acc: 0.9206
 Site-Sketch    | Train Loss: 0.4681 | Train Acc: 0.9048
 Site-Clipart   | Val  Loss: 0.4676 | Val  Acc: 0.9048
 Site-Clipart   | Val  Loss: 0.3332 | Val  Acc: 0.9524
 Site-Clipart   | Val  Loss: 0.2855 | Val  Acc: 0.9286
 Site-Clipart   | Val  Loss: 0.2838 | Val  Acc: 0.9524
 Site-Clipart   | Val  Loss: 0.5160 | Val  Acc: 0.8810
 Site-Clipart   | Val  Loss: 0.4256 | Val  Acc: 0.9286
 Site-Infograph | Val  Loss: 0.7445 | Val  Acc: 0.7857
 Site-Infograph | Val  Loss: 0.9434 | Val  Acc: 0.8095
 Site-Infograph | Val  Loss: 1.2960 | Val  Acc: 0.5476
 Site-Painting  | Val  Loss: 0.6247 | Val  Acc: 0.8333
 Site-QuickDraw | Val  Loss: 1.8525 | Val  Acc: 0.4524
 Site-Real      | Val  Loss: 0.3701 | Val  Acc: 0.8810
 Site-Sketch    | Val  Loss: 0.7066 | Val  Acc: 0.8333
Average Valid Accuracy: 0.8223
 Best site-Clipart    | Epoch:8 | Val Acc: 0.9048
 Best site-Clipart    | Epoch:8 | Val Acc: 0.9524
 Best site-Clipart    | Epoch:8 | Val Acc: 0.9286
 Best site-Clipart    | Epoch:8 | Val Acc: 0.9524
 Best site-Clipart    | Epoch:8 | Val Acc: 0.8810
 Best site-Clipart    | Epoch:8 | Val Acc: 0.9286
 Best site-Infograph  | Epoch:8 | Val Acc: 0.7857
 Best site-Infograph  | Epoch:8 | Val Acc: 0.8095
 Best site-Infograph  | Epoch:8 | Val Acc: 0.5476
 Best site-Painting   | Epoch:8 | Val Acc: 0.8333
 Best site-QuickDraw  | Epoch:8 | Val Acc: 0.4524
 Best site-Real       | Epoch:8 | Val Acc: 0.8810
 Best site-Sketch     | Epoch:8 | Val Acc: 0.8333
 Saving the local and server checkpoint to ../checkpoint/fed_domainnet_uneven-2-sqrt/FedPrompt...
============ Train epoch 45 ============
============ Train epoch 46 ============
============ Train epoch 47 ============
============ Train epoch 48 ============
============ Train epoch 49 ============
 Site-Clipart   | Train Loss: 0.2719 | Train Acc: 0.9524
 Site-Clipart   | Train Loss: 0.3787 | Train Acc: 0.9048
 Site-Clipart   | Train Loss: 0.2394 | Train Acc: 0.9524
 Site-Clipart   | Train Loss: 0.1808 | Train Acc: 0.9683
 Site-Clipart   | Train Loss: 0.3391 | Train Acc: 0.9683
 Site-Clipart   | Train Loss: 0.4035 | Train Acc: 0.9365
 Site-Infograph | Train Loss: 1.0883 | Train Acc: 0.6190
 Site-Infograph | Train Loss: 1.0934 | Train Acc: 0.6667
 Site-Infograph | Train Loss: 0.7147 | Train Acc: 0.7937
 Site-Painting  | Train Loss: 0.3662 | Train Acc: 0.9206
 Site-QuickDraw | Train Loss: 1.7091 | Train Acc: 0.4762
 Site-Real      | Train Loss: 0.2775 | Train Acc: 0.9365
 Site-Sketch    | Train Loss: 0.3649 | Train Acc: 0.8889
 Site-Clipart   | Val  Loss: 0.2531 | Val  Acc: 0.9762
 Site-Clipart   | Val  Loss: 0.1741 | Val  Acc: 0.9524
 Site-Clipart   | Val  Loss: 0.1497 | Val  Acc: 0.9762
 Site-Clipart   | Val  Loss: 0.1828 | Val  Acc: 1.0000
 Site-Clipart   | Val  Loss: 0.4322 | Val  Acc: 0.9286
 Site-Clipart   | Val  Loss: 0.3561 | Val  Acc: 0.9524
 Site-Infograph | Val  Loss: 0.6994 | Val  Acc: 0.7857
 Site-Infograph | Val  Loss: 0.8697 | Val  Acc: 0.7857
 Site-Infograph | Val  Loss: 1.2005 | Val  Acc: 0.6190
 Site-Painting  | Val  Loss: 0.5790 | Val  Acc: 0.8810
 Site-QuickDraw | Val  Loss: 1.8957 | Val  Acc: 0.4286
 Site-Real      | Val  Loss: 0.2661 | Val  Acc: 0.9524
 Site-Sketch    | Val  Loss: 0.7086 | Val  Acc: 0.8571
Average Valid Accuracy: 0.8535
 Best site-Clipart    | Epoch:9 | Val Acc: 0.9762
 Best site-Clipart    | Epoch:9 | Val Acc: 0.9524
 Best site-Clipart    | Epoch:9 | Val Acc: 0.9762
 Best site-Clipart    | Epoch:9 | Val Acc: 1.0000
 Best site-Clipart    | Epoch:9 | Val Acc: 0.9286
 Best site-Clipart    | Epoch:9 | Val Acc: 0.9524
 Best site-Infograph  | Epoch:9 | Val Acc: 0.7857
 Best site-Infograph  | Epoch:9 | Val Acc: 0.7857
 Best site-Infograph  | Epoch:9 | Val Acc: 0.6190
 Best site-Painting   | Epoch:9 | Val Acc: 0.8810
 Best site-QuickDraw  | Epoch:9 | Val Acc: 0.4286
 Best site-Real       | Epoch:9 | Val Acc: 0.9524
 Best site-Sketch     | Epoch:9 | Val Acc: 0.8571
 Saving the local and server checkpoint to ../checkpoint/fed_domainnet_uneven-2-sqrt/FedPrompt...
===2023-03-25 21:05:28===
===2023-03-25 21:05:29===
===Setting===
    dataset: domainnet
    lr: 0.01
    batch: 8
    iters: 300
    wk_iters: 1
domain number = 3
Loading snapshots...
 Test site-Clipart   | Epoch:9 | Test Acc: 0.8574
 Test site-Infograph | Epoch:9 | Test Acc: 0.5114
 Test site-Painting  | Epoch:9 | Test Acc: 0.8207
 Test site-QuickDraw | Epoch:9 | Test Acc: 0.4070
 Test site-Real      | Epoch:9 | Test Acc: 0.9219
 Test site-Sketch    | Epoch:9 | Test Acc: 0.8069
Average Test Accuracy: 0.7209
===2023-03-30 19:02:09===
===Setting===
    dataset: domainnet
    lr: 0.01
    batch: 16
    iters: 10
    wk_iters: 5
    tune: False
    lambda for constrastive: 0.5
domain number = 3
===2023-03-30 20:29:33===
===Setting===
    dataset: domainnet
    lr: 0.01
    batch: 16
    iters: 10
    wk_iters: 5
    tune: False
    lambda for constrastive: 0.5
domain number = 3
============ Train epoch 0 ============
============ Train epoch 1 ============
============ Train epoch 2 ============
============ Train epoch 3 ============
============ Train epoch 4 ============
client-0 is in G-1
client-1 is in G-2
client-2 is in G-0
client-3 is in G-2
client-4 is in G-2
client-5 is in G-2
client-6 is in G-1
client-7 is in G-0
client-8 is in G-2
client-9 is in G-0
client-10 is in G-2
client-11 is in G-0
client-12 is in G-2
clients=[(4,)(2,)(7,)]
 Site-Clipart   | Train Loss: 1.9486 | Train Acc: 0.4762
 Site-Clipart   | Train Loss: 1.9203 | Train Acc: 0.4603
 Site-Clipart   | Train Loss: 1.8720 | Train Acc: 0.4603
 Site-Clipart   | Train Loss: 1.8863 | Train Acc: 0.4762
 Site-Clipart   | Train Loss: 2.0163 | Train Acc: 0.3968
 Site-Clipart   | Train Loss: 1.9910 | Train Acc: 0.4127
 Site-Infograph | Train Loss: 2.1927 | Train Acc: 0.1746
 Site-Infograph | Train Loss: 2.1122 | Train Acc: 0.2857
 Site-Infograph | Train Loss: 2.0561 | Train Acc: 0.3810
 Site-Painting  | Train Loss: 2.0035 | Train Acc: 0.4286
 Site-QuickDraw | Train Loss: 2.3013 | Train Acc: 0.1746
 Site-Real      | Train Loss: 1.9000 | Train Acc: 0.5079
 Site-Sketch    | Train Loss: 1.8655 | Train Acc: 0.5714
 Site-Clipart   | Val  Loss: 2.0342 | Val  Acc: 0.2381
 Site-Clipart   | Val  Loss: 1.8162 | Val  Acc: 0.5238
 Site-Clipart   | Val  Loss: 1.8012 | Val  Acc: 0.5476
 Site-Clipart   | Val  Loss: 1.8735 | Val  Acc: 0.5238
 Site-Clipart   | Val  Loss: 1.9421 | Val  Acc: 0.4762
 Site-Clipart   | Val  Loss: 1.9877 | Val  Acc: 0.4048
 Site-Infograph | Val  Loss: 2.0452 | Val  Acc: 0.4286
 Site-Infograph | Val  Loss: 2.1509 | Val  Acc: 0.2381
 Site-Infograph | Val  Loss: 2.1919 | Val  Acc: 0.1905
 Site-Painting  | Val  Loss: 2.0955 | Val  Acc: 0.3333
 Site-QuickDraw | Val  Loss: 2.2446 | Val  Acc: 0.2619
 Site-Real      | Val  Loss: 1.9437 | Val  Acc: 0.5476
 Site-Sketch    | Val  Loss: 1.9631 | Val  Acc: 0.4762
Average Valid Accuracy: 0.3993
 Best site-Clipart    | Epoch:0 | Val Acc: 0.2381
 Best site-Clipart    | Epoch:0 | Val Acc: 0.5238
 Best site-Clipart    | Epoch:0 | Val Acc: 0.5476
 Best site-Clipart    | Epoch:0 | Val Acc: 0.5238
 Best site-Clipart    | Epoch:0 | Val Acc: 0.4762
 Best site-Clipart    | Epoch:0 | Val Acc: 0.4048
 Best site-Infograph  | Epoch:0 | Val Acc: 0.4286
 Best site-Infograph  | Epoch:0 | Val Acc: 0.2381
 Best site-Infograph  | Epoch:0 | Val Acc: 0.1905
 Best site-Painting   | Epoch:0 | Val Acc: 0.3333
 Best site-QuickDraw  | Epoch:0 | Val Acc: 0.2619
 Best site-Real       | Epoch:0 | Val Acc: 0.5476
 Best site-Sketch     | Epoch:0 | Val Acc: 0.4762
 Saving the local and server checkpoint to ../checkpoint/fed_domainnet_uneven-2-sqrt/FedPrompt...
============ Train epoch 5 ============
============ Train epoch 6 ============
============ Train epoch 7 ============
============ Train epoch 8 ============
============ Train epoch 9 ============
client-0 is in G-1
client-1 is in G-2
client-2 is in G-1
client-3 is in G-2
client-4 is in G-1
client-5 is in G-2
client-6 is in G-1
client-7 is in G-0
client-8 is in G-1
client-9 is in G-0
client-10 is in G-1
client-11 is in G-0
client-12 is in G-2
clients=[(3,)(6,)(4,)]
 Site-Clipart   | Train Loss: 1.5213 | Train Acc: 0.6032
 Site-Clipart   | Train Loss: 1.6179 | Train Acc: 0.5397
 Site-Clipart   | Train Loss: 1.4764 | Train Acc: 0.6190
 Site-Clipart   | Train Loss: 1.4383 | Train Acc: 0.7302
 Site-Clipart   | Train Loss: 1.6604 | Train Acc: 0.5556
 Site-Clipart   | Train Loss: 1.5874 | Train Acc: 0.6032
 Site-Infograph | Train Loss: 2.0930 | Train Acc: 0.3016
 Site-Infograph | Train Loss: 2.0422 | Train Acc: 0.3175
 Site-Infograph | Train Loss: 1.8775 | Train Acc: 0.4762
 Site-Painting  | Train Loss: 1.5284 | Train Acc: 0.6508
 Site-QuickDraw | Train Loss: 2.2834 | Train Acc: 0.1270
 Site-Real      | Train Loss: 1.3465 | Train Acc: 0.7937
 Site-Sketch    | Train Loss: 1.4348 | Train Acc: 0.7302
 Site-Clipart   | Val  Loss: 1.6671 | Val  Acc: 0.5238
 Site-Clipart   | Val  Loss: 1.3525 | Val  Acc: 0.7857
 Site-Clipart   | Val  Loss: 1.3650 | Val  Acc: 0.6905
 Site-Clipart   | Val  Loss: 1.4897 | Val  Acc: 0.5714
 Site-Clipart   | Val  Loss: 1.6039 | Val  Acc: 0.5476
 Site-Clipart   | Val  Loss: 1.6206 | Val  Acc: 0.5238
 Site-Infograph | Val  Loss: 1.9628 | Val  Acc: 0.4286
 Site-Infograph | Val  Loss: 1.9899 | Val  Acc: 0.4048
 Site-Infograph | Val  Loss: 2.1769 | Val  Acc: 0.2619
 Site-Painting  | Val  Loss: 1.7507 | Val  Acc: 0.5476
 Site-QuickDraw | Val  Loss: 2.2824 | Val  Acc: 0.1905
 Site-Real      | Val  Loss: 1.3936 | Val  Acc: 0.8095
 Site-Sketch    | Val  Loss: 1.6972 | Val  Acc: 0.5000
Average Valid Accuracy: 0.5220
 Best site-Clipart    | Epoch:1 | Val Acc: 0.5238
 Best site-Clipart    | Epoch:1 | Val Acc: 0.7857
 Best site-Clipart    | Epoch:1 | Val Acc: 0.6905
 Best site-Clipart    | Epoch:1 | Val Acc: 0.5714
 Best site-Clipart    | Epoch:1 | Val Acc: 0.5476
 Best site-Clipart    | Epoch:1 | Val Acc: 0.5238
 Best site-Infograph  | Epoch:1 | Val Acc: 0.4286
 Best site-Infograph  | Epoch:1 | Val Acc: 0.4048
 Best site-Infograph  | Epoch:1 | Val Acc: 0.2619
 Best site-Painting   | Epoch:1 | Val Acc: 0.5476
 Best site-QuickDraw  | Epoch:1 | Val Acc: 0.1905
 Best site-Real       | Epoch:1 | Val Acc: 0.8095
 Best site-Sketch     | Epoch:1 | Val Acc: 0.5000
 Saving the local and server checkpoint to ../checkpoint/fed_domainnet_uneven-2-sqrt/FedPrompt...
============ Train epoch 10 ============
============ Train epoch 11 ============
============ Train epoch 12 ============
============ Train epoch 13 ============
============ Train epoch 14 ============
client-0 is in G-1
client-1 is in G-2
client-2 is in G-1
client-3 is in G-2
client-4 is in G-1
client-5 is in G-2
client-6 is in G-1
client-7 is in G-0
client-8 is in G-1
client-9 is in G-0
client-10 is in G-1
client-11 is in G-0
client-12 is in G-2
clients=[(3,)(6,)(4,)]
 Site-Clipart   | Train Loss: 1.1831 | Train Acc: 0.7460
 Site-Clipart   | Train Loss: 1.3041 | Train Acc: 0.6667
 Site-Clipart   | Train Loss: 1.0832 | Train Acc: 0.8095
 Site-Clipart   | Train Loss: 0.9050 | Train Acc: 0.9365
 Site-Clipart   | Train Loss: 1.3083 | Train Acc: 0.6508
 Site-Clipart   | Train Loss: 1.2842 | Train Acc: 0.7143
 Site-Infograph | Train Loss: 1.8551 | Train Acc: 0.3651
 Site-Infograph | Train Loss: 1.8298 | Train Acc: 0.4286
 Site-Infograph | Train Loss: 1.5342 | Train Acc: 0.5714
 Site-Painting  | Train Loss: 1.1280 | Train Acc: 0.7619
 Site-QuickDraw | Train Loss: 2.2393 | Train Acc: 0.2063
 Site-Real      | Train Loss: 1.0316 | Train Acc: 0.8413
 Site-Sketch    | Train Loss: 1.1226 | Train Acc: 0.7302
 Site-Clipart   | Val  Loss: 1.2489 | Val  Acc: 0.6905
 Site-Clipart   | Val  Loss: 0.9642 | Val  Acc: 0.8333
 Site-Clipart   | Val  Loss: 1.0371 | Val  Acc: 0.7381
 Site-Clipart   | Val  Loss: 0.9920 | Val  Acc: 0.8333
 Site-Clipart   | Val  Loss: 1.2861 | Val  Acc: 0.7143
 Site-Clipart   | Val  Loss: 1.1789 | Val  Acc: 0.7619
 Site-Infograph | Val  Loss: 1.6909 | Val  Acc: 0.4762
 Site-Infograph | Val  Loss: 1.7058 | Val  Acc: 0.5238
 Site-Infograph | Val  Loss: 1.9750 | Val  Acc: 0.3333
 Site-Painting  | Val  Loss: 1.3313 | Val  Acc: 0.6667
 Site-QuickDraw | Val  Loss: 2.1612 | Val  Acc: 0.2619
 Site-Real      | Val  Loss: 1.0266 | Val  Acc: 0.7381
 Site-Sketch    | Val  Loss: 1.4164 | Val  Acc: 0.6905
Average Valid Accuracy: 0.6355
 Best site-Clipart    | Epoch:2 | Val Acc: 0.6905
 Best site-Clipart    | Epoch:2 | Val Acc: 0.8333
 Best site-Clipart    | Epoch:2 | Val Acc: 0.7381
 Best site-Clipart    | Epoch:2 | Val Acc: 0.8333
 Best site-Clipart    | Epoch:2 | Val Acc: 0.7143
 Best site-Clipart    | Epoch:2 | Val Acc: 0.7619
 Best site-Infograph  | Epoch:2 | Val Acc: 0.4762
 Best site-Infograph  | Epoch:2 | Val Acc: 0.5238
 Best site-Infograph  | Epoch:2 | Val Acc: 0.3333
 Best site-Painting   | Epoch:2 | Val Acc: 0.6667
 Best site-QuickDraw  | Epoch:2 | Val Acc: 0.2619
 Best site-Real       | Epoch:2 | Val Acc: 0.7381
 Best site-Sketch     | Epoch:2 | Val Acc: 0.6905
 Saving the local and server checkpoint to ../checkpoint/fed_domainnet_uneven-2-sqrt/FedPrompt...
============ Train epoch 15 ============
============ Train epoch 16 ============
============ Train epoch 17 ============
============ Train epoch 18 ============
============ Train epoch 19 ============
client-0 is in G-1
client-1 is in G-2
client-2 is in G-1
client-3 is in G-2
client-4 is in G-1
client-5 is in G-2
client-6 is in G-1
client-7 is in G-0
client-8 is in G-1
client-9 is in G-0
client-10 is in G-1
client-11 is in G-0
client-12 is in G-2
clients=[(3,)(6,)(4,)]
 Site-Clipart   | Train Loss: 0.8766 | Train Acc: 0.8254
 Site-Clipart   | Train Loss: 1.0454 | Train Acc: 0.7143
 Site-Clipart   | Train Loss: 0.7587 | Train Acc: 0.8571
 Site-Clipart   | Train Loss: 0.7236 | Train Acc: 0.8730
 Site-Clipart   | Train Loss: 0.9818 | Train Acc: 0.7619
 Site-Clipart   | Train Loss: 0.9657 | Train Acc: 0.7937
 Site-Infograph | Train Loss: 1.8835 | Train Acc: 0.2857
 Site-Infograph | Train Loss: 1.5877 | Train Acc: 0.5079
 Site-Infograph | Train Loss: 1.5052 | Train Acc: 0.4921
 Site-Painting  | Train Loss: 0.9294 | Train Acc: 0.8095
 Site-QuickDraw | Train Loss: 1.9986 | Train Acc: 0.3492
 Site-Real      | Train Loss: 0.7377 | Train Acc: 0.8889
 Site-Sketch    | Train Loss: 0.8722 | Train Acc: 0.7619
 Site-Clipart   | Val  Loss: 0.9544 | Val  Acc: 0.7143
 Site-Clipart   | Val  Loss: 0.6106 | Val  Acc: 0.8571
 Site-Clipart   | Val  Loss: 0.7551 | Val  Acc: 0.9048
 Site-Clipart   | Val  Loss: 0.8783 | Val  Acc: 0.7857
 Site-Clipart   | Val  Loss: 0.9701 | Val  Acc: 0.7143
 Site-Clipart   | Val  Loss: 0.9870 | Val  Acc: 0.7857
 Site-Infograph | Val  Loss: 1.6323 | Val  Acc: 0.4762
 Site-Infograph | Val  Loss: 1.5487 | Val  Acc: 0.5238
 Site-Infograph | Val  Loss: 1.9139 | Val  Acc: 0.2857
 Site-Painting  | Val  Loss: 1.2470 | Val  Acc: 0.7143
 Site-QuickDraw | Val  Loss: 1.9886 | Val  Acc: 0.3333
 Site-Real      | Val  Loss: 0.7734 | Val  Acc: 0.8810
 Site-Sketch    | Val  Loss: 1.0872 | Val  Acc: 0.7143
Average Valid Accuracy: 0.6685
 Best site-Clipart    | Epoch:3 | Val Acc: 0.7143
 Best site-Clipart    | Epoch:3 | Val Acc: 0.8571
 Best site-Clipart    | Epoch:3 | Val Acc: 0.9048
 Best site-Clipart    | Epoch:3 | Val Acc: 0.7857
 Best site-Clipart    | Epoch:3 | Val Acc: 0.7143
 Best site-Clipart    | Epoch:3 | Val Acc: 0.7857
 Best site-Infograph  | Epoch:3 | Val Acc: 0.4762
 Best site-Infograph  | Epoch:3 | Val Acc: 0.5238
 Best site-Infograph  | Epoch:3 | Val Acc: 0.2857
 Best site-Painting   | Epoch:3 | Val Acc: 0.7143
 Best site-QuickDraw  | Epoch:3 | Val Acc: 0.3333
 Best site-Real       | Epoch:3 | Val Acc: 0.8810
 Best site-Sketch     | Epoch:3 | Val Acc: 0.7143
 Saving the local and server checkpoint to ../checkpoint/fed_domainnet_uneven-2-sqrt/FedPrompt...
============ Train epoch 20 ============
============ Train epoch 21 ============
============ Train epoch 22 ============
============ Train epoch 23 ============
============ Train epoch 24 ============
client-0 is in G-1
client-1 is in G-2
client-2 is in G-1
client-3 is in G-2
client-4 is in G-1
client-5 is in G-2
client-6 is in G-1
client-7 is in G-0
client-8 is in G-1
client-9 is in G-0
client-10 is in G-1
client-11 is in G-0
client-12 is in G-2
clients=[(3,)(6,)(4,)]
 Site-Clipart   | Train Loss: 0.6238 | Train Acc: 0.8730
 Site-Clipart   | Train Loss: 0.8047 | Train Acc: 0.7778
 Site-Clipart   | Train Loss: 0.5835 | Train Acc: 0.9048
 Site-Clipart   | Train Loss: 0.4498 | Train Acc: 0.9683
 Site-Clipart   | Train Loss: 0.7452 | Train Acc: 0.8254
 Site-Clipart   | Train Loss: 0.7438 | Train Acc: 0.7937
 Site-Infograph | Train Loss: 1.6651 | Train Acc: 0.4286
 Site-Infograph | Train Loss: 1.4699 | Train Acc: 0.5238
 Site-Infograph | Train Loss: 1.2273 | Train Acc: 0.6190
 Site-Painting  | Train Loss: 0.7140 | Train Acc: 0.8254
 Site-QuickDraw | Train Loss: 1.9298 | Train Acc: 0.2381
 Site-Real      | Train Loss: 0.5677 | Train Acc: 0.8889
 Site-Sketch    | Train Loss: 0.8044 | Train Acc: 0.7619
 Site-Clipart   | Val  Loss: 0.6862 | Val  Acc: 0.8810
 Site-Clipart   | Val  Loss: 0.4393 | Val  Acc: 0.9524
 Site-Clipart   | Val  Loss: 0.5344 | Val  Acc: 0.8571
 Site-Clipart   | Val  Loss: 0.4681 | Val  Acc: 0.9762
 Site-Clipart   | Val  Loss: 0.8587 | Val  Acc: 0.7857
 Site-Clipart   | Val  Loss: 0.7282 | Val  Acc: 0.8333
 Site-Infograph | Val  Loss: 1.3254 | Val  Acc: 0.6190
 Site-Infograph | Val  Loss: 1.3389 | Val  Acc: 0.5714
 Site-Infograph | Val  Loss: 1.7669 | Val  Acc: 0.3810
 Site-Painting  | Val  Loss: 0.9913 | Val  Acc: 0.7619
 Site-QuickDraw | Val  Loss: 2.0146 | Val  Acc: 0.3095
 Site-Real      | Val  Loss: 0.5440 | Val  Acc: 0.8810
 Site-Sketch    | Val  Loss: 0.9966 | Val  Acc: 0.7619
Average Valid Accuracy: 0.7363
 Best site-Clipart    | Epoch:4 | Val Acc: 0.8810
 Best site-Clipart    | Epoch:4 | Val Acc: 0.9524
 Best site-Clipart    | Epoch:4 | Val Acc: 0.8571
 Best site-Clipart    | Epoch:4 | Val Acc: 0.9762
 Best site-Clipart    | Epoch:4 | Val Acc: 0.7857
 Best site-Clipart    | Epoch:4 | Val Acc: 0.8333
 Best site-Infograph  | Epoch:4 | Val Acc: 0.6190
 Best site-Infograph  | Epoch:4 | Val Acc: 0.5714
 Best site-Infograph  | Epoch:4 | Val Acc: 0.3810
 Best site-Painting   | Epoch:4 | Val Acc: 0.7619
 Best site-QuickDraw  | Epoch:4 | Val Acc: 0.3095
 Best site-Real       | Epoch:4 | Val Acc: 0.8810
 Best site-Sketch     | Epoch:4 | Val Acc: 0.7619
 Saving the local and server checkpoint to ../checkpoint/fed_domainnet_uneven-2-sqrt/FedPrompt...
============ Train epoch 25 ============
============ Train epoch 26 ============
============ Train epoch 27 ============
============ Train epoch 28 ============
============ Train epoch 29 ============
client-0 is in G-1
client-1 is in G-2
client-2 is in G-1
client-3 is in G-2
client-4 is in G-1
client-5 is in G-2
client-6 is in G-1
client-7 is in G-0
client-8 is in G-1
client-9 is in G-0
client-10 is in G-1
client-11 is in G-0
client-12 is in G-2
clients=[(3,)(6,)(4,)]
 Site-Clipart   | Train Loss: 0.4720 | Train Acc: 0.9048
 Site-Clipart   | Train Loss: 0.6309 | Train Acc: 0.8413
 Site-Clipart   | Train Loss: 0.4545 | Train Acc: 0.9683
 Site-Clipart   | Train Loss: 0.3233 | Train Acc: 0.9683
 Site-Clipart   | Train Loss: 0.5684 | Train Acc: 0.8571
 Site-Clipart   | Train Loss: 0.6234 | Train Acc: 0.8413
 Site-Infograph | Train Loss: 1.5382 | Train Acc: 0.4127
 Site-Infograph | Train Loss: 1.3132 | Train Acc: 0.5556
 Site-Infograph | Train Loss: 1.2538 | Train Acc: 0.5873
 Site-Painting  | Train Loss: 0.6053 | Train Acc: 0.8571
 Site-QuickDraw | Train Loss: 1.7513 | Train Acc: 0.3492
 Site-Real      | Train Loss: 0.4297 | Train Acc: 0.9365
 Site-Sketch    | Train Loss: 0.5233 | Train Acc: 0.9048
 Site-Clipart   | Val  Loss: 0.5127 | Val  Acc: 0.9286
 Site-Clipart   | Val  Loss: 0.4000 | Val  Acc: 0.9048
 Site-Clipart   | Val  Loss: 0.4066 | Val  Acc: 0.9286
 Site-Clipart   | Val  Loss: 0.3641 | Val  Acc: 0.9762
 Site-Clipart   | Val  Loss: 0.6241 | Val  Acc: 0.8571
 Site-Clipart   | Val  Loss: 0.4902 | Val  Acc: 0.9048
 Site-Infograph | Val  Loss: 1.2369 | Val  Acc: 0.5714
 Site-Infograph | Val  Loss: 1.2950 | Val  Acc: 0.6429
 Site-Infograph | Val  Loss: 1.7448 | Val  Acc: 0.2381
 Site-Painting  | Val  Loss: 0.9300 | Val  Acc: 0.8095
 Site-QuickDraw | Val  Loss: 1.9103 | Val  Acc: 0.3571
 Site-Real      | Val  Loss: 0.4049 | Val  Acc: 0.8810
 Site-Sketch    | Val  Loss: 0.7839 | Val  Acc: 0.8095
Average Valid Accuracy: 0.7546
 Best site-Clipart    | Epoch:5 | Val Acc: 0.9286
 Best site-Clipart    | Epoch:5 | Val Acc: 0.9048
 Best site-Clipart    | Epoch:5 | Val Acc: 0.9286
 Best site-Clipart    | Epoch:5 | Val Acc: 0.9762
 Best site-Clipart    | Epoch:5 | Val Acc: 0.8571
 Best site-Clipart    | Epoch:5 | Val Acc: 0.9048
 Best site-Infograph  | Epoch:5 | Val Acc: 0.5714
 Best site-Infograph  | Epoch:5 | Val Acc: 0.6429
 Best site-Infograph  | Epoch:5 | Val Acc: 0.2381
 Best site-Painting   | Epoch:5 | Val Acc: 0.8095
 Best site-QuickDraw  | Epoch:5 | Val Acc: 0.3571
 Best site-Real       | Epoch:5 | Val Acc: 0.8810
 Best site-Sketch     | Epoch:5 | Val Acc: 0.8095
 Saving the local and server checkpoint to ../checkpoint/fed_domainnet_uneven-2-sqrt/FedPrompt...
============ Train epoch 30 ============
============ Train epoch 31 ============
============ Train epoch 32 ============
============ Train epoch 33 ============
============ Train epoch 34 ============
client-0 is in G-1
client-1 is in G-2
client-2 is in G-1
client-3 is in G-2
client-4 is in G-1
client-5 is in G-2
client-6 is in G-1
client-7 is in G-0
client-8 is in G-1
client-9 is in G-0
client-10 is in G-1
client-11 is in G-0
client-12 is in G-2
clients=[(3,)(6,)(4,)]
 Site-Clipart   | Train Loss: 0.3423 | Train Acc: 0.9841
 Site-Clipart   | Train Loss: 0.4611 | Train Acc: 0.9048
 Site-Clipart   | Train Loss: 0.3677 | Train Acc: 0.9365
 Site-Clipart   | Train Loss: 0.2557 | Train Acc: 0.9683
 Site-Clipart   | Train Loss: 0.4370 | Train Acc: 0.9206
 Site-Clipart   | Train Loss: 0.5377 | Train Acc: 0.8413
 Site-Infograph | Train Loss: 1.3817 | Train Acc: 0.5556
 Site-Infograph | Train Loss: 1.1808 | Train Acc: 0.6032
 Site-Infograph | Train Loss: 0.9250 | Train Acc: 0.6984
 Site-Painting  | Train Loss: 0.5159 | Train Acc: 0.8889
 Site-QuickDraw | Train Loss: 1.7225 | Train Acc: 0.4444
 Site-Real      | Train Loss: 0.4075 | Train Acc: 0.8889
 Site-Sketch    | Train Loss: 0.4806 | Train Acc: 0.9048
 Site-Clipart   | Val  Loss: 0.4169 | Val  Acc: 0.9048
 Site-Clipart   | Val  Loss: 0.2248 | Val  Acc: 0.9762
 Site-Clipart   | Val  Loss: 0.2216 | Val  Acc: 0.9762
 Site-Clipart   | Val  Loss: 0.3082 | Val  Acc: 0.9524
 Site-Clipart   | Val  Loss: 0.4419 | Val  Acc: 0.9286
 Site-Clipart   | Val  Loss: 0.3953 | Val  Acc: 0.9524
 Site-Infograph | Val  Loss: 0.9700 | Val  Acc: 0.7857
 Site-Infograph | Val  Loss: 1.0032 | Val  Acc: 0.7381
 Site-Infograph | Val  Loss: 1.4445 | Val  Acc: 0.4048
 Site-Painting  | Val  Loss: 0.9428 | Val  Acc: 0.6905
 Site-QuickDraw | Val  Loss: 1.8514 | Val  Acc: 0.3810
 Site-Real      | Val  Loss: 0.3081 | Val  Acc: 0.9762
 Site-Sketch    | Val  Loss: 0.7568 | Val  Acc: 0.8095
Average Valid Accuracy: 0.8059
 Best site-Clipart    | Epoch:6 | Val Acc: 0.9048
 Best site-Clipart    | Epoch:6 | Val Acc: 0.9762
 Best site-Clipart    | Epoch:6 | Val Acc: 0.9762
 Best site-Clipart    | Epoch:6 | Val Acc: 0.9524
 Best site-Clipart    | Epoch:6 | Val Acc: 0.9286
 Best site-Clipart    | Epoch:6 | Val Acc: 0.9524
 Best site-Infograph  | Epoch:6 | Val Acc: 0.7857
 Best site-Infograph  | Epoch:6 | Val Acc: 0.7381
 Best site-Infograph  | Epoch:6 | Val Acc: 0.4048
 Best site-Painting   | Epoch:6 | Val Acc: 0.6905
 Best site-QuickDraw  | Epoch:6 | Val Acc: 0.3810
 Best site-Real       | Epoch:6 | Val Acc: 0.9762
 Best site-Sketch     | Epoch:6 | Val Acc: 0.8095
 Saving the local and server checkpoint to ../checkpoint/fed_domainnet_uneven-2-sqrt/FedPrompt...
============ Train epoch 35 ============
============ Train epoch 36 ============
============ Train epoch 37 ============
============ Train epoch 38 ============
============ Train epoch 39 ============
client-0 is in G-1
client-1 is in G-2
client-2 is in G-1
client-3 is in G-2
client-4 is in G-1
client-5 is in G-2
client-6 is in G-1
client-7 is in G-0
client-8 is in G-1
client-9 is in G-0
client-10 is in G-1
client-11 is in G-0
client-12 is in G-2
clients=[(3,)(6,)(4,)]
 Site-Clipart   | Train Loss: 0.2592 | Train Acc: 0.9841
 Site-Clipart   | Train Loss: 0.3441 | Train Acc: 0.9524
 Site-Clipart   | Train Loss: 0.2301 | Train Acc: 1.0000
 Site-Clipart   | Train Loss: 0.1769 | Train Acc: 0.9683
 Site-Clipart   | Train Loss: 0.2906 | Train Acc: 0.9683
 Site-Clipart   | Train Loss: 0.4619 | Train Acc: 0.8730
 Site-Infograph | Train Loss: 1.2399 | Train Acc: 0.5873
 Site-Infograph | Train Loss: 1.0293 | Train Acc: 0.6508
 Site-Infograph | Train Loss: 0.7948 | Train Acc: 0.8095
 Site-Painting  | Train Loss: 0.3428 | Train Acc: 0.9524
 Site-QuickDraw | Train Loss: 1.7297 | Train Acc: 0.4286
 Site-Real      | Train Loss: 0.3393 | Train Acc: 0.9048
 Site-Sketch    | Train Loss: 0.3662 | Train Acc: 0.9206
 Site-Clipart   | Val  Loss: 0.2498 | Val  Acc: 0.9762
 Site-Clipart   | Val  Loss: 0.1674 | Val  Acc: 1.0000
 Site-Clipart   | Val  Loss: 0.1641 | Val  Acc: 1.0000
 Site-Clipart   | Val  Loss: 0.1984 | Val  Acc: 0.9762
 Site-Clipart   | Val  Loss: 0.3838 | Val  Acc: 0.9286
 Site-Clipart   | Val  Loss: 0.2752 | Val  Acc: 0.9762
 Site-Infograph | Val  Loss: 0.8374 | Val  Acc: 0.7857
 Site-Infograph | Val  Loss: 0.9583 | Val  Acc: 0.8095
 Site-Infograph | Val  Loss: 1.3245 | Val  Acc: 0.5476
 Site-Painting  | Val  Loss: 0.5493 | Val  Acc: 0.8810
 Site-QuickDraw | Val  Loss: 1.6849 | Val  Acc: 0.3333
 Site-Real      | Val  Loss: 0.2776 | Val  Acc: 0.9524
 Site-Sketch    | Val  Loss: 0.8047 | Val  Acc: 0.8333
Average Valid Accuracy: 0.8462
 Best site-Clipart    | Epoch:7 | Val Acc: 0.9762
 Best site-Clipart    | Epoch:7 | Val Acc: 1.0000
 Best site-Clipart    | Epoch:7 | Val Acc: 1.0000
 Best site-Clipart    | Epoch:7 | Val Acc: 0.9762
 Best site-Clipart    | Epoch:7 | Val Acc: 0.9286
 Best site-Clipart    | Epoch:7 | Val Acc: 0.9762
 Best site-Infograph  | Epoch:7 | Val Acc: 0.7857
 Best site-Infograph  | Epoch:7 | Val Acc: 0.8095
 Best site-Infograph  | Epoch:7 | Val Acc: 0.5476
 Best site-Painting   | Epoch:7 | Val Acc: 0.8810
 Best site-QuickDraw  | Epoch:7 | Val Acc: 0.3333
 Best site-Real       | Epoch:7 | Val Acc: 0.9524
 Best site-Sketch     | Epoch:7 | Val Acc: 0.8333
 Saving the local and server checkpoint to ../checkpoint/fed_domainnet_uneven-2-sqrt/FedPrompt...
============ Train epoch 40 ============
============ Train epoch 41 ============
============ Train epoch 42 ============
============ Train epoch 43 ============
============ Train epoch 44 ============
client-0 is in G-1
client-1 is in G-2
client-2 is in G-1
client-3 is in G-2
client-4 is in G-1
client-5 is in G-2
client-6 is in G-1
client-7 is in G-0
client-8 is in G-1
client-9 is in G-0
client-10 is in G-1
client-11 is in G-0
client-12 is in G-2
clients=[(3,)(6,)(4,)]
 Site-Clipart   | Train Loss: 0.1958 | Train Acc: 0.9841
 Site-Clipart   | Train Loss: 0.3224 | Train Acc: 0.9365
 Site-Clipart   | Train Loss: 0.1853 | Train Acc: 0.9841
 Site-Clipart   | Train Loss: 0.1288 | Train Acc: 0.9841
 Site-Clipart   | Train Loss: 0.2942 | Train Acc: 0.9524
 Site-Clipart   | Train Loss: 0.3049 | Train Acc: 0.9365
 Site-Infograph | Train Loss: 1.1253 | Train Acc: 0.6190
 Site-Infograph | Train Loss: 0.8731 | Train Acc: 0.7143
 Site-Infograph | Train Loss: 0.8649 | Train Acc: 0.7619
 Site-Painting  | Train Loss: 0.3325 | Train Acc: 0.9365
 Site-QuickDraw | Train Loss: 1.6146 | Train Acc: 0.4127
 Site-Real      | Train Loss: 0.2027 | Train Acc: 0.9841
 Site-Sketch    | Train Loss: 0.3863 | Train Acc: 0.8889
 Site-Clipart   | Val  Loss: 0.2963 | Val  Acc: 0.9286
 Site-Clipart   | Val  Loss: 0.1192 | Val  Acc: 1.0000
 Site-Clipart   | Val  Loss: 0.1945 | Val  Acc: 0.9524
 Site-Clipart   | Val  Loss: 0.1477 | Val  Acc: 1.0000
 Site-Clipart   | Val  Loss: 0.2923 | Val  Acc: 0.9524
 Site-Clipart   | Val  Loss: 0.2849 | Val  Acc: 0.9524
 Site-Infograph | Val  Loss: 0.8282 | Val  Acc: 0.7381
 Site-Infograph | Val  Loss: 0.8721 | Val  Acc: 0.8333
 Site-Infograph | Val  Loss: 1.2837 | Val  Acc: 0.5476
 Site-Painting  | Val  Loss: 0.6248 | Val  Acc: 0.8333
 Site-QuickDraw | Val  Loss: 1.7386 | Val  Acc: 0.3571
 Site-Real      | Val  Loss: 0.2633 | Val  Acc: 0.9048
 Site-Sketch    | Val  Loss: 0.7042 | Val  Acc: 0.8333
Average Valid Accuracy: 0.8333
============ Train epoch 45 ============
============ Train epoch 46 ============
============ Train epoch 47 ============
============ Train epoch 48 ============
============ Train epoch 49 ============
client-0 is in G-1
client-1 is in G-2
client-2 is in G-1
client-3 is in G-2
client-4 is in G-1
client-5 is in G-2
client-6 is in G-1
client-7 is in G-0
client-8 is in G-1
client-9 is in G-0
client-10 is in G-1
client-11 is in G-0
client-12 is in G-2
clients=[(3,)(6,)(4,)]
 Site-Clipart   | Train Loss: 0.1686 | Train Acc: 0.9841
 Site-Clipart   | Train Loss: 0.2066 | Train Acc: 0.9841
 Site-Clipart   | Train Loss: 0.1256 | Train Acc: 1.0000
 Site-Clipart   | Train Loss: 0.1066 | Train Acc: 0.9683
 Site-Clipart   | Train Loss: 0.2941 | Train Acc: 0.9365
 Site-Clipart   | Train Loss: 0.3267 | Train Acc: 0.9048
 Site-Infograph | Train Loss: 1.0614 | Train Acc: 0.6190
 Site-Infograph | Train Loss: 0.7302 | Train Acc: 0.8413
 Site-Infograph | Train Loss: 0.7686 | Train Acc: 0.8254
 Site-Painting  | Train Loss: 0.2274 | Train Acc: 0.9683
 Site-QuickDraw | Train Loss: 1.4704 | Train Acc: 0.5556
 Site-Real      | Train Loss: 0.1949 | Train Acc: 0.9524
 Site-Sketch    | Train Loss: 0.2948 | Train Acc: 0.9206
 Site-Clipart   | Val  Loss: 0.1885 | Val  Acc: 0.9762
 Site-Clipart   | Val  Loss: 0.0994 | Val  Acc: 1.0000
 Site-Clipart   | Val  Loss: 0.1089 | Val  Acc: 1.0000
 Site-Clipart   | Val  Loss: 0.1494 | Val  Acc: 1.0000
 Site-Clipart   | Val  Loss: 0.2545 | Val  Acc: 0.9524
 Site-Clipart   | Val  Loss: 0.1762 | Val  Acc: 1.0000
 Site-Infograph | Val  Loss: 0.7998 | Val  Acc: 0.8095
 Site-Infograph | Val  Loss: 0.8282 | Val  Acc: 0.8095
 Site-Infograph | Val  Loss: 1.2309 | Val  Acc: 0.5476
 Site-Painting  | Val  Loss: 0.5325 | Val  Acc: 0.8333
 Site-QuickDraw | Val  Loss: 1.6966 | Val  Acc: 0.4048
 Site-Real      | Val  Loss: 0.2452 | Val  Acc: 0.9524
 Site-Sketch    | Val  Loss: 0.7625 | Val  Acc: 0.7619
Average Valid Accuracy: 0.8498
 Best site-Clipart    | Epoch:9 | Val Acc: 0.9762
 Best site-Clipart    | Epoch:9 | Val Acc: 1.0000
 Best site-Clipart    | Epoch:9 | Val Acc: 1.0000
 Best site-Clipart    | Epoch:9 | Val Acc: 1.0000
 Best site-Clipart    | Epoch:9 | Val Acc: 0.9524
 Best site-Clipart    | Epoch:9 | Val Acc: 1.0000
 Best site-Infograph  | Epoch:9 | Val Acc: 0.8095
 Best site-Infograph  | Epoch:9 | Val Acc: 0.8095
 Best site-Infograph  | Epoch:9 | Val Acc: 0.5476
 Best site-Painting   | Epoch:9 | Val Acc: 0.8333
 Best site-QuickDraw  | Epoch:9 | Val Acc: 0.4048
 Best site-Real       | Epoch:9 | Val Acc: 0.9524
 Best site-Sketch     | Epoch:9 | Val Acc: 0.7619
 Saving the local and server checkpoint to ../checkpoint/fed_domainnet_uneven-2-sqrt/FedPrompt...
===2023-03-30 21:04:53===
===2023-03-30 21:04:54===
===Setting===
    dataset: domainnet
    lr: 0.01
    batch: 8
    iters: 10
    wk_iters: 5
    tune: False
    lambda for constrastive: 0.5
domain number = 3
Loading snapshots...
 Test site-Clipart   | Epoch:9 | Test Acc: 0.8897
 Test site-Infograph | Epoch:9 | Test Acc: 0.4612
 Test site-Painting  | Epoch:9 | Test Acc: 0.8288
 Test site-QuickDraw | Epoch:9 | Test Acc: 0.3900
 Test site-Real      | Epoch:9 | Test Acc: 0.9137
 Test site-Sketch    | Epoch:9 | Test Acc: 0.7978
Average Test Accuracy: 0.7135
===2023-03-31 12:04:20===
===Setting===
    dataset: domainnet
    lr: 0.01
    batch: 16
    iters: 10
    wk_iters: 5
    tune: False
    lambda for constrastive: 0.5
domain number = 3
============ Train epoch 0 ============
============ Train epoch 1 ============
============ Train epoch 2 ============
============ Train epoch 3 ============
============ Train epoch 4 ============
===2023-03-31 12:07:17===
===Setting===
    dataset: domainnet
    lr: 0.01
    batch: 8
    iters: 10
    wk_iters: 5
    tune: False
    lambda for constrastive: 0.5
domain number = 3
Loading snapshots...
 Test site-Clipart   | Epoch:9 | Test Acc: 0.8897
 Test site-Infograph | Epoch:9 | Test Acc: 0.4597
 Test site-Painting  | Epoch:9 | Test Acc: 0.8320
 Test site-QuickDraw | Epoch:9 | Test Acc: 0.3910
 Test site-Real      | Epoch:9 | Test Acc: 0.9170
===2023-03-31 12:09:53===
===Setting===
    dataset: domainnet
    lr: 0.01
    batch: 16
    iters: 10
    wk_iters: 5
    tune: False
    lambda for constrastive: 0.5
domain number = 3
============ Train epoch 0 ============
============ Train epoch 1 ============
============ Train epoch 2 ============
============ Train epoch 3 ============
============ Train epoch 4 ============
client-0 is in G-1
client-1 is in G-2
client-2 is in G-2
client-3 is in G-1
client-4 is in G-1
client-5 is in G-1
client-6 is in G-0
client-7 is in G-1
client-8 is in G-1
client-9 is in G-1
client-10 is in G-1
client-11 is in G-1
client-12 is in G-2
cnt=[1, 9, 3, ]
 Site-Clipart   | Train Loss: 1.9751 | Train Acc: 0.4127
 Site-Clipart   | Train Loss: 1.9138 | Train Acc: 0.4603
 Site-Clipart   | Train Loss: 1.8524 | Train Acc: 0.5079
 Site-Clipart   | Train Loss: 1.8480 | Train Acc: 0.4762
 Site-Clipart   | Train Loss: 2.0777 | Train Acc: 0.3492
 Site-Clipart   | Train Loss: 2.0391 | Train Acc: 0.3492
 Site-Infograph | Train Loss: 2.1874 | Train Acc: 0.2063
 Site-Infograph | Train Loss: 2.1644 | Train Acc: 0.2857
 Site-Infograph | Train Loss: 2.0652 | Train Acc: 0.3651
 Site-Painting  | Train Loss: 1.9817 | Train Acc: 0.4286
 Site-QuickDraw | Train Loss: 2.2714 | Train Acc: 0.1587
 Site-Real      | Train Loss: 1.8653 | Train Acc: 0.5238
 Site-Sketch    | Train Loss: 1.8296 | Train Acc: 0.6190
 Site-Clipart   | Val  Loss: 2.0587 | Val  Acc: 0.3333
 Site-Clipart   | Val  Loss: 1.8267 | Val  Acc: 0.4286
 Site-Clipart   | Val  Loss: 1.8288 | Val  Acc: 0.5238
 Site-Clipart   | Val  Loss: 1.8739 | Val  Acc: 0.5476
 Site-Clipart   | Val  Loss: 1.8671 | Val  Acc: 0.4762
 Site-Clipart   | Val  Loss: 1.9512 | Val  Acc: 0.4286
 Site-Infograph | Val  Loss: 2.1552 | Val  Acc: 0.3095
 Site-Infograph | Val  Loss: 2.1523 | Val  Acc: 0.2619
 Site-Infograph | Val  Loss: 2.1658 | Val  Acc: 0.2381
 Site-Painting  | Val  Loss: 2.0599 | Val  Acc: 0.4286
 Site-QuickDraw | Val  Loss: 2.2267 | Val  Acc: 0.1667
 Site-Real      | Val  Loss: 1.9443 | Val  Acc: 0.4286
 Site-Sketch    | Val  Loss: 1.9870 | Val  Acc: 0.4048
Average Valid Accuracy: 0.3828
 Best site-Clipart    | Epoch:0 | Val Acc: 0.3333
 Best site-Clipart    | Epoch:0 | Val Acc: 0.4286
 Best site-Clipart    | Epoch:0 | Val Acc: 0.5238
 Best site-Clipart    | Epoch:0 | Val Acc: 0.5476
 Best site-Clipart    | Epoch:0 | Val Acc: 0.4762
 Best site-Clipart    | Epoch:0 | Val Acc: 0.4286
 Best site-Infograph  | Epoch:0 | Val Acc: 0.3095
 Best site-Infograph  | Epoch:0 | Val Acc: 0.2619
 Best site-Infograph  | Epoch:0 | Val Acc: 0.2381
 Best site-Painting   | Epoch:0 | Val Acc: 0.4286
 Best site-QuickDraw  | Epoch:0 | Val Acc: 0.1667
 Best site-Real       | Epoch:0 | Val Acc: 0.4286
 Best site-Sketch     | Epoch:0 | Val Acc: 0.4048
 Saving the local and server checkpoint to ../checkpoint/fed_domainnet_uneven-2-sqrt/FedPrompt...
============ Train epoch 5 ============
============ Train epoch 6 ============
============ Train epoch 7 ============
============ Train epoch 8 ============
============ Train epoch 9 ============
client-0 is in G-1
client-1 is in G-2
client-2 is in G-2
client-3 is in G-1
client-4 is in G-1
client-5 is in G-1
client-6 is in G-0
client-7 is in G-1
client-8 is in G-0
client-9 is in G-1
client-10 is in G-1
client-11 is in G-1
client-12 is in G-2
cnt=[2, 8, 3, ]
 Site-Clipart   | Train Loss: 1.5307 | Train Acc: 0.6190
 Site-Clipart   | Train Loss: 1.6081 | Train Acc: 0.5714
 Site-Clipart   | Train Loss: 1.4218 | Train Acc: 0.7460
 Site-Clipart   | Train Loss: 1.4587 | Train Acc: 0.7619
 Site-Clipart   | Train Loss: 1.6344 | Train Acc: 0.6032
 Site-Clipart   | Train Loss: 1.6191 | Train Acc: 0.5556
 Site-Infograph | Train Loss: 2.0792 | Train Acc: 0.3492
 Site-Infograph | Train Loss: 1.9488 | Train Acc: 0.4127
 Site-Infograph | Train Loss: 1.8286 | Train Acc: 0.4921
 Site-Painting  | Train Loss: 1.5395 | Train Acc: 0.6349
 Site-QuickDraw | Train Loss: 2.2557 | Train Acc: 0.1429
 Site-Real      | Train Loss: 1.3965 | Train Acc: 0.7619
 Site-Sketch    | Train Loss: 1.4177 | Train Acc: 0.7143
 Site-Clipart   | Val  Loss: 1.6420 | Val  Acc: 0.5714
 Site-Clipart   | Val  Loss: 1.3730 | Val  Acc: 0.7619
 Site-Clipart   | Val  Loss: 1.3750 | Val  Acc: 0.7143
 Site-Clipart   | Val  Loss: 1.3291 | Val  Acc: 0.8333
 Site-Clipart   | Val  Loss: 1.5768 | Val  Acc: 0.6190
 Site-Clipart   | Val  Loss: 1.5952 | Val  Acc: 0.5476
 Site-Infograph | Val  Loss: 1.9660 | Val  Acc: 0.3571
 Site-Infograph | Val  Loss: 1.9085 | Val  Acc: 0.5000
 Site-Infograph | Val  Loss: 2.1062 | Val  Acc: 0.3095
 Site-Painting  | Val  Loss: 1.7316 | Val  Acc: 0.5238
 Site-QuickDraw | Val  Loss: 2.1527 | Val  Acc: 0.2619
 Site-Real      | Val  Loss: 1.4297 | Val  Acc: 0.7619
 Site-Sketch    | Val  Loss: 1.6353 | Val  Acc: 0.5952
Average Valid Accuracy: 0.5659
 Best site-Clipart    | Epoch:1 | Val Acc: 0.5714
 Best site-Clipart    | Epoch:1 | Val Acc: 0.7619
 Best site-Clipart    | Epoch:1 | Val Acc: 0.7143
 Best site-Clipart    | Epoch:1 | Val Acc: 0.8333
 Best site-Clipart    | Epoch:1 | Val Acc: 0.6190
 Best site-Clipart    | Epoch:1 | Val Acc: 0.5476
 Best site-Infograph  | Epoch:1 | Val Acc: 0.3571
 Best site-Infograph  | Epoch:1 | Val Acc: 0.5000
 Best site-Infograph  | Epoch:1 | Val Acc: 0.3095
 Best site-Painting   | Epoch:1 | Val Acc: 0.5238
 Best site-QuickDraw  | Epoch:1 | Val Acc: 0.2619
 Best site-Real       | Epoch:1 | Val Acc: 0.7619
 Best site-Sketch     | Epoch:1 | Val Acc: 0.5952
 Saving the local and server checkpoint to ../checkpoint/fed_domainnet_uneven-2-sqrt/FedPrompt...
============ Train epoch 10 ============
============ Train epoch 11 ============
============ Train epoch 12 ============
============ Train epoch 13 ============
============ Train epoch 14 ============
client-0 is in G-0
client-1 is in G-2
client-2 is in G-2
client-3 is in G-1
client-4 is in G-0
client-5 is in G-0
client-6 is in G-0
client-7 is in G-1
client-8 is in G-0
client-9 is in G-1
client-10 is in G-0
client-11 is in G-1
client-12 is in G-2
cnt=[6, 4, 3, ]
 Site-Clipart   | Train Loss: 1.1736 | Train Acc: 0.7778
 Site-Clipart   | Train Loss: 1.2933 | Train Acc: 0.7302
 Site-Clipart   | Train Loss: 1.0372 | Train Acc: 0.8413
 Site-Clipart   | Train Loss: 1.0231 | Train Acc: 0.8413
 Site-Clipart   | Train Loss: 1.2353 | Train Acc: 0.7460
 Site-Clipart   | Train Loss: 1.2628 | Train Acc: 0.7619
 Site-Infograph | Train Loss: 2.0010 | Train Acc: 0.2698
 Site-Infograph | Train Loss: 1.8085 | Train Acc: 0.3968
 Site-Infograph | Train Loss: 1.6389 | Train Acc: 0.5079
 Site-Painting  | Train Loss: 1.2035 | Train Acc: 0.7460
 Site-QuickDraw | Train Loss: 2.1322 | Train Acc: 0.2540
 Site-Real      | Train Loss: 1.0085 | Train Acc: 0.8571
 Site-Sketch    | Train Loss: 1.1204 | Train Acc: 0.8095
 Site-Clipart   | Val  Loss: 1.2365 | Val  Acc: 0.7619
 Site-Clipart   | Val  Loss: 1.1049 | Val  Acc: 0.8095
 Site-Clipart   | Val  Loss: 0.9768 | Val  Acc: 0.8333
 Site-Clipart   | Val  Loss: 1.0197 | Val  Acc: 0.9286
 Site-Clipart   | Val  Loss: 1.2201 | Val  Acc: 0.6905
 Site-Clipart   | Val  Loss: 1.2510 | Val  Acc: 0.7857
 Site-Infograph | Val  Loss: 1.6126 | Val  Acc: 0.6190
 Site-Infograph | Val  Loss: 1.6716 | Val  Acc: 0.5000
 Site-Infograph | Val  Loss: 2.0195 | Val  Acc: 0.2381
 Site-Painting  | Val  Loss: 1.3835 | Val  Acc: 0.6190
 Site-QuickDraw | Val  Loss: 2.0940 | Val  Acc: 0.2619
 Site-Real      | Val  Loss: 0.9324 | Val  Acc: 0.8810
 Site-Sketch    | Val  Loss: 1.2358 | Val  Acc: 0.7381
Average Valid Accuracy: 0.6667
 Best site-Clipart    | Epoch:2 | Val Acc: 0.7619
 Best site-Clipart    | Epoch:2 | Val Acc: 0.8095
 Best site-Clipart    | Epoch:2 | Val Acc: 0.8333
 Best site-Clipart    | Epoch:2 | Val Acc: 0.9286
 Best site-Clipart    | Epoch:2 | Val Acc: 0.6905
 Best site-Clipart    | Epoch:2 | Val Acc: 0.7857
 Best site-Infograph  | Epoch:2 | Val Acc: 0.6190
 Best site-Infograph  | Epoch:2 | Val Acc: 0.5000
 Best site-Infograph  | Epoch:2 | Val Acc: 0.2381
 Best site-Painting   | Epoch:2 | Val Acc: 0.6190
 Best site-QuickDraw  | Epoch:2 | Val Acc: 0.2619
 Best site-Real       | Epoch:2 | Val Acc: 0.8810
 Best site-Sketch     | Epoch:2 | Val Acc: 0.7381
 Saving the local and server checkpoint to ../checkpoint/fed_domainnet_uneven-2-sqrt/FedPrompt...
============ Train epoch 15 ============
============ Train epoch 16 ============
============ Train epoch 17 ============
============ Train epoch 18 ============
============ Train epoch 19 ============
client-0 is in G-0
client-1 is in G-2
client-2 is in G-2
client-3 is in G-1
client-4 is in G-0
client-5 is in G-0
client-6 is in G-0
client-7 is in G-1
client-8 is in G-0
client-9 is in G-1
client-10 is in G-0
client-11 is in G-1
client-12 is in G-2
cnt=[6, 4, 3, ]
 Site-Clipart   | Train Loss: 0.9293 | Train Acc: 0.7778
 Site-Clipart   | Train Loss: 0.9981 | Train Acc: 0.8095
 Site-Clipart   | Train Loss: 0.7693 | Train Acc: 0.9206
 Site-Clipart   | Train Loss: 0.6842 | Train Acc: 0.9048
 Site-Clipart   | Train Loss: 0.9388 | Train Acc: 0.8571
 Site-Clipart   | Train Loss: 0.9832 | Train Acc: 0.8413
 Site-Infograph | Train Loss: 1.7882 | Train Acc: 0.4127
 Site-Infograph | Train Loss: 1.5797 | Train Acc: 0.5238
 Site-Infograph | Train Loss: 1.4190 | Train Acc: 0.5714
 Site-Painting  | Train Loss: 0.9795 | Train Acc: 0.8095
 Site-QuickDraw | Train Loss: 2.0283 | Train Acc: 0.3492
 Site-Real      | Train Loss: 0.6939 | Train Acc: 0.9365
 Site-Sketch    | Train Loss: 0.8941 | Train Acc: 0.8095
 Site-Clipart   | Val  Loss: 0.9029 | Val  Acc: 0.9048
 Site-Clipart   | Val  Loss: 0.6674 | Val  Acc: 0.9286
 Site-Clipart   | Val  Loss: 0.6605 | Val  Acc: 0.9762
 Site-Clipart   | Val  Loss: 0.7505 | Val  Acc: 0.9048
 Site-Clipart   | Val  Loss: 0.9951 | Val  Acc: 0.8095
 Site-Clipart   | Val  Loss: 0.9566 | Val  Acc: 0.8095
 Site-Infograph | Val  Loss: 1.4917 | Val  Acc: 0.5476
 Site-Infograph | Val  Loss: 1.3705 | Val  Acc: 0.6190
 Site-Infograph | Val  Loss: 1.8795 | Val  Acc: 0.3571
 Site-Painting  | Val  Loss: 1.1736 | Val  Acc: 0.7619
 Site-QuickDraw | Val  Loss: 2.1213 | Val  Acc: 0.3333
 Site-Real      | Val  Loss: 0.6756 | Val  Acc: 0.9286
 Site-Sketch    | Val  Loss: 0.9880 | Val  Acc: 0.8095
Average Valid Accuracy: 0.7454
 Best site-Clipart    | Epoch:3 | Val Acc: 0.9048
 Best site-Clipart    | Epoch:3 | Val Acc: 0.9286
 Best site-Clipart    | Epoch:3 | Val Acc: 0.9762
 Best site-Clipart    | Epoch:3 | Val Acc: 0.9048
 Best site-Clipart    | Epoch:3 | Val Acc: 0.8095
 Best site-Clipart    | Epoch:3 | Val Acc: 0.8095
 Best site-Infograph  | Epoch:3 | Val Acc: 0.5476
 Best site-Infograph  | Epoch:3 | Val Acc: 0.6190
 Best site-Infograph  | Epoch:3 | Val Acc: 0.3571
 Best site-Painting   | Epoch:3 | Val Acc: 0.7619
 Best site-QuickDraw  | Epoch:3 | Val Acc: 0.3333
 Best site-Real       | Epoch:3 | Val Acc: 0.9286
 Best site-Sketch     | Epoch:3 | Val Acc: 0.8095
 Saving the local and server checkpoint to ../checkpoint/fed_domainnet_uneven-2-sqrt/FedPrompt...
============ Train epoch 20 ============
============ Train epoch 21 ============
============ Train epoch 22 ============
============ Train epoch 23 ============
============ Train epoch 24 ============
client-0 is in G-0
client-1 is in G-2
client-2 is in G-2
client-3 is in G-1
client-4 is in G-0
client-5 is in G-0
client-6 is in G-0
client-7 is in G-1
client-8 is in G-0
client-9 is in G-1
client-10 is in G-0
client-11 is in G-1
client-12 is in G-2
cnt=[6, 4, 3, ]
 Site-Clipart   | Train Loss: 0.6756 | Train Acc: 0.8889
 Site-Clipart   | Train Loss: 0.7689 | Train Acc: 0.7937
 Site-Clipart   | Train Loss: 0.5808 | Train Acc: 0.9206
 Site-Clipart   | Train Loss: 0.5155 | Train Acc: 0.9365
 Site-Clipart   | Train Loss: 0.6990 | Train Acc: 0.9048
 Site-Clipart   | Train Loss: 0.8222 | Train Acc: 0.8095
 Site-Infograph | Train Loss: 1.5533 | Train Acc: 0.6032
 Site-Infograph | Train Loss: 1.3574 | Train Acc: 0.6667
 Site-Infograph | Train Loss: 1.1403 | Train Acc: 0.6984
 Site-Painting  | Train Loss: 0.8532 | Train Acc: 0.8095
 Site-QuickDraw | Train Loss: 1.9679 | Train Acc: 0.4127
 Site-Real      | Train Loss: 0.6232 | Train Acc: 0.8571
 Site-Sketch    | Train Loss: 0.7453 | Train Acc: 0.7937
 Site-Clipart   | Val  Loss: 0.7393 | Val  Acc: 0.8095
 Site-Clipart   | Val  Loss: 0.5665 | Val  Acc: 0.8810
 Site-Clipart   | Val  Loss: 0.5122 | Val  Acc: 0.9524
 Site-Clipart   | Val  Loss: 0.5185 | Val  Acc: 0.9286
 Site-Clipart   | Val  Loss: 0.7804 | Val  Acc: 0.8095
 Site-Clipart   | Val  Loss: 0.7393 | Val  Acc: 0.8333
 Site-Infograph | Val  Loss: 1.2421 | Val  Acc: 0.6667
 Site-Infograph | Val  Loss: 1.2104 | Val  Acc: 0.7619
 Site-Infograph | Val  Loss: 1.6558 | Val  Acc: 0.4762
 Site-Painting  | Val  Loss: 1.0148 | Val  Acc: 0.7857
 Site-QuickDraw | Val  Loss: 2.1426 | Val  Acc: 0.2857
 Site-Real      | Val  Loss: 0.5663 | Val  Acc: 0.8810
 Site-Sketch    | Val  Loss: 0.9726 | Val  Acc: 0.8095
Average Valid Accuracy: 0.7601
 Best site-Clipart    | Epoch:4 | Val Acc: 0.8095
 Best site-Clipart    | Epoch:4 | Val Acc: 0.8810
 Best site-Clipart    | Epoch:4 | Val Acc: 0.9524
 Best site-Clipart    | Epoch:4 | Val Acc: 0.9286
 Best site-Clipart    | Epoch:4 | Val Acc: 0.8095
 Best site-Clipart    | Epoch:4 | Val Acc: 0.8333
 Best site-Infograph  | Epoch:4 | Val Acc: 0.6667
 Best site-Infograph  | Epoch:4 | Val Acc: 0.7619
 Best site-Infograph  | Epoch:4 | Val Acc: 0.4762
 Best site-Painting   | Epoch:4 | Val Acc: 0.7857
 Best site-QuickDraw  | Epoch:4 | Val Acc: 0.2857
 Best site-Real       | Epoch:4 | Val Acc: 0.8810
 Best site-Sketch     | Epoch:4 | Val Acc: 0.8095
 Saving the local and server checkpoint to ../checkpoint/fed_domainnet_uneven-2-sqrt/FedPrompt...
============ Train epoch 25 ============
============ Train epoch 26 ============
============ Train epoch 27 ============
============ Train epoch 28 ============
============ Train epoch 29 ============
client-0 is in G-0
client-1 is in G-2
client-2 is in G-2
client-3 is in G-1
client-4 is in G-0
client-5 is in G-0
client-6 is in G-0
client-7 is in G-1
client-8 is in G-0
client-9 is in G-1
client-10 is in G-0
client-11 is in G-1
client-12 is in G-2
cnt=[6, 4, 3, ]
 Site-Clipart   | Train Loss: 0.4925 | Train Acc: 0.9365
 Site-Clipart   | Train Loss: 0.6281 | Train Acc: 0.8095
 Site-Clipart   | Train Loss: 0.4840 | Train Acc: 0.9524
 Site-Clipart   | Train Loss: 0.3878 | Train Acc: 0.9365
 Site-Clipart   | Train Loss: 0.6223 | Train Acc: 0.8889
 Site-Clipart   | Train Loss: 0.6400 | Train Acc: 0.8413
 Site-Infograph | Train Loss: 1.5896 | Train Acc: 0.4603
 Site-Infograph | Train Loss: 1.2761 | Train Acc: 0.5238
 Site-Infograph | Train Loss: 1.1015 | Train Acc: 0.6825
 Site-Painting  | Train Loss: 0.5603 | Train Acc: 0.9048
 Site-QuickDraw | Train Loss: 1.7848 | Train Acc: 0.3810
 Site-Real      | Train Loss: 0.3577 | Train Acc: 0.9524
 Site-Sketch    | Train Loss: 0.5308 | Train Acc: 0.8889
 Site-Clipart   | Val  Loss: 0.5780 | Val  Acc: 0.8810
 Site-Clipart   | Val  Loss: 0.3827 | Val  Acc: 0.9762
 Site-Clipart   | Val  Loss: 0.3929 | Val  Acc: 0.9524
 Site-Clipart   | Val  Loss: 0.4377 | Val  Acc: 0.9286
 Site-Clipart   | Val  Loss: 0.7525 | Val  Acc: 0.8333
 Site-Clipart   | Val  Loss: 0.6037 | Val  Acc: 0.9048
 Site-Infograph | Val  Loss: 1.1692 | Val  Acc: 0.6667
 Site-Infograph | Val  Loss: 1.2948 | Val  Acc: 0.5952
 Site-Infograph | Val  Loss: 1.5775 | Val  Acc: 0.4524
 Site-Painting  | Val  Loss: 0.8225 | Val  Acc: 0.8095
 Site-QuickDraw | Val  Loss: 2.0672 | Val  Acc: 0.3571
 Site-Real      | Val  Loss: 0.3792 | Val  Acc: 0.9524
 Site-Sketch    | Val  Loss: 0.7450 | Val  Acc: 0.8333
Average Valid Accuracy: 0.7802
 Best site-Clipart    | Epoch:5 | Val Acc: 0.8810
 Best site-Clipart    | Epoch:5 | Val Acc: 0.9762
 Best site-Clipart    | Epoch:5 | Val Acc: 0.9524
 Best site-Clipart    | Epoch:5 | Val Acc: 0.9286
 Best site-Clipart    | Epoch:5 | Val Acc: 0.8333
 Best site-Clipart    | Epoch:5 | Val Acc: 0.9048
 Best site-Infograph  | Epoch:5 | Val Acc: 0.6667
 Best site-Infograph  | Epoch:5 | Val Acc: 0.5952
 Best site-Infograph  | Epoch:5 | Val Acc: 0.4524
 Best site-Painting   | Epoch:5 | Val Acc: 0.8095
 Best site-QuickDraw  | Epoch:5 | Val Acc: 0.3571
 Best site-Real       | Epoch:5 | Val Acc: 0.9524
 Best site-Sketch     | Epoch:5 | Val Acc: 0.8333
 Saving the local and server checkpoint to ../checkpoint/fed_domainnet_uneven-2-sqrt/FedPrompt...
============ Train epoch 30 ============
============ Train epoch 31 ============
============ Train epoch 32 ============
============ Train epoch 33 ============
============ Train epoch 34 ============
client-0 is in G-0
client-1 is in G-2
client-2 is in G-2
client-3 is in G-1
client-4 is in G-0
client-5 is in G-0
client-6 is in G-0
client-7 is in G-1
client-8 is in G-0
client-9 is in G-1
client-10 is in G-0
client-11 is in G-1
client-12 is in G-2
cnt=[6, 4, 3, ]
 Site-Clipart   | Train Loss: 0.3611 | Train Acc: 0.9524
 Site-Clipart   | Train Loss: 0.5801 | Train Acc: 0.8889
 Site-Clipart   | Train Loss: 0.3806 | Train Acc: 0.9524
 Site-Clipart   | Train Loss: 0.2693 | Train Acc: 0.9841
 Site-Clipart   | Train Loss: 0.4980 | Train Acc: 0.9048
 Site-Clipart   | Train Loss: 0.4983 | Train Acc: 0.8730
 Site-Infograph | Train Loss: 1.3624 | Train Acc: 0.5714
 Site-Infograph | Train Loss: 1.1186 | Train Acc: 0.6190
 Site-Infograph | Train Loss: 1.0368 | Train Acc: 0.6984
 Site-Painting  | Train Loss: 0.4918 | Train Acc: 0.8889
 Site-QuickDraw | Train Loss: 1.5128 | Train Acc: 0.5714
 Site-Real      | Train Loss: 0.2816 | Train Acc: 0.9365
 Site-Sketch    | Train Loss: 0.4983 | Train Acc: 0.8889
 Site-Clipart   | Val  Loss: 0.4320 | Val  Acc: 0.9048
 Site-Clipart   | Val  Loss: 0.2387 | Val  Acc: 0.9762
 Site-Clipart   | Val  Loss: 0.2682 | Val  Acc: 0.9524
 Site-Clipart   | Val  Loss: 0.2496 | Val  Acc: 1.0000
 Site-Clipart   | Val  Loss: 0.5881 | Val  Acc: 0.8810
 Site-Clipart   | Val  Loss: 0.5145 | Val  Acc: 0.8810
 Site-Infograph | Val  Loss: 1.0110 | Val  Acc: 0.7381
 Site-Infograph | Val  Loss: 1.0967 | Val  Acc: 0.7381
 Site-Infograph | Val  Loss: 1.4003 | Val  Acc: 0.5714
 Site-Painting  | Val  Loss: 0.7428 | Val  Acc: 0.8333
 Site-QuickDraw | Val  Loss: 1.7139 | Val  Acc: 0.4524
 Site-Real      | Val  Loss: 0.3484 | Val  Acc: 0.9286
 Site-Sketch    | Val  Loss: 0.7941 | Val  Acc: 0.7857
Average Valid Accuracy: 0.8187
 Best site-Clipart    | Epoch:6 | Val Acc: 0.9048
 Best site-Clipart    | Epoch:6 | Val Acc: 0.9762
 Best site-Clipart    | Epoch:6 | Val Acc: 0.9524
 Best site-Clipart    | Epoch:6 | Val Acc: 1.0000
 Best site-Clipart    | Epoch:6 | Val Acc: 0.8810
 Best site-Clipart    | Epoch:6 | Val Acc: 0.8810
 Best site-Infograph  | Epoch:6 | Val Acc: 0.7381
 Best site-Infograph  | Epoch:6 | Val Acc: 0.7381
 Best site-Infograph  | Epoch:6 | Val Acc: 0.5714
 Best site-Painting   | Epoch:6 | Val Acc: 0.8333
 Best site-QuickDraw  | Epoch:6 | Val Acc: 0.4524
 Best site-Real       | Epoch:6 | Val Acc: 0.9286
 Best site-Sketch     | Epoch:6 | Val Acc: 0.7857
 Saving the local and server checkpoint to ../checkpoint/fed_domainnet_uneven-2-sqrt/FedPrompt...
============ Train epoch 35 ============
============ Train epoch 36 ============
============ Train epoch 37 ============
============ Train epoch 38 ============
============ Train epoch 39 ============
client-0 is in G-0
client-1 is in G-2
client-2 is in G-2
client-3 is in G-1
client-4 is in G-0
client-5 is in G-0
client-6 is in G-0
client-7 is in G-1
client-8 is in G-0
client-9 is in G-1
client-10 is in G-0
client-11 is in G-1
client-12 is in G-2
cnt=[6, 4, 3, ]
 Site-Clipart   | Train Loss: 0.3335 | Train Acc: 0.9683
 Site-Clipart   | Train Loss: 0.4211 | Train Acc: 0.9048
 Site-Clipart   | Train Loss: 0.2214 | Train Acc: 0.9524
 Site-Clipart   | Train Loss: 0.1620 | Train Acc: 1.0000
 Site-Clipart   | Train Loss: 0.3568 | Train Acc: 0.9524
 Site-Clipart   | Train Loss: 0.4565 | Train Acc: 0.8889
 Site-Infograph | Train Loss: 1.2070 | Train Acc: 0.6190
 Site-Infograph | Train Loss: 0.9090 | Train Acc: 0.7302
 Site-Infograph | Train Loss: 0.9014 | Train Acc: 0.7143
 Site-Painting  | Train Loss: 0.4005 | Train Acc: 0.9365
 Site-QuickDraw | Train Loss: 1.6459 | Train Acc: 0.4286
 Site-Real      | Train Loss: 0.2531 | Train Acc: 0.9524
 Site-Sketch    | Train Loss: 0.3117 | Train Acc: 0.9524
 Site-Clipart   | Val  Loss: 0.3342 | Val  Acc: 0.9048
 Site-Clipart   | Val  Loss: 0.1833 | Val  Acc: 1.0000
 Site-Clipart   | Val  Loss: 0.1841 | Val  Acc: 1.0000
 Site-Clipart   | Val  Loss: 0.2290 | Val  Acc: 1.0000
 Site-Clipart   | Val  Loss: 0.4424 | Val  Acc: 0.9048
 Site-Clipart   | Val  Loss: 0.4369 | Val  Acc: 0.8810
 Site-Infograph | Val  Loss: 0.8949 | Val  Acc: 0.6905
 Site-Infograph | Val  Loss: 0.8353 | Val  Acc: 0.8333
 Site-Infograph | Val  Loss: 1.3453 | Val  Acc: 0.5000
 Site-Painting  | Val  Loss: 0.7941 | Val  Acc: 0.7143
 Site-QuickDraw | Val  Loss: 1.7928 | Val  Acc: 0.4524
 Site-Real      | Val  Loss: 0.3279 | Val  Acc: 0.9048
 Site-Sketch    | Val  Loss: 0.6824 | Val  Acc: 0.8571
Average Valid Accuracy: 0.8187
============ Train epoch 40 ============
============ Train epoch 41 ============
============ Train epoch 42 ============
============ Train epoch 43 ============
============ Train epoch 44 ============
client-0 is in G-0
client-1 is in G-2
client-2 is in G-2
client-3 is in G-1
client-4 is in G-0
client-5 is in G-0
client-6 is in G-0
client-7 is in G-1
client-8 is in G-0
client-9 is in G-1
client-10 is in G-0
client-11 is in G-1
client-12 is in G-2
cnt=[6, 4, 3, ]
 Site-Clipart   | Train Loss: 0.2615 | Train Acc: 0.9524
 Site-Clipart   | Train Loss: 0.3513 | Train Acc: 0.8889
 Site-Clipart   | Train Loss: 0.1990 | Train Acc: 1.0000
 Site-Clipart   | Train Loss: 0.1846 | Train Acc: 0.9683
 Site-Clipart   | Train Loss: 0.3115 | Train Acc: 0.9683
 Site-Clipart   | Train Loss: 0.3505 | Train Acc: 0.9048
 Site-Infograph | Train Loss: 1.4205 | Train Acc: 0.5397
 Site-Infograph | Train Loss: 1.0165 | Train Acc: 0.6825
 Site-Infograph | Train Loss: 0.7556 | Train Acc: 0.7778
 Site-Painting  | Train Loss: 0.3779 | Train Acc: 0.9365
 Site-QuickDraw | Train Loss: 1.5350 | Train Acc: 0.5079
 Site-Real      | Train Loss: 0.2157 | Train Acc: 0.9365
 Site-Sketch    | Train Loss: 0.3238 | Train Acc: 0.9365
 Site-Clipart   | Val  Loss: 0.3598 | Val  Acc: 0.9286
 Site-Clipart   | Val  Loss: 0.2601 | Val  Acc: 0.9524
 Site-Clipart   | Val  Loss: 0.1959 | Val  Acc: 0.9286
 Site-Clipart   | Val  Loss: 0.1666 | Val  Acc: 1.0000
 Site-Clipart   | Val  Loss: 0.3736 | Val  Acc: 0.8810
 Site-Clipart   | Val  Loss: 0.3218 | Val  Acc: 0.9524
 Site-Infograph | Val  Loss: 0.7414 | Val  Acc: 0.8333
 Site-Infograph | Val  Loss: 0.9447 | Val  Acc: 0.7381
 Site-Infograph | Val  Loss: 1.3667 | Val  Acc: 0.4762
 Site-Painting  | Val  Loss: 0.5229 | Val  Acc: 0.8810
 Site-QuickDraw | Val  Loss: 1.7944 | Val  Acc: 0.4286
 Site-Real      | Val  Loss: 0.2941 | Val  Acc: 0.9286
 Site-Sketch    | Val  Loss: 0.5593 | Val  Acc: 0.8810
Average Valid Accuracy: 0.8315
 Best site-Clipart    | Epoch:8 | Val Acc: 0.9286
 Best site-Clipart    | Epoch:8 | Val Acc: 0.9524
 Best site-Clipart    | Epoch:8 | Val Acc: 0.9286
 Best site-Clipart    | Epoch:8 | Val Acc: 1.0000
 Best site-Clipart    | Epoch:8 | Val Acc: 0.8810
 Best site-Clipart    | Epoch:8 | Val Acc: 0.9524
 Best site-Infograph  | Epoch:8 | Val Acc: 0.8333
 Best site-Infograph  | Epoch:8 | Val Acc: 0.7381
 Best site-Infograph  | Epoch:8 | Val Acc: 0.4762
 Best site-Painting   | Epoch:8 | Val Acc: 0.8810
 Best site-QuickDraw  | Epoch:8 | Val Acc: 0.4286
 Best site-Real       | Epoch:8 | Val Acc: 0.9286
 Best site-Sketch     | Epoch:8 | Val Acc: 0.8810
 Saving the local and server checkpoint to ../checkpoint/fed_domainnet_uneven-2-sqrt/FedPrompt...
============ Train epoch 45 ============
============ Train epoch 46 ============
============ Train epoch 47 ============
============ Train epoch 48 ============
============ Train epoch 49 ============
client-0 is in G-0
client-1 is in G-2
client-2 is in G-2
client-3 is in G-1
client-4 is in G-0
client-5 is in G-0
client-6 is in G-0
client-7 is in G-1
client-8 is in G-0
client-9 is in G-1
client-10 is in G-0
client-11 is in G-1
client-12 is in G-2
cnt=[6, 4, 3, ]
 Site-Clipart   | Train Loss: 0.1881 | Train Acc: 0.9683
 Site-Clipart   | Train Loss: 0.2398 | Train Acc: 0.9524
 Site-Clipart   | Train Loss: 0.2141 | Train Acc: 0.9365
 Site-Clipart   | Train Loss: 0.1400 | Train Acc: 0.9683
 Site-Clipart   | Train Loss: 0.2260 | Train Acc: 0.9841
 Site-Clipart   | Train Loss: 0.3776 | Train Acc: 0.9048
 Site-Infograph | Train Loss: 0.9596 | Train Acc: 0.6825
 Site-Infograph | Train Loss: 0.8995 | Train Acc: 0.6984
 Site-Infograph | Train Loss: 0.6534 | Train Acc: 0.7619
 Site-Painting  | Train Loss: 0.2591 | Train Acc: 0.9206
 Site-QuickDraw | Train Loss: 1.4430 | Train Acc: 0.5238
 Site-Real      | Train Loss: 0.2062 | Train Acc: 0.9683
 Site-Sketch    | Train Loss: 0.2869 | Train Acc: 0.9365
 Site-Clipart   | Val  Loss: 0.1911 | Val  Acc: 0.9762
 Site-Clipart   | Val  Loss: 0.1492 | Val  Acc: 0.9524
 Site-Clipart   | Val  Loss: 0.1139 | Val  Acc: 1.0000
 Site-Clipart   | Val  Loss: 0.1814 | Val  Acc: 0.9762
 Site-Clipart   | Val  Loss: 0.2653 | Val  Acc: 0.9524
 Site-Clipart   | Val  Loss: 0.2652 | Val  Acc: 0.9286
 Site-Infograph | Val  Loss: 0.6935 | Val  Acc: 0.7619
 Site-Infograph | Val  Loss: 0.7805 | Val  Acc: 0.7619
 Site-Infograph | Val  Loss: 1.0654 | Val  Acc: 0.6667
 Site-Painting  | Val  Loss: 0.4874 | Val  Acc: 0.9048
 Site-QuickDraw | Val  Loss: 1.7826 | Val  Acc: 0.4048
 Site-Real      | Val  Loss: 0.2345 | Val  Acc: 0.9524
 Site-Sketch    | Val  Loss: 0.7022 | Val  Acc: 0.8571
Average Valid Accuracy: 0.8535
 Best site-Clipart    | Epoch:9 | Val Acc: 0.9762
 Best site-Clipart    | Epoch:9 | Val Acc: 0.9524
 Best site-Clipart    | Epoch:9 | Val Acc: 1.0000
 Best site-Clipart    | Epoch:9 | Val Acc: 0.9762
 Best site-Clipart    | Epoch:9 | Val Acc: 0.9524
 Best site-Clipart    | Epoch:9 | Val Acc: 0.9286
 Best site-Infograph  | Epoch:9 | Val Acc: 0.7619
 Best site-Infograph  | Epoch:9 | Val Acc: 0.7619
 Best site-Infograph  | Epoch:9 | Val Acc: 0.6667
 Best site-Painting   | Epoch:9 | Val Acc: 0.9048
 Best site-QuickDraw  | Epoch:9 | Val Acc: 0.4048
 Best site-Real       | Epoch:9 | Val Acc: 0.9524
 Best site-Sketch     | Epoch:9 | Val Acc: 0.8571
 Saving the local and server checkpoint to ../checkpoint/fed_domainnet_uneven-2-sqrt/FedPrompt...
===2023-03-31 12:45:09===
===2023-03-31 12:45:11===
===Setting===
    dataset: domainnet
    lr: 0.01
    batch: 8
    iters: 10
    wk_iters: 5
    tune: False
    lambda for constrastive: 0.5
domain number = 3
Loading snapshots...
 Test site-Clipart   | Epoch:9 | Test Acc: 0.8783
 Test site-Infograph | Epoch:9 | Test Acc: 0.5266
 Test site-Painting  | Epoch:9 | Test Acc: 0.8595
 Test site-QuickDraw | Epoch:9 | Test Acc: 0.4670
 Test site-Real      | Epoch:9 | Test Acc: 0.9219
 Test site-Sketch    | Epoch:9 | Test Acc: 0.8051
Average Test Accuracy: 0.7431
