===2023-08-01 19:04:28===
===Setting===
    dataset: office
    lr: 0.01
    batch: 64
    iters: 0
    wk_iters: 1
    si: False
    domain_num: 4
    quantile: 0
    power_cs: 1
    std_rw: False
    gender_label: False
    binary_race: False
    save_iter: -1
    mix5: False
    power_relu: 1
    Ea_val: False
data_number=[3,6,11,22,42,81,154,12,24,45,86,30,57,46,
client_nums=[7,4,2,1,]
len_dataset=[537,282,148,77,]
domain number = 4
multiply 100 for Ea!
use train loss for Ea
===2023-08-01 19:04:33===
===2023-08-01 19:04:48===
===Setting===
    dataset: office
    lr: 0.01
    batch: 64
    iters: 0
    wk_iters: 1
    si: False
    domain_num: 4
    quantile: 0
    power_cs: 1
    std_rw: False
    gender_label: False
    binary_race: False
    save_iter: -1
    mix5: False
    power_relu: 1
    Ea_val: False
data_number=[3,6,11,22,42,81,154,12,24,45,86,30,57,46,
client_nums=[7,4,2,1,]
len_dataset=[537,282,148,77,]
domain number = 4
multiply 100 for Ea!
use train loss for Ea
===2023-08-01 19:04:51===
