===2023-06-03 21:17:38===
===Setting===
    dataset: digit
    lr: 0.01
    batch: 32
    iters: 10
    wk_iters: 1
    si: False
    domain_num: 5
    quantile: 0
    std_rw: False
    gender_label: False
    binary_race: False
    save_iter: -1
data_number=[13,24,43,77,140,252,454,818,1473,2651,80,144,259,467,840,1513,303,547,984,364,655,566,
client_nums=[10,6,3,2,1,]
len_dataset=[7438,4132,2295,1275,708,]
domain number = 5
Loading snapshots...
 Test site-MNIST                     | Epoch:40 | Test Acc: 0.9626
 Test site-USPS                      | Epoch:40 | Test Acc: 0.9532
 Test site-SynthDigits               | Epoch:40 | Test Acc: 0.8132
 Test site-MNIST-M                   | Epoch:40 | Test Acc: 0.6584
 Test site-SVHN                      | Epoch:40 | Test Acc: 0.5196
MNIST: 0.963, USPS: 0.953, SynthDigits: 0.813, MNIST-M: 0.658, SVHN: 0.520, 
Average Test Accuracy: 0.7814, domain std=0.1715, cluster std=-1.0000, individual std=0.1241, 
===2023-06-10 05:24:16===
===Setting===
    dataset: digit
    lr: 0.01
    batch: 32
    iters: 50
    wk_iters: 1
    si: False
    domain_num: 5
    quantile: 0
    std_rw: False
    gender_label: False
    binary_race: False
    save_iter: -1
data_number=[13,24,43,77,140,252,454,818,1473,2651,80,144,259,467,840,1513,303,547,984,364,655,566,
client_nums=[10,6,3,2,1,]
len_dataset=[7438,4132,2295,1275,708,]
domain number = 5
Loading snapshots...
 Test site-MNIST                     | Epoch:40 | Test Acc: 0.9626
 Test site-USPS                      | Epoch:40 | Test Acc: 0.9532
 Test site-SynthDigits               | Epoch:40 | Test Acc: 0.8132
 Test site-MNIST-M                   | Epoch:40 | Test Acc: 0.6584
 Test site-MNIST-M                   | Epoch:40 | Test Acc: 0.6584
 Test site-SVHN                      | Epoch:40 | Test Acc: 0.5196
MNIST: 0.7598, USPS: 0.9532, SynthDigits: 0.8132, SVHN: 0.5196, 
Average Test Accuracy(group): 0.7615, Average Test Accuracy(individual): 0.8919,
domain CV=0.2055, cluster CV=-1.0000, individual CV=0.1391, 

[10, 6, 3, 2, 1]
mean_domain: 0.7814, mean_individual: 0.8919,
std_domain: 0.1715, std_individual: 0.1241, 
