===2023-06-04 09:16:21===
===Setting===
    dataset: domainnet
    lr: 0.01
    batch: 32
    iters: 10
    wk_iters: 1
    si: False
    domain_num: 6
    quantile: 0
    std_rw: False
    gender_label: False
    binary_race: False
    save_iter: -1
data_number=[157,472,157,472,157,472,157,472,157,472,157,472,
client_nums=[2,2,2,2,2,2,]
len_dataset=[2103,2103,2103,2103,2103,2103,]
label set of clients: [10, 10, 10, 10, 10, 10, 10, 10, 10, 10, 10, 10, ]
domain number = 6
Loading snapshots...
 Test site-Clipart                   | Epoch:48 | Test Acc: 0.9011
 Test site-Real                      | Epoch:48 | Test Acc: 0.9334
 Test site-Painting                  | Epoch:48 | Test Acc: 0.9289
 Test site-Sketch                    | Epoch:48 | Test Acc: 0.8899
 Test site-QuickDraw                 | Epoch:48 | Test Acc: 0.8000
 Test site-Infograph                 | Epoch:48 | Test Acc: 0.6377
Clipart: 0.901, Real: 0.933, Painting: 0.929, Sketch: 0.890, QuickDraw: 0.800, Infograph: 0.638, 
Average Test Accuracy: 0.8485, domain std=0.1040, cluster std=-1.0000, individual std=0.1040, 
===2023-06-07 15:16:53===
===Setting===
    dataset: domainnet
    lr: 0.01
    batch: 32
    iters: 10
    wk_iters: 1
    si: False
    domain_num: 6
    quantile: 0
    std_rw: False
    gender_label: False
    binary_race: False
    save_iter: -1
data_number=[157,472,157,472,157,472,157,472,157,472,157,472,
client_nums=[2,2,2,2,2,2,]
len_dataset=[2103,2103,2103,2103,2103,2103,]
domain number = 6
Loading snapshots...
 Test site-Clipart                   | Epoch:48 | Test Acc: 0.9011
 Test site-Real                      | Epoch:48 | Test Acc: 0.9334
 Test site-Painting                  | Epoch:48 | Test Acc: 0.9289
 Test site-Sketch                    | Epoch:48 | Test Acc: 0.8899
 Test site-QuickDraw                 | Epoch:48 | Test Acc: 0.8000
 Test site-Infograph                 | Epoch:48 | Test Acc: 0.6377
Clipart: 0.9011, Real: 0.9334, Painting: 0.9289, Sketch: 0.8899, QuickDraw: 0.8000, Infograph: 0.6377, 
Average Test Accuracy(group): 0.8485, Average Test Accuracy(individual): 0.8485,
domain std=0.1040, cluster std=-1.0000, individual std=0.1040, 
