===2023-03-14 14:48:24===
===Setting===
    lr: 0.01
    batch: 32
    iters: 10
    wk_iters: 5
============ Train epoch 0 ============
============ Train epoch 1 ============
============ Train epoch 2 ============
============ Train epoch 3 ============
============ Train epoch 4 ============
 Site-Amazon    | Train Loss: 1.5207 | Train Acc: 0.8226
 Site-Caltech   | Train Loss: 1.5260 | Train Acc: 0.7419
 Site-DSLR      | Train Loss: 1.4446 | Train Acc: 0.8226
 Site-Webcam    | Train Loss: 1.5515 | Train Acc: 0.7419
 Site-Amazon    | Val  Loss: 1.5359 | Val  Acc: 0.8000
 Site-Caltech   | Val  Loss: 1.6305 | Val  Acc: 0.6800
 Site-DSLR      | Val  Loss: 1.5323 | Val  Acc: 0.8200
 Site-Webcam    | Val  Loss: 1.6479 | Val  Acc: 0.6400
 Best site-Amazon     | Epoch:0 | Val Acc: 0.8000
 Best site-Caltech    | Epoch:0 | Val Acc: 0.6800
 Best site-DSLR       | Epoch:0 | Val Acc: 0.8200
 Best site-Webcam     | Epoch:0 | Val Acc: 0.6400
 Saving the local and server checkpoint to ../checkpoint/office/fed_office/DoPrompt_lsim=True...
 Test site-Amazon    | Epoch:0 | Test Acc: 0.8958
 Test site-Caltech   | Epoch:0 | Test Acc: 0.8356
 Test site-DSLR      | Epoch:0 | Test Acc: 0.9062
 Test site-Webcam    | Epoch:0 | Test Acc: 0.8475
============ Train epoch 5 ============
============ Train epoch 6 ============
============ Train epoch 7 ============
============ Train epoch 8 ============
============ Train epoch 9 ============
 Site-Amazon    | Train Loss: 0.7797 | Train Acc: 0.9032
 Site-Caltech   | Train Loss: 0.8092 | Train Acc: 0.8871
 Site-DSLR      | Train Loss: 0.7749 | Train Acc: 0.9355
 Site-Webcam    | Train Loss: 0.8195 | Train Acc: 0.9355
 Site-Amazon    | Val  Loss: 0.7910 | Val  Acc: 0.9400
 Site-Caltech   | Val  Loss: 0.9751 | Val  Acc: 0.8800
 Site-DSLR      | Val  Loss: 0.7450 | Val  Acc: 1.0000
 Site-Webcam    | Val  Loss: 0.9861 | Val  Acc: 0.9400
 Best site-Amazon     | Epoch:1 | Val Acc: 0.9400
 Best site-Caltech    | Epoch:1 | Val Acc: 0.8800
 Best site-DSLR       | Epoch:1 | Val Acc: 1.0000
 Best site-Webcam     | Epoch:1 | Val Acc: 0.9400
 Saving the local and server checkpoint to ../checkpoint/office/fed_office/DoPrompt_lsim=True...
 Test site-Amazon    | Epoch:1 | Test Acc: 0.9271
 Test site-Caltech   | Epoch:1 | Test Acc: 0.9111
 Test site-DSLR      | Epoch:1 | Test Acc: 1.0000
 Test site-Webcam    | Epoch:1 | Test Acc: 0.9661
============ Train epoch 10 ============
============ Train epoch 11 ============
============ Train epoch 12 ============
============ Train epoch 13 ============
============ Train epoch 14 ============
 Site-Amazon    | Train Loss: 0.4658 | Train Acc: 0.9032
 Site-Caltech   | Train Loss: 0.4706 | Train Acc: 0.9194
 Site-DSLR      | Train Loss: 0.4011 | Train Acc: 1.0000
 Site-Webcam    | Train Loss: 0.4698 | Train Acc: 0.9839
 Site-Amazon    | Val  Loss: 0.4609 | Val  Acc: 1.0000
 Site-Caltech   | Val  Loss: 0.6382 | Val  Acc: 0.8400
 Site-DSLR      | Val  Loss: 0.4178 | Val  Acc: 1.0000
 Site-Webcam    | Val  Loss: 0.4972 | Val  Acc: 1.0000
 Best site-Amazon     | Epoch:2 | Val Acc: 1.0000
 Best site-Caltech    | Epoch:2 | Val Acc: 0.8400
 Best site-DSLR       | Epoch:2 | Val Acc: 1.0000
 Best site-Webcam     | Epoch:2 | Val Acc: 1.0000
 Saving the local and server checkpoint to ../checkpoint/office/fed_office/DoPrompt_lsim=True...
 Test site-Amazon    | Epoch:2 | Test Acc: 0.9427
 Test site-Caltech   | Epoch:2 | Test Acc: 0.9289
 Test site-DSLR      | Epoch:2 | Test Acc: 1.0000
 Test site-Webcam    | Epoch:2 | Test Acc: 1.0000
============ Train epoch 15 ============
============ Train epoch 16 ============
============ Train epoch 17 ============
============ Train epoch 18 ============
============ Train epoch 19 ============
 Site-Amazon    | Train Loss: 0.3909 | Train Acc: 0.9032
 Site-Caltech   | Train Loss: 0.3079 | Train Acc: 0.9839
 Site-DSLR      | Train Loss: 0.2115 | Train Acc: 0.9839
 Site-Webcam    | Train Loss: 0.2658 | Train Acc: 1.0000
 Site-Amazon    | Val  Loss: 0.2950 | Val  Acc: 0.9800
 Site-Caltech   | Val  Loss: 0.4991 | Val  Acc: 0.9000
 Site-DSLR      | Val  Loss: 0.2173 | Val  Acc: 1.0000
 Site-Webcam    | Val  Loss: 0.3461 | Val  Acc: 0.9600
============ Train epoch 20 ============
============ Train epoch 21 ============
============ Train epoch 22 ============
============ Train epoch 23 ============
============ Train epoch 24 ============
 Site-Amazon    | Train Loss: 0.3153 | Train Acc: 0.9194
 Site-Caltech   | Train Loss: 0.2267 | Train Acc: 0.9839
 Site-DSLR      | Train Loss: 0.1766 | Train Acc: 0.9839
 Site-Webcam    | Train Loss: 0.1920 | Train Acc: 1.0000
 Site-Amazon    | Val  Loss: 0.2426 | Val  Acc: 0.9600
 Site-Caltech   | Val  Loss: 0.4142 | Val  Acc: 0.8600
 Site-DSLR      | Val  Loss: 0.1670 | Val  Acc: 1.0000
 Site-Webcam    | Val  Loss: 0.1891 | Val  Acc: 1.0000
============ Train epoch 25 ============
============ Train epoch 26 ============
============ Train epoch 27 ============
============ Train epoch 28 ============
============ Train epoch 29 ============
 Site-Amazon    | Train Loss: 0.2301 | Train Acc: 0.9355
 Site-Caltech   | Train Loss: 0.1846 | Train Acc: 1.0000
 Site-DSLR      | Train Loss: 0.1372 | Train Acc: 0.9839
 Site-Webcam    | Train Loss: 0.1454 | Train Acc: 0.9839
 Site-Amazon    | Val  Loss: 0.1992 | Val  Acc: 0.9800
 Site-Caltech   | Val  Loss: 0.4051 | Val  Acc: 0.9400
 Site-DSLR      | Val  Loss: 0.0993 | Val  Acc: 1.0000
 Site-Webcam    | Val  Loss: 0.1556 | Val  Acc: 1.0000
 Best site-Amazon     | Epoch:5 | Val Acc: 0.9800
 Best site-Caltech    | Epoch:5 | Val Acc: 0.9400
 Best site-DSLR       | Epoch:5 | Val Acc: 1.0000
 Best site-Webcam     | Epoch:5 | Val Acc: 1.0000
 Saving the local and server checkpoint to ../checkpoint/office/fed_office/DoPrompt_lsim=True...
 Test site-Amazon    | Epoch:5 | Test Acc: 0.9583
 Test site-Caltech   | Epoch:5 | Test Acc: 0.9556
 Test site-DSLR      | Epoch:5 | Test Acc: 1.0000
 Test site-Webcam    | Epoch:5 | Test Acc: 0.9831
============ Train epoch 30 ============
============ Train epoch 31 ============
============ Train epoch 32 ============
============ Train epoch 33 ============
============ Train epoch 34 ============
 Site-Amazon    | Train Loss: 0.2325 | Train Acc: 0.9516
 Site-Caltech   | Train Loss: 0.1623 | Train Acc: 0.9839
 Site-DSLR      | Train Loss: 0.1232 | Train Acc: 1.0000
 Site-Webcam    | Train Loss: 0.1243 | Train Acc: 1.0000
 Site-Amazon    | Val  Loss: 0.1955 | Val  Acc: 0.9600
 Site-Caltech   | Val  Loss: 0.3901 | Val  Acc: 0.8800
 Site-DSLR      | Val  Loss: 0.0847 | Val  Acc: 1.0000
 Site-Webcam    | Val  Loss: 0.1578 | Val  Acc: 1.0000
============ Train epoch 35 ============
============ Train epoch 36 ============
============ Train epoch 37 ============
============ Train epoch 38 ============
============ Train epoch 39 ============
 Site-Amazon    | Train Loss: 0.1801 | Train Acc: 0.9677
 Site-Caltech   | Train Loss: 0.1500 | Train Acc: 0.9839
 Site-DSLR      | Train Loss: 0.0849 | Train Acc: 1.0000
 Site-Webcam    | Train Loss: 0.1034 | Train Acc: 1.0000
 Site-Amazon    | Val  Loss: 0.1848 | Val  Acc: 0.9600
 Site-Caltech   | Val  Loss: 0.3763 | Val  Acc: 0.9000
 Site-DSLR      | Val  Loss: 0.0598 | Val  Acc: 1.0000
 Site-Webcam    | Val  Loss: 0.1791 | Val  Acc: 0.9600
============ Train epoch 40 ============
============ Train epoch 41 ============
============ Train epoch 42 ============
============ Train epoch 43 ============
============ Train epoch 44 ============
 Site-Amazon    | Train Loss: 0.1775 | Train Acc: 0.9677
 Site-Caltech   | Train Loss: 0.1211 | Train Acc: 1.0000
 Site-DSLR      | Train Loss: 0.0679 | Train Acc: 1.0000
 Site-Webcam    | Train Loss: 0.0821 | Train Acc: 1.0000
 Site-Amazon    | Val  Loss: 0.1613 | Val  Acc: 0.9600
 Site-Caltech   | Val  Loss: 0.3909 | Val  Acc: 0.8800
 Site-DSLR      | Val  Loss: 0.1146 | Val  Acc: 0.9800
 Site-Webcam    | Val  Loss: 0.1345 | Val  Acc: 0.9800
============ Train epoch 45 ============
============ Train epoch 46 ============
============ Train epoch 47 ============
============ Train epoch 48 ============
============ Train epoch 49 ============
 Site-Amazon    | Train Loss: 0.1361 | Train Acc: 0.9839
 Site-Caltech   | Train Loss: 0.1037 | Train Acc: 1.0000
 Site-DSLR      | Train Loss: 0.0698 | Train Acc: 1.0000
 Site-Webcam    | Train Loss: 0.0878 | Train Acc: 1.0000
 Site-Amazon    | Val  Loss: 0.2311 | Val  Acc: 0.9200
 Site-Caltech   | Val  Loss: 0.3645 | Val  Acc: 0.8800
 Site-DSLR      | Val  Loss: 0.0565 | Val  Acc: 1.0000
 Site-Webcam    | Val  Loss: 0.0876 | Val  Acc: 1.0000

===2023-03-14 15:12:25===
===Setting===
    lr: 0.01
    batch: 16
    iters: 10
    wk_iters: 5
 Amazon     | Test  Acc: 0.9583
 Caltech    | Test  Acc: 0.9556
 DSLR       | Test  Acc: 1.0000
 Webcam     | Test  Acc: 0.9831
Average Test Accuracy: 0.9742
===2023-03-14 23:01:25===
===Setting===
    lr: 0.01
    batch: 16
    iters: 5
    wk_iters: 10
===2023-03-14 23:17:10===
===Setting===
    lr: 0.01
    batch: 16
    iters: 5
    wk_iters: 10
============ Train epoch 0 ============
============ Train epoch 1 ============
============ Train epoch 2 ============
============ Train epoch 3 ============
============ Train epoch 4 ============
============ Train epoch 5 ============
============ Train epoch 6 ============
============ Train epoch 7 ============
============ Train epoch 8 ============
============ Train epoch 9 ============
 Site-Amazon    | Train Loss: 0.4076 | Train Acc: 0.9200
 Site-Caltech   | Train Loss: 0.3449 | Train Acc: 0.9467
 Site-DSLR      | Train Loss: 0.3356 | Train Acc: 0.9867
 Site-Webcam    | Train Loss: 0.3367 | Train Acc: 0.9600
 Site-Amazon    | Val  Loss: 0.3738 | Val  Acc: 1.0000
 Site-Caltech   | Val  Loss: 0.7174 | Val  Acc: 0.8600
 Site-DSLR      | Val  Loss: 0.4053 | Val  Acc: 0.9800
 Site-Webcam    | Val  Loss: 0.4178 | Val  Acc: 0.9800
 Best site-Amazon     | Epoch:0 | Val Acc: 1.0000
 Best site-Caltech    | Epoch:0 | Val Acc: 0.8600
 Best site-DSLR       | Epoch:0 | Val Acc: 0.9800
 Best site-Webcam     | Epoch:0 | Val Acc: 0.9800
 Saving the local and server checkpoint to ../checkpoint/office/fed_office/DoPrompt_lsim=True...
 Test site-Amazon    | Epoch:0 | Test Acc: 0.9427
 Test site-Caltech   | Epoch:0 | Test Acc: 0.9378
 Test site-DSLR      | Epoch:0 | Test Acc: 1.0000
 Test site-Webcam    | Epoch:0 | Test Acc: 0.9831
============ Train epoch 10 ============
============ Train epoch 11 ============
============ Train epoch 12 ============
============ Train epoch 13 ============
============ Train epoch 14 ============
============ Train epoch 15 ============
============ Train epoch 16 ============
============ Train epoch 17 ============
============ Train epoch 18 ============
============ Train epoch 19 ============
 Site-Amazon    | Train Loss: 0.2791 | Train Acc: 0.9333
 Site-Caltech   | Train Loss: 0.1585 | Train Acc: 0.9867
 Site-DSLR      | Train Loss: 0.1302 | Train Acc: 1.0000
 Site-Webcam    | Train Loss: 0.1321 | Train Acc: 1.0000
 Site-Amazon    | Val  Loss: 0.2383 | Val  Acc: 0.9800
 Site-Caltech   | Val  Loss: 0.7242 | Val  Acc: 0.8600
 Site-DSLR      | Val  Loss: 0.1840 | Val  Acc: 0.9800
 Site-Webcam    | Val  Loss: 0.2194 | Val  Acc: 0.9400
============ Train epoch 20 ============
============ Train epoch 21 ============
============ Train epoch 22 ============
============ Train epoch 23 ============
============ Train epoch 24 ============
============ Train epoch 25 ============
============ Train epoch 26 ============
============ Train epoch 27 ============
============ Train epoch 28 ============
============ Train epoch 29 ============
 Site-Amazon    | Train Loss: 0.1853 | Train Acc: 0.9467
 Site-Caltech   | Train Loss: 0.1012 | Train Acc: 0.9867
 Site-DSLR      | Train Loss: 0.0834 | Train Acc: 1.0000
 Site-Webcam    | Train Loss: 0.0661 | Train Acc: 1.0000
 Site-Amazon    | Val  Loss: 0.2179 | Val  Acc: 0.9600
 Site-Caltech   | Val  Loss: 0.5584 | Val  Acc: 0.9000
 Site-DSLR      | Val  Loss: 0.0885 | Val  Acc: 1.0000
 Site-Webcam    | Val  Loss: 0.1303 | Val  Acc: 0.9800
 Best site-Amazon     | Epoch:2 | Val Acc: 0.9600
 Best site-Caltech    | Epoch:2 | Val Acc: 0.9000
 Best site-DSLR       | Epoch:2 | Val Acc: 1.0000
 Best site-Webcam     | Epoch:2 | Val Acc: 0.9800
 Saving the local and server checkpoint to ../checkpoint/office/fed_office/DoPrompt_lsim=True...
 Test site-Amazon    | Epoch:2 | Test Acc: 0.9531
 Test site-Caltech   | Epoch:2 | Test Acc: 0.9511
 Test site-DSLR      | Epoch:2 | Test Acc: 1.0000
 Test site-Webcam    | Epoch:2 | Test Acc: 0.9831
============ Train epoch 30 ============
============ Train epoch 31 ============
============ Train epoch 32 ============
============ Train epoch 33 ============
============ Train epoch 34 ============
============ Train epoch 35 ============
============ Train epoch 36 ============
============ Train epoch 37 ============
============ Train epoch 38 ============
============ Train epoch 39 ============
 Site-Amazon    | Train Loss: 0.1067 | Train Acc: 0.9733
 Site-Caltech   | Train Loss: 0.0668 | Train Acc: 1.0000
 Site-DSLR      | Train Loss: 0.0434 | Train Acc: 1.0000
 Site-Webcam    | Train Loss: 0.0467 | Train Acc: 1.0000
 Site-Amazon    | Val  Loss: 0.1151 | Val  Acc: 0.9800
 Site-Caltech   | Val  Loss: 0.5097 | Val  Acc: 0.8800
 Site-DSLR      | Val  Loss: 0.0499 | Val  Acc: 0.9800
 Site-Webcam    | Val  Loss: 0.0840 | Val  Acc: 0.9800
============ Train epoch 40 ============
============ Train epoch 41 ============
============ Train epoch 42 ============
============ Train epoch 43 ============
============ Train epoch 44 ============
============ Train epoch 45 ============
============ Train epoch 46 ============
============ Train epoch 47 ============
============ Train epoch 48 ============
============ Train epoch 49 ============
 Site-Amazon    | Train Loss: 0.0883 | Train Acc: 0.9733
 Site-Caltech   | Train Loss: 0.0450 | Train Acc: 1.0000
 Site-DSLR      | Train Loss: 0.0268 | Train Acc: 1.0000
 Site-Webcam    | Train Loss: 0.0405 | Train Acc: 1.0000
 Site-Amazon    | Val  Loss: 0.0881 | Val  Acc: 1.0000
 Site-Caltech   | Val  Loss: 0.4667 | Val  Acc: 0.9200
 Site-DSLR      | Val  Loss: 0.0454 | Val  Acc: 1.0000
 Site-Webcam    | Val  Loss: 0.0824 | Val  Acc: 0.9400
 Best site-Amazon     | Epoch:4 | Val Acc: 1.0000
 Best site-Caltech    | Epoch:4 | Val Acc: 0.9200
 Best site-DSLR       | Epoch:4 | Val Acc: 1.0000
 Best site-Webcam     | Epoch:4 | Val Acc: 0.9400
 Saving the local and server checkpoint to ../checkpoint/office/fed_office/DoPrompt_lsim=True...
 Test site-Amazon    | Epoch:4 | Test Acc: 0.9583
 Test site-Caltech   | Epoch:4 | Test Acc: 0.9511
 Test site-DSLR      | Epoch:4 | Test Acc: 1.0000
 Test site-Webcam    | Epoch:4 | Test Acc: 0.9831
===2023-03-14 23:36:13===
===Setting===
    lr: 0.01
    batch: 16
    iters: 300
    wk_iters: 1
 Amazon     | Test  Acc: 0.9583
 Caltech    | Test  Acc: 0.9511
 DSLR       | Test  Acc: 1.0000
 Webcam     | Test  Acc: 0.9831
Average Test Accuracy: 0.9731
===2023-03-15 16:15:18===
===Setting===
    lr: 0.01
    batch: 16
    iters: 5
    wk_iters: 10
============ Train epoch 0 ============
============ Train epoch 1 ============
============ Train epoch 2 ============
============ Train epoch 3 ============
============ Train epoch 4 ============
============ Train epoch 5 ============
============ Train epoch 6 ============
============ Train epoch 7 ============
============ Train epoch 8 ============
============ Train epoch 9 ============
 Site-Amazon    | Train Loss: 0.4079 | Train Acc: 0.9200
 Site-Caltech   | Train Loss: 0.3449 | Train Acc: 0.9467
 Site-DSLR      | Train Loss: 0.3365 | Train Acc: 1.0000
 Site-Webcam    | Train Loss: 0.3359 | Train Acc: 0.9600
 Site-Amazon    | Val  Loss: 0.3740 | Val  Acc: 1.0000
 Site-Caltech   | Val  Loss: 0.7194 | Val  Acc: 0.8600
 Site-DSLR      | Val  Loss: 0.4062 | Val  Acc: 0.9800
 Site-Webcam    | Val  Loss: 0.4196 | Val  Acc: 0.9800
 Best site-Amazon     | Epoch:0 | Val Acc: 1.0000
 Best site-Caltech    | Epoch:0 | Val Acc: 0.8600
 Best site-DSLR       | Epoch:0 | Val Acc: 0.9800
 Best site-Webcam     | Epoch:0 | Val Acc: 0.9800
 Saving the local and server checkpoint to ../checkpoint/office/fed_office/DoPrompt_lsim=True...
 Test site-Amazon    | Epoch:0 | Test Acc: 0.9427
 Test site-Caltech   | Epoch:0 | Test Acc: 0.9378
 Test site-DSLR      | Epoch:0 | Test Acc: 1.0000
 Test site-Webcam    | Epoch:0 | Test Acc: 0.9831
============ Train epoch 10 ============
============ Train epoch 11 ============
============ Train epoch 12 ============
============ Train epoch 13 ============
============ Train epoch 14 ============
============ Train epoch 15 ============
============ Train epoch 16 ============
============ Train epoch 17 ============
============ Train epoch 18 ============
============ Train epoch 19 ============
 Site-Amazon    | Train Loss: 0.2800 | Train Acc: 0.9333
 Site-Caltech   | Train Loss: 0.1574 | Train Acc: 0.9867
 Site-DSLR      | Train Loss: 0.1291 | Train Acc: 1.0000
 Site-Webcam    | Train Loss: 0.1282 | Train Acc: 1.0000
 Site-Amazon    | Val  Loss: 0.2388 | Val  Acc: 0.9800
 Site-Caltech   | Val  Loss: 0.7244 | Val  Acc: 0.8600
 Site-DSLR      | Val  Loss: 0.1817 | Val  Acc: 0.9800
 Site-Webcam    | Val  Loss: 0.2177 | Val  Acc: 0.9400
============ Train epoch 20 ============
============ Train epoch 21 ============
============ Train epoch 22 ============
============ Train epoch 23 ============
============ Train epoch 24 ============
============ Train epoch 25 ============
============ Train epoch 26 ============
============ Train epoch 27 ============
============ Train epoch 28 ============
============ Train epoch 29 ============
 Site-Amazon    | Train Loss: 0.1858 | Train Acc: 0.9467
 Site-Caltech   | Train Loss: 0.0993 | Train Acc: 0.9867
 Site-DSLR      | Train Loss: 0.0822 | Train Acc: 1.0000
 Site-Webcam    | Train Loss: 0.0653 | Train Acc: 1.0000
 Site-Amazon    | Val  Loss: 0.2183 | Val  Acc: 0.9600
 Site-Caltech   | Val  Loss: 0.5560 | Val  Acc: 0.9000
 Site-DSLR      | Val  Loss: 0.0879 | Val  Acc: 1.0000
 Site-Webcam    | Val  Loss: 0.1304 | Val  Acc: 0.9800
 Best site-Amazon     | Epoch:2 | Val Acc: 0.9600
 Best site-Caltech    | Epoch:2 | Val Acc: 0.9000
 Best site-DSLR       | Epoch:2 | Val Acc: 1.0000
 Best site-Webcam     | Epoch:2 | Val Acc: 0.9800
 Saving the local and server checkpoint to ../checkpoint/office/fed_office/DoPrompt_lsim=True...
 Test site-Amazon    | Epoch:2 | Test Acc: 0.9583
 Test site-Caltech   | Epoch:2 | Test Acc: 0.9511
 Test site-DSLR      | Epoch:2 | Test Acc: 1.0000
 Test site-Webcam    | Epoch:2 | Test Acc: 0.9831
============ Train epoch 30 ============
============ Train epoch 31 ============
============ Train epoch 32 ============
============ Train epoch 33 ============
============ Train epoch 34 ============
============ Train epoch 35 ============
============ Train epoch 36 ============
============ Train epoch 37 ============
============ Train epoch 38 ============
============ Train epoch 39 ============
 Site-Amazon    | Train Loss: 0.1034 | Train Acc: 0.9733
 Site-Caltech   | Train Loss: 0.0676 | Train Acc: 1.0000
 Site-DSLR      | Train Loss: 0.0459 | Train Acc: 1.0000
 Site-Webcam    | Train Loss: 0.0463 | Train Acc: 1.0000
 Site-Amazon    | Val  Loss: 0.1128 | Val  Acc: 0.9800
 Site-Caltech   | Val  Loss: 0.5062 | Val  Acc: 0.8800
 Site-DSLR      | Val  Loss: 0.0503 | Val  Acc: 1.0000
 Site-Webcam    | Val  Loss: 0.0832 | Val  Acc: 1.0000
 Best site-Amazon     | Epoch:3 | Val Acc: 0.9800
 Best site-Caltech    | Epoch:3 | Val Acc: 0.8800
 Best site-DSLR       | Epoch:3 | Val Acc: 1.0000
 Best site-Webcam     | Epoch:3 | Val Acc: 1.0000
 Saving the local and server checkpoint to ../checkpoint/office/fed_office/DoPrompt_lsim=True...
 Test site-Amazon    | Epoch:3 | Test Acc: 0.9583
 Test site-Caltech   | Epoch:3 | Test Acc: 0.9467
 Test site-DSLR      | Epoch:3 | Test Acc: 1.0000
 Test site-Webcam    | Epoch:3 | Test Acc: 0.9831
============ Train epoch 40 ============
============ Train epoch 41 ============
============ Train epoch 42 ============
============ Train epoch 43 ============
============ Train epoch 44 ============
============ Train epoch 45 ============
============ Train epoch 46 ============
============ Train epoch 47 ============
============ Train epoch 48 ============
============ Train epoch 49 ============
 Site-Amazon    | Train Loss: 0.0856 | Train Acc: 0.9733
 Site-Caltech   | Train Loss: 0.0437 | Train Acc: 1.0000
 Site-DSLR      | Train Loss: 0.0275 | Train Acc: 1.0000
 Site-Webcam    | Train Loss: 0.0446 | Train Acc: 1.0000
 Site-Amazon    | Val  Loss: 0.2466 | Val  Acc: 0.9600
 Site-Caltech   | Val  Loss: 0.5097 | Val  Acc: 0.9000
 Site-DSLR      | Val  Loss: 0.0331 | Val  Acc: 1.0000
 Site-Webcam    | Val  Loss: 0.0617 | Val  Acc: 0.9800
===2023-03-15 16:34:39===
===Setting===
    lr: 0.01
    batch: 16
    iters: 5
    wk_iters: 10
============ Train epoch 0 ============
============ Train epoch 1 ============
============ Train epoch 2 ============
============ Train epoch 3 ============
============ Train epoch 4 ============
============ Train epoch 5 ============
============ Train epoch 6 ============
============ Train epoch 7 ============
============ Train epoch 8 ============
============ Train epoch 9 ============
 Site-Amazon    | Train Loss: 0.4076 | Train Acc: 0.9200
 Site-Caltech   | Train Loss: 0.3445 | Train Acc: 0.9467
 Site-DSLR      | Train Loss: 0.3361 | Train Acc: 0.9867
 Site-Webcam    | Train Loss: 0.3365 | Train Acc: 0.9600
 Site-Amazon    | Val  Loss: 0.3736 | Val  Acc: 1.0000
 Site-Caltech   | Val  Loss: 0.7187 | Val  Acc: 0.8600
 Site-DSLR      | Val  Loss: 0.4053 | Val  Acc: 0.9800
 Site-Webcam    | Val  Loss: 0.4181 | Val  Acc: 0.9800
 Best site-Amazon     | Epoch:0 | Val Acc: 1.0000
 Best site-Caltech    | Epoch:0 | Val Acc: 0.8600
 Best site-DSLR       | Epoch:0 | Val Acc: 0.9800
 Best site-Webcam     | Epoch:0 | Val Acc: 0.9800
 Saving the local and server checkpoint to ../checkpoint/office/fed_office/DoPrompt_lsim=True...
 Test site-Amazon    | Epoch:0 | Test Acc: 0.9427
 Test site-Caltech   | Epoch:0 | Test Acc: 0.9378
 Test site-DSLR      | Epoch:0 | Test Acc: 1.0000
 Test site-Webcam    | Epoch:0 | Test Acc: 0.9831
============ Train epoch 10 ============
============ Train epoch 11 ============
============ Train epoch 12 ============
===2023-03-15 16:39:03===
===Setting===
    lr: 0.01
    batch: 16
    iters: 5
    wk_iters: 10
============ Train epoch 0 ============
============ Train epoch 1 ============
===2023-03-15 16:39:37===
===Setting===
    lr: 0.01
    batch: 16
    iters: 5
    wk_iters: 5
============ Train epoch 0 ============
============ Train epoch 1 ============
============ Train epoch 2 ============
============ Train epoch 3 ============
============ Train epoch 4 ============
 Site-Amazon    | Train Loss: 0.7434 | Train Acc: 0.9067
 Site-Caltech   | Train Loss: 0.7934 | Train Acc: 0.9600
 Site-DSLR      | Train Loss: 0.7560 | Train Acc: 0.9200
 Site-Webcam    | Train Loss: 0.7396 | Train Acc: 0.9600
 Site-Amazon    | Val  Loss: 0.7730 | Val  Acc: 1.0000
 Site-Caltech   | Val  Loss: 1.0621 | Val  Acc: 0.9000
 Site-DSLR      | Val  Loss: 0.8854 | Val  Acc: 1.0000
 Site-Webcam    | Val  Loss: 0.9552 | Val  Acc: 0.9600
 Best site-Amazon     | Epoch:0 | Val Acc: 1.0000
 Best site-Caltech    | Epoch:0 | Val Acc: 0.9000
 Best site-DSLR       | Epoch:0 | Val Acc: 1.0000
 Best site-Webcam     | Epoch:0 | Val Acc: 0.9600
 Saving the local and server checkpoint to ../checkpoint/office/fed_office/DoPrompt_lsim=True...
 Test site-Amazon    | Epoch:0 | Test Acc: 0.9323
 Test site-Caltech   | Epoch:0 | Test Acc: 0.9200
 Test site-DSLR      | Epoch:0 | Test Acc: 1.0000
 Test site-Webcam    | Epoch:0 | Test Acc: 0.9492
============ Train epoch 5 ============
============ Train epoch 6 ============
============ Train epoch 7 ============
============ Train epoch 8 ============
===2023-03-15 16:42:51===
===Setting===
    lr: 0.01
    batch: 16
    iters: 5
    wk_iters: 5
============ Train epoch 0 ============
============ Train epoch 1 ============
============ Train epoch 2 ============
============ Train epoch 3 ============
============ Train epoch 4 ============
 Site-Amazon    | Train Loss: 0.7434 | Train Acc: 0.9067
 Site-Caltech   | Train Loss: 0.7934 | Train Acc: 0.9600
 Site-DSLR      | Train Loss: 0.7560 | Train Acc: 0.9200
 Site-Webcam    | Train Loss: 0.7396 | Train Acc: 0.9600
 Site-Amazon    | Val  Loss: 0.7730 | Val  Acc: 1.0000
 Site-Caltech   | Val  Loss: 1.0621 | Val  Acc: 0.9000
 Site-DSLR      | Val  Loss: 0.8854 | Val  Acc: 1.0000
 Site-Webcam    | Val  Loss: 0.9552 | Val  Acc: 0.9600
 Best site-Amazon     | Epoch:0 | Val Acc: 1.0000
 Best site-Caltech    | Epoch:0 | Val Acc: 0.9000
 Best site-DSLR       | Epoch:0 | Val Acc: 1.0000
 Best site-Webcam     | Epoch:0 | Val Acc: 0.9600
 Saving the local and server checkpoint to ../checkpoint/office/fed_office/DoPrompt_lsim=True...
 Test site-Amazon    | Epoch:0 | Test Acc: 0.9323
 Test site-Caltech   | Epoch:0 | Test Acc: 0.9200
 Test site-DSLR      | Epoch:0 | Test Acc: 1.0000
 Test site-Webcam    | Epoch:0 | Test Acc: 0.9492
============ Train epoch 5 ============
===2023-03-15 16:45:18===
===Setting===
    lr: 0.01
    batch: 16
    iters: 5
    wk_iters: 5
============ Train epoch 0 ============
============ Train epoch 1 ============
============ Train epoch 2 ============
============ Train epoch 3 ============
============ Train epoch 4 ============
 Site-Amazon    | Train Loss: 0.7436 | Train Acc: 0.9067
 Site-Caltech   | Train Loss: 0.7939 | Train Acc: 0.9600
 Site-DSLR      | Train Loss: 0.7562 | Train Acc: 0.9200
 Site-Webcam    | Train Loss: 0.7399 | Train Acc: 0.9600
 Site-Amazon    | Val  Loss: 0.7731 | Val  Acc: 1.0000
 Site-Caltech   | Val  Loss: 1.0624 | Val  Acc: 0.9000
 Site-DSLR      | Val  Loss: 0.8857 | Val  Acc: 1.0000
 Site-Webcam    | Val  Loss: 0.9557 | Val  Acc: 0.9600
 Best site-Amazon     | Epoch:0 | Val Acc: 1.0000
 Best site-Caltech    | Epoch:0 | Val Acc: 0.9000
 Best site-DSLR       | Epoch:0 | Val Acc: 1.0000
 Best site-Webcam     | Epoch:0 | Val Acc: 0.9600
 Saving the local and server checkpoint to ../checkpoint/office/fed_office/DoPrompt_lsim=True...
 Test site-Amazon    | Epoch:0 | Test Acc: 0.9323
 Test site-Caltech   | Epoch:0 | Test Acc: 0.9200
 Test site-DSLR      | Epoch:0 | Test Acc: 1.0000
 Test site-Webcam    | Epoch:0 | Test Acc: 0.9492
============ Train epoch 5 ============
============ Train epoch 6 ============
============ Train epoch 7 ============
============ Train epoch 8 ============
============ Train epoch 9 ============
 Site-Amazon    | Train Loss: 0.3573 | Train Acc: 0.9200
 Site-Caltech   | Train Loss: 0.3193 | Train Acc: 0.9733
 Site-DSLR      | Train Loss: 0.2630 | Train Acc: 1.0000
 Site-Webcam    | Train Loss: 0.2819 | Train Acc: 0.9733
 Site-Amazon    | Val  Loss: 0.3362 | Val  Acc: 1.0000
 Site-Caltech   | Val  Loss: 0.6920 | Val  Acc: 0.9000
 Site-DSLR      | Val  Loss: 0.2874 | Val  Acc: 1.0000
 Site-Webcam    | Val  Loss: 0.3518 | Val  Acc: 0.9800
 Best site-Amazon     | Epoch:1 | Val Acc: 1.0000
 Best site-Caltech    | Epoch:1 | Val Acc: 0.9000
 Best site-DSLR       | Epoch:1 | Val Acc: 1.0000
 Best site-Webcam     | Epoch:1 | Val Acc: 0.9800
 Saving the local and server checkpoint to ../checkpoint/office/fed_office/DoPrompt_lsim=True...
 Test site-Amazon    | Epoch:1 | Test Acc: 0.9427
 Test site-Caltech   | Epoch:1 | Test Acc: 0.9422
 Test site-DSLR      | Epoch:1 | Test Acc: 1.0000
 Test site-Webcam    | Epoch:1 | Test Acc: 0.9831
============ Train epoch 10 ============
============ Train epoch 11 ============
============ Train epoch 12 ============
===2023-03-15 16:50:03===
===Setting===
    lr: 0.01
    batch: 16
    iters: 5
    wk_iters: 5
============ Train epoch 0 ============
============ Train epoch 1 ============
============ Train epoch 2 ============
===2023-03-15 16:50:54===
===Setting===
    lr: 0.01
    batch: 16
    iters: 5
    wk_iters: 5
============ Train epoch 0 ============
============ Train epoch 1 ============
===2023-03-15 16:51:28===
===Setting===
    lr: 0.01
    batch: 16
    iters: 5
    wk_iters: 5
============ Train epoch 0 ============
===2023-03-15 16:51:58===
===Setting===
    lr: 0.01
    batch: 16
    iters: 5
    wk_iters: 5
============ Train epoch 0 ============
============ Train epoch 1 ============
============ Train epoch 2 ============
============ Train epoch 3 ============
============ Train epoch 4 ============
 Site-Amazon    | Train Loss: 0.7535 | Train Acc: 0.9067
 Site-Caltech   | Train Loss: 0.8101 | Train Acc: 0.9600
 Site-DSLR      | Train Loss: 0.7655 | Train Acc: 0.9200
 Site-Webcam    | Train Loss: 0.7545 | Train Acc: 0.9600
 Site-Amazon    | Val  Loss: 0.7818 | Val  Acc: 1.0000
 Site-Caltech   | Val  Loss: 1.0721 | Val  Acc: 0.9000
 Site-DSLR      | Val  Loss: 0.8977 | Val  Acc: 1.0000
 Site-Webcam    | Val  Loss: 0.9838 | Val  Acc: 0.9600
 Best site-Amazon     | Epoch:0 | Val Acc: 1.0000
 Best site-Caltech    | Epoch:0 | Val Acc: 0.9000
 Best site-DSLR       | Epoch:0 | Val Acc: 1.0000
 Best site-Webcam     | Epoch:0 | Val Acc: 0.9600
 Saving the local and server checkpoint to ../checkpoint/office/fed_office/DoPrompt_lsim=True...
 Test site-Amazon    | Epoch:0 | Test Acc: 0.9323
 Test site-Caltech   | Epoch:0 | Test Acc: 0.9244
 Test site-DSLR      | Epoch:0 | Test Acc: 1.0000
 Test site-Webcam    | Epoch:0 | Test Acc: 0.9661
============ Train epoch 5 ============
============ Train epoch 6 ============
============ Train epoch 7 ============
============ Train epoch 8 ============
============ Train epoch 9 ============
 Site-Amazon    | Train Loss: 0.3607 | Train Acc: 0.9200
 Site-Caltech   | Train Loss: 0.3208 | Train Acc: 0.9733
 Site-DSLR      | Train Loss: 0.2604 | Train Acc: 1.0000
 Site-Webcam    | Train Loss: 0.2844 | Train Acc: 0.9733
 Site-Amazon    | Val  Loss: 0.3395 | Val  Acc: 1.0000
 Site-Caltech   | Val  Loss: 0.6905 | Val  Acc: 0.9000
 Site-DSLR      | Val  Loss: 0.2847 | Val  Acc: 1.0000
 Site-Webcam    | Val  Loss: 0.3419 | Val  Acc: 0.9800
 Best site-Amazon     | Epoch:1 | Val Acc: 1.0000
 Best site-Caltech    | Epoch:1 | Val Acc: 0.9000
 Best site-DSLR       | Epoch:1 | Val Acc: 1.0000
 Best site-Webcam     | Epoch:1 | Val Acc: 0.9800
 Saving the local and server checkpoint to ../checkpoint/office/fed_office/DoPrompt_lsim=True...
 Test site-Amazon    | Epoch:1 | Test Acc: 0.9427
 Test site-Caltech   | Epoch:1 | Test Acc: 0.9556
 Test site-DSLR      | Epoch:1 | Test Acc: 1.0000
 Test site-Webcam    | Epoch:1 | Test Acc: 0.9831
============ Train epoch 10 ============
============ Train epoch 11 ============
============ Train epoch 12 ============
============ Train epoch 13 ============
============ Train epoch 14 ============
===2023-03-15 17:01:49===
===Setting===
    lr: 0.01
    batch: 16
    iters: 5
    wk_iters: 5
===2023-03-15 17:02:25===
===Setting===
    lr: 0.01
    batch: 16
    iters: 5
    wk_iters: 5
===2023-03-15 17:03:43===
===Setting===
    lr: 0.01
    batch: 16
    iters: 5
    wk_iters: 5
===2023-03-15 17:04:46===
===Setting===
    lr: 0.01
    batch: 16
    iters: 5
    wk_iters: 5
===2023-03-15 17:07:23===
===Setting===
    lr: 0.01
    batch: 16
    iters: 5
    wk_iters: 5
============ Train epoch 0 ============
============ Train epoch 1 ============
============ Train epoch 2 ============
============ Train epoch 3 ============
============ Train epoch 4 ============
 Site-Amazon    | Train Loss: 0.7535 | Train Acc: 0.9067
 Site-Caltech   | Train Loss: 0.8101 | Train Acc: 0.9600
 Site-DSLR      | Train Loss: 0.7655 | Train Acc: 0.9200
 Site-Webcam    | Train Loss: 0.7545 | Train Acc: 0.9600
 Site-Amazon    | Val  Loss: 0.7818 | Val  Acc: 1.0000
 Site-Caltech   | Val  Loss: 1.0721 | Val  Acc: 0.9000
 Site-DSLR      | Val  Loss: 0.8977 | Val  Acc: 1.0000
 Site-Webcam    | Val  Loss: 0.9838 | Val  Acc: 0.9600
 Best site-Amazon     | Epoch:0 | Val Acc: 1.0000
 Best site-Caltech    | Epoch:0 | Val Acc: 0.9000
 Best site-DSLR       | Epoch:0 | Val Acc: 1.0000
 Best site-Webcam     | Epoch:0 | Val Acc: 0.9600
 Saving the local and server checkpoint to ../checkpoint/office/fed_office/DoPrompt_lsim=True...
 Test site-Amazon    | Epoch:0 | Test Acc: 0.9323
 Test site-Caltech   | Epoch:0 | Test Acc: 0.9244
 Test site-DSLR      | Epoch:0 | Test Acc: 1.0000
 Test site-Webcam    | Epoch:0 | Test Acc: 0.9661
============ Train epoch 5 ============
============ Train epoch 6 ============
============ Train epoch 7 ============
============ Train epoch 8 ============
============ Train epoch 9 ============
 Site-Amazon    | Train Loss: 0.3607 | Train Acc: 0.9200
 Site-Caltech   | Train Loss: 0.3208 | Train Acc: 0.9733
 Site-DSLR      | Train Loss: 0.2604 | Train Acc: 1.0000
 Site-Webcam    | Train Loss: 0.2844 | Train Acc: 0.9733
 Site-Amazon    | Val  Loss: 0.3395 | Val  Acc: 1.0000
 Site-Caltech   | Val  Loss: 0.6905 | Val  Acc: 0.9000
 Site-DSLR      | Val  Loss: 0.2847 | Val  Acc: 1.0000
 Site-Webcam    | Val  Loss: 0.3419 | Val  Acc: 0.9800
 Best site-Amazon     | Epoch:1 | Val Acc: 1.0000
 Best site-Caltech    | Epoch:1 | Val Acc: 0.9000
 Best site-DSLR       | Epoch:1 | Val Acc: 1.0000
 Best site-Webcam     | Epoch:1 | Val Acc: 0.9800
 Saving the local and server checkpoint to ../checkpoint/office/fed_office/DoPrompt_lsim=True...
 Test site-Amazon    | Epoch:1 | Test Acc: 0.9427
 Test site-Caltech   | Epoch:1 | Test Acc: 0.9556
 Test site-DSLR      | Epoch:1 | Test Acc: 1.0000
 Test site-Webcam    | Epoch:1 | Test Acc: 0.9831
============ Train epoch 10 ============
============ Train epoch 11 ============
============ Train epoch 12 ============
============ Train epoch 13 ============
============ Train epoch 14 ============
 Site-Amazon    | Train Loss: 0.2737 | Train Acc: 0.9333
 Site-Caltech   | Train Loss: 0.2127 | Train Acc: 0.9867
 Site-DSLR      | Train Loss: 0.1581 | Train Acc: 1.0000
 Site-Webcam    | Train Loss: 0.1764 | Train Acc: 0.9867
 Site-Amazon    | Val  Loss: 0.2477 | Val  Acc: 1.0000
 Site-Caltech   | Val  Loss: 0.5405 | Val  Acc: 0.9200
 Site-DSLR      | Val  Loss: 0.1968 | Val  Acc: 1.0000
 Site-Webcam    | Val  Loss: 0.2556 | Val  Acc: 0.9600
============ Train epoch 15 ============
============ Train epoch 16 ============
