===2023-07-27 11:22:33===
===Setting===
    dataset: digit
    lr: 0.01
    batch: 64
    iters: 50
    wk_iters: 1
    si: False
    domain_num: 5
    quantile: 0
    power_cs: 1
    std_rw: False
    gender_label: False
    binary_race: False
    save_iter: -1
    mix5: False
    power_relu: 1
    Ea_val: False
data_number=[225,338,507,761,1142,417,626,939,528,792,352,528,587,
client_nums=[5,3,2,2,1,]
len_dataset=[3719,2479,1652,1101,734,]
domain number = 5
multiply 100 for Ea!
use train loss for Ea
============ Train epoch 0 ============
cnt=[1, 3, 5, 2, 2, ]
power_decay: 0.9, powerI: 0.9500, powerC: 0.0500
 Site-MNIST                     (2) | Train Loss: 1.6424 | Train Acc: 0.6800
 Site-MNIST                     (2) | Train Loss: 1.6601 | Train Acc: 0.6568
 Site-MNIST                     (2) | Train Loss: 1.6874 | Train Acc: 0.5996
 Site-MNIST                     (2) | Train Loss: 1.6536 | Train Acc: 0.6636
 Site-MNIST                     (2) | Train Loss: 1.6537 | Train Acc: 0.6541
 Site-USPS                      (1) | Train Loss: 1.6635 | Train Acc: 0.5564
 Site-USPS                      (1) | Train Loss: 1.6740 | Train Acc: 0.5415
 Site-USPS                      (1) | Train Loss: 1.6605 | Train Acc: 0.5708
 Site-SynthDigits               (3) | Train Loss: 2.1259 | Train Acc: 0.2424
 Site-SynthDigits               (3) | Train Loss: 2.0929 | Train Acc: 0.2917
 Site-MNIST_M                   (4) | Train Loss: 2.1654 | Train Acc: 0.2244
 Site-MNIST_M                   (4) | Train Loss: 2.1833 | Train Acc: 0.2273
 Site-SVHN                      (0) | Train Loss: 2.2314 | Train Acc: 0.1840
Average Train Accuracy: 0.4687
 Site-MNIST                     (2) | Val  Loss: 1.7550 | Val  Acc: 0.5179
 Site-MNIST                     (2) | Val  Loss: 1.7378 | Val  Acc: 0.6429
 Site-MNIST                     (2) | Val  Loss: 1.6350 | Val  Acc: 0.6746
 Site-MNIST                     (2) | Val  Loss: 1.6797 | Val  Acc: 0.6053
 Site-MNIST                     (2) | Val  Loss: 1.6671 | Val  Acc: 0.6316
 Site-USPS                      (1) | Val  Loss: 1.6804 | Val  Acc: 0.5673
 Site-USPS                      (1) | Val  Loss: 1.7411 | Val  Acc: 0.4679
 Site-USPS                      (1) | Val  Loss: 1.6587 | Val  Acc: 0.5684
 Site-SynthDigits               (3) | Val  Loss: 2.2610 | Val  Acc: 0.2576
 Site-SynthDigits               (3) | Val  Loss: 2.0785 | Val  Acc: 0.2273
 Site-MNIST_M                   (4) | Val  Loss: 2.0568 | Val  Acc: 0.2841
 Site-MNIST_M                   (4) | Val  Loss: 2.1376 | Val  Acc: 0.2500
 Site-SVHN                      (0) | Val  Loss: 2.2363 | Val  Acc: 0.1644
Average Valid Accuracy: 0.4507
 Best site-MNIST                    (2)  | Epoch:0 | Val Acc: 0.5179
 Best site-MNIST                    (2)  | Epoch:0 | Val Acc: 0.6429
 Best site-MNIST                    (2)  | Epoch:0 | Val Acc: 0.6746
 Best site-MNIST                    (2)  | Epoch:0 | Val Acc: 0.6053
 Best site-MNIST                    (2)  | Epoch:0 | Val Acc: 0.6316
 Best site-USPS                     (1)  | Epoch:0 | Val Acc: 0.5673
 Best site-USPS                     (1)  | Epoch:0 | Val Acc: 0.4679
 Best site-USPS                     (1)  | Epoch:0 | Val Acc: 0.5684
 Best site-SynthDigits              (3)  | Epoch:0 | Val Acc: 0.2576
 Best site-SynthDigits              (3)  | Epoch:0 | Val Acc: 0.2273
 Best site-MNIST_M                  (4)  | Epoch:0 | Val Acc: 0.2841
 Best site-MNIST_M                  (4)  | Epoch:0 | Val Acc: 0.2500
 Best site-SVHN                     (0)  | Epoch:0 | Val Acc: 0.1644
 Saving the gmap checkpoint to ../checkpoint/fed_digit_uneven_1.5_0/ccop_q=1_gmap...
 Saving the local and server checkpoint to ../checkpoint/fed_digit_uneven_1.5_0/ccop_q=1...
============ Train epoch 1 ============
===2023-07-27 11:26:50===
===Setting===
    dataset: digit
    lr: 0.01
    batch: 64
    iters: 10
    wk_iters: 1
    si: False
    domain_num: 5
    quantile: 0
    power_cs: 1
    std_rw: False
    gender_label: False
    binary_race: False
    save_iter: -1
    mix5: False
    power_relu: 1
    Ea_val: False
data_number=[225,338,507,761,1142,417,626,939,528,792,352,528,587,
client_nums=[5,3,2,2,1,]
len_dataset=[3719,2479,1652,1101,734,]
domain number = 5
Loading snapshots...
 Test site-MNIST                     (2)| Epoch:0 | Test Acc: 0.6219
 Test site-USPS                      (1)| Epoch:0 | Test Acc: 0.5817
 Test site-SynthDigits               (3)| Epoch:0 | Test Acc: 0.2439
 Test site-MNIST_M                   (4)| Epoch:0 | Test Acc: 0.2017
 Test site-SVHN                      (0)| Epoch:0 | Test Acc: 0.1754
MNIST: 0.6219, USPS: 0.5817, SynthDigits: 0.2439, MNIST_M: 0.2017, SVHN: 0.1754, 
Average Test Accuracy(group): 0.3649, Average Test Accuracy(individual): 0.4555,
domain std=0.1950, cluster std=0.1950, individual std=0.1928, 
