===2023-03-18 15:32:39===
===Setting===
    lr: 0.01
    batch: 32
    iters: 5
    wk_iters: 10
===2023-03-18 15:35:22===
===Setting===
    lr: 0.01
    batch: 32
    iters: 5
    wk_iters: 10
===2023-03-18 15:36:04===
===Setting===
    lr: 0.01
    batch: 32
    iters: 5
    wk_iters: 10
===2023-03-18 15:36:21===
===Setting===
    lr: 0.01
    batch: 32
    iters: 5
    wk_iters: 10
===2023-03-18 15:37:37===
===Setting===
    lr: 0.01
    batch: 32
    iters: 5
    wk_iters: 10
===2023-03-18 15:37:46===
===Setting===
    lr: 0.01
    batch: 32
    iters: 5
    wk_iters: 10
===2023-03-18 15:38:12===
===Setting===
    lr: 0.01
    batch: 32
    iters: 5
    wk_iters: 10
============ Train epoch 0 ============
===2023-03-18 15:40:15===
===Setting===
    lr: 0.01
    batch: 32
    iters: 5
    wk_iters: 10
============ Train epoch 0 ============
============ Train epoch 1 ============
============ Train epoch 2 ============
============ Train epoch 3 ============
============ Train epoch 4 ============
============ Train epoch 5 ============
