===2023-07-02 00:55:09===
===Setting===
    dataset: domainnet
    lr: 0.01
    batch: 64
    iters: 50
    wk_iters: 1
    si: False
    domain_num: 6
    quantile: 0
    power_cs: 1
    std_rw: False
    gender_label: False
    binary_race: False
    save_iter: -1
    mix5: False
    power_relu: 1
    Ea_val: False
data_number=[630,394,246,153,96,60,
client_nums=[1,1,1,1,1,1,]
len_dataset=[2103,1314,821,513,320,200,]
domain number = 6
============ Train epoch 0 ============
cnt=[1, 2, 1, 1, 1, ]
power_decay: 0.9, powerI: 0.9500, powerC: 0.0500
 Site-Clipart                   (4) | Train Loss: 2.1048 | Train Acc: 0.5778
 Site-Real                      (1) | Train Loss: 2.0670 | Train Acc: 0.7893
 Site-Painting                  (1) | Train Loss: 2.0945 | Train Acc: 0.6585
 Site-Sketch                    (3) | Train Loss: 2.1303 | Train Acc: 0.5425
 Site-QuickDraw                 (2) | Train Loss: 2.2623 | Train Acc: 0.1562
 Site-Infograph                 (0) | Train Loss: 2.2607 | Train Acc: 0.1667
Average Train Accuracy: 0.4818
 Site-Clipart                   (4) | Val  Loss: 2.1051 | Val  Acc: 0.5952
 Site-Real                      (1) | Val  Loss: 2.0611 | Val  Acc: 0.8206
 Site-Painting                  (1) | Val  Loss: 2.0969 | Val  Acc: 0.6037
 Site-Sketch                    (3) | Val  Loss: 2.1328 | Val  Acc: 0.4902
 Site-QuickDraw                 (2) | Val  Loss: 2.2869 | Val  Acc: 0.0938
 Site-Infograph                 (0) | Val  Loss: 2.2623 | Val  Acc: 0.1750
Average Valid Accuracy: 0.4631
 Best site-Clipart                  (4)  | Epoch:0 | Val Acc: 0.5952
 Best site-Real                     (1)  | Epoch:0 | Val Acc: 0.8206
 Best site-Painting                 (1)  | Epoch:0 | Val Acc: 0.6037
 Best site-Sketch                   (3)  | Epoch:0 | Val Acc: 0.4902
 Best site-QuickDraw                (2)  | Epoch:0 | Val Acc: 0.0938
 Best site-Infograph                (0)  | Epoch:0 | Val Acc: 0.1750
 Saving the local and server checkpoint to ../checkpoint/fed_domainnet_uneven_1.6_1_distinct/ablation...
============ Train epoch 1 ============
cnt=[1, 1, 2, 1, 1, ]
power_decay: 0.9, powerI: 0.9050, powerC: 0.0950
 Site-Clipart                   (1) | Train Loss: 1.9332 | Train Acc: 0.7048
 Site-Real                      (2) | Train Loss: 1.8518 | Train Acc: 0.8680
 Site-Painting                  (2) | Train Loss: 1.9325 | Train Acc: 0.7398
 Site-Sketch                    (4) | Train Loss: 1.9795 | Train Acc: 0.6797
 Site-QuickDraw                 (0) | Train Loss: 2.2416 | Train Acc: 0.1979
 Site-Infograph                 (3) | Train Loss: 2.2219 | Train Acc: 0.2667
Average Train Accuracy: 0.5762
 Site-Clipart                   (1) | Val  Loss: 1.9360 | Val  Acc: 0.6929
 Site-Real                      (2) | Val  Loss: 1.8484 | Val  Acc: 0.8855
 Site-Painting                  (2) | Val  Loss: 1.9262 | Val  Acc: 0.7012
 Site-Sketch                    (4) | Val  Loss: 1.9774 | Val  Acc: 0.6471
 Site-QuickDraw                 (0) | Val  Loss: 2.2542 | Val  Acc: 0.1250
 Site-Infograph                 (3) | Val  Loss: 2.2199 | Val  Acc: 0.2000
Average Valid Accuracy: 0.5419
 Best site-Clipart                  (1)  | Epoch:1 | Val Acc: 0.6929
 Best site-Real                     (2)  | Epoch:1 | Val Acc: 0.8855
 Best site-Painting                 (2)  | Epoch:1 | Val Acc: 0.7012
 Best site-Sketch                   (4)  | Epoch:1 | Val Acc: 0.6471
 Best site-QuickDraw                (0)  | Epoch:1 | Val Acc: 0.1250
 Best site-Infograph                (3)  | Epoch:1 | Val Acc: 0.2000
 Saving the local and server checkpoint to ../checkpoint/fed_domainnet_uneven_1.6_1_distinct/ablation...
============ Train epoch 2 ============
cnt=[1, 2, 1, 1, 1, ]
power_decay: 0.9, powerI: 0.8645, powerC: 0.1355
 Site-Clipart                   (3) | Train Loss: 1.7812 | Train Acc: 0.7460
 Site-Real                      (1) | Train Loss: 1.6666 | Train Acc: 0.9036
 Site-Painting                  (1) | Train Loss: 1.7712 | Train Acc: 0.7724
 Site-Sketch                    (4) | Train Loss: 1.8326 | Train Acc: 0.7059
 Site-QuickDraw                 (0) | Train Loss: 2.2266 | Train Acc: 0.2292
 Site-Infograph                 (2) | Train Loss: 2.1724 | Train Acc: 0.2333
Average Train Accuracy: 0.5984
 Site-Clipart                   (3) | Val  Loss: 1.7700 | Val  Acc: 0.7595
 Site-Real                      (1) | Val  Loss: 1.6564 | Val  Acc: 0.9275
 Site-Painting                  (1) | Val  Loss: 1.7640 | Val  Acc: 0.7805
 Site-Sketch                    (4) | Val  Loss: 1.8423 | Val  Acc: 0.6569
 Site-QuickDraw                 (0) | Val  Loss: 2.2167 | Val  Acc: 0.2188
 Site-Infograph                 (2) | Val  Loss: 2.1968 | Val  Acc: 0.2750
Average Valid Accuracy: 0.6030
 Best site-Clipart                  (3)  | Epoch:2 | Val Acc: 0.7595
 Best site-Real                     (1)  | Epoch:2 | Val Acc: 0.9275
 Best site-Painting                 (1)  | Epoch:2 | Val Acc: 0.7805
 Best site-Sketch                   (4)  | Epoch:2 | Val Acc: 0.6569
 Best site-QuickDraw                (0)  | Epoch:2 | Val Acc: 0.2188
 Best site-Infograph                (2)  | Epoch:2 | Val Acc: 0.2750
 Saving the local and server checkpoint to ../checkpoint/fed_domainnet_uneven_1.6_1_distinct/ablation...
============ Train epoch 3 ============
cnt=[2, 1, 1, 1, 1, ]
power_decay: 0.9, powerI: 0.8280, powerC: 0.1720
 Site-Clipart                   (0) | Train Loss: 1.6236 | Train Acc: 0.7810
 Site-Real                      (4) | Train Loss: 1.4953 | Train Acc: 0.9340
 Site-Painting                  (3) | Train Loss: 1.6261 | Train Acc: 0.8008
 Site-Sketch                    (0) | Train Loss: 1.6870 | Train Acc: 0.7059
 Site-QuickDraw                 (1) | Train Loss: 2.1700 | Train Acc: 0.2917
 Site-Infograph                 (2) | Train Loss: 2.1295 | Train Acc: 0.2500
Average Train Accuracy: 0.6272
 Site-Clipart                   (0) | Val  Loss: 1.6364 | Val  Acc: 0.7786
 Site-Real                      (4) | Val  Loss: 1.4653 | Val  Acc: 0.9504
 Site-Painting                  (3) | Val  Loss: 1.6052 | Val  Acc: 0.7988
 Site-Sketch                    (0) | Val  Loss: 1.6917 | Val  Acc: 0.7255
 Site-QuickDraw                 (1) | Val  Loss: 2.1929 | Val  Acc: 0.2500
 Site-Infograph                 (2) | Val  Loss: 2.1557 | Val  Acc: 0.3000
Average Valid Accuracy: 0.6339
 Best site-Clipart                  (0)  | Epoch:3 | Val Acc: 0.7786
 Best site-Real                     (4)  | Epoch:3 | Val Acc: 0.9504
 Best site-Painting                 (3)  | Epoch:3 | Val Acc: 0.7988
 Best site-Sketch                   (0)  | Epoch:3 | Val Acc: 0.7255
 Best site-QuickDraw                (1)  | Epoch:3 | Val Acc: 0.2500
 Best site-Infograph                (2)  | Epoch:3 | Val Acc: 0.3000
 Saving the local and server checkpoint to ../checkpoint/fed_domainnet_uneven_1.6_1_distinct/ablation...
============ Train epoch 4 ============
cnt=[1, 1, 1, 2, 1, ]
power_decay: 0.9, powerI: 0.7952, powerC: 0.2048
 Site-Clipart                   (1) | Train Loss: 1.4939 | Train Acc: 0.7968
 Site-Real                      (3) | Train Loss: 1.3333 | Train Acc: 0.9239
 Site-Painting                  (3) | Train Loss: 1.4986 | Train Acc: 0.8008
 Site-Sketch                    (4) | Train Loss: 1.6530 | Train Acc: 0.7190
 Site-QuickDraw                 (2) | Train Loss: 2.1556 | Train Acc: 0.2604
 Site-Infograph                 (0) | Train Loss: 2.1071 | Train Acc: 0.2833
Average Train Accuracy: 0.6307
 Site-Clipart                   (1) | Val  Loss: 1.4982 | Val  Acc: 0.8095
 Site-Real                      (3) | Val  Loss: 1.3209 | Val  Acc: 0.9580
 Site-Painting                  (3) | Val  Loss: 1.4589 | Val  Acc: 0.7866
 Site-Sketch                    (4) | Val  Loss: 1.6043 | Val  Acc: 0.7059
 Site-QuickDraw                 (2) | Val  Loss: 2.1459 | Val  Acc: 0.2812
 Site-Infograph                 (0) | Val  Loss: 2.1376 | Val  Acc: 0.3250
Average Valid Accuracy: 0.6444
 Best site-Clipart                  (1)  | Epoch:4 | Val Acc: 0.8095
 Best site-Real                     (3)  | Epoch:4 | Val Acc: 0.9580
 Best site-Painting                 (3)  | Epoch:4 | Val Acc: 0.7866
 Best site-Sketch                   (4)  | Epoch:4 | Val Acc: 0.7059
 Best site-QuickDraw                (2)  | Epoch:4 | Val Acc: 0.2812
 Best site-Infograph                (0)  | Epoch:4 | Val Acc: 0.3250
 Saving the local and server checkpoint to ../checkpoint/fed_domainnet_uneven_1.6_1_distinct/ablation...
============ Train epoch 5 ============
cnt=[1, 1, 1, 2, 1, ]
power_decay: 0.9, powerI: 0.7657, powerC: 0.2343
 Site-Clipart                   (1) | Train Loss: 1.3839 | Train Acc: 0.8016
 Site-Real                      (3) | Train Loss: 1.1943 | Train Acc: 0.9492
 Site-Painting                  (3) | Train Loss: 1.3750 | Train Acc: 0.8171
 Site-Sketch                    (4) | Train Loss: 1.4782 | Train Acc: 0.7451
 Site-QuickDraw                 (2) | Train Loss: 2.1240 | Train Acc: 0.3125
 Site-Infograph                 (0) | Train Loss: 2.0920 | Train Acc: 0.2667
Average Train Accuracy: 0.6487
 Site-Clipart                   (1) | Val  Loss: 1.3949 | Val  Acc: 0.8119
 Site-Real                      (3) | Val  Loss: 1.1809 | Val  Acc: 0.9542
 Site-Painting                  (3) | Val  Loss: 1.3317 | Val  Acc: 0.8171
 Site-Sketch                    (4) | Val  Loss: 1.4721 | Val  Acc: 0.7157
 Site-QuickDraw                 (2) | Val  Loss: 2.0934 | Val  Acc: 0.3281
 Site-Infograph                 (0) | Val  Loss: 2.1014 | Val  Acc: 0.3750
Average Valid Accuracy: 0.6670
 Best site-Clipart                  (1)  | Epoch:5 | Val Acc: 0.8119
 Best site-Real                     (3)  | Epoch:5 | Val Acc: 0.9542
 Best site-Painting                 (3)  | Epoch:5 | Val Acc: 0.8171
 Best site-Sketch                   (4)  | Epoch:5 | Val Acc: 0.7157
 Best site-QuickDraw                (2)  | Epoch:5 | Val Acc: 0.3281
 Best site-Infograph                (0)  | Epoch:5 | Val Acc: 0.3750
 Saving the local and server checkpoint to ../checkpoint/fed_domainnet_uneven_1.6_1_distinct/ablation...
============ Train epoch 6 ============
cnt=[1, 2, 1, 1, 1, ]
power_decay: 0.9, powerI: 0.7391, powerC: 0.2609
 Site-Clipart                   (4) | Train Loss: 1.2803 | Train Acc: 0.8238
 Site-Real                      (1) | Train Loss: 1.1012 | Train Acc: 0.9518
 Site-Painting                  (1) | Train Loss: 1.2670 | Train Acc: 0.8252
 Site-Sketch                    (3) | Train Loss: 1.3917 | Train Acc: 0.7712
 Site-QuickDraw                 (2) | Train Loss: 2.0918 | Train Acc: 0.3229
 Site-Infograph                 (0) | Train Loss: 2.0624 | Train Acc: 0.3167
Average Train Accuracy: 0.6686
 Site-Clipart                   (4) | Val  Loss: 1.2923 | Val  Acc: 0.8167
 Site-Real                      (1) | Val  Loss: 1.0573 | Val  Acc: 0.9580
 Site-Painting                  (1) | Val  Loss: 1.2233 | Val  Acc: 0.8232
 Site-Sketch                    (3) | Val  Loss: 1.4168 | Val  Acc: 0.7157
 Site-QuickDraw                 (2) | Val  Loss: 2.0838 | Val  Acc: 0.3281
 Site-Infograph                 (0) | Val  Loss: 2.0683 | Val  Acc: 0.3500
Average Valid Accuracy: 0.6653
============ Train epoch 7 ============
cnt=[2, 1, 1, 1, 1, ]
power_decay: 0.9, powerI: 0.7152, powerC: 0.2848
 Site-Clipart                   (4) | Train Loss: 1.2023 | Train Acc: 0.8317
 Site-Real                      (0) | Train Loss: 0.9612 | Train Acc: 0.9543
 Site-Painting                  (0) | Train Loss: 1.1795 | Train Acc: 0.8252
 Site-Sketch                    (3) | Train Loss: 1.3146 | Train Acc: 0.7386
 Site-QuickDraw                 (1) | Train Loss: 2.0458 | Train Acc: 0.3333
 Site-Infograph                 (2) | Train Loss: 2.0498 | Train Acc: 0.3167
Average Train Accuracy: 0.6666
 Site-Clipart                   (4) | Val  Loss: 1.2116 | Val  Acc: 0.8286
 Site-Real                      (0) | Val  Loss: 0.9279 | Val  Acc: 0.9580
 Site-Painting                  (0) | Val  Loss: 1.1456 | Val  Acc: 0.8293
 Site-Sketch                    (3) | Val  Loss: 1.3066 | Val  Acc: 0.7549
 Site-QuickDraw                 (1) | Val  Loss: 2.0837 | Val  Acc: 0.3281
 Site-Infograph                 (2) | Val  Loss: 2.0536 | Val  Acc: 0.3500
Average Valid Accuracy: 0.6748
 Best site-Clipart                  (4)  | Epoch:7 | Val Acc: 0.8286
 Best site-Real                     (0)  | Epoch:7 | Val Acc: 0.9580
 Best site-Painting                 (0)  | Epoch:7 | Val Acc: 0.8293
 Best site-Sketch                   (3)  | Epoch:7 | Val Acc: 0.7549
 Best site-QuickDraw                (1)  | Epoch:7 | Val Acc: 0.3281
 Best site-Infograph                (2)  | Epoch:7 | Val Acc: 0.3500
 Saving the local and server checkpoint to ../checkpoint/fed_domainnet_uneven_1.6_1_distinct/ablation...
============ Train epoch 8 ============
cnt=[1, 1, 1, 2, 1, ]
power_decay: 0.9, powerI: 0.6937, powerC: 0.3063
 Site-Clipart                   (0) | Train Loss: 1.1240 | Train Acc: 0.8429
 Site-Real                      (3) | Train Loss: 0.8697 | Train Acc: 0.9569
 Site-Painting                  (3) | Train Loss: 1.1342 | Train Acc: 0.8211
 Site-Sketch                    (4) | Train Loss: 1.2405 | Train Acc: 0.7712
 Site-QuickDraw                 (1) | Train Loss: 2.0564 | Train Acc: 0.3542
 Site-Infograph                 (2) | Train Loss: 2.0331 | Train Acc: 0.3167
Average Train Accuracy: 0.6772
 Site-Clipart                   (0) | Val  Loss: 1.1202 | Val  Acc: 0.8476
 Site-Real                      (3) | Val  Loss: 0.8441 | Val  Acc: 0.9695
 Site-Painting                  (3) | Val  Loss: 1.1069 | Val  Acc: 0.8232
 Site-Sketch                    (4) | Val  Loss: 1.2508 | Val  Acc: 0.7549
 Site-QuickDraw                 (1) | Val  Loss: 2.0219 | Val  Acc: 0.3906
 Site-Infograph                 (2) | Val  Loss: 2.0380 | Val  Acc: 0.3750
Average Valid Accuracy: 0.6935
 Best site-Clipart                  (0)  | Epoch:8 | Val Acc: 0.8476
 Best site-Real                     (3)  | Epoch:8 | Val Acc: 0.9695
 Best site-Painting                 (3)  | Epoch:8 | Val Acc: 0.8232
 Best site-Sketch                   (4)  | Epoch:8 | Val Acc: 0.7549
 Best site-QuickDraw                (1)  | Epoch:8 | Val Acc: 0.3906
 Best site-Infograph                (2)  | Epoch:8 | Val Acc: 0.3750
 Saving the local and server checkpoint to ../checkpoint/fed_domainnet_uneven_1.6_1_distinct/ablation...
============ Train epoch 9 ============
cnt=[1, 1, 1, 2, 1, ]
power_decay: 0.9, powerI: 0.6743, powerC: 0.3257
 Site-Clipart                   (1) | Train Loss: 1.0513 | Train Acc: 0.8444
 Site-Real                      (3) | Train Loss: 0.7943 | Train Acc: 0.9467
 Site-Painting                  (3) | Train Loss: 1.0597 | Train Acc: 0.8293
 Site-Sketch                    (4) | Train Loss: 1.1869 | Train Acc: 0.7712
 Site-QuickDraw                 (0) | Train Loss: 1.9918 | Train Acc: 0.3542
 Site-Infograph                 (2) | Train Loss: 2.0417 | Train Acc: 0.3000
Average Train Accuracy: 0.6743
 Site-Clipart                   (1) | Val  Loss: 1.0590 | Val  Acc: 0.8524
 Site-Real                      (3) | Val  Loss: 0.7898 | Val  Acc: 0.9542
 Site-Painting                  (3) | Val  Loss: 1.0041 | Val  Acc: 0.8110
 Site-Sketch                    (4) | Val  Loss: 1.2347 | Val  Acc: 0.7745
 Site-QuickDraw                 (0) | Val  Loss: 1.9976 | Val  Acc: 0.3906
 Site-Infograph                 (2) | Val  Loss: 2.0290 | Val  Acc: 0.3250
Average Valid Accuracy: 0.6846
============ Train epoch 10 ============
cnt=[1, 1, 1, 2, 1, ]
power_decay: 0.9, powerI: 0.6569, powerC: 0.3431
 Site-Clipart                   (0) | Train Loss: 0.9791 | Train Acc: 0.8635
 Site-Real                      (3) | Train Loss: 0.7316 | Train Acc: 0.9645
 Site-Painting                  (3) | Train Loss: 1.0034 | Train Acc: 0.8415
 Site-Sketch                    (4) | Train Loss: 1.1383 | Train Acc: 0.7647
 Site-QuickDraw                 (2) | Train Loss: 1.9892 | Train Acc: 0.3854
 Site-Infograph                 (1) | Train Loss: 1.9717 | Train Acc: 0.2833
Average Train Accuracy: 0.6838
 Site-Clipart                   (0) | Val  Loss: 1.0097 | Val  Acc: 0.8405
 Site-Real                      (3) | Val  Loss: 0.6993 | Val  Acc: 0.9695
 Site-Painting                  (3) | Val  Loss: 0.9317 | Val  Acc: 0.8537
 Site-Sketch                    (4) | Val  Loss: 1.1711 | Val  Acc: 0.7549
 Site-QuickDraw                 (2) | Val  Loss: 1.9357 | Val  Acc: 0.4375
 Site-Infograph                 (1) | Val  Loss: 1.9755 | Val  Acc: 0.3500
Average Valid Accuracy: 0.7010
 Best site-Clipart                  (0)  | Epoch:10 | Val Acc: 0.8405
 Best site-Real                     (3)  | Epoch:10 | Val Acc: 0.9695
 Best site-Painting                 (3)  | Epoch:10 | Val Acc: 0.8537
 Best site-Sketch                   (4)  | Epoch:10 | Val Acc: 0.7549
 Best site-QuickDraw                (2)  | Epoch:10 | Val Acc: 0.4375
 Best site-Infograph                (1)  | Epoch:10 | Val Acc: 0.3500
 Saving the local and server checkpoint to ../checkpoint/fed_domainnet_uneven_1.6_1_distinct/ablation...
============ Train epoch 11 ============
cnt=[1, 1, 1, 2, 1, ]
power_decay: 0.9, powerI: 0.6412, powerC: 0.3588
 Site-Clipart                   (0) | Train Loss: 0.9352 | Train Acc: 0.8667
 Site-Real                      (3) | Train Loss: 0.6616 | Train Acc: 0.9619
 Site-Painting                  (3) | Train Loss: 0.9658 | Train Acc: 0.8455
 Site-Sketch                    (4) | Train Loss: 1.1163 | Train Acc: 0.7908
 Site-QuickDraw                 (1) | Train Loss: 1.9647 | Train Acc: 0.3854
 Site-Infograph                 (2) | Train Loss: 1.9713 | Train Acc: 0.3333
Average Train Accuracy: 0.6973
 Site-Clipart                   (0) | Val  Loss: 0.9425 | Val  Acc: 0.8643
 Site-Real                      (3) | Val  Loss: 0.6407 | Val  Acc: 0.9618
 Site-Painting                  (3) | Val  Loss: 0.9109 | Val  Acc: 0.8415
 Site-Sketch                    (4) | Val  Loss: 1.1199 | Val  Acc: 0.7549
 Site-QuickDraw                 (1) | Val  Loss: 1.9876 | Val  Acc: 0.3594
 Site-Infograph                 (2) | Val  Loss: 1.9882 | Val  Acc: 0.3250
Average Valid Accuracy: 0.6845
============ Train epoch 12 ============
cnt=[1, 2, 1, 1, 1, ]
power_decay: 0.9, powerI: 0.6271, powerC: 0.3729
 Site-Clipart                   (4) | Train Loss: 0.8976 | Train Acc: 0.8635
 Site-Real                      (1) | Train Loss: 0.6776 | Train Acc: 0.9543
 Site-Painting                  (1) | Train Loss: 0.9185 | Train Acc: 0.8374
 Site-Sketch                    (3) | Train Loss: 1.0931 | Train Acc: 0.7908
 Site-QuickDraw                 (0) | Train Loss: 1.9546 | Train Acc: 0.3750
 Site-Infograph                 (2) | Train Loss: 1.9139 | Train Acc: 0.3167
Average Train Accuracy: 0.6896
 Site-Clipart                   (4) | Val  Loss: 0.8980 | Val  Acc: 0.8619
 Site-Real                      (1) | Val  Loss: 0.6366 | Val  Acc: 0.9580
 Site-Painting                  (1) | Val  Loss: 0.8654 | Val  Acc: 0.8171
 Site-Sketch                    (3) | Val  Loss: 1.0579 | Val  Acc: 0.7647
 Site-QuickDraw                 (0) | Val  Loss: 1.9185 | Val  Acc: 0.4062
 Site-Infograph                 (2) | Val  Loss: 1.9344 | Val  Acc: 0.3500
Average Valid Accuracy: 0.6930
============ Train epoch 13 ============
cnt=[1, 1, 1, 2, 1, ]
power_decay: 0.9, powerI: 0.6144, powerC: 0.3856
 Site-Clipart                   (0) | Train Loss: 0.8472 | Train Acc: 0.8841
 Site-Real                      (3) | Train Loss: 0.6306 | Train Acc: 0.9543
 Site-Painting                  (3) | Train Loss: 0.8779 | Train Acc: 0.8333
 Site-Sketch                    (4) | Train Loss: 0.9971 | Train Acc: 0.7778
 Site-QuickDraw                 (1) | Train Loss: 1.8456 | Train Acc: 0.3958
 Site-Infograph                 (2) | Train Loss: 1.9106 | Train Acc: 0.3000
Average Train Accuracy: 0.6909
 Site-Clipart                   (0) | Val  Loss: 0.8768 | Val  Acc: 0.8714
 Site-Real                      (3) | Val  Loss: 0.5724 | Val  Acc: 0.9466
 Site-Painting                  (3) | Val  Loss: 0.8447 | Val  Acc: 0.8720
 Site-Sketch                    (4) | Val  Loss: 1.0423 | Val  Acc: 0.7941
 Site-QuickDraw                 (1) | Val  Loss: 1.8719 | Val  Acc: 0.4375
 Site-Infograph                 (2) | Val  Loss: 1.9039 | Val  Acc: 0.3750
Average Valid Accuracy: 0.7161
 Best site-Clipart                  (0)  | Epoch:13 | Val Acc: 0.8714
 Best site-Real                     (3)  | Epoch:13 | Val Acc: 0.9466
 Best site-Painting                 (3)  | Epoch:13 | Val Acc: 0.8720
 Best site-Sketch                   (4)  | Epoch:13 | Val Acc: 0.7941
 Best site-QuickDraw                (1)  | Epoch:13 | Val Acc: 0.4375
 Best site-Infograph                (2)  | Epoch:13 | Val Acc: 0.3750
 Saving the local and server checkpoint to ../checkpoint/fed_domainnet_uneven_1.6_1_distinct/ablation...
============ Train epoch 14 ============
cnt=[2, 1, 1, 1, 1, ]
power_decay: 0.9, powerI: 0.6029, powerC: 0.3971
 Site-Clipart                   (3) | Train Loss: 0.8196 | Train Acc: 0.8810
 Site-Real                      (0) | Train Loss: 0.5787 | Train Acc: 0.9569
 Site-Painting                  (0) | Train Loss: 0.8597 | Train Acc: 0.8577
 Site-Sketch                    (4) | Train Loss: 0.9533 | Train Acc: 0.7712
 Site-QuickDraw                 (1) | Train Loss: 1.9385 | Train Acc: 0.4062
 Site-Infograph                 (2) | Train Loss: 1.9295 | Train Acc: 0.3333
Average Train Accuracy: 0.7011
 Site-Clipart                   (3) | Val  Loss: 0.8496 | Val  Acc: 0.8714
 Site-Real                      (0) | Val  Loss: 0.5515 | Val  Acc: 0.9542
 Site-Painting                  (0) | Val  Loss: 0.8230 | Val  Acc: 0.8598
 Site-Sketch                    (4) | Val  Loss: 0.9830 | Val  Acc: 0.7745
 Site-QuickDraw                 (1) | Val  Loss: 1.9602 | Val  Acc: 0.3438
 Site-Infograph                 (2) | Val  Loss: 1.8947 | Val  Acc: 0.4000
Average Valid Accuracy: 0.7006
============ Train epoch 15 ============
cnt=[2, 1, 1, 1, 1, ]
power_decay: 0.9, powerI: 0.5927, powerC: 0.4073
 Site-Clipart                   (4) | Train Loss: 0.7821 | Train Acc: 0.8873
 Site-Real                      (0) | Train Loss: 0.5661 | Train Acc: 0.9569
 Site-Painting                  (0) | Train Loss: 0.8253 | Train Acc: 0.8496
 Site-Sketch                    (3) | Train Loss: 1.0136 | Train Acc: 0.7908
 Site-QuickDraw                 (1) | Train Loss: 1.8471 | Train Acc: 0.4167
 Site-Infograph                 (2) | Train Loss: 1.8610 | Train Acc: 0.3500
Average Train Accuracy: 0.7085
 Site-Clipart                   (4) | Val  Loss: 0.8054 | Val  Acc: 0.8786
 Site-Real                      (0) | Val  Loss: 0.5026 | Val  Acc: 0.9580
 Site-Painting                  (0) | Val  Loss: 0.7295 | Val  Acc: 0.8659
 Site-Sketch                    (3) | Val  Loss: 0.9762 | Val  Acc: 0.7451
 Site-QuickDraw                 (1) | Val  Loss: 1.8653 | Val  Acc: 0.4531
 Site-Infograph                 (2) | Val  Loss: 1.8736 | Val  Acc: 0.4000
Average Valid Accuracy: 0.7168
 Best site-Clipart                  (4)  | Epoch:15 | Val Acc: 0.8786
 Best site-Real                     (0)  | Epoch:15 | Val Acc: 0.9580
 Best site-Painting                 (0)  | Epoch:15 | Val Acc: 0.8659
 Best site-Sketch                   (3)  | Epoch:15 | Val Acc: 0.7451
 Best site-QuickDraw                (1)  | Epoch:15 | Val Acc: 0.4531
 Best site-Infograph                (2)  | Epoch:15 | Val Acc: 0.4000
 Saving the local and server checkpoint to ../checkpoint/fed_domainnet_uneven_1.6_1_distinct/ablation...
============ Train epoch 16 ============
cnt=[1, 1, 2, 1, 1, ]
power_decay: 0.9, powerI: 0.5834, powerC: 0.4166
 Site-Clipart                   (2) | Train Loss: 0.7492 | Train Acc: 0.8889
 Site-Real                      (0) | Train Loss: 0.5312 | Train Acc: 0.9619
 Site-Painting                  (4) | Train Loss: 0.7985 | Train Acc: 0.8374
 Site-Sketch                    (2) | Train Loss: 0.9079 | Train Acc: 0.7908
 Site-QuickDraw                 (1) | Train Loss: 1.8478 | Train Acc: 0.4375
 Site-Infograph                 (3) | Train Loss: 1.8670 | Train Acc: 0.3667
Average Train Accuracy: 0.7139
 Site-Clipart                   (2) | Val  Loss: 0.7715 | Val  Acc: 0.8714
 Site-Real                      (0) | Val  Loss: 0.4772 | Val  Acc: 0.9618
 Site-Painting                  (4) | Val  Loss: 0.7809 | Val  Acc: 0.8537
 Site-Sketch                    (2) | Val  Loss: 0.9279 | Val  Acc: 0.7843
 Site-QuickDraw                 (1) | Val  Loss: 1.8488 | Val  Acc: 0.3750
 Site-Infograph                 (3) | Val  Loss: 1.8177 | Val  Acc: 0.3750
Average Valid Accuracy: 0.7035
============ Train epoch 17 ============
cnt=[1, 2, 1, 1, 1, ]
power_decay: 0.9, powerI: 0.5750, powerC: 0.4250
 Site-Clipart                   (4) | Train Loss: 0.7324 | Train Acc: 0.8825
 Site-Real                      (1) | Train Loss: 0.4729 | Train Acc: 0.9645
 Site-Painting                  (1) | Train Loss: 0.7746 | Train Acc: 0.8577
 Site-Sketch                    (3) | Train Loss: 0.8986 | Train Acc: 0.8039
 Site-QuickDraw                 (0) | Train Loss: 1.8588 | Train Acc: 0.4167
 Site-Infograph                 (2) | Train Loss: 1.8626 | Train Acc: 0.3500
Average Train Accuracy: 0.7126
 Site-Clipart                   (4) | Val  Loss: 0.7553 | Val  Acc: 0.8881
 Site-Real                      (1) | Val  Loss: 0.4759 | Val  Acc: 0.9542
 Site-Painting                  (1) | Val  Loss: 0.7672 | Val  Acc: 0.8293
 Site-Sketch                    (3) | Val  Loss: 0.9222 | Val  Acc: 0.7451
 Site-QuickDraw                 (0) | Val  Loss: 1.8219 | Val  Acc: 0.4219
 Site-Infograph                 (2) | Val  Loss: 1.8655 | Val  Acc: 0.4000
Average Valid Accuracy: 0.7064
============ Train epoch 18 ============
cnt=[1, 1, 1, 2, 1, ]
power_decay: 0.9, powerI: 0.5675, powerC: 0.4325
 Site-Clipart                   (0) | Train Loss: 0.7155 | Train Acc: 0.8841
 Site-Real                      (3) | Train Loss: 0.4617 | Train Acc: 0.9569
 Site-Painting                  (3) | Train Loss: 0.7004 | Train Acc: 0.8699
 Site-Sketch                    (4) | Train Loss: 0.8672 | Train Acc: 0.8170
 Site-QuickDraw                 (1) | Train Loss: 1.7849 | Train Acc: 0.4375
 Site-Infograph                 (2) | Train Loss: 1.8860 | Train Acc: 0.3333
Average Train Accuracy: 0.7165
 Site-Clipart                   (0) | Val  Loss: 0.7262 | Val  Acc: 0.8905
 Site-Real                      (3) | Val  Loss: 0.4576 | Val  Acc: 0.9580
 Site-Painting                  (3) | Val  Loss: 0.6957 | Val  Acc: 0.8415
 Site-Sketch                    (4) | Val  Loss: 0.9134 | Val  Acc: 0.7647
 Site-QuickDraw                 (1) | Val  Loss: 1.8238 | Val  Acc: 0.4531
 Site-Infograph                 (2) | Val  Loss: 1.8449 | Val  Acc: 0.4250
Average Valid Accuracy: 0.7221
 Best site-Clipart                  (0)  | Epoch:18 | Val Acc: 0.8905
 Best site-Real                     (3)  | Epoch:18 | Val Acc: 0.9580
 Best site-Painting                 (3)  | Epoch:18 | Val Acc: 0.8415
 Best site-Sketch                   (4)  | Epoch:18 | Val Acc: 0.7647
 Best site-QuickDraw                (1)  | Epoch:18 | Val Acc: 0.4531
 Best site-Infograph                (2)  | Epoch:18 | Val Acc: 0.4250
 Saving the local and server checkpoint to ../checkpoint/fed_domainnet_uneven_1.6_1_distinct/ablation...
============ Train epoch 19 ============
cnt=[2, 1, 1, 1, 1, ]
power_decay: 0.9, powerI: 0.5608, powerC: 0.4392
 Site-Clipart                   (4) | Train Loss: 0.6632 | Train Acc: 0.9048
 Site-Real                      (0) | Train Loss: 0.4432 | Train Acc: 0.9695
 Site-Painting                  (0) | Train Loss: 0.7127 | Train Acc: 0.8740
 Site-Sketch                    (3) | Train Loss: 0.8486 | Train Acc: 0.7974
 Site-QuickDraw                 (1) | Train Loss: 1.7722 | Train Acc: 0.4479
 Site-Infograph                 (2) | Train Loss: 1.8470 | Train Acc: 0.3833
Average Train Accuracy: 0.7295
 Site-Clipart                   (4) | Val  Loss: 0.7216 | Val  Acc: 0.8643
 Site-Real                      (0) | Val  Loss: 0.4191 | Val  Acc: 0.9656
 Site-Painting                  (0) | Val  Loss: 0.6784 | Val  Acc: 0.8354
 Site-Sketch                    (3) | Val  Loss: 0.8693 | Val  Acc: 0.7647
 Site-QuickDraw                 (1) | Val  Loss: 1.7824 | Val  Acc: 0.4531
 Site-Infograph                 (2) | Val  Loss: 1.7537 | Val  Acc: 0.4500
Average Valid Accuracy: 0.7222
 Best site-Clipart                  (4)  | Epoch:19 | Val Acc: 0.8643
 Best site-Real                     (0)  | Epoch:19 | Val Acc: 0.9656
 Best site-Painting                 (0)  | Epoch:19 | Val Acc: 0.8354
 Best site-Sketch                   (3)  | Epoch:19 | Val Acc: 0.7647
 Best site-QuickDraw                (1)  | Epoch:19 | Val Acc: 0.4531
 Best site-Infograph                (2)  | Epoch:19 | Val Acc: 0.4500
 Saving the local and server checkpoint to ../checkpoint/fed_domainnet_uneven_1.6_1_distinct/ablation...
============ Train epoch 20 ============
cnt=[1, 1, 1, 2, 1, ]
power_decay: 0.9, powerI: 0.5547, powerC: 0.4453
 Site-Clipart                   (1) | Train Loss: 0.6593 | Train Acc: 0.8889
 Site-Real                      (3) | Train Loss: 0.4287 | Train Acc: 0.9594
 Site-Painting                  (3) | Train Loss: 0.7021 | Train Acc: 0.8699
 Site-Sketch                    (4) | Train Loss: 0.8619 | Train Acc: 0.7843
 Site-QuickDraw                 (2) | Train Loss: 1.8186 | Train Acc: 0.4271
 Site-Infograph                 (0) | Train Loss: 1.8612 | Train Acc: 0.2667
Average Train Accuracy: 0.6994
 Site-Clipart                   (1) | Val  Loss: 0.6822 | Val  Acc: 0.8857
 Site-Real                      (3) | Val  Loss: 0.3938 | Val  Acc: 0.9580
 Site-Painting                  (3) | Val  Loss: 0.6853 | Val  Acc: 0.8415
 Site-Sketch                    (4) | Val  Loss: 0.8901 | Val  Acc: 0.7941
 Site-QuickDraw                 (2) | Val  Loss: 1.7713 | Val  Acc: 0.5000
 Site-Infograph                 (0) | Val  Loss: 1.8471 | Val  Acc: 0.4250
Average Valid Accuracy: 0.7341
 Best site-Clipart                  (1)  | Epoch:20 | Val Acc: 0.8857
 Best site-Real                     (3)  | Epoch:20 | Val Acc: 0.9580
 Best site-Painting                 (3)  | Epoch:20 | Val Acc: 0.8415
 Best site-Sketch                   (4)  | Epoch:20 | Val Acc: 0.7941
 Best site-QuickDraw                (2)  | Epoch:20 | Val Acc: 0.5000
 Best site-Infograph                (0)  | Epoch:20 | Val Acc: 0.4250
 Saving the local and server checkpoint to ../checkpoint/fed_domainnet_uneven_1.6_1_distinct/ablation...
============ Train epoch 21 ============
cnt=[1, 1, 2, 1, 1, ]
power_decay: 0.9, powerI: 0.5492, powerC: 0.4508
 Site-Clipart                   (0) | Train Loss: 0.6475 | Train Acc: 0.8905
 Site-Real                      (2) | Train Loss: 0.4321 | Train Acc: 0.9569
 Site-Painting                  (2) | Train Loss: 0.6988 | Train Acc: 0.8577
 Site-Sketch                    (4) | Train Loss: 0.8439 | Train Acc: 0.7974
 Site-QuickDraw                 (1) | Train Loss: 1.7696 | Train Acc: 0.4583
 Site-Infograph                 (3) | Train Loss: 1.8675 | Train Acc: 0.4000
Average Train Accuracy: 0.7268
 Site-Clipart                   (0) | Val  Loss: 0.6703 | Val  Acc: 0.8905
 Site-Real                      (2) | Val  Loss: 0.3985 | Val  Acc: 0.9656
 Site-Painting                  (2) | Val  Loss: 0.6690 | Val  Acc: 0.8232
 Site-Sketch                    (4) | Val  Loss: 0.8664 | Val  Acc: 0.7843
 Site-QuickDraw                 (1) | Val  Loss: 1.7257 | Val  Acc: 0.4844
 Site-Infograph                 (3) | Val  Loss: 1.7922 | Val  Acc: 0.4000
Average Valid Accuracy: 0.7247
============ Train epoch 22 ============
cnt=[1, 1, 1, 2, 1, ]
power_decay: 0.9, powerI: 0.5443, powerC: 0.4557
 Site-Clipart                   (0) | Train Loss: 0.6205 | Train Acc: 0.9032
 Site-Real                      (3) | Train Loss: 0.3797 | Train Acc: 0.9594
 Site-Painting                  (3) | Train Loss: 0.6956 | Train Acc: 0.8496
 Site-Sketch                    (4) | Train Loss: 0.7849 | Train Acc: 0.7974
 Site-QuickDraw                 (2) | Train Loss: 1.7615 | Train Acc: 0.4479
 Site-Infograph                 (1) | Train Loss: 1.8032 | Train Acc: 0.3667
Average Train Accuracy: 0.7207
 Site-Clipart                   (0) | Val  Loss: 0.6636 | Val  Acc: 0.8881
 Site-Real                      (3) | Val  Loss: 0.3792 | Val  Acc: 0.9618
 Site-Painting                  (3) | Val  Loss: 0.6385 | Val  Acc: 0.8598
 Site-Sketch                    (4) | Val  Loss: 0.8396 | Val  Acc: 0.7843
 Site-QuickDraw                 (2) | Val  Loss: 1.7573 | Val  Acc: 0.4531
 Site-Infograph                 (1) | Val  Loss: 1.7835 | Val  Acc: 0.4250
Average Valid Accuracy: 0.7287
============ Train epoch 23 ============
cnt=[2, 1, 1, 1, 1, ]
power_decay: 0.9, powerI: 0.5399, powerC: 0.4601
 Site-Clipart                   (1) | Train Loss: 0.5976 | Train Acc: 0.8984
 Site-Real                      (0) | Train Loss: 0.4513 | Train Acc: 0.9619
 Site-Painting                  (0) | Train Loss: 0.6642 | Train Acc: 0.8740
 Site-Sketch                    (3) | Train Loss: 0.8735 | Train Acc: 0.7843
 Site-QuickDraw                 (2) | Train Loss: 1.7417 | Train Acc: 0.4688
 Site-Infograph                 (4) | Train Loss: 1.8287 | Train Acc: 0.4500
Average Train Accuracy: 0.7396
 Site-Clipart                   (1) | Val  Loss: 0.6347 | Val  Acc: 0.8952
 Site-Real                      (0) | Val  Loss: 0.3458 | Val  Acc: 0.9618
 Site-Painting                  (0) | Val  Loss: 0.6241 | Val  Acc: 0.8598
 Site-Sketch                    (3) | Val  Loss: 0.8610 | Val  Acc: 0.7843
 Site-QuickDraw                 (2) | Val  Loss: 1.6929 | Val  Acc: 0.5156
 Site-Infograph                 (4) | Val  Loss: 1.7657 | Val  Acc: 0.4250
Average Valid Accuracy: 0.7403
 Best site-Clipart                  (1)  | Epoch:23 | Val Acc: 0.8952
 Best site-Real                     (0)  | Epoch:23 | Val Acc: 0.9618
 Best site-Painting                 (0)  | Epoch:23 | Val Acc: 0.8598
 Best site-Sketch                   (3)  | Epoch:23 | Val Acc: 0.7843
 Best site-QuickDraw                (2)  | Epoch:23 | Val Acc: 0.5156
 Best site-Infograph                (4)  | Epoch:23 | Val Acc: 0.4250
 Saving the local and server checkpoint to ../checkpoint/fed_domainnet_uneven_1.6_1_distinct/ablation...
============ Train epoch 24 ============
cnt=[1, 2, 1, 1, 1, ]
power_decay: 0.9, powerI: 0.5359, powerC: 0.4641
 Site-Clipart                   (4) | Train Loss: 0.6105 | Train Acc: 0.9143
 Site-Real                      (1) | Train Loss: 0.3702 | Train Acc: 0.9543
 Site-Painting                  (1) | Train Loss: 0.6555 | Train Acc: 0.8618
 Site-Sketch                    (3) | Train Loss: 0.8356 | Train Acc: 0.7974
 Site-QuickDraw                 (0) | Train Loss: 1.6835 | Train Acc: 0.4479
 Site-Infograph                 (2) | Train Loss: 1.7854 | Train Acc: 0.3667
Average Train Accuracy: 0.7237
 Site-Clipart                   (4) | Val  Loss: 0.6372 | Val  Acc: 0.8857
 Site-Real                      (1) | Val  Loss: 0.3656 | Val  Acc: 0.9504
 Site-Painting                  (1) | Val  Loss: 0.6273 | Val  Acc: 0.8537
 Site-Sketch                    (3) | Val  Loss: 0.8313 | Val  Acc: 0.7843
 Site-QuickDraw                 (0) | Val  Loss: 1.7280 | Val  Acc: 0.4531
 Site-Infograph                 (2) | Val  Loss: 1.7546 | Val  Acc: 0.4000
Average Valid Accuracy: 0.7212
============ Train epoch 25 ============
cnt=[1, 2, 1, 1, 1, ]
power_decay: 0.9, powerI: 0.5323, powerC: 0.4677
 Site-Clipart                   (3) | Train Loss: 0.5775 | Train Acc: 0.8952
 Site-Real                      (1) | Train Loss: 0.3457 | Train Acc: 0.9619
 Site-Painting                  (1) | Train Loss: 0.6467 | Train Acc: 0.8537
 Site-Sketch                    (4) | Train Loss: 0.8222 | Train Acc: 0.8105
 Site-QuickDraw                 (2) | Train Loss: 1.6319 | Train Acc: 0.5104
 Site-Infograph                 (0) | Train Loss: 1.8010 | Train Acc: 0.3333
Average Train Accuracy: 0.7275
 Site-Clipart                   (3) | Val  Loss: 0.6133 | Val  Acc: 0.8905
 Site-Real                      (1) | Val  Loss: 0.3557 | Val  Acc: 0.9580
 Site-Painting                  (1) | Val  Loss: 0.6287 | Val  Acc: 0.8354
 Site-Sketch                    (4) | Val  Loss: 0.8137 | Val  Acc: 0.7745
 Site-QuickDraw                 (2) | Val  Loss: 1.6331 | Val  Acc: 0.5469
 Site-Infograph                 (0) | Val  Loss: 1.7669 | Val  Acc: 0.3500
Average Valid Accuracy: 0.7259
============ Train epoch 26 ============
cnt=[2, 1, 1, 1, 1, ]
power_decay: 0.9, powerI: 0.5291, powerC: 0.4709
 Site-Clipart                   (3) | Train Loss: 0.5467 | Train Acc: 0.9238
 Site-Real                      (0) | Train Loss: 0.4067 | Train Acc: 0.9619
 Site-Painting                  (0) | Train Loss: 0.6420 | Train Acc: 0.8374
 Site-Sketch                    (4) | Train Loss: 0.7127 | Train Acc: 0.8431
 Site-QuickDraw                 (1) | Train Loss: 1.6124 | Train Acc: 0.4688
 Site-Infograph                 (2) | Train Loss: 1.8332 | Train Acc: 0.3500
Average Train Accuracy: 0.7308
 Site-Clipart                   (3) | Val  Loss: 0.6071 | Val  Acc: 0.9024
 Site-Real                      (0) | Val  Loss: 0.3488 | Val  Acc: 0.9695
 Site-Painting                  (0) | Val  Loss: 0.5746 | Val  Acc: 0.8720
 Site-Sketch                    (4) | Val  Loss: 0.7953 | Val  Acc: 0.7647
 Site-QuickDraw                 (1) | Val  Loss: 1.6150 | Val  Acc: 0.4844
 Site-Infograph                 (2) | Val  Loss: 1.6841 | Val  Acc: 0.5000
Average Valid Accuracy: 0.7488
 Best site-Clipart                  (3)  | Epoch:26 | Val Acc: 0.9024
 Best site-Real                     (0)  | Epoch:26 | Val Acc: 0.9695
 Best site-Painting                 (0)  | Epoch:26 | Val Acc: 0.8720
 Best site-Sketch                   (4)  | Epoch:26 | Val Acc: 0.7647
 Best site-QuickDraw                (1)  | Epoch:26 | Val Acc: 0.4844
 Best site-Infograph                (2)  | Epoch:26 | Val Acc: 0.5000
 Saving the local and server checkpoint to ../checkpoint/fed_domainnet_uneven_1.6_1_distinct/ablation...
============ Train epoch 27 ============
cnt=[2, 1, 1, 1, 1, ]
power_decay: 0.9, powerI: 0.5262, powerC: 0.4738
 Site-Clipart                   (4) | Train Loss: 0.5457 | Train Acc: 0.9175
 Site-Real                      (0) | Train Loss: 0.3785 | Train Acc: 0.9619
 Site-Painting                  (0) | Train Loss: 0.6304 | Train Acc: 0.8659
 Site-Sketch                    (3) | Train Loss: 0.7349 | Train Acc: 0.7908
 Site-QuickDraw                 (2) | Train Loss: 1.7074 | Train Acc: 0.5000
 Site-Infograph                 (1) | Train Loss: 1.7851 | Train Acc: 0.3833
Average Train Accuracy: 0.7366
 Site-Clipart                   (4) | Val  Loss: 0.5945 | Val  Acc: 0.8857
 Site-Real                      (0) | Val  Loss: 0.3201 | Val  Acc: 0.9618
 Site-Painting                  (0) | Val  Loss: 0.5746 | Val  Acc: 0.8659
 Site-Sketch                    (3) | Val  Loss: 0.7445 | Val  Acc: 0.7843
 Site-QuickDraw                 (2) | Val  Loss: 1.6460 | Val  Acc: 0.4844
 Site-Infograph                 (1) | Val  Loss: 1.7656 | Val  Acc: 0.4250
Average Valid Accuracy: 0.7345
============ Train epoch 28 ============
cnt=[2, 1, 1, 1, 1, ]
power_decay: 0.9, powerI: 0.5236, powerC: 0.4764
 Site-Clipart                   (3) | Train Loss: 0.5375 | Train Acc: 0.9317
 Site-Real                      (0) | Train Loss: 0.3180 | Train Acc: 0.9645
 Site-Painting                  (0) | Train Loss: 0.5996 | Train Acc: 0.8862
 Site-Sketch                    (4) | Train Loss: 0.7817 | Train Acc: 0.7974
 Site-QuickDraw                 (1) | Train Loss: 1.6606 | Train Acc: 0.5208
 Site-Infograph                 (2) | Train Loss: 1.7672 | Train Acc: 0.4000
Average Train Accuracy: 0.7501
 Site-Clipart                   (3) | Val  Loss: 0.5704 | Val  Acc: 0.8976
 Site-Real                      (0) | Val  Loss: 0.3224 | Val  Acc: 0.9618
 Site-Painting                  (0) | Val  Loss: 0.6069 | Val  Acc: 0.8476
 Site-Sketch                    (4) | Val  Loss: 0.8013 | Val  Acc: 0.7843
 Site-QuickDraw                 (1) | Val  Loss: 1.6536 | Val  Acc: 0.4531
 Site-Infograph                 (2) | Val  Loss: 1.7296 | Val  Acc: 0.4250
Average Valid Accuracy: 0.7282
============ Train epoch 29 ============
cnt=[1, 2, 1, 1, 1, ]
power_decay: 0.9, powerI: 0.5212, powerC: 0.4788
 Site-Clipart                   (4) | Train Loss: 0.5259 | Train Acc: 0.9254
 Site-Real                      (1) | Train Loss: 0.3334 | Train Acc: 0.9619
 Site-Painting                  (1) | Train Loss: 0.6179 | Train Acc: 0.8780
 Site-Sketch                    (3) | Train Loss: 0.7466 | Train Acc: 0.7843
 Site-QuickDraw                 (0) | Train Loss: 1.5723 | Train Acc: 0.5521
 Site-Infograph                 (2) | Train Loss: 1.7569 | Train Acc: 0.4167
Average Train Accuracy: 0.7531
 Site-Clipart                   (4) | Val  Loss: 0.5657 | Val  Acc: 0.9143
 Site-Real                      (1) | Val  Loss: 0.3180 | Val  Acc: 0.9504
 Site-Painting                  (1) | Val  Loss: 0.5663 | Val  Acc: 0.8537
 Site-Sketch                    (3) | Val  Loss: 0.6981 | Val  Acc: 0.8137
 Site-QuickDraw                 (0) | Val  Loss: 1.5836 | Val  Acc: 0.5625
 Site-Infograph                 (2) | Val  Loss: 1.6831 | Val  Acc: 0.5250
Average Valid Accuracy: 0.7699
 Best site-Clipart                  (4)  | Epoch:29 | Val Acc: 0.9143
 Best site-Real                     (1)  | Epoch:29 | Val Acc: 0.9504
 Best site-Painting                 (1)  | Epoch:29 | Val Acc: 0.8537
 Best site-Sketch                   (3)  | Epoch:29 | Val Acc: 0.8137
 Best site-QuickDraw                (0)  | Epoch:29 | Val Acc: 0.5625
 Best site-Infograph                (2)  | Epoch:29 | Val Acc: 0.5250
 Saving the local and server checkpoint to ../checkpoint/fed_domainnet_uneven_1.6_1_distinct/ablation...
============ Train epoch 30 ============
cnt=[1, 1, 2, 1, 1, ]
power_decay: 0.9, powerI: 0.5191, powerC: 0.4809
 Site-Clipart                   (4) | Train Loss: 0.5180 | Train Acc: 0.9079
 Site-Real                      (2) | Train Loss: 0.3170 | Train Acc: 0.9670
 Site-Painting                  (2) | Train Loss: 0.5971 | Train Acc: 0.8537
 Site-Sketch                    (0) | Train Loss: 0.8049 | Train Acc: 0.8235
 Site-QuickDraw                 (1) | Train Loss: 1.5825 | Train Acc: 0.5417
 Site-Infograph                 (3) | Train Loss: 1.7605 | Train Acc: 0.4000
Average Train Accuracy: 0.7490
 Site-Clipart                   (4) | Val  Loss: 0.5703 | Val  Acc: 0.8976
 Site-Real                      (2) | Val  Loss: 0.2991 | Val  Acc: 0.9771
 Site-Painting                  (2) | Val  Loss: 0.5540 | Val  Acc: 0.8720
 Site-Sketch                    (0) | Val  Loss: 0.7455 | Val  Acc: 0.7745
 Site-QuickDraw                 (1) | Val  Loss: 1.5721 | Val  Acc: 0.5938
 Site-Infograph                 (3) | Val  Loss: 1.7223 | Val  Acc: 0.4500
Average Valid Accuracy: 0.7608
============ Train epoch 31 ============
cnt=[1, 1, 1, 2, 1, ]
power_decay: 0.9, powerI: 0.5172, powerC: 0.4828
 Site-Clipart                   (1) | Train Loss: 0.5106 | Train Acc: 0.9190
 Site-Real                      (3) | Train Loss: 0.3120 | Train Acc: 0.9645
 Site-Painting                  (3) | Train Loss: 0.5691 | Train Acc: 0.8984
 Site-Sketch                    (4) | Train Loss: 0.7548 | Train Acc: 0.8301
 Site-QuickDraw                 (2) | Train Loss: 1.5774 | Train Acc: 0.5521
 Site-Infograph                 (0) | Train Loss: 1.7335 | Train Acc: 0.4333
Average Train Accuracy: 0.7662
 Site-Clipart                   (1) | Val  Loss: 0.5509 | Val  Acc: 0.8905
 Site-Real                      (3) | Val  Loss: 0.2999 | Val  Acc: 0.9580
 Site-Painting                  (3) | Val  Loss: 0.5478 | Val  Acc: 0.8598
 Site-Sketch                    (4) | Val  Loss: 0.7650 | Val  Acc: 0.7745
 Site-QuickDraw                 (2) | Val  Loss: 1.5432 | Val  Acc: 0.5312
 Site-Infograph                 (0) | Val  Loss: 1.7054 | Val  Acc: 0.5000
Average Valid Accuracy: 0.7523
============ Train epoch 32 ============
cnt=[1, 1, 1, 2, 1, ]
power_decay: 0.9, powerI: 0.5155, powerC: 0.4845
 Site-Clipart                   (0) | Train Loss: 0.5039 | Train Acc: 0.9317
 Site-Real                      (3) | Train Loss: 0.3147 | Train Acc: 0.9543
 Site-Painting                  (3) | Train Loss: 0.5508 | Train Acc: 0.8821
 Site-Sketch                    (4) | Train Loss: 0.6926 | Train Acc: 0.8039
 Site-QuickDraw                 (1) | Train Loss: 1.5500 | Train Acc: 0.4896
 Site-Infograph                 (2) | Train Loss: 1.7315 | Train Acc: 0.3667
Average Train Accuracy: 0.7381
 Site-Clipart                   (0) | Val  Loss: 0.5392 | Val  Acc: 0.8952
 Site-Real                      (3) | Val  Loss: 0.3030 | Val  Acc: 0.9504
 Site-Painting                  (3) | Val  Loss: 0.5359 | Val  Acc: 0.8720
 Site-Sketch                    (4) | Val  Loss: 0.7909 | Val  Acc: 0.7451
 Site-QuickDraw                 (1) | Val  Loss: 1.5067 | Val  Acc: 0.4844
 Site-Infograph                 (2) | Val  Loss: 1.7474 | Val  Acc: 0.4500
Average Valid Accuracy: 0.7328
============ Train epoch 33 ============
cnt=[1, 1, 1, 2, 1, ]
power_decay: 0.9, powerI: 0.5139, powerC: 0.4861
 Site-Clipart                   (0) | Train Loss: 0.4991 | Train Acc: 0.9111
 Site-Real                      (3) | Train Loss: 0.2979 | Train Acc: 0.9645
 Site-Painting                  (3) | Train Loss: 0.5701 | Train Acc: 0.8740
 Site-Sketch                    (4) | Train Loss: 0.6480 | Train Acc: 0.8366
 Site-QuickDraw                 (1) | Train Loss: 1.6068 | Train Acc: 0.5104
 Site-Infograph                 (2) | Train Loss: 1.7055 | Train Acc: 0.4000
Average Train Accuracy: 0.7494
 Site-Clipart                   (0) | Val  Loss: 0.5395 | Val  Acc: 0.9000
 Site-Real                      (3) | Val  Loss: 0.2830 | Val  Acc: 0.9618
 Site-Painting                  (3) | Val  Loss: 0.5527 | Val  Acc: 0.8659
 Site-Sketch                    (4) | Val  Loss: 0.7674 | Val  Acc: 0.7843
 Site-QuickDraw                 (1) | Val  Loss: 1.5570 | Val  Acc: 0.5312
 Site-Infograph                 (2) | Val  Loss: 1.6179 | Val  Acc: 0.4500
Average Valid Accuracy: 0.7489
============ Train epoch 34 ============
cnt=[1, 1, 1, 2, 1, ]
power_decay: 0.9, powerI: 0.5125, powerC: 0.4875
 Site-Clipart                   (4) | Train Loss: 0.4950 | Train Acc: 0.9143
 Site-Real                      (3) | Train Loss: 0.2835 | Train Acc: 0.9619
 Site-Painting                  (3) | Train Loss: 0.5880 | Train Acc: 0.8699
 Site-Sketch                    (0) | Train Loss: 0.7467 | Train Acc: 0.7843
 Site-QuickDraw                 (1) | Train Loss: 1.5135 | Train Acc: 0.5833
 Site-Infograph                 (2) | Train Loss: 1.6810 | Train Acc: 0.4167
Average Train Accuracy: 0.7551
 Site-Clipart                   (4) | Val  Loss: 0.5405 | Val  Acc: 0.9000
 Site-Real                      (3) | Val  Loss: 0.2818 | Val  Acc: 0.9771
 Site-Painting                  (3) | Val  Loss: 0.5504 | Val  Acc: 0.8476
 Site-Sketch                    (0) | Val  Loss: 0.7598 | Val  Acc: 0.7843
 Site-QuickDraw                 (1) | Val  Loss: 1.5204 | Val  Acc: 0.5312
 Site-Infograph                 (2) | Val  Loss: 1.6745 | Val  Acc: 0.4250
Average Valid Accuracy: 0.7442
============ Train epoch 35 ============
cnt=[1, 1, 1, 2, 1, ]
power_decay: 0.9, powerI: 0.5113, powerC: 0.4887
 Site-Clipart                   (0) | Train Loss: 0.4813 | Train Acc: 0.9127
 Site-Real                      (3) | Train Loss: 0.3201 | Train Acc: 0.9695
 Site-Painting                  (3) | Train Loss: 0.5750 | Train Acc: 0.8659
 Site-Sketch                    (4) | Train Loss: 0.6850 | Train Acc: 0.8039
 Site-QuickDraw                 (2) | Train Loss: 1.5439 | Train Acc: 0.4896
 Site-Infograph                 (1) | Train Loss: 1.7447 | Train Acc: 0.4167
Average Train Accuracy: 0.7430
 Site-Clipart                   (0) | Val  Loss: 0.5205 | Val  Acc: 0.9143
 Site-Real                      (3) | Val  Loss: 0.2741 | Val  Acc: 0.9733
 Site-Painting                  (3) | Val  Loss: 0.4864 | Val  Acc: 0.8598
 Site-Sketch                    (4) | Val  Loss: 0.7205 | Val  Acc: 0.7647
 Site-QuickDraw                 (2) | Val  Loss: 1.4775 | Val  Acc: 0.5781
 Site-Infograph                 (1) | Val  Loss: 1.6963 | Val  Acc: 0.4000
Average Valid Accuracy: 0.7484
============ Train epoch 36 ============
cnt=[2, 1, 1, 1, 1, ]
power_decay: 0.9, powerI: 0.5101, powerC: 0.4899
 Site-Clipart                   (4) | Train Loss: 0.4637 | Train Acc: 0.9302
 Site-Real                      (0) | Train Loss: 0.2656 | Train Acc: 0.9645
 Site-Painting                  (0) | Train Loss: 0.5321 | Train Acc: 0.8699
 Site-Sketch                    (3) | Train Loss: 0.6744 | Train Acc: 0.8301
 Site-QuickDraw                 (1) | Train Loss: 1.4649 | Train Acc: 0.5625
 Site-Infograph                 (2) | Train Loss: 1.6793 | Train Acc: 0.5000
Average Train Accuracy: 0.7762
 Site-Clipart                   (4) | Val  Loss: 0.5275 | Val  Acc: 0.9095
 Site-Real                      (0) | Val  Loss: 0.2657 | Val  Acc: 0.9618
 Site-Painting                  (0) | Val  Loss: 0.5362 | Val  Acc: 0.8720
 Site-Sketch                    (3) | Val  Loss: 0.7309 | Val  Acc: 0.8039
 Site-QuickDraw                 (1) | Val  Loss: 1.4670 | Val  Acc: 0.6094
 Site-Infograph                 (2) | Val  Loss: 1.7790 | Val  Acc: 0.4000
Average Valid Accuracy: 0.7594
============ Train epoch 37 ============
cnt=[1, 1, 1, 2, 1, ]
power_decay: 0.9, powerI: 0.5091, powerC: 0.4909
 Site-Clipart                   (0) | Train Loss: 0.4614 | Train Acc: 0.9333
 Site-Real                      (3) | Train Loss: 0.2839 | Train Acc: 0.9594
 Site-Painting                  (3) | Train Loss: 0.5350 | Train Acc: 0.8780
 Site-Sketch                    (4) | Train Loss: 0.7172 | Train Acc: 0.8039
 Site-QuickDraw                 (1) | Train Loss: 1.5095 | Train Acc: 0.6458
 Site-Infograph                 (2) | Train Loss: 1.7254 | Train Acc: 0.4000
Average Train Accuracy: 0.7701
 Site-Clipart                   (0) | Val  Loss: 0.5237 | Val  Acc: 0.8976
 Site-Real                      (3) | Val  Loss: 0.2599 | Val  Acc: 0.9618
 Site-Painting                  (3) | Val  Loss: 0.5124 | Val  Acc: 0.8598
 Site-Sketch                    (4) | Val  Loss: 0.7435 | Val  Acc: 0.7745
 Site-QuickDraw                 (1) | Val  Loss: 1.4684 | Val  Acc: 0.5781
 Site-Infograph                 (2) | Val  Loss: 1.6166 | Val  Acc: 0.5000
Average Valid Accuracy: 0.7620
============ Train epoch 38 ============
cnt=[2, 1, 1, 1, 1, ]
power_decay: 0.9, powerI: 0.5082, powerC: 0.4918
 Site-Clipart                   (3) | Train Loss: 0.4515 | Train Acc: 0.9333
 Site-Real                      (0) | Train Loss: 0.2520 | Train Acc: 0.9721
 Site-Painting                  (0) | Train Loss: 0.5404 | Train Acc: 0.8780
 Site-Sketch                    (4) | Train Loss: 0.6440 | Train Acc: 0.8562
 Site-QuickDraw                 (1) | Train Loss: 1.4942 | Train Acc: 0.6250
 Site-Infograph                 (2) | Train Loss: 1.7084 | Train Acc: 0.3833
Average Train Accuracy: 0.7747
 Site-Clipart                   (3) | Val  Loss: 0.4888 | Val  Acc: 0.9167
 Site-Real                      (0) | Val  Loss: 0.2744 | Val  Acc: 0.9466
 Site-Painting                  (0) | Val  Loss: 0.5076 | Val  Acc: 0.8780
 Site-Sketch                    (4) | Val  Loss: 0.7898 | Val  Acc: 0.7745
 Site-QuickDraw                 (1) | Val  Loss: 1.4755 | Val  Acc: 0.6094
 Site-Infograph                 (2) | Val  Loss: 1.7316 | Val  Acc: 0.4250
Average Valid Accuracy: 0.7584
============ Train epoch 39 ============
cnt=[1, 1, 2, 1, 1, ]
power_decay: 0.9, powerI: 0.5074, powerC: 0.4926
 Site-Clipart                   (3) | Train Loss: 0.4555 | Train Acc: 0.9270
 Site-Real                      (2) | Train Loss: 0.2893 | Train Acc: 0.9594
 Site-Painting                  (2) | Train Loss: 0.5201 | Train Acc: 0.8699
 Site-Sketch                    (4) | Train Loss: 0.6534 | Train Acc: 0.8170
 Site-QuickDraw                 (0) | Train Loss: 1.4872 | Train Acc: 0.5729
 Site-Infograph                 (1) | Train Loss: 1.6429 | Train Acc: 0.4000
Average Train Accuracy: 0.7577
 Site-Clipart                   (3) | Val  Loss: 0.4997 | Val  Acc: 0.9214
 Site-Real                      (2) | Val  Loss: 0.2444 | Val  Acc: 0.9695
 Site-Painting                  (2) | Val  Loss: 0.4999 | Val  Acc: 0.8720
 Site-Sketch                    (4) | Val  Loss: 0.7150 | Val  Acc: 0.7549
 Site-QuickDraw                 (0) | Val  Loss: 1.4182 | Val  Acc: 0.6250
 Site-Infograph                 (1) | Val  Loss: 1.6058 | Val  Acc: 0.4500
Average Valid Accuracy: 0.7655
============ Train epoch 40 ============
cnt=[1, 1, 2, 1, 1, ]
power_decay: 0.9, powerI: 0.5067, powerC: 0.4933
 Site-Clipart                   (4) | Train Loss: 0.4170 | Train Acc: 0.9397
 Site-Real                      (2) | Train Loss: 0.2996 | Train Acc: 0.9619
 Site-Painting                  (2) | Train Loss: 0.5125 | Train Acc: 0.8821
 Site-Sketch                    (1) | Train Loss: 0.7679 | Train Acc: 0.7974
 Site-QuickDraw                 (3) | Train Loss: 1.5014 | Train Acc: 0.5729
 Site-Infograph                 (0) | Train Loss: 1.7065 | Train Acc: 0.4000
Average Train Accuracy: 0.7590
 Site-Clipart                   (4) | Val  Loss: 0.4855 | Val  Acc: 0.9143
 Site-Real                      (2) | Val  Loss: 0.2621 | Val  Acc: 0.9618
 Site-Painting                  (2) | Val  Loss: 0.4997 | Val  Acc: 0.8720
 Site-Sketch                    (1) | Val  Loss: 0.7573 | Val  Acc: 0.7843
 Site-QuickDraw                 (3) | Val  Loss: 1.3945 | Val  Acc: 0.6406
 Site-Infograph                 (0) | Val  Loss: 1.6578 | Val  Acc: 0.5000
Average Valid Accuracy: 0.7788
 Best site-Clipart                  (4)  | Epoch:40 | Val Acc: 0.9143
 Best site-Real                     (2)  | Epoch:40 | Val Acc: 0.9618
 Best site-Painting                 (2)  | Epoch:40 | Val Acc: 0.8720
 Best site-Sketch                   (1)  | Epoch:40 | Val Acc: 0.7843
 Best site-QuickDraw                (3)  | Epoch:40 | Val Acc: 0.6406
 Best site-Infograph                (0)  | Epoch:40 | Val Acc: 0.5000
 Test site-Clipart                   (4)| Epoch:40 | Test Acc: 0.9240
 Test site-Real                      (2)| Epoch:40 | Test Acc: 0.9482
 Test site-Painting                  (2)| Epoch:40 | Test Acc: 0.9015
 Test site-Sketch                    (1)| Epoch:40 | Test Acc: 0.8736
 Test site-QuickDraw                 (3)| Epoch:40 | Test Acc: 0.6190
 Test site-Infograph                 (0)| Epoch:40 | Test Acc: 0.5236
Clipart: 0.9240, Real: 0.9482, Painting: 0.9015, Sketch: 0.8736, QuickDraw: 0.6190, Infograph: 0.5236, 
Average Test Accuracy(group): 0.7983, Average Test Accuracy(individual): 0.7983,
domain std=0.1644, cluster std=0.1685, individual std=0.1644, 
Average Test Accuracy: 0.7983
 Saving the local and server checkpoint to ../checkpoint/fed_domainnet_uneven_1.6_1_distinct/ablation...
============ Train epoch 41 ============
cnt=[1, 1, 1, 2, 1, ]
power_decay: 0.9, powerI: 0.5060, powerC: 0.4940
 Site-Clipart                   (4) | Train Loss: 0.4172 | Train Acc: 0.9413
 Site-Real                      (3) | Train Loss: 0.2796 | Train Acc: 0.9569
 Site-Painting                  (3) | Train Loss: 0.5177 | Train Acc: 0.8740
 Site-Sketch                    (0) | Train Loss: 0.6856 | Train Acc: 0.7908
 Site-QuickDraw                 (1) | Train Loss: 1.3382 | Train Acc: 0.6250
 Site-Infograph                 (2) | Train Loss: 1.6696 | Train Acc: 0.4667
Average Train Accuracy: 0.7758
 Site-Clipart                   (4) | Val  Loss: 0.4933 | Val  Acc: 0.9238
 Site-Real                      (3) | Val  Loss: 0.2448 | Val  Acc: 0.9695
 Site-Painting                  (3) | Val  Loss: 0.5108 | Val  Acc: 0.8598
 Site-Sketch                    (0) | Val  Loss: 0.7292 | Val  Acc: 0.7549
 Site-QuickDraw                 (1) | Val  Loss: 1.4149 | Val  Acc: 0.6406
 Site-Infograph                 (2) | Val  Loss: 1.6143 | Val  Acc: 0.5000
Average Valid Accuracy: 0.7748
 Test site-Clipart                   (4)| Epoch:40 | Test Acc: 0.9240
 Test site-Real                      (3)| Epoch:40 | Test Acc: 0.9482
 Test site-Painting                  (3)| Epoch:40 | Test Acc: 0.9047
 Test site-Sketch                    (0)| Epoch:40 | Test Acc: 0.8736
 Test site-QuickDraw                 (1)| Epoch:40 | Test Acc: 0.6210
 Test site-Infograph                 (2)| Epoch:40 | Test Acc: 0.5266
Clipart: 0.9240, Real: 0.9482, Painting: 0.9047, Sketch: 0.8736, QuickDraw: 0.6210, Infograph: 0.5266, 
Average Test Accuracy(group): 0.7997, Average Test Accuracy(individual): 0.7997,
domain std=0.1635, cluster std=0.1675, individual std=0.1635, 
Average Test Accuracy: 0.7997
 Saving the local and server checkpoint to ../checkpoint/fed_domainnet_uneven_1.6_1_distinct/ablation...
============ Train epoch 42 ============
cnt=[1, 1, 1, 2, 1, ]
power_decay: 0.9, powerI: 0.5054, powerC: 0.4946
 Site-Clipart                   (1) | Train Loss: 0.4424 | Train Acc: 0.9302
 Site-Real                      (3) | Train Loss: 0.2743 | Train Acc: 0.9543
 Site-Painting                  (3) | Train Loss: 0.5158 | Train Acc: 0.8740
 Site-Sketch                    (4) | Train Loss: 0.7012 | Train Acc: 0.8235
 Site-QuickDraw                 (2) | Train Loss: 1.3965 | Train Acc: 0.5938
 Site-Infograph                 (0) | Train Loss: 1.6988 | Train Acc: 0.4333
Average Train Accuracy: 0.7682
 Site-Clipart                   (1) | Val  Loss: 0.4639 | Val  Acc: 0.9214
 Site-Real                      (3) | Val  Loss: 0.2520 | Val  Acc: 0.9656
 Site-Painting                  (3) | Val  Loss: 0.5078 | Val  Acc: 0.8841
 Site-Sketch                    (4) | Val  Loss: 0.6951 | Val  Acc: 0.7647
 Site-QuickDraw                 (2) | Val  Loss: 1.3682 | Val  Acc: 0.6719
 Site-Infograph                 (0) | Val  Loss: 1.6228 | Val  Acc: 0.5000
Average Valid Accuracy: 0.7846
 Best site-Clipart                  (1)  | Epoch:42 | Val Acc: 0.9214
 Best site-Real                     (3)  | Epoch:42 | Val Acc: 0.9656
 Best site-Painting                 (3)  | Epoch:42 | Val Acc: 0.8841
 Best site-Sketch                   (4)  | Epoch:42 | Val Acc: 0.7647
 Best site-QuickDraw                (2)  | Epoch:42 | Val Acc: 0.6719
 Best site-Infograph                (0)  | Epoch:42 | Val Acc: 0.5000
 Test site-Clipart                   (1)| Epoch:42 | Test Acc: 0.9221
 Test site-Real                      (3)| Epoch:42 | Test Acc: 0.9499
 Test site-Painting                  (3)| Epoch:42 | Test Acc: 0.9031
 Test site-Sketch                    (4)| Epoch:42 | Test Acc: 0.8755
 Test site-QuickDraw                 (2)| Epoch:42 | Test Acc: 0.6250
 Test site-Infograph                 (0)| Epoch:42 | Test Acc: 0.5266
Clipart: 0.9221, Real: 0.9499, Painting: 0.9031, Sketch: 0.8755, QuickDraw: 0.6250, Infograph: 0.5266, 
Average Test Accuracy(group): 0.8003, Average Test Accuracy(individual): 0.8003,
domain std=0.1628, cluster std=0.1666, individual std=0.1628, 
Average Test Accuracy: 0.8003
 Saving the local and server checkpoint to ../checkpoint/fed_domainnet_uneven_1.6_1_distinct/ablation...
============ Train epoch 43 ============
cnt=[1, 1, 1, 2, 1, ]
power_decay: 0.9, powerI: 0.5048, powerC: 0.4952
 Site-Clipart                   (0) | Train Loss: 0.4261 | Train Acc: 0.9333
 Site-Real                      (3) | Train Loss: 0.2629 | Train Acc: 0.9695
 Site-Painting                  (3) | Train Loss: 0.5113 | Train Acc: 0.8577
 Site-Sketch                    (4) | Train Loss: 0.5734 | Train Acc: 0.8627
 Site-QuickDraw                 (1) | Train Loss: 1.4602 | Train Acc: 0.5938
 Site-Infograph                 (2) | Train Loss: 1.6215 | Train Acc: 0.4500
Average Train Accuracy: 0.7778
 Site-Clipart                   (0) | Val  Loss: 0.4620 | Val  Acc: 0.9238
 Site-Real                      (3) | Val  Loss: 0.2356 | Val  Acc: 0.9618
 Site-Painting                  (3) | Val  Loss: 0.4939 | Val  Acc: 0.8841
 Site-Sketch                    (4) | Val  Loss: 0.6126 | Val  Acc: 0.8333
 Site-QuickDraw                 (1) | Val  Loss: 1.3353 | Val  Acc: 0.6250
 Site-Infograph                 (2) | Val  Loss: 1.6848 | Val  Acc: 0.4500
Average Valid Accuracy: 0.7797
 Test site-Clipart                   (0)| Epoch:42 | Test Acc: 0.9240
 Test site-Real                      (3)| Epoch:42 | Test Acc: 0.9482
 Test site-Painting                  (3)| Epoch:42 | Test Acc: 0.8998
 Test site-Sketch                    (4)| Epoch:42 | Test Acc: 0.8773
 Test site-QuickDraw                 (1)| Epoch:42 | Test Acc: 0.6250
 Test site-Infograph                 (2)| Epoch:42 | Test Acc: 0.5251
Clipart: 0.9240, Real: 0.9482, Painting: 0.8998, Sketch: 0.8773, QuickDraw: 0.6250, Infograph: 0.5251, 
Average Test Accuracy(group): 0.7999, Average Test Accuracy(individual): 0.7999,
domain std=0.1630, cluster std=0.1672, individual std=0.1630, 
Average Test Accuracy: 0.7999
============ Train epoch 44 ============
cnt=[2, 1, 1, 1, 1, ]
power_decay: 0.9, powerI: 0.5044, powerC: 0.4956
 Site-Clipart                   (4) | Train Loss: 0.4274 | Train Acc: 0.9286
 Site-Real                      (0) | Train Loss: 0.2454 | Train Acc: 0.9721
 Site-Painting                  (0) | Train Loss: 0.5094 | Train Acc: 0.8902
 Site-Sketch                    (3) | Train Loss: 0.6095 | Train Acc: 0.8235
 Site-QuickDraw                 (1) | Train Loss: 1.4273 | Train Acc: 0.5833
 Site-Infograph                 (2) | Train Loss: 1.6580 | Train Acc: 0.4333
Average Train Accuracy: 0.7718
 Site-Clipart                   (4) | Val  Loss: 0.4621 | Val  Acc: 0.9262
 Site-Real                      (0) | Val  Loss: 0.2313 | Val  Acc: 0.9656
 Site-Painting                  (0) | Val  Loss: 0.5011 | Val  Acc: 0.8476
 Site-Sketch                    (3) | Val  Loss: 0.6669 | Val  Acc: 0.8137
 Site-QuickDraw                 (1) | Val  Loss: 1.4021 | Val  Acc: 0.6875
 Site-Infograph                 (2) | Val  Loss: 1.6227 | Val  Acc: 0.4500
Average Valid Accuracy: 0.7818
 Test site-Clipart                   (4)| Epoch:42 | Test Acc: 0.9221
 Test site-Real                      (0)| Epoch:42 | Test Acc: 0.9482
 Test site-Painting                  (0)| Epoch:42 | Test Acc: 0.9015
 Test site-Sketch                    (3)| Epoch:42 | Test Acc: 0.8736
 Test site-QuickDraw                 (1)| Epoch:42 | Test Acc: 0.6240
 Test site-Infograph                 (2)| Epoch:42 | Test Acc: 0.5221
Clipart: 0.9221, Real: 0.9482, Painting: 0.9015, Sketch: 0.8736, QuickDraw: 0.6240, Infograph: 0.5221, 
Average Test Accuracy(group): 0.7986, Average Test Accuracy(individual): 0.7986,
domain std=0.1637, cluster std=0.1677, individual std=0.1637, 
Average Test Accuracy: 0.7986
============ Train epoch 45 ============
cnt=[2, 1, 1, 1, 1, ]
power_decay: 0.9, powerI: 0.5039, powerC: 0.4961
 Site-Clipart                   (3) | Train Loss: 0.4124 | Train Acc: 0.9349
 Site-Real                      (0) | Train Loss: 0.2444 | Train Acc: 0.9645
 Site-Painting                  (0) | Train Loss: 0.4989 | Train Acc: 0.8821
 Site-Sketch                    (4) | Train Loss: 0.6503 | Train Acc: 0.7843
 Site-QuickDraw                 (1) | Train Loss: 1.4133 | Train Acc: 0.6250
 Site-Infograph                 (2) | Train Loss: 1.6447 | Train Acc: 0.4167
Average Train Accuracy: 0.7679
 Site-Clipart                   (3) | Val  Loss: 0.4762 | Val  Acc: 0.9143
 Site-Real                      (0) | Val  Loss: 0.2409 | Val  Acc: 0.9656
 Site-Painting                  (0) | Val  Loss: 0.4807 | Val  Acc: 0.8841
 Site-Sketch                    (4) | Val  Loss: 0.6603 | Val  Acc: 0.8039
 Site-QuickDraw                 (1) | Val  Loss: 1.3280 | Val  Acc: 0.6250
 Site-Infograph                 (2) | Val  Loss: 1.6443 | Val  Acc: 0.4250
Average Valid Accuracy: 0.7697
 Test site-Clipart                   (3)| Epoch:42 | Test Acc: 0.9221
 Test site-Real                      (0)| Epoch:42 | Test Acc: 0.9482
 Test site-Painting                  (0)| Epoch:42 | Test Acc: 0.8998
 Test site-Sketch                    (4)| Epoch:42 | Test Acc: 0.8736
 Test site-QuickDraw                 (1)| Epoch:42 | Test Acc: 0.6280
 Test site-Infograph                 (2)| Epoch:42 | Test Acc: 0.5236
Clipart: 0.9221, Real: 0.9482, Painting: 0.8998, Sketch: 0.8736, QuickDraw: 0.6280, Infograph: 0.5236, 
Average Test Accuracy(group): 0.7992, Average Test Accuracy(individual): 0.7992,
domain std=0.1624, cluster std=0.1664, individual std=0.1624, 
Average Test Accuracy: 0.7992
============ Train epoch 46 ============
cnt=[1, 1, 1, 2, 1, ]
power_decay: 0.9, powerI: 0.5035, powerC: 0.4965
 Site-Clipart                   (1) | Train Loss: 0.3995 | Train Acc: 0.9302
 Site-Real                      (3) | Train Loss: 0.2714 | Train Acc: 0.9695
 Site-Painting                  (3) | Train Loss: 0.5231 | Train Acc: 0.8659
 Site-Sketch                    (4) | Train Loss: 0.6508 | Train Acc: 0.8039
 Site-QuickDraw                 (2) | Train Loss: 1.4229 | Train Acc: 0.6250
 Site-Infograph                 (0) | Train Loss: 1.6054 | Train Acc: 0.4500
Average Train Accuracy: 0.7741
 Site-Clipart                   (1) | Val  Loss: 0.4719 | Val  Acc: 0.9167
 Site-Real                      (3) | Val  Loss: 0.2307 | Val  Acc: 0.9733
 Site-Painting                  (3) | Val  Loss: 0.4523 | Val  Acc: 0.8720
 Site-Sketch                    (4) | Val  Loss: 0.6680 | Val  Acc: 0.7941
 Site-QuickDraw                 (2) | Val  Loss: 1.3284 | Val  Acc: 0.6719
 Site-Infograph                 (0) | Val  Loss: 1.5042 | Val  Acc: 0.5250
Average Valid Accuracy: 0.7921
 Best site-Clipart                  (1)  | Epoch:46 | Val Acc: 0.9167
 Best site-Real                     (3)  | Epoch:46 | Val Acc: 0.9733
 Best site-Painting                 (3)  | Epoch:46 | Val Acc: 0.8720
 Best site-Sketch                   (4)  | Epoch:46 | Val Acc: 0.7941
 Best site-QuickDraw                (2)  | Epoch:46 | Val Acc: 0.6719
 Best site-Infograph                (0)  | Epoch:46 | Val Acc: 0.5250
 Test site-Clipart                   (1)| Epoch:46 | Test Acc: 0.9221
 Test site-Real                      (3)| Epoch:46 | Test Acc: 0.9482
 Test site-Painting                  (3)| Epoch:46 | Test Acc: 0.8998
 Test site-Sketch                    (4)| Epoch:46 | Test Acc: 0.8718
 Test site-QuickDraw                 (2)| Epoch:46 | Test Acc: 0.6320
 Test site-Infograph                 (0)| Epoch:46 | Test Acc: 0.5221
Clipart: 0.9221, Real: 0.9482, Painting: 0.8998, Sketch: 0.8718, QuickDraw: 0.6320, Infograph: 0.5221, 
Average Test Accuracy(group): 0.7993, Average Test Accuracy(individual): 0.7993,
domain std=0.1620, cluster std=0.1659, individual std=0.1620, 
Average Test Accuracy: 0.7993
============ Train epoch 47 ============
cnt=[2, 1, 1, 1, 1, ]
power_decay: 0.9, powerI: 0.5032, powerC: 0.4968
 Site-Clipart                   (3) | Train Loss: 0.4056 | Train Acc: 0.9460
 Site-Real                      (0) | Train Loss: 0.2692 | Train Acc: 0.9569
 Site-Painting                  (0) | Train Loss: 0.5026 | Train Acc: 0.8537
 Site-Sketch                    (4) | Train Loss: 0.6158 | Train Acc: 0.8301
 Site-QuickDraw                 (1) | Train Loss: 1.3691 | Train Acc: 0.5729
 Site-Infograph                 (2) | Train Loss: 1.6560 | Train Acc: 0.4833
Average Train Accuracy: 0.7738
 Site-Clipart                   (3) | Val  Loss: 0.4723 | Val  Acc: 0.9238
 Site-Real                      (0) | Val  Loss: 0.2492 | Val  Acc: 0.9695
 Site-Painting                  (0) | Val  Loss: 0.4631 | Val  Acc: 0.8780
 Site-Sketch                    (4) | Val  Loss: 0.6701 | Val  Acc: 0.8235
 Site-QuickDraw                 (1) | Val  Loss: 1.3245 | Val  Acc: 0.6719
 Site-Infograph                 (2) | Val  Loss: 1.6450 | Val  Acc: 0.5000
Average Valid Accuracy: 0.7945
 Best site-Clipart                  (3)  | Epoch:47 | Val Acc: 0.9238
 Best site-Real                     (0)  | Epoch:47 | Val Acc: 0.9695
 Best site-Painting                 (0)  | Epoch:47 | Val Acc: 0.8780
 Best site-Sketch                   (4)  | Epoch:47 | Val Acc: 0.8235
 Best site-QuickDraw                (1)  | Epoch:47 | Val Acc: 0.6719
 Best site-Infograph                (2)  | Epoch:47 | Val Acc: 0.5000
 Test site-Clipart                   (3)| Epoch:47 | Test Acc: 0.9221
 Test site-Real                      (0)| Epoch:47 | Test Acc: 0.9482
 Test site-Painting                  (0)| Epoch:47 | Test Acc: 0.8998
 Test site-Sketch                    (4)| Epoch:47 | Test Acc: 0.8700
 Test site-QuickDraw                 (1)| Epoch:47 | Test Acc: 0.6300
 Test site-Infograph                 (2)| Epoch:47 | Test Acc: 0.5221
Clipart: 0.9221, Real: 0.9482, Painting: 0.8998, Sketch: 0.8700, QuickDraw: 0.6300, Infograph: 0.5221, 
Average Test Accuracy(group): 0.7987, Average Test Accuracy(individual): 0.7987,
domain std=0.1622, cluster std=0.1660, individual std=0.1622, 
Average Test Accuracy: 0.7987
============ Train epoch 48 ============
cnt=[1, 1, 1, 2, 1, ]
power_decay: 0.9, powerI: 0.5029, powerC: 0.4971
 Site-Clipart                   (1) | Train Loss: 0.4055 | Train Acc: 0.9413
 Site-Real                      (3) | Train Loss: 0.2612 | Train Acc: 0.9594
 Site-Painting                  (3) | Train Loss: 0.4862 | Train Acc: 0.8740
 Site-Sketch                    (4) | Train Loss: 0.6325 | Train Acc: 0.8170
 Site-QuickDraw                 (2) | Train Loss: 1.3115 | Train Acc: 0.6458
 Site-Infograph                 (0) | Train Loss: 1.6760 | Train Acc: 0.3667
Average Train Accuracy: 0.7674
 Site-Clipart                   (1) | Val  Loss: 0.4351 | Val  Acc: 0.9333
 Site-Real                      (3) | Val  Loss: 0.2275 | Val  Acc: 0.9695
 Site-Painting                  (3) | Val  Loss: 0.4857 | Val  Acc: 0.8659
 Site-Sketch                    (4) | Val  Loss: 0.7147 | Val  Acc: 0.7843
 Site-QuickDraw                 (2) | Val  Loss: 1.3136 | Val  Acc: 0.6875
 Site-Infograph                 (0) | Val  Loss: 1.6655 | Val  Acc: 0.4500
Average Valid Accuracy: 0.7817
 Test site-Clipart                   (1)| Epoch:47 | Test Acc: 0.9221
 Test site-Real                      (3)| Epoch:47 | Test Acc: 0.9482
 Test site-Painting                  (3)| Epoch:47 | Test Acc: 0.9015
 Test site-Sketch                    (4)| Epoch:47 | Test Acc: 0.8755
 Test site-QuickDraw                 (2)| Epoch:47 | Test Acc: 0.6240
 Test site-Infograph                 (0)| Epoch:47 | Test Acc: 0.5236
Clipart: 0.9221, Real: 0.9482, Painting: 0.9015, Sketch: 0.8755, QuickDraw: 0.6240, Infograph: 0.5236, 
Average Test Accuracy(group): 0.7991, Average Test Accuracy(individual): 0.7991,
domain std=0.1634, cluster std=0.1674, individual std=0.1634, 
Average Test Accuracy: 0.7991
============ Train epoch 49 ============
cnt=[2, 1, 1, 1, 1, ]
power_decay: 0.9, powerI: 0.5026, powerC: 0.4974
 Site-Clipart                   (3) | Train Loss: 0.3947 | Train Acc: 0.9365
 Site-Real                      (0) | Train Loss: 0.2589 | Train Acc: 0.9670
 Site-Painting                  (0) | Train Loss: 0.4768 | Train Acc: 0.8780
 Site-Sketch                    (4) | Train Loss: 0.6307 | Train Acc: 0.7843
 Site-QuickDraw                 (1) | Train Loss: 1.3754 | Train Acc: 0.6146
 Site-Infograph                 (2) | Train Loss: 1.5812 | Train Acc: 0.5000
Average Train Accuracy: 0.7801
 Site-Clipart                   (3) | Val  Loss: 0.4595 | Val  Acc: 0.9000
 Site-Real                      (0) | Val  Loss: 0.2266 | Val  Acc: 0.9618
 Site-Painting                  (0) | Val  Loss: 0.4608 | Val  Acc: 0.8902
 Site-Sketch                    (4) | Val  Loss: 0.6887 | Val  Acc: 0.8235
 Site-QuickDraw                 (1) | Val  Loss: 1.2993 | Val  Acc: 0.6562
 Site-Infograph                 (2) | Val  Loss: 1.6532 | Val  Acc: 0.4750
Average Valid Accuracy: 0.7845
 Test site-Clipart                   (3)| Epoch:47 | Test Acc: 0.9240
 Test site-Real                      (0)| Epoch:47 | Test Acc: 0.9482
 Test site-Painting                  (0)| Epoch:47 | Test Acc: 0.8998
 Test site-Sketch                    (4)| Epoch:47 | Test Acc: 0.8755
 Test site-QuickDraw                 (1)| Epoch:47 | Test Acc: 0.6310
 Test site-Infograph                 (2)| Epoch:47 | Test Acc: 0.5221
Clipart: 0.9240, Real: 0.9482, Painting: 0.8998, Sketch: 0.8755, QuickDraw: 0.6310, Infograph: 0.5221, 
Average Test Accuracy(group): 0.8001, Average Test Accuracy(individual): 0.8001,
domain std=0.1627, cluster std=0.1669, individual std=0.1627, 
Average Test Accuracy: 0.8001
===2023-07-02 01:48:24===
===2023-07-02 01:48:27===
===Setting===
    dataset: domainnet
    lr: 0.01
    batch: 64
    iters: 10
    wk_iters: 1
    si: False
    domain_num: 6
    quantile: 0
    power_cs: 1
    std_rw: False
    gender_label: False
    binary_race: False
    save_iter: -1
    mix5: False
    power_relu: 1
    Ea_val: False
data_number=[630,394,246,153,96,60,
client_nums=[1,1,1,1,1,1,]
len_dataset=[2103,1314,821,513,320,200,]
domain number = 6
Loading snapshots...
 Test site-Clipart                   | Epoch:42 | Test Acc: 0.9221
 Test site-Real                      | Epoch:42 | Test Acc: 0.9499
 Test site-Painting                  | Epoch:42 | Test Acc: 0.9031
 Test site-Sketch                    | Epoch:42 | Test Acc: 0.8755
 Test site-QuickDraw                 | Epoch:42 | Test Acc: 0.6250
 Test site-Infograph                 | Epoch:42 | Test Acc: 0.5266
Clipart: 0.9221, Real: 0.9499, Painting: 0.9031, Sketch: 0.8755, QuickDraw: 0.6250, Infograph: 0.5266, 
Average Test Accuracy(group): 0.8003, Average Test Accuracy(individual): 0.8003,
domain std=0.1628, cluster std=-1.0000, individual std=0.1628, 
