===2023-08-14 11:47:14===
===Setting===
    dataset: domainnet
    lr: 0.01
    batch: 32
    iters: 10
    wk_iters: 1
    si: False
    domain_num: 6
    quantile: 0
    power_cs: 1
    std_rw: False
    gender_label: False
    binary_race: False
    save_iter: -1
    mix5: False
    power_relu: 1
    Ea_val: False
data_number=[63,189,63,189,63,189,63,189,63,189,63,189,
client_nums=[2,2,2,2,2,2,]
len_dataset=[2103,2103,2103,2103,2103,2103,]
domain number = 6
Loading snapshots...
 Test site-Clipart-0                 (4)| Epoch:44 | Test Acc: 0.9389
 Test site-Clipart-1                 (4)| Epoch:44 | Test Acc: 0.9239
 Test site-Real-0                    (0)| Epoch:44 | Test Acc: 0.9539
 Test site-Real-1                    (0)| Epoch:44 | Test Acc: 0.9561
 Test site-Painting-0                (5)| Epoch:44 | Test Acc: 0.9286
 Test site-Painting-1                (5)| Epoch:44 | Test Acc: 0.9203
 Test site-Sketch-0                  (3)| Epoch:44 | Test Acc: 0.8841
 Test site-Sketch-1                  (3)| Epoch:44 | Test Acc: 0.9012
 Test site-QuickDraw-0               (1)| Epoch:44 | Test Acc: 0.6960
 Test site-QuickDraw-1               (1)| Epoch:44 | Test Acc: 0.7427
 Test site-Infograph-0               (2)| Epoch:44 | Test Acc: 0.5793
 Test site-Infograph-1               (2)| Epoch:44 | Test Acc: 0.5467
Clipart-0: 0.9389, Clipart-1: 0.9239, Real-0: 0.9539, Real-1: 0.9561, Painting-0: 0.9286, Painting-1: 0.9203, Sketch-0: 0.8841, Sketch-1: 0.9012, QuickDraw-0: 0.6960, QuickDraw-1: 0.7427, Infograph-0: 0.5793, Infograph-1: 0.5467, 
Average Test Accuracy(group): 0.8310, Average Test Accuracy(individual): 0.8310,
domain std=0.1433, cluster std=0.1428, individual std=0.1433, 
