===2023-08-17 02:10:58===
===Setting===
    dataset: pacs
    lr: 0.01
    batch: 32
    iters: 50
    wk_iters: 1
    domain_num: 2
data_number=[150,450,150,450,150,450,150,450,
client_nums=[2,2,2,2,]
len_dataset=[1000,1000,1000,1000,]
domain number = 2
============ Train epoch 0 ============
===2023-08-17 02:11:21===
===Setting===
    dataset: pacs
    lr: 0.01
    batch: 32
    iters: 50
    wk_iters: 1
    domain_num: 2
data_number=[150,450,150,450,150,450,150,450,
client_nums=[2,2,2,2,]
len_dataset=[1000,1000,1000,1000,]
domain number = 2
Loading snapshots...
===2023-08-17 02:12:32===
===Setting===
    dataset: pacs
    lr: 0.01
    batch: 32
    iters: 50
    wk_iters: 1
    domain_num: 2
data_number=[150,450,150,450,150,450,150,450,
client_nums=[2,2,2,2,]
len_dataset=[1000,1000,1000,1000,]
domain number = 2
Loading snapshots...
 Test site-photo-0                   (0)| Epoch:39 | Test Acc: 1.0000
 Test site-photo-1                   (0)| Epoch:39 | Test Acc: 0.9880
 Test site-art_painting-0            (0)| Epoch:39 | Test Acc: 0.9171
 Test site-art_painting-1            (0)| Epoch:39 | Test Acc: 0.9122
 Test site-cartoon-0                 (0)| Epoch:39 | Test Acc: 0.8766
 Test site-cartoon-1                 (0)| Epoch:39 | Test Acc: 0.8936
 Test site-sketch-0                  (1)| Epoch:39 | Test Acc: 0.8626
 Test site-sketch-1                  (1)| Epoch:39 | Test Acc: 0.8627
photo-0: 1.0000, photo-1: 0.9880, art_painting-0: 0.9171, art_painting-1: 0.9122, cartoon-0: 0.8766, cartoon-1: 0.8936, sketch-0: 0.8626, sketch-1: 0.8627, 
Average Test Accuracy(group): 0.9141, Average Test Accuracy(individual): 0.9141,
domain std=0.0500, cluster std=0.0343, individual std=0.0500, 
