===2023-07-03 10:05:56===
===Setting===
    dataset: domainnet
    lr: 0.01
    batch: 64
    iters: 50
    wk_iters: 1
    si: False
    domain_num: 6
    quantile: 0
    power_cs: 1
    std_rw: False
    gender_label: False
    binary_race: False
    save_iter: -1
    mix5: False
    power_relu: 1
    Ea_val: False
data_number=[630,450,321,229,163,117,
client_nums=[1,1,1,1,1,1,]
len_dataset=[2103,1502,1072,765,546,390,]
domain number = 6
multiply 100 for Ea!
use train loss for Ea
============ Train epoch 0 ============
===2023-07-03 10:06:32===
===Setting===
    dataset: domainnet
    lr: 0.01
    batch: 64
    iters: 10
    wk_iters: 1
    si: False
    domain_num: 6
    quantile: 0
    power_cs: 1
    std_rw: False
    gender_label: False
    binary_race: False
    save_iter: -1
    mix5: False
    power_relu: 1
    Ea_val: False
data_number=[630,450,321,229,163,117,
client_nums=[1,1,1,1,1,1,]
len_dataset=[2103,1502,1072,765,546,390,]
domain number = 6
Loading snapshots...
===2023-07-03 11:14:02===
===Setting===
    dataset: domainnet
    lr: 0.01
    batch: 64
    iters: 50
    wk_iters: 1
    si: False
    domain_num: 6
    quantile: 0
    power_cs: 1
    std_rw: False
    gender_label: False
    binary_race: False
    save_iter: -1
    mix5: False
    power_relu: 1
    Ea_val: False
data_number=[630,450,321,229,163,117,
client_nums=[1,1,1,1,1,1,]
len_dataset=[2103,1502,1072,765,546,390,]
domain number = 6
multiply 100 for Ea!
use train loss for Ea
============ Train epoch 0 ============
===2023-07-03 11:14:39===
===Setting===
    dataset: domainnet
    lr: 0.01
    batch: 64
    iters: 10
    wk_iters: 1
    si: False
    domain_num: 6
    quantile: 0
    power_cs: 1
    std_rw: False
    gender_label: False
    binary_race: False
    save_iter: -1
    mix5: False
    power_relu: 1
    Ea_val: False
data_number=[630,450,321,229,163,117,
client_nums=[1,1,1,1,1,1,]
len_dataset=[2103,1502,1072,765,546,390,]
domain number = 6
Loading snapshots...
===2023-07-03 11:15:39===
===Setting===
    dataset: domainnet
    lr: 0.01
    batch: 32
    iters: 50
    wk_iters: 1
    si: False
    domain_num: 6
    quantile: 0
    power_cs: 1
    std_rw: False
    gender_label: False
    binary_race: False
    save_iter: -1
    mix5: False
    power_relu: 1
    Ea_val: False
data_number=[630,450,321,229,163,117,
client_nums=[1,1,1,1,1,1,]
len_dataset=[2103,1502,1072,765,546,390,]
domain number = 6
multiply 100 for Ea!
use train loss for Ea
============ Train epoch 0 ============
cnt=[1, 1, 2, 1, 1, ]
cnt=[1, 1, 2, 1, 1, ]
power_decay: 0.9, powerI: 0.9500, powerC: 0.0500
 Site-Clipart                   (4) | Train Loss: 1.7420 | Train Acc: 0.5952
 Site-Real                      (2) | Train Loss: 1.5882 | Train Acc: 0.8022
 Site-Painting                  (2) | Train Loss: 1.7176 | Train Acc: 0.5981
 Site-Sketch                    (3) | Train Loss: 1.7306 | Train Acc: 0.6114
 Site-QuickDraw                 (1) | Train Loss: 2.2291 | Train Acc: 0.1656
 Site-Infograph                 (0) | Train Loss: 2.1892 | Train Acc: 0.2991
Average Train Accuracy: 0.5120
 Site-Clipart                   (4) | Val  Loss: 1.7344 | Val  Acc: 0.5929
 Site-Real                      (2) | Val  Loss: 1.6242 | Val  Acc: 0.7367
 Site-Painting                  (2) | Val  Loss: 1.7602 | Val  Acc: 0.5654
 Site-Sketch                    (3) | Val  Loss: 1.7932 | Val  Acc: 0.5359
 Site-QuickDraw                 (1) | Val  Loss: 2.2233 | Val  Acc: 0.1468
 Site-Infograph                 (0) | Val  Loss: 2.1084 | Val  Acc: 0.3462
Average Valid Accuracy: 0.4873
 Best site-Clipart                  (4)  | Epoch:0 | Val Acc: 0.5929
 Best site-Real                     (2)  | Epoch:0 | Val Acc: 0.7367
 Best site-Painting                 (2)  | Epoch:0 | Val Acc: 0.5654
 Best site-Sketch                   (3)  | Epoch:0 | Val Acc: 0.5359
 Best site-QuickDraw                (1)  | Epoch:0 | Val Acc: 0.1468
 Best site-Infograph                (0)  | Epoch:0 | Val Acc: 0.3462
 Saving the gmap checkpoint to ../checkpoint/fed_domainnet_uneven_1.4_1_clscon_distinct/ccop_q=1_gmap...
 Saving the local and server checkpoint to ../checkpoint/fed_domainnet_uneven_1.4_1_clscon_distinct/ccop_q=1...
============ Train epoch 1 ============
cnt=[1, 1, 2, 1, 1, ]
cnt=[2, 1, 1, 1, 1, ]
power_decay: 0.9, powerI: 0.9050, powerC: 0.0950
 Site-Clipart                   (3) | Train Loss: 1.1909 | Train Acc: 0.7635
 Site-Real                      (2) | Train Loss: 0.9476 | Train Acc: 0.8978
 Site-Painting                  (2) | Train Loss: 1.1751 | Train Acc: 0.7788
 Site-Sketch                    (4) | Train Loss: 1.1661 | Train Acc: 0.7293
 Site-QuickDraw                 (0) | Train Loss: 2.2548 | Train Acc: 0.2270
 Site-Infograph                 (1) | Train Loss: 2.0047 | Train Acc: 0.3504
Average Train Accuracy: 0.6245
 Site-Clipart                   (3) | Val  Loss: 1.2010 | Val  Acc: 0.7429
 Site-Real                      (2) | Val  Loss: 0.9355 | Val  Acc: 0.8900
 Site-Painting                  (2) | Val  Loss: 1.1746 | Val  Acc: 0.7523
 Site-Sketch                    (4) | Val  Loss: 1.2729 | Val  Acc: 0.6797
 Site-QuickDraw                 (0) | Val  Loss: 2.1623 | Val  Acc: 0.2385
 Site-Infograph                 (1) | Val  Loss: 1.8490 | Val  Acc: 0.4359
Average Valid Accuracy: 0.6232
 Best site-Clipart                  (3)  | Epoch:1 | Val Acc: 0.7429
 Best site-Real                     (2)  | Epoch:1 | Val Acc: 0.8900
 Best site-Painting                 (2)  | Epoch:1 | Val Acc: 0.7523
 Best site-Sketch                   (4)  | Epoch:1 | Val Acc: 0.6797
 Best site-QuickDraw                (0)  | Epoch:1 | Val Acc: 0.2385
 Best site-Infograph                (1)  | Epoch:1 | Val Acc: 0.4359
 Saving the gmap checkpoint to ../checkpoint/fed_domainnet_uneven_1.4_1_clscon_distinct/ccop_q=1_gmap...
 Saving the local and server checkpoint to ../checkpoint/fed_domainnet_uneven_1.4_1_clscon_distinct/ccop_q=1...
============ Train epoch 2 ============
cnt=[1, 1, 2, 1, 1, ]
cnt=[1, 1, 2, 1, 1, ]
power_decay: 0.9, powerI: 0.8645, powerC: 0.1355
 Site-Clipart                   (1) | Train Loss: 0.9295 | Train Acc: 0.8254
 Site-Real                      (2) | Train Loss: 0.6725 | Train Acc: 0.9200
 Site-Painting                  (2) | Train Loss: 0.8262 | Train Acc: 0.8349
 Site-Sketch                    (4) | Train Loss: 0.9714 | Train Acc: 0.7729
 Site-QuickDraw                 (3) | Train Loss: 2.1224 | Train Acc: 0.2209
 Site-Infograph                 (0) | Train Loss: 1.8594 | Train Acc: 0.3761
Average Train Accuracy: 0.6584
 Site-Clipart                   (1) | Val  Loss: 0.9321 | Val  Acc: 0.8238
 Site-Real                      (2) | Val  Loss: 0.6990 | Val  Acc: 0.9267
 Site-Painting                  (2) | Val  Loss: 0.9166 | Val  Acc: 0.8224
 Site-Sketch                    (4) | Val  Loss: 1.0147 | Val  Acc: 0.7255
 Site-QuickDraw                 (3) | Val  Loss: 2.1597 | Val  Acc: 0.2110
 Site-Infograph                 (0) | Val  Loss: 1.6146 | Val  Acc: 0.5128
Average Valid Accuracy: 0.6704
 Best site-Clipart                  (1)  | Epoch:2 | Val Acc: 0.8238
 Best site-Real                     (2)  | Epoch:2 | Val Acc: 0.9267
 Best site-Painting                 (2)  | Epoch:2 | Val Acc: 0.8224
 Best site-Sketch                   (4)  | Epoch:2 | Val Acc: 0.7255
 Best site-QuickDraw                (3)  | Epoch:2 | Val Acc: 0.2110
 Best site-Infograph                (0)  | Epoch:2 | Val Acc: 0.5128
 Saving the gmap checkpoint to ../checkpoint/fed_domainnet_uneven_1.4_1_clscon_distinct/ccop_q=1_gmap...
 Saving the local and server checkpoint to ../checkpoint/fed_domainnet_uneven_1.4_1_clscon_distinct/ccop_q=1...
============ Train epoch 3 ============
cnt=[1, 1, 1, 2, 1, ]
cnt=[2, 1, 1, 1, 1, ]
power_decay: 0.9, powerI: 0.8280, powerC: 0.1720
 Site-Clipart                   (3) | Train Loss: 0.7938 | Train Acc: 0.8381
 Site-Real                      (1) | Train Loss: 0.5621 | Train Acc: 0.9400
 Site-Painting                  (4) | Train Loss: 0.8918 | Train Acc: 0.8318
 Site-Sketch                    (3) | Train Loss: 0.9215 | Train Acc: 0.7511
 Site-QuickDraw                 (2) | Train Loss: 1.8343 | Train Acc: 0.3067
 Site-Infograph                 (0) | Train Loss: 1.7054 | Train Acc: 0.4444
Average Train Accuracy: 0.6854
 Site-Clipart                   (3) | Val  Loss: 0.7912 | Val  Acc: 0.8095
 Site-Real                      (1) | Val  Loss: 0.5340 | Val  Acc: 0.9500
 Site-Painting                  (4) | Val  Loss: 0.8025 | Val  Acc: 0.8458
 Site-Sketch                    (3) | Val  Loss: 0.9447 | Val  Acc: 0.6993
 Site-QuickDraw                 (2) | Val  Loss: 2.0340 | Val  Acc: 0.2385
 Site-Infograph                 (0) | Val  Loss: 1.5571 | Val  Acc: 0.5128
Average Valid Accuracy: 0.6760
 Best site-Clipart                  (3)  | Epoch:3 | Val Acc: 0.8095
 Best site-Real                     (1)  | Epoch:3 | Val Acc: 0.9500
 Best site-Painting                 (4)  | Epoch:3 | Val Acc: 0.8458
 Best site-Sketch                   (3)  | Epoch:3 | Val Acc: 0.6993
 Best site-QuickDraw                (2)  | Epoch:3 | Val Acc: 0.2385
 Best site-Infograph                (0)  | Epoch:3 | Val Acc: 0.5128
 Saving the gmap checkpoint to ../checkpoint/fed_domainnet_uneven_1.4_1_clscon_distinct/ccop_q=1_gmap...
 Saving the local and server checkpoint to ../checkpoint/fed_domainnet_uneven_1.4_1_clscon_distinct/ccop_q=1...
============ Train epoch 4 ============
cnt=[1, 2, 1, 1, 1, ]
cnt=[1, 1, 1, 2, 1, ]
power_decay: 0.9, powerI: 0.7952, powerC: 0.2048
 Site-Clipart                   (0) | Train Loss: 0.6893 | Train Acc: 0.8524
 Site-Real                      (1) | Train Loss: 0.4561 | Train Acc: 0.9378
 Site-Painting                  (1) | Train Loss: 0.6588 | Train Acc: 0.8442
 Site-Sketch                    (3) | Train Loss: 0.6872 | Train Acc: 0.8297
 Site-QuickDraw                 (2) | Train Loss: 1.7653 | Train Acc: 0.4724
 Site-Infograph                 (4) | Train Loss: 1.6460 | Train Acc: 0.4701
Average Train Accuracy: 0.7344
 Site-Clipart                   (0) | Val  Loss: 0.7123 | Val  Acc: 0.8238
 Site-Real                      (1) | Val  Loss: 0.4878 | Val  Acc: 0.9367
 Site-Painting                  (1) | Val  Loss: 0.6856 | Val  Acc: 0.8738
 Site-Sketch                    (3) | Val  Loss: 0.8643 | Val  Acc: 0.7647
 Site-QuickDraw                 (2) | Val  Loss: 1.8293 | Val  Acc: 0.3394
 Site-Infograph                 (4) | Val  Loss: 1.4940 | Val  Acc: 0.5256
Average Valid Accuracy: 0.7107
 Best site-Clipart                  (0)  | Epoch:4 | Val Acc: 0.8238
 Best site-Real                     (1)  | Epoch:4 | Val Acc: 0.9367
 Best site-Painting                 (1)  | Epoch:4 | Val Acc: 0.8738
 Best site-Sketch                   (3)  | Epoch:4 | Val Acc: 0.7647
 Best site-QuickDraw                (2)  | Epoch:4 | Val Acc: 0.3394
 Best site-Infograph                (4)  | Epoch:4 | Val Acc: 0.5256
 Saving the gmap checkpoint to ../checkpoint/fed_domainnet_uneven_1.4_1_clscon_distinct/ccop_q=1_gmap...
 Saving the local and server checkpoint to ../checkpoint/fed_domainnet_uneven_1.4_1_clscon_distinct/ccop_q=1...
============ Train epoch 5 ============
cnt=[1, 2, 1, 1, 1, ]
cnt=[1, 1, 1, 2, 1, ]
power_decay: 0.9, powerI: 0.7657, powerC: 0.2343
 Site-Clipart                   (0) | Train Loss: 0.6547 | Train Acc: 0.8651
 Site-Real                      (1) | Train Loss: 0.4598 | Train Acc: 0.9422
 Site-Painting                  (1) | Train Loss: 0.5839 | Train Acc: 0.8598
 Site-Sketch                    (4) | Train Loss: 0.7957 | Train Acc: 0.8297
 Site-QuickDraw                 (3) | Train Loss: 1.6596 | Train Acc: 0.5153
 Site-Infograph                 (2) | Train Loss: 1.6606 | Train Acc: 0.4017
Average Train Accuracy: 0.7356
 Site-Clipart                   (0) | Val  Loss: 0.6718 | Val  Acc: 0.8286
 Site-Real                      (1) | Val  Loss: 0.4357 | Val  Acc: 0.9367
 Site-Painting                  (1) | Val  Loss: 0.6314 | Val  Acc: 0.8738
 Site-Sketch                    (4) | Val  Loss: 0.7330 | Val  Acc: 0.7974
 Site-QuickDraw                 (3) | Val  Loss: 1.7773 | Val  Acc: 0.4220
 Site-Infograph                 (2) | Val  Loss: 1.4631 | Val  Acc: 0.5513
Average Valid Accuracy: 0.7350
 Best site-Clipart                  (0)  | Epoch:5 | Val Acc: 0.8286
 Best site-Real                     (1)  | Epoch:5 | Val Acc: 0.9367
 Best site-Painting                 (1)  | Epoch:5 | Val Acc: 0.8738
 Best site-Sketch                   (4)  | Epoch:5 | Val Acc: 0.7974
 Best site-QuickDraw                (3)  | Epoch:5 | Val Acc: 0.4220
 Best site-Infograph                (2)  | Epoch:5 | Val Acc: 0.5513
 Saving the gmap checkpoint to ../checkpoint/fed_domainnet_uneven_1.4_1_clscon_distinct/ccop_q=1_gmap...
 Saving the local and server checkpoint to ../checkpoint/fed_domainnet_uneven_1.4_1_clscon_distinct/ccop_q=1...
============ Train epoch 6 ============
cnt=[1, 2, 1, 1, 1, ]
cnt=[1, 1, 1, 2, 1, ]
power_decay: 0.9, powerI: 0.7391, powerC: 0.2609
 Site-Clipart                   (3) | Train Loss: 0.5862 | Train Acc: 0.8683
 Site-Real                      (4) | Train Loss: 0.3697 | Train Acc: 0.9378
 Site-Painting                  (1) | Train Loss: 0.5638 | Train Acc: 0.8660
 Site-Sketch                    (2) | Train Loss: 0.5555 | Train Acc: 0.8734
 Site-QuickDraw                 (0) | Train Loss: 1.5304 | Train Acc: 0.5460
 Site-Infograph                 (1) | Train Loss: 1.5692 | Train Acc: 0.4786
Average Train Accuracy: 0.7617
 Site-Clipart                   (3) | Val  Loss: 0.6143 | Val  Acc: 0.8500
 Site-Real                      (4) | Val  Loss: 0.3885 | Val  Acc: 0.9467
 Site-Painting                  (1) | Val  Loss: 0.5820 | Val  Acc: 0.8879
 Site-Sketch                    (2) | Val  Loss: 0.8020 | Val  Acc: 0.7516
 Site-QuickDraw                 (0) | Val  Loss: 1.6382 | Val  Acc: 0.4954
 Site-Infograph                 (1) | Val  Loss: 1.4560 | Val  Acc: 0.5128
Average Valid Accuracy: 0.7407
 Best site-Clipart                  (3)  | Epoch:6 | Val Acc: 0.8500
 Best site-Real                     (4)  | Epoch:6 | Val Acc: 0.9467
 Best site-Painting                 (1)  | Epoch:6 | Val Acc: 0.8879
 Best site-Sketch                   (2)  | Epoch:6 | Val Acc: 0.7516
 Best site-QuickDraw                (0)  | Epoch:6 | Val Acc: 0.4954
 Best site-Infograph                (1)  | Epoch:6 | Val Acc: 0.5128
 Saving the gmap checkpoint to ../checkpoint/fed_domainnet_uneven_1.4_1_clscon_distinct/ccop_q=1_gmap...
 Saving the local and server checkpoint to ../checkpoint/fed_domainnet_uneven_1.4_1_clscon_distinct/ccop_q=1...
============ Train epoch 7 ============
cnt=[1, 2, 1, 1, 1, ]
cnt=[2, 1, 1, 1, 1, ]
power_decay: 0.9, powerI: 0.7152, powerC: 0.2848
 Site-Clipart                   (1) | Train Loss: 0.5295 | Train Acc: 0.8905
 Site-Real                      (0) | Train Loss: 0.3627 | Train Acc: 0.9489
 Site-Painting                  (3) | Train Loss: 0.7089 | Train Acc: 0.8692
 Site-Sketch                    (1) | Train Loss: 0.6126 | Train Acc: 0.8384
 Site-QuickDraw                 (2) | Train Loss: 1.3643 | Train Acc: 0.5828
 Site-Infograph                 (4) | Train Loss: 1.5758 | Train Acc: 0.4701
Average Train Accuracy: 0.7666
 Site-Clipart                   (1) | Val  Loss: 0.5443 | Val  Acc: 0.8595
 Site-Real                      (0) | Val  Loss: 0.3536 | Val  Acc: 0.9500
 Site-Painting                  (3) | Val  Loss: 0.5527 | Val  Acc: 0.8879
 Site-Sketch                    (1) | Val  Loss: 0.7623 | Val  Acc: 0.7843
 Site-QuickDraw                 (2) | Val  Loss: 1.5853 | Val  Acc: 0.5321
 Site-Infograph                 (4) | Val  Loss: 1.4559 | Val  Acc: 0.5128
Average Valid Accuracy: 0.7544
 Best site-Clipart                  (1)  | Epoch:7 | Val Acc: 0.8595
 Best site-Real                     (0)  | Epoch:7 | Val Acc: 0.9500
 Best site-Painting                 (3)  | Epoch:7 | Val Acc: 0.8879
 Best site-Sketch                   (1)  | Epoch:7 | Val Acc: 0.7843
 Best site-QuickDraw                (2)  | Epoch:7 | Val Acc: 0.5321
 Best site-Infograph                (4)  | Epoch:7 | Val Acc: 0.5128
 Saving the gmap checkpoint to ../checkpoint/fed_domainnet_uneven_1.4_1_clscon_distinct/ccop_q=1_gmap...
 Saving the local and server checkpoint to ../checkpoint/fed_domainnet_uneven_1.4_1_clscon_distinct/ccop_q=1...
============ Train epoch 8 ============
cnt=[1, 2, 1, 1, 1, ]
cnt=[1, 2, 1, 1, 1, ]
power_decay: 0.9, powerI: 0.6937, powerC: 0.3063
 Site-Clipart                   (1) | Train Loss: 0.5160 | Train Acc: 0.8730
 Site-Real                      (0) | Train Loss: 0.3131 | Train Acc: 0.9422
 Site-Painting                  (4) | Train Loss: 0.4870 | Train Acc: 0.8660
 Site-Sketch                    (1) | Train Loss: 0.5896 | Train Acc: 0.8297
 Site-QuickDraw                 (2) | Train Loss: 1.3451 | Train Acc: 0.6319
 Site-Infograph                 (3) | Train Loss: 1.4896 | Train Acc: 0.5299
Average Train Accuracy: 0.7788
 Site-Clipart                   (1) | Val  Loss: 0.5218 | Val  Acc: 0.8524
 Site-Real                      (0) | Val  Loss: 0.3417 | Val  Acc: 0.9300
 Site-Painting                  (4) | Val  Loss: 0.5337 | Val  Acc: 0.8785
 Site-Sketch                    (1) | Val  Loss: 0.6762 | Val  Acc: 0.7843
 Site-QuickDraw                 (2) | Val  Loss: 1.5164 | Val  Acc: 0.5596
 Site-Infograph                 (3) | Val  Loss: 1.3379 | Val  Acc: 0.5513
Average Valid Accuracy: 0.7594
 Best site-Clipart                  (1)  | Epoch:8 | Val Acc: 0.8524
 Best site-Real                     (0)  | Epoch:8 | Val Acc: 0.9300
 Best site-Painting                 (4)  | Epoch:8 | Val Acc: 0.8785
 Best site-Sketch                   (1)  | Epoch:8 | Val Acc: 0.7843
 Best site-QuickDraw                (2)  | Epoch:8 | Val Acc: 0.5596
 Best site-Infograph                (3)  | Epoch:8 | Val Acc: 0.5513
 Saving the gmap checkpoint to ../checkpoint/fed_domainnet_uneven_1.4_1_clscon_distinct/ccop_q=1_gmap...
 Saving the local and server checkpoint to ../checkpoint/fed_domainnet_uneven_1.4_1_clscon_distinct/ccop_q=1...
============ Train epoch 9 ============
cnt=[1, 2, 1, 1, 1, ]
cnt=[2, 1, 1, 1, 1, ]
power_decay: 0.9, powerI: 0.6743, powerC: 0.3257
 Site-Clipart                   (0) | Train Loss: 0.4892 | Train Acc: 0.8841
 Site-Real                      (1) | Train Loss: 0.3060 | Train Acc: 0.9467
 Site-Painting                  (1) | Train Loss: 0.4560 | Train Acc: 0.8660
 Site-Sketch                    (4) | Train Loss: 0.5166 | Train Acc: 0.8384
 Site-QuickDraw                 (2) | Train Loss: 1.2075 | Train Acc: 0.5706
 Site-Infograph                 (3) | Train Loss: 1.3758 | Train Acc: 0.5128
Average Train Accuracy: 0.7698
 Site-Clipart                   (0) | Val  Loss: 0.4818 | Val  Acc: 0.8690
 Site-Real                      (1) | Val  Loss: 0.3295 | Val  Acc: 0.9467
 Site-Painting                  (1) | Val  Loss: 0.5060 | Val  Acc: 0.8832
 Site-Sketch                    (4) | Val  Loss: 0.6548 | Val  Acc: 0.7843
 Site-QuickDraw                 (2) | Val  Loss: 1.4729 | Val  Acc: 0.5138
 Site-Infograph                 (3) | Val  Loss: 1.3061 | Val  Acc: 0.5513
Average Valid Accuracy: 0.7580
============ Train epoch 10 ============
cnt=[2, 1, 1, 1, 1, ]
cnt=[1, 1, 2, 1, 1, ]
power_decay: 0.9, powerI: 0.6569, powerC: 0.3431
 Site-Clipart                   (3) | Train Loss: 0.4299 | Train Acc: 0.9000
 Site-Real                      (1) | Train Loss: 0.3121 | Train Acc: 0.9467
 Site-Painting                  (4) | Train Loss: 0.4659 | Train Acc: 0.8629
 Site-Sketch                    (0) | Train Loss: 0.5915 | Train Acc: 0.8297
 Site-QuickDraw                 (2) | Train Loss: 1.2138 | Train Acc: 0.6319
 Site-Infograph                 (0) | Train Loss: 1.3946 | Train Acc: 0.5470
Average Train Accuracy: 0.7864
 Site-Clipart                   (3) | Val  Loss: 0.4449 | Val  Acc: 0.8762
 Site-Real                      (1) | Val  Loss: 0.3242 | Val  Acc: 0.9367
 Site-Painting                  (4) | Val  Loss: 0.5113 | Val  Acc: 0.8645
 Site-Sketch                    (0) | Val  Loss: 0.7232 | Val  Acc: 0.7516
 Site-QuickDraw                 (2) | Val  Loss: 1.3834 | Val  Acc: 0.5872
 Site-Infograph                 (0) | Val  Loss: 1.3004 | Val  Acc: 0.5769
Average Valid Accuracy: 0.7655
 Best site-Clipart                  (3)  | Epoch:10 | Val Acc: 0.8762
 Best site-Real                     (1)  | Epoch:10 | Val Acc: 0.9367
 Best site-Painting                 (4)  | Epoch:10 | Val Acc: 0.8645
 Best site-Sketch                   (0)  | Epoch:10 | Val Acc: 0.7516
 Best site-QuickDraw                (2)  | Epoch:10 | Val Acc: 0.5872
 Best site-Infograph                (0)  | Epoch:10 | Val Acc: 0.5769
 Saving the gmap checkpoint to ../checkpoint/fed_domainnet_uneven_1.4_1_clscon_distinct/ccop_q=1_gmap...
 Saving the local and server checkpoint to ../checkpoint/fed_domainnet_uneven_1.4_1_clscon_distinct/ccop_q=1...
============ Train epoch 11 ============
cnt=[2, 1, 1, 1, 1, ]
cnt=[2, 1, 1, 1, 1, ]
power_decay: 0.9, powerI: 0.6412, powerC: 0.3588
 Site-Clipart                   (0) | Train Loss: 0.4318 | Train Acc: 0.9048
 Site-Real                      (4) | Train Loss: 0.3389 | Train Acc: 0.9467
 Site-Painting                  (2) | Train Loss: 0.5506 | Train Acc: 0.8785
 Site-Sketch                    (0) | Train Loss: 0.5295 | Train Acc: 0.8559
 Site-QuickDraw                 (1) | Train Loss: 1.0866 | Train Acc: 0.6012
 Site-Infograph                 (3) | Train Loss: 1.3845 | Train Acc: 0.5385
Average Train Accuracy: 0.7876
 Site-Clipart                   (0) | Val  Loss: 0.4492 | Val  Acc: 0.8833
 Site-Real                      (4) | Val  Loss: 0.2951 | Val  Acc: 0.9500
 Site-Painting                  (2) | Val  Loss: 0.4663 | Val  Acc: 0.8925
 Site-Sketch                    (0) | Val  Loss: 0.6401 | Val  Acc: 0.8039
 Site-QuickDraw                 (1) | Val  Loss: 1.3632 | Val  Acc: 0.5596
 Site-Infograph                 (3) | Val  Loss: 1.2484 | Val  Acc: 0.6154
Average Valid Accuracy: 0.7841
 Best site-Clipart                  (0)  | Epoch:11 | Val Acc: 0.8833
 Best site-Real                     (4)  | Epoch:11 | Val Acc: 0.9500
 Best site-Painting                 (2)  | Epoch:11 | Val Acc: 0.8925
 Best site-Sketch                   (0)  | Epoch:11 | Val Acc: 0.8039
 Best site-QuickDraw                (1)  | Epoch:11 | Val Acc: 0.5596
 Best site-Infograph                (3)  | Epoch:11 | Val Acc: 0.6154
 Saving the gmap checkpoint to ../checkpoint/fed_domainnet_uneven_1.4_1_clscon_distinct/ccop_q=1_gmap...
 Saving the local and server checkpoint to ../checkpoint/fed_domainnet_uneven_1.4_1_clscon_distinct/ccop_q=1...
============ Train epoch 12 ============
cnt=[1, 1, 1, 1, 2, ]
cnt=[1, 2, 1, 1, 1, ]
power_decay: 0.9, powerI: 0.6271, powerC: 0.3729
 Site-Clipart                   (4) | Train Loss: 0.4377 | Train Acc: 0.8984
 Site-Real                      (3) | Train Loss: 0.2679 | Train Acc: 0.9489
 Site-Painting                  (2) | Train Loss: 0.4746 | Train Acc: 0.8816
 Site-Sketch                    (4) | Train Loss: 0.4501 | Train Acc: 0.8603
 Site-QuickDraw                 (0) | Train Loss: 1.2441 | Train Acc: 0.6564
 Site-Infograph                 (1) | Train Loss: 1.3590 | Train Acc: 0.5556
Average Train Accuracy: 0.8002
 Site-Clipart                   (4) | Val  Loss: 0.4815 | Val  Acc: 0.8619
 Site-Real                      (3) | Val  Loss: 0.2819 | Val  Acc: 0.9467
 Site-Painting                  (2) | Val  Loss: 0.4316 | Val  Acc: 0.9019
 Site-Sketch                    (4) | Val  Loss: 0.6819 | Val  Acc: 0.7974
 Site-QuickDraw                 (0) | Val  Loss: 1.3269 | Val  Acc: 0.6055
 Site-Infograph                 (1) | Val  Loss: 1.2313 | Val  Acc: 0.6026
Average Valid Accuracy: 0.7860
 Best site-Clipart                  (4)  | Epoch:12 | Val Acc: 0.8619
 Best site-Real                     (3)  | Epoch:12 | Val Acc: 0.9467
 Best site-Painting                 (2)  | Epoch:12 | Val Acc: 0.9019
 Best site-Sketch                   (4)  | Epoch:12 | Val Acc: 0.7974
 Best site-QuickDraw                (0)  | Epoch:12 | Val Acc: 0.6055
 Best site-Infograph                (1)  | Epoch:12 | Val Acc: 0.6026
 Saving the gmap checkpoint to ../checkpoint/fed_domainnet_uneven_1.4_1_clscon_distinct/ccop_q=1_gmap...
 Saving the local and server checkpoint to ../checkpoint/fed_domainnet_uneven_1.4_1_clscon_distinct/ccop_q=1...
============ Train epoch 13 ============
cnt=[1, 1, 2, 1, 1, ]
cnt=[2, 1, 1, 1, 1, ]
power_decay: 0.9, powerI: 0.6144, powerC: 0.3856
 Site-Clipart                   (2) | Train Loss: 0.4095 | Train Acc: 0.8905
 Site-Real                      (3) | Train Loss: 0.2649 | Train Acc: 0.9533
 Site-Painting                  (0) | Train Loss: 0.4080 | Train Acc: 0.8816
 Site-Sketch                    (2) | Train Loss: 0.4518 | Train Acc: 0.8515
 Site-QuickDraw                 (1) | Train Loss: 1.0274 | Train Acc: 0.6871
 Site-Infograph                 (4) | Train Loss: 1.3041 | Train Acc: 0.5812
Average Train Accuracy: 0.8075
 Site-Clipart                   (2) | Val  Loss: 0.4539 | Val  Acc: 0.8762
 Site-Real                      (3) | Val  Loss: 0.2838 | Val  Acc: 0.9433
 Site-Painting                  (0) | Val  Loss: 0.4174 | Val  Acc: 0.9019
 Site-Sketch                    (2) | Val  Loss: 0.5846 | Val  Acc: 0.7908
 Site-QuickDraw                 (1) | Val  Loss: 1.2875 | Val  Acc: 0.5688
 Site-Infograph                 (4) | Val  Loss: 1.2685 | Val  Acc: 0.5897
Average Valid Accuracy: 0.7785
============ Train epoch 14 ============
cnt=[1, 1, 2, 1, 1, ]
cnt=[1, 2, 1, 1, 1, ]
power_decay: 0.9, powerI: 0.6029, powerC: 0.3971
 Site-Clipart                   (2) | Train Loss: 0.3747 | Train Acc: 0.9190
 Site-Real                      (0) | Train Loss: 0.3490 | Train Acc: 0.9467
 Site-Painting                  (3) | Train Loss: 0.3767 | Train Acc: 0.8723
 Site-Sketch                    (2) | Train Loss: 0.5161 | Train Acc: 0.8384
 Site-QuickDraw                 (1) | Train Loss: 1.0679 | Train Acc: 0.6626
 Site-Infograph                 (4) | Train Loss: 1.2978 | Train Acc: 0.5556
Average Train Accuracy: 0.7991
 Site-Clipart                   (2) | Val  Loss: 0.4092 | Val  Acc: 0.8738
 Site-Real                      (0) | Val  Loss: 0.2654 | Val  Acc: 0.9467
 Site-Painting                  (3) | Val  Loss: 0.4516 | Val  Acc: 0.8785
 Site-Sketch                    (2) | Val  Loss: 0.6852 | Val  Acc: 0.7712
 Site-QuickDraw                 (1) | Val  Loss: 1.3021 | Val  Acc: 0.5872
 Site-Infograph                 (4) | Val  Loss: 1.2525 | Val  Acc: 0.6026
Average Valid Accuracy: 0.7767
============ Train epoch 15 ============
cnt=[2, 1, 1, 1, 1, ]
cnt=[1, 1, 1, 2, 1, ]
power_decay: 0.9, powerI: 0.5927, powerC: 0.4073
 Site-Clipart                   (0) | Train Loss: 0.3718 | Train Acc: 0.9063
 Site-Real                      (2) | Train Loss: 0.2723 | Train Acc: 0.9467
 Site-Painting                  (4) | Train Loss: 0.3686 | Train Acc: 0.8941
 Site-Sketch                    (0) | Train Loss: 0.4929 | Train Acc: 0.8603
 Site-QuickDraw                 (1) | Train Loss: 1.0119 | Train Acc: 0.6380
 Site-Infograph                 (3) | Train Loss: 1.2357 | Train Acc: 0.5812
Average Train Accuracy: 0.8044
 Site-Clipart                   (0) | Val  Loss: 0.3877 | Val  Acc: 0.8762
 Site-Real                      (2) | Val  Loss: 0.2510 | Val  Acc: 0.9533
 Site-Painting                  (4) | Val  Loss: 0.4074 | Val  Acc: 0.9112
 Site-Sketch                    (0) | Val  Loss: 0.6097 | Val  Acc: 0.7647
 Site-QuickDraw                 (1) | Val  Loss: 1.2065 | Val  Acc: 0.6422
 Site-Infograph                 (3) | Val  Loss: 1.2211 | Val  Acc: 0.5641
Average Valid Accuracy: 0.7853
============ Train epoch 16 ============
cnt=[1, 1, 1, 2, 1, ]
cnt=[1, 1, 1, 2, 1, ]
power_decay: 0.9, powerI: 0.5834, powerC: 0.4166
 Site-Clipart                   (0) | Train Loss: 0.3796 | Train Acc: 0.9000
 Site-Real                      (2) | Train Loss: 0.2275 | Train Acc: 0.9600
 Site-Painting                  (3) | Train Loss: 0.3551 | Train Acc: 0.8910
 Site-Sketch                    (4) | Train Loss: 0.4691 | Train Acc: 0.8646
 Site-QuickDraw                 (1) | Train Loss: 1.1291 | Train Acc: 0.6687
 Site-Infograph                 (3) | Train Loss: 1.2612 | Train Acc: 0.5641
Average Train Accuracy: 0.8081
 Site-Clipart                   (0) | Val  Loss: 0.3789 | Val  Acc: 0.9000
 Site-Real                      (2) | Val  Loss: 0.2519 | Val  Acc: 0.9400
 Site-Painting                  (3) | Val  Loss: 0.3911 | Val  Acc: 0.9206
 Site-Sketch                    (4) | Val  Loss: 0.5632 | Val  Acc: 0.8039
 Site-QuickDraw                 (1) | Val  Loss: 1.1850 | Val  Acc: 0.6055
 Site-Infograph                 (3) | Val  Loss: 1.1940 | Val  Acc: 0.6154
Average Valid Accuracy: 0.7976
 Best site-Clipart                  (0)  | Epoch:16 | Val Acc: 0.9000
 Best site-Real                     (2)  | Epoch:16 | Val Acc: 0.9400
 Best site-Painting                 (3)  | Epoch:16 | Val Acc: 0.9206
 Best site-Sketch                   (4)  | Epoch:16 | Val Acc: 0.8039
 Best site-QuickDraw                (1)  | Epoch:16 | Val Acc: 0.6055
 Best site-Infograph                (3)  | Epoch:16 | Val Acc: 0.6154
 Saving the gmap checkpoint to ../checkpoint/fed_domainnet_uneven_1.4_1_clscon_distinct/ccop_q=1_gmap...
 Saving the local and server checkpoint to ../checkpoint/fed_domainnet_uneven_1.4_1_clscon_distinct/ccop_q=1...
============ Train epoch 17 ============
cnt=[2, 1, 1, 1, 1, ]
cnt=[1, 1, 1, 2, 1, ]
power_decay: 0.9, powerI: 0.5750, powerC: 0.4250
 Site-Clipart                   (0) | Train Loss: 0.3348 | Train Acc: 0.9159
 Site-Real                      (3) | Train Loss: 0.2566 | Train Acc: 0.9467
 Site-Painting                  (4) | Train Loss: 0.3328 | Train Acc: 0.9128
 Site-Sketch                    (0) | Train Loss: 0.4526 | Train Acc: 0.8603
 Site-QuickDraw                 (1) | Train Loss: 1.0472 | Train Acc: 0.6933
 Site-Infograph                 (2) | Train Loss: 1.1781 | Train Acc: 0.6239
Average Train Accuracy: 0.8255
 Site-Clipart                   (0) | Val  Loss: 0.3584 | Val  Acc: 0.8976
 Site-Real                      (3) | Val  Loss: 0.2520 | Val  Acc: 0.9433
 Site-Painting                  (4) | Val  Loss: 0.4054 | Val  Acc: 0.8785
 Site-Sketch                    (0) | Val  Loss: 0.5559 | Val  Acc: 0.8366
 Site-QuickDraw                 (1) | Val  Loss: 1.2048 | Val  Acc: 0.5963
 Site-Infograph                 (2) | Val  Loss: 1.1257 | Val  Acc: 0.6026
Average Valid Accuracy: 0.7925
============ Train epoch 18 ============
cnt=[1, 1, 1, 2, 1, ]
cnt=[1, 1, 1, 2, 1, ]
power_decay: 0.9, powerI: 0.5675, powerC: 0.4325
 Site-Clipart                   (4) | Train Loss: 0.3378 | Train Acc: 0.9317
 Site-Real                      (0) | Train Loss: 0.2270 | Train Acc: 0.9556
 Site-Painting                  (3) | Train Loss: 0.4897 | Train Acc: 0.8972
 Site-Sketch                    (2) | Train Loss: 0.4577 | Train Acc: 0.8559
 Site-QuickDraw                 (1) | Train Loss: 0.9331 | Train Acc: 0.6994
 Site-Infograph                 (3) | Train Loss: 1.1543 | Train Acc: 0.6239
Average Train Accuracy: 0.8273
 Site-Clipart                   (4) | Val  Loss: 0.3840 | Val  Acc: 0.8952
 Site-Real                      (0) | Val  Loss: 0.2364 | Val  Acc: 0.9533
 Site-Painting                  (3) | Val  Loss: 0.3962 | Val  Acc: 0.8972
 Site-Sketch                    (2) | Val  Loss: 0.6198 | Val  Acc: 0.7843
 Site-QuickDraw                 (1) | Val  Loss: 1.1334 | Val  Acc: 0.5963
 Site-Infograph                 (3) | Val  Loss: 1.2251 | Val  Acc: 0.5897
Average Valid Accuracy: 0.7860
============ Train epoch 19 ============
cnt=[1, 1, 2, 1, 1, ]
cnt=[1, 1, 1, 2, 1, ]
power_decay: 0.9, powerI: 0.5608, powerC: 0.4392
 Site-Clipart                   (2) | Train Loss: 0.3216 | Train Acc: 0.9270
 Site-Real                      (0) | Train Loss: 0.2094 | Train Acc: 0.9622
 Site-Painting                  (3) | Train Loss: 0.5400 | Train Acc: 0.9128
 Site-Sketch                    (2) | Train Loss: 0.3781 | Train Acc: 0.8734
 Site-QuickDraw                 (1) | Train Loss: 0.9887 | Train Acc: 0.6933
 Site-Infograph                 (4) | Train Loss: 1.1536 | Train Acc: 0.6496
Average Train Accuracy: 0.8364
 Site-Clipart                   (2) | Val  Loss: 0.3250 | Val  Acc: 0.9048
 Site-Real                      (0) | Val  Loss: 0.2197 | Val  Acc: 0.9667
 Site-Painting                  (3) | Val  Loss: 0.3870 | Val  Acc: 0.9019
 Site-Sketch                    (2) | Val  Loss: 0.5769 | Val  Acc: 0.7974
 Site-QuickDraw                 (1) | Val  Loss: 1.0822 | Val  Acc: 0.6055
 Site-Infograph                 (4) | Val  Loss: 1.1213 | Val  Acc: 0.6410
Average Valid Accuracy: 0.8029
 Best site-Clipart                  (2)  | Epoch:19 | Val Acc: 0.9048
 Best site-Real                     (0)  | Epoch:19 | Val Acc: 0.9667
 Best site-Painting                 (3)  | Epoch:19 | Val Acc: 0.9019
 Best site-Sketch                   (2)  | Epoch:19 | Val Acc: 0.7974
 Best site-QuickDraw                (1)  | Epoch:19 | Val Acc: 0.6055
 Best site-Infograph                (4)  | Epoch:19 | Val Acc: 0.6410
 Saving the gmap checkpoint to ../checkpoint/fed_domainnet_uneven_1.4_1_clscon_distinct/ccop_q=1_gmap...
 Saving the local and server checkpoint to ../checkpoint/fed_domainnet_uneven_1.4_1_clscon_distinct/ccop_q=1...
============ Train epoch 20 ============
cnt=[1, 1, 2, 1, 1, ]
cnt=[1, 1, 1, 2, 1, ]
power_decay: 0.9, powerI: 0.5547, powerC: 0.4453
 Site-Clipart                   (2) | Train Loss: 0.3479 | Train Acc: 0.9127
 Site-Real                      (3) | Train Loss: 0.2829 | Train Acc: 0.9489
 Site-Painting                  (4) | Train Loss: 0.4119 | Train Acc: 0.9128
 Site-Sketch                    (2) | Train Loss: 0.4352 | Train Acc: 0.8603
 Site-QuickDraw                 (1) | Train Loss: 0.9649 | Train Acc: 0.7791
 Site-Infograph                 (0) | Train Loss: 1.1241 | Train Acc: 0.6154
Average Train Accuracy: 0.8382
 Site-Clipart                   (2) | Val  Loss: 0.3648 | Val  Acc: 0.8976
 Site-Real                      (3) | Val  Loss: 0.2438 | Val  Acc: 0.9400
 Site-Painting                  (4) | Val  Loss: 0.3593 | Val  Acc: 0.9065
 Site-Sketch                    (2) | Val  Loss: 0.5505 | Val  Acc: 0.8301
 Site-QuickDraw                 (1) | Val  Loss: 1.1992 | Val  Acc: 0.5780
 Site-Infograph                 (0) | Val  Loss: 1.1550 | Val  Acc: 0.6154
Average Valid Accuracy: 0.7946
============ Train epoch 21 ============
cnt=[1, 1, 2, 1, 1, ]
cnt=[1, 1, 1, 2, 1, ]
power_decay: 0.9, powerI: 0.5492, powerC: 0.4508
 Site-Clipart                   (2) | Train Loss: 0.3139 | Train Acc: 0.9175
 Site-Real                      (3) | Train Loss: 0.2093 | Train Acc: 0.9489
 Site-Painting                  (4) | Train Loss: 0.3114 | Train Acc: 0.9034
 Site-Sketch                    (2) | Train Loss: 0.4078 | Train Acc: 0.8559
 Site-QuickDraw                 (1) | Train Loss: 0.8464 | Train Acc: 0.7485
 Site-Infograph                 (0) | Train Loss: 1.1238 | Train Acc: 0.6410
Average Train Accuracy: 0.8359
 Site-Clipart                   (2) | Val  Loss: 0.3606 | Val  Acc: 0.8762
 Site-Real                      (3) | Val  Loss: 0.2102 | Val  Acc: 0.9500
 Site-Painting                  (4) | Val  Loss: 0.3609 | Val  Acc: 0.9019
 Site-Sketch                    (2) | Val  Loss: 0.5429 | Val  Acc: 0.8170
 Site-QuickDraw                 (1) | Val  Loss: 1.1001 | Val  Acc: 0.6422
 Site-Infograph                 (0) | Val  Loss: 1.0489 | Val  Acc: 0.6667
Average Valid Accuracy: 0.8090
 Best site-Clipart                  (2)  | Epoch:21 | Val Acc: 0.8762
 Best site-Real                     (3)  | Epoch:21 | Val Acc: 0.9500
 Best site-Painting                 (4)  | Epoch:21 | Val Acc: 0.9019
 Best site-Sketch                   (2)  | Epoch:21 | Val Acc: 0.8170
 Best site-QuickDraw                (1)  | Epoch:21 | Val Acc: 0.6422
 Best site-Infograph                (0)  | Epoch:21 | Val Acc: 0.6667
 Saving the gmap checkpoint to ../checkpoint/fed_domainnet_uneven_1.4_1_clscon_distinct/ccop_q=1_gmap...
 Saving the local and server checkpoint to ../checkpoint/fed_domainnet_uneven_1.4_1_clscon_distinct/ccop_q=1...
============ Train epoch 22 ============
cnt=[1, 1, 2, 1, 1, ]
cnt=[2, 1, 1, 1, 1, ]
power_decay: 0.9, powerI: 0.5443, powerC: 0.4557
 Site-Clipart                   (2) | Train Loss: 0.2912 | Train Acc: 0.9254
 Site-Real                      (0) | Train Loss: 0.2103 | Train Acc: 0.9578
 Site-Painting                  (4) | Train Loss: 0.3582 | Train Acc: 0.9034
 Site-Sketch                    (2) | Train Loss: 0.4931 | Train Acc: 0.8603
 Site-QuickDraw                 (1) | Train Loss: 0.8733 | Train Acc: 0.7239
 Site-Infograph                 (3) | Train Loss: 1.0860 | Train Acc: 0.6667
Average Train Accuracy: 0.8396
 Site-Clipart                   (2) | Val  Loss: 0.3286 | Val  Acc: 0.9000
 Site-Real                      (0) | Val  Loss: 0.2142 | Val  Acc: 0.9500
 Site-Painting                  (4) | Val  Loss: 0.3691 | Val  Acc: 0.8972
 Site-Sketch                    (2) | Val  Loss: 0.5745 | Val  Acc: 0.7908
 Site-QuickDraw                 (1) | Val  Loss: 1.1187 | Val  Acc: 0.6514
 Site-Infograph                 (3) | Val  Loss: 1.0243 | Val  Acc: 0.6154
Average Valid Accuracy: 0.8008
============ Train epoch 23 ============
cnt=[1, 1, 2, 1, 1, ]
cnt=[2, 1, 1, 1, 1, ]
power_decay: 0.9, powerI: 0.5399, powerC: 0.4601
 Site-Clipart                   (2) | Train Loss: 0.3001 | Train Acc: 0.9381
 Site-Real                      (3) | Train Loss: 0.2170 | Train Acc: 0.9444
 Site-Painting                  (4) | Train Loss: 0.3829 | Train Acc: 0.9034
 Site-Sketch                    (2) | Train Loss: 0.4349 | Train Acc: 0.8646
 Site-QuickDraw                 (1) | Train Loss: 0.9428 | Train Acc: 0.7669
 Site-Infograph                 (0) | Train Loss: 1.0215 | Train Acc: 0.6838
Average Train Accuracy: 0.8502
 Site-Clipart                   (2) | Val  Loss: 0.3135 | Val  Acc: 0.9238
 Site-Real                      (3) | Val  Loss: 0.2298 | Val  Acc: 0.9467
 Site-Painting                  (4) | Val  Loss: 0.3727 | Val  Acc: 0.8879
 Site-Sketch                    (2) | Val  Loss: 0.5765 | Val  Acc: 0.8170
 Site-QuickDraw                 (1) | Val  Loss: 1.0339 | Val  Acc: 0.6697
 Site-Infograph                 (0) | Val  Loss: 1.0942 | Val  Acc: 0.6154
Average Valid Accuracy: 0.8101
 Best site-Clipart                  (2)  | Epoch:23 | Val Acc: 0.9238
 Best site-Real                     (3)  | Epoch:23 | Val Acc: 0.9467
 Best site-Painting                 (4)  | Epoch:23 | Val Acc: 0.8879
 Best site-Sketch                   (2)  | Epoch:23 | Val Acc: 0.8170
 Best site-QuickDraw                (1)  | Epoch:23 | Val Acc: 0.6697
 Best site-Infograph                (0)  | Epoch:23 | Val Acc: 0.6154
 Saving the gmap checkpoint to ../checkpoint/fed_domainnet_uneven_1.4_1_clscon_distinct/ccop_q=1_gmap...
 Saving the local and server checkpoint to ../checkpoint/fed_domainnet_uneven_1.4_1_clscon_distinct/ccop_q=1...
============ Train epoch 24 ============
cnt=[1, 1, 2, 1, 1, ]
cnt=[2, 1, 1, 1, 1, ]
power_decay: 0.9, powerI: 0.5359, powerC: 0.4641
 Site-Clipart                   (2) | Train Loss: 0.3135 | Train Acc: 0.9143
 Site-Real                      (3) | Train Loss: 0.2171 | Train Acc: 0.9578
 Site-Painting                  (4) | Train Loss: 0.2624 | Train Acc: 0.9065
 Site-Sketch                    (2) | Train Loss: 0.5007 | Train Acc: 0.8472
 Site-QuickDraw                 (1) | Train Loss: 0.8245 | Train Acc: 0.7730
 Site-Infograph                 (0) | Train Loss: 1.0585 | Train Acc: 0.6752
Average Train Accuracy: 0.8457
 Site-Clipart                   (2) | Val  Loss: 0.3330 | Val  Acc: 0.9024
 Site-Real                      (3) | Val  Loss: 0.2167 | Val  Acc: 0.9467
 Site-Painting                  (4) | Val  Loss: 0.3425 | Val  Acc: 0.9065
 Site-Sketch                    (2) | Val  Loss: 0.5197 | Val  Acc: 0.8235
 Site-QuickDraw                 (1) | Val  Loss: 1.0604 | Val  Acc: 0.6514
 Site-Infograph                 (0) | Val  Loss: 1.0725 | Val  Acc: 0.6538
Average Valid Accuracy: 0.8141
 Best site-Clipart                  (2)  | Epoch:24 | Val Acc: 0.9024
 Best site-Real                     (3)  | Epoch:24 | Val Acc: 0.9467
 Best site-Painting                 (4)  | Epoch:24 | Val Acc: 0.9065
 Best site-Sketch                   (2)  | Epoch:24 | Val Acc: 0.8235
 Best site-QuickDraw                (1)  | Epoch:24 | Val Acc: 0.6514
 Best site-Infograph                (0)  | Epoch:24 | Val Acc: 0.6538
 Saving the gmap checkpoint to ../checkpoint/fed_domainnet_uneven_1.4_1_clscon_distinct/ccop_q=1_gmap...
 Saving the local and server checkpoint to ../checkpoint/fed_domainnet_uneven_1.4_1_clscon_distinct/ccop_q=1...
============ Train epoch 25 ============
cnt=[2, 1, 1, 1, 1, ]
cnt=[2, 1, 1, 1, 1, ]
power_decay: 0.9, powerI: 0.5323, powerC: 0.4677
 Site-Clipart                   (0) | Train Loss: 0.2997 | Train Acc: 0.9206
 Site-Real                      (2) | Train Loss: 0.2604 | Train Acc: 0.9556
 Site-Painting                  (4) | Train Loss: 0.2792 | Train Acc: 0.9252
 Site-Sketch                    (0) | Train Loss: 0.4004 | Train Acc: 0.8603
 Site-QuickDraw                 (1) | Train Loss: 0.8318 | Train Acc: 0.7362
 Site-Infograph                 (3) | Train Loss: 0.9276 | Train Acc: 0.7179
Average Train Accuracy: 0.8526
 Site-Clipart                   (0) | Val  Loss: 0.3447 | Val  Acc: 0.9048
 Site-Real                      (2) | Val  Loss: 0.2035 | Val  Acc: 0.9567
 Site-Painting                  (4) | Val  Loss: 0.3218 | Val  Acc: 0.9159
 Site-Sketch                    (0) | Val  Loss: 0.5365 | Val  Acc: 0.8105
 Site-QuickDraw                 (1) | Val  Loss: 1.1137 | Val  Acc: 0.6606
 Site-Infograph                 (3) | Val  Loss: 1.0401 | Val  Acc: 0.6410
Average Valid Accuracy: 0.8149
 Best site-Clipart                  (0)  | Epoch:25 | Val Acc: 0.9048
 Best site-Real                     (2)  | Epoch:25 | Val Acc: 0.9567
 Best site-Painting                 (4)  | Epoch:25 | Val Acc: 0.9159
 Best site-Sketch                   (0)  | Epoch:25 | Val Acc: 0.8105
 Best site-QuickDraw                (1)  | Epoch:25 | Val Acc: 0.6606
 Best site-Infograph                (3)  | Epoch:25 | Val Acc: 0.6410
 Saving the gmap checkpoint to ../checkpoint/fed_domainnet_uneven_1.4_1_clscon_distinct/ccop_q=1_gmap...
 Saving the local and server checkpoint to ../checkpoint/fed_domainnet_uneven_1.4_1_clscon_distinct/ccop_q=1...
============ Train epoch 26 ============
cnt=[1, 1, 2, 1, 1, ]
cnt=[1, 1, 1, 2, 1, ]
power_decay: 0.9, powerI: 0.5291, powerC: 0.4709
 Site-Clipart                   (2) | Train Loss: 0.2778 | Train Acc: 0.9349
 Site-Real                      (4) | Train Loss: 0.2137 | Train Acc: 0.9511
 Site-Painting                  (3) | Train Loss: 0.3054 | Train Acc: 0.9097
 Site-Sketch                    (2) | Train Loss: 0.4006 | Train Acc: 0.8777
 Site-QuickDraw                 (1) | Train Loss: 0.7139 | Train Acc: 0.7055
 Site-Infograph                 (0) | Train Loss: 1.0218 | Train Acc: 0.6923
Average Train Accuracy: 0.8452
 Site-Clipart                   (2) | Val  Loss: 0.3161 | Val  Acc: 0.8952
 Site-Real                      (4) | Val  Loss: 0.1945 | Val  Acc: 0.9600
 Site-Painting                  (3) | Val  Loss: 0.3342 | Val  Acc: 0.9252
 Site-Sketch                    (2) | Val  Loss: 0.5518 | Val  Acc: 0.7974
 Site-QuickDraw                 (1) | Val  Loss: 1.0593 | Val  Acc: 0.6606
 Site-Infograph                 (0) | Val  Loss: 1.2174 | Val  Acc: 0.6154
Average Valid Accuracy: 0.8090
============ Train epoch 27 ============
cnt=[2, 1, 1, 1, 1, ]
cnt=[1, 1, 1, 2, 1, ]
power_decay: 0.9, powerI: 0.5262, powerC: 0.4738
 Site-Clipart                   (0) | Train Loss: 0.2764 | Train Acc: 0.9413
 Site-Real                      (2) | Train Loss: 0.1737 | Train Acc: 0.9533
 Site-Painting                  (4) | Train Loss: 0.3487 | Train Acc: 0.9128
 Site-Sketch                    (0) | Train Loss: 0.3846 | Train Acc: 0.8777
 Site-QuickDraw                 (1) | Train Loss: 0.7057 | Train Acc: 0.7669
 Site-Infograph                 (3) | Train Loss: 0.9359 | Train Acc: 0.7265
Average Train Accuracy: 0.8631
 Site-Clipart                   (0) | Val  Loss: 0.3217 | Val  Acc: 0.8952
 Site-Real                      (2) | Val  Loss: 0.1773 | Val  Acc: 0.9600
 Site-Painting                  (4) | Val  Loss: 0.3413 | Val  Acc: 0.9019
 Site-Sketch                    (0) | Val  Loss: 0.5662 | Val  Acc: 0.8170
 Site-QuickDraw                 (1) | Val  Loss: 1.0367 | Val  Acc: 0.6606
 Site-Infograph                 (3) | Val  Loss: 1.1313 | Val  Acc: 0.6410
Average Valid Accuracy: 0.8126
============ Train epoch 28 ============
cnt=[1, 1, 2, 1, 1, ]
cnt=[1, 1, 1, 2, 1, ]
power_decay: 0.9, powerI: 0.5236, powerC: 0.4764
 Site-Clipart                   (2) | Train Loss: 0.2662 | Train Acc: 0.9317
 Site-Real                      (1) | Train Loss: 0.2161 | Train Acc: 0.9556
 Site-Painting                  (4) | Train Loss: 0.2804 | Train Acc: 0.9252
 Site-Sketch                    (2) | Train Loss: 0.4760 | Train Acc: 0.8646
 Site-QuickDraw                 (0) | Train Loss: 0.9403 | Train Acc: 0.7423
 Site-Infograph                 (3) | Train Loss: 0.9593 | Train Acc: 0.7179
Average Train Accuracy: 0.8562
 Site-Clipart                   (2) | Val  Loss: 0.2853 | Val  Acc: 0.9214
 Site-Real                      (1) | Val  Loss: 0.2172 | Val  Acc: 0.9467
 Site-Painting                  (4) | Val  Loss: 0.3544 | Val  Acc: 0.8925
 Site-Sketch                    (2) | Val  Loss: 0.5818 | Val  Acc: 0.7974
 Site-QuickDraw                 (0) | Val  Loss: 0.9629 | Val  Acc: 0.6697
 Site-Infograph                 (3) | Val  Loss: 1.0461 | Val  Acc: 0.6923
Average Valid Accuracy: 0.8200
 Best site-Clipart                  (2)  | Epoch:28 | Val Acc: 0.9214
 Best site-Real                     (1)  | Epoch:28 | Val Acc: 0.9467
 Best site-Painting                 (4)  | Epoch:28 | Val Acc: 0.8925
 Best site-Sketch                   (2)  | Epoch:28 | Val Acc: 0.7974
 Best site-QuickDraw                (0)  | Epoch:28 | Val Acc: 0.6697
 Best site-Infograph                (3)  | Epoch:28 | Val Acc: 0.6923
 Saving the gmap checkpoint to ../checkpoint/fed_domainnet_uneven_1.4_1_clscon_distinct/ccop_q=1_gmap...
 Saving the local and server checkpoint to ../checkpoint/fed_domainnet_uneven_1.4_1_clscon_distinct/ccop_q=1...
============ Train epoch 29 ============
cnt=[1, 1, 2, 1, 1, ]
cnt=[2, 1, 1, 1, 1, ]
power_decay: 0.9, powerI: 0.5212, powerC: 0.4788
 Site-Clipart                   (2) | Train Loss: 0.2450 | Train Acc: 0.9429
 Site-Real                      (1) | Train Loss: 0.1931 | Train Acc: 0.9533
 Site-Painting                  (4) | Train Loss: 0.2617 | Train Acc: 0.9065
 Site-Sketch                    (2) | Train Loss: 0.3860 | Train Acc: 0.8908
 Site-QuickDraw                 (0) | Train Loss: 0.7653 | Train Acc: 0.7669
 Site-Infograph                 (3) | Train Loss: 0.9152 | Train Acc: 0.7265
Average Train Accuracy: 0.8645
 Site-Clipart                   (2) | Val  Loss: 0.3092 | Val  Acc: 0.9071
 Site-Real                      (1) | Val  Loss: 0.1908 | Val  Acc: 0.9567
 Site-Painting                  (4) | Val  Loss: 0.3358 | Val  Acc: 0.9159
 Site-Sketch                    (2) | Val  Loss: 0.4907 | Val  Acc: 0.7974
 Site-QuickDraw                 (0) | Val  Loss: 0.9992 | Val  Acc: 0.6881
 Site-Infograph                 (3) | Val  Loss: 0.9863 | Val  Acc: 0.7179
Average Valid Accuracy: 0.8305
 Best site-Clipart                  (2)  | Epoch:29 | Val Acc: 0.9071
 Best site-Real                     (1)  | Epoch:29 | Val Acc: 0.9567
 Best site-Painting                 (4)  | Epoch:29 | Val Acc: 0.9159
 Best site-Sketch                   (2)  | Epoch:29 | Val Acc: 0.7974
 Best site-QuickDraw                (0)  | Epoch:29 | Val Acc: 0.6881
 Best site-Infograph                (3)  | Epoch:29 | Val Acc: 0.7179
 Saving the gmap checkpoint to ../checkpoint/fed_domainnet_uneven_1.4_1_clscon_distinct/ccop_q=1_gmap...
 Saving the local and server checkpoint to ../checkpoint/fed_domainnet_uneven_1.4_1_clscon_distinct/ccop_q=1...
============ Train epoch 30 ============
cnt=[1, 1, 2, 1, 1, ]
cnt=[1, 2, 1, 1, 1, ]
power_decay: 0.9, powerI: 0.5191, powerC: 0.4809
 Site-Clipart                   (2) | Train Loss: 0.2563 | Train Acc: 0.9413
 Site-Real                      (0) | Train Loss: 0.1963 | Train Acc: 0.9511
 Site-Painting                  (4) | Train Loss: 0.2785 | Train Acc: 0.8972
 Site-Sketch                    (2) | Train Loss: 0.4064 | Train Acc: 0.8952
 Site-QuickDraw                 (1) | Train Loss: 0.6830 | Train Acc: 0.7914
 Site-Infograph                 (3) | Train Loss: 0.9247 | Train Acc: 0.7265
Average Train Accuracy: 0.8671
 Site-Clipart                   (2) | Val  Loss: 0.3115 | Val  Acc: 0.9190
 Site-Real                      (0) | Val  Loss: 0.2105 | Val  Acc: 0.9467
 Site-Painting                  (4) | Val  Loss: 0.3564 | Val  Acc: 0.9159
 Site-Sketch                    (2) | Val  Loss: 0.5837 | Val  Acc: 0.8039
 Site-QuickDraw                 (1) | Val  Loss: 0.9087 | Val  Acc: 0.7064
 Site-Infograph                 (3) | Val  Loss: 1.0211 | Val  Acc: 0.7179
Average Valid Accuracy: 0.8350
 Best site-Clipart                  (2)  | Epoch:30 | Val Acc: 0.9190
 Best site-Real                     (0)  | Epoch:30 | Val Acc: 0.9467
 Best site-Painting                 (4)  | Epoch:30 | Val Acc: 0.9159
 Best site-Sketch                   (2)  | Epoch:30 | Val Acc: 0.8039
 Best site-QuickDraw                (1)  | Epoch:30 | Val Acc: 0.7064
 Best site-Infograph                (3)  | Epoch:30 | Val Acc: 0.7179
 Saving the gmap checkpoint to ../checkpoint/fed_domainnet_uneven_1.4_1_clscon_distinct/ccop_q=1_gmap...
 Saving the local and server checkpoint to ../checkpoint/fed_domainnet_uneven_1.4_1_clscon_distinct/ccop_q=1...
============ Train epoch 31 ============
cnt=[1, 1, 2, 1, 1, ]
cnt=[1, 1, 1, 2, 1, ]
power_decay: 0.9, powerI: 0.5172, powerC: 0.4828
 Site-Clipart                   (2) | Train Loss: 0.2532 | Train Acc: 0.9349
 Site-Real                      (3) | Train Loss: 0.1817 | Train Acc: 0.9622
 Site-Painting                  (4) | Train Loss: 0.2921 | Train Acc: 0.9346
 Site-Sketch                    (2) | Train Loss: 0.3492 | Train Acc: 0.9039
 Site-QuickDraw                 (1) | Train Loss: 0.7637 | Train Acc: 0.8160
 Site-Infograph                 (0) | Train Loss: 0.9048 | Train Acc: 0.7265
Average Train Accuracy: 0.8797
 Site-Clipart                   (2) | Val  Loss: 0.2991 | Val  Acc: 0.9167
 Site-Real                      (3) | Val  Loss: 0.1791 | Val  Acc: 0.9533
 Site-Painting                  (4) | Val  Loss: 0.3309 | Val  Acc: 0.9019
 Site-Sketch                    (2) | Val  Loss: 0.5255 | Val  Acc: 0.8170
 Site-QuickDraw                 (1) | Val  Loss: 1.0077 | Val  Acc: 0.6147
 Site-Infograph                 (0) | Val  Loss: 1.0249 | Val  Acc: 0.6667
Average Valid Accuracy: 0.8117
============ Train epoch 32 ============
cnt=[1, 1, 1, 2, 1, ]
cnt=[2, 1, 1, 1, 1, ]
power_decay: 0.9, powerI: 0.5155, powerC: 0.4845
 Site-Clipart                   (2) | Train Loss: 0.2570 | Train Acc: 0.9381
 Site-Real                      (3) | Train Loss: 0.1739 | Train Acc: 0.9511
 Site-Painting                  (3) | Train Loss: 0.2549 | Train Acc: 0.9252
 Site-Sketch                    (4) | Train Loss: 0.4155 | Train Acc: 0.8865
 Site-QuickDraw                 (1) | Train Loss: 0.7003 | Train Acc: 0.7853
 Site-Infograph                 (0) | Train Loss: 0.8928 | Train Acc: 0.7350
Average Train Accuracy: 0.8702
 Site-Clipart                   (2) | Val  Loss: 0.2918 | Val  Acc: 0.9190
 Site-Real                      (3) | Val  Loss: 0.1769 | Val  Acc: 0.9600
 Site-Painting                  (3) | Val  Loss: 0.3387 | Val  Acc: 0.9019
 Site-Sketch                    (4) | Val  Loss: 0.5423 | Val  Acc: 0.8105
 Site-QuickDraw                 (1) | Val  Loss: 0.9085 | Val  Acc: 0.6606
 Site-Infograph                 (0) | Val  Loss: 1.0023 | Val  Acc: 0.6923
Average Valid Accuracy: 0.8240
============ Train epoch 33 ============
cnt=[1, 1, 1, 2, 1, ]
cnt=[2, 1, 1, 1, 1, ]
power_decay: 0.9, powerI: 0.5139, powerC: 0.4861
 Site-Clipart                   (3) | Train Loss: 0.2478 | Train Acc: 0.9397
 Site-Real                      (0) | Train Loss: 0.1754 | Train Acc: 0.9600
 Site-Painting                  (4) | Train Loss: 0.2810 | Train Acc: 0.9097
 Site-Sketch                    (3) | Train Loss: 0.4151 | Train Acc: 0.8821
 Site-QuickDraw                 (1) | Train Loss: 0.7789 | Train Acc: 0.7791
 Site-Infograph                 (2) | Train Loss: 0.8419 | Train Acc: 0.7521
Average Train Accuracy: 0.8705
 Site-Clipart                   (3) | Val  Loss: 0.2952 | Val  Acc: 0.9095
 Site-Real                      (0) | Val  Loss: 0.1979 | Val  Acc: 0.9500
 Site-Painting                  (4) | Val  Loss: 0.2940 | Val  Acc: 0.9252
 Site-Sketch                    (3) | Val  Loss: 0.5236 | Val  Acc: 0.8235
 Site-QuickDraw                 (1) | Val  Loss: 0.9617 | Val  Acc: 0.7064
 Site-Infograph                 (2) | Val  Loss: 0.9938 | Val  Acc: 0.6538
Average Valid Accuracy: 0.8281
============ Train epoch 34 ============
cnt=[2, 1, 1, 1, 1, ]
cnt=[2, 1, 1, 1, 1, ]
power_decay: 0.9, powerI: 0.5125, powerC: 0.4875
 Site-Clipart                   (4) | Train Loss: 0.2427 | Train Acc: 0.9429
 Site-Real                      (0) | Train Loss: 0.1748 | Train Acc: 0.9600
 Site-Painting                  (0) | Train Loss: 0.2771 | Train Acc: 0.9159
 Site-Sketch                    (3) | Train Loss: 0.3912 | Train Acc: 0.8777
 Site-QuickDraw                 (1) | Train Loss: 0.7862 | Train Acc: 0.7791
 Site-Infograph                 (2) | Train Loss: 0.8238 | Train Acc: 0.7692
Average Train Accuracy: 0.8741
 Site-Clipart                   (4) | Val  Loss: 0.2884 | Val  Acc: 0.9190
 Site-Real                      (0) | Val  Loss: 0.1838 | Val  Acc: 0.9500
 Site-Painting                  (0) | Val  Loss: 0.3614 | Val  Acc: 0.8832
 Site-Sketch                    (3) | Val  Loss: 0.5229 | Val  Acc: 0.7974
 Site-QuickDraw                 (1) | Val  Loss: 1.0540 | Val  Acc: 0.6606
 Site-Infograph                 (2) | Val  Loss: 1.1082 | Val  Acc: 0.6923
Average Valid Accuracy: 0.8171
============ Train epoch 35 ============
cnt=[2, 1, 1, 1, 1, ]
cnt=[1, 2, 1, 1, 1, ]
power_decay: 0.9, powerI: 0.5113, powerC: 0.4887
 Site-Clipart                   (4) | Train Loss: 0.2326 | Train Acc: 0.9381
 Site-Real                      (0) | Train Loss: 0.1549 | Train Acc: 0.9600
 Site-Painting                  (0) | Train Loss: 0.2632 | Train Acc: 0.9128
 Site-Sketch                    (3) | Train Loss: 0.3485 | Train Acc: 0.8821
 Site-QuickDraw                 (1) | Train Loss: 0.6521 | Train Acc: 0.8405
 Site-Infograph                 (2) | Train Loss: 0.7727 | Train Acc: 0.8034
Average Train Accuracy: 0.8895
 Site-Clipart                   (4) | Val  Loss: 0.2817 | Val  Acc: 0.9190
 Site-Real                      (0) | Val  Loss: 0.1774 | Val  Acc: 0.9667
 Site-Painting                  (0) | Val  Loss: 0.3381 | Val  Acc: 0.9206
 Site-Sketch                    (3) | Val  Loss: 0.5471 | Val  Acc: 0.8235
 Site-QuickDraw                 (1) | Val  Loss: 0.9546 | Val  Acc: 0.6514
 Site-Infograph                 (2) | Val  Loss: 1.0343 | Val  Acc: 0.6667
Average Valid Accuracy: 0.8246
============ Train epoch 36 ============
cnt=[1, 1, 1, 2, 1, ]
cnt=[1, 1, 1, 1, 2, ]
power_decay: 0.9, powerI: 0.5101, powerC: 0.4899
 Site-Clipart                   (2) | Train Loss: 0.2222 | Train Acc: 0.9429
 Site-Real                      (3) | Train Loss: 0.1638 | Train Acc: 0.9556
 Site-Painting                  (3) | Train Loss: 0.2660 | Train Acc: 0.9283
 Site-Sketch                    (4) | Train Loss: 0.3007 | Train Acc: 0.8952
 Site-QuickDraw                 (1) | Train Loss: 0.6576 | Train Acc: 0.8098
 Site-Infograph                 (0) | Train Loss: 0.8004 | Train Acc: 0.8120
Average Train Accuracy: 0.8906
 Site-Clipart                   (2) | Val  Loss: 0.2817 | Val  Acc: 0.9286
 Site-Real                      (3) | Val  Loss: 0.1853 | Val  Acc: 0.9433
 Site-Painting                  (3) | Val  Loss: 0.3286 | Val  Acc: 0.9112
 Site-Sketch                    (4) | Val  Loss: 0.5224 | Val  Acc: 0.8301
 Site-QuickDraw                 (1) | Val  Loss: 0.9010 | Val  Acc: 0.6881
 Site-Infograph                 (0) | Val  Loss: 1.0058 | Val  Acc: 0.6795
Average Valid Accuracy: 0.8301
============ Train epoch 37 ============
cnt=[1, 1, 1, 2, 1, ]
cnt=[1, 2, 1, 1, 1, ]
power_decay: 0.9, powerI: 0.5091, powerC: 0.4909
 Site-Clipart                   (3) | Train Loss: 0.2306 | Train Acc: 0.9524
 Site-Real                      (4) | Train Loss: 0.2284 | Train Acc: 0.9533
 Site-Painting                  (0) | Train Loss: 0.2490 | Train Acc: 0.9221
 Site-Sketch                    (3) | Train Loss: 0.3278 | Train Acc: 0.9039
 Site-QuickDraw                 (1) | Train Loss: 0.7189 | Train Acc: 0.7975
 Site-Infograph                 (2) | Train Loss: 0.7624 | Train Acc: 0.7863
Average Train Accuracy: 0.8859
 Site-Clipart                   (3) | Val  Loss: 0.2778 | Val  Acc: 0.9190
 Site-Real                      (4) | Val  Loss: 0.1816 | Val  Acc: 0.9500
 Site-Painting                  (0) | Val  Loss: 0.3450 | Val  Acc: 0.9065
 Site-Sketch                    (3) | Val  Loss: 0.5353 | Val  Acc: 0.8039
 Site-QuickDraw                 (1) | Val  Loss: 0.8682 | Val  Acc: 0.6972
 Site-Infograph                 (2) | Val  Loss: 0.9901 | Val  Acc: 0.7051
Average Valid Accuracy: 0.8303
============ Train epoch 38 ============
cnt=[1, 1, 1, 2, 1, ]
cnt=[1, 2, 1, 1, 1, ]
power_decay: 0.9, powerI: 0.5082, powerC: 0.4918
 Site-Clipart                   (3) | Train Loss: 0.2153 | Train Acc: 0.9587
 Site-Real                      (1) | Train Loss: 0.1452 | Train Acc: 0.9644
 Site-Painting                  (4) | Train Loss: 0.2392 | Train Acc: 0.9315
 Site-Sketch                    (3) | Train Loss: 0.3612 | Train Acc: 0.8952
 Site-QuickDraw                 (0) | Train Loss: 0.5867 | Train Acc: 0.8282
 Site-Infograph                 (2) | Train Loss: 0.7585 | Train Acc: 0.8034
Average Train Accuracy: 0.8969
 Site-Clipart                   (3) | Val  Loss: 0.2551 | Val  Acc: 0.9262
 Site-Real                      (1) | Val  Loss: 0.1673 | Val  Acc: 0.9533
 Site-Painting                  (4) | Val  Loss: 0.3167 | Val  Acc: 0.9159
 Site-Sketch                    (3) | Val  Loss: 0.5012 | Val  Acc: 0.8301
 Site-QuickDraw                 (0) | Val  Loss: 0.8812 | Val  Acc: 0.6972
 Site-Infograph                 (2) | Val  Loss: 0.9548 | Val  Acc: 0.7051
Average Valid Accuracy: 0.8380
 Best site-Clipart                  (3)  | Epoch:38 | Val Acc: 0.9262
 Best site-Real                     (1)  | Epoch:38 | Val Acc: 0.9533
 Best site-Painting                 (4)  | Epoch:38 | Val Acc: 0.9159
 Best site-Sketch                   (3)  | Epoch:38 | Val Acc: 0.8301
 Best site-QuickDraw                (0)  | Epoch:38 | Val Acc: 0.6972
 Best site-Infograph                (2)  | Epoch:38 | Val Acc: 0.7051
 Saving the gmap checkpoint to ../checkpoint/fed_domainnet_uneven_1.4_1_clscon_distinct/ccop_q=1_gmap...
 Saving the local and server checkpoint to ../checkpoint/fed_domainnet_uneven_1.4_1_clscon_distinct/ccop_q=1...
============ Train epoch 39 ============
cnt=[1, 1, 1, 2, 1, ]
cnt=[1, 2, 1, 1, 1, ]
power_decay: 0.9, powerI: 0.5074, powerC: 0.4926
 Site-Clipart                   (4) | Train Loss: 0.2189 | Train Acc: 0.9540
 Site-Real                      (3) | Train Loss: 0.1454 | Train Acc: 0.9578
 Site-Painting                  (3) | Train Loss: 0.2454 | Train Acc: 0.9190
 Site-Sketch                    (0) | Train Loss: 0.2742 | Train Acc: 0.9127
 Site-QuickDraw                 (1) | Train Loss: 0.6402 | Train Acc: 0.8344
 Site-Infograph                 (2) | Train Loss: 0.7760 | Train Acc: 0.7863
Average Train Accuracy: 0.8940
 Site-Clipart                   (4) | Val  Loss: 0.2865 | Val  Acc: 0.9119
 Site-Real                      (3) | Val  Loss: 0.1730 | Val  Acc: 0.9567
 Site-Painting                  (3) | Val  Loss: 0.3023 | Val  Acc: 0.9065
 Site-Sketch                    (0) | Val  Loss: 0.4737 | Val  Acc: 0.8235
 Site-QuickDraw                 (1) | Val  Loss: 0.8831 | Val  Acc: 0.7339
 Site-Infograph                 (2) | Val  Loss: 0.9891 | Val  Acc: 0.7436
Average Valid Accuracy: 0.8460
 Best site-Clipart                  (4)  | Epoch:39 | Val Acc: 0.9119
 Best site-Real                     (3)  | Epoch:39 | Val Acc: 0.9567
 Best site-Painting                 (3)  | Epoch:39 | Val Acc: 0.9065
 Best site-Sketch                   (0)  | Epoch:39 | Val Acc: 0.8235
 Best site-QuickDraw                (1)  | Epoch:39 | Val Acc: 0.7339
 Best site-Infograph                (2)  | Epoch:39 | Val Acc: 0.7436
 Saving the gmap checkpoint to ../checkpoint/fed_domainnet_uneven_1.4_1_clscon_distinct/ccop_q=1_gmap...
 Saving the local and server checkpoint to ../checkpoint/fed_domainnet_uneven_1.4_1_clscon_distinct/ccop_q=1...
============ Train epoch 40 ============
cnt=[1, 1, 1, 2, 1, ]
cnt=[2, 1, 1, 1, 1, ]
power_decay: 0.9, powerI: 0.5067, powerC: 0.4933
 Site-Clipart                   (1) | Train Loss: 0.2319 | Train Acc: 0.9429
 Site-Real                      (3) | Train Loss: 0.1607 | Train Acc: 0.9600
 Site-Painting                  (3) | Train Loss: 0.2148 | Train Acc: 0.9470
 Site-Sketch                    (4) | Train Loss: 0.3721 | Train Acc: 0.8952
 Site-QuickDraw                 (0) | Train Loss: 0.6590 | Train Acc: 0.8344
 Site-Infograph                 (2) | Train Loss: 0.7705 | Train Acc: 0.7692
Average Train Accuracy: 0.8914
 Site-Clipart                   (1) | Val  Loss: 0.2646 | Val  Acc: 0.9238
 Site-Real                      (3) | Val  Loss: 0.1756 | Val  Acc: 0.9467
 Site-Painting                  (3) | Val  Loss: 0.3024 | Val  Acc: 0.9019
 Site-Sketch                    (4) | Val  Loss: 0.5375 | Val  Acc: 0.8105
 Site-QuickDraw                 (0) | Val  Loss: 0.8591 | Val  Acc: 0.7156
 Site-Infograph                 (2) | Val  Loss: 0.9406 | Val  Acc: 0.7564
Average Valid Accuracy: 0.8425
 Test site-Clipart                   (1)| Epoch:39 | Test Acc: 0.8935
 Test site-Real                      (3)| Epoch:39 | Test Acc: 0.9499
 Test site-Painting                  (3)| Epoch:39 | Test Acc: 0.9386
 Test site-Sketch                    (4)| Epoch:39 | Test Acc: 0.8736
 Test site-QuickDraw                 (0)| Epoch:39 | Test Acc: 0.7060
 Test site-Infograph                 (2)| Epoch:39 | Test Acc: 0.5556
Clipart: 0.8935, Real: 0.9499, Painting: 0.9386, Sketch: 0.8736, QuickDraw: 0.7060, Infograph: 0.5556, 
Average Test Accuracy(group): 0.8195, Average Test Accuracy(individual): 0.8195,
domain std=0.1427, cluster std=0.1438, individual std=0.1427, 
Average Test Accuracy: 0.8195
 Saving the gmap checkpoint to ../checkpoint/fed_domainnet_uneven_1.4_1_clscon_distinct/ccop_q=1_gmap...
 Saving the local and server checkpoint to ../checkpoint/fed_domainnet_uneven_1.4_1_clscon_distinct/ccop_q=1...
============ Train epoch 41 ============
cnt=[2, 1, 1, 1, 1, ]
cnt=[1, 1, 1, 2, 1, ]
power_decay: 0.9, powerI: 0.5060, powerC: 0.4940
 Site-Clipart                   (0) | Train Loss: 0.2363 | Train Acc: 0.9413
 Site-Real                      (3) | Train Loss: 0.2106 | Train Acc: 0.9644
 Site-Painting                  (4) | Train Loss: 0.2305 | Train Acc: 0.9408
 Site-Sketch                    (0) | Train Loss: 0.3569 | Train Acc: 0.8952
 Site-QuickDraw                 (1) | Train Loss: 0.7092 | Train Acc: 0.8221
 Site-Infograph                 (2) | Train Loss: 0.7107 | Train Acc: 0.8034
Average Train Accuracy: 0.8945
 Site-Clipart                   (0) | Val  Loss: 0.2561 | Val  Acc: 0.9238
 Site-Real                      (3) | Val  Loss: 0.1807 | Val  Acc: 0.9467
 Site-Painting                  (4) | Val  Loss: 0.2466 | Val  Acc: 0.9252
 Site-Sketch                    (0) | Val  Loss: 0.4459 | Val  Acc: 0.8431
 Site-QuickDraw                 (1) | Val  Loss: 0.7909 | Val  Acc: 0.7890
 Site-Infograph                 (2) | Val  Loss: 0.8936 | Val  Acc: 0.7821
Average Valid Accuracy: 0.8683
 Best site-Clipart                  (0)  | Epoch:41 | Val Acc: 0.9238
 Best site-Real                     (3)  | Epoch:41 | Val Acc: 0.9467
 Best site-Painting                 (4)  | Epoch:41 | Val Acc: 0.9252
 Best site-Sketch                   (0)  | Epoch:41 | Val Acc: 0.8431
 Best site-QuickDraw                (1)  | Epoch:41 | Val Acc: 0.7890
 Best site-Infograph                (2)  | Epoch:41 | Val Acc: 0.7821
 Test site-Clipart                   (0)| Epoch:41 | Test Acc: 0.8897
 Test site-Real                      (3)| Epoch:41 | Test Acc: 0.9482
 Test site-Painting                  (4)| Epoch:41 | Test Acc: 0.9402
 Test site-Sketch                    (0)| Epoch:41 | Test Acc: 0.8809
 Test site-QuickDraw                 (1)| Epoch:41 | Test Acc: 0.7040
 Test site-Infograph                 (2)| Epoch:41 | Test Acc: 0.5525
Clipart: 0.8897, Real: 0.9482, Painting: 0.9402, Sketch: 0.8809, QuickDraw: 0.7040, Infograph: 0.5525, 
Average Test Accuracy(group): 0.8193, Average Test Accuracy(individual): 0.8193,
domain std=0.1440, cluster std=0.1544, individual std=0.1440, 
Average Test Accuracy: 0.8193
============ Train epoch 42 ============
cnt=[1, 1, 1, 2, 1, ]
cnt=[2, 1, 1, 1, 1, ]
power_decay: 0.9, powerI: 0.5054, powerC: 0.4946
 Site-Clipart                   (0) | Train Loss: 0.2278 | Train Acc: 0.9349
 Site-Real                      (3) | Train Loss: 0.1448 | Train Acc: 0.9533
 Site-Painting                  (3) | Train Loss: 0.4001 | Train Acc: 0.9221
 Site-Sketch                    (4) | Train Loss: 0.3519 | Train Acc: 0.8952
 Site-QuickDraw                 (1) | Train Loss: 0.6177 | Train Acc: 0.8405
 Site-Infograph                 (2) | Train Loss: 0.7055 | Train Acc: 0.8547
Average Train Accuracy: 0.9001
 Site-Clipart                   (0) | Val  Loss: 0.2693 | Val  Acc: 0.9167
 Site-Real                      (3) | Val  Loss: 0.1624 | Val  Acc: 0.9567
 Site-Painting                  (3) | Val  Loss: 0.3186 | Val  Acc: 0.9019
 Site-Sketch                    (4) | Val  Loss: 0.4791 | Val  Acc: 0.8562
 Site-QuickDraw                 (1) | Val  Loss: 0.8238 | Val  Acc: 0.6881
 Site-Infograph                 (2) | Val  Loss: 0.9402 | Val  Acc: 0.7051
Average Valid Accuracy: 0.8374
 Test site-Clipart                   (0)| Epoch:41 | Test Acc: 0.8954
 Test site-Real                      (3)| Epoch:41 | Test Acc: 0.9507
 Test site-Painting                  (3)| Epoch:41 | Test Acc: 0.9402
 Test site-Sketch                    (4)| Epoch:41 | Test Acc: 0.8791
 Test site-QuickDraw                 (1)| Epoch:41 | Test Acc: 0.7140
 Test site-Infograph                 (2)| Epoch:41 | Test Acc: 0.5495
Clipart: 0.8954, Real: 0.9507, Painting: 0.9402, Sketch: 0.8791, QuickDraw: 0.7140, Infograph: 0.5495, 
Average Test Accuracy(group): 0.8215, Average Test Accuracy(individual): 0.8215,
domain std=0.1444, cluster std=0.1460, individual std=0.1444, 
Average Test Accuracy: 0.8215
 Saving the gmap checkpoint to ../checkpoint/fed_domainnet_uneven_1.4_1_clscon_distinct/ccop_q=1_gmap...
 Saving the local and server checkpoint to ../checkpoint/fed_domainnet_uneven_1.4_1_clscon_distinct/ccop_q=1...
============ Train epoch 43 ============
cnt=[1, 1, 1, 2, 1, ]
cnt=[1, 1, 1, 2, 1, ]
power_decay: 0.9, powerI: 0.5048, powerC: 0.4952
 Site-Clipart                   (0) | Train Loss: 0.2088 | Train Acc: 0.9540
 Site-Real                      (3) | Train Loss: 0.1720 | Train Acc: 0.9622
 Site-Painting                  (3) | Train Loss: 0.2163 | Train Acc: 0.9377
 Site-Sketch                    (4) | Train Loss: 0.3688 | Train Acc: 0.9258
 Site-QuickDraw                 (1) | Train Loss: 0.5638 | Train Acc: 0.8589
 Site-Infograph                 (2) | Train Loss: 0.7354 | Train Acc: 0.8120
Average Train Accuracy: 0.9084
 Site-Clipart                   (0) | Val  Loss: 0.2792 | Val  Acc: 0.9190
 Site-Real                      (3) | Val  Loss: 0.1672 | Val  Acc: 0.9500
 Site-Painting                  (3) | Val  Loss: 0.2919 | Val  Acc: 0.9252
 Site-Sketch                    (4) | Val  Loss: 0.5074 | Val  Acc: 0.8170
 Site-QuickDraw                 (1) | Val  Loss: 0.8738 | Val  Acc: 0.7431
 Site-Infograph                 (2) | Val  Loss: 0.9977 | Val  Acc: 0.7179
Average Valid Accuracy: 0.8454
 Test site-Clipart                   (0)| Epoch:42 | Test Acc: 0.8954
 Test site-Real                      (3)| Epoch:42 | Test Acc: 0.9556
 Test site-Painting                  (3)| Epoch:42 | Test Acc: 0.9338
 Test site-Sketch                    (4)| Epoch:42 | Test Acc: 0.8827
 Test site-QuickDraw                 (1)| Epoch:42 | Test Acc: 0.7100
 Test site-Infograph                 (2)| Epoch:42 | Test Acc: 0.5571
Clipart: 0.8954, Real: 0.9556, Painting: 0.9338, Sketch: 0.8827, QuickDraw: 0.7100, Infograph: 0.5571, 
Average Test Accuracy(group): 0.8224, Average Test Accuracy(individual): 0.8224,
domain std=0.1427, cluster std=0.1442, individual std=0.1427, 
Average Test Accuracy: 0.8224
 Saving the gmap checkpoint to ../checkpoint/fed_domainnet_uneven_1.4_1_clscon_distinct/ccop_q=1_gmap...
 Saving the local and server checkpoint to ../checkpoint/fed_domainnet_uneven_1.4_1_clscon_distinct/ccop_q=1...
============ Train epoch 44 ============
cnt=[1, 1, 1, 2, 1, ]
cnt=[1, 1, 1, 2, 1, ]
power_decay: 0.9, powerI: 0.5044, powerC: 0.4956
 Site-Clipart                   (3) | Train Loss: 0.2170 | Train Acc: 0.9492
 Site-Real                      (0) | Train Loss: 0.1424 | Train Acc: 0.9578
 Site-Painting                  (4) | Train Loss: 0.2039 | Train Acc: 0.9346
 Site-Sketch                    (3) | Train Loss: 0.3476 | Train Acc: 0.9083
 Site-QuickDraw                 (1) | Train Loss: 0.6893 | Train Acc: 0.8160
 Site-Infograph                 (2) | Train Loss: 0.6501 | Train Acc: 0.8120
Average Train Accuracy: 0.8963
 Site-Clipart                   (3) | Val  Loss: 0.2597 | Val  Acc: 0.9119
 Site-Real                      (0) | Val  Loss: 0.1584 | Val  Acc: 0.9633
 Site-Painting                  (4) | Val  Loss: 0.2889 | Val  Acc: 0.9065
 Site-Sketch                    (3) | Val  Loss: 0.4843 | Val  Acc: 0.8105
 Site-QuickDraw                 (1) | Val  Loss: 0.8726 | Val  Acc: 0.7431
 Site-Infograph                 (2) | Val  Loss: 1.0040 | Val  Acc: 0.7051
Average Valid Accuracy: 0.8401
 Test site-Clipart                   (3)| Epoch:43 | Test Acc: 0.8935
 Test site-Real                      (0)| Epoch:43 | Test Acc: 0.9548
 Test site-Painting                  (4)| Epoch:43 | Test Acc: 0.9402
 Test site-Sketch                    (3)| Epoch:43 | Test Acc: 0.8899
 Test site-QuickDraw                 (1)| Epoch:43 | Test Acc: 0.7040
 Test site-Infograph                 (2)| Epoch:43 | Test Acc: 0.5540
Clipart: 0.8935, Real: 0.9548, Painting: 0.9402, Sketch: 0.8899, QuickDraw: 0.7040, Infograph: 0.5540, 
Average Test Accuracy(group): 0.8227, Average Test Accuracy(individual): 0.8227,
domain std=0.1455, cluster std=0.1558, individual std=0.1455, 
Average Test Accuracy: 0.8227
 Saving the gmap checkpoint to ../checkpoint/fed_domainnet_uneven_1.4_1_clscon_distinct/ccop_q=1_gmap...
 Saving the local and server checkpoint to ../checkpoint/fed_domainnet_uneven_1.4_1_clscon_distinct/ccop_q=1...
============ Train epoch 45 ============
cnt=[1, 1, 1, 2, 1, ]
cnt=[1, 1, 1, 2, 1, ]
power_decay: 0.9, powerI: 0.5039, powerC: 0.4961
 Site-Clipart                   (3) | Train Loss: 0.1841 | Train Acc: 0.9651
 Site-Real                      (4) | Train Loss: 0.1384 | Train Acc: 0.9578
 Site-Painting                  (1) | Train Loss: 0.2090 | Train Acc: 0.9377
 Site-Sketch                    (3) | Train Loss: 0.3124 | Train Acc: 0.8996
 Site-QuickDraw                 (0) | Train Loss: 0.6540 | Train Acc: 0.8528
 Site-Infograph                 (2) | Train Loss: 0.7189 | Train Acc: 0.8034
Average Train Accuracy: 0.9027
 Site-Clipart                   (3) | Val  Loss: 0.2383 | Val  Acc: 0.9262
 Site-Real                      (4) | Val  Loss: 0.1682 | Val  Acc: 0.9533
 Site-Painting                  (1) | Val  Loss: 0.2993 | Val  Acc: 0.9159
 Site-Sketch                    (3) | Val  Loss: 0.4835 | Val  Acc: 0.8562
 Site-QuickDraw                 (0) | Val  Loss: 0.8670 | Val  Acc: 0.7706
 Site-Infograph                 (2) | Val  Loss: 0.9408 | Val  Acc: 0.7436
Average Valid Accuracy: 0.8610
 Test site-Clipart                   (3)| Epoch:44 | Test Acc: 0.8916
 Test site-Real                      (4)| Epoch:44 | Test Acc: 0.9532
 Test site-Painting                  (1)| Epoch:44 | Test Acc: 0.9354
 Test site-Sketch                    (3)| Epoch:44 | Test Acc: 0.8881
 Test site-QuickDraw                 (0)| Epoch:44 | Test Acc: 0.7220
 Test site-Infograph                 (2)| Epoch:44 | Test Acc: 0.5556
Clipart: 0.8916, Real: 0.9532, Painting: 0.9354, Sketch: 0.8881, QuickDraw: 0.7220, Infograph: 0.5556, 
Average Test Accuracy(group): 0.8243, Average Test Accuracy(individual): 0.8243,
domain std=0.1416, cluster std=0.1517, individual std=0.1416, 
Average Test Accuracy: 0.8243
 Saving the gmap checkpoint to ../checkpoint/fed_domainnet_uneven_1.4_1_clscon_distinct/ccop_q=1_gmap...
 Saving the local and server checkpoint to ../checkpoint/fed_domainnet_uneven_1.4_1_clscon_distinct/ccop_q=1...
============ Train epoch 46 ============
cnt=[1, 1, 1, 2, 1, ]
cnt=[2, 1, 1, 1, 1, ]
power_decay: 0.9, powerI: 0.5035, powerC: 0.4965
 Site-Clipart                   (2) | Train Loss: 0.1959 | Train Acc: 0.9619
 Site-Real                      (3) | Train Loss: 0.1558 | Train Acc: 0.9533
 Site-Painting                  (3) | Train Loss: 0.2387 | Train Acc: 0.9190
 Site-Sketch                    (4) | Train Loss: 0.2974 | Train Acc: 0.9083
 Site-QuickDraw                 (1) | Train Loss: 0.7219 | Train Acc: 0.7853
 Site-Infograph                 (0) | Train Loss: 0.6576 | Train Acc: 0.8462
Average Train Accuracy: 0.8957
 Site-Clipart                   (2) | Val  Loss: 0.2456 | Val  Acc: 0.9333
 Site-Real                      (3) | Val  Loss: 0.1800 | Val  Acc: 0.9500
 Site-Painting                  (3) | Val  Loss: 0.2899 | Val  Acc: 0.9206
 Site-Sketch                    (4) | Val  Loss: 0.4712 | Val  Acc: 0.8235
 Site-QuickDraw                 (1) | Val  Loss: 0.7923 | Val  Acc: 0.7798
 Site-Infograph                 (0) | Val  Loss: 0.9414 | Val  Acc: 0.7564
Average Valid Accuracy: 0.8606
 Test site-Clipart                   (2)| Epoch:45 | Test Acc: 0.8954
 Test site-Real                      (3)| Epoch:45 | Test Acc: 0.9515
 Test site-Painting                  (3)| Epoch:45 | Test Acc: 0.9370
 Test site-Sketch                    (4)| Epoch:45 | Test Acc: 0.8809
 Test site-QuickDraw                 (1)| Epoch:45 | Test Acc: 0.7300
 Test site-Infograph                 (0)| Epoch:45 | Test Acc: 0.5510
Clipart: 0.8954, Real: 0.9515, Painting: 0.9370, Sketch: 0.8809, QuickDraw: 0.7300, Infograph: 0.5510, 
Average Test Accuracy(group): 0.8243, Average Test Accuracy(individual): 0.8243,
domain std=0.1419, cluster std=0.1438, individual std=0.1419, 
Average Test Accuracy: 0.8243
============ Train epoch 47 ============
cnt=[2, 1, 1, 1, 1, ]
cnt=[2, 1, 1, 1, 1, ]
power_decay: 0.9, powerI: 0.5032, powerC: 0.4968
 Site-Clipart                   (3) | Train Loss: 0.1935 | Train Acc: 0.9556
 Site-Real                      (0) | Train Loss: 0.1474 | Train Acc: 0.9578
 Site-Painting                  (0) | Train Loss: 0.2157 | Train Acc: 0.9315
 Site-Sketch                    (4) | Train Loss: 0.3072 | Train Acc: 0.9170
 Site-QuickDraw                 (1) | Train Loss: 0.5488 | Train Acc: 0.8037
 Site-Infograph                 (2) | Train Loss: 0.7084 | Train Acc: 0.8034
Average Train Accuracy: 0.8948
 Site-Clipart                   (3) | Val  Loss: 0.2416 | Val  Acc: 0.9357
 Site-Real                      (0) | Val  Loss: 0.1522 | Val  Acc: 0.9567
 Site-Painting                  (0) | Val  Loss: 0.2732 | Val  Acc: 0.9206
 Site-Sketch                    (4) | Val  Loss: 0.5051 | Val  Acc: 0.7908
 Site-QuickDraw                 (1) | Val  Loss: 0.8859 | Val  Acc: 0.6697
 Site-Infograph                 (2) | Val  Loss: 1.0114 | Val  Acc: 0.7692
Average Valid Accuracy: 0.8405
 Test site-Clipart                   (3)| Epoch:45 | Test Acc: 0.8935
 Test site-Real                      (0)| Epoch:45 | Test Acc: 0.9507
 Test site-Painting                  (0)| Epoch:45 | Test Acc: 0.9386
 Test site-Sketch                    (4)| Epoch:45 | Test Acc: 0.8791
 Test site-QuickDraw                 (1)| Epoch:45 | Test Acc: 0.7290
 Test site-Infograph                 (2)| Epoch:45 | Test Acc: 0.5525
Clipart: 0.8935, Real: 0.9507, Painting: 0.9386, Sketch: 0.8791, QuickDraw: 0.7290, Infograph: 0.5525, 
Average Test Accuracy(group): 0.8239, Average Test Accuracy(individual): 0.8239,
domain std=0.1413, cluster std=0.1430, individual std=0.1413, 
Average Test Accuracy: 0.8239
============ Train epoch 48 ============
cnt=[1, 2, 1, 1, 1, ]
cnt=[1, 1, 1, 2, 1, ]
power_decay: 0.9, powerI: 0.5029, powerC: 0.4971
 Site-Clipart                   (3) | Train Loss: 0.1990 | Train Acc: 0.9540
 Site-Real                      (1) | Train Loss: 0.1415 | Train Acc: 0.9667
 Site-Painting                  (1) | Train Loss: 0.2393 | Train Acc: 0.9190
 Site-Sketch                    (4) | Train Loss: 0.2831 | Train Acc: 0.8952
 Site-QuickDraw                 (0) | Train Loss: 0.5371 | Train Acc: 0.8344
 Site-Infograph                 (2) | Train Loss: 0.6552 | Train Acc: 0.8803
Average Train Accuracy: 0.9083
 Site-Clipart                   (3) | Val  Loss: 0.2483 | Val  Acc: 0.9238
 Site-Real                      (1) | Val  Loss: 0.1652 | Val  Acc: 0.9533
 Site-Painting                  (1) | Val  Loss: 0.3147 | Val  Acc: 0.9019
 Site-Sketch                    (4) | Val  Loss: 0.4591 | Val  Acc: 0.8431
 Site-QuickDraw                 (0) | Val  Loss: 0.8409 | Val  Acc: 0.7706
 Site-Infograph                 (2) | Val  Loss: 0.9452 | Val  Acc: 0.7051
Average Valid Accuracy: 0.8497
 Test site-Clipart                   (3)| Epoch:45 | Test Acc: 0.8973
 Test site-Real                      (1)| Epoch:45 | Test Acc: 0.9499
 Test site-Painting                  (1)| Epoch:45 | Test Acc: 0.9402
 Test site-Sketch                    (4)| Epoch:45 | Test Acc: 0.8809
 Test site-QuickDraw                 (0)| Epoch:45 | Test Acc: 0.7210
 Test site-Infograph                 (2)| Epoch:45 | Test Acc: 0.5647
Clipart: 0.8973, Real: 0.9499, Painting: 0.9402, Sketch: 0.8809, QuickDraw: 0.7210, Infograph: 0.5647, 
Average Test Accuracy(group): 0.8257, Average Test Accuracy(individual): 0.8257,
domain std=0.1389, cluster std=0.1405, individual std=0.1389, 
Average Test Accuracy: 0.8257
 Saving the gmap checkpoint to ../checkpoint/fed_domainnet_uneven_1.4_1_clscon_distinct/ccop_q=1_gmap...
 Saving the local and server checkpoint to ../checkpoint/fed_domainnet_uneven_1.4_1_clscon_distinct/ccop_q=1...
============ Train epoch 49 ============
cnt=[1, 1, 2, 1, 1, ]
cnt=[1, 1, 1, 2, 1, ]
power_decay: 0.9, powerI: 0.5026, powerC: 0.4974
 Site-Clipart                   (4) | Train Loss: 0.1898 | Train Acc: 0.9571
 Site-Real                      (2) | Train Loss: 0.1978 | Train Acc: 0.9622
 Site-Painting                  (2) | Train Loss: 0.2332 | Train Acc: 0.9252
 Site-Sketch                    (3) | Train Loss: 0.3150 | Train Acc: 0.9345
 Site-QuickDraw                 (1) | Train Loss: 0.5963 | Train Acc: 0.8466
 Site-Infograph                 (0) | Train Loss: 0.6387 | Train Acc: 0.8462
Average Train Accuracy: 0.9120
 Site-Clipart                   (4) | Val  Loss: 0.2335 | Val  Acc: 0.9333
 Site-Real                      (2) | Val  Loss: 0.1703 | Val  Acc: 0.9500
 Site-Painting                  (2) | Val  Loss: 0.2987 | Val  Acc: 0.9206
 Site-Sketch                    (3) | Val  Loss: 0.5022 | Val  Acc: 0.8105
 Site-QuickDraw                 (1) | Val  Loss: 0.8374 | Val  Acc: 0.7248
 Site-Infograph                 (0) | Val  Loss: 0.8951 | Val  Acc: 0.7179
Average Valid Accuracy: 0.8428
 Test site-Clipart                   (4)| Epoch:48 | Test Acc: 0.8973
 Test site-Real                      (2)| Epoch:48 | Test Acc: 0.9523
 Test site-Painting                  (2)| Epoch:48 | Test Acc: 0.9370
 Test site-Sketch                    (3)| Epoch:48 | Test Acc: 0.8773
 Test site-QuickDraw                 (1)| Epoch:48 | Test Acc: 0.7270
 Test site-Infograph                 (0)| Epoch:48 | Test Acc: 0.5601
Clipart: 0.8973, Real: 0.9523, Painting: 0.9370, Sketch: 0.8773, QuickDraw: 0.7270, Infograph: 0.5601, 
Average Test Accuracy(group): 0.8252, Average Test Accuracy(individual): 0.8252,
domain std=0.1393, cluster std=0.1409, individual std=0.1393, 
Average Test Accuracy: 0.8252
===2023-07-03 14:17:16===
===2023-07-03 14:17:18===
===Setting===
    dataset: domainnet
    lr: 0.01
    batch: 32
    iters: 10
    wk_iters: 1
    si: False
    domain_num: 6
    quantile: 0
    power_cs: 1
    std_rw: False
    gender_label: False
    binary_race: False
    save_iter: -1
    mix5: False
    power_relu: 1
    Ea_val: False
data_number=[630,450,321,229,163,117,
client_nums=[1,1,1,1,1,1,]
len_dataset=[2103,1502,1072,765,546,390,]
domain number = 6
Loading snapshots...
 Test site-Clipart                   | Epoch:48 | Test Acc: 0.8973
 Test site-Real                      | Epoch:48 | Test Acc: 0.9499
 Test site-Painting                  | Epoch:48 | Test Acc: 0.9402
 Test site-Sketch                    | Epoch:48 | Test Acc: 0.8809
 Test site-QuickDraw                 | Epoch:48 | Test Acc: 0.7210
 Test site-Infograph                 | Epoch:48 | Test Acc: 0.5647
Clipart: 0.8973, Real: 0.9499, Painting: 0.9402, Sketch: 0.8809, QuickDraw: 0.7210, Infograph: 0.5647, 
Average Test Accuracy(group): 0.8257, Average Test Accuracy(individual): 0.8257,
domain std=0.1389, cluster std=-1.0000, individual std=0.1389, 
