===2023-07-02 11:16:52===
===Setting===
    dataset: domainnet
    lr: 0.01
    batch: 64
    iters: 50
    wk_iters: 1
    si: False
    domain_num: 6
    quantile: 0
    power_cs: 1
    std_rw: False
    gender_label: False
    binary_race: False
    save_iter: -1
    mix5: False
    power_relu: 1
    Ea_val: False
data_number=[630,450,321,229,163,117,
client_nums=[1,1,1,1,1,1,]
len_dataset=[2103,1502,1072,765,546,390,]
domain number = 6
============ Train epoch 0 ============
 Site-Clipart                       | Train Loss: 2.1059 | Train Acc: 0.5937
 Site-Real                          | Train Loss: 2.0665 | Train Acc: 0.8044
 Site-Painting                      | Train Loss: 2.1223 | Train Acc: 0.6480
 Site-Sketch                        | Train Loss: 2.1333 | Train Acc: 0.5633
 Site-QuickDraw                     | Train Loss: 2.2761 | Train Acc: 0.1350
 Site-Infograph                     | Train Loss: 2.2464 | Train Acc: 0.2308
Average Train Accuracy: 0.4959
 Site-Clipart                       | Val  Loss: 2.1052 | Val  Acc: 0.5976
 Site-Real                          | Val  Loss: 2.0476 | Val  Acc: 0.8067
 Site-Painting                      | Val  Loss: 2.0846 | Val  Acc: 0.6729
 Site-Sketch                        | Val  Loss: 2.1206 | Val  Acc: 0.5948
 Site-QuickDraw                     | Val  Loss: 2.2712 | Val  Acc: 0.1009
 Site-Infograph                     | Val  Loss: 2.2062 | Val  Acc: 0.2821
Average Valid Accuracy: 0.5092
 Best site-Clipart                   | Epoch:0 | Val Acc: 0.5976
 Best site-Real                      | Epoch:0 | Val Acc: 0.8067
 Best site-Painting                  | Epoch:0 | Val Acc: 0.6729
 Best site-Sketch                    | Epoch:0 | Val Acc: 0.5948
 Best site-QuickDraw                 | Epoch:0 | Val Acc: 0.1009
 Best site-Infograph                 | Epoch:0 | Val Acc: 0.2821
 Saving the local and server checkpoint to ../checkpoint/fed_domainnet_uneven_1.4_1_distinct/fedmix...
============ Train epoch 1 ============
 Site-Clipart                       | Train Loss: 1.9326 | Train Acc: 0.7111
 Site-Real                          | Train Loss: 1.8587 | Train Acc: 0.8778
 Site-Painting                      | Train Loss: 1.8639 | Train Acc: 0.7882
 Site-Sketch                        | Train Loss: 1.9667 | Train Acc: 0.6419
 Site-QuickDraw                     | Train Loss: 2.2325 | Train Acc: 0.1534
 Site-Infograph                     | Train Loss: 2.1884 | Train Acc: 0.2735
Average Train Accuracy: 0.5743
 Site-Clipart                       | Val  Loss: 1.9332 | Val  Acc: 0.7214
 Site-Real                          | Val  Loss: 1.8346 | Val  Acc: 0.8967
 Site-Painting                      | Val  Loss: 1.9133 | Val  Acc: 0.7523
 Site-Sketch                        | Val  Loss: 1.9689 | Val  Acc: 0.6863
 Site-QuickDraw                     | Val  Loss: 2.2206 | Val  Acc: 0.1376
 Site-Infograph                     | Val  Loss: 2.1368 | Val  Acc: 0.3974
Average Valid Accuracy: 0.5986
 Best site-Clipart                   | Epoch:1 | Val Acc: 0.7214
 Best site-Real                      | Epoch:1 | Val Acc: 0.8967
 Best site-Painting                  | Epoch:1 | Val Acc: 0.7523
 Best site-Sketch                    | Epoch:1 | Val Acc: 0.6863
 Best site-QuickDraw                 | Epoch:1 | Val Acc: 0.1376
 Best site-Infograph                 | Epoch:1 | Val Acc: 0.3974
 Saving the local and server checkpoint to ../checkpoint/fed_domainnet_uneven_1.4_1_distinct/fedmix...
============ Train epoch 2 ============
 Site-Clipart                       | Train Loss: 1.7770 | Train Acc: 0.7397
 Site-Real                          | Train Loss: 1.6538 | Train Acc: 0.9089
 Site-Painting                      | Train Loss: 1.7367 | Train Acc: 0.8224
 Site-Sketch                        | Train Loss: 1.8114 | Train Acc: 0.6987
 Site-QuickDraw                     | Train Loss: 2.1943 | Train Acc: 0.2454
 Site-Infograph                     | Train Loss: 2.1341 | Train Acc: 0.3162
Average Train Accuracy: 0.6219
 Site-Clipart                       | Val  Loss: 1.7790 | Val  Acc: 0.7857
 Site-Real                          | Val  Loss: 1.6282 | Val  Acc: 0.9167
 Site-Painting                      | Val  Loss: 1.7453 | Val  Acc: 0.7991
 Site-Sketch                        | Val  Loss: 1.8051 | Val  Acc: 0.6993
 Site-QuickDraw                     | Val  Loss: 2.1894 | Val  Acc: 0.2110
 Site-Infograph                     | Val  Loss: 2.0668 | Val  Acc: 0.3718
Average Valid Accuracy: 0.6306
 Best site-Clipart                   | Epoch:2 | Val Acc: 0.7857
 Best site-Real                      | Epoch:2 | Val Acc: 0.9167
 Best site-Painting                  | Epoch:2 | Val Acc: 0.7991
 Best site-Sketch                    | Epoch:2 | Val Acc: 0.6993
 Best site-QuickDraw                 | Epoch:2 | Val Acc: 0.2110
 Best site-Infograph                 | Epoch:2 | Val Acc: 0.3718
 Saving the local and server checkpoint to ../checkpoint/fed_domainnet_uneven_1.4_1_distinct/fedmix...
============ Train epoch 3 ============
 Site-Clipart                       | Train Loss: 1.6264 | Train Acc: 0.7778
 Site-Real                          | Train Loss: 1.4229 | Train Acc: 0.9378
 Site-Painting                      | Train Loss: 1.6562 | Train Acc: 0.8069
 Site-Sketch                        | Train Loss: 1.6884 | Train Acc: 0.7380
 Site-QuickDraw                     | Train Loss: 2.1704 | Train Acc: 0.2883
 Site-Infograph                     | Train Loss: 2.0842 | Train Acc: 0.3504
Average Train Accuracy: 0.6499
 Site-Clipart                       | Val  Loss: 1.6353 | Val  Acc: 0.7881
 Site-Real                          | Val  Loss: 1.4438 | Val  Acc: 0.9267
 Site-Painting                      | Val  Loss: 1.5964 | Val  Acc: 0.7804
 Site-Sketch                        | Val  Loss: 1.6434 | Val  Acc: 0.7451
 Site-QuickDraw                     | Val  Loss: 2.1547 | Val  Acc: 0.2936
 Site-Infograph                     | Val  Loss: 1.9782 | Val  Acc: 0.4359
Average Valid Accuracy: 0.6616
 Best site-Clipart                   | Epoch:3 | Val Acc: 0.7881
 Best site-Real                      | Epoch:3 | Val Acc: 0.9267
 Best site-Painting                  | Epoch:3 | Val Acc: 0.7804
 Best site-Sketch                    | Epoch:3 | Val Acc: 0.7451
 Best site-QuickDraw                 | Epoch:3 | Val Acc: 0.2936
 Best site-Infograph                 | Epoch:3 | Val Acc: 0.4359
 Saving the local and server checkpoint to ../checkpoint/fed_domainnet_uneven_1.4_1_distinct/fedmix...
============ Train epoch 4 ============
 Site-Clipart                       | Train Loss: 1.4935 | Train Acc: 0.7905
 Site-Real                          | Train Loss: 1.3035 | Train Acc: 0.9444
 Site-Painting                      | Train Loss: 1.3611 | Train Acc: 0.8193
 Site-Sketch                        | Train Loss: 1.5556 | Train Acc: 0.7424
 Site-QuickDraw                     | Train Loss: 2.1328 | Train Acc: 0.3190
 Site-Infograph                     | Train Loss: 2.0399 | Train Acc: 0.3846
Average Train Accuracy: 0.6667
 Site-Clipart                       | Val  Loss: 1.4922 | Val  Acc: 0.7833
 Site-Real                          | Val  Loss: 1.2749 | Val  Acc: 0.9467
 Site-Painting                      | Val  Loss: 1.4482 | Val  Acc: 0.8224
 Site-Sketch                        | Val  Loss: 1.5314 | Val  Acc: 0.7190
 Site-QuickDraw                     | Val  Loss: 2.1308 | Val  Acc: 0.3119
 Site-Infograph                     | Val  Loss: 1.9035 | Val  Acc: 0.4615
Average Valid Accuracy: 0.6741
 Best site-Clipart                   | Epoch:4 | Val Acc: 0.7833
 Best site-Real                      | Epoch:4 | Val Acc: 0.9467
 Best site-Painting                  | Epoch:4 | Val Acc: 0.8224
 Best site-Sketch                    | Epoch:4 | Val Acc: 0.7190
 Best site-QuickDraw                 | Epoch:4 | Val Acc: 0.3119
 Best site-Infograph                 | Epoch:4 | Val Acc: 0.4615
 Saving the local and server checkpoint to ../checkpoint/fed_domainnet_uneven_1.4_1_distinct/fedmix...
============ Train epoch 5 ============
 Site-Clipart                       | Train Loss: 1.3584 | Train Acc: 0.8175
 Site-Real                          | Train Loss: 1.1099 | Train Acc: 0.9378
 Site-Painting                      | Train Loss: 1.2441 | Train Acc: 0.8474
 Site-Sketch                        | Train Loss: 1.4360 | Train Acc: 0.7511
 Site-QuickDraw                     | Train Loss: 2.0806 | Train Acc: 0.3129
 Site-Infograph                     | Train Loss: 2.0095 | Train Acc: 0.3846
Average Train Accuracy: 0.6752
 Site-Clipart                       | Val  Loss: 1.3624 | Val  Acc: 0.8143
 Site-Real                          | Val  Loss: 1.1171 | Val  Acc: 0.9633
 Site-Painting                      | Val  Loss: 1.3367 | Val  Acc: 0.8271
 Site-Sketch                        | Val  Loss: 1.3677 | Val  Acc: 0.7582
 Site-QuickDraw                     | Val  Loss: 2.1178 | Val  Acc: 0.3119
 Site-Infograph                     | Val  Loss: 1.8527 | Val  Acc: 0.4615
Average Valid Accuracy: 0.6894
 Best site-Clipart                   | Epoch:5 | Val Acc: 0.8143
 Best site-Real                      | Epoch:5 | Val Acc: 0.9633
 Best site-Painting                  | Epoch:5 | Val Acc: 0.8271
 Best site-Sketch                    | Epoch:5 | Val Acc: 0.7582
 Best site-QuickDraw                 | Epoch:5 | Val Acc: 0.3119
 Best site-Infograph                 | Epoch:5 | Val Acc: 0.4615
 Saving the local and server checkpoint to ../checkpoint/fed_domainnet_uneven_1.4_1_distinct/fedmix...
============ Train epoch 6 ============
 Site-Clipart                       | Train Loss: 1.2463 | Train Acc: 0.8492
 Site-Real                          | Train Loss: 0.9977 | Train Acc: 0.9378
 Site-Painting                      | Train Loss: 1.0918 | Train Acc: 0.8536
 Site-Sketch                        | Train Loss: 1.3335 | Train Acc: 0.7773
 Site-QuickDraw                     | Train Loss: 2.0583 | Train Acc: 0.3558
 Site-Infograph                     | Train Loss: 1.9810 | Train Acc: 0.3675
Average Train Accuracy: 0.6902
 Site-Clipart                       | Val  Loss: 1.2623 | Val  Acc: 0.8333
 Site-Real                          | Val  Loss: 0.9829 | Val  Acc: 0.9633
 Site-Painting                      | Val  Loss: 1.2220 | Val  Acc: 0.8411
 Site-Sketch                        | Val  Loss: 1.3158 | Val  Acc: 0.7255
 Site-QuickDraw                     | Val  Loss: 2.0954 | Val  Acc: 0.3303
 Site-Infograph                     | Val  Loss: 1.7917 | Val  Acc: 0.4359
Average Valid Accuracy: 0.6882
============ Train epoch 7 ============
 Site-Clipart                       | Train Loss: 1.1610 | Train Acc: 0.8190
 Site-Real                          | Train Loss: 0.8699 | Train Acc: 0.9533
 Site-Painting                      | Train Loss: 1.0617 | Train Acc: 0.8536
 Site-Sketch                        | Train Loss: 1.2552 | Train Acc: 0.7555
 Site-QuickDraw                     | Train Loss: 2.0568 | Train Acc: 0.3620
 Site-Infograph                     | Train Loss: 1.9443 | Train Acc: 0.3761
Average Train Accuracy: 0.6866
 Site-Clipart                       | Val  Loss: 1.1717 | Val  Acc: 0.8429
 Site-Real                          | Val  Loss: 0.8684 | Val  Acc: 0.9667
 Site-Painting                      | Val  Loss: 1.1193 | Val  Acc: 0.8224
 Site-Sketch                        | Val  Loss: 1.2081 | Val  Acc: 0.7451
 Site-QuickDraw                     | Val  Loss: 2.0662 | Val  Acc: 0.3578
 Site-Infograph                     | Val  Loss: 1.7733 | Val  Acc: 0.4487
Average Valid Accuracy: 0.6973
 Best site-Clipart                   | Epoch:7 | Val Acc: 0.8429
 Best site-Real                      | Epoch:7 | Val Acc: 0.9667
 Best site-Painting                  | Epoch:7 | Val Acc: 0.8224
 Best site-Sketch                    | Epoch:7 | Val Acc: 0.7451
 Best site-QuickDraw                 | Epoch:7 | Val Acc: 0.3578
 Best site-Infograph                 | Epoch:7 | Val Acc: 0.4487
 Saving the local and server checkpoint to ../checkpoint/fed_domainnet_uneven_1.4_1_distinct/fedmix...
============ Train epoch 8 ============
 Site-Clipart                       | Train Loss: 1.0636 | Train Acc: 0.8365
 Site-Real                          | Train Loss: 0.7787 | Train Acc: 0.9556
 Site-Painting                      | Train Loss: 1.1314 | Train Acc: 0.8567
 Site-Sketch                        | Train Loss: 1.1813 | Train Acc: 0.7380
 Site-QuickDraw                     | Train Loss: 1.9974 | Train Acc: 0.3681
 Site-Infograph                     | Train Loss: 1.8450 | Train Acc: 0.4017
Average Train Accuracy: 0.6928
 Site-Clipart                       | Val  Loss: 1.0739 | Val  Acc: 0.8524
 Site-Real                          | Val  Loss: 0.7648 | Val  Acc: 0.9467
 Site-Painting                      | Val  Loss: 1.0595 | Val  Acc: 0.8271
 Site-Sketch                        | Val  Loss: 1.1104 | Val  Acc: 0.7582
 Site-QuickDraw                     | Val  Loss: 2.0243 | Val  Acc: 0.3486
 Site-Infograph                     | Val  Loss: 1.6441 | Val  Acc: 0.5385
Average Valid Accuracy: 0.7119
 Best site-Clipart                   | Epoch:8 | Val Acc: 0.8524
 Best site-Real                      | Epoch:8 | Val Acc: 0.9467
 Best site-Painting                  | Epoch:8 | Val Acc: 0.8271
 Best site-Sketch                    | Epoch:8 | Val Acc: 0.7582
 Best site-QuickDraw                 | Epoch:8 | Val Acc: 0.3486
 Best site-Infograph                 | Epoch:8 | Val Acc: 0.5385
 Saving the local and server checkpoint to ../checkpoint/fed_domainnet_uneven_1.4_1_distinct/fedmix...
============ Train epoch 9 ============
 Site-Clipart                       | Train Loss: 0.9899 | Train Acc: 0.8667
 Site-Real                          | Train Loss: 0.6754 | Train Acc: 0.9556
 Site-Painting                      | Train Loss: 0.8494 | Train Acc: 0.8442
 Site-Sketch                        | Train Loss: 1.1235 | Train Acc: 0.7598
 Site-QuickDraw                     | Train Loss: 1.9903 | Train Acc: 0.4049
 Site-Infograph                     | Train Loss: 1.8613 | Train Acc: 0.3932
Average Train Accuracy: 0.7041
 Site-Clipart                       | Val  Loss: 1.0112 | Val  Acc: 0.8429
 Site-Real                          | Val  Loss: 0.6842 | Val  Acc: 0.9567
 Site-Painting                      | Val  Loss: 0.9693 | Val  Acc: 0.8364
 Site-Sketch                        | Val  Loss: 1.0674 | Val  Acc: 0.7712
 Site-QuickDraw                     | Val  Loss: 2.0099 | Val  Acc: 0.3211
 Site-Infograph                     | Val  Loss: 1.5730 | Val  Acc: 0.4744
Average Valid Accuracy: 0.7004
============ Train epoch 10 ============
 Site-Clipart                       | Train Loss: 0.9245 | Train Acc: 0.8619
 Site-Real                          | Train Loss: 0.5767 | Train Acc: 0.9511
 Site-Painting                      | Train Loss: 0.8915 | Train Acc: 0.8411
 Site-Sketch                        | Train Loss: 1.0174 | Train Acc: 0.7817
 Site-QuickDraw                     | Train Loss: 1.9719 | Train Acc: 0.3742
 Site-Infograph                     | Train Loss: 1.8373 | Train Acc: 0.4103
Average Train Accuracy: 0.7034
 Site-Clipart                       | Val  Loss: 0.9371 | Val  Acc: 0.8524
 Site-Real                          | Val  Loss: 0.6147 | Val  Acc: 0.9533
 Site-Painting                      | Val  Loss: 0.9308 | Val  Acc: 0.8318
 Site-Sketch                        | Val  Loss: 1.0062 | Val  Acc: 0.7582
 Site-QuickDraw                     | Val  Loss: 1.9859 | Val  Acc: 0.3578
 Site-Infograph                     | Val  Loss: 1.6606 | Val  Acc: 0.5128
Average Valid Accuracy: 0.7110
============ Train epoch 11 ============
 Site-Clipart                       | Train Loss: 0.8837 | Train Acc: 0.8619
 Site-Real                          | Train Loss: 0.5302 | Train Acc: 0.9667
 Site-Painting                      | Train Loss: 1.0246 | Train Acc: 0.8505
 Site-Sketch                        | Train Loss: 1.0058 | Train Acc: 0.7729
 Site-QuickDraw                     | Train Loss: 1.9894 | Train Acc: 0.3926
 Site-Infograph                     | Train Loss: 1.8334 | Train Acc: 0.4188
Average Train Accuracy: 0.7106
 Site-Clipart                       | Val  Loss: 0.9179 | Val  Acc: 0.8310
 Site-Real                          | Val  Loss: 0.5661 | Val  Acc: 0.9533
 Site-Painting                      | Val  Loss: 0.8952 | Val  Acc: 0.8271
 Site-Sketch                        | Val  Loss: 1.0189 | Val  Acc: 0.7647
 Site-QuickDraw                     | Val  Loss: 1.9822 | Val  Acc: 0.4037
 Site-Infograph                     | Val  Loss: 1.5780 | Val  Acc: 0.5256
Average Valid Accuracy: 0.7176
 Best site-Clipart                   | Epoch:11 | Val Acc: 0.8310
 Best site-Real                      | Epoch:11 | Val Acc: 0.9533
 Best site-Painting                  | Epoch:11 | Val Acc: 0.8271
 Best site-Sketch                    | Epoch:11 | Val Acc: 0.7647
 Best site-QuickDraw                 | Epoch:11 | Val Acc: 0.4037
 Best site-Infograph                 | Epoch:11 | Val Acc: 0.5256
 Saving the local and server checkpoint to ../checkpoint/fed_domainnet_uneven_1.4_1_distinct/fedmix...
============ Train epoch 12 ============
 Site-Clipart                       | Train Loss: 0.8140 | Train Acc: 0.8683
 Site-Real                          | Train Loss: 0.5033 | Train Acc: 0.9600
 Site-Painting                      | Train Loss: 0.6691 | Train Acc: 0.8598
 Site-Sketch                        | Train Loss: 0.9459 | Train Acc: 0.7948
 Site-QuickDraw                     | Train Loss: 1.9180 | Train Acc: 0.3497
 Site-Infograph                     | Train Loss: 1.8205 | Train Acc: 0.4103
Average Train Accuracy: 0.7071
 Site-Clipart                       | Val  Loss: 0.8524 | Val  Acc: 0.8500
 Site-Real                          | Val  Loss: 0.4990 | Val  Acc: 0.9733
 Site-Painting                      | Val  Loss: 0.8136 | Val  Acc: 0.8411
 Site-Sketch                        | Val  Loss: 0.8940 | Val  Acc: 0.7778
 Site-QuickDraw                     | Val  Loss: 1.9527 | Val  Acc: 0.3761
 Site-Infograph                     | Val  Loss: 1.5542 | Val  Acc: 0.4744
Average Valid Accuracy: 0.7155
============ Train epoch 13 ============
 Site-Clipart                       | Train Loss: 0.7941 | Train Acc: 0.8635
 Site-Real                          | Train Loss: 0.5312 | Train Acc: 0.9644
 Site-Painting                      | Train Loss: 0.7889 | Train Acc: 0.8785
 Site-Sketch                        | Train Loss: 0.9228 | Train Acc: 0.7642
 Site-QuickDraw                     | Train Loss: 1.9268 | Train Acc: 0.3681
 Site-Infograph                     | Train Loss: 1.7787 | Train Acc: 0.3932
Average Train Accuracy: 0.7053
 Site-Clipart                       | Val  Loss: 0.8065 | Val  Acc: 0.8452
 Site-Real                          | Val  Loss: 0.4780 | Val  Acc: 0.9600
 Site-Painting                      | Val  Loss: 0.7637 | Val  Acc: 0.8551
 Site-Sketch                        | Val  Loss: 0.8761 | Val  Acc: 0.7647
 Site-QuickDraw                     | Val  Loss: 1.9460 | Val  Acc: 0.3119
 Site-Infograph                     | Val  Loss: 1.4525 | Val  Acc: 0.5256
Average Valid Accuracy: 0.7104
============ Train epoch 14 ============
 Site-Clipart                       | Train Loss: 0.7528 | Train Acc: 0.8683
 Site-Real                          | Train Loss: 0.3909 | Train Acc: 0.9578
 Site-Painting                      | Train Loss: 0.7489 | Train Acc: 0.8567
 Site-Sketch                        | Train Loss: 0.8797 | Train Acc: 0.7991
 Site-QuickDraw                     | Train Loss: 1.9292 | Train Acc: 0.3497
 Site-Infograph                     | Train Loss: 1.7201 | Train Acc: 0.4359
Average Train Accuracy: 0.7112
 Site-Clipart                       | Val  Loss: 0.7465 | Val  Acc: 0.8738
 Site-Real                          | Val  Loss: 0.4230 | Val  Acc: 0.9633
 Site-Painting                      | Val  Loss: 0.7662 | Val  Acc: 0.8458
 Site-Sketch                        | Val  Loss: 0.8122 | Val  Acc: 0.7974
 Site-QuickDraw                     | Val  Loss: 1.9153 | Val  Acc: 0.3670
 Site-Infograph                     | Val  Loss: 1.5591 | Val  Acc: 0.5128
Average Valid Accuracy: 0.7267
 Best site-Clipart                   | Epoch:14 | Val Acc: 0.8738
 Best site-Real                      | Epoch:14 | Val Acc: 0.9633
 Best site-Painting                  | Epoch:14 | Val Acc: 0.8458
 Best site-Sketch                    | Epoch:14 | Val Acc: 0.7974
 Best site-QuickDraw                 | Epoch:14 | Val Acc: 0.3670
 Best site-Infograph                 | Epoch:14 | Val Acc: 0.5128
 Saving the local and server checkpoint to ../checkpoint/fed_domainnet_uneven_1.4_1_distinct/fedmix...
============ Train epoch 15 ============
 Site-Clipart                       | Train Loss: 0.7062 | Train Acc: 0.8730
 Site-Real                          | Train Loss: 0.4309 | Train Acc: 0.9711
 Site-Painting                      | Train Loss: 0.5699 | Train Acc: 0.8567
 Site-Sketch                        | Train Loss: 0.8363 | Train Acc: 0.7860
 Site-QuickDraw                     | Train Loss: 1.9009 | Train Acc: 0.3926
 Site-Infograph                     | Train Loss: 1.7501 | Train Acc: 0.4017
Average Train Accuracy: 0.7135
 Site-Clipart                       | Val  Loss: 0.7223 | Val  Acc: 0.8786
 Site-Real                          | Val  Loss: 0.4076 | Val  Acc: 0.9667
 Site-Painting                      | Val  Loss: 0.7476 | Val  Acc: 0.8458
 Site-Sketch                        | Val  Loss: 0.8141 | Val  Acc: 0.7582
 Site-QuickDraw                     | Val  Loss: 1.9060 | Val  Acc: 0.3761
 Site-Infograph                     | Val  Loss: 1.4325 | Val  Acc: 0.5000
Average Valid Accuracy: 0.7209
============ Train epoch 16 ============
 Site-Clipart                       | Train Loss: 0.6954 | Train Acc: 0.8746
 Site-Real                          | Train Loss: 0.3371 | Train Acc: 0.9644
 Site-Painting                      | Train Loss: 0.7202 | Train Acc: 0.8785
 Site-Sketch                        | Train Loss: 0.8412 | Train Acc: 0.7729
 Site-QuickDraw                     | Train Loss: 1.8820 | Train Acc: 0.3988
 Site-Infograph                     | Train Loss: 1.7522 | Train Acc: 0.3846
Average Train Accuracy: 0.7123
 Site-Clipart                       | Val  Loss: 0.7136 | Val  Acc: 0.8643
 Site-Real                          | Val  Loss: 0.3690 | Val  Acc: 0.9600
 Site-Painting                      | Val  Loss: 0.6976 | Val  Acc: 0.8505
 Site-Sketch                        | Val  Loss: 0.7490 | Val  Acc: 0.7908
 Site-QuickDraw                     | Val  Loss: 1.9025 | Val  Acc: 0.3761
 Site-Infograph                     | Val  Loss: 1.3969 | Val  Acc: 0.5256
Average Valid Accuracy: 0.7279
 Best site-Clipart                   | Epoch:16 | Val Acc: 0.8643
 Best site-Real                      | Epoch:16 | Val Acc: 0.9600
 Best site-Painting                  | Epoch:16 | Val Acc: 0.8505
 Best site-Sketch                    | Epoch:16 | Val Acc: 0.7908
 Best site-QuickDraw                 | Epoch:16 | Val Acc: 0.3761
 Best site-Infograph                 | Epoch:16 | Val Acc: 0.5256
 Saving the local and server checkpoint to ../checkpoint/fed_domainnet_uneven_1.4_1_distinct/fedmix...
============ Train epoch 17 ============
 Site-Clipart                       | Train Loss: 0.6492 | Train Acc: 0.8889
 Site-Real                          | Train Loss: 0.3154 | Train Acc: 0.9733
 Site-Painting                      | Train Loss: 0.9023 | Train Acc: 0.8629
 Site-Sketch                        | Train Loss: 0.8175 | Train Acc: 0.7948
 Site-QuickDraw                     | Train Loss: 1.8718 | Train Acc: 0.3926
 Site-Infograph                     | Train Loss: 1.7115 | Train Acc: 0.4530
Average Train Accuracy: 0.7276
 Site-Clipart                       | Val  Loss: 0.6764 | Val  Acc: 0.8976
 Site-Real                          | Val  Loss: 0.3527 | Val  Acc: 0.9667
 Site-Painting                      | Val  Loss: 0.6979 | Val  Acc: 0.8271
 Site-Sketch                        | Val  Loss: 0.7603 | Val  Acc: 0.7974
 Site-QuickDraw                     | Val  Loss: 1.9050 | Val  Acc: 0.3761
 Site-Infograph                     | Val  Loss: 1.3536 | Val  Acc: 0.5385
Average Valid Accuracy: 0.7339
 Best site-Clipart                   | Epoch:17 | Val Acc: 0.8976
 Best site-Real                      | Epoch:17 | Val Acc: 0.9667
 Best site-Painting                  | Epoch:17 | Val Acc: 0.8271
 Best site-Sketch                    | Epoch:17 | Val Acc: 0.7974
 Best site-QuickDraw                 | Epoch:17 | Val Acc: 0.3761
 Best site-Infograph                 | Epoch:17 | Val Acc: 0.5385
 Saving the local and server checkpoint to ../checkpoint/fed_domainnet_uneven_1.4_1_distinct/fedmix...
============ Train epoch 18 ============
 Site-Clipart                       | Train Loss: 0.6198 | Train Acc: 0.8937
 Site-Real                          | Train Loss: 0.3201 | Train Acc: 0.9578
 Site-Painting                      | Train Loss: 0.5062 | Train Acc: 0.8692
 Site-Sketch                        | Train Loss: 0.7800 | Train Acc: 0.7860
 Site-QuickDraw                     | Train Loss: 1.8710 | Train Acc: 0.3620
 Site-Infograph                     | Train Loss: 1.7294 | Train Acc: 0.3932
Average Train Accuracy: 0.7103
 Site-Clipart                       | Val  Loss: 0.6649 | Val  Acc: 0.8690
 Site-Real                          | Val  Loss: 0.3323 | Val  Acc: 0.9600
 Site-Painting                      | Val  Loss: 0.6651 | Val  Acc: 0.8458
 Site-Sketch                        | Val  Loss: 0.7443 | Val  Acc: 0.8039
 Site-QuickDraw                     | Val  Loss: 1.9108 | Val  Acc: 0.3761
 Site-Infograph                     | Val  Loss: 1.3913 | Val  Acc: 0.5513
Average Valid Accuracy: 0.7344
 Best site-Clipart                   | Epoch:18 | Val Acc: 0.8690
 Best site-Real                      | Epoch:18 | Val Acc: 0.9600
 Best site-Painting                  | Epoch:18 | Val Acc: 0.8458
 Best site-Sketch                    | Epoch:18 | Val Acc: 0.8039
 Best site-QuickDraw                 | Epoch:18 | Val Acc: 0.3761
 Best site-Infograph                 | Epoch:18 | Val Acc: 0.5513
 Saving the local and server checkpoint to ../checkpoint/fed_domainnet_uneven_1.4_1_distinct/fedmix...
============ Train epoch 19 ============
 Site-Clipart                       | Train Loss: 0.5872 | Train Acc: 0.8937
 Site-Real                          | Train Loss: 0.2956 | Train Acc: 0.9756
 Site-Painting                      | Train Loss: 0.7655 | Train Acc: 0.8785
 Site-Sketch                        | Train Loss: 0.7655 | Train Acc: 0.7948
 Site-QuickDraw                     | Train Loss: 1.8570 | Train Acc: 0.3926
 Site-Infograph                     | Train Loss: 1.7229 | Train Acc: 0.4188
Average Train Accuracy: 0.7257
 Site-Clipart                       | Val  Loss: 0.6178 | Val  Acc: 0.8929
 Site-Real                          | Val  Loss: 0.3159 | Val  Acc: 0.9667
 Site-Painting                      | Val  Loss: 0.6137 | Val  Acc: 0.8785
 Site-Sketch                        | Val  Loss: 0.7845 | Val  Acc: 0.7647
 Site-QuickDraw                     | Val  Loss: 1.8287 | Val  Acc: 0.4037
 Site-Infograph                     | Val  Loss: 1.4054 | Val  Acc: 0.5385
Average Valid Accuracy: 0.7408
 Best site-Clipart                   | Epoch:19 | Val Acc: 0.8929
 Best site-Real                      | Epoch:19 | Val Acc: 0.9667
 Best site-Painting                  | Epoch:19 | Val Acc: 0.8785
 Best site-Sketch                    | Epoch:19 | Val Acc: 0.7647
 Best site-QuickDraw                 | Epoch:19 | Val Acc: 0.4037
 Best site-Infograph                 | Epoch:19 | Val Acc: 0.5385
 Saving the local and server checkpoint to ../checkpoint/fed_domainnet_uneven_1.4_1_distinct/fedmix...
============ Train epoch 20 ============
 Site-Clipart                       | Train Loss: 0.5803 | Train Acc: 0.9048
 Site-Real                          | Train Loss: 0.2694 | Train Acc: 0.9778
 Site-Painting                      | Train Loss: 0.7717 | Train Acc: 0.8723
 Site-Sketch                        | Train Loss: 0.7592 | Train Acc: 0.7904
 Site-QuickDraw                     | Train Loss: 1.8339 | Train Acc: 0.3988
 Site-Infograph                     | Train Loss: 1.6982 | Train Acc: 0.4359
Average Train Accuracy: 0.7300
 Site-Clipart                       | Val  Loss: 0.6004 | Val  Acc: 0.8929
 Site-Real                          | Val  Loss: 0.2847 | Val  Acc: 0.9733
 Site-Painting                      | Val  Loss: 0.6180 | Val  Acc: 0.8505
 Site-Sketch                        | Val  Loss: 0.7373 | Val  Acc: 0.8235
 Site-QuickDraw                     | Val  Loss: 1.7864 | Val  Acc: 0.4220
 Site-Infograph                     | Val  Loss: 1.4219 | Val  Acc: 0.5256
Average Valid Accuracy: 0.7480
 Best site-Clipart                   | Epoch:20 | Val Acc: 0.8929
 Best site-Real                      | Epoch:20 | Val Acc: 0.9733
 Best site-Painting                  | Epoch:20 | Val Acc: 0.8505
 Best site-Sketch                    | Epoch:20 | Val Acc: 0.8235
 Best site-QuickDraw                 | Epoch:20 | Val Acc: 0.4220
 Best site-Infograph                 | Epoch:20 | Val Acc: 0.5256
 Saving the local and server checkpoint to ../checkpoint/fed_domainnet_uneven_1.4_1_distinct/fedmix...
============ Train epoch 21 ============
 Site-Clipart                       | Train Loss: 0.5520 | Train Acc: 0.9111
 Site-Real                          | Train Loss: 0.2836 | Train Acc: 0.9622
 Site-Painting                      | Train Loss: 0.6599 | Train Acc: 0.8692
 Site-Sketch                        | Train Loss: 0.7282 | Train Acc: 0.8035
 Site-QuickDraw                     | Train Loss: 1.8251 | Train Acc: 0.4049
 Site-Infograph                     | Train Loss: 1.6784 | Train Acc: 0.4615
Average Train Accuracy: 0.7354
 Site-Clipart                       | Val  Loss: 0.5781 | Val  Acc: 0.9048
 Site-Real                          | Val  Loss: 0.2920 | Val  Acc: 0.9667
 Site-Painting                      | Val  Loss: 0.6170 | Val  Acc: 0.8318
 Site-Sketch                        | Val  Loss: 0.6867 | Val  Acc: 0.7974
 Site-QuickDraw                     | Val  Loss: 1.8428 | Val  Acc: 0.4037
 Site-Infograph                     | Val  Loss: 1.4194 | Val  Acc: 0.5128
Average Valid Accuracy: 0.7362
============ Train epoch 22 ============
 Site-Clipart                       | Train Loss: 0.5507 | Train Acc: 0.8952
 Site-Real                          | Train Loss: 0.2321 | Train Acc: 0.9689
 Site-Painting                      | Train Loss: 0.5967 | Train Acc: 0.8629
 Site-Sketch                        | Train Loss: 0.7194 | Train Acc: 0.7773
 Site-QuickDraw                     | Train Loss: 1.7929 | Train Acc: 0.4110
 Site-Infograph                     | Train Loss: 1.6699 | Train Acc: 0.4530
Average Train Accuracy: 0.7281
 Site-Clipart                       | Val  Loss: 0.5467 | Val  Acc: 0.8976
 Site-Real                          | Val  Loss: 0.2923 | Val  Acc: 0.9700
 Site-Painting                      | Val  Loss: 0.6304 | Val  Acc: 0.8364
 Site-Sketch                        | Val  Loss: 0.7458 | Val  Acc: 0.7778
 Site-QuickDraw                     | Val  Loss: 1.8776 | Val  Acc: 0.3394
 Site-Infograph                     | Val  Loss: 1.3624 | Val  Acc: 0.5513
Average Valid Accuracy: 0.7288
============ Train epoch 23 ============
 Site-Clipart                       | Train Loss: 0.5266 | Train Acc: 0.9000
 Site-Real                          | Train Loss: 0.2696 | Train Acc: 0.9689
 Site-Painting                      | Train Loss: 0.4326 | Train Acc: 0.8785
 Site-Sketch                        | Train Loss: 0.7321 | Train Acc: 0.7817
 Site-QuickDraw                     | Train Loss: 1.7887 | Train Acc: 0.4172
 Site-Infograph                     | Train Loss: 1.6851 | Train Acc: 0.4444
Average Train Accuracy: 0.7318
 Site-Clipart                       | Val  Loss: 0.5702 | Val  Acc: 0.8810
 Site-Real                          | Val  Loss: 0.2642 | Val  Acc: 0.9667
 Site-Painting                      | Val  Loss: 0.6486 | Val  Acc: 0.8411
 Site-Sketch                        | Val  Loss: 0.6543 | Val  Acc: 0.7974
 Site-QuickDraw                     | Val  Loss: 1.7985 | Val  Acc: 0.4128
 Site-Infograph                     | Val  Loss: 1.3368 | Val  Acc: 0.5769
Average Valid Accuracy: 0.7460
============ Train epoch 24 ============
 Site-Clipart                       | Train Loss: 0.4997 | Train Acc: 0.9079
 Site-Real                          | Train Loss: 0.2092 | Train Acc: 0.9778
 Site-Painting                      | Train Loss: 0.5167 | Train Acc: 0.8754
 Site-Sketch                        | Train Loss: 0.6971 | Train Acc: 0.8122
 Site-QuickDraw                     | Train Loss: 1.8285 | Train Acc: 0.3865
 Site-Infograph                     | Train Loss: 1.6406 | Train Acc: 0.4701
Average Train Accuracy: 0.7383
 Site-Clipart                       | Val  Loss: 0.5423 | Val  Acc: 0.8881
 Site-Real                          | Val  Loss: 0.2488 | Val  Acc: 0.9733
 Site-Painting                      | Val  Loss: 0.6092 | Val  Acc: 0.8551
 Site-Sketch                        | Val  Loss: 0.6819 | Val  Acc: 0.7908
 Site-QuickDraw                     | Val  Loss: 1.7932 | Val  Acc: 0.3853
 Site-Infograph                     | Val  Loss: 1.2538 | Val  Acc: 0.5513
Average Valid Accuracy: 0.7407
============ Train epoch 25 ============
 Site-Clipart                       | Train Loss: 0.5092 | Train Acc: 0.9032
 Site-Real                          | Train Loss: 0.2147 | Train Acc: 0.9733
 Site-Painting                      | Train Loss: 0.4679 | Train Acc: 0.8785
 Site-Sketch                        | Train Loss: 0.6974 | Train Acc: 0.7948
 Site-QuickDraw                     | Train Loss: 1.7844 | Train Acc: 0.4294
 Site-Infograph                     | Train Loss: 1.6612 | Train Acc: 0.4530
Average Train Accuracy: 0.7387
 Site-Clipart                       | Val  Loss: 0.5330 | Val  Acc: 0.9048
 Site-Real                          | Val  Loss: 0.2409 | Val  Acc: 0.9733
 Site-Painting                      | Val  Loss: 0.6132 | Val  Acc: 0.8411
 Site-Sketch                        | Val  Loss: 0.6067 | Val  Acc: 0.8235
 Site-QuickDraw                     | Val  Loss: 1.7905 | Val  Acc: 0.4037
 Site-Infograph                     | Val  Loss: 1.3676 | Val  Acc: 0.5256
Average Valid Accuracy: 0.7453
============ Train epoch 26 ============
 Site-Clipart                       | Train Loss: 0.4705 | Train Acc: 0.9206
 Site-Real                          | Train Loss: 0.2112 | Train Acc: 0.9711
 Site-Painting                      | Train Loss: 0.4211 | Train Acc: 0.8785
 Site-Sketch                        | Train Loss: 0.6754 | Train Acc: 0.8166
 Site-QuickDraw                     | Train Loss: 1.8230 | Train Acc: 0.4110
 Site-Infograph                     | Train Loss: 1.6453 | Train Acc: 0.4444
Average Train Accuracy: 0.7404
 Site-Clipart                       | Val  Loss: 0.5049 | Val  Acc: 0.9000
 Site-Real                          | Val  Loss: 0.2274 | Val  Acc: 0.9733
 Site-Painting                      | Val  Loss: 0.5587 | Val  Acc: 0.8458
 Site-Sketch                        | Val  Loss: 0.6117 | Val  Acc: 0.8366
 Site-QuickDraw                     | Val  Loss: 1.8308 | Val  Acc: 0.3578
 Site-Infograph                     | Val  Loss: 1.3297 | Val  Acc: 0.5385
Average Valid Accuracy: 0.7420
============ Train epoch 27 ============
 Site-Clipart                       | Train Loss: 0.4667 | Train Acc: 0.9095
 Site-Real                          | Train Loss: 0.1910 | Train Acc: 0.9711
 Site-Painting                      | Train Loss: 0.3922 | Train Acc: 0.8785
 Site-Sketch                        | Train Loss: 0.6569 | Train Acc: 0.8166
 Site-QuickDraw                     | Train Loss: 1.7760 | Train Acc: 0.4233
 Site-Infograph                     | Train Loss: 1.6938 | Train Acc: 0.4188
Average Train Accuracy: 0.7363
 Site-Clipart                       | Val  Loss: 0.5090 | Val  Acc: 0.8929
 Site-Real                          | Val  Loss: 0.2422 | Val  Acc: 0.9667
 Site-Painting                      | Val  Loss: 0.5398 | Val  Acc: 0.8692
 Site-Sketch                        | Val  Loss: 0.6359 | Val  Acc: 0.7712
 Site-QuickDraw                     | Val  Loss: 1.8021 | Val  Acc: 0.4220
 Site-Infograph                     | Val  Loss: 1.2890 | Val  Acc: 0.5641
Average Valid Accuracy: 0.7477
============ Train epoch 28 ============
 Site-Clipart                       | Train Loss: 0.4589 | Train Acc: 0.9111
 Site-Real                          | Train Loss: 0.2891 | Train Acc: 0.9689
 Site-Painting                      | Train Loss: 0.3786 | Train Acc: 0.8847
 Site-Sketch                        | Train Loss: 0.7046 | Train Acc: 0.7904
 Site-QuickDraw                     | Train Loss: 1.7560 | Train Acc: 0.4356
 Site-Infograph                     | Train Loss: 1.6992 | Train Acc: 0.4188
Average Train Accuracy: 0.7349
 Site-Clipart                       | Val  Loss: 0.4852 | Val  Acc: 0.9143
 Site-Real                          | Val  Loss: 0.2403 | Val  Acc: 0.9600
 Site-Painting                      | Val  Loss: 0.5623 | Val  Acc: 0.8364
 Site-Sketch                        | Val  Loss: 0.6380 | Val  Acc: 0.8039
 Site-QuickDraw                     | Val  Loss: 1.7665 | Val  Acc: 0.3670
 Site-Infograph                     | Val  Loss: 1.2641 | Val  Acc: 0.5641
Average Valid Accuracy: 0.7410
============ Train epoch 29 ============
 Site-Clipart                       | Train Loss: 0.4388 | Train Acc: 0.9270
 Site-Real                          | Train Loss: 0.2456 | Train Acc: 0.9778
 Site-Painting                      | Train Loss: 0.3817 | Train Acc: 0.9065
 Site-Sketch                        | Train Loss: 0.6723 | Train Acc: 0.8079
 Site-QuickDraw                     | Train Loss: 1.7768 | Train Acc: 0.4233
 Site-Infograph                     | Train Loss: 1.6603 | Train Acc: 0.4530
Average Train Accuracy: 0.7492
 Site-Clipart                       | Val  Loss: 0.4849 | Val  Acc: 0.9024
 Site-Real                          | Val  Loss: 0.2181 | Val  Acc: 0.9700
 Site-Painting                      | Val  Loss: 0.5264 | Val  Acc: 0.8645
 Site-Sketch                        | Val  Loss: 0.6316 | Val  Acc: 0.8301
 Site-QuickDraw                     | Val  Loss: 1.8135 | Val  Acc: 0.3853
 Site-Infograph                     | Val  Loss: 1.2844 | Val  Acc: 0.5769
Average Valid Accuracy: 0.7549
 Best site-Clipart                   | Epoch:29 | Val Acc: 0.9024
 Best site-Real                      | Epoch:29 | Val Acc: 0.9700
 Best site-Painting                  | Epoch:29 | Val Acc: 0.8645
 Best site-Sketch                    | Epoch:29 | Val Acc: 0.8301
 Best site-QuickDraw                 | Epoch:29 | Val Acc: 0.3853
 Best site-Infograph                 | Epoch:29 | Val Acc: 0.5769
 Saving the local and server checkpoint to ../checkpoint/fed_domainnet_uneven_1.4_1_distinct/fedmix...
============ Train epoch 30 ============
 Site-Clipart                       | Train Loss: 0.4290 | Train Acc: 0.9302
 Site-Real                          | Train Loss: 0.1758 | Train Acc: 0.9711
 Site-Painting                      | Train Loss: 0.3916 | Train Acc: 0.8754
 Site-Sketch                        | Train Loss: 0.6571 | Train Acc: 0.8122
 Site-QuickDraw                     | Train Loss: 1.7866 | Train Acc: 0.3988
 Site-Infograph                     | Train Loss: 1.6693 | Train Acc: 0.4017
Average Train Accuracy: 0.7316
 Site-Clipart                       | Val  Loss: 0.4551 | Val  Acc: 0.9095
 Site-Real                          | Val  Loss: 0.2071 | Val  Acc: 0.9633
 Site-Painting                      | Val  Loss: 0.5481 | Val  Acc: 0.8505
 Site-Sketch                        | Val  Loss: 0.6382 | Val  Acc: 0.7974
 Site-QuickDraw                     | Val  Loss: 1.7562 | Val  Acc: 0.4128
 Site-Infograph                     | Val  Loss: 1.3061 | Val  Acc: 0.5513
Average Valid Accuracy: 0.7475
============ Train epoch 31 ============
 Site-Clipart                       | Train Loss: 0.4305 | Train Acc: 0.9286
 Site-Real                          | Train Loss: 0.1674 | Train Acc: 0.9711
 Site-Painting                      | Train Loss: 0.4193 | Train Acc: 0.9065
 Site-Sketch                        | Train Loss: 0.6440 | Train Acc: 0.8253
 Site-QuickDraw                     | Train Loss: 1.7736 | Train Acc: 0.4233
 Site-Infograph                     | Train Loss: 1.6542 | Train Acc: 0.4444
Average Train Accuracy: 0.7499
 Site-Clipart                       | Val  Loss: 0.4786 | Val  Acc: 0.9071
 Site-Real                          | Val  Loss: 0.2007 | Val  Acc: 0.9733
 Site-Painting                      | Val  Loss: 0.5023 | Val  Acc: 0.8551
 Site-Sketch                        | Val  Loss: 0.5969 | Val  Acc: 0.8235
 Site-QuickDraw                     | Val  Loss: 1.7485 | Val  Acc: 0.3853
 Site-Infograph                     | Val  Loss: 1.2620 | Val  Acc: 0.5513
Average Valid Accuracy: 0.7493
============ Train epoch 32 ============
 Site-Clipart                       | Train Loss: 0.4077 | Train Acc: 0.9333
 Site-Real                          | Train Loss: 0.1627 | Train Acc: 0.9756
 Site-Painting                      | Train Loss: 0.3932 | Train Acc: 0.8910
 Site-Sketch                        | Train Loss: 0.6290 | Train Acc: 0.8297
 Site-QuickDraw                     | Train Loss: 1.7810 | Train Acc: 0.3926
 Site-Infograph                     | Train Loss: 1.6044 | Train Acc: 0.4701
Average Train Accuracy: 0.7487
 Site-Clipart                       | Val  Loss: 0.4510 | Val  Acc: 0.9143
 Site-Real                          | Val  Loss: 0.1979 | Val  Acc: 0.9667
 Site-Painting                      | Val  Loss: 0.5676 | Val  Acc: 0.8364
 Site-Sketch                        | Val  Loss: 0.6079 | Val  Acc: 0.8170
 Site-QuickDraw                     | Val  Loss: 1.7710 | Val  Acc: 0.4037
 Site-Infograph                     | Val  Loss: 1.3917 | Val  Acc: 0.5128
Average Valid Accuracy: 0.7418
============ Train epoch 33 ============
 Site-Clipart                       | Train Loss: 0.4159 | Train Acc: 0.9270
 Site-Real                          | Train Loss: 0.1596 | Train Acc: 0.9778
 Site-Painting                      | Train Loss: 0.4226 | Train Acc: 0.8910
 Site-Sketch                        | Train Loss: 0.5828 | Train Acc: 0.8384
 Site-QuickDraw                     | Train Loss: 1.7175 | Train Acc: 0.4049
 Site-Infograph                     | Train Loss: 1.6307 | Train Acc: 0.4530
Average Train Accuracy: 0.7487
 Site-Clipart                       | Val  Loss: 0.4727 | Val  Acc: 0.9048
 Site-Real                          | Val  Loss: 0.1999 | Val  Acc: 0.9667
 Site-Painting                      | Val  Loss: 0.5512 | Val  Acc: 0.8318
 Site-Sketch                        | Val  Loss: 0.5547 | Val  Acc: 0.8170
 Site-QuickDraw                     | Val  Loss: 1.7758 | Val  Acc: 0.4128
 Site-Infograph                     | Val  Loss: 1.3160 | Val  Acc: 0.5641
Average Valid Accuracy: 0.7495
============ Train epoch 34 ============
 Site-Clipart                       | Train Loss: 0.4099 | Train Acc: 0.9190
 Site-Real                          | Train Loss: 0.1609 | Train Acc: 0.9711
 Site-Painting                      | Train Loss: 0.3596 | Train Acc: 0.8941
 Site-Sketch                        | Train Loss: 0.6146 | Train Acc: 0.8253
 Site-QuickDraw                     | Train Loss: 1.7659 | Train Acc: 0.4049
 Site-Infograph                     | Train Loss: 1.6002 | Train Acc: 0.4530
Average Train Accuracy: 0.7446
 Site-Clipart                       | Val  Loss: 0.4431 | Val  Acc: 0.9143
 Site-Real                          | Val  Loss: 0.2043 | Val  Acc: 0.9633
 Site-Painting                      | Val  Loss: 0.5115 | Val  Acc: 0.8645
 Site-Sketch                        | Val  Loss: 0.5553 | Val  Acc: 0.8431
 Site-QuickDraw                     | Val  Loss: 1.7397 | Val  Acc: 0.3853
 Site-Infograph                     | Val  Loss: 1.3602 | Val  Acc: 0.5513
Average Valid Accuracy: 0.7536
============ Train epoch 35 ============
 Site-Clipart                       | Train Loss: 0.3906 | Train Acc: 0.9444
 Site-Real                          | Train Loss: 0.1544 | Train Acc: 0.9756
 Site-Painting                      | Train Loss: 0.3424 | Train Acc: 0.8972
 Site-Sketch                        | Train Loss: 0.5843 | Train Acc: 0.8428
 Site-QuickDraw                     | Train Loss: 1.7287 | Train Acc: 0.4172
 Site-Infograph                     | Train Loss: 1.5895 | Train Acc: 0.4444
Average Train Accuracy: 0.7536
 Site-Clipart                       | Val  Loss: 0.4593 | Val  Acc: 0.9024
 Site-Real                          | Val  Loss: 0.1977 | Val  Acc: 0.9667
 Site-Painting                      | Val  Loss: 0.5219 | Val  Acc: 0.8645
 Site-Sketch                        | Val  Loss: 0.5727 | Val  Acc: 0.8301
 Site-QuickDraw                     | Val  Loss: 1.7413 | Val  Acc: 0.4404
 Site-Infograph                     | Val  Loss: 1.3291 | Val  Acc: 0.5256
Average Valid Accuracy: 0.7549
 Best site-Clipart                   | Epoch:35 | Val Acc: 0.9024
 Best site-Real                      | Epoch:35 | Val Acc: 0.9667
 Best site-Painting                  | Epoch:35 | Val Acc: 0.8645
 Best site-Sketch                    | Epoch:35 | Val Acc: 0.8301
 Best site-QuickDraw                 | Epoch:35 | Val Acc: 0.4404
 Best site-Infograph                 | Epoch:35 | Val Acc: 0.5256
 Saving the local and server checkpoint to ../checkpoint/fed_domainnet_uneven_1.4_1_distinct/fedmix...
============ Train epoch 36 ============
 Site-Clipart                       | Train Loss: 0.3801 | Train Acc: 0.9381
 Site-Real                          | Train Loss: 0.2030 | Train Acc: 0.9733
 Site-Painting                      | Train Loss: 0.3383 | Train Acc: 0.8754
 Site-Sketch                        | Train Loss: 0.5961 | Train Acc: 0.8341
 Site-QuickDraw                     | Train Loss: 1.7229 | Train Acc: 0.4479
 Site-Infograph                     | Train Loss: 1.6177 | Train Acc: 0.4444
Average Train Accuracy: 0.7522
 Site-Clipart                       | Val  Loss: 0.4323 | Val  Acc: 0.9214
 Site-Real                          | Val  Loss: 0.1745 | Val  Acc: 0.9767
 Site-Painting                      | Val  Loss: 0.4915 | Val  Acc: 0.8692
 Site-Sketch                        | Val  Loss: 0.5630 | Val  Acc: 0.8235
 Site-QuickDraw                     | Val  Loss: 1.6773 | Val  Acc: 0.4220
 Site-Infograph                     | Val  Loss: 1.3174 | Val  Acc: 0.5128
Average Valid Accuracy: 0.7543
============ Train epoch 37 ============
 Site-Clipart                       | Train Loss: 0.3727 | Train Acc: 0.9429
 Site-Real                          | Train Loss: 0.1417 | Train Acc: 0.9778
 Site-Painting                      | Train Loss: 0.3608 | Train Acc: 0.9128
 Site-Sketch                        | Train Loss: 0.6024 | Train Acc: 0.8297
 Site-QuickDraw                     | Train Loss: 1.7301 | Train Acc: 0.4724
 Site-Infograph                     | Train Loss: 1.6228 | Train Acc: 0.4359
Average Train Accuracy: 0.7619
 Site-Clipart                       | Val  Loss: 0.4489 | Val  Acc: 0.9071
 Site-Real                          | Val  Loss: 0.1782 | Val  Acc: 0.9667
 Site-Painting                      | Val  Loss: 0.5176 | Val  Acc: 0.8738
 Site-Sketch                        | Val  Loss: 0.5928 | Val  Acc: 0.8039
 Site-QuickDraw                     | Val  Loss: 1.7244 | Val  Acc: 0.4220
 Site-Infograph                     | Val  Loss: 1.2489 | Val  Acc: 0.5641
Average Valid Accuracy: 0.7563
 Best site-Clipart                   | Epoch:37 | Val Acc: 0.9071
 Best site-Real                      | Epoch:37 | Val Acc: 0.9667
 Best site-Painting                  | Epoch:37 | Val Acc: 0.8738
 Best site-Sketch                    | Epoch:37 | Val Acc: 0.8039
 Best site-QuickDraw                 | Epoch:37 | Val Acc: 0.4220
 Best site-Infograph                 | Epoch:37 | Val Acc: 0.5641
 Saving the local and server checkpoint to ../checkpoint/fed_domainnet_uneven_1.4_1_distinct/fedmix...
============ Train epoch 38 ============
 Site-Clipart                       | Train Loss: 0.3764 | Train Acc: 0.9397
 Site-Real                          | Train Loss: 0.1335 | Train Acc: 0.9733
 Site-Painting                      | Train Loss: 0.3381 | Train Acc: 0.8941
 Site-Sketch                        | Train Loss: 0.6000 | Train Acc: 0.8035
 Site-QuickDraw                     | Train Loss: 1.6830 | Train Acc: 0.4847
 Site-Infograph                     | Train Loss: 1.6417 | Train Acc: 0.4530
Average Train Accuracy: 0.7580
 Site-Clipart                       | Val  Loss: 0.4132 | Val  Acc: 0.9333
 Site-Real                          | Val  Loss: 0.1650 | Val  Acc: 0.9767
 Site-Painting                      | Val  Loss: 0.4671 | Val  Acc: 0.8738
 Site-Sketch                        | Val  Loss: 0.4940 | Val  Acc: 0.8301
 Site-QuickDraw                     | Val  Loss: 1.6860 | Val  Acc: 0.4312
 Site-Infograph                     | Val  Loss: 1.3522 | Val  Acc: 0.5128
Average Valid Accuracy: 0.7597
 Best site-Clipart                   | Epoch:38 | Val Acc: 0.9333
 Best site-Real                      | Epoch:38 | Val Acc: 0.9767
 Best site-Painting                  | Epoch:38 | Val Acc: 0.8738
 Best site-Sketch                    | Epoch:38 | Val Acc: 0.8301
 Best site-QuickDraw                 | Epoch:38 | Val Acc: 0.4312
 Best site-Infograph                 | Epoch:38 | Val Acc: 0.5128
 Saving the local and server checkpoint to ../checkpoint/fed_domainnet_uneven_1.4_1_distinct/fedmix...
============ Train epoch 39 ============
 Site-Clipart                       | Train Loss: 0.3632 | Train Acc: 0.9317
 Site-Real                          | Train Loss: 0.1394 | Train Acc: 0.9778
 Site-Painting                      | Train Loss: 0.3260 | Train Acc: 0.9034
 Site-Sketch                        | Train Loss: 0.5710 | Train Acc: 0.8472
 Site-QuickDraw                     | Train Loss: 1.6692 | Train Acc: 0.4356
 Site-Infograph                     | Train Loss: 1.5808 | Train Acc: 0.4530
Average Train Accuracy: 0.7581
 Site-Clipart                       | Val  Loss: 0.4039 | Val  Acc: 0.9214
 Site-Real                          | Val  Loss: 0.1612 | Val  Acc: 0.9833
 Site-Painting                      | Val  Loss: 0.4587 | Val  Acc: 0.8832
 Site-Sketch                        | Val  Loss: 0.5469 | Val  Acc: 0.8431
 Site-QuickDraw                     | Val  Loss: 1.6959 | Val  Acc: 0.4037
 Site-Infograph                     | Val  Loss: 1.3223 | Val  Acc: 0.5897
Average Valid Accuracy: 0.7707
 Best site-Clipart                   | Epoch:39 | Val Acc: 0.9214
 Best site-Real                      | Epoch:39 | Val Acc: 0.9833
 Best site-Painting                  | Epoch:39 | Val Acc: 0.8832
 Best site-Sketch                    | Epoch:39 | Val Acc: 0.8431
 Best site-QuickDraw                 | Epoch:39 | Val Acc: 0.4037
 Best site-Infograph                 | Epoch:39 | Val Acc: 0.5897
 Saving the local and server checkpoint to ../checkpoint/fed_domainnet_uneven_1.4_1_distinct/fedmix...
============ Train epoch 40 ============
 Site-Clipart                       | Train Loss: 0.3740 | Train Acc: 0.9270
 Site-Real                          | Train Loss: 0.1323 | Train Acc: 0.9778
 Site-Painting                      | Train Loss: 0.3223 | Train Acc: 0.9034
 Site-Sketch                        | Train Loss: 0.5561 | Train Acc: 0.8384
 Site-QuickDraw                     | Train Loss: 1.6953 | Train Acc: 0.4356
 Site-Infograph                     | Train Loss: 1.5911 | Train Acc: 0.4872
Average Train Accuracy: 0.7616
 Site-Clipart                       | Val  Loss: 0.3973 | Val  Acc: 0.9262
 Site-Real                          | Val  Loss: 0.1635 | Val  Acc: 0.9733
 Site-Painting                      | Val  Loss: 0.4846 | Val  Acc: 0.8738
 Site-Sketch                        | Val  Loss: 0.5900 | Val  Acc: 0.8039
 Site-QuickDraw                     | Val  Loss: 1.7300 | Val  Acc: 0.4312
 Site-Infograph                     | Val  Loss: 1.3386 | Val  Acc: 0.5256
Average Valid Accuracy: 0.7557
============ Train epoch 41 ============
 Site-Clipart                       | Train Loss: 0.3461 | Train Acc: 0.9397
 Site-Real                          | Train Loss: 0.1406 | Train Acc: 0.9756
 Site-Painting                      | Train Loss: 0.3167 | Train Acc: 0.8972
 Site-Sketch                        | Train Loss: 0.5953 | Train Acc: 0.8035
 Site-QuickDraw                     | Train Loss: 1.5964 | Train Acc: 0.4356
 Site-Infograph                     | Train Loss: 1.5963 | Train Acc: 0.4701
Average Train Accuracy: 0.7536
 Site-Clipart                       | Val  Loss: 0.3925 | Val  Acc: 0.9286
 Site-Real                          | Val  Loss: 0.1645 | Val  Acc: 0.9800
 Site-Painting                      | Val  Loss: 0.4693 | Val  Acc: 0.8692
 Site-Sketch                        | Val  Loss: 0.5846 | Val  Acc: 0.8235
 Site-QuickDraw                     | Val  Loss: 1.7243 | Val  Acc: 0.3945
 Site-Infograph                     | Val  Loss: 1.3019 | Val  Acc: 0.5000
Average Valid Accuracy: 0.7493
============ Train epoch 42 ============
 Site-Clipart                       | Train Loss: 0.3458 | Train Acc: 0.9444
 Site-Real                          | Train Loss: 0.1218 | Train Acc: 0.9800
 Site-Painting                      | Train Loss: 0.4487 | Train Acc: 0.8972
 Site-Sketch                        | Train Loss: 0.5535 | Train Acc: 0.8384
 Site-QuickDraw                     | Train Loss: 1.6675 | Train Acc: 0.4540
 Site-Infograph                     | Train Loss: 1.5748 | Train Acc: 0.4957
Average Train Accuracy: 0.7683
 Site-Clipart                       | Val  Loss: 0.3745 | Val  Acc: 0.9333
 Site-Real                          | Val  Loss: 0.1648 | Val  Acc: 0.9633
 Site-Painting                      | Val  Loss: 0.5160 | Val  Acc: 0.8505
 Site-Sketch                        | Val  Loss: 0.5415 | Val  Acc: 0.8170
 Site-QuickDraw                     | Val  Loss: 1.6777 | Val  Acc: 0.4220
 Site-Infograph                     | Val  Loss: 1.2150 | Val  Acc: 0.5128
Average Valid Accuracy: 0.7498
============ Train epoch 43 ============
 Site-Clipart                       | Train Loss: 0.3279 | Train Acc: 0.9381
 Site-Real                          | Train Loss: 0.1277 | Train Acc: 0.9778
 Site-Painting                      | Train Loss: 0.3115 | Train Acc: 0.9190
 Site-Sketch                        | Train Loss: 0.5687 | Train Acc: 0.8166
 Site-QuickDraw                     | Train Loss: 1.6582 | Train Acc: 0.4724
 Site-Infograph                     | Train Loss: 1.6084 | Train Acc: 0.4359
Average Train Accuracy: 0.7600
 Site-Clipart                       | Val  Loss: 0.3915 | Val  Acc: 0.9238
 Site-Real                          | Val  Loss: 0.1524 | Val  Acc: 0.9767
 Site-Painting                      | Val  Loss: 0.4944 | Val  Acc: 0.8551
 Site-Sketch                        | Val  Loss: 0.5650 | Val  Acc: 0.7974
 Site-QuickDraw                     | Val  Loss: 1.7111 | Val  Acc: 0.3945
 Site-Infograph                     | Val  Loss: 1.3704 | Val  Acc: 0.5385
Average Valid Accuracy: 0.7477
============ Train epoch 44 ============
 Site-Clipart                       | Train Loss: 0.3296 | Train Acc: 0.9413
 Site-Real                          | Train Loss: 0.1235 | Train Acc: 0.9778
 Site-Painting                      | Train Loss: 0.3044 | Train Acc: 0.9003
 Site-Sketch                        | Train Loss: 0.5679 | Train Acc: 0.8428
 Site-QuickDraw                     | Train Loss: 1.6517 | Train Acc: 0.4663
 Site-Infograph                     | Train Loss: 1.6027 | Train Acc: 0.4444
Average Train Accuracy: 0.7621
 Site-Clipart                       | Val  Loss: 0.3814 | Val  Acc: 0.9119
 Site-Real                          | Val  Loss: 0.1673 | Val  Acc: 0.9600
 Site-Painting                      | Val  Loss: 0.4609 | Val  Acc: 0.8879
 Site-Sketch                        | Val  Loss: 0.5057 | Val  Acc: 0.8431
 Site-QuickDraw                     | Val  Loss: 1.7210 | Val  Acc: 0.4037
 Site-Infograph                     | Val  Loss: 1.3281 | Val  Acc: 0.5128
Average Valid Accuracy: 0.7532
============ Train epoch 45 ============
 Site-Clipart                       | Train Loss: 0.3281 | Train Acc: 0.9397
 Site-Real                          | Train Loss: 0.1071 | Train Acc: 0.9844
 Site-Painting                      | Train Loss: 0.2982 | Train Acc: 0.9065
 Site-Sketch                        | Train Loss: 0.5577 | Train Acc: 0.8472
 Site-QuickDraw                     | Train Loss: 1.6654 | Train Acc: 0.4479
 Site-Infograph                     | Train Loss: 1.5625 | Train Acc: 0.4701
Average Train Accuracy: 0.7660
 Site-Clipart                       | Val  Loss: 0.3654 | Val  Acc: 0.9167
 Site-Real                          | Val  Loss: 0.1579 | Val  Acc: 0.9700
 Site-Painting                      | Val  Loss: 0.4997 | Val  Acc: 0.8738
 Site-Sketch                        | Val  Loss: 0.5580 | Val  Acc: 0.8235
 Site-QuickDraw                     | Val  Loss: 1.6911 | Val  Acc: 0.4404
 Site-Infograph                     | Val  Loss: 1.1387 | Val  Acc: 0.6154
Average Valid Accuracy: 0.7733
 Best site-Clipart                   | Epoch:45 | Val Acc: 0.9167
 Best site-Real                      | Epoch:45 | Val Acc: 0.9700
 Best site-Painting                  | Epoch:45 | Val Acc: 0.8738
 Best site-Sketch                    | Epoch:45 | Val Acc: 0.8235
 Best site-QuickDraw                 | Epoch:45 | Val Acc: 0.4404
 Best site-Infograph                 | Epoch:45 | Val Acc: 0.6154
 Saving the local and server checkpoint to ../checkpoint/fed_domainnet_uneven_1.4_1_distinct/fedmix...
============ Train epoch 46 ============
 Site-Clipart                       | Train Loss: 0.3187 | Train Acc: 0.9381
 Site-Real                          | Train Loss: 0.1081 | Train Acc: 0.9800
 Site-Painting                      | Train Loss: 0.3406 | Train Acc: 0.9003
 Site-Sketch                        | Train Loss: 0.5588 | Train Acc: 0.8384
 Site-QuickDraw                     | Train Loss: 1.6849 | Train Acc: 0.4601
 Site-Infograph                     | Train Loss: 1.5923 | Train Acc: 0.4701
Average Train Accuracy: 0.7645
 Site-Clipart                       | Val  Loss: 0.3894 | Val  Acc: 0.9119
 Site-Real                          | Val  Loss: 0.1636 | Val  Acc: 0.9700
 Site-Painting                      | Val  Loss: 0.5311 | Val  Acc: 0.8458
 Site-Sketch                        | Val  Loss: 0.5345 | Val  Acc: 0.8039
 Site-QuickDraw                     | Val  Loss: 1.5896 | Val  Acc: 0.4312
 Site-Infograph                     | Val  Loss: 1.2837 | Val  Acc: 0.5256
Average Valid Accuracy: 0.7481
============ Train epoch 47 ============
 Site-Clipart                       | Train Loss: 0.3100 | Train Acc: 0.9492
 Site-Real                          | Train Loss: 0.1113 | Train Acc: 0.9756
 Site-Painting                      | Train Loss: 0.2943 | Train Acc: 0.9190
 Site-Sketch                        | Train Loss: 0.5807 | Train Acc: 0.8253
 Site-QuickDraw                     | Train Loss: 1.7118 | Train Acc: 0.4601
 Site-Infograph                     | Train Loss: 1.5772 | Train Acc: 0.4701
Average Train Accuracy: 0.7666
 Site-Clipart                       | Val  Loss: 0.4020 | Val  Acc: 0.9167
 Site-Real                          | Val  Loss: 0.1552 | Val  Acc: 0.9733
 Site-Painting                      | Val  Loss: 0.4566 | Val  Acc: 0.8692
 Site-Sketch                        | Val  Loss: 0.5664 | Val  Acc: 0.8235
 Site-QuickDraw                     | Val  Loss: 1.6696 | Val  Acc: 0.4587
 Site-Infograph                     | Val  Loss: 1.3224 | Val  Acc: 0.5256
Average Valid Accuracy: 0.7612
============ Train epoch 48 ============
 Site-Clipart                       | Train Loss: 0.3023 | Train Acc: 0.9429
 Site-Real                          | Train Loss: 0.1901 | Train Acc: 0.9756
 Site-Painting                      | Train Loss: 0.4186 | Train Acc: 0.9065
 Site-Sketch                        | Train Loss: 0.5361 | Train Acc: 0.8166
 Site-QuickDraw                     | Train Loss: 1.6504 | Train Acc: 0.4724
 Site-Infograph                     | Train Loss: 1.5998 | Train Acc: 0.4701
Average Train Accuracy: 0.7640
 Site-Clipart                       | Val  Loss: 0.3580 | Val  Acc: 0.9286
 Site-Real                          | Val  Loss: 0.1561 | Val  Acc: 0.9767
 Site-Painting                      | Val  Loss: 0.4414 | Val  Acc: 0.8692
 Site-Sketch                        | Val  Loss: 0.5377 | Val  Acc: 0.8105
 Site-QuickDraw                     | Val  Loss: 1.6861 | Val  Acc: 0.4404
 Site-Infograph                     | Val  Loss: 1.3073 | Val  Acc: 0.5513
Average Valid Accuracy: 0.7628
============ Train epoch 49 ============
 Site-Clipart                       | Train Loss: 0.3115 | Train Acc: 0.9333
 Site-Real                          | Train Loss: 0.2054 | Train Acc: 0.9778
 Site-Painting                      | Train Loss: 0.2610 | Train Acc: 0.9252
 Site-Sketch                        | Train Loss: 0.5516 | Train Acc: 0.8341
 Site-QuickDraw                     | Train Loss: 1.5971 | Train Acc: 0.5031
 Site-Infograph                     | Train Loss: 1.5645 | Train Acc: 0.4701
Average Train Accuracy: 0.7739
 Site-Clipart                       | Val  Loss: 0.3378 | Val  Acc: 0.9310
 Site-Real                          | Val  Loss: 0.1355 | Val  Acc: 0.9767
 Site-Painting                      | Val  Loss: 0.4681 | Val  Acc: 0.8785
 Site-Sketch                        | Val  Loss: 0.4831 | Val  Acc: 0.8170
 Site-QuickDraw                     | Val  Loss: 1.6253 | Val  Acc: 0.4495
 Site-Infograph                     | Val  Loss: 1.2672 | Val  Acc: 0.5256
Average Valid Accuracy: 0.7630
===2023-07-02 12:16:50===
===2023-07-02 12:16:53===
===Setting===
    dataset: domainnet
    lr: 0.01
    batch: 64
    iters: 10
    wk_iters: 1
    si: False
    domain_num: 6
    quantile: 0
    power_cs: 1
    std_rw: False
    gender_label: False
    binary_race: False
    save_iter: -1
    mix5: False
    power_relu: 1
    Ea_val: False
data_number=[630,450,321,229,163,117,
client_nums=[1,1,1,1,1,1,]
len_dataset=[2103,1502,1072,765,546,390,]
domain number = 6
Loading snapshots...
 Test site-Clipart                   | Epoch:45 | Test Acc: 0.9278
 Test site-Real                      | Epoch:45 | Test Acc: 0.9671
 Test site-Painting                  | Epoch:45 | Test Acc: 0.9111
 Test site-Sketch                    | Epoch:45 | Test Acc: 0.8809
 Test site-QuickDraw                 | Epoch:45 | Test Acc: 0.5770
 Test site-Infograph                 | Epoch:45 | Test Acc: 0.5266
Clipart: 0.9278, Real: 0.9671, Painting: 0.9111, Sketch: 0.8809, QuickDraw: 0.5770, Infograph: 0.5266, 
Average Test Accuracy(group): 0.7984, Average Test Accuracy(individual): 0.7984,
domain std=0.1768, cluster std=-1.0000, individual std=0.1768, 
