===2023-06-18 23:28:10===
===Setting===
    dataset: fairface
    lr: 0.01
    batch: 64
    iters: 50
    wk_iters: 1
    si: False
    domain_num: 7
    quantile: 0
    power_cs: 1
    std_rw: False
    gender_label: False
    binary_race: False
    save_iter: -1
    mix5: True
    power_relu: 1.0
    Ea_val: True
data_number=[64,192,64,192,64,192,64,192,64,192,64,192,64,192,]
client_nums=[2,2,2,2,2,2,2,]
len_dataset=[856,856,856,856,856,856,856,]
domain number = 7
multiply 100 for Ea!
use train loss for Ea
============ Train epoch 0 ============
cnt=[4, 4, 1, 1, 1, 2, 1, ]
power_decay: 0.9, powerI: 0.9500, powerC: 0.0500
===2023-06-18 23:29:22===
===Setting===
    dataset: fairface
    lr: 0.01
    batch: 64
    iters: 10
    wk_iters: 1
    si: False
    domain_num: 7
    quantile: 0
    power_cs: 1
    std_rw: False
    gender_label: False
    binary_race: False
    save_iter: -1
    mix5: True
    power_relu: 1.0
    Ea_val: True
data_number=[64,192,64,192,64,192,64,192,64,192,64,192,64,192,]
client_nums=[2,2,2,2,2,2,2,]
len_dataset=[856,856,856,856,856,856,856,]
domain number = 7
Loading snapshots...
