===2023-03-27 01:39:56===
===Setting===
    dataset: domainnet
    lr: 0.01
    batch: 16
    iters: 10
    wk_iters: 5
domain number = 3
============ Train epoch 0 ============
============ Train epoch 1 ============
============ Train epoch 2 ============
============ Train epoch 3 ============
============ Train epoch 4 ============
 Site-Clipart   | Train Loss: 2.2269 | Train Acc: 0.3810
 Site-Clipart   | Train Loss: 2.2048 | Train Acc: 0.3651
 Site-Infograph | Train Loss: 2.2789 | Train Acc: 0.1111
 Site-Infograph | Train Loss: 2.2626 | Train Acc: 0.1746
 Site-Painting  | Train Loss: 2.1873 | Train Acc: 0.3968
 Site-Painting  | Train Loss: 2.1925 | Train Acc: 0.4286
 Site-Real      | Train Loss: 2.2053 | Train Acc: 0.4127
 Site-Real      | Train Loss: 2.2117 | Train Acc: 0.4444
 Site-Sketch    | Train Loss: 2.2274 | Train Acc: 0.2698
 Site-Sketch    | Train Loss: 2.2605 | Train Acc: 0.2540
 Site-Clipart   | Val  Loss: 2.2031 | Val  Acc: 0.3810
 Site-Clipart   | Val  Loss: 2.2363 | Val  Acc: 0.3095
 Site-Infograph | Val  Loss: 2.2753 | Val  Acc: 0.0952
 Site-Infograph | Val  Loss: 2.2505 | Val  Acc: 0.1667
 Site-Painting  | Val  Loss: 2.1638 | Val  Acc: 0.5476
 Site-Painting  | Val  Loss: 2.2024 | Val  Acc: 0.3810
 Site-Real      | Val  Loss: 2.2071 | Val  Acc: 0.4048
 Site-Real      | Val  Loss: 2.2018 | Val  Acc: 0.4762
 Site-Sketch    | Val  Loss: 2.2354 | Val  Acc: 0.2857
 Site-Sketch    | Val  Loss: 2.2750 | Val  Acc: 0.1429
Average Valid Accuracy: 0.3190
 Best site-Clipart    | Epoch:0 | Val Acc: 0.3810
 Best site-Clipart    | Epoch:0 | Val Acc: 0.3095
 Best site-Infograph  | Epoch:0 | Val Acc: 0.0952
 Best site-Infograph  | Epoch:0 | Val Acc: 0.1667
 Best site-Painting   | Epoch:0 | Val Acc: 0.5476
 Best site-Painting   | Epoch:0 | Val Acc: 0.3810
 Best site-Real       | Epoch:0 | Val Acc: 0.4048
 Best site-Real       | Epoch:0 | Val Acc: 0.4762
 Best site-Sketch     | Epoch:0 | Val Acc: 0.2857
 Best site-Sketch     | Epoch:0 | Val Acc: 0.1429
 Saving the local and server checkpoint to ../checkpoint/fed_domainnet_even-sqrt/PromptFL_QuickDraw...
============ Train epoch 5 ============
============ Train epoch 6 ============
============ Train epoch 7 ============
============ Train epoch 8 ============
============ Train epoch 9 ============
 Site-Clipart   | Train Loss: 2.1577 | Train Acc: 0.4762
 Site-Clipart   | Train Loss: 2.1452 | Train Acc: 0.5079
 Site-Infograph | Train Loss: 2.2499 | Train Acc: 0.2381
 Site-Infograph | Train Loss: 2.2251 | Train Acc: 0.3175
 Site-Painting  | Train Loss: 2.1241 | Train Acc: 0.5873
 Site-Painting  | Train Loss: 2.1170 | Train Acc: 0.6190
 Site-Real      | Train Loss: 2.1126 | Train Acc: 0.6508
 Site-Real      | Train Loss: 2.1446 | Train Acc: 0.6190
 Site-Sketch    | Train Loss: 2.1650 | Train Acc: 0.5238
 Site-Sketch    | Train Loss: 2.2053 | Train Acc: 0.3968
 Site-Clipart   | Val  Loss: 2.1395 | Val  Acc: 0.5238
 Site-Clipart   | Val  Loss: 2.1584 | Val  Acc: 0.5238
 Site-Infograph | Val  Loss: 2.2487 | Val  Acc: 0.2857
 Site-Infograph | Val  Loss: 2.2390 | Val  Acc: 0.2381
 Site-Painting  | Val  Loss: 2.0872 | Val  Acc: 0.6905
 Site-Painting  | Val  Loss: 2.1591 | Val  Acc: 0.5238
 Site-Real      | Val  Loss: 2.1326 | Val  Acc: 0.6429
 Site-Real      | Val  Loss: 2.1492 | Val  Acc: 0.5714
 Site-Sketch    | Val  Loss: 2.1873 | Val  Acc: 0.4048
 Site-Sketch    | Val  Loss: 2.2209 | Val  Acc: 0.4524
Average Valid Accuracy: 0.4857
 Best site-Clipart    | Epoch:1 | Val Acc: 0.5238
 Best site-Clipart    | Epoch:1 | Val Acc: 0.5238
 Best site-Infograph  | Epoch:1 | Val Acc: 0.2857
 Best site-Infograph  | Epoch:1 | Val Acc: 0.2381
 Best site-Painting   | Epoch:1 | Val Acc: 0.6905
 Best site-Painting   | Epoch:1 | Val Acc: 0.5238
 Best site-Real       | Epoch:1 | Val Acc: 0.6429
 Best site-Real       | Epoch:1 | Val Acc: 0.5714
 Best site-Sketch     | Epoch:1 | Val Acc: 0.4048
 Best site-Sketch     | Epoch:1 | Val Acc: 0.4524
 Saving the local and server checkpoint to ../checkpoint/fed_domainnet_even-sqrt/PromptFL_QuickDraw...
============ Train epoch 10 ============
============ Train epoch 11 ============
============ Train epoch 12 ============
============ Train epoch 13 ============
============ Train epoch 14 ============
 Site-Clipart   | Train Loss: 2.0891 | Train Acc: 0.6190
 Site-Clipart   | Train Loss: 2.0973 | Train Acc: 0.6508
 Site-Infograph | Train Loss: 2.2339 | Train Acc: 0.2540
 Site-Infograph | Train Loss: 2.2084 | Train Acc: 0.3175
 Site-Painting  | Train Loss: 2.0670 | Train Acc: 0.6825
 Site-Painting  | Train Loss: 2.0382 | Train Acc: 0.7619
 Site-Real      | Train Loss: 2.0552 | Train Acc: 0.7302
 Site-Real      | Train Loss: 2.0776 | Train Acc: 0.6984
 Site-Sketch    | Train Loss: 2.0923 | Train Acc: 0.6667
 Site-Sketch    | Train Loss: 2.1357 | Train Acc: 0.5397
 Site-Clipart   | Val  Loss: 2.0944 | Val  Acc: 0.6667
 Site-Clipart   | Val  Loss: 2.1016 | Val  Acc: 0.5952
 Site-Infograph | Val  Loss: 2.2152 | Val  Acc: 0.3095
 Site-Infograph | Val  Loss: 2.2042 | Val  Acc: 0.2619
 Site-Painting  | Val  Loss: 2.0164 | Val  Acc: 0.7857
 Site-Painting  | Val  Loss: 2.0996 | Val  Acc: 0.6190
 Site-Real      | Val  Loss: 2.0700 | Val  Acc: 0.7619
 Site-Real      | Val  Loss: 2.0659 | Val  Acc: 0.7143
 Site-Sketch    | Val  Loss: 2.1409 | Val  Acc: 0.5476
 Site-Sketch    | Val  Loss: 2.1596 | Val  Acc: 0.5238
Average Valid Accuracy: 0.5786
 Best site-Clipart    | Epoch:2 | Val Acc: 0.6667
 Best site-Clipart    | Epoch:2 | Val Acc: 0.5952
 Best site-Infograph  | Epoch:2 | Val Acc: 0.3095
 Best site-Infograph  | Epoch:2 | Val Acc: 0.2619
 Best site-Painting   | Epoch:2 | Val Acc: 0.7857
 Best site-Painting   | Epoch:2 | Val Acc: 0.6190
 Best site-Real       | Epoch:2 | Val Acc: 0.7619
 Best site-Real       | Epoch:2 | Val Acc: 0.7143
 Best site-Sketch     | Epoch:2 | Val Acc: 0.5476
 Best site-Sketch     | Epoch:2 | Val Acc: 0.5238
 Saving the local and server checkpoint to ../checkpoint/fed_domainnet_even-sqrt/PromptFL_QuickDraw...
============ Train epoch 15 ============
============ Train epoch 16 ============
============ Train epoch 17 ============
============ Train epoch 18 ============
============ Train epoch 19 ============
 Site-Clipart   | Train Loss: 2.0641 | Train Acc: 0.6032
 Site-Clipart   | Train Loss: 2.0410 | Train Acc: 0.7460
 Site-Infograph | Train Loss: 2.2170 | Train Acc: 0.2222
 Site-Infograph | Train Loss: 2.1768 | Train Acc: 0.3333
 Site-Painting  | Train Loss: 1.9881 | Train Acc: 0.7778
 Site-Painting  | Train Loss: 1.9973 | Train Acc: 0.7460
 Site-Real      | Train Loss: 1.9680 | Train Acc: 0.8095
 Site-Real      | Train Loss: 2.0123 | Train Acc: 0.7778
 Site-Sketch    | Train Loss: 2.0494 | Train Acc: 0.6825
 Site-Sketch    | Train Loss: 2.0886 | Train Acc: 0.4921
 Site-Clipart   | Val  Loss: 2.0500 | Val  Acc: 0.6429
 Site-Clipart   | Val  Loss: 2.0484 | Val  Acc: 0.6905
 Site-Infograph | Val  Loss: 2.1715 | Val  Acc: 0.4048
 Site-Infograph | Val  Loss: 2.1996 | Val  Acc: 0.2857
 Site-Painting  | Val  Loss: 1.9558 | Val  Acc: 0.8333
 Site-Painting  | Val  Loss: 2.0322 | Val  Acc: 0.6667
 Site-Real      | Val  Loss: 2.0060 | Val  Acc: 0.8810
 Site-Real      | Val  Loss: 2.0159 | Val  Acc: 0.7143
 Site-Sketch    | Val  Loss: 2.0837 | Val  Acc: 0.6190
 Site-Sketch    | Val  Loss: 2.1215 | Val  Acc: 0.5714
Average Valid Accuracy: 0.6310
 Best site-Clipart    | Epoch:3 | Val Acc: 0.6429
 Best site-Clipart    | Epoch:3 | Val Acc: 0.6905
 Best site-Infograph  | Epoch:3 | Val Acc: 0.4048
 Best site-Infograph  | Epoch:3 | Val Acc: 0.2857
 Best site-Painting   | Epoch:3 | Val Acc: 0.8333
 Best site-Painting   | Epoch:3 | Val Acc: 0.6667
 Best site-Real       | Epoch:3 | Val Acc: 0.8810
 Best site-Real       | Epoch:3 | Val Acc: 0.7143
 Best site-Sketch     | Epoch:3 | Val Acc: 0.6190
 Best site-Sketch     | Epoch:3 | Val Acc: 0.5714
 Saving the local and server checkpoint to ../checkpoint/fed_domainnet_even-sqrt/PromptFL_QuickDraw...
============ Train epoch 20 ============
============ Train epoch 21 ============
============ Train epoch 22 ============
============ Train epoch 23 ============
============ Train epoch 24 ============
 Site-Clipart   | Train Loss: 1.9854 | Train Acc: 0.6984
 Site-Clipart   | Train Loss: 1.9959 | Train Acc: 0.7302
 Site-Infograph | Train Loss: 2.2021 | Train Acc: 0.2540
 Site-Infograph | Train Loss: 2.1615 | Train Acc: 0.3810
 Site-Painting  | Train Loss: 1.9632 | Train Acc: 0.7778
 Site-Painting  | Train Loss: 1.9204 | Train Acc: 0.7937
 Site-Real      | Train Loss: 1.9134 | Train Acc: 0.8254
 Site-Real      | Train Loss: 1.9455 | Train Acc: 0.8254
 Site-Sketch    | Train Loss: 1.9913 | Train Acc: 0.6984
 Site-Sketch    | Train Loss: 2.0252 | Train Acc: 0.6349
 Site-Clipart   | Val  Loss: 1.9935 | Val  Acc: 0.7143
 Site-Clipart   | Val  Loss: 2.0023 | Val  Acc: 0.6190
 Site-Infograph | Val  Loss: 2.1687 | Val  Acc: 0.3810
 Site-Infograph | Val  Loss: 2.1839 | Val  Acc: 0.2857
 Site-Painting  | Val  Loss: 1.8824 | Val  Acc: 0.8571
 Site-Painting  | Val  Loss: 1.9835 | Val  Acc: 0.6905
 Site-Real      | Val  Loss: 1.9286 | Val  Acc: 0.8810
 Site-Real      | Val  Loss: 1.9483 | Val  Acc: 0.7857
 Site-Sketch    | Val  Loss: 2.0211 | Val  Acc: 0.7143
 Site-Sketch    | Val  Loss: 2.0695 | Val  Acc: 0.5238
Average Valid Accuracy: 0.6452
 Best site-Clipart    | Epoch:4 | Val Acc: 0.7143
 Best site-Clipart    | Epoch:4 | Val Acc: 0.6190
 Best site-Infograph  | Epoch:4 | Val Acc: 0.3810
 Best site-Infograph  | Epoch:4 | Val Acc: 0.2857
 Best site-Painting   | Epoch:4 | Val Acc: 0.8571
 Best site-Painting   | Epoch:4 | Val Acc: 0.6905
 Best site-Real       | Epoch:4 | Val Acc: 0.8810
 Best site-Real       | Epoch:4 | Val Acc: 0.7857
 Best site-Sketch     | Epoch:4 | Val Acc: 0.7143
 Best site-Sketch     | Epoch:4 | Val Acc: 0.5238
 Saving the local and server checkpoint to ../checkpoint/fed_domainnet_even-sqrt/PromptFL_QuickDraw...
============ Train epoch 25 ============
============ Train epoch 26 ============
============ Train epoch 27 ============
============ Train epoch 28 ============
============ Train epoch 29 ============
 Site-Clipart   | Train Loss: 1.9425 | Train Acc: 0.7302
 Site-Clipart   | Train Loss: 1.9459 | Train Acc: 0.8095
 Site-Infograph | Train Loss: 2.1886 | Train Acc: 0.2540
 Site-Infograph | Train Loss: 2.1210 | Train Acc: 0.3968
 Site-Painting  | Train Loss: 1.8875 | Train Acc: 0.8095
 Site-Painting  | Train Loss: 1.8914 | Train Acc: 0.7778
 Site-Real      | Train Loss: 1.8444 | Train Acc: 0.8095
 Site-Real      | Train Loss: 1.8767 | Train Acc: 0.8571
 Site-Sketch    | Train Loss: 1.9383 | Train Acc: 0.7143
 Site-Sketch    | Train Loss: 1.9916 | Train Acc: 0.6032
 Site-Clipart   | Val  Loss: 1.9626 | Val  Acc: 0.7619
 Site-Clipart   | Val  Loss: 1.9388 | Val  Acc: 0.7143
 Site-Infograph | Val  Loss: 2.1261 | Val  Acc: 0.4524
 Site-Infograph | Val  Loss: 2.1527 | Val  Acc: 0.2381
 Site-Painting  | Val  Loss: 1.7897 | Val  Acc: 0.9524
 Site-Painting  | Val  Loss: 1.9523 | Val  Acc: 0.6905
 Site-Real      | Val  Loss: 1.8575 | Val  Acc: 0.8810
 Site-Real      | Val  Loss: 1.8982 | Val  Acc: 0.7857
 Site-Sketch    | Val  Loss: 1.9610 | Val  Acc: 0.6905
 Site-Sketch    | Val  Loss: 2.0214 | Val  Acc: 0.6190
Average Valid Accuracy: 0.6786
 Best site-Clipart    | Epoch:5 | Val Acc: 0.7619
 Best site-Clipart    | Epoch:5 | Val Acc: 0.7143
 Best site-Infograph  | Epoch:5 | Val Acc: 0.4524
 Best site-Infograph  | Epoch:5 | Val Acc: 0.2381
 Best site-Painting   | Epoch:5 | Val Acc: 0.9524
 Best site-Painting   | Epoch:5 | Val Acc: 0.6905
 Best site-Real       | Epoch:5 | Val Acc: 0.8810
 Best site-Real       | Epoch:5 | Val Acc: 0.7857
 Best site-Sketch     | Epoch:5 | Val Acc: 0.6905
 Best site-Sketch     | Epoch:5 | Val Acc: 0.6190
 Saving the local and server checkpoint to ../checkpoint/fed_domainnet_even-sqrt/PromptFL_QuickDraw...
============ Train epoch 30 ============
============ Train epoch 31 ============
============ Train epoch 32 ============
============ Train epoch 33 ============
============ Train epoch 34 ============
 Site-Clipart   | Train Loss: 1.8824 | Train Acc: 0.7302
 Site-Clipart   | Train Loss: 1.9021 | Train Acc: 0.7619
 Site-Infograph | Train Loss: 2.1859 | Train Acc: 0.2540
 Site-Infograph | Train Loss: 2.0841 | Train Acc: 0.4603
 Site-Painting  | Train Loss: 1.8353 | Train Acc: 0.8095
 Site-Painting  | Train Loss: 1.7995 | Train Acc: 0.7937
 Site-Real      | Train Loss: 1.7880 | Train Acc: 0.7937
 Site-Real      | Train Loss: 1.8306 | Train Acc: 0.8730
 Site-Sketch    | Train Loss: 1.8730 | Train Acc: 0.8095
 Site-Sketch    | Train Loss: 1.9437 | Train Acc: 0.6190
 Site-Clipart   | Val  Loss: 1.9039 | Val  Acc: 0.7143
 Site-Clipart   | Val  Loss: 1.9005 | Val  Acc: 0.7619
 Site-Infograph | Val  Loss: 2.1100 | Val  Acc: 0.4048
 Site-Infograph | Val  Loss: 2.1169 | Val  Acc: 0.3333
 Site-Painting  | Val  Loss: 1.7375 | Val  Acc: 0.8571
 Site-Painting  | Val  Loss: 1.8913 | Val  Acc: 0.7619
 Site-Real      | Val  Loss: 1.8104 | Val  Acc: 0.8571
 Site-Real      | Val  Loss: 1.8241 | Val  Acc: 0.8095
 Site-Sketch    | Val  Loss: 1.9467 | Val  Acc: 0.6667
 Site-Sketch    | Val  Loss: 1.9571 | Val  Acc: 0.6429
Average Valid Accuracy: 0.6810
 Best site-Clipart    | Epoch:6 | Val Acc: 0.7143
 Best site-Clipart    | Epoch:6 | Val Acc: 0.7619
 Best site-Infograph  | Epoch:6 | Val Acc: 0.4048
 Best site-Infograph  | Epoch:6 | Val Acc: 0.3333
 Best site-Painting   | Epoch:6 | Val Acc: 0.8571
 Best site-Painting   | Epoch:6 | Val Acc: 0.7619
 Best site-Real       | Epoch:6 | Val Acc: 0.8571
 Best site-Real       | Epoch:6 | Val Acc: 0.8095
 Best site-Sketch     | Epoch:6 | Val Acc: 0.6667
 Best site-Sketch     | Epoch:6 | Val Acc: 0.6429
 Saving the local and server checkpoint to ../checkpoint/fed_domainnet_even-sqrt/PromptFL_QuickDraw...
============ Train epoch 35 ============
============ Train epoch 36 ============
============ Train epoch 37 ============
============ Train epoch 38 ============
============ Train epoch 39 ============
 Site-Clipart   | Train Loss: 1.8470 | Train Acc: 0.7937
 Site-Clipart   | Train Loss: 1.8643 | Train Acc: 0.8254
 Site-Infograph | Train Loss: 2.1471 | Train Acc: 0.3175
 Site-Infograph | Train Loss: 2.0612 | Train Acc: 0.4444
 Site-Painting  | Train Loss: 1.8019 | Train Acc: 0.8095
 Site-Painting  | Train Loss: 1.7611 | Train Acc: 0.8095
 Site-Real      | Train Loss: 1.7201 | Train Acc: 0.8413
 Site-Real      | Train Loss: 1.7629 | Train Acc: 0.8730
 Site-Sketch    | Train Loss: 1.8198 | Train Acc: 0.7937
 Site-Sketch    | Train Loss: 1.9013 | Train Acc: 0.6349
 Site-Clipart   | Val  Loss: 1.8355 | Val  Acc: 0.8095
 Site-Clipart   | Val  Loss: 1.8361 | Val  Acc: 0.7619
 Site-Infograph | Val  Loss: 2.0747 | Val  Acc: 0.4048
 Site-Infograph | Val  Loss: 2.1103 | Val  Acc: 0.3810
 Site-Painting  | Val  Loss: 1.6879 | Val  Acc: 0.8571
 Site-Painting  | Val  Loss: 1.8439 | Val  Acc: 0.7619
 Site-Real      | Val  Loss: 1.7494 | Val  Acc: 0.8810
 Site-Real      | Val  Loss: 1.7917 | Val  Acc: 0.8095
 Site-Sketch    | Val  Loss: 1.8863 | Val  Acc: 0.7143
 Site-Sketch    | Val  Loss: 1.9138 | Val  Acc: 0.6429
Average Valid Accuracy: 0.7024
 Best site-Clipart    | Epoch:7 | Val Acc: 0.8095
 Best site-Clipart    | Epoch:7 | Val Acc: 0.7619
 Best site-Infograph  | Epoch:7 | Val Acc: 0.4048
 Best site-Infograph  | Epoch:7 | Val Acc: 0.3810
 Best site-Painting   | Epoch:7 | Val Acc: 0.8571
 Best site-Painting   | Epoch:7 | Val Acc: 0.7619
 Best site-Real       | Epoch:7 | Val Acc: 0.8810
 Best site-Real       | Epoch:7 | Val Acc: 0.8095
 Best site-Sketch     | Epoch:7 | Val Acc: 0.7143
 Best site-Sketch     | Epoch:7 | Val Acc: 0.6429
 Saving the local and server checkpoint to ../checkpoint/fed_domainnet_even-sqrt/PromptFL_QuickDraw...
============ Train epoch 40 ============
============ Train epoch 41 ============
============ Train epoch 42 ============
============ Train epoch 43 ============
============ Train epoch 44 ============
 Site-Clipart   | Train Loss: 1.7902 | Train Acc: 0.7619
 Site-Clipart   | Train Loss: 1.8298 | Train Acc: 0.8254
 Site-Infograph | Train Loss: 2.1449 | Train Acc: 0.2540
 Site-Infograph | Train Loss: 2.0405 | Train Acc: 0.4286
 Site-Painting  | Train Loss: 1.7504 | Train Acc: 0.7937
 Site-Painting  | Train Loss: 1.6882 | Train Acc: 0.8571
 Site-Real      | Train Loss: 1.6623 | Train Acc: 0.8571
 Site-Real      | Train Loss: 1.7102 | Train Acc: 0.8730
 Site-Sketch    | Train Loss: 1.7794 | Train Acc: 0.8413
 Site-Sketch    | Train Loss: 1.8557 | Train Acc: 0.7143
 Site-Clipart   | Val  Loss: 1.8187 | Val  Acc: 0.8095
 Site-Clipart   | Val  Loss: 1.8111 | Val  Acc: 0.7143
 Site-Infograph | Val  Loss: 2.0516 | Val  Acc: 0.4286
 Site-Infograph | Val  Loss: 2.0965 | Val  Acc: 0.3095
 Site-Painting  | Val  Loss: 1.6103 | Val  Acc: 0.9286
 Site-Painting  | Val  Loss: 1.7605 | Val  Acc: 0.8095
 Site-Real      | Val  Loss: 1.6935 | Val  Acc: 0.8810
 Site-Real      | Val  Loss: 1.7173 | Val  Acc: 0.8333
 Site-Sketch    | Val  Loss: 1.8171 | Val  Acc: 0.7143
 Site-Sketch    | Val  Loss: 1.8605 | Val  Acc: 0.7381
Average Valid Accuracy: 0.7167
 Best site-Clipart    | Epoch:8 | Val Acc: 0.8095
 Best site-Clipart    | Epoch:8 | Val Acc: 0.7143
 Best site-Infograph  | Epoch:8 | Val Acc: 0.4286
 Best site-Infograph  | Epoch:8 | Val Acc: 0.3095
 Best site-Painting   | Epoch:8 | Val Acc: 0.9286
 Best site-Painting   | Epoch:8 | Val Acc: 0.8095
 Best site-Real       | Epoch:8 | Val Acc: 0.8810
 Best site-Real       | Epoch:8 | Val Acc: 0.8333
 Best site-Sketch     | Epoch:8 | Val Acc: 0.7143
 Best site-Sketch     | Epoch:8 | Val Acc: 0.7381
 Saving the local and server checkpoint to ../checkpoint/fed_domainnet_even-sqrt/PromptFL_QuickDraw...
============ Train epoch 45 ============
============ Train epoch 46 ============
============ Train epoch 47 ============
============ Train epoch 48 ============
============ Train epoch 49 ============
 Site-Clipart   | Train Loss: 1.7476 | Train Acc: 0.7619
 Site-Clipart   | Train Loss: 1.7699 | Train Acc: 0.8095
 Site-Infograph | Train Loss: 2.1352 | Train Acc: 0.2698
 Site-Infograph | Train Loss: 2.0189 | Train Acc: 0.4286
 Site-Painting  | Train Loss: 1.6869 | Train Acc: 0.7778
 Site-Painting  | Train Loss: 1.6293 | Train Acc: 0.8730
 Site-Real      | Train Loss: 1.6105 | Train Acc: 0.8889
 Site-Real      | Train Loss: 1.6590 | Train Acc: 0.8730
 Site-Sketch    | Train Loss: 1.7238 | Train Acc: 0.7937
 Site-Sketch    | Train Loss: 1.8038 | Train Acc: 0.6508
 Site-Clipart   | Val  Loss: 1.7997 | Val  Acc: 0.7857
 Site-Clipart   | Val  Loss: 1.7688 | Val  Acc: 0.7619
 Site-Infograph | Val  Loss: 2.0208 | Val  Acc: 0.4762
 Site-Infograph | Val  Loss: 2.0854 | Val  Acc: 0.2619
 Site-Painting  | Val  Loss: 1.5521 | Val  Acc: 0.9286
 Site-Painting  | Val  Loss: 1.7547 | Val  Acc: 0.7381
 Site-Real      | Val  Loss: 1.6425 | Val  Acc: 0.8810
 Site-Real      | Val  Loss: 1.6628 | Val  Acc: 0.8810
 Site-Sketch    | Val  Loss: 1.7698 | Val  Acc: 0.7143
 Site-Sketch    | Val  Loss: 1.8438 | Val  Acc: 0.6667
Average Valid Accuracy: 0.7095
===2023-03-27 01:52:54===
===2023-03-27 01:52:55===
===Setting===
    dataset: domainnet
    lr: 0.01
    batch: 8
    iters: 10
    wk_iters: 5
domain number = 3
Loading snapshots...
Test Accuracy of QuickDraw: 0.2340
Average Test Accuracy: 0.2340
