===2023-03-31 18:32:40===
===Setting===
    dataset: domainnet
    lr: 0.01
    batch: 16
    iters: 40
    wk_iters: 5
    tune: False
    lambda for constrastive: 0.5
domain number = 3
============ Train epoch 0 ============
============ Train epoch 1 ============
============ Train epoch 2 ============
============ Train epoch 3 ============
============ Train epoch 4 ============
client-0 is in G-1
client-1 is in G-2
client-2 is in G-2
client-3 is in G-1
client-4 is in G-1
client-5 is in G-1
client-6 is in G-0
client-7 is in G-1
client-8 is in G-1
client-9 is in G-1
client-10 is in G-1
client-11 is in G-1
client-12 is in G-2
cnt=[1, 9, 3, ]
 Site-Clipart   | Train Loss: 1.9751 | Train Acc: 0.4127
 Site-Clipart   | Train Loss: 1.9138 | Train Acc: 0.4603
 Site-Clipart   | Train Loss: 1.8524 | Train Acc: 0.5079
 Site-Clipart   | Train Loss: 1.8480 | Train Acc: 0.4762
 Site-Clipart   | Train Loss: 2.0777 | Train Acc: 0.3492
 Site-Clipart   | Train Loss: 2.0391 | Train Acc: 0.3492
 Site-Infograph | Train Loss: 2.1874 | Train Acc: 0.2063
 Site-Infograph | Train Loss: 2.1644 | Train Acc: 0.2857
 Site-Infograph | Train Loss: 2.0652 | Train Acc: 0.3651
 Site-Painting  | Train Loss: 1.9817 | Train Acc: 0.4286
 Site-QuickDraw | Train Loss: 2.2714 | Train Acc: 0.1587
 Site-Real      | Train Loss: 1.8653 | Train Acc: 0.5238
 Site-Sketch    | Train Loss: 1.8296 | Train Acc: 0.6190
 Site-Clipart   | Val  Loss: 2.0587 | Val  Acc: 0.3333
 Site-Clipart   | Val  Loss: 1.8267 | Val  Acc: 0.4286
 Site-Clipart   | Val  Loss: 1.8288 | Val  Acc: 0.5238
 Site-Clipart   | Val  Loss: 1.8739 | Val  Acc: 0.5476
 Site-Clipart   | Val  Loss: 1.8671 | Val  Acc: 0.4762
 Site-Clipart   | Val  Loss: 1.9512 | Val  Acc: 0.4286
 Site-Infograph | Val  Loss: 2.1552 | Val  Acc: 0.3095
 Site-Infograph | Val  Loss: 2.1523 | Val  Acc: 0.2619
 Site-Infograph | Val  Loss: 2.1658 | Val  Acc: 0.2381
 Site-Painting  | Val  Loss: 2.0599 | Val  Acc: 0.4286
 Site-QuickDraw | Val  Loss: 2.2267 | Val  Acc: 0.1667
 Site-Real      | Val  Loss: 1.9443 | Val  Acc: 0.4286
 Site-Sketch    | Val  Loss: 1.9870 | Val  Acc: 0.4048
Average Valid Accuracy: 0.3828
 Best site-Clipart    | Epoch:0 | Val Acc: 0.3333
 Best site-Clipart    | Epoch:0 | Val Acc: 0.4286
 Best site-Clipart    | Epoch:0 | Val Acc: 0.5238
 Best site-Clipart    | Epoch:0 | Val Acc: 0.5476
 Best site-Clipart    | Epoch:0 | Val Acc: 0.4762
 Best site-Clipart    | Epoch:0 | Val Acc: 0.4286
 Best site-Infograph  | Epoch:0 | Val Acc: 0.3095
 Best site-Infograph  | Epoch:0 | Val Acc: 0.2619
 Best site-Infograph  | Epoch:0 | Val Acc: 0.2381
 Best site-Painting   | Epoch:0 | Val Acc: 0.4286
 Best site-QuickDraw  | Epoch:0 | Val Acc: 0.1667
 Best site-Real       | Epoch:0 | Val Acc: 0.4286
 Best site-Sketch     | Epoch:0 | Val Acc: 0.4048
 Saving the local and server checkpoint to ../checkpoint/fed_domainnet_uneven-2-sqrt_1/FedPrompt...
============ Train epoch 5 ============
============ Train epoch 6 ============
============ Train epoch 7 ============
============ Train epoch 8 ============
============ Train epoch 9 ============
client-0 is in G-1
client-1 is in G-2
client-2 is in G-2
client-3 is in G-1
client-4 is in G-1
client-5 is in G-1
client-6 is in G-0
client-7 is in G-1
client-8 is in G-0
client-9 is in G-1
client-10 is in G-1
client-11 is in G-1
client-12 is in G-2
cnt=[2, 8, 3, ]
 Site-Clipart   | Train Loss: 1.5307 | Train Acc: 0.6190
 Site-Clipart   | Train Loss: 1.6081 | Train Acc: 0.5714
 Site-Clipart   | Train Loss: 1.4218 | Train Acc: 0.7460
 Site-Clipart   | Train Loss: 1.4587 | Train Acc: 0.7619
 Site-Clipart   | Train Loss: 1.6344 | Train Acc: 0.6032
 Site-Clipart   | Train Loss: 1.6191 | Train Acc: 0.5556
 Site-Infograph | Train Loss: 2.0792 | Train Acc: 0.3492
 Site-Infograph | Train Loss: 1.9488 | Train Acc: 0.4127
 Site-Infograph | Train Loss: 1.8286 | Train Acc: 0.4921
 Site-Painting  | Train Loss: 1.5395 | Train Acc: 0.6349
 Site-QuickDraw | Train Loss: 2.2557 | Train Acc: 0.1429
 Site-Real      | Train Loss: 1.3965 | Train Acc: 0.7619
 Site-Sketch    | Train Loss: 1.4177 | Train Acc: 0.7143
 Site-Clipart   | Val  Loss: 1.6420 | Val  Acc: 0.5714
 Site-Clipart   | Val  Loss: 1.3730 | Val  Acc: 0.7619
 Site-Clipart   | Val  Loss: 1.3750 | Val  Acc: 0.7143
 Site-Clipart   | Val  Loss: 1.3291 | Val  Acc: 0.8333
 Site-Clipart   | Val  Loss: 1.5768 | Val  Acc: 0.6190
 Site-Clipart   | Val  Loss: 1.5952 | Val  Acc: 0.5476
 Site-Infograph | Val  Loss: 1.9660 | Val  Acc: 0.3571
 Site-Infograph | Val  Loss: 1.9085 | Val  Acc: 0.5000
 Site-Infograph | Val  Loss: 2.1062 | Val  Acc: 0.3095
 Site-Painting  | Val  Loss: 1.7316 | Val  Acc: 0.5238
 Site-QuickDraw | Val  Loss: 2.1527 | Val  Acc: 0.2619
 Site-Real      | Val  Loss: 1.4297 | Val  Acc: 0.7619
 Site-Sketch    | Val  Loss: 1.6353 | Val  Acc: 0.5952
Average Valid Accuracy: 0.5659
 Best site-Clipart    | Epoch:1 | Val Acc: 0.5714
 Best site-Clipart    | Epoch:1 | Val Acc: 0.7619
 Best site-Clipart    | Epoch:1 | Val Acc: 0.7143
 Best site-Clipart    | Epoch:1 | Val Acc: 0.8333
 Best site-Clipart    | Epoch:1 | Val Acc: 0.6190
 Best site-Clipart    | Epoch:1 | Val Acc: 0.5476
 Best site-Infograph  | Epoch:1 | Val Acc: 0.3571
 Best site-Infograph  | Epoch:1 | Val Acc: 0.5000
 Best site-Infograph  | Epoch:1 | Val Acc: 0.3095
 Best site-Painting   | Epoch:1 | Val Acc: 0.5238
 Best site-QuickDraw  | Epoch:1 | Val Acc: 0.2619
 Best site-Real       | Epoch:1 | Val Acc: 0.7619
 Best site-Sketch     | Epoch:1 | Val Acc: 0.5952
 Saving the local and server checkpoint to ../checkpoint/fed_domainnet_uneven-2-sqrt_1/FedPrompt...
============ Train epoch 10 ============
============ Train epoch 11 ============
============ Train epoch 12 ============
============ Train epoch 13 ============
============ Train epoch 14 ============
client-0 is in G-0
client-1 is in G-2
client-2 is in G-2
client-3 is in G-1
client-4 is in G-0
client-5 is in G-0
client-6 is in G-0
client-7 is in G-1
client-8 is in G-0
client-9 is in G-1
client-10 is in G-0
client-11 is in G-1
client-12 is in G-2
cnt=[6, 4, 3, ]
 Site-Clipart   | Train Loss: 1.1736 | Train Acc: 0.7778
 Site-Clipart   | Train Loss: 1.2933 | Train Acc: 0.7302
 Site-Clipart   | Train Loss: 1.0372 | Train Acc: 0.8413
 Site-Clipart   | Train Loss: 1.0231 | Train Acc: 0.8413
 Site-Clipart   | Train Loss: 1.2353 | Train Acc: 0.7460
 Site-Clipart   | Train Loss: 1.2628 | Train Acc: 0.7619
 Site-Infograph | Train Loss: 2.0010 | Train Acc: 0.2698
 Site-Infograph | Train Loss: 1.8085 | Train Acc: 0.3968
 Site-Infograph | Train Loss: 1.6389 | Train Acc: 0.5079
 Site-Painting  | Train Loss: 1.2035 | Train Acc: 0.7460
 Site-QuickDraw | Train Loss: 2.1322 | Train Acc: 0.2540
 Site-Real      | Train Loss: 1.0085 | Train Acc: 0.8571
 Site-Sketch    | Train Loss: 1.1204 | Train Acc: 0.8095
 Site-Clipart   | Val  Loss: 1.2365 | Val  Acc: 0.7619
 Site-Clipart   | Val  Loss: 1.1049 | Val  Acc: 0.8095
 Site-Clipart   | Val  Loss: 0.9768 | Val  Acc: 0.8333
 Site-Clipart   | Val  Loss: 1.0197 | Val  Acc: 0.9286
 Site-Clipart   | Val  Loss: 1.2201 | Val  Acc: 0.6905
 Site-Clipart   | Val  Loss: 1.2510 | Val  Acc: 0.7857
 Site-Infograph | Val  Loss: 1.6126 | Val  Acc: 0.6190
 Site-Infograph | Val  Loss: 1.6716 | Val  Acc: 0.5000
 Site-Infograph | Val  Loss: 2.0195 | Val  Acc: 0.2381
 Site-Painting  | Val  Loss: 1.3835 | Val  Acc: 0.6190
 Site-QuickDraw | Val  Loss: 2.0940 | Val  Acc: 0.2619
 Site-Real      | Val  Loss: 0.9324 | Val  Acc: 0.8810
 Site-Sketch    | Val  Loss: 1.2358 | Val  Acc: 0.7381
Average Valid Accuracy: 0.6667
 Best site-Clipart    | Epoch:2 | Val Acc: 0.7619
 Best site-Clipart    | Epoch:2 | Val Acc: 0.8095
 Best site-Clipart    | Epoch:2 | Val Acc: 0.8333
 Best site-Clipart    | Epoch:2 | Val Acc: 0.9286
 Best site-Clipart    | Epoch:2 | Val Acc: 0.6905
 Best site-Clipart    | Epoch:2 | Val Acc: 0.7857
 Best site-Infograph  | Epoch:2 | Val Acc: 0.6190
 Best site-Infograph  | Epoch:2 | Val Acc: 0.5000
 Best site-Infograph  | Epoch:2 | Val Acc: 0.2381
 Best site-Painting   | Epoch:2 | Val Acc: 0.6190
 Best site-QuickDraw  | Epoch:2 | Val Acc: 0.2619
 Best site-Real       | Epoch:2 | Val Acc: 0.8810
 Best site-Sketch     | Epoch:2 | Val Acc: 0.7381
 Saving the local and server checkpoint to ../checkpoint/fed_domainnet_uneven-2-sqrt_1/FedPrompt...
============ Train epoch 15 ============
============ Train epoch 16 ============
============ Train epoch 17 ============
============ Train epoch 18 ============
============ Train epoch 19 ============
client-0 is in G-0
client-1 is in G-2
client-2 is in G-2
client-3 is in G-1
client-4 is in G-0
client-5 is in G-0
client-6 is in G-0
client-7 is in G-1
client-8 is in G-0
client-9 is in G-1
client-10 is in G-0
client-11 is in G-1
client-12 is in G-2
cnt=[6, 4, 3, ]
 Site-Clipart   | Train Loss: 0.9293 | Train Acc: 0.7778
 Site-Clipart   | Train Loss: 0.9981 | Train Acc: 0.8095
 Site-Clipart   | Train Loss: 0.7693 | Train Acc: 0.9206
 Site-Clipart   | Train Loss: 0.6842 | Train Acc: 0.9048
 Site-Clipart   | Train Loss: 0.9388 | Train Acc: 0.8571
 Site-Clipart   | Train Loss: 0.9832 | Train Acc: 0.8413
 Site-Infograph | Train Loss: 1.7882 | Train Acc: 0.4127
 Site-Infograph | Train Loss: 1.5797 | Train Acc: 0.5238
 Site-Infograph | Train Loss: 1.4190 | Train Acc: 0.5714
 Site-Painting  | Train Loss: 0.9795 | Train Acc: 0.8095
 Site-QuickDraw | Train Loss: 2.0283 | Train Acc: 0.3492
 Site-Real      | Train Loss: 0.6939 | Train Acc: 0.9365
 Site-Sketch    | Train Loss: 0.8941 | Train Acc: 0.8095
 Site-Clipart   | Val  Loss: 0.9029 | Val  Acc: 0.9048
 Site-Clipart   | Val  Loss: 0.6674 | Val  Acc: 0.9286
 Site-Clipart   | Val  Loss: 0.6605 | Val  Acc: 0.9762
 Site-Clipart   | Val  Loss: 0.7505 | Val  Acc: 0.9048
 Site-Clipart   | Val  Loss: 0.9951 | Val  Acc: 0.8095
 Site-Clipart   | Val  Loss: 0.9566 | Val  Acc: 0.8095
 Site-Infograph | Val  Loss: 1.4917 | Val  Acc: 0.5476
 Site-Infograph | Val  Loss: 1.3705 | Val  Acc: 0.6190
 Site-Infograph | Val  Loss: 1.8795 | Val  Acc: 0.3571
 Site-Painting  | Val  Loss: 1.1736 | Val  Acc: 0.7619
 Site-QuickDraw | Val  Loss: 2.1213 | Val  Acc: 0.3333
 Site-Real      | Val  Loss: 0.6756 | Val  Acc: 0.9286
 Site-Sketch    | Val  Loss: 0.9880 | Val  Acc: 0.8095
Average Valid Accuracy: 0.7454
 Best site-Clipart    | Epoch:3 | Val Acc: 0.9048
 Best site-Clipart    | Epoch:3 | Val Acc: 0.9286
 Best site-Clipart    | Epoch:3 | Val Acc: 0.9762
 Best site-Clipart    | Epoch:3 | Val Acc: 0.9048
 Best site-Clipart    | Epoch:3 | Val Acc: 0.8095
 Best site-Clipart    | Epoch:3 | Val Acc: 0.8095
 Best site-Infograph  | Epoch:3 | Val Acc: 0.5476
 Best site-Infograph  | Epoch:3 | Val Acc: 0.6190
 Best site-Infograph  | Epoch:3 | Val Acc: 0.3571
 Best site-Painting   | Epoch:3 | Val Acc: 0.7619
 Best site-QuickDraw  | Epoch:3 | Val Acc: 0.3333
 Best site-Real       | Epoch:3 | Val Acc: 0.9286
 Best site-Sketch     | Epoch:3 | Val Acc: 0.8095
 Saving the local and server checkpoint to ../checkpoint/fed_domainnet_uneven-2-sqrt_1/FedPrompt...
============ Train epoch 20 ============
============ Train epoch 21 ============
============ Train epoch 22 ============
============ Train epoch 23 ============
============ Train epoch 24 ============
client-0 is in G-0
client-1 is in G-2
client-2 is in G-2
client-3 is in G-1
client-4 is in G-0
client-5 is in G-0
client-6 is in G-0
client-7 is in G-1
client-8 is in G-0
client-9 is in G-1
client-10 is in G-0
client-11 is in G-1
client-12 is in G-2
cnt=[6, 4, 3, ]
 Site-Clipart   | Train Loss: 0.6756 | Train Acc: 0.8889
 Site-Clipart   | Train Loss: 0.7689 | Train Acc: 0.7937
 Site-Clipart   | Train Loss: 0.5808 | Train Acc: 0.9206
 Site-Clipart   | Train Loss: 0.5155 | Train Acc: 0.9365
 Site-Clipart   | Train Loss: 0.6990 | Train Acc: 0.9048
 Site-Clipart   | Train Loss: 0.8222 | Train Acc: 0.8095
 Site-Infograph | Train Loss: 1.5533 | Train Acc: 0.6032
 Site-Infograph | Train Loss: 1.3574 | Train Acc: 0.6667
 Site-Infograph | Train Loss: 1.1403 | Train Acc: 0.6984
 Site-Painting  | Train Loss: 0.8532 | Train Acc: 0.8095
 Site-QuickDraw | Train Loss: 1.9679 | Train Acc: 0.4127
 Site-Real      | Train Loss: 0.6232 | Train Acc: 0.8571
 Site-Sketch    | Train Loss: 0.7453 | Train Acc: 0.7937
 Site-Clipart   | Val  Loss: 0.7393 | Val  Acc: 0.8095
 Site-Clipart   | Val  Loss: 0.5665 | Val  Acc: 0.8810
 Site-Clipart   | Val  Loss: 0.5122 | Val  Acc: 0.9524
 Site-Clipart   | Val  Loss: 0.5185 | Val  Acc: 0.9286
 Site-Clipart   | Val  Loss: 0.7804 | Val  Acc: 0.8095
 Site-Clipart   | Val  Loss: 0.7393 | Val  Acc: 0.8333
 Site-Infograph | Val  Loss: 1.2421 | Val  Acc: 0.6667
 Site-Infograph | Val  Loss: 1.2104 | Val  Acc: 0.7619
 Site-Infograph | Val  Loss: 1.6558 | Val  Acc: 0.4762
 Site-Painting  | Val  Loss: 1.0148 | Val  Acc: 0.7857
 Site-QuickDraw | Val  Loss: 2.1426 | Val  Acc: 0.2857
 Site-Real      | Val  Loss: 0.5663 | Val  Acc: 0.8810
 Site-Sketch    | Val  Loss: 0.9726 | Val  Acc: 0.8095
Average Valid Accuracy: 0.7601
 Best site-Clipart    | Epoch:4 | Val Acc: 0.8095
 Best site-Clipart    | Epoch:4 | Val Acc: 0.8810
 Best site-Clipart    | Epoch:4 | Val Acc: 0.9524
 Best site-Clipart    | Epoch:4 | Val Acc: 0.9286
 Best site-Clipart    | Epoch:4 | Val Acc: 0.8095
 Best site-Clipart    | Epoch:4 | Val Acc: 0.8333
 Best site-Infograph  | Epoch:4 | Val Acc: 0.6667
 Best site-Infograph  | Epoch:4 | Val Acc: 0.7619
 Best site-Infograph  | Epoch:4 | Val Acc: 0.4762
 Best site-Painting   | Epoch:4 | Val Acc: 0.7857
 Best site-QuickDraw  | Epoch:4 | Val Acc: 0.2857
 Best site-Real       | Epoch:4 | Val Acc: 0.8810
 Best site-Sketch     | Epoch:4 | Val Acc: 0.8095
 Saving the local and server checkpoint to ../checkpoint/fed_domainnet_uneven-2-sqrt_1/FedPrompt...
============ Train epoch 25 ============
============ Train epoch 26 ============
============ Train epoch 27 ============
============ Train epoch 28 ============
============ Train epoch 29 ============
client-0 is in G-0
client-1 is in G-2
client-2 is in G-2
client-3 is in G-1
client-4 is in G-0
client-5 is in G-0
client-6 is in G-0
client-7 is in G-1
client-8 is in G-0
client-9 is in G-1
client-10 is in G-0
client-11 is in G-1
client-12 is in G-2
cnt=[6, 4, 3, ]
 Site-Clipart   | Train Loss: 0.4925 | Train Acc: 0.9365
 Site-Clipart   | Train Loss: 0.6281 | Train Acc: 0.8095
 Site-Clipart   | Train Loss: 0.4840 | Train Acc: 0.9524
 Site-Clipart   | Train Loss: 0.3878 | Train Acc: 0.9365
 Site-Clipart   | Train Loss: 0.6223 | Train Acc: 0.8889
 Site-Clipart   | Train Loss: 0.6400 | Train Acc: 0.8413
 Site-Infograph | Train Loss: 1.5896 | Train Acc: 0.4603
 Site-Infograph | Train Loss: 1.2761 | Train Acc: 0.5238
 Site-Infograph | Train Loss: 1.1015 | Train Acc: 0.6825
 Site-Painting  | Train Loss: 0.5603 | Train Acc: 0.9048
 Site-QuickDraw | Train Loss: 1.7848 | Train Acc: 0.3810
 Site-Real      | Train Loss: 0.3577 | Train Acc: 0.9524
 Site-Sketch    | Train Loss: 0.5308 | Train Acc: 0.8889
 Site-Clipart   | Val  Loss: 0.5780 | Val  Acc: 0.8810
 Site-Clipart   | Val  Loss: 0.3827 | Val  Acc: 0.9762
 Site-Clipart   | Val  Loss: 0.3929 | Val  Acc: 0.9524
 Site-Clipart   | Val  Loss: 0.4377 | Val  Acc: 0.9286
 Site-Clipart   | Val  Loss: 0.7525 | Val  Acc: 0.8333
 Site-Clipart   | Val  Loss: 0.6037 | Val  Acc: 0.9048
 Site-Infograph | Val  Loss: 1.1692 | Val  Acc: 0.6667
 Site-Infograph | Val  Loss: 1.2948 | Val  Acc: 0.5952
 Site-Infograph | Val  Loss: 1.5775 | Val  Acc: 0.4524
 Site-Painting  | Val  Loss: 0.8225 | Val  Acc: 0.8095
 Site-QuickDraw | Val  Loss: 2.0672 | Val  Acc: 0.3571
 Site-Real      | Val  Loss: 0.3792 | Val  Acc: 0.9524
 Site-Sketch    | Val  Loss: 0.7450 | Val  Acc: 0.8333
Average Valid Accuracy: 0.7802
 Best site-Clipart    | Epoch:5 | Val Acc: 0.8810
 Best site-Clipart    | Epoch:5 | Val Acc: 0.9762
 Best site-Clipart    | Epoch:5 | Val Acc: 0.9524
 Best site-Clipart    | Epoch:5 | Val Acc: 0.9286
 Best site-Clipart    | Epoch:5 | Val Acc: 0.8333
 Best site-Clipart    | Epoch:5 | Val Acc: 0.9048
 Best site-Infograph  | Epoch:5 | Val Acc: 0.6667
 Best site-Infograph  | Epoch:5 | Val Acc: 0.5952
 Best site-Infograph  | Epoch:5 | Val Acc: 0.4524
 Best site-Painting   | Epoch:5 | Val Acc: 0.8095
 Best site-QuickDraw  | Epoch:5 | Val Acc: 0.3571
 Best site-Real       | Epoch:5 | Val Acc: 0.9524
 Best site-Sketch     | Epoch:5 | Val Acc: 0.8333
 Saving the local and server checkpoint to ../checkpoint/fed_domainnet_uneven-2-sqrt_1/FedPrompt...
============ Train epoch 30 ============
============ Train epoch 31 ============
============ Train epoch 32 ============
============ Train epoch 33 ============
============ Train epoch 34 ============
client-0 is in G-0
client-1 is in G-2
client-2 is in G-2
client-3 is in G-1
client-4 is in G-0
client-5 is in G-0
client-6 is in G-0
client-7 is in G-1
client-8 is in G-0
client-9 is in G-1
client-10 is in G-0
client-11 is in G-1
client-12 is in G-2
cnt=[6, 4, 3, ]
 Site-Clipart   | Train Loss: 0.3611 | Train Acc: 0.9524
 Site-Clipart   | Train Loss: 0.5801 | Train Acc: 0.8889
 Site-Clipart   | Train Loss: 0.3806 | Train Acc: 0.9524
 Site-Clipart   | Train Loss: 0.2693 | Train Acc: 0.9841
 Site-Clipart   | Train Loss: 0.4980 | Train Acc: 0.9048
 Site-Clipart   | Train Loss: 0.4983 | Train Acc: 0.8730
 Site-Infograph | Train Loss: 1.3624 | Train Acc: 0.5714
 Site-Infograph | Train Loss: 1.1186 | Train Acc: 0.6190
 Site-Infograph | Train Loss: 1.0368 | Train Acc: 0.6984
 Site-Painting  | Train Loss: 0.4918 | Train Acc: 0.8889
 Site-QuickDraw | Train Loss: 1.5128 | Train Acc: 0.5714
 Site-Real      | Train Loss: 0.2816 | Train Acc: 0.9365
 Site-Sketch    | Train Loss: 0.4983 | Train Acc: 0.8889
 Site-Clipart   | Val  Loss: 0.4320 | Val  Acc: 0.9048
 Site-Clipart   | Val  Loss: 0.2387 | Val  Acc: 0.9762
 Site-Clipart   | Val  Loss: 0.2682 | Val  Acc: 0.9524
 Site-Clipart   | Val  Loss: 0.2496 | Val  Acc: 1.0000
 Site-Clipart   | Val  Loss: 0.5881 | Val  Acc: 0.8810
 Site-Clipart   | Val  Loss: 0.5145 | Val  Acc: 0.8810
 Site-Infograph | Val  Loss: 1.0110 | Val  Acc: 0.7381
 Site-Infograph | Val  Loss: 1.0967 | Val  Acc: 0.7381
 Site-Infograph | Val  Loss: 1.4003 | Val  Acc: 0.5714
 Site-Painting  | Val  Loss: 0.7428 | Val  Acc: 0.8333
 Site-QuickDraw | Val  Loss: 1.7139 | Val  Acc: 0.4524
 Site-Real      | Val  Loss: 0.3484 | Val  Acc: 0.9286
 Site-Sketch    | Val  Loss: 0.7941 | Val  Acc: 0.7857
Average Valid Accuracy: 0.8187
 Best site-Clipart    | Epoch:6 | Val Acc: 0.9048
 Best site-Clipart    | Epoch:6 | Val Acc: 0.9762
 Best site-Clipart    | Epoch:6 | Val Acc: 0.9524
 Best site-Clipart    | Epoch:6 | Val Acc: 1.0000
 Best site-Clipart    | Epoch:6 | Val Acc: 0.8810
 Best site-Clipart    | Epoch:6 | Val Acc: 0.8810
 Best site-Infograph  | Epoch:6 | Val Acc: 0.7381
 Best site-Infograph  | Epoch:6 | Val Acc: 0.7381
 Best site-Infograph  | Epoch:6 | Val Acc: 0.5714
 Best site-Painting   | Epoch:6 | Val Acc: 0.8333
 Best site-QuickDraw  | Epoch:6 | Val Acc: 0.4524
 Best site-Real       | Epoch:6 | Val Acc: 0.9286
 Best site-Sketch     | Epoch:6 | Val Acc: 0.7857
 Saving the local and server checkpoint to ../checkpoint/fed_domainnet_uneven-2-sqrt_1/FedPrompt...
============ Train epoch 35 ============
============ Train epoch 36 ============
============ Train epoch 37 ============
============ Train epoch 38 ============
============ Train epoch 39 ============
client-0 is in G-0
client-1 is in G-2
client-2 is in G-2
client-3 is in G-1
client-4 is in G-0
client-5 is in G-0
client-6 is in G-0
client-7 is in G-1
client-8 is in G-0
client-9 is in G-1
client-10 is in G-0
client-11 is in G-1
client-12 is in G-2
cnt=[6, 4, 3, ]
 Site-Clipart   | Train Loss: 0.3335 | Train Acc: 0.9683
 Site-Clipart   | Train Loss: 0.4211 | Train Acc: 0.9048
 Site-Clipart   | Train Loss: 0.2214 | Train Acc: 0.9524
 Site-Clipart   | Train Loss: 0.1620 | Train Acc: 1.0000
 Site-Clipart   | Train Loss: 0.3568 | Train Acc: 0.9524
 Site-Clipart   | Train Loss: 0.4565 | Train Acc: 0.8889
 Site-Infograph | Train Loss: 1.2070 | Train Acc: 0.6190
 Site-Infograph | Train Loss: 0.9090 | Train Acc: 0.7302
 Site-Infograph | Train Loss: 0.9014 | Train Acc: 0.7143
 Site-Painting  | Train Loss: 0.4005 | Train Acc: 0.9365
 Site-QuickDraw | Train Loss: 1.6459 | Train Acc: 0.4286
 Site-Real      | Train Loss: 0.2531 | Train Acc: 0.9524
 Site-Sketch    | Train Loss: 0.3117 | Train Acc: 0.9524
 Site-Clipart   | Val  Loss: 0.3342 | Val  Acc: 0.9048
 Site-Clipart   | Val  Loss: 0.1833 | Val  Acc: 1.0000
 Site-Clipart   | Val  Loss: 0.1841 | Val  Acc: 1.0000
 Site-Clipart   | Val  Loss: 0.2290 | Val  Acc: 1.0000
 Site-Clipart   | Val  Loss: 0.4424 | Val  Acc: 0.9048
 Site-Clipart   | Val  Loss: 0.4369 | Val  Acc: 0.8810
 Site-Infograph | Val  Loss: 0.8949 | Val  Acc: 0.6905
 Site-Infograph | Val  Loss: 0.8353 | Val  Acc: 0.8333
 Site-Infograph | Val  Loss: 1.3453 | Val  Acc: 0.5000
 Site-Painting  | Val  Loss: 0.7941 | Val  Acc: 0.7143
 Site-QuickDraw | Val  Loss: 1.7928 | Val  Acc: 0.4524
 Site-Real      | Val  Loss: 0.3279 | Val  Acc: 0.9048
 Site-Sketch    | Val  Loss: 0.6824 | Val  Acc: 0.8571
Average Valid Accuracy: 0.8187
============ Train epoch 40 ============
============ Train epoch 41 ============
============ Train epoch 42 ============
============ Train epoch 43 ============
============ Train epoch 44 ============
client-0 is in G-0
client-1 is in G-2
client-2 is in G-2
client-3 is in G-1
client-4 is in G-0
client-5 is in G-0
client-6 is in G-0
client-7 is in G-1
client-8 is in G-0
client-9 is in G-1
client-10 is in G-0
client-11 is in G-1
client-12 is in G-2
cnt=[6, 4, 3, ]
 Site-Clipart   | Train Loss: 0.2615 | Train Acc: 0.9524
 Site-Clipart   | Train Loss: 0.3513 | Train Acc: 0.8889
 Site-Clipart   | Train Loss: 0.1990 | Train Acc: 1.0000
 Site-Clipart   | Train Loss: 0.1846 | Train Acc: 0.9683
 Site-Clipart   | Train Loss: 0.3115 | Train Acc: 0.9683
 Site-Clipart   | Train Loss: 0.3505 | Train Acc: 0.9048
 Site-Infograph | Train Loss: 1.4205 | Train Acc: 0.5397
 Site-Infograph | Train Loss: 1.0165 | Train Acc: 0.6825
 Site-Infograph | Train Loss: 0.7556 | Train Acc: 0.7778
 Site-Painting  | Train Loss: 0.3779 | Train Acc: 0.9365
 Site-QuickDraw | Train Loss: 1.5350 | Train Acc: 0.5079
 Site-Real      | Train Loss: 0.2157 | Train Acc: 0.9365
 Site-Sketch    | Train Loss: 0.3238 | Train Acc: 0.9365
 Site-Clipart   | Val  Loss: 0.3598 | Val  Acc: 0.9286
 Site-Clipart   | Val  Loss: 0.2601 | Val  Acc: 0.9524
 Site-Clipart   | Val  Loss: 0.1959 | Val  Acc: 0.9286
 Site-Clipart   | Val  Loss: 0.1666 | Val  Acc: 1.0000
 Site-Clipart   | Val  Loss: 0.3736 | Val  Acc: 0.8810
 Site-Clipart   | Val  Loss: 0.3218 | Val  Acc: 0.9524
 Site-Infograph | Val  Loss: 0.7414 | Val  Acc: 0.8333
 Site-Infograph | Val  Loss: 0.9447 | Val  Acc: 0.7381
 Site-Infograph | Val  Loss: 1.3667 | Val  Acc: 0.4762
 Site-Painting  | Val  Loss: 0.5229 | Val  Acc: 0.8810
 Site-QuickDraw | Val  Loss: 1.7944 | Val  Acc: 0.4286
 Site-Real      | Val  Loss: 0.2941 | Val  Acc: 0.9286
 Site-Sketch    | Val  Loss: 0.5593 | Val  Acc: 0.8810
Average Valid Accuracy: 0.8315
 Best site-Clipart    | Epoch:8 | Val Acc: 0.9286
 Best site-Clipart    | Epoch:8 | Val Acc: 0.9524
 Best site-Clipart    | Epoch:8 | Val Acc: 0.9286
 Best site-Clipart    | Epoch:8 | Val Acc: 1.0000
 Best site-Clipart    | Epoch:8 | Val Acc: 0.8810
 Best site-Clipart    | Epoch:8 | Val Acc: 0.9524
 Best site-Infograph  | Epoch:8 | Val Acc: 0.8333
 Best site-Infograph  | Epoch:8 | Val Acc: 0.7381
 Best site-Infograph  | Epoch:8 | Val Acc: 0.4762
 Best site-Painting   | Epoch:8 | Val Acc: 0.8810
 Best site-QuickDraw  | Epoch:8 | Val Acc: 0.4286
 Best site-Real       | Epoch:8 | Val Acc: 0.9286
 Best site-Sketch     | Epoch:8 | Val Acc: 0.8810
 Saving the local and server checkpoint to ../checkpoint/fed_domainnet_uneven-2-sqrt_1/FedPrompt...
============ Train epoch 45 ============
============ Train epoch 46 ============
============ Train epoch 47 ============
============ Train epoch 48 ============
============ Train epoch 49 ============
client-0 is in G-0
client-1 is in G-2
client-2 is in G-2
client-3 is in G-1
client-4 is in G-0
client-5 is in G-0
client-6 is in G-0
client-7 is in G-1
client-8 is in G-0
client-9 is in G-1
client-10 is in G-0
client-11 is in G-1
client-12 is in G-2
cnt=[6, 4, 3, ]
 Site-Clipart   | Train Loss: 0.1881 | Train Acc: 0.9683
 Site-Clipart   | Train Loss: 0.2398 | Train Acc: 0.9524
 Site-Clipart   | Train Loss: 0.2141 | Train Acc: 0.9365
 Site-Clipart   | Train Loss: 0.1400 | Train Acc: 0.9683
 Site-Clipart   | Train Loss: 0.2260 | Train Acc: 0.9841
 Site-Clipart   | Train Loss: 0.3776 | Train Acc: 0.9048
 Site-Infograph | Train Loss: 0.9596 | Train Acc: 0.6825
 Site-Infograph | Train Loss: 0.8995 | Train Acc: 0.6984
 Site-Infograph | Train Loss: 0.6534 | Train Acc: 0.7619
 Site-Painting  | Train Loss: 0.2591 | Train Acc: 0.9206
 Site-QuickDraw | Train Loss: 1.4430 | Train Acc: 0.5238
 Site-Real      | Train Loss: 0.2062 | Train Acc: 0.9683
 Site-Sketch    | Train Loss: 0.2869 | Train Acc: 0.9365
 Site-Clipart   | Val  Loss: 0.1911 | Val  Acc: 0.9762
 Site-Clipart   | Val  Loss: 0.1492 | Val  Acc: 0.9524
 Site-Clipart   | Val  Loss: 0.1139 | Val  Acc: 1.0000
 Site-Clipart   | Val  Loss: 0.1814 | Val  Acc: 0.9762
 Site-Clipart   | Val  Loss: 0.2653 | Val  Acc: 0.9524
 Site-Clipart   | Val  Loss: 0.2652 | Val  Acc: 0.9286
 Site-Infograph | Val  Loss: 0.6935 | Val  Acc: 0.7619
 Site-Infograph | Val  Loss: 0.7805 | Val  Acc: 0.7619
 Site-Infograph | Val  Loss: 1.0654 | Val  Acc: 0.6667
 Site-Painting  | Val  Loss: 0.4874 | Val  Acc: 0.9048
 Site-QuickDraw | Val  Loss: 1.7826 | Val  Acc: 0.4048
 Site-Real      | Val  Loss: 0.2345 | Val  Acc: 0.9524
 Site-Sketch    | Val  Loss: 0.7022 | Val  Acc: 0.8571
Average Valid Accuracy: 0.8535
 Best site-Clipart    | Epoch:9 | Val Acc: 0.9762
 Best site-Clipart    | Epoch:9 | Val Acc: 0.9524
 Best site-Clipart    | Epoch:9 | Val Acc: 1.0000
 Best site-Clipart    | Epoch:9 | Val Acc: 0.9762
 Best site-Clipart    | Epoch:9 | Val Acc: 0.9524
 Best site-Clipart    | Epoch:9 | Val Acc: 0.9286
 Best site-Infograph  | Epoch:9 | Val Acc: 0.7619
 Best site-Infograph  | Epoch:9 | Val Acc: 0.7619
 Best site-Infograph  | Epoch:9 | Val Acc: 0.6667
 Best site-Painting   | Epoch:9 | Val Acc: 0.9048
 Best site-QuickDraw  | Epoch:9 | Val Acc: 0.4048
 Best site-Real       | Epoch:9 | Val Acc: 0.9524
 Best site-Sketch     | Epoch:9 | Val Acc: 0.8571
 Saving the local and server checkpoint to ../checkpoint/fed_domainnet_uneven-2-sqrt_1/FedPrompt...
============ Train epoch 50 ============
============ Train epoch 51 ============
============ Train epoch 52 ============
============ Train epoch 53 ============
============ Train epoch 54 ============
client-0 is in G-0
client-1 is in G-2
client-2 is in G-2
client-3 is in G-1
client-4 is in G-0
client-5 is in G-0
client-6 is in G-0
client-7 is in G-1
client-8 is in G-0
client-9 is in G-1
client-10 is in G-0
client-11 is in G-1
client-12 is in G-2
cnt=[6, 4, 3, ]
 Site-Clipart   | Train Loss: 0.1619 | Train Acc: 0.9841
 Site-Clipart   | Train Loss: 0.3115 | Train Acc: 0.9048
 Site-Clipart   | Train Loss: 0.1364 | Train Acc: 0.9841
 Site-Clipart   | Train Loss: 0.1141 | Train Acc: 0.9841
 Site-Clipart   | Train Loss: 0.2040 | Train Acc: 0.9841
 Site-Clipart   | Train Loss: 0.3044 | Train Acc: 0.9206
 Site-Infograph | Train Loss: 1.0253 | Train Acc: 0.6825
 Site-Infograph | Train Loss: 0.6804 | Train Acc: 0.8095
 Site-Infograph | Train Loss: 0.5333 | Train Acc: 0.8730
 Site-Painting  | Train Loss: 0.1660 | Train Acc: 1.0000
 Site-QuickDraw | Train Loss: 1.3737 | Train Acc: 0.5079
 Site-Real      | Train Loss: 0.1629 | Train Acc: 0.9683
 Site-Sketch    | Train Loss: 0.2390 | Train Acc: 0.9524
 Site-Clipart   | Val  Loss: 0.1890 | Val  Acc: 0.9524
 Site-Clipart   | Val  Loss: 0.1428 | Val  Acc: 0.9762
 Site-Clipart   | Val  Loss: 0.1358 | Val  Acc: 0.9762
 Site-Clipart   | Val  Loss: 0.1402 | Val  Acc: 1.0000
 Site-Clipart   | Val  Loss: 0.2487 | Val  Acc: 0.9286
 Site-Clipart   | Val  Loss: 0.2166 | Val  Acc: 0.9524
 Site-Infograph | Val  Loss: 0.5664 | Val  Acc: 0.8333
 Site-Infograph | Val  Loss: 0.7037 | Val  Acc: 0.7857
 Site-Infograph | Val  Loss: 0.9526 | Val  Acc: 0.7143
 Site-Painting  | Val  Loss: 0.4763 | Val  Acc: 0.8810
 Site-QuickDraw | Val  Loss: 1.6552 | Val  Acc: 0.4286
 Site-Real      | Val  Loss: 0.2288 | Val  Acc: 0.9286
 Site-Sketch    | Val  Loss: 0.5906 | Val  Acc: 0.8571
Average Valid Accuracy: 0.8626
 Best site-Clipart    | Epoch:10 | Val Acc: 0.9524
 Best site-Clipart    | Epoch:10 | Val Acc: 0.9762
 Best site-Clipart    | Epoch:10 | Val Acc: 0.9762
 Best site-Clipart    | Epoch:10 | Val Acc: 1.0000
 Best site-Clipart    | Epoch:10 | Val Acc: 0.9286
 Best site-Clipart    | Epoch:10 | Val Acc: 0.9524
 Best site-Infograph  | Epoch:10 | Val Acc: 0.8333
 Best site-Infograph  | Epoch:10 | Val Acc: 0.7857
 Best site-Infograph  | Epoch:10 | Val Acc: 0.7143
 Best site-Painting   | Epoch:10 | Val Acc: 0.8810
 Best site-QuickDraw  | Epoch:10 | Val Acc: 0.4286
 Best site-Real       | Epoch:10 | Val Acc: 0.9286
 Best site-Sketch     | Epoch:10 | Val Acc: 0.8571
 Saving the local and server checkpoint to ../checkpoint/fed_domainnet_uneven-2-sqrt_1/FedPrompt...
============ Train epoch 55 ============
============ Train epoch 56 ============
============ Train epoch 57 ============
============ Train epoch 58 ============
============ Train epoch 59 ============
client-0 is in G-0
client-1 is in G-2
client-2 is in G-2
client-3 is in G-1
client-4 is in G-0
client-5 is in G-0
client-6 is in G-0
client-7 is in G-1
client-8 is in G-0
client-9 is in G-1
client-10 is in G-0
client-11 is in G-1
client-12 is in G-2
cnt=[6, 4, 3, ]
 Site-Clipart   | Train Loss: 0.1790 | Train Acc: 0.9683
 Site-Clipart   | Train Loss: 0.2381 | Train Acc: 0.9683
 Site-Clipart   | Train Loss: 0.1210 | Train Acc: 1.0000
 Site-Clipart   | Train Loss: 0.0770 | Train Acc: 0.9841
 Site-Clipart   | Train Loss: 0.1484 | Train Acc: 0.9683
 Site-Clipart   | Train Loss: 0.2506 | Train Acc: 0.9206
 Site-Infograph | Train Loss: 0.8414 | Train Acc: 0.7619
 Site-Infograph | Train Loss: 0.6361 | Train Acc: 0.7778
 Site-Infograph | Train Loss: 0.6295 | Train Acc: 0.7778
 Site-Painting  | Train Loss: 0.1823 | Train Acc: 0.9683
 Site-QuickDraw | Train Loss: 1.3453 | Train Acc: 0.4762
 Site-Real      | Train Loss: 0.1506 | Train Acc: 0.9683
 Site-Sketch    | Train Loss: 0.2564 | Train Acc: 0.9365
 Site-Clipart   | Val  Loss: 0.1914 | Val  Acc: 0.9762
 Site-Clipart   | Val  Loss: 0.0751 | Val  Acc: 1.0000
 Site-Clipart   | Val  Loss: 0.1529 | Val  Acc: 0.9524
 Site-Clipart   | Val  Loss: 0.1318 | Val  Acc: 0.9762
 Site-Clipart   | Val  Loss: 0.1651 | Val  Acc: 0.9762
 Site-Clipart   | Val  Loss: 0.1761 | Val  Acc: 0.9762
 Site-Infograph | Val  Loss: 0.7105 | Val  Acc: 0.8095
 Site-Infograph | Val  Loss: 0.5974 | Val  Acc: 0.8571
 Site-Infograph | Val  Loss: 0.7521 | Val  Acc: 0.8095
 Site-Painting  | Val  Loss: 0.5915 | Val  Acc: 0.8571
 Site-QuickDraw | Val  Loss: 1.6029 | Val  Acc: 0.4762
 Site-Real      | Val  Loss: 0.2601 | Val  Acc: 0.9286
 Site-Sketch    | Val  Loss: 0.4853 | Val  Acc: 0.8333
Average Valid Accuracy: 0.8791
 Best site-Clipart    | Epoch:11 | Val Acc: 0.9762
 Best site-Clipart    | Epoch:11 | Val Acc: 1.0000
 Best site-Clipart    | Epoch:11 | Val Acc: 0.9524
 Best site-Clipart    | Epoch:11 | Val Acc: 0.9762
 Best site-Clipart    | Epoch:11 | Val Acc: 0.9762
 Best site-Clipart    | Epoch:11 | Val Acc: 0.9762
 Best site-Infograph  | Epoch:11 | Val Acc: 0.8095
 Best site-Infograph  | Epoch:11 | Val Acc: 0.8571
 Best site-Infograph  | Epoch:11 | Val Acc: 0.8095
 Best site-Painting   | Epoch:11 | Val Acc: 0.8571
 Best site-QuickDraw  | Epoch:11 | Val Acc: 0.4762
 Best site-Real       | Epoch:11 | Val Acc: 0.9286
 Best site-Sketch     | Epoch:11 | Val Acc: 0.8333
 Saving the local and server checkpoint to ../checkpoint/fed_domainnet_uneven-2-sqrt_1/FedPrompt...
============ Train epoch 60 ============
============ Train epoch 61 ============
============ Train epoch 62 ============
============ Train epoch 63 ============
============ Train epoch 64 ============
client-0 is in G-0
client-1 is in G-2
client-2 is in G-2
client-3 is in G-1
client-4 is in G-0
client-5 is in G-0
client-6 is in G-0
client-7 is in G-1
client-8 is in G-0
client-9 is in G-1
client-10 is in G-0
client-11 is in G-1
client-12 is in G-2
cnt=[6, 4, 3, ]
 Site-Clipart   | Train Loss: 0.1027 | Train Acc: 1.0000
 Site-Clipart   | Train Loss: 0.1772 | Train Acc: 0.9841
 Site-Clipart   | Train Loss: 0.1030 | Train Acc: 0.9841
 Site-Clipart   | Train Loss: 0.0708 | Train Acc: 1.0000
 Site-Clipart   | Train Loss: 0.1794 | Train Acc: 0.9683
 Site-Clipart   | Train Loss: 0.1957 | Train Acc: 0.9683
 Site-Infograph | Train Loss: 0.7796 | Train Acc: 0.7143
 Site-Infograph | Train Loss: 0.5295 | Train Acc: 0.8571
 Site-Infograph | Train Loss: 0.6070 | Train Acc: 0.8413
 Site-Painting  | Train Loss: 0.1727 | Train Acc: 0.9683
 Site-QuickDraw | Train Loss: 1.5381 | Train Acc: 0.4603
 Site-Real      | Train Loss: 0.0995 | Train Acc: 0.9841
 Site-Sketch    | Train Loss: 0.1927 | Train Acc: 0.9524
 Site-Clipart   | Val  Loss: 0.1531 | Val  Acc: 0.9524
 Site-Clipart   | Val  Loss: 0.0792 | Val  Acc: 1.0000
 Site-Clipart   | Val  Loss: 0.0763 | Val  Acc: 0.9762
 Site-Clipart   | Val  Loss: 0.0996 | Val  Acc: 0.9762
 Site-Clipart   | Val  Loss: 0.1782 | Val  Acc: 1.0000
 Site-Clipart   | Val  Loss: 0.2055 | Val  Acc: 0.9524
 Site-Infograph | Val  Loss: 0.6704 | Val  Acc: 0.8333
 Site-Infograph | Val  Loss: 0.5033 | Val  Acc: 0.8571
 Site-Infograph | Val  Loss: 0.8771 | Val  Acc: 0.7381
 Site-Painting  | Val  Loss: 0.6382 | Val  Acc: 0.8571
 Site-QuickDraw | Val  Loss: 1.5375 | Val  Acc: 0.5476
 Site-Real      | Val  Loss: 0.2172 | Val  Acc: 0.9524
 Site-Sketch    | Val  Loss: 0.5615 | Val  Acc: 0.8571
Average Valid Accuracy: 0.8846
 Best site-Clipart    | Epoch:12 | Val Acc: 0.9524
 Best site-Clipart    | Epoch:12 | Val Acc: 1.0000
 Best site-Clipart    | Epoch:12 | Val Acc: 0.9762
 Best site-Clipart    | Epoch:12 | Val Acc: 0.9762
 Best site-Clipart    | Epoch:12 | Val Acc: 1.0000
 Best site-Clipart    | Epoch:12 | Val Acc: 0.9524
 Best site-Infograph  | Epoch:12 | Val Acc: 0.8333
 Best site-Infograph  | Epoch:12 | Val Acc: 0.8571
 Best site-Infograph  | Epoch:12 | Val Acc: 0.7381
 Best site-Painting   | Epoch:12 | Val Acc: 0.8571
 Best site-QuickDraw  | Epoch:12 | Val Acc: 0.5476
 Best site-Real       | Epoch:12 | Val Acc: 0.9524
 Best site-Sketch     | Epoch:12 | Val Acc: 0.8571
 Saving the local and server checkpoint to ../checkpoint/fed_domainnet_uneven-2-sqrt_1/FedPrompt...
============ Train epoch 65 ============
============ Train epoch 66 ============
============ Train epoch 67 ============
============ Train epoch 68 ============
============ Train epoch 69 ============
client-0 is in G-0
client-1 is in G-2
client-2 is in G-2
client-3 is in G-1
client-4 is in G-0
client-5 is in G-0
client-6 is in G-0
client-7 is in G-1
client-8 is in G-0
client-9 is in G-1
client-10 is in G-0
client-11 is in G-1
client-12 is in G-2
cnt=[6, 4, 3, ]
 Site-Clipart   | Train Loss: 0.0967 | Train Acc: 0.9841
 Site-Clipart   | Train Loss: 0.1270 | Train Acc: 0.9841
 Site-Clipart   | Train Loss: 0.1410 | Train Acc: 0.9841
 Site-Clipart   | Train Loss: 0.0629 | Train Acc: 0.9841
 Site-Clipart   | Train Loss: 0.1458 | Train Acc: 0.9841
 Site-Clipart   | Train Loss: 0.2012 | Train Acc: 0.9206
 Site-Infograph | Train Loss: 0.7026 | Train Acc: 0.7778
 Site-Infograph | Train Loss: 0.6587 | Train Acc: 0.7778
 Site-Infograph | Train Loss: 0.4072 | Train Acc: 0.9048
 Site-Painting  | Train Loss: 0.0999 | Train Acc: 1.0000
 Site-QuickDraw | Train Loss: 1.2065 | Train Acc: 0.6508
 Site-Real      | Train Loss: 0.1581 | Train Acc: 0.9683
 Site-Sketch    | Train Loss: 0.1347 | Train Acc: 0.9683
 Site-Clipart   | Val  Loss: 0.1397 | Val  Acc: 0.9762
 Site-Clipart   | Val  Loss: 0.0577 | Val  Acc: 1.0000
 Site-Clipart   | Val  Loss: 0.0947 | Val  Acc: 0.9762
 Site-Clipart   | Val  Loss: 0.1165 | Val  Acc: 0.9762
 Site-Clipart   | Val  Loss: 0.1247 | Val  Acc: 0.9762
 Site-Clipart   | Val  Loss: 0.1203 | Val  Acc: 0.9762
 Site-Infograph | Val  Loss: 0.5406 | Val  Acc: 0.8571
 Site-Infograph | Val  Loss: 0.5550 | Val  Acc: 0.8810
 Site-Infograph | Val  Loss: 0.6074 | Val  Acc: 0.7619
 Site-Painting  | Val  Loss: 0.5680 | Val  Acc: 0.8810
 Site-QuickDraw | Val  Loss: 1.6896 | Val  Acc: 0.4762
 Site-Real      | Val  Loss: 0.2037 | Val  Acc: 0.9524
 Site-Sketch    | Val  Loss: 0.6430 | Val  Acc: 0.8095
Average Valid Accuracy: 0.8846
 Best site-Clipart    | Epoch:13 | Val Acc: 0.9762
 Best site-Clipart    | Epoch:13 | Val Acc: 1.0000
 Best site-Clipart    | Epoch:13 | Val Acc: 0.9762
 Best site-Clipart    | Epoch:13 | Val Acc: 0.9762
 Best site-Clipart    | Epoch:13 | Val Acc: 0.9762
 Best site-Clipart    | Epoch:13 | Val Acc: 0.9762
 Best site-Infograph  | Epoch:13 | Val Acc: 0.8571
 Best site-Infograph  | Epoch:13 | Val Acc: 0.8810
 Best site-Infograph  | Epoch:13 | Val Acc: 0.7619
 Best site-Painting   | Epoch:13 | Val Acc: 0.8810
 Best site-QuickDraw  | Epoch:13 | Val Acc: 0.4762
 Best site-Real       | Epoch:13 | Val Acc: 0.9524
 Best site-Sketch     | Epoch:13 | Val Acc: 0.8095
 Saving the local and server checkpoint to ../checkpoint/fed_domainnet_uneven-2-sqrt_1/FedPrompt...
============ Train epoch 70 ============
============ Train epoch 71 ============
============ Train epoch 72 ============
============ Train epoch 73 ============
============ Train epoch 74 ============
client-0 is in G-0
client-1 is in G-2
client-2 is in G-2
client-3 is in G-1
client-4 is in G-0
client-5 is in G-0
client-6 is in G-0
client-7 is in G-1
client-8 is in G-0
client-9 is in G-1
client-10 is in G-0
client-11 is in G-1
client-12 is in G-2
cnt=[6, 4, 3, ]
 Site-Clipart   | Train Loss: 0.0884 | Train Acc: 1.0000
 Site-Clipart   | Train Loss: 0.1958 | Train Acc: 0.9841
 Site-Clipart   | Train Loss: 0.0907 | Train Acc: 0.9841
 Site-Clipart   | Train Loss: 0.0596 | Train Acc: 1.0000
 Site-Clipart   | Train Loss: 0.1956 | Train Acc: 0.9365
 Site-Clipart   | Train Loss: 0.2289 | Train Acc: 0.9365
 Site-Infograph | Train Loss: 0.9286 | Train Acc: 0.6667
 Site-Infograph | Train Loss: 0.5153 | Train Acc: 0.8413
 Site-Infograph | Train Loss: 0.4290 | Train Acc: 0.9365
 Site-Painting  | Train Loss: 0.1612 | Train Acc: 0.9683
 Site-QuickDraw | Train Loss: 1.0059 | Train Acc: 0.7619
 Site-Real      | Train Loss: 0.0761 | Train Acc: 0.9841
 Site-Sketch    | Train Loss: 0.0821 | Train Acc: 0.9841
 Site-Clipart   | Val  Loss: 0.1279 | Val  Acc: 0.9524
 Site-Clipart   | Val  Loss: 0.0974 | Val  Acc: 0.9762
 Site-Clipart   | Val  Loss: 0.0449 | Val  Acc: 1.0000
 Site-Clipart   | Val  Loss: 0.0670 | Val  Acc: 0.9762
 Site-Clipart   | Val  Loss: 0.1973 | Val  Acc: 0.9762
 Site-Clipart   | Val  Loss: 0.1290 | Val  Acc: 0.9762
 Site-Infograph | Val  Loss: 0.6189 | Val  Acc: 0.7857
 Site-Infograph | Val  Loss: 0.4747 | Val  Acc: 0.8810
 Site-Infograph | Val  Loss: 0.9905 | Val  Acc: 0.6905
 Site-Painting  | Val  Loss: 0.5090 | Val  Acc: 0.8571
 Site-QuickDraw | Val  Loss: 1.4073 | Val  Acc: 0.5952
 Site-Real      | Val  Loss: 0.2610 | Val  Acc: 0.9524
 Site-Sketch    | Val  Loss: 0.4127 | Val  Acc: 0.9286
Average Valid Accuracy: 0.8883
 Best site-Clipart    | Epoch:14 | Val Acc: 0.9524
 Best site-Clipart    | Epoch:14 | Val Acc: 0.9762
 Best site-Clipart    | Epoch:14 | Val Acc: 1.0000
 Best site-Clipart    | Epoch:14 | Val Acc: 0.9762
 Best site-Clipart    | Epoch:14 | Val Acc: 0.9762
 Best site-Clipart    | Epoch:14 | Val Acc: 0.9762
 Best site-Infograph  | Epoch:14 | Val Acc: 0.7857
 Best site-Infograph  | Epoch:14 | Val Acc: 0.8810
 Best site-Infograph  | Epoch:14 | Val Acc: 0.6905
 Best site-Painting   | Epoch:14 | Val Acc: 0.8571
 Best site-QuickDraw  | Epoch:14 | Val Acc: 0.5952
 Best site-Real       | Epoch:14 | Val Acc: 0.9524
 Best site-Sketch     | Epoch:14 | Val Acc: 0.9286
 Saving the local and server checkpoint to ../checkpoint/fed_domainnet_uneven-2-sqrt_1/FedPrompt...
============ Train epoch 75 ============
============ Train epoch 76 ============
============ Train epoch 77 ============
============ Train epoch 78 ============
============ Train epoch 79 ============
client-0 is in G-0
client-1 is in G-2
client-2 is in G-2
client-3 is in G-1
client-4 is in G-0
client-5 is in G-0
client-6 is in G-0
client-7 is in G-1
client-8 is in G-0
client-9 is in G-1
client-10 is in G-0
client-11 is in G-1
client-12 is in G-2
cnt=[6, 4, 3, ]
 Site-Clipart   | Train Loss: 0.0627 | Train Acc: 1.0000
 Site-Clipart   | Train Loss: 0.1107 | Train Acc: 0.9841
 Site-Clipart   | Train Loss: 0.0694 | Train Acc: 1.0000
 Site-Clipart   | Train Loss: 0.0640 | Train Acc: 0.9683
 Site-Clipart   | Train Loss: 0.1053 | Train Acc: 0.9841
 Site-Clipart   | Train Loss: 0.1543 | Train Acc: 0.9365
 Site-Infograph | Train Loss: 0.6214 | Train Acc: 0.8095
 Site-Infograph | Train Loss: 0.4346 | Train Acc: 0.8254
 Site-Infograph | Train Loss: 0.3398 | Train Acc: 0.9048
 Site-Painting  | Train Loss: 0.0854 | Train Acc: 0.9841
 Site-QuickDraw | Train Loss: 1.0287 | Train Acc: 0.7302
 Site-Real      | Train Loss: 0.0714 | Train Acc: 0.9841
 Site-Sketch    | Train Loss: 0.1144 | Train Acc: 0.9841
 Site-Clipart   | Val  Loss: 0.0999 | Val  Acc: 0.9762
 Site-Clipart   | Val  Loss: 0.0692 | Val  Acc: 0.9762
 Site-Clipart   | Val  Loss: 0.0298 | Val  Acc: 1.0000
 Site-Clipart   | Val  Loss: 0.0615 | Val  Acc: 1.0000
 Site-Clipart   | Val  Loss: 0.0918 | Val  Acc: 0.9762
 Site-Clipart   | Val  Loss: 0.0790 | Val  Acc: 1.0000
 Site-Infograph | Val  Loss: 0.4381 | Val  Acc: 0.8571
 Site-Infograph | Val  Loss: 0.4305 | Val  Acc: 0.8810
 Site-Infograph | Val  Loss: 0.5579 | Val  Acc: 0.8333
 Site-Painting  | Val  Loss: 0.5732 | Val  Acc: 0.8333
 Site-QuickDraw | Val  Loss: 1.4966 | Val  Acc: 0.5000
 Site-Real      | Val  Loss: 0.2777 | Val  Acc: 0.9524
 Site-Sketch    | Val  Loss: 0.6409 | Val  Acc: 0.8571
Average Valid Accuracy: 0.8956
 Best site-Clipart    | Epoch:15 | Val Acc: 0.9762
 Best site-Clipart    | Epoch:15 | Val Acc: 0.9762
 Best site-Clipart    | Epoch:15 | Val Acc: 1.0000
 Best site-Clipart    | Epoch:15 | Val Acc: 1.0000
 Best site-Clipart    | Epoch:15 | Val Acc: 0.9762
 Best site-Clipart    | Epoch:15 | Val Acc: 1.0000
 Best site-Infograph  | Epoch:15 | Val Acc: 0.8571
 Best site-Infograph  | Epoch:15 | Val Acc: 0.8810
 Best site-Infograph  | Epoch:15 | Val Acc: 0.8333
 Best site-Painting   | Epoch:15 | Val Acc: 0.8333
 Best site-QuickDraw  | Epoch:15 | Val Acc: 0.5000
 Best site-Real       | Epoch:15 | Val Acc: 0.9524
 Best site-Sketch     | Epoch:15 | Val Acc: 0.8571
 Saving the local and server checkpoint to ../checkpoint/fed_domainnet_uneven-2-sqrt_1/FedPrompt...
============ Train epoch 80 ============
============ Train epoch 81 ============
============ Train epoch 82 ============
============ Train epoch 83 ============
============ Train epoch 84 ============
client-0 is in G-0
client-1 is in G-2
client-2 is in G-2
client-3 is in G-1
client-4 is in G-0
client-5 is in G-0
client-6 is in G-0
client-7 is in G-1
client-8 is in G-0
client-9 is in G-1
client-10 is in G-0
client-11 is in G-1
client-12 is in G-2
cnt=[6, 4, 3, ]
 Site-Clipart   | Train Loss: 0.0979 | Train Acc: 0.9841
 Site-Clipart   | Train Loss: 0.1439 | Train Acc: 0.9841
 Site-Clipart   | Train Loss: 0.0753 | Train Acc: 0.9841
 Site-Clipart   | Train Loss: 0.0661 | Train Acc: 0.9683
 Site-Clipart   | Train Loss: 0.1479 | Train Acc: 0.9683
 Site-Clipart   | Train Loss: 0.1970 | Train Acc: 0.9524
 Site-Infograph | Train Loss: 0.7896 | Train Acc: 0.7302
 Site-Infograph | Train Loss: 0.4988 | Train Acc: 0.8254
 Site-Infograph | Train Loss: 0.2837 | Train Acc: 0.9524
 Site-Painting  | Train Loss: 0.1142 | Train Acc: 0.9524
 Site-QuickDraw | Train Loss: 1.0991 | Train Acc: 0.5873
 Site-Real      | Train Loss: 0.1071 | Train Acc: 0.9524
 Site-Sketch    | Train Loss: 0.1590 | Train Acc: 0.9524
 Site-Clipart   | Val  Loss: 0.2462 | Val  Acc: 0.9286
 Site-Clipart   | Val  Loss: 0.0606 | Val  Acc: 1.0000
 Site-Clipart   | Val  Loss: 0.0359 | Val  Acc: 1.0000
 Site-Clipart   | Val  Loss: 0.1036 | Val  Acc: 0.9524
 Site-Clipart   | Val  Loss: 0.1324 | Val  Acc: 0.9762
 Site-Clipart   | Val  Loss: 0.1767 | Val  Acc: 0.9524
 Site-Infograph | Val  Loss: 0.3099 | Val  Acc: 0.9524
 Site-Infograph | Val  Loss: 0.2921 | Val  Acc: 0.9524
 Site-Infograph | Val  Loss: 0.7084 | Val  Acc: 0.7381
 Site-Painting  | Val  Loss: 0.5395 | Val  Acc: 0.8571
 Site-QuickDraw | Val  Loss: 1.3474 | Val  Acc: 0.6190
 Site-Real      | Val  Loss: 0.1847 | Val  Acc: 0.9524
 Site-Sketch    | Val  Loss: 0.3774 | Val  Acc: 0.9048
Average Valid Accuracy: 0.9066
 Best site-Clipart    | Epoch:16 | Val Acc: 0.9286
 Best site-Clipart    | Epoch:16 | Val Acc: 1.0000
 Best site-Clipart    | Epoch:16 | Val Acc: 1.0000
 Best site-Clipart    | Epoch:16 | Val Acc: 0.9524
 Best site-Clipart    | Epoch:16 | Val Acc: 0.9762
 Best site-Clipart    | Epoch:16 | Val Acc: 0.9524
 Best site-Infograph  | Epoch:16 | Val Acc: 0.9524
 Best site-Infograph  | Epoch:16 | Val Acc: 0.9524
 Best site-Infograph  | Epoch:16 | Val Acc: 0.7381
 Best site-Painting   | Epoch:16 | Val Acc: 0.8571
 Best site-QuickDraw  | Epoch:16 | Val Acc: 0.6190
 Best site-Real       | Epoch:16 | Val Acc: 0.9524
 Best site-Sketch     | Epoch:16 | Val Acc: 0.9048
 Saving the local and server checkpoint to ../checkpoint/fed_domainnet_uneven-2-sqrt_1/FedPrompt...
============ Train epoch 85 ============
============ Train epoch 86 ============
============ Train epoch 87 ============
============ Train epoch 88 ============
============ Train epoch 89 ============
client-0 is in G-0
client-1 is in G-2
client-2 is in G-2
client-3 is in G-1
client-4 is in G-0
client-5 is in G-0
client-6 is in G-0
client-7 is in G-1
client-8 is in G-0
client-9 is in G-1
client-10 is in G-0
client-11 is in G-1
client-12 is in G-2
cnt=[6, 4, 3, ]
 Site-Clipart   | Train Loss: 0.0387 | Train Acc: 1.0000
 Site-Clipart   | Train Loss: 0.0929 | Train Acc: 0.9683
 Site-Clipart   | Train Loss: 0.0850 | Train Acc: 0.9841
 Site-Clipart   | Train Loss: 0.0338 | Train Acc: 1.0000
 Site-Clipart   | Train Loss: 0.0844 | Train Acc: 0.9841
 Site-Clipart   | Train Loss: 0.1565 | Train Acc: 0.9206
 Site-Infograph | Train Loss: 0.5154 | Train Acc: 0.8571
 Site-Infograph | Train Loss: 0.3514 | Train Acc: 0.8730
 Site-Infograph | Train Loss: 0.2618 | Train Acc: 0.9048
 Site-Painting  | Train Loss: 0.0860 | Train Acc: 0.9841
 Site-QuickDraw | Train Loss: 1.2308 | Train Acc: 0.5714
 Site-Real      | Train Loss: 0.0580 | Train Acc: 0.9841
 Site-Sketch    | Train Loss: 0.0697 | Train Acc: 1.0000
 Site-Clipart   | Val  Loss: 0.0988 | Val  Acc: 0.9762
 Site-Clipart   | Val  Loss: 0.0167 | Val  Acc: 1.0000
 Site-Clipart   | Val  Loss: 0.0210 | Val  Acc: 1.0000
 Site-Clipart   | Val  Loss: 0.0663 | Val  Acc: 1.0000
 Site-Clipart   | Val  Loss: 0.0789 | Val  Acc: 0.9762
 Site-Clipart   | Val  Loss: 0.0962 | Val  Acc: 0.9762
 Site-Infograph | Val  Loss: 0.3227 | Val  Acc: 0.9048
 Site-Infograph | Val  Loss: 0.2807 | Val  Acc: 0.9048
 Site-Infograph | Val  Loss: 0.4621 | Val  Acc: 0.8571
 Site-Painting  | Val  Loss: 0.4676 | Val  Acc: 0.8810
 Site-QuickDraw | Val  Loss: 1.4732 | Val  Acc: 0.5238
 Site-Real      | Val  Loss: 0.2320 | Val  Acc: 0.9524
 Site-Sketch    | Val  Loss: 0.4799 | Val  Acc: 0.9048
Average Valid Accuracy: 0.9121
 Best site-Clipart    | Epoch:17 | Val Acc: 0.9762
 Best site-Clipart    | Epoch:17 | Val Acc: 1.0000
 Best site-Clipart    | Epoch:17 | Val Acc: 1.0000
 Best site-Clipart    | Epoch:17 | Val Acc: 1.0000
 Best site-Clipart    | Epoch:17 | Val Acc: 0.9762
 Best site-Clipart    | Epoch:17 | Val Acc: 0.9762
 Best site-Infograph  | Epoch:17 | Val Acc: 0.9048
 Best site-Infograph  | Epoch:17 | Val Acc: 0.9048
 Best site-Infograph  | Epoch:17 | Val Acc: 0.8571
 Best site-Painting   | Epoch:17 | Val Acc: 0.8810
 Best site-QuickDraw  | Epoch:17 | Val Acc: 0.5238
 Best site-Real       | Epoch:17 | Val Acc: 0.9524
 Best site-Sketch     | Epoch:17 | Val Acc: 0.9048
 Saving the local and server checkpoint to ../checkpoint/fed_domainnet_uneven-2-sqrt_1/FedPrompt...
============ Train epoch 90 ============
============ Train epoch 91 ============
============ Train epoch 92 ============
============ Train epoch 93 ============
============ Train epoch 94 ============
client-0 is in G-0
client-1 is in G-2
client-2 is in G-2
client-3 is in G-1
client-4 is in G-0
client-5 is in G-0
client-6 is in G-0
client-7 is in G-1
client-8 is in G-0
client-9 is in G-1
client-10 is in G-0
client-11 is in G-1
client-12 is in G-2
cnt=[6, 4, 3, ]
 Site-Clipart   | Train Loss: 0.0392 | Train Acc: 1.0000
 Site-Clipart   | Train Loss: 0.1340 | Train Acc: 0.9683
 Site-Clipart   | Train Loss: 0.0499 | Train Acc: 0.9841
 Site-Clipart   | Train Loss: 0.0428 | Train Acc: 1.0000
 Site-Clipart   | Train Loss: 0.1349 | Train Acc: 0.9683
 Site-Clipart   | Train Loss: 0.1400 | Train Acc: 0.9524
 Site-Infograph | Train Loss: 0.6085 | Train Acc: 0.8095
 Site-Infograph | Train Loss: 0.3351 | Train Acc: 0.9365
 Site-Infograph | Train Loss: 0.1899 | Train Acc: 0.9683
 Site-Painting  | Train Loss: 0.1493 | Train Acc: 0.9683
 Site-QuickDraw | Train Loss: 1.0976 | Train Acc: 0.6349
 Site-Real      | Train Loss: 0.0544 | Train Acc: 1.0000
 Site-Sketch    | Train Loss: 0.0787 | Train Acc: 0.9841
 Site-Clipart   | Val  Loss: 0.1507 | Val  Acc: 0.9524
 Site-Clipart   | Val  Loss: 0.0444 | Val  Acc: 1.0000
 Site-Clipart   | Val  Loss: 0.0489 | Val  Acc: 0.9762
 Site-Clipart   | Val  Loss: 0.0635 | Val  Acc: 0.9762
 Site-Clipart   | Val  Loss: 0.2083 | Val  Acc: 0.9286
 Site-Clipart   | Val  Loss: 0.0597 | Val  Acc: 1.0000
 Site-Infograph | Val  Loss: 0.3108 | Val  Acc: 0.9524
 Site-Infograph | Val  Loss: 0.2252 | Val  Acc: 0.9524
 Site-Infograph | Val  Loss: 0.6080 | Val  Acc: 0.8333
 Site-Painting  | Val  Loss: 0.3815 | Val  Acc: 0.8571
 Site-QuickDraw | Val  Loss: 1.2760 | Val  Acc: 0.5714
 Site-Real      | Val  Loss: 0.2882 | Val  Acc: 0.9524
 Site-Sketch    | Val  Loss: 0.4996 | Val  Acc: 0.9048
Average Valid Accuracy: 0.9121
============ Train epoch 95 ============
============ Train epoch 96 ============
============ Train epoch 97 ============
============ Train epoch 98 ============
============ Train epoch 99 ============
client-0 is in G-0
client-1 is in G-2
client-2 is in G-2
client-3 is in G-1
client-4 is in G-0
client-5 is in G-0
client-6 is in G-0
client-7 is in G-1
client-8 is in G-0
client-9 is in G-1
client-10 is in G-0
client-11 is in G-1
client-12 is in G-2
cnt=[6, 4, 3, ]
 Site-Clipart   | Train Loss: 0.0379 | Train Acc: 1.0000
 Site-Clipart   | Train Loss: 0.0753 | Train Acc: 1.0000
 Site-Clipart   | Train Loss: 0.0649 | Train Acc: 0.9841
 Site-Clipart   | Train Loss: 0.0478 | Train Acc: 0.9841
 Site-Clipart   | Train Loss: 0.1142 | Train Acc: 0.9683
 Site-Clipart   | Train Loss: 0.1119 | Train Acc: 0.9683
 Site-Infograph | Train Loss: 0.4526 | Train Acc: 0.8095
 Site-Infograph | Train Loss: 0.3406 | Train Acc: 0.9365
 Site-Infograph | Train Loss: 0.2115 | Train Acc: 0.9524
 Site-Painting  | Train Loss: 0.0289 | Train Acc: 1.0000
 Site-QuickDraw | Train Loss: 0.9471 | Train Acc: 0.6825
 Site-Real      | Train Loss: 0.0536 | Train Acc: 0.9841
 Site-Sketch    | Train Loss: 0.0724 | Train Acc: 1.0000
 Site-Clipart   | Val  Loss: 0.1142 | Val  Acc: 0.9524
 Site-Clipart   | Val  Loss: 0.0257 | Val  Acc: 1.0000
 Site-Clipart   | Val  Loss: 0.0127 | Val  Acc: 1.0000
 Site-Clipart   | Val  Loss: 0.0599 | Val  Acc: 0.9762
 Site-Clipart   | Val  Loss: 0.0639 | Val  Acc: 1.0000
 Site-Clipart   | Val  Loss: 0.0485 | Val  Acc: 1.0000
 Site-Infograph | Val  Loss: 0.3538 | Val  Acc: 0.9048
 Site-Infograph | Val  Loss: 0.2624 | Val  Acc: 0.9286
 Site-Infograph | Val  Loss: 0.5188 | Val  Acc: 0.8333
 Site-Painting  | Val  Loss: 0.4738 | Val  Acc: 0.9048
 Site-QuickDraw | Val  Loss: 1.5258 | Val  Acc: 0.5238
 Site-Real      | Val  Loss: 0.3551 | Val  Acc: 0.9286
 Site-Sketch    | Val  Loss: 0.4364 | Val  Acc: 0.8810
Average Valid Accuracy: 0.9103
============ Train epoch 100 ============
============ Train epoch 101 ============
============ Train epoch 102 ============
============ Train epoch 103 ============
============ Train epoch 104 ============
client-0 is in G-0
client-1 is in G-2
client-2 is in G-2
client-3 is in G-1
client-4 is in G-0
client-5 is in G-0
client-6 is in G-0
client-7 is in G-1
client-8 is in G-0
client-9 is in G-1
client-10 is in G-0
client-11 is in G-1
client-12 is in G-2
cnt=[6, 4, 3, ]
 Site-Clipart   | Train Loss: 0.0286 | Train Acc: 1.0000
 Site-Clipart   | Train Loss: 0.1467 | Train Acc: 0.9683
 Site-Clipart   | Train Loss: 0.0527 | Train Acc: 0.9841
 Site-Clipart   | Train Loss: 0.0258 | Train Acc: 1.0000
 Site-Clipart   | Train Loss: 0.1083 | Train Acc: 0.9683
 Site-Clipart   | Train Loss: 0.1375 | Train Acc: 0.9524
 Site-Infograph | Train Loss: 0.5819 | Train Acc: 0.8095
 Site-Infograph | Train Loss: 0.2648 | Train Acc: 0.9206
 Site-Infograph | Train Loss: 0.2153 | Train Acc: 0.9365
 Site-Painting  | Train Loss: 0.0471 | Train Acc: 1.0000
 Site-QuickDraw | Train Loss: 1.1213 | Train Acc: 0.6032
 Site-Real      | Train Loss: 0.0485 | Train Acc: 1.0000
 Site-Sketch    | Train Loss: 0.0740 | Train Acc: 0.9841
 Site-Clipart   | Val  Loss: 0.1872 | Val  Acc: 0.9048
 Site-Clipart   | Val  Loss: 0.0255 | Val  Acc: 1.0000
 Site-Clipart   | Val  Loss: 0.0298 | Val  Acc: 1.0000
 Site-Clipart   | Val  Loss: 0.0501 | Val  Acc: 0.9762
 Site-Clipart   | Val  Loss: 0.1819 | Val  Acc: 0.9286
 Site-Clipart   | Val  Loss: 0.0697 | Val  Acc: 0.9762
 Site-Infograph | Val  Loss: 0.2997 | Val  Acc: 0.8810
 Site-Infograph | Val  Loss: 0.1770 | Val  Acc: 0.9762
 Site-Infograph | Val  Loss: 0.4407 | Val  Acc: 0.8810
 Site-Painting  | Val  Loss: 0.4526 | Val  Acc: 0.8810
 Site-QuickDraw | Val  Loss: 1.4367 | Val  Acc: 0.5714
 Site-Real      | Val  Loss: 0.2266 | Val  Acc: 0.9524
 Site-Sketch    | Val  Loss: 0.4712 | Val  Acc: 0.8810
Average Valid Accuracy: 0.9084
============ Train epoch 105 ============
============ Train epoch 106 ============
============ Train epoch 107 ============
============ Train epoch 108 ============
============ Train epoch 109 ============
client-0 is in G-0
client-1 is in G-2
client-2 is in G-2
client-3 is in G-1
client-4 is in G-0
client-5 is in G-0
client-6 is in G-0
client-7 is in G-1
client-8 is in G-0
client-9 is in G-1
client-10 is in G-0
client-11 is in G-1
client-12 is in G-2
cnt=[6, 4, 3, ]
 Site-Clipart   | Train Loss: 0.0209 | Train Acc: 1.0000
 Site-Clipart   | Train Loss: 0.0578 | Train Acc: 1.0000
 Site-Clipart   | Train Loss: 0.0428 | Train Acc: 0.9841
 Site-Clipart   | Train Loss: 0.0182 | Train Acc: 1.0000
 Site-Clipart   | Train Loss: 0.1004 | Train Acc: 0.9683
 Site-Clipart   | Train Loss: 0.1108 | Train Acc: 0.9683
 Site-Infograph | Train Loss: 0.3426 | Train Acc: 0.8730
 Site-Infograph | Train Loss: 0.3514 | Train Acc: 0.8730
 Site-Infograph | Train Loss: 0.2403 | Train Acc: 0.9524
 Site-Painting  | Train Loss: 0.0423 | Train Acc: 0.9841
 Site-QuickDraw | Train Loss: 0.8140 | Train Acc: 0.7143
 Site-Real      | Train Loss: 0.0676 | Train Acc: 0.9683
 Site-Sketch    | Train Loss: 0.0879 | Train Acc: 0.9841
 Site-Clipart   | Val  Loss: 0.1169 | Val  Acc: 0.9524
 Site-Clipart   | Val  Loss: 0.0143 | Val  Acc: 1.0000
 Site-Clipart   | Val  Loss: 0.0261 | Val  Acc: 1.0000
 Site-Clipart   | Val  Loss: 0.0639 | Val  Acc: 0.9762
 Site-Clipart   | Val  Loss: 0.0706 | Val  Acc: 1.0000
 Site-Clipart   | Val  Loss: 0.0460 | Val  Acc: 0.9762
 Site-Infograph | Val  Loss: 0.2833 | Val  Acc: 0.9524
 Site-Infograph | Val  Loss: 0.2572 | Val  Acc: 0.9286
 Site-Infograph | Val  Loss: 0.2933 | Val  Acc: 0.9286
 Site-Painting  | Val  Loss: 0.5687 | Val  Acc: 0.8571
 Site-QuickDraw | Val  Loss: 1.1432 | Val  Acc: 0.6429
 Site-Real      | Val  Loss: 0.2701 | Val  Acc: 0.9286
 Site-Sketch    | Val  Loss: 0.4390 | Val  Acc: 0.9048
Average Valid Accuracy: 0.9267
 Best site-Clipart    | Epoch:21 | Val Acc: 0.9524
 Best site-Clipart    | Epoch:21 | Val Acc: 1.0000
 Best site-Clipart    | Epoch:21 | Val Acc: 1.0000
 Best site-Clipart    | Epoch:21 | Val Acc: 0.9762
 Best site-Clipart    | Epoch:21 | Val Acc: 1.0000
 Best site-Clipart    | Epoch:21 | Val Acc: 0.9762
 Best site-Infograph  | Epoch:21 | Val Acc: 0.9524
 Best site-Infograph  | Epoch:21 | Val Acc: 0.9286
 Best site-Infograph  | Epoch:21 | Val Acc: 0.9286
 Best site-Painting   | Epoch:21 | Val Acc: 0.8571
 Best site-QuickDraw  | Epoch:21 | Val Acc: 0.6429
 Best site-Real       | Epoch:21 | Val Acc: 0.9286
 Best site-Sketch     | Epoch:21 | Val Acc: 0.9048
 Saving the local and server checkpoint to ../checkpoint/fed_domainnet_uneven-2-sqrt_1/FedPrompt...
============ Train epoch 110 ============
============ Train epoch 111 ============
============ Train epoch 112 ============
============ Train epoch 113 ============
============ Train epoch 114 ============
client-0 is in G-0
client-1 is in G-2
client-2 is in G-2
client-3 is in G-1
client-4 is in G-0
client-5 is in G-0
client-6 is in G-0
client-7 is in G-1
client-8 is in G-0
client-9 is in G-1
client-10 is in G-0
client-11 is in G-1
client-12 is in G-2
cnt=[6, 4, 3, ]
 Site-Clipart   | Train Loss: 0.0302 | Train Acc: 1.0000
 Site-Clipart   | Train Loss: 0.0897 | Train Acc: 0.9683
 Site-Clipart   | Train Loss: 0.0563 | Train Acc: 1.0000
 Site-Clipart   | Train Loss: 0.0263 | Train Acc: 1.0000
 Site-Clipart   | Train Loss: 0.1024 | Train Acc: 0.9841
 Site-Clipart   | Train Loss: 0.1357 | Train Acc: 0.9365
 Site-Infograph | Train Loss: 0.5736 | Train Acc: 0.8413
 Site-Infograph | Train Loss: 0.2328 | Train Acc: 0.9365
 Site-Infograph | Train Loss: 0.1763 | Train Acc: 0.9683
 Site-Painting  | Train Loss: 0.0389 | Train Acc: 1.0000
 Site-QuickDraw | Train Loss: 0.7741 | Train Acc: 0.7619
 Site-Real      | Train Loss: 0.0479 | Train Acc: 0.9841
 Site-Sketch    | Train Loss: 0.0495 | Train Acc: 0.9841
 Site-Clipart   | Val  Loss: 0.1522 | Val  Acc: 0.9524
 Site-Clipart   | Val  Loss: 0.0431 | Val  Acc: 1.0000
 Site-Clipart   | Val  Loss: 0.0128 | Val  Acc: 1.0000
 Site-Clipart   | Val  Loss: 0.0428 | Val  Acc: 1.0000
 Site-Clipart   | Val  Loss: 0.1066 | Val  Acc: 0.9524
 Site-Clipart   | Val  Loss: 0.0724 | Val  Acc: 0.9762
 Site-Infograph | Val  Loss: 0.1849 | Val  Acc: 0.9524
 Site-Infograph | Val  Loss: 0.1641 | Val  Acc: 1.0000
 Site-Infograph | Val  Loss: 0.4927 | Val  Acc: 0.8095
 Site-Painting  | Val  Loss: 0.4867 | Val  Acc: 0.9048
 Site-QuickDraw | Val  Loss: 1.3689 | Val  Acc: 0.5952
 Site-Real      | Val  Loss: 0.2792 | Val  Acc: 0.9524
 Site-Sketch    | Val  Loss: 0.6698 | Val  Acc: 0.8810
Average Valid Accuracy: 0.9212
============ Train epoch 115 ============
============ Train epoch 116 ============
============ Train epoch 117 ============
============ Train epoch 118 ============
============ Train epoch 119 ============
client-0 is in G-0
client-1 is in G-2
client-2 is in G-2
client-3 is in G-1
client-4 is in G-0
client-5 is in G-0
client-6 is in G-0
client-7 is in G-1
client-8 is in G-0
client-9 is in G-1
client-10 is in G-0
client-11 is in G-1
client-12 is in G-2
cnt=[6, 4, 3, ]
 Site-Clipart   | Train Loss: 0.0334 | Train Acc: 1.0000
 Site-Clipart   | Train Loss: 0.0612 | Train Acc: 0.9841
 Site-Clipart   | Train Loss: 0.0450 | Train Acc: 1.0000
 Site-Clipart   | Train Loss: 0.0101 | Train Acc: 1.0000
 Site-Clipart   | Train Loss: 0.0723 | Train Acc: 0.9841
 Site-Clipart   | Train Loss: 0.1174 | Train Acc: 0.9524
 Site-Infograph | Train Loss: 0.3229 | Train Acc: 0.9048
 Site-Infograph | Train Loss: 0.2083 | Train Acc: 0.9524
 Site-Infograph | Train Loss: 0.1705 | Train Acc: 0.9683
 Site-Painting  | Train Loss: 0.0325 | Train Acc: 1.0000
 Site-QuickDraw | Train Loss: 0.8550 | Train Acc: 0.7460
 Site-Real      | Train Loss: 0.0616 | Train Acc: 0.9841
 Site-Sketch    | Train Loss: 0.0484 | Train Acc: 1.0000
 Site-Clipart   | Val  Loss: 0.0740 | Val  Acc: 0.9762
 Site-Clipart   | Val  Loss: 0.0163 | Val  Acc: 1.0000
 Site-Clipart   | Val  Loss: 0.0265 | Val  Acc: 1.0000
 Site-Clipart   | Val  Loss: 0.0684 | Val  Acc: 1.0000
 Site-Clipart   | Val  Loss: 0.0689 | Val  Acc: 0.9762
 Site-Clipart   | Val  Loss: 0.0537 | Val  Acc: 0.9762
 Site-Infograph | Val  Loss: 0.2382 | Val  Acc: 0.9524
 Site-Infograph | Val  Loss: 0.2390 | Val  Acc: 0.9524
 Site-Infograph | Val  Loss: 0.2676 | Val  Acc: 0.9286
 Site-Painting  | Val  Loss: 0.4986 | Val  Acc: 0.8810
 Site-QuickDraw | Val  Loss: 1.2445 | Val  Acc: 0.6190
 Site-Real      | Val  Loss: 0.2799 | Val  Acc: 0.9286
 Site-Sketch    | Val  Loss: 0.5136 | Val  Acc: 0.8810
Average Valid Accuracy: 0.9286
 Best site-Clipart    | Epoch:23 | Val Acc: 0.9762
 Best site-Clipart    | Epoch:23 | Val Acc: 1.0000
 Best site-Clipart    | Epoch:23 | Val Acc: 1.0000
 Best site-Clipart    | Epoch:23 | Val Acc: 1.0000
 Best site-Clipart    | Epoch:23 | Val Acc: 0.9762
 Best site-Clipart    | Epoch:23 | Val Acc: 0.9762
 Best site-Infograph  | Epoch:23 | Val Acc: 0.9524
 Best site-Infograph  | Epoch:23 | Val Acc: 0.9524
 Best site-Infograph  | Epoch:23 | Val Acc: 0.9286
 Best site-Painting   | Epoch:23 | Val Acc: 0.8810
 Best site-QuickDraw  | Epoch:23 | Val Acc: 0.6190
 Best site-Real       | Epoch:23 | Val Acc: 0.9286
 Best site-Sketch     | Epoch:23 | Val Acc: 0.8810
 Saving the local and server checkpoint to ../checkpoint/fed_domainnet_uneven-2-sqrt_1/FedPrompt...
============ Train epoch 120 ============
============ Train epoch 121 ============
============ Train epoch 122 ============
============ Train epoch 123 ============
============ Train epoch 124 ============
client-0 is in G-0
client-1 is in G-2
client-2 is in G-2
client-3 is in G-1
client-4 is in G-0
client-5 is in G-0
client-6 is in G-0
client-7 is in G-1
client-8 is in G-0
client-9 is in G-1
client-10 is in G-0
client-11 is in G-1
client-12 is in G-2
cnt=[6, 4, 3, ]
 Site-Clipart   | Train Loss: 0.0329 | Train Acc: 1.0000
 Site-Clipart   | Train Loss: 0.0588 | Train Acc: 0.9841
 Site-Clipart   | Train Loss: 0.0354 | Train Acc: 0.9841
 Site-Clipart   | Train Loss: 0.0318 | Train Acc: 1.0000
 Site-Clipart   | Train Loss: 0.1270 | Train Acc: 0.9365
 Site-Clipart   | Train Loss: 0.1064 | Train Acc: 0.9524
 Site-Infograph | Train Loss: 0.5312 | Train Acc: 0.8254
 Site-Infograph | Train Loss: 0.2807 | Train Acc: 0.9365
 Site-Infograph | Train Loss: 0.1886 | Train Acc: 0.9683
 Site-Painting  | Train Loss: 0.0311 | Train Acc: 1.0000
 Site-QuickDraw | Train Loss: 0.7845 | Train Acc: 0.7937
 Site-Real      | Train Loss: 0.0433 | Train Acc: 1.0000
 Site-Sketch    | Train Loss: 0.0905 | Train Acc: 0.9683
 Site-Clipart   | Val  Loss: 0.1139 | Val  Acc: 0.9524
 Site-Clipart   | Val  Loss: 0.0296 | Val  Acc: 1.0000
 Site-Clipart   | Val  Loss: 0.0117 | Val  Acc: 1.0000
 Site-Clipart   | Val  Loss: 0.0615 | Val  Acc: 0.9762
 Site-Clipart   | Val  Loss: 0.1024 | Val  Acc: 0.9524
 Site-Clipart   | Val  Loss: 0.0395 | Val  Acc: 1.0000
 Site-Infograph | Val  Loss: 0.1514 | Val  Acc: 0.9762
 Site-Infograph | Val  Loss: 0.1910 | Val  Acc: 0.9762
 Site-Infograph | Val  Loss: 0.4437 | Val  Acc: 0.8571
 Site-Painting  | Val  Loss: 0.5060 | Val  Acc: 0.9048
 Site-QuickDraw | Val  Loss: 0.9047 | Val  Acc: 0.7381
 Site-Real      | Val  Loss: 0.2001 | Val  Acc: 0.9524
 Site-Sketch    | Val  Loss: 0.4450 | Val  Acc: 0.9048
Average Valid Accuracy: 0.9377
 Best site-Clipart    | Epoch:24 | Val Acc: 0.9524
 Best site-Clipart    | Epoch:24 | Val Acc: 1.0000
 Best site-Clipart    | Epoch:24 | Val Acc: 1.0000
 Best site-Clipart    | Epoch:24 | Val Acc: 0.9762
 Best site-Clipart    | Epoch:24 | Val Acc: 0.9524
 Best site-Clipart    | Epoch:24 | Val Acc: 1.0000
 Best site-Infograph  | Epoch:24 | Val Acc: 0.9762
 Best site-Infograph  | Epoch:24 | Val Acc: 0.9762
 Best site-Infograph  | Epoch:24 | Val Acc: 0.8571
 Best site-Painting   | Epoch:24 | Val Acc: 0.9048
 Best site-QuickDraw  | Epoch:24 | Val Acc: 0.7381
 Best site-Real       | Epoch:24 | Val Acc: 0.9524
 Best site-Sketch     | Epoch:24 | Val Acc: 0.9048
 Saving the local and server checkpoint to ../checkpoint/fed_domainnet_uneven-2-sqrt_1/FedPrompt...
============ Train epoch 125 ============
============ Train epoch 126 ============
============ Train epoch 127 ============
============ Train epoch 128 ============
============ Train epoch 129 ============
client-0 is in G-0
client-1 is in G-2
client-2 is in G-2
client-3 is in G-1
client-4 is in G-0
client-5 is in G-0
client-6 is in G-0
client-7 is in G-1
client-8 is in G-0
client-9 is in G-1
client-10 is in G-0
client-11 is in G-1
client-12 is in G-2
cnt=[6, 4, 3, ]
 Site-Clipart   | Train Loss: 0.0293 | Train Acc: 1.0000
 Site-Clipart   | Train Loss: 0.0626 | Train Acc: 0.9683
 Site-Clipart   | Train Loss: 0.0323 | Train Acc: 1.0000
 Site-Clipart   | Train Loss: 0.0103 | Train Acc: 1.0000
 Site-Clipart   | Train Loss: 0.1007 | Train Acc: 0.9841
 Site-Clipart   | Train Loss: 0.0856 | Train Acc: 0.9524
 Site-Infograph | Train Loss: 0.3035 | Train Acc: 0.9206
 Site-Infograph | Train Loss: 0.2346 | Train Acc: 0.9048
 Site-Infograph | Train Loss: 0.1918 | Train Acc: 0.9524
 Site-Painting  | Train Loss: 0.0221 | Train Acc: 1.0000
 Site-QuickDraw | Train Loss: 0.7102 | Train Acc: 0.7778
 Site-Real      | Train Loss: 0.0454 | Train Acc: 0.9841
 Site-Sketch    | Train Loss: 0.0464 | Train Acc: 1.0000
 Site-Clipart   | Val  Loss: 0.0906 | Val  Acc: 0.9762
 Site-Clipart   | Val  Loss: 0.0269 | Val  Acc: 0.9762
 Site-Clipart   | Val  Loss: 0.0171 | Val  Acc: 1.0000
 Site-Clipart   | Val  Loss: 0.0397 | Val  Acc: 1.0000
 Site-Clipart   | Val  Loss: 0.0481 | Val  Acc: 0.9762
 Site-Clipart   | Val  Loss: 0.0238 | Val  Acc: 1.0000
 Site-Infograph | Val  Loss: 0.1603 | Val  Acc: 0.9762
 Site-Infograph | Val  Loss: 0.2014 | Val  Acc: 0.9286
 Site-Infograph | Val  Loss: 0.2786 | Val  Acc: 0.9286
 Site-Painting  | Val  Loss: 0.2935 | Val  Acc: 0.9286
 Site-QuickDraw | Val  Loss: 1.2486 | Val  Acc: 0.7143
 Site-Real      | Val  Loss: 0.3401 | Val  Acc: 0.9524
 Site-Sketch    | Val  Loss: 0.4286 | Val  Acc: 0.9048
Average Valid Accuracy: 0.9432
 Best site-Clipart    | Epoch:25 | Val Acc: 0.9762
 Best site-Clipart    | Epoch:25 | Val Acc: 0.9762
 Best site-Clipart    | Epoch:25 | Val Acc: 1.0000
 Best site-Clipart    | Epoch:25 | Val Acc: 1.0000
 Best site-Clipart    | Epoch:25 | Val Acc: 0.9762
 Best site-Clipart    | Epoch:25 | Val Acc: 1.0000
 Best site-Infograph  | Epoch:25 | Val Acc: 0.9762
 Best site-Infograph  | Epoch:25 | Val Acc: 0.9286
 Best site-Infograph  | Epoch:25 | Val Acc: 0.9286
 Best site-Painting   | Epoch:25 | Val Acc: 0.9286
 Best site-QuickDraw  | Epoch:25 | Val Acc: 0.7143
 Best site-Real       | Epoch:25 | Val Acc: 0.9524
 Best site-Sketch     | Epoch:25 | Val Acc: 0.9048
 Saving the local and server checkpoint to ../checkpoint/fed_domainnet_uneven-2-sqrt_1/FedPrompt...
============ Train epoch 130 ============
============ Train epoch 131 ============
============ Train epoch 132 ============
============ Train epoch 133 ============
============ Train epoch 134 ============
client-0 is in G-0
client-1 is in G-2
client-2 is in G-2
client-3 is in G-1
client-4 is in G-0
client-5 is in G-0
client-6 is in G-0
client-7 is in G-1
client-8 is in G-0
client-9 is in G-1
client-10 is in G-0
client-11 is in G-1
client-12 is in G-2
cnt=[6, 4, 3, ]
 Site-Clipart   | Train Loss: 0.0225 | Train Acc: 1.0000
 Site-Clipart   | Train Loss: 0.0485 | Train Acc: 0.9841
 Site-Clipart   | Train Loss: 0.0470 | Train Acc: 0.9841
 Site-Clipart   | Train Loss: 0.0124 | Train Acc: 1.0000
 Site-Clipart   | Train Loss: 0.0954 | Train Acc: 0.9683
 Site-Clipart   | Train Loss: 0.1274 | Train Acc: 0.9524
 Site-Infograph | Train Loss: 0.3193 | Train Acc: 0.8730
 Site-Infograph | Train Loss: 0.1736 | Train Acc: 0.9683
 Site-Infograph | Train Loss: 0.1580 | Train Acc: 0.9524
 Site-Painting  | Train Loss: 0.0190 | Train Acc: 1.0000
 Site-QuickDraw | Train Loss: 0.6996 | Train Acc: 0.8095
 Site-Real      | Train Loss: 0.0307 | Train Acc: 1.0000
 Site-Sketch    | Train Loss: 0.0474 | Train Acc: 1.0000
 Site-Clipart   | Val  Loss: 0.1097 | Val  Acc: 0.9524
 Site-Clipart   | Val  Loss: 0.0218 | Val  Acc: 1.0000
 Site-Clipart   | Val  Loss: 0.0238 | Val  Acc: 1.0000
 Site-Clipart   | Val  Loss: 0.0536 | Val  Acc: 0.9762
 Site-Clipart   | Val  Loss: 0.0518 | Val  Acc: 0.9762
 Site-Clipart   | Val  Loss: 0.0497 | Val  Acc: 1.0000
 Site-Infograph | Val  Loss: 0.2343 | Val  Acc: 0.9286
 Site-Infograph | Val  Loss: 0.1016 | Val  Acc: 1.0000
 Site-Infograph | Val  Loss: 0.2230 | Val  Acc: 0.9048
 Site-Painting  | Val  Loss: 0.6308 | Val  Acc: 0.8571
 Site-QuickDraw | Val  Loss: 1.4163 | Val  Acc: 0.6429
 Site-Real      | Val  Loss: 0.2724 | Val  Acc: 0.9524
 Site-Sketch    | Val  Loss: 0.4619 | Val  Acc: 0.8810
Average Valid Accuracy: 0.9286
============ Train epoch 135 ============
============ Train epoch 136 ============
============ Train epoch 137 ============
============ Train epoch 138 ============
============ Train epoch 139 ============
client-0 is in G-0
client-1 is in G-2
client-2 is in G-2
client-3 is in G-1
client-4 is in G-0
client-5 is in G-0
client-6 is in G-0
client-7 is in G-1
client-8 is in G-0
client-9 is in G-1
client-10 is in G-0
client-11 is in G-1
client-12 is in G-2
cnt=[6, 4, 3, ]
 Site-Clipart   | Train Loss: 0.0203 | Train Acc: 1.0000
 Site-Clipart   | Train Loss: 0.0672 | Train Acc: 0.9841
 Site-Clipart   | Train Loss: 0.0294 | Train Acc: 1.0000
 Site-Clipart   | Train Loss: 0.0075 | Train Acc: 1.0000
 Site-Clipart   | Train Loss: 0.0612 | Train Acc: 0.9841
 Site-Clipart   | Train Loss: 0.1055 | Train Acc: 0.9524
 Site-Infograph | Train Loss: 0.1626 | Train Acc: 0.9683
 Site-Infograph | Train Loss: 0.1478 | Train Acc: 0.9683
 Site-Infograph | Train Loss: 0.1530 | Train Acc: 0.9524
 Site-Painting  | Train Loss: 0.0215 | Train Acc: 1.0000
 Site-QuickDraw | Train Loss: 0.6096 | Train Acc: 0.8413
 Site-Real      | Train Loss: 0.0396 | Train Acc: 0.9841
 Site-Sketch    | Train Loss: 0.0282 | Train Acc: 1.0000
 Site-Clipart   | Val  Loss: 0.0722 | Val  Acc: 0.9762
 Site-Clipart   | Val  Loss: 0.0105 | Val  Acc: 1.0000
 Site-Clipart   | Val  Loss: 0.0144 | Val  Acc: 1.0000
 Site-Clipart   | Val  Loss: 0.0318 | Val  Acc: 1.0000
 Site-Clipart   | Val  Loss: 0.0653 | Val  Acc: 0.9762
 Site-Clipart   | Val  Loss: 0.0426 | Val  Acc: 0.9762
 Site-Infograph | Val  Loss: 0.2250 | Val  Acc: 0.9286
 Site-Infograph | Val  Loss: 0.1109 | Val  Acc: 0.9762
 Site-Infograph | Val  Loss: 0.2299 | Val  Acc: 0.9286
 Site-Painting  | Val  Loss: 0.6630 | Val  Acc: 0.8810
 Site-QuickDraw | Val  Loss: 1.1954 | Val  Acc: 0.6190
 Site-Real      | Val  Loss: 0.2400 | Val  Acc: 0.9524
 Site-Sketch    | Val  Loss: 0.4371 | Val  Acc: 0.9048
Average Valid Accuracy: 0.9322
============ Train epoch 140 ============
============ Train epoch 141 ============
============ Train epoch 142 ============
============ Train epoch 143 ============
============ Train epoch 144 ============
client-0 is in G-0
client-1 is in G-2
client-2 is in G-2
client-3 is in G-1
client-4 is in G-0
client-5 is in G-0
client-6 is in G-0
client-7 is in G-1
client-8 is in G-0
client-9 is in G-1
client-10 is in G-0
client-11 is in G-1
client-12 is in G-2
cnt=[6, 4, 3, ]
 Site-Clipart   | Train Loss: 0.0210 | Train Acc: 1.0000
 Site-Clipart   | Train Loss: 0.0569 | Train Acc: 0.9841
 Site-Clipart   | Train Loss: 0.0522 | Train Acc: 0.9841
 Site-Clipart   | Train Loss: 0.0127 | Train Acc: 1.0000
 Site-Clipart   | Train Loss: 0.1010 | Train Acc: 0.9683
 Site-Clipart   | Train Loss: 0.0925 | Train Acc: 0.9524
 Site-Infograph | Train Loss: 0.2683 | Train Acc: 0.9365
 Site-Infograph | Train Loss: 0.1652 | Train Acc: 0.9683
 Site-Infograph | Train Loss: 0.1303 | Train Acc: 0.9683
 Site-Painting  | Train Loss: 0.0246 | Train Acc: 1.0000
 Site-QuickDraw | Train Loss: 0.5847 | Train Acc: 0.8730
 Site-Real      | Train Loss: 0.0271 | Train Acc: 1.0000
 Site-Sketch    | Train Loss: 0.0552 | Train Acc: 0.9841
 Site-Clipart   | Val  Loss: 0.1333 | Val  Acc: 0.9524
 Site-Clipart   | Val  Loss: 0.0113 | Val  Acc: 1.0000
 Site-Clipart   | Val  Loss: 0.0091 | Val  Acc: 1.0000
 Site-Clipart   | Val  Loss: 0.0764 | Val  Acc: 0.9762
 Site-Clipart   | Val  Loss: 0.0572 | Val  Acc: 0.9762
 Site-Clipart   | Val  Loss: 0.0223 | Val  Acc: 1.0000
 Site-Infograph | Val  Loss: 0.1479 | Val  Acc: 0.9762
 Site-Infograph | Val  Loss: 0.1038 | Val  Acc: 0.9762
 Site-Infograph | Val  Loss: 0.2492 | Val  Acc: 0.8810
 Site-Painting  | Val  Loss: 0.3898 | Val  Acc: 0.9048
 Site-QuickDraw | Val  Loss: 1.0725 | Val  Acc: 0.7143
 Site-Real      | Val  Loss: 0.2820 | Val  Acc: 0.9524
 Site-Sketch    | Val  Loss: 0.4407 | Val  Acc: 0.8571
Average Valid Accuracy: 0.9359
============ Train epoch 145 ============
============ Train epoch 146 ============
============ Train epoch 147 ============
============ Train epoch 148 ============
============ Train epoch 149 ============
client-0 is in G-0
client-1 is in G-2
client-2 is in G-2
client-3 is in G-1
client-4 is in G-0
client-5 is in G-0
client-6 is in G-0
client-7 is in G-1
client-8 is in G-0
client-9 is in G-1
client-10 is in G-0
client-11 is in G-1
client-12 is in G-2
cnt=[6, 4, 3, ]
 Site-Clipart   | Train Loss: 0.0102 | Train Acc: 1.0000
 Site-Clipart   | Train Loss: 0.0537 | Train Acc: 0.9841
 Site-Clipart   | Train Loss: 0.0190 | Train Acc: 1.0000
 Site-Clipart   | Train Loss: 0.0090 | Train Acc: 1.0000
 Site-Clipart   | Train Loss: 0.0576 | Train Acc: 0.9841
 Site-Clipart   | Train Loss: 0.1558 | Train Acc: 0.9365
 Site-Infograph | Train Loss: 0.1360 | Train Acc: 0.9841
 Site-Infograph | Train Loss: 0.1422 | Train Acc: 0.9683
 Site-Infograph | Train Loss: 0.1195 | Train Acc: 0.9683
 Site-Painting  | Train Loss: 0.0139 | Train Acc: 1.0000
 Site-QuickDraw | Train Loss: 0.5778 | Train Acc: 0.8095
 Site-Real      | Train Loss: 0.1104 | Train Acc: 0.9683
 Site-Sketch    | Train Loss: 0.0322 | Train Acc: 1.0000
 Site-Clipart   | Val  Loss: 0.0673 | Val  Acc: 0.9762
 Site-Clipart   | Val  Loss: 0.0111 | Val  Acc: 1.0000
 Site-Clipart   | Val  Loss: 0.0126 | Val  Acc: 1.0000
 Site-Clipart   | Val  Loss: 0.0191 | Val  Acc: 1.0000
 Site-Clipart   | Val  Loss: 0.0709 | Val  Acc: 0.9762
 Site-Clipart   | Val  Loss: 0.0314 | Val  Acc: 1.0000
 Site-Infograph | Val  Loss: 0.1650 | Val  Acc: 0.9286
 Site-Infograph | Val  Loss: 0.2139 | Val  Acc: 0.9286
 Site-Infograph | Val  Loss: 0.1684 | Val  Acc: 0.9524
 Site-Painting  | Val  Loss: 0.6535 | Val  Acc: 0.8571
 Site-QuickDraw | Val  Loss: 1.1987 | Val  Acc: 0.6429
 Site-Real      | Val  Loss: 0.2449 | Val  Acc: 0.9286
 Site-Sketch    | Val  Loss: 0.4674 | Val  Acc: 0.9286
Average Valid Accuracy: 0.9322
============ Train epoch 150 ============
============ Train epoch 151 ============
============ Train epoch 152 ============
============ Train epoch 153 ============
============ Train epoch 154 ============
client-0 is in G-0
client-1 is in G-2
client-2 is in G-2
client-3 is in G-1
client-4 is in G-0
client-5 is in G-0
client-6 is in G-0
client-7 is in G-1
client-8 is in G-0
client-9 is in G-1
client-10 is in G-0
client-11 is in G-1
client-12 is in G-2
cnt=[6, 4, 3, ]
 Site-Clipart   | Train Loss: 0.0190 | Train Acc: 1.0000
 Site-Clipart   | Train Loss: 0.0365 | Train Acc: 0.9841
 Site-Clipart   | Train Loss: 0.0513 | Train Acc: 0.9841
 Site-Clipart   | Train Loss: 0.0969 | Train Acc: 0.9841
 Site-Clipart   | Train Loss: 0.1058 | Train Acc: 0.9683
 Site-Clipart   | Train Loss: 0.0717 | Train Acc: 0.9683
 Site-Infograph | Train Loss: 0.3070 | Train Acc: 0.8889
 Site-Infograph | Train Loss: 0.1484 | Train Acc: 0.9524
 Site-Infograph | Train Loss: 0.1012 | Train Acc: 1.0000
 Site-Painting  | Train Loss: 0.0254 | Train Acc: 1.0000
 Site-QuickDraw | Train Loss: 0.6460 | Train Acc: 0.8254
 Site-Real      | Train Loss: 0.0290 | Train Acc: 1.0000
 Site-Sketch    | Train Loss: 0.0201 | Train Acc: 1.0000
 Site-Clipart   | Val  Loss: 0.1356 | Val  Acc: 0.9524
 Site-Clipart   | Val  Loss: 0.0051 | Val  Acc: 1.0000
 Site-Clipart   | Val  Loss: 0.0063 | Val  Acc: 1.0000
 Site-Clipart   | Val  Loss: 0.0769 | Val  Acc: 0.9762
 Site-Clipart   | Val  Loss: 0.0376 | Val  Acc: 0.9762
 Site-Clipart   | Val  Loss: 0.0200 | Val  Acc: 1.0000
 Site-Infograph | Val  Loss: 0.0611 | Val  Acc: 1.0000
 Site-Infograph | Val  Loss: 0.0991 | Val  Acc: 1.0000
 Site-Infograph | Val  Loss: 0.2747 | Val  Acc: 0.9286
 Site-Painting  | Val  Loss: 0.3953 | Val  Acc: 0.9048
 Site-QuickDraw | Val  Loss: 1.3289 | Val  Acc: 0.6667
 Site-Real      | Val  Loss: 0.3149 | Val  Acc: 0.9286
 Site-Sketch    | Val  Loss: 0.6596 | Val  Acc: 0.8571
Average Valid Accuracy: 0.9377
============ Train epoch 155 ============
============ Train epoch 156 ============
============ Train epoch 157 ============
============ Train epoch 158 ============
============ Train epoch 159 ============
client-0 is in G-0
client-1 is in G-2
client-2 is in G-2
client-3 is in G-1
client-4 is in G-0
client-5 is in G-0
client-6 is in G-0
client-7 is in G-1
client-8 is in G-0
client-9 is in G-1
client-10 is in G-0
client-11 is in G-1
client-12 is in G-2
cnt=[6, 4, 3, ]
 Site-Clipart   | Train Loss: 0.0175 | Train Acc: 1.0000
 Site-Clipart   | Train Loss: 0.0709 | Train Acc: 0.9841
 Site-Clipart   | Train Loss: 0.0417 | Train Acc: 0.9841
 Site-Clipart   | Train Loss: 0.0096 | Train Acc: 1.0000
 Site-Clipart   | Train Loss: 0.0853 | Train Acc: 0.9683
 Site-Clipart   | Train Loss: 0.1407 | Train Acc: 0.9524
 Site-Infograph | Train Loss: 0.1198 | Train Acc: 1.0000
 Site-Infograph | Train Loss: 0.1424 | Train Acc: 0.9206
 Site-Infograph | Train Loss: 0.1039 | Train Acc: 0.9841
 Site-Painting  | Train Loss: 0.0163 | Train Acc: 1.0000
 Site-QuickDraw | Train Loss: 0.4986 | Train Acc: 0.8730
 Site-Real      | Train Loss: 0.0584 | Train Acc: 0.9841
 Site-Sketch    | Train Loss: 0.0405 | Train Acc: 1.0000
 Site-Clipart   | Val  Loss: 0.0593 | Val  Acc: 0.9762
 Site-Clipart   | Val  Loss: 0.0128 | Val  Acc: 1.0000
 Site-Clipart   | Val  Loss: 0.0061 | Val  Acc: 1.0000
 Site-Clipart   | Val  Loss: 0.0201 | Val  Acc: 1.0000
 Site-Clipart   | Val  Loss: 0.0646 | Val  Acc: 0.9762
 Site-Clipart   | Val  Loss: 0.0485 | Val  Acc: 0.9762
 Site-Infograph | Val  Loss: 0.1398 | Val  Acc: 0.9762
 Site-Infograph | Val  Loss: 0.1175 | Val  Acc: 1.0000
 Site-Infograph | Val  Loss: 0.0923 | Val  Acc: 1.0000
 Site-Painting  | Val  Loss: 0.4200 | Val  Acc: 0.8333
 Site-QuickDraw | Val  Loss: 1.0842 | Val  Acc: 0.6905
 Site-Real      | Val  Loss: 0.2144 | Val  Acc: 0.9524
 Site-Sketch    | Val  Loss: 0.3513 | Val  Acc: 0.9286
Average Valid Accuracy: 0.9469
 Best site-Clipart    | Epoch:31 | Val Acc: 0.9762
 Best site-Clipart    | Epoch:31 | Val Acc: 1.0000
 Best site-Clipart    | Epoch:31 | Val Acc: 1.0000
 Best site-Clipart    | Epoch:31 | Val Acc: 1.0000
 Best site-Clipart    | Epoch:31 | Val Acc: 0.9762
 Best site-Clipart    | Epoch:31 | Val Acc: 0.9762
 Best site-Infograph  | Epoch:31 | Val Acc: 0.9762
 Best site-Infograph  | Epoch:31 | Val Acc: 1.0000
 Best site-Infograph  | Epoch:31 | Val Acc: 1.0000
 Best site-Painting   | Epoch:31 | Val Acc: 0.8333
 Best site-QuickDraw  | Epoch:31 | Val Acc: 0.6905
 Best site-Real       | Epoch:31 | Val Acc: 0.9524
 Best site-Sketch     | Epoch:31 | Val Acc: 0.9286
 Saving the local and server checkpoint to ../checkpoint/fed_domainnet_uneven-2-sqrt_1/FedPrompt...
============ Train epoch 160 ============
============ Train epoch 161 ============
============ Train epoch 162 ============
============ Train epoch 163 ============
============ Train epoch 164 ============
client-0 is in G-0
client-1 is in G-2
client-2 is in G-2
client-3 is in G-1
client-4 is in G-0
client-5 is in G-0
client-6 is in G-0
client-7 is in G-1
client-8 is in G-0
client-9 is in G-1
client-10 is in G-0
client-11 is in G-1
client-12 is in G-2
cnt=[6, 4, 3, ]
 Site-Clipart   | Train Loss: 0.0134 | Train Acc: 1.0000
 Site-Clipart   | Train Loss: 0.0328 | Train Acc: 1.0000
 Site-Clipart   | Train Loss: 0.0372 | Train Acc: 0.9841
 Site-Clipart   | Train Loss: 0.0123 | Train Acc: 1.0000
 Site-Clipart   | Train Loss: 0.0991 | Train Acc: 0.9683
 Site-Clipart   | Train Loss: 0.0912 | Train Acc: 0.9683
 Site-Infograph | Train Loss: 0.2880 | Train Acc: 0.8889
 Site-Infograph | Train Loss: 0.1039 | Train Acc: 1.0000
 Site-Infograph | Train Loss: 0.0804 | Train Acc: 0.9841
 Site-Painting  | Train Loss: 0.0145 | Train Acc: 1.0000
 Site-QuickDraw | Train Loss: 0.5421 | Train Acc: 0.8413
 Site-Real      | Train Loss: 0.0476 | Train Acc: 0.9841
 Site-Sketch    | Train Loss: 0.0176 | Train Acc: 1.0000
 Site-Clipart   | Val  Loss: 0.1409 | Val  Acc: 0.9286
 Site-Clipart   | Val  Loss: 0.0192 | Val  Acc: 1.0000
 Site-Clipart   | Val  Loss: 0.0182 | Val  Acc: 1.0000
 Site-Clipart   | Val  Loss: 0.0365 | Val  Acc: 0.9762
 Site-Clipart   | Val  Loss: 0.0405 | Val  Acc: 1.0000
 Site-Clipart   | Val  Loss: 0.0243 | Val  Acc: 1.0000
 Site-Infograph | Val  Loss: 0.1694 | Val  Acc: 0.9762
 Site-Infograph | Val  Loss: 0.1179 | Val  Acc: 0.9762
 Site-Infograph | Val  Loss: 0.2782 | Val  Acc: 0.8810
 Site-Painting  | Val  Loss: 0.4281 | Val  Acc: 0.9048
 Site-QuickDraw | Val  Loss: 0.8490 | Val  Acc: 0.7381
 Site-Real      | Val  Loss: 0.3460 | Val  Acc: 0.9524
 Site-Sketch    | Val  Loss: 0.4383 | Val  Acc: 0.9048
Average Valid Accuracy: 0.9414
============ Train epoch 165 ============
============ Train epoch 166 ============
============ Train epoch 167 ============
============ Train epoch 168 ============
============ Train epoch 169 ============
client-0 is in G-0
client-1 is in G-2
client-2 is in G-2
client-3 is in G-1
client-4 is in G-0
client-5 is in G-0
client-6 is in G-0
client-7 is in G-1
client-8 is in G-0
client-9 is in G-1
client-10 is in G-0
client-11 is in G-1
client-12 is in G-2
cnt=[6, 4, 3, ]
 Site-Clipart   | Train Loss: 0.0196 | Train Acc: 1.0000
 Site-Clipart   | Train Loss: 0.0381 | Train Acc: 0.9841
 Site-Clipart   | Train Loss: 0.0376 | Train Acc: 1.0000
 Site-Clipart   | Train Loss: 0.0071 | Train Acc: 1.0000
 Site-Clipart   | Train Loss: 0.0650 | Train Acc: 0.9841
 Site-Clipart   | Train Loss: 0.0850 | Train Acc: 0.9524
 Site-Infograph | Train Loss: 0.1327 | Train Acc: 0.9683
 Site-Infograph | Train Loss: 0.1202 | Train Acc: 0.9683
 Site-Infograph | Train Loss: 0.1432 | Train Acc: 0.9841
 Site-Painting  | Train Loss: 0.0097 | Train Acc: 1.0000
 Site-QuickDraw | Train Loss: 0.4704 | Train Acc: 0.9048
 Site-Real      | Train Loss: 0.0463 | Train Acc: 0.9841
 Site-Sketch    | Train Loss: 0.0263 | Train Acc: 1.0000
 Site-Clipart   | Val  Loss: 0.0776 | Val  Acc: 0.9762
 Site-Clipart   | Val  Loss: 0.0128 | Val  Acc: 1.0000
 Site-Clipart   | Val  Loss: 0.0069 | Val  Acc: 1.0000
 Site-Clipart   | Val  Loss: 0.0356 | Val  Acc: 1.0000
 Site-Clipart   | Val  Loss: 0.0578 | Val  Acc: 0.9762
 Site-Clipart   | Val  Loss: 0.0182 | Val  Acc: 1.0000
 Site-Infograph | Val  Loss: 0.0958 | Val  Acc: 0.9762
 Site-Infograph | Val  Loss: 0.1170 | Val  Acc: 1.0000
 Site-Infograph | Val  Loss: 0.1805 | Val  Acc: 0.9524
 Site-Painting  | Val  Loss: 0.3749 | Val  Acc: 0.9286
 Site-QuickDraw | Val  Loss: 0.9767 | Val  Acc: 0.7857
 Site-Real      | Val  Loss: 0.3488 | Val  Acc: 0.9524
 Site-Sketch    | Val  Loss: 0.5372 | Val  Acc: 0.8333
Average Valid Accuracy: 0.9524
 Best site-Clipart    | Epoch:33 | Val Acc: 0.9762
 Best site-Clipart    | Epoch:33 | Val Acc: 1.0000
 Best site-Clipart    | Epoch:33 | Val Acc: 1.0000
 Best site-Clipart    | Epoch:33 | Val Acc: 1.0000
 Best site-Clipart    | Epoch:33 | Val Acc: 0.9762
 Best site-Clipart    | Epoch:33 | Val Acc: 1.0000
 Best site-Infograph  | Epoch:33 | Val Acc: 0.9762
 Best site-Infograph  | Epoch:33 | Val Acc: 1.0000
 Best site-Infograph  | Epoch:33 | Val Acc: 0.9524
 Best site-Painting   | Epoch:33 | Val Acc: 0.9286
 Best site-QuickDraw  | Epoch:33 | Val Acc: 0.7857
 Best site-Real       | Epoch:33 | Val Acc: 0.9524
 Best site-Sketch     | Epoch:33 | Val Acc: 0.8333
 Saving the local and server checkpoint to ../checkpoint/fed_domainnet_uneven-2-sqrt_1/FedPrompt...
============ Train epoch 170 ============
============ Train epoch 171 ============
============ Train epoch 172 ============
============ Train epoch 173 ============
============ Train epoch 174 ============
client-0 is in G-0
client-1 is in G-2
client-2 is in G-2
client-3 is in G-1
client-4 is in G-0
client-5 is in G-0
client-6 is in G-0
client-7 is in G-1
client-8 is in G-0
client-9 is in G-1
client-10 is in G-0
client-11 is in G-1
client-12 is in G-2
cnt=[6, 4, 3, ]
 Site-Clipart   | Train Loss: 0.0149 | Train Acc: 1.0000
 Site-Clipart   | Train Loss: 0.0393 | Train Acc: 0.9841
 Site-Clipart   | Train Loss: 0.0279 | Train Acc: 1.0000
 Site-Clipart   | Train Loss: 0.0067 | Train Acc: 1.0000
 Site-Clipart   | Train Loss: 0.0824 | Train Acc: 0.9841
 Site-Clipart   | Train Loss: 0.0960 | Train Acc: 0.9524
 Site-Infograph | Train Loss: 0.1540 | Train Acc: 0.9683
 Site-Infograph | Train Loss: 0.0974 | Train Acc: 0.9841
 Site-Infograph | Train Loss: 0.0770 | Train Acc: 1.0000
 Site-Painting  | Train Loss: 0.0120 | Train Acc: 1.0000
 Site-QuickDraw | Train Loss: 0.4283 | Train Acc: 0.8413
 Site-Real      | Train Loss: 0.1012 | Train Acc: 0.9683
 Site-Sketch    | Train Loss: 0.0231 | Train Acc: 1.0000
 Site-Clipart   | Val  Loss: 0.0974 | Val  Acc: 0.9762
 Site-Clipart   | Val  Loss: 0.0178 | Val  Acc: 1.0000
 Site-Clipart   | Val  Loss: 0.0066 | Val  Acc: 1.0000
 Site-Clipart   | Val  Loss: 0.0224 | Val  Acc: 1.0000
 Site-Clipart   | Val  Loss: 0.0618 | Val  Acc: 0.9762
 Site-Clipart   | Val  Loss: 0.0181 | Val  Acc: 1.0000
 Site-Infograph | Val  Loss: 0.1523 | Val  Acc: 0.9524
 Site-Infograph | Val  Loss: 0.0541 | Val  Acc: 1.0000
 Site-Infograph | Val  Loss: 0.1745 | Val  Acc: 0.9524
 Site-Painting  | Val  Loss: 0.3299 | Val  Acc: 0.9286
 Site-QuickDraw | Val  Loss: 1.0463 | Val  Acc: 0.7381
 Site-Real      | Val  Loss: 0.2561 | Val  Acc: 0.9524
 Site-Sketch    | Val  Loss: 0.4591 | Val  Acc: 0.9286
Average Valid Accuracy: 0.9542
 Best site-Clipart    | Epoch:34 | Val Acc: 0.9762
 Best site-Clipart    | Epoch:34 | Val Acc: 1.0000
 Best site-Clipart    | Epoch:34 | Val Acc: 1.0000
 Best site-Clipart    | Epoch:34 | Val Acc: 1.0000
 Best site-Clipart    | Epoch:34 | Val Acc: 0.9762
 Best site-Clipart    | Epoch:34 | Val Acc: 1.0000
 Best site-Infograph  | Epoch:34 | Val Acc: 0.9524
 Best site-Infograph  | Epoch:34 | Val Acc: 1.0000
 Best site-Infograph  | Epoch:34 | Val Acc: 0.9524
 Best site-Painting   | Epoch:34 | Val Acc: 0.9286
 Best site-QuickDraw  | Epoch:34 | Val Acc: 0.7381
 Best site-Real       | Epoch:34 | Val Acc: 0.9524
 Best site-Sketch     | Epoch:34 | Val Acc: 0.9286
 Saving the local and server checkpoint to ../checkpoint/fed_domainnet_uneven-2-sqrt_1/FedPrompt...
============ Train epoch 175 ============
============ Train epoch 176 ============
============ Train epoch 177 ============
============ Train epoch 178 ============
============ Train epoch 179 ============
client-0 is in G-0
client-1 is in G-2
client-2 is in G-2
client-3 is in G-1
client-4 is in G-0
client-5 is in G-0
client-6 is in G-0
client-7 is in G-1
client-8 is in G-0
client-9 is in G-1
client-10 is in G-0
client-11 is in G-1
client-12 is in G-2
cnt=[6, 4, 3, ]
 Site-Clipart   | Train Loss: 0.0170 | Train Acc: 1.0000
 Site-Clipart   | Train Loss: 0.0445 | Train Acc: 1.0000
 Site-Clipart   | Train Loss: 0.0354 | Train Acc: 0.9841
 Site-Clipart   | Train Loss: 0.0075 | Train Acc: 1.0000
 Site-Clipart   | Train Loss: 0.0882 | Train Acc: 0.9683
 Site-Clipart   | Train Loss: 0.0790 | Train Acc: 0.9841
 Site-Infograph | Train Loss: 0.1547 | Train Acc: 0.9683
 Site-Infograph | Train Loss: 0.1176 | Train Acc: 0.9524
 Site-Infograph | Train Loss: 0.0691 | Train Acc: 0.9841
 Site-Painting  | Train Loss: 0.0127 | Train Acc: 1.0000
 Site-QuickDraw | Train Loss: 0.4010 | Train Acc: 0.8730
 Site-Real      | Train Loss: 0.0632 | Train Acc: 0.9683
 Site-Sketch    | Train Loss: 0.0360 | Train Acc: 0.9841
 Site-Clipart   | Val  Loss: 0.1057 | Val  Acc: 0.9524
 Site-Clipart   | Val  Loss: 0.0072 | Val  Acc: 1.0000
 Site-Clipart   | Val  Loss: 0.0107 | Val  Acc: 1.0000
 Site-Clipart   | Val  Loss: 0.0425 | Val  Acc: 0.9762
 Site-Clipart   | Val  Loss: 0.0391 | Val  Acc: 1.0000
 Site-Clipart   | Val  Loss: 0.0272 | Val  Acc: 1.0000
 Site-Infograph | Val  Loss: 0.0846 | Val  Acc: 0.9762
 Site-Infograph | Val  Loss: 0.0834 | Val  Acc: 0.9762
 Site-Infograph | Val  Loss: 0.1857 | Val  Acc: 0.9286
 Site-Painting  | Val  Loss: 0.6618 | Val  Acc: 0.8333
 Site-QuickDraw | Val  Loss: 1.0765 | Val  Acc: 0.7381
 Site-Real      | Val  Loss: 0.1813 | Val  Acc: 0.9524
 Site-Sketch    | Val  Loss: 0.2875 | Val  Acc: 0.9286
Average Valid Accuracy: 0.9432
============ Train epoch 180 ============
============ Train epoch 181 ============
============ Train epoch 182 ============
============ Train epoch 183 ============
============ Train epoch 184 ============
client-0 is in G-0
client-1 is in G-2
client-2 is in G-2
client-3 is in G-1
client-4 is in G-0
client-5 is in G-0
client-6 is in G-0
client-7 is in G-1
client-8 is in G-0
client-9 is in G-1
client-10 is in G-0
client-11 is in G-1
client-12 is in G-2
cnt=[6, 4, 3, ]
 Site-Clipart   | Train Loss: 0.0117 | Train Acc: 1.0000
 Site-Clipart   | Train Loss: 0.0583 | Train Acc: 0.9683
 Site-Clipart   | Train Loss: 0.0275 | Train Acc: 1.0000
 Site-Clipart   | Train Loss: 0.0072 | Train Acc: 1.0000
 Site-Clipart   | Train Loss: 0.0834 | Train Acc: 0.9841
 Site-Clipart   | Train Loss: 0.0927 | Train Acc: 0.9524
 Site-Infograph | Train Loss: 0.2663 | Train Acc: 0.9206
 Site-Infograph | Train Loss: 0.1475 | Train Acc: 0.9683
 Site-Infograph | Train Loss: 0.0585 | Train Acc: 1.0000
 Site-Painting  | Train Loss: 0.0225 | Train Acc: 1.0000
 Site-QuickDraw | Train Loss: 0.4030 | Train Acc: 0.8730
 Site-Real      | Train Loss: 0.0871 | Train Acc: 0.9524
 Site-Sketch    | Train Loss: 0.0377 | Train Acc: 1.0000
 Site-Clipart   | Val  Loss: 0.1164 | Val  Acc: 0.9524
 Site-Clipart   | Val  Loss: 0.0400 | Val  Acc: 0.9762
 Site-Clipart   | Val  Loss: 0.0083 | Val  Acc: 1.0000
 Site-Clipart   | Val  Loss: 0.0285 | Val  Acc: 1.0000
 Site-Clipart   | Val  Loss: 0.0661 | Val  Acc: 0.9762
 Site-Clipart   | Val  Loss: 0.0208 | Val  Acc: 1.0000
 Site-Infograph | Val  Loss: 0.0769 | Val  Acc: 0.9762
 Site-Infograph | Val  Loss: 0.0659 | Val  Acc: 1.0000
 Site-Infograph | Val  Loss: 0.2162 | Val  Acc: 0.9048
 Site-Painting  | Val  Loss: 0.4062 | Val  Acc: 0.9048
 Site-QuickDraw | Val  Loss: 0.8004 | Val  Acc: 0.7857
 Site-Real      | Val  Loss: 0.3001 | Val  Acc: 0.9524
 Site-Sketch    | Val  Loss: 0.4749 | Val  Acc: 0.9048
Average Valid Accuracy: 0.9487
============ Train epoch 185 ============
============ Train epoch 186 ============
============ Train epoch 187 ============
============ Train epoch 188 ============
============ Train epoch 189 ============
client-0 is in G-0
client-1 is in G-2
client-2 is in G-2
client-3 is in G-1
client-4 is in G-0
client-5 is in G-0
client-6 is in G-0
client-7 is in G-1
client-8 is in G-0
client-9 is in G-1
client-10 is in G-0
client-11 is in G-1
client-12 is in G-2
cnt=[6, 4, 3, ]
 Site-Clipart   | Train Loss: 0.0097 | Train Acc: 1.0000
 Site-Clipart   | Train Loss: 0.0208 | Train Acc: 1.0000
 Site-Clipart   | Train Loss: 0.0479 | Train Acc: 0.9841
 Site-Clipart   | Train Loss: 0.0060 | Train Acc: 1.0000
 Site-Clipart   | Train Loss: 0.1031 | Train Acc: 0.9683
 Site-Clipart   | Train Loss: 0.0510 | Train Acc: 0.9841
 Site-Infograph | Train Loss: 0.1067 | Train Acc: 0.9841
 Site-Infograph | Train Loss: 0.1825 | Train Acc: 0.9365
 Site-Infograph | Train Loss: 0.1302 | Train Acc: 0.9524
 Site-Painting  | Train Loss: 0.0096 | Train Acc: 1.0000
 Site-QuickDraw | Train Loss: 0.3915 | Train Acc: 0.9048
 Site-Real      | Train Loss: 0.0401 | Train Acc: 0.9841
 Site-Sketch    | Train Loss: 0.0225 | Train Acc: 1.0000
 Site-Clipart   | Val  Loss: 0.1827 | Val  Acc: 0.9286
 Site-Clipart   | Val  Loss: 0.0068 | Val  Acc: 1.0000
 Site-Clipart   | Val  Loss: 0.0061 | Val  Acc: 1.0000
 Site-Clipart   | Val  Loss: 0.0533 | Val  Acc: 0.9762
 Site-Clipart   | Val  Loss: 0.0228 | Val  Acc: 1.0000
 Site-Clipart   | Val  Loss: 0.0166 | Val  Acc: 1.0000
 Site-Infograph | Val  Loss: 0.1016 | Val  Acc: 0.9762
 Site-Infograph | Val  Loss: 0.2420 | Val  Acc: 0.9762
 Site-Infograph | Val  Loss: 0.1323 | Val  Acc: 0.9762
 Site-Painting  | Val  Loss: 0.5514 | Val  Acc: 0.8810
 Site-QuickDraw | Val  Loss: 1.4216 | Val  Acc: 0.6429
 Site-Real      | Val  Loss: 0.3028 | Val  Acc: 0.9524
 Site-Sketch    | Val  Loss: 0.3981 | Val  Acc: 0.8571
Average Valid Accuracy: 0.9359
============ Train epoch 190 ============
============ Train epoch 191 ============
============ Train epoch 192 ============
============ Train epoch 193 ============
============ Train epoch 194 ============
client-0 is in G-0
client-1 is in G-2
client-2 is in G-2
client-3 is in G-1
client-4 is in G-0
client-5 is in G-0
client-6 is in G-0
client-7 is in G-1
client-8 is in G-0
client-9 is in G-1
client-10 is in G-0
client-11 is in G-1
client-12 is in G-2
cnt=[6, 4, 3, ]
 Site-Clipart   | Train Loss: 0.0080 | Train Acc: 1.0000
 Site-Clipart   | Train Loss: 0.0321 | Train Acc: 0.9841
 Site-Clipart   | Train Loss: 0.0334 | Train Acc: 1.0000
 Site-Clipart   | Train Loss: 0.0278 | Train Acc: 1.0000
 Site-Clipart   | Train Loss: 0.1014 | Train Acc: 0.9683
 Site-Clipart   | Train Loss: 0.0877 | Train Acc: 0.9524
 Site-Infograph | Train Loss: 0.1737 | Train Acc: 0.9841
 Site-Infograph | Train Loss: 0.1468 | Train Acc: 0.9524
 Site-Infograph | Train Loss: 0.0578 | Train Acc: 1.0000
 Site-Painting  | Train Loss: 0.0180 | Train Acc: 1.0000
 Site-QuickDraw | Train Loss: 0.4160 | Train Acc: 0.8889
 Site-Real      | Train Loss: 0.0389 | Train Acc: 0.9841
 Site-Sketch    | Train Loss: 0.0203 | Train Acc: 1.0000
 Site-Clipart   | Val  Loss: 0.0974 | Val  Acc: 0.9762
 Site-Clipart   | Val  Loss: 0.0091 | Val  Acc: 1.0000
 Site-Clipart   | Val  Loss: 0.0028 | Val  Acc: 1.0000
 Site-Clipart   | Val  Loss: 0.0359 | Val  Acc: 1.0000
 Site-Clipart   | Val  Loss: 0.0435 | Val  Acc: 0.9762
 Site-Clipart   | Val  Loss: 0.0170 | Val  Acc: 1.0000
 Site-Infograph | Val  Loss: 0.0676 | Val  Acc: 1.0000
 Site-Infograph | Val  Loss: 0.0404 | Val  Acc: 1.0000
 Site-Infograph | Val  Loss: 0.1870 | Val  Acc: 0.9286
 Site-Painting  | Val  Loss: 0.6221 | Val  Acc: 0.8810
 Site-QuickDraw | Val  Loss: 0.9137 | Val  Acc: 0.7857
 Site-Real      | Val  Loss: 0.2640 | Val  Acc: 0.9048
 Site-Sketch    | Val  Loss: 0.5610 | Val  Acc: 0.8571
Average Valid Accuracy: 0.9469
============ Train epoch 195 ============
============ Train epoch 196 ============
============ Train epoch 197 ============
============ Train epoch 198 ============
============ Train epoch 199 ============
client-0 is in G-0
client-1 is in G-2
client-2 is in G-2
client-3 is in G-1
client-4 is in G-0
client-5 is in G-0
client-6 is in G-0
client-7 is in G-1
client-8 is in G-0
client-9 is in G-1
client-10 is in G-0
client-11 is in G-1
client-12 is in G-2
cnt=[6, 4, 3, ]
 Site-Clipart   | Train Loss: 0.0141 | Train Acc: 1.0000
 Site-Clipart   | Train Loss: 0.0280 | Train Acc: 1.0000
 Site-Clipart   | Train Loss: 0.0310 | Train Acc: 0.9841
 Site-Clipart   | Train Loss: 0.0041 | Train Acc: 1.0000
 Site-Clipart   | Train Loss: 0.0867 | Train Acc: 0.9683
 Site-Clipart   | Train Loss: 0.0589 | Train Acc: 0.9841
 Site-Infograph | Train Loss: 0.0859 | Train Acc: 1.0000
 Site-Infograph | Train Loss: 0.1008 | Train Acc: 0.9841
 Site-Infograph | Train Loss: 0.0776 | Train Acc: 0.9841
 Site-Painting  | Train Loss: 0.0083 | Train Acc: 1.0000
 Site-QuickDraw | Train Loss: 0.3403 | Train Acc: 0.9206
 Site-Real      | Train Loss: 0.0666 | Train Acc: 0.9683
 Site-Sketch    | Train Loss: 0.0180 | Train Acc: 1.0000
 Site-Clipart   | Val  Loss: 0.1092 | Val  Acc: 0.9524
 Site-Clipart   | Val  Loss: 0.0051 | Val  Acc: 1.0000
 Site-Clipart   | Val  Loss: 0.0031 | Val  Acc: 1.0000
 Site-Clipart   | Val  Loss: 0.0369 | Val  Acc: 0.9762
 Site-Clipart   | Val  Loss: 0.0279 | Val  Acc: 1.0000
 Site-Clipart   | Val  Loss: 0.0234 | Val  Acc: 1.0000
 Site-Infograph | Val  Loss: 0.1387 | Val  Acc: 0.9524
 Site-Infograph | Val  Loss: 0.0787 | Val  Acc: 0.9762
 Site-Infograph | Val  Loss: 0.0917 | Val  Acc: 0.9762
 Site-Painting  | Val  Loss: 0.5493 | Val  Acc: 0.8810
 Site-QuickDraw | Val  Loss: 1.1865 | Val  Acc: 0.6190
 Site-Real      | Val  Loss: 0.3784 | Val  Acc: 0.9286
 Site-Sketch    | Val  Loss: 0.3003 | Val  Acc: 0.9048
Average Valid Accuracy: 0.9359
===2023-03-31 20:57:15===
===2023-03-31 20:57:16===
===Setting===
    dataset: domainnet
    lr: 0.01
    batch: 8
    iters: 10
    wk_iters: 5
    tune: False
    lambda for constrastive: 0.5
domain number = 3
Loading snapshots...
 Test site-Clipart   | Epoch:34 | Test Acc: 0.8916
 Test site-Infograph | Epoch:34 | Test Acc: 0.5221
 Test site-Painting  | Epoch:34 | Test Acc: 0.8675
 Test site-QuickDraw | Epoch:34 | Test Acc: 0.5940
 Test site-Real      | Epoch:34 | Test Acc: 0.9187
 Test site-Sketch    | Epoch:34 | Test Acc: 0.8123
Average Test Accuracy: 0.7677
