===2023-08-02 01:33:01===
===Setting===
    dataset: office
    lr: 0.01
    batch: 64
    iters: 50
    wk_iters: 1
    si: False
    domain_num: 4
    quantile: 0
    power_cs: 1
    std_rw: False
    gender_label: False
    binary_race: False
    save_iter: -1
    mix5: False
    power_relu: 1
    Ea_val: False
data_number=[70,102,148,88,129,150,103,
client_nums=[3,2,1,1,]
len_dataset=[537,364,251,173,]
domain number = 4
============ Train epoch 0 ============
 Site-Clipart                       | Train Loss: 2.2498 | Train Acc: 0.3857
 Site-Clipart                       | Train Loss: 2.3771 | Train Acc: 0.0000
 Site-Clipart                       | Train Loss: 2.2197 | Train Acc: 0.2770
 Site-Art                           | Train Loss: 2.1949 | Train Acc: 0.5227
 Site-Art                           | Train Loss: 2.2505 | Train Acc: 0.2713
 Site-RealWorld                     | Train Loss: 2.2153 | Train Acc: 0.4467
 Site-Product                       | Train Loss: 2.2502 | Train Acc: 0.3689
Average Train Accuracy: 0.3246
 Site-Clipart                       | Val  Loss: 2.2077 | Val  Acc: 0.1489
 Site-Clipart                       | Val  Loss: 2.2347 | Val  Acc: 0.1912
 Site-Clipart                       | Val  Loss: 2.3444 | Val  Acc: 0.0204
 Site-Art                           | Val  Loss: 2.2194 | Val  Acc: 0.2881
 Site-Art                           | Val  Loss: 2.2146 | Val  Acc: 0.2588
 Site-RealWorld                     | Val  Loss: 2.2573 | Val  Acc: 0.1900
 Site-Product                       | Val  Loss: 2.2982 | Val  Acc: 0.0870
Average Valid Accuracy: 0.1692
 Best site-Clipart                   | Epoch:0 | Val Acc: 0.1489
 Best site-Clipart                   | Epoch:0 | Val Acc: 0.1912
 Best site-Clipart                   | Epoch:0 | Val Acc: 0.0204
 Best site-Art                       | Epoch:0 | Val Acc: 0.2881
 Best site-Art                       | Epoch:0 | Val Acc: 0.2588
 Best site-RealWorld                 | Epoch:0 | Val Acc: 0.1900
 Best site-Product                   | Epoch:0 | Val Acc: 0.0870
 Saving the local and server checkpoint to ../checkpoint/fed_office_uneven_1.45_1/fedmix...
============ Train epoch 1 ============
 Site-Clipart                       | Train Loss: 2.1651 | Train Acc: 0.4714
 Site-Clipart                       | Train Loss: 2.3163 | Train Acc: 0.0686
 Site-Clipart                       | Train Loss: 2.1455 | Train Acc: 0.5203
 Site-Art                           | Train Loss: 2.1112 | Train Acc: 0.6250
 Site-Art                           | Train Loss: 2.1208 | Train Acc: 0.4419
 Site-RealWorld                     | Train Loss: 2.1391 | Train Acc: 0.6733
 Site-Product                       | Train Loss: 2.1541 | Train Acc: 0.6893
Average Train Accuracy: 0.4985
 Site-Clipart                       | Val  Loss: 2.1240 | Val  Acc: 0.5319
 Site-Clipart                       | Val  Loss: 2.1661 | Val  Acc: 0.3088
 Site-Clipart                       | Val  Loss: 2.2942 | Val  Acc: 0.1020
 Site-Art                           | Val  Loss: 2.1500 | Val  Acc: 0.5254
 Site-Art                           | Val  Loss: 2.1371 | Val  Acc: 0.5176
 Site-RealWorld                     | Val  Loss: 2.1773 | Val  Acc: 0.5100
 Site-Product                       | Val  Loss: 2.2214 | Val  Acc: 0.2754
Average Valid Accuracy: 0.3959
 Best site-Clipart                   | Epoch:1 | Val Acc: 0.5319
 Best site-Clipart                   | Epoch:1 | Val Acc: 0.3088
 Best site-Clipart                   | Epoch:1 | Val Acc: 0.1020
 Best site-Art                       | Epoch:1 | Val Acc: 0.5254
 Best site-Art                       | Epoch:1 | Val Acc: 0.5176
 Best site-RealWorld                 | Epoch:1 | Val Acc: 0.5100
 Best site-Product                   | Epoch:1 | Val Acc: 0.2754
 Saving the local and server checkpoint to ../checkpoint/fed_office_uneven_1.45_1/fedmix...
============ Train epoch 2 ============
 Site-Clipart                       | Train Loss: 2.0754 | Train Acc: 0.6571
 Site-Clipart                       | Train Loss: 2.2643 | Train Acc: 0.1471
 Site-Clipart                       | Train Loss: 2.0934 | Train Acc: 0.6892
 Site-Art                           | Train Loss: 2.0443 | Train Acc: 0.7614
 Site-Art                           | Train Loss: 2.1682 | Train Acc: 0.5504
 Site-RealWorld                     | Train Loss: 2.0260 | Train Acc: 0.9000
 Site-Product                       | Train Loss: 2.0714 | Train Acc: 0.8058
Average Train Accuracy: 0.6444
 Site-Clipart                       | Val  Loss: 2.0420 | Val  Acc: 0.8298
 Site-Clipart                       | Val  Loss: 2.0629 | Val  Acc: 0.5882
 Site-Clipart                       | Val  Loss: 2.2508 | Val  Acc: 0.1327
 Site-Art                           | Val  Loss: 2.0947 | Val  Acc: 0.5424
 Site-Art                           | Val  Loss: 2.0637 | Val  Acc: 0.6353
 Site-RealWorld                     | Val  Loss: 2.1159 | Val  Acc: 0.6600
 Site-Product                       | Val  Loss: 2.1428 | Val  Acc: 0.5797
Average Valid Accuracy: 0.5669
 Best site-Clipart                   | Epoch:2 | Val Acc: 0.8298
 Best site-Clipart                   | Epoch:2 | Val Acc: 0.5882
 Best site-Clipart                   | Epoch:2 | Val Acc: 0.1327
 Best site-Art                       | Epoch:2 | Val Acc: 0.5424
 Best site-Art                       | Epoch:2 | Val Acc: 0.6353
 Best site-RealWorld                 | Epoch:2 | Val Acc: 0.6600
 Best site-Product                   | Epoch:2 | Val Acc: 0.5797
 Saving the local and server checkpoint to ../checkpoint/fed_office_uneven_1.45_1/fedmix...
============ Train epoch 3 ============
 Site-Clipart                       | Train Loss: 1.9933 | Train Acc: 0.7429
 Site-Clipart                       | Train Loss: 2.2158 | Train Acc: 0.2059
 Site-Clipart                       | Train Loss: 2.0297 | Train Acc: 0.7838
 Site-Art                           | Train Loss: 1.9740 | Train Acc: 0.7727
 Site-Art                           | Train Loss: 2.0413 | Train Acc: 0.7287
 Site-RealWorld                     | Train Loss: 1.9475 | Train Acc: 0.9467
 Site-Product                       | Train Loss: 1.9853 | Train Acc: 0.9126
Average Train Accuracy: 0.7276
 Site-Clipart                       | Val  Loss: 1.9732 | Val  Acc: 0.8936
 Site-Clipart                       | Val  Loss: 2.0079 | Val  Acc: 0.6324
 Site-Clipart                       | Val  Loss: 2.1947 | Val  Acc: 0.1837
 Site-Art                           | Val  Loss: 2.0286 | Val  Acc: 0.7458
 Site-Art                           | Val  Loss: 1.9976 | Val  Acc: 0.7176
 Site-RealWorld                     | Val  Loss: 2.0571 | Val  Acc: 0.7600
 Site-Product                       | Val  Loss: 2.0412 | Val  Acc: 0.7536
Average Valid Accuracy: 0.6695
 Best site-Clipart                   | Epoch:3 | Val Acc: 0.8936
 Best site-Clipart                   | Epoch:3 | Val Acc: 0.6324
 Best site-Clipart                   | Epoch:3 | Val Acc: 0.1837
 Best site-Art                       | Epoch:3 | Val Acc: 0.7458
 Best site-Art                       | Epoch:3 | Val Acc: 0.7176
 Best site-RealWorld                 | Epoch:3 | Val Acc: 0.7600
 Best site-Product                   | Epoch:3 | Val Acc: 0.7536
 Saving the local and server checkpoint to ../checkpoint/fed_office_uneven_1.45_1/fedmix...
============ Train epoch 4 ============
 Site-Clipart                       | Train Loss: 1.8915 | Train Acc: 0.8000
 Site-Clipart                       | Train Loss: 2.1623 | Train Acc: 0.2941
 Site-Clipart                       | Train Loss: 1.9782 | Train Acc: 0.7838
 Site-Art                           | Train Loss: 1.8690 | Train Acc: 0.8295
 Site-Art                           | Train Loss: 1.9726 | Train Acc: 0.7519
 Site-RealWorld                     | Train Loss: 1.8592 | Train Acc: 0.9733
 Site-Product                       | Train Loss: 1.8989 | Train Acc: 0.9223
Average Train Accuracy: 0.7650
 Site-Clipart                       | Val  Loss: 1.8965 | Val  Acc: 0.9362
 Site-Clipart                       | Val  Loss: 1.9456 | Val  Acc: 0.6765
 Site-Clipart                       | Val  Loss: 2.1386 | Val  Acc: 0.2857
 Site-Art                           | Val  Loss: 1.9723 | Val  Acc: 0.7797
 Site-Art                           | Val  Loss: 1.9392 | Val  Acc: 0.7765
 Site-RealWorld                     | Val  Loss: 1.9879 | Val  Acc: 0.8200
 Site-Product                       | Val  Loss: 1.9807 | Val  Acc: 0.7681
Average Valid Accuracy: 0.7204
 Best site-Clipart                   | Epoch:4 | Val Acc: 0.9362
 Best site-Clipart                   | Epoch:4 | Val Acc: 0.6765
 Best site-Clipart                   | Epoch:4 | Val Acc: 0.2857
 Best site-Art                       | Epoch:4 | Val Acc: 0.7797
 Best site-Art                       | Epoch:4 | Val Acc: 0.7765
 Best site-RealWorld                 | Epoch:4 | Val Acc: 0.8200
 Best site-Product                   | Epoch:4 | Val Acc: 0.7681
 Saving the local and server checkpoint to ../checkpoint/fed_office_uneven_1.45_1/fedmix...
============ Train epoch 5 ============
 Site-Clipart                       | Train Loss: 1.8103 | Train Acc: 0.8286
 Site-Clipart                       | Train Loss: 2.1187 | Train Acc: 0.3627
 Site-Clipart                       | Train Loss: 1.9221 | Train Acc: 0.8446
 Site-Art                           | Train Loss: 1.8025 | Train Acc: 0.8636
 Site-Art                           | Train Loss: 1.8675 | Train Acc: 0.8295
 Site-RealWorld                     | Train Loss: 1.7767 | Train Acc: 0.9733
 Site-Product                       | Train Loss: 1.8292 | Train Acc: 0.9515
Average Train Accuracy: 0.8077
 Site-Clipart                       | Val  Loss: 1.8191 | Val  Acc: 0.9574
 Site-Clipart                       | Val  Loss: 1.8532 | Val  Acc: 0.6618
 Site-Clipart                       | Val  Loss: 2.0854 | Val  Acc: 0.3673
 Site-Art                           | Val  Loss: 1.9209 | Val  Acc: 0.8305
 Site-Art                           | Val  Loss: 1.8661 | Val  Acc: 0.8706
 Site-RealWorld                     | Val  Loss: 1.9211 | Val  Acc: 0.8500
 Site-Product                       | Val  Loss: 1.9137 | Val  Acc: 0.8841
Average Valid Accuracy: 0.7745
 Best site-Clipart                   | Epoch:5 | Val Acc: 0.9574
 Best site-Clipart                   | Epoch:5 | Val Acc: 0.6618
 Best site-Clipart                   | Epoch:5 | Val Acc: 0.3673
 Best site-Art                       | Epoch:5 | Val Acc: 0.8305
 Best site-Art                       | Epoch:5 | Val Acc: 0.8706
 Best site-RealWorld                 | Epoch:5 | Val Acc: 0.8500
 Best site-Product                   | Epoch:5 | Val Acc: 0.8841
 Saving the local and server checkpoint to ../checkpoint/fed_office_uneven_1.45_1/fedmix...
============ Train epoch 6 ============
 Site-Clipart                       | Train Loss: 1.8114 | Train Acc: 0.8857
 Site-Clipart                       | Train Loss: 2.0744 | Train Acc: 0.3725
 Site-Clipart                       | Train Loss: 1.8419 | Train Acc: 0.8311
 Site-Art                           | Train Loss: 1.7544 | Train Acc: 0.8977
 Site-Art                           | Train Loss: 1.9805 | Train Acc: 0.8837
 Site-RealWorld                     | Train Loss: 1.6891 | Train Acc: 0.9800
 Site-Product                       | Train Loss: 1.7355 | Train Acc: 0.9709
Average Train Accuracy: 0.8317
 Site-Clipart                       | Val  Loss: 1.7396 | Val  Acc: 1.0000
 Site-Clipart                       | Val  Loss: 1.8146 | Val  Acc: 0.7059
 Site-Clipart                       | Val  Loss: 2.0433 | Val  Acc: 0.3673
 Site-Art                           | Val  Loss: 1.8650 | Val  Acc: 0.9322
 Site-Art                           | Val  Loss: 1.8165 | Val  Acc: 0.9059
 Site-RealWorld                     | Val  Loss: 1.8586 | Val  Acc: 0.9000
 Site-Product                       | Val  Loss: 1.8340 | Val  Acc: 0.8841
Average Valid Accuracy: 0.8136
 Best site-Clipart                   | Epoch:6 | Val Acc: 1.0000
 Best site-Clipart                   | Epoch:6 | Val Acc: 0.7059
 Best site-Clipart                   | Epoch:6 | Val Acc: 0.3673
 Best site-Art                       | Epoch:6 | Val Acc: 0.9322
 Best site-Art                       | Epoch:6 | Val Acc: 0.9059
 Best site-RealWorld                 | Epoch:6 | Val Acc: 0.9000
 Best site-Product                   | Epoch:6 | Val Acc: 0.8841
 Saving the local and server checkpoint to ../checkpoint/fed_office_uneven_1.45_1/fedmix...
============ Train epoch 7 ============
 Site-Clipart                       | Train Loss: 1.6932 | Train Acc: 0.8571
 Site-Clipart                       | Train Loss: 2.0279 | Train Acc: 0.4510
 Site-Clipart                       | Train Loss: 1.8051 | Train Acc: 0.8311
 Site-Art                           | Train Loss: 1.6831 | Train Acc: 0.8864
 Site-Art                           | Train Loss: 1.7653 | Train Acc: 0.9147
 Site-RealWorld                     | Train Loss: 1.5939 | Train Acc: 0.9867
 Site-Product                       | Train Loss: 1.6604 | Train Acc: 0.9709
Average Train Accuracy: 0.8425
 Site-Clipart                       | Val  Loss: 1.6904 | Val  Acc: 0.9574
 Site-Clipart                       | Val  Loss: 1.7385 | Val  Acc: 0.7353
 Site-Clipart                       | Val  Loss: 1.9956 | Val  Acc: 0.4592
 Site-Art                           | Val  Loss: 1.8124 | Val  Acc: 0.9322
 Site-Art                           | Val  Loss: 1.7548 | Val  Acc: 0.8824
 Site-RealWorld                     | Val  Loss: 1.7936 | Val  Acc: 0.9100
 Site-Product                       | Val  Loss: 1.7836 | Val  Acc: 0.9130
Average Valid Accuracy: 0.8271
 Best site-Clipart                   | Epoch:7 | Val Acc: 0.9574
 Best site-Clipart                   | Epoch:7 | Val Acc: 0.7353
 Best site-Clipart                   | Epoch:7 | Val Acc: 0.4592
 Best site-Art                       | Epoch:7 | Val Acc: 0.9322
 Best site-Art                       | Epoch:7 | Val Acc: 0.8824
 Best site-RealWorld                 | Epoch:7 | Val Acc: 0.9100
 Best site-Product                   | Epoch:7 | Val Acc: 0.9130
 Saving the local and server checkpoint to ../checkpoint/fed_office_uneven_1.45_1/fedmix...
============ Train epoch 8 ============
 Site-Clipart                       | Train Loss: 1.7011 | Train Acc: 0.9286
 Site-Clipart                       | Train Loss: 1.9781 | Train Acc: 0.5098
 Site-Clipart                       | Train Loss: 1.7692 | Train Acc: 0.8716
 Site-Art                           | Train Loss: 1.6516 | Train Acc: 0.8977
 Site-Art                           | Train Loss: 1.7922 | Train Acc: 0.9147
 Site-RealWorld                     | Train Loss: 1.5352 | Train Acc: 0.9800
 Site-Product                       | Train Loss: 1.5735 | Train Acc: 0.9806
Average Train Accuracy: 0.8690
 Site-Clipart                       | Val  Loss: 1.6052 | Val  Acc: 0.9574
 Site-Clipart                       | Val  Loss: 1.6416 | Val  Acc: 0.7941
 Site-Clipart                       | Val  Loss: 1.9537 | Val  Acc: 0.4694
 Site-Art                           | Val  Loss: 1.7470 | Val  Acc: 1.0000
 Site-Art                           | Val  Loss: 1.6739 | Val  Acc: 0.9294
 Site-RealWorld                     | Val  Loss: 1.7604 | Val  Acc: 0.9100
 Site-Product                       | Val  Loss: 1.6991 | Val  Acc: 0.9275
Average Valid Accuracy: 0.8554
 Best site-Clipart                   | Epoch:8 | Val Acc: 0.9574
 Best site-Clipart                   | Epoch:8 | Val Acc: 0.7941
 Best site-Clipart                   | Epoch:8 | Val Acc: 0.4694
 Best site-Art                       | Epoch:8 | Val Acc: 1.0000
 Best site-Art                       | Epoch:8 | Val Acc: 0.9294
 Best site-RealWorld                 | Epoch:8 | Val Acc: 0.9100
 Best site-Product                   | Epoch:8 | Val Acc: 0.9275
 Saving the local and server checkpoint to ../checkpoint/fed_office_uneven_1.45_1/fedmix...
============ Train epoch 9 ============
 Site-Clipart                       | Train Loss: 1.5463 | Train Acc: 0.8857
 Site-Clipart                       | Train Loss: 1.9524 | Train Acc: 0.5000
 Site-Clipart                       | Train Loss: 1.6959 | Train Acc: 0.8851
 Site-Art                           | Train Loss: 1.5471 | Train Acc: 0.9318
 Site-Art                           | Train Loss: 1.8451 | Train Acc: 0.9302
 Site-RealWorld                     | Train Loss: 1.4526 | Train Acc: 0.9933
 Site-Product                       | Train Loss: 1.4980 | Train Acc: 0.9806
Average Train Accuracy: 0.8724
 Site-Clipart                       | Val  Loss: 1.5379 | Val  Acc: 0.9149
 Site-Clipart                       | Val  Loss: 1.6017 | Val  Acc: 0.7647
 Site-Clipart                       | Val  Loss: 1.9244 | Val  Acc: 0.4796
 Site-Art                           | Val  Loss: 1.7228 | Val  Acc: 0.8983
 Site-Art                           | Val  Loss: 1.6142 | Val  Acc: 0.9529
 Site-RealWorld                     | Val  Loss: 1.7024 | Val  Acc: 0.9500
 Site-Product                       | Val  Loss: 1.6280 | Val  Acc: 0.9130
Average Valid Accuracy: 0.8391
============ Train epoch 10 ============
 Site-Clipart                       | Train Loss: 1.5799 | Train Acc: 0.8857
 Site-Clipart                       | Train Loss: 1.9235 | Train Acc: 0.4706
 Site-Clipart                       | Train Loss: 1.6567 | Train Acc: 0.8716
 Site-Art                           | Train Loss: 1.4787 | Train Acc: 0.9318
 Site-Art                           | Train Loss: 1.7441 | Train Acc: 0.9690
 Site-RealWorld                     | Train Loss: 1.3648 | Train Acc: 0.9933
 Site-Product                       | Train Loss: 1.4486 | Train Acc: 0.9709
Average Train Accuracy: 0.8704
 Site-Clipart                       | Val  Loss: 1.4628 | Val  Acc: 0.9787
 Site-Clipart                       | Val  Loss: 1.5261 | Val  Acc: 0.7353
 Site-Clipart                       | Val  Loss: 1.8804 | Val  Acc: 0.5306
 Site-Art                           | Val  Loss: 1.6421 | Val  Acc: 1.0000
 Site-Art                           | Val  Loss: 1.5611 | Val  Acc: 0.9647
 Site-RealWorld                     | Val  Loss: 1.6318 | Val  Acc: 0.9500
 Site-Product                       | Val  Loss: 1.5747 | Val  Acc: 0.9275
Average Valid Accuracy: 0.8696
 Best site-Clipart                   | Epoch:10 | Val Acc: 0.9787
 Best site-Clipart                   | Epoch:10 | Val Acc: 0.7353
 Best site-Clipart                   | Epoch:10 | Val Acc: 0.5306
 Best site-Art                       | Epoch:10 | Val Acc: 1.0000
 Best site-Art                       | Epoch:10 | Val Acc: 0.9647
 Best site-RealWorld                 | Epoch:10 | Val Acc: 0.9500
 Best site-Product                   | Epoch:10 | Val Acc: 0.9275
 Saving the local and server checkpoint to ../checkpoint/fed_office_uneven_1.45_1/fedmix...
============ Train epoch 11 ============
 Site-Clipart                       | Train Loss: 1.4477 | Train Acc: 0.9143
 Site-Clipart                       | Train Loss: 1.8585 | Train Acc: 0.5000
 Site-Clipart                       | Train Loss: 1.6189 | Train Acc: 0.8986
 Site-Art                           | Train Loss: 1.4316 | Train Acc: 0.8977
 Site-Art                           | Train Loss: 1.6744 | Train Acc: 0.9767
 Site-RealWorld                     | Train Loss: 1.3047 | Train Acc: 1.0000
 Site-Product                       | Train Loss: 1.3631 | Train Acc: 0.9903
Average Train Accuracy: 0.8825
 Site-Clipart                       | Val  Loss: 1.4147 | Val  Acc: 0.9362
 Site-Clipart                       | Val  Loss: 1.4598 | Val  Acc: 0.7941
 Site-Clipart                       | Val  Loss: 1.8297 | Val  Acc: 0.5408
 Site-Art                           | Val  Loss: 1.6201 | Val  Acc: 0.9661
 Site-Art                           | Val  Loss: 1.5094 | Val  Acc: 0.9647
 Site-RealWorld                     | Val  Loss: 1.5930 | Val  Acc: 0.9300
 Site-Product                       | Val  Loss: 1.5154 | Val  Acc: 0.9420
Average Valid Accuracy: 0.8677
============ Train epoch 12 ============
 Site-Clipart                       | Train Loss: 1.5026 | Train Acc: 0.9286
 Site-Clipart                       | Train Loss: 1.8172 | Train Acc: 0.5392
 Site-Clipart                       | Train Loss: 1.5746 | Train Acc: 0.8716
 Site-Art                           | Train Loss: 1.3701 | Train Acc: 0.9318
 Site-Art                           | Train Loss: 1.5169 | Train Acc: 0.9612
 Site-RealWorld                     | Train Loss: 1.2408 | Train Acc: 0.9933
 Site-Product                       | Train Loss: 1.3283 | Train Acc: 0.9612
Average Train Accuracy: 0.8839
 Site-Clipart                       | Val  Loss: 1.3335 | Val  Acc: 0.9787
 Site-Clipart                       | Val  Loss: 1.3925 | Val  Acc: 0.8529
 Site-Clipart                       | Val  Loss: 1.7794 | Val  Acc: 0.6020
 Site-Art                           | Val  Loss: 1.5378 | Val  Acc: 1.0000
 Site-Art                           | Val  Loss: 1.4606 | Val  Acc: 0.9647
 Site-RealWorld                     | Val  Loss: 1.5230 | Val  Acc: 0.9500
 Site-Product                       | Val  Loss: 1.4535 | Val  Acc: 0.9565
Average Valid Accuracy: 0.9007
 Best site-Clipart                   | Epoch:12 | Val Acc: 0.9787
 Best site-Clipart                   | Epoch:12 | Val Acc: 0.8529
 Best site-Clipart                   | Epoch:12 | Val Acc: 0.6020
 Best site-Art                       | Epoch:12 | Val Acc: 1.0000
 Best site-Art                       | Epoch:12 | Val Acc: 0.9647
 Best site-RealWorld                 | Epoch:12 | Val Acc: 0.9500
 Best site-Product                   | Epoch:12 | Val Acc: 0.9565
 Saving the local and server checkpoint to ../checkpoint/fed_office_uneven_1.45_1/fedmix...
============ Train epoch 13 ============
 Site-Clipart                       | Train Loss: 1.4271 | Train Acc: 0.9286
 Site-Clipart                       | Train Loss: 1.7839 | Train Acc: 0.5882
 Site-Clipart                       | Train Loss: 1.4983 | Train Acc: 0.9392
 Site-Art                           | Train Loss: 1.3020 | Train Acc: 0.9091
 Site-Art                           | Train Loss: 1.4869 | Train Acc: 0.9612
 Site-RealWorld                     | Train Loss: 1.1683 | Train Acc: 0.9933
 Site-Product                       | Train Loss: 1.2356 | Train Acc: 0.9806
Average Train Accuracy: 0.9000
 Site-Clipart                       | Val  Loss: 1.2842 | Val  Acc: 0.9574
 Site-Clipart                       | Val  Loss: 1.3318 | Val  Acc: 0.8529
 Site-Clipart                       | Val  Loss: 1.7504 | Val  Acc: 0.5510
 Site-Art                           | Val  Loss: 1.4958 | Val  Acc: 0.9661
 Site-Art                           | Val  Loss: 1.3891 | Val  Acc: 0.9647
 Site-RealWorld                     | Val  Loss: 1.4792 | Val  Acc: 0.9600
 Site-Product                       | Val  Loss: 1.3760 | Val  Acc: 0.9420
Average Valid Accuracy: 0.8849
============ Train epoch 14 ============
 Site-Clipart                       | Train Loss: 1.3061 | Train Acc: 0.9286
 Site-Clipart                       | Train Loss: 1.7645 | Train Acc: 0.5196
 Site-Clipart                       | Train Loss: 1.4649 | Train Acc: 0.9189
 Site-Art                           | Train Loss: 1.2575 | Train Acc: 0.9545
 Site-Art                           | Train Loss: 1.6256 | Train Acc: 0.9690
 Site-RealWorld                     | Train Loss: 1.1039 | Train Acc: 0.9933
 Site-Product                       | Train Loss: 1.1958 | Train Acc: 0.9709
Average Train Accuracy: 0.8935
 Site-Clipart                       | Val  Loss: 1.2318 | Val  Acc: 0.9787
 Site-Clipart                       | Val  Loss: 1.2867 | Val  Acc: 0.8382
 Site-Clipart                       | Val  Loss: 1.7217 | Val  Acc: 0.5918
 Site-Art                           | Val  Loss: 1.4630 | Val  Acc: 0.9661
 Site-Art                           | Val  Loss: 1.3472 | Val  Acc: 0.9647
 Site-RealWorld                     | Val  Loss: 1.4231 | Val  Acc: 0.9400
 Site-Product                       | Val  Loss: 1.3675 | Val  Acc: 0.9275
Average Valid Accuracy: 0.8867
============ Train epoch 15 ============
 Site-Clipart                       | Train Loss: 1.2155 | Train Acc: 0.9429
 Site-Clipart                       | Train Loss: 1.7127 | Train Acc: 0.5490
 Site-Clipart                       | Train Loss: 1.4388 | Train Acc: 0.8716
 Site-Art                           | Train Loss: 1.1900 | Train Acc: 0.9432
 Site-Art                           | Train Loss: 1.2941 | Train Acc: 0.9690
 Site-RealWorld                     | Train Loss: 1.0688 | Train Acc: 1.0000
 Site-Product                       | Train Loss: 1.1456 | Train Acc: 0.9612
Average Train Accuracy: 0.8910
 Site-Clipart                       | Val  Loss: 1.1737 | Val  Acc: 0.9362
 Site-Clipart                       | Val  Loss: 1.2331 | Val  Acc: 0.8676
 Site-Clipart                       | Val  Loss: 1.6876 | Val  Acc: 0.6224
 Site-Art                           | Val  Loss: 1.4125 | Val  Acc: 0.9492
 Site-Art                           | Val  Loss: 1.3037 | Val  Acc: 0.9412
 Site-RealWorld                     | Val  Loss: 1.3875 | Val  Acc: 0.9500
 Site-Product                       | Val  Loss: 1.3434 | Val  Acc: 0.9565
Average Valid Accuracy: 0.8890
============ Train epoch 16 ============
 Site-Clipart                       | Train Loss: 1.2644 | Train Acc: 0.9286
 Site-Clipart                       | Train Loss: 1.6675 | Train Acc: 0.6569
 Site-Clipart                       | Train Loss: 1.3637 | Train Acc: 0.9189
 Site-Art                           | Train Loss: 1.1491 | Train Acc: 0.9432
 Site-Art                           | Train Loss: 1.3401 | Train Acc: 0.9380
 Site-RealWorld                     | Train Loss: 0.9918 | Train Acc: 0.9933
 Site-Product                       | Train Loss: 1.0735 | Train Acc: 0.9806
Average Train Accuracy: 0.9085
 Site-Clipart                       | Val  Loss: 1.1333 | Val  Acc: 0.9362
 Site-Clipart                       | Val  Loss: 1.1570 | Val  Acc: 0.8529
 Site-Clipart                       | Val  Loss: 1.6326 | Val  Acc: 0.6735
 Site-Art                           | Val  Loss: 1.3562 | Val  Acc: 0.9831
 Site-Art                           | Val  Loss: 1.2516 | Val  Acc: 0.9647
 Site-RealWorld                     | Val  Loss: 1.3631 | Val  Acc: 0.9400
 Site-Product                       | Val  Loss: 1.2436 | Val  Acc: 0.9420
Average Valid Accuracy: 0.8989
============ Train epoch 17 ============
 Site-Clipart                       | Train Loss: 1.1198 | Train Acc: 0.9429
 Site-Clipart                       | Train Loss: 1.6497 | Train Acc: 0.5882
 Site-Clipart                       | Train Loss: 1.3594 | Train Acc: 0.9257
 Site-Art                           | Train Loss: 1.1001 | Train Acc: 0.9318
 Site-Art                           | Train Loss: 1.4141 | Train Acc: 0.9845
 Site-RealWorld                     | Train Loss: 0.9192 | Train Acc: 0.9933
 Site-Product                       | Train Loss: 0.9906 | Train Acc: 0.9806
Average Train Accuracy: 0.9067
 Site-Clipart                       | Val  Loss: 1.0471 | Val  Acc: 0.9574
 Site-Clipart                       | Val  Loss: 1.1405 | Val  Acc: 0.9118
 Site-Clipart                       | Val  Loss: 1.5947 | Val  Acc: 0.6939
 Site-Art                           | Val  Loss: 1.3406 | Val  Acc: 0.9661
 Site-Art                           | Val  Loss: 1.1915 | Val  Acc: 0.9647
 Site-RealWorld                     | Val  Loss: 1.3057 | Val  Acc: 0.9500
 Site-Product                       | Val  Loss: 1.1969 | Val  Acc: 0.9710
Average Valid Accuracy: 0.9164
 Best site-Clipart                   | Epoch:17 | Val Acc: 0.9574
 Best site-Clipart                   | Epoch:17 | Val Acc: 0.9118
 Best site-Clipart                   | Epoch:17 | Val Acc: 0.6939
 Best site-Art                       | Epoch:17 | Val Acc: 0.9661
 Best site-Art                       | Epoch:17 | Val Acc: 0.9647
 Best site-RealWorld                 | Epoch:17 | Val Acc: 0.9500
 Best site-Product                   | Epoch:17 | Val Acc: 0.9710
 Saving the local and server checkpoint to ../checkpoint/fed_office_uneven_1.45_1/fedmix...
============ Train epoch 18 ============
 Site-Clipart                       | Train Loss: 1.1473 | Train Acc: 0.9429
 Site-Clipart                       | Train Loss: 1.6061 | Train Acc: 0.5784
 Site-Clipart                       | Train Loss: 1.3013 | Train Acc: 0.8986
 Site-Art                           | Train Loss: 1.0398 | Train Acc: 0.9432
 Site-Art                           | Train Loss: 1.3963 | Train Acc: 0.9767
 Site-RealWorld                     | Train Loss: 0.8716 | Train Acc: 0.9867
 Site-Product                       | Train Loss: 0.9114 | Train Acc: 0.9806
Average Train Accuracy: 0.9010
 Site-Clipart                       | Val  Loss: 1.0125 | Val  Acc: 0.9574
 Site-Clipart                       | Val  Loss: 1.0939 | Val  Acc: 0.8529
 Site-Clipart                       | Val  Loss: 1.5656 | Val  Acc: 0.7041
 Site-Art                           | Val  Loss: 1.2669 | Val  Acc: 0.9831
 Site-Art                           | Val  Loss: 1.1297 | Val  Acc: 0.9647
 Site-RealWorld                     | Val  Loss: 1.2563 | Val  Acc: 0.9400
 Site-Product                       | Val  Loss: 1.1579 | Val  Acc: 0.9275
Average Valid Accuracy: 0.9043
============ Train epoch 19 ============
 Site-Clipart                       | Train Loss: 0.9576 | Train Acc: 0.9429
 Site-Clipart                       | Train Loss: 1.5571 | Train Acc: 0.6863
 Site-Clipart                       | Train Loss: 1.2405 | Train Acc: 0.9122
 Site-Art                           | Train Loss: 1.0063 | Train Acc: 0.9432
 Site-Art                           | Train Loss: 1.3986 | Train Acc: 0.9767
 Site-RealWorld                     | Train Loss: 0.8354 | Train Acc: 0.9933
 Site-Product                       | Train Loss: 0.8893 | Train Acc: 0.9903
Average Train Accuracy: 0.9207
 Site-Clipart                       | Val  Loss: 0.9437 | Val  Acc: 0.9574
 Site-Clipart                       | Val  Loss: 1.0260 | Val  Acc: 0.9118
 Site-Clipart                       | Val  Loss: 1.5462 | Val  Acc: 0.7245
 Site-Art                           | Val  Loss: 1.2619 | Val  Acc: 0.9661
 Site-Art                           | Val  Loss: 1.1266 | Val  Acc: 0.9765
 Site-RealWorld                     | Val  Loss: 1.2042 | Val  Acc: 0.9500
 Site-Product                       | Val  Loss: 1.0904 | Val  Acc: 0.9710
Average Valid Accuracy: 0.9225
 Best site-Clipart                   | Epoch:19 | Val Acc: 0.9574
 Best site-Clipart                   | Epoch:19 | Val Acc: 0.9118
 Best site-Clipart                   | Epoch:19 | Val Acc: 0.7245
 Best site-Art                       | Epoch:19 | Val Acc: 0.9661
 Best site-Art                       | Epoch:19 | Val Acc: 0.9765
 Best site-RealWorld                 | Epoch:19 | Val Acc: 0.9500
 Best site-Product                   | Epoch:19 | Val Acc: 0.9710
 Saving the local and server checkpoint to ../checkpoint/fed_office_uneven_1.45_1/fedmix...
============ Train epoch 20 ============
 Site-Clipart                       | Train Loss: 0.9667 | Train Acc: 0.9571
 Site-Clipart                       | Train Loss: 1.5620 | Train Acc: 0.6275
 Site-Clipart                       | Train Loss: 1.2431 | Train Acc: 0.8851
 Site-Art                           | Train Loss: 0.9529 | Train Acc: 0.9432
 Site-Art                           | Train Loss: 1.3494 | Train Acc: 0.9457
 Site-RealWorld                     | Train Loss: 0.7947 | Train Acc: 0.9933
 Site-Product                       | Train Loss: 0.8183 | Train Acc: 0.9903
Average Train Accuracy: 0.9060
 Site-Clipart                       | Val  Loss: 0.9233 | Val  Acc: 0.9787
 Site-Clipart                       | Val  Loss: 1.0156 | Val  Acc: 0.9118
 Site-Clipart                       | Val  Loss: 1.5217 | Val  Acc: 0.6939
 Site-Art                           | Val  Loss: 1.2266 | Val  Acc: 0.9661
 Site-Art                           | Val  Loss: 1.0633 | Val  Acc: 0.9529
 Site-RealWorld                     | Val  Loss: 1.1453 | Val  Acc: 0.9700
 Site-Product                       | Val  Loss: 1.0233 | Val  Acc: 0.9565
Average Valid Accuracy: 0.9186
============ Train epoch 21 ============
 Site-Clipart                       | Train Loss: 0.9560 | Train Acc: 0.9429
 Site-Clipart                       | Train Loss: 1.4899 | Train Acc: 0.6961
 Site-Clipart                       | Train Loss: 1.1983 | Train Acc: 0.8919
 Site-Art                           | Train Loss: 0.8912 | Train Acc: 0.9659
 Site-Art                           | Train Loss: 1.2722 | Train Acc: 0.9922
 Site-RealWorld                     | Train Loss: 0.7358 | Train Acc: 1.0000
 Site-Product                       | Train Loss: 0.7978 | Train Acc: 0.9903
Average Train Accuracy: 0.9256
 Site-Clipart                       | Val  Loss: 0.8605 | Val  Acc: 0.9574
 Site-Clipart                       | Val  Loss: 0.9567 | Val  Acc: 0.8971
 Site-Clipart                       | Val  Loss: 1.4699 | Val  Acc: 0.6939
 Site-Art                           | Val  Loss: 1.2012 | Val  Acc: 0.9492
 Site-Art                           | Val  Loss: 1.0544 | Val  Acc: 0.9647
 Site-RealWorld                     | Val  Loss: 1.1216 | Val  Acc: 0.9900
 Site-Product                       | Val  Loss: 1.0099 | Val  Acc: 0.9420
Average Valid Accuracy: 0.9135
============ Train epoch 22 ============
 Site-Clipart                       | Train Loss: 0.8438 | Train Acc: 0.9571
 Site-Clipart                       | Train Loss: 1.5259 | Train Acc: 0.7059
 Site-Clipart                       | Train Loss: 1.1915 | Train Acc: 0.8986
 Site-Art                           | Train Loss: 0.8667 | Train Acc: 0.9432
 Site-Art                           | Train Loss: 1.3415 | Train Acc: 0.9535
 Site-RealWorld                     | Train Loss: 0.6928 | Train Acc: 0.9933
 Site-Product                       | Train Loss: 0.7378 | Train Acc: 0.9806
Average Train Accuracy: 0.9189
 Site-Clipart                       | Val  Loss: 0.8683 | Val  Acc: 0.9574
 Site-Clipart                       | Val  Loss: 0.9088 | Val  Acc: 0.9118
 Site-Clipart                       | Val  Loss: 1.4536 | Val  Acc: 0.7653
 Site-Art                           | Val  Loss: 1.1530 | Val  Acc: 0.9831
 Site-Art                           | Val  Loss: 0.9968 | Val  Acc: 0.9882
 Site-RealWorld                     | Val  Loss: 1.0931 | Val  Acc: 0.9600
 Site-Product                       | Val  Loss: 0.9763 | Val  Acc: 0.9565
Average Valid Accuracy: 0.9318
 Best site-Clipart                   | Epoch:22 | Val Acc: 0.9574
 Best site-Clipart                   | Epoch:22 | Val Acc: 0.9118
 Best site-Clipart                   | Epoch:22 | Val Acc: 0.7653
 Best site-Art                       | Epoch:22 | Val Acc: 0.9831
 Best site-Art                       | Epoch:22 | Val Acc: 0.9882
 Best site-RealWorld                 | Epoch:22 | Val Acc: 0.9600
 Best site-Product                   | Epoch:22 | Val Acc: 0.9565
 Saving the local and server checkpoint to ../checkpoint/fed_office_uneven_1.45_1/fedmix...
============ Train epoch 23 ============
 Site-Clipart                       | Train Loss: 0.9235 | Train Acc: 0.9429
 Site-Clipart                       | Train Loss: 1.4773 | Train Acc: 0.7059
 Site-Clipart                       | Train Loss: 1.1187 | Train Acc: 0.8986
 Site-Art                           | Train Loss: 0.9100 | Train Acc: 0.9545
 Site-Art                           | Train Loss: 1.2233 | Train Acc: 0.9535
 Site-RealWorld                     | Train Loss: 0.6592 | Train Acc: 0.9933
 Site-Product                       | Train Loss: 0.7160 | Train Acc: 0.9806
Average Train Accuracy: 0.9185
 Site-Clipart                       | Val  Loss: 0.8019 | Val  Acc: 0.9574
 Site-Clipart                       | Val  Loss: 0.8425 | Val  Acc: 0.9265
 Site-Clipart                       | Val  Loss: 1.4102 | Val  Acc: 0.7653
 Site-Art                           | Val  Loss: 1.1052 | Val  Acc: 0.9492
 Site-Art                           | Val  Loss: 0.9847 | Val  Acc: 0.9647
 Site-RealWorld                     | Val  Loss: 1.0452 | Val  Acc: 0.9600
 Site-Product                       | Val  Loss: 0.8949 | Val  Acc: 0.9420
Average Valid Accuracy: 0.9236
============ Train epoch 24 ============
 Site-Clipart                       | Train Loss: 0.9505 | Train Acc: 0.9571
 Site-Clipart                       | Train Loss: 1.4530 | Train Acc: 0.6569
 Site-Clipart                       | Train Loss: 1.0897 | Train Acc: 0.8986
 Site-Art                           | Train Loss: 0.8125 | Train Acc: 0.9545
 Site-Art                           | Train Loss: 0.9569 | Train Acc: 0.9767
 Site-RealWorld                     | Train Loss: 0.5956 | Train Acc: 1.0000
 Site-Product                       | Train Loss: 0.6607 | Train Acc: 0.9903
Average Train Accuracy: 0.9192
 Site-Clipart                       | Val  Loss: 0.7760 | Val  Acc: 0.9574
 Site-Clipart                       | Val  Loss: 0.8424 | Val  Acc: 0.8676
 Site-Clipart                       | Val  Loss: 1.3907 | Val  Acc: 0.7959
 Site-Art                           | Val  Loss: 1.0829 | Val  Acc: 0.9831
 Site-Art                           | Val  Loss: 0.9191 | Val  Acc: 0.9882
 Site-RealWorld                     | Val  Loss: 1.0264 | Val  Acc: 0.9500
 Site-Product                       | Val  Loss: 0.8604 | Val  Acc: 0.9420
Average Valid Accuracy: 0.9263
============ Train epoch 25 ============
 Site-Clipart                       | Train Loss: 0.9271 | Train Acc: 0.9571
 Site-Clipart                       | Train Loss: 1.4564 | Train Acc: 0.6667
 Site-Clipart                       | Train Loss: 1.1028 | Train Acc: 0.8851
 Site-Art                           | Train Loss: 0.7849 | Train Acc: 0.9659
 Site-Art                           | Train Loss: 1.0221 | Train Acc: 0.9535
 Site-RealWorld                     | Train Loss: 0.5874 | Train Acc: 1.0000
 Site-Product                       | Train Loss: 0.6334 | Train Acc: 0.9806
Average Train Accuracy: 0.9156
 Site-Clipart                       | Val  Loss: 0.7321 | Val  Acc: 0.9574
 Site-Clipart                       | Val  Loss: 0.7588 | Val  Acc: 0.9118
 Site-Clipart                       | Val  Loss: 1.3617 | Val  Acc: 0.7755
 Site-Art                           | Val  Loss: 1.0519 | Val  Acc: 0.9831
 Site-Art                           | Val  Loss: 0.8922 | Val  Acc: 0.9647
 Site-RealWorld                     | Val  Loss: 0.9985 | Val  Acc: 0.9700
 Site-Product                       | Val  Loss: 0.8491 | Val  Acc: 0.9420
Average Valid Accuracy: 0.9292
============ Train epoch 26 ============
 Site-Clipart                       | Train Loss: 0.7844 | Train Acc: 0.9714
 Site-Clipart                       | Train Loss: 1.3751 | Train Acc: 0.6863
 Site-Clipart                       | Train Loss: 1.0510 | Train Acc: 0.8986
 Site-Art                           | Train Loss: 0.7640 | Train Acc: 0.9659
 Site-Art                           | Train Loss: 1.0080 | Train Acc: 0.9845
 Site-RealWorld                     | Train Loss: 0.5552 | Train Acc: 1.0000
 Site-Product                       | Train Loss: 0.5827 | Train Acc: 0.9806
Average Train Accuracy: 0.9268
 Site-Clipart                       | Val  Loss: 0.7033 | Val  Acc: 0.9362
 Site-Clipart                       | Val  Loss: 0.7469 | Val  Acc: 0.9118
 Site-Clipart                       | Val  Loss: 1.3386 | Val  Acc: 0.7653
 Site-Art                           | Val  Loss: 0.9983 | Val  Acc: 0.9831
 Site-Art                           | Val  Loss: 0.8577 | Val  Acc: 0.9882
 Site-RealWorld                     | Val  Loss: 0.9605 | Val  Acc: 0.9800
 Site-Product                       | Val  Loss: 0.8475 | Val  Acc: 0.9275
Average Valid Accuracy: 0.9274
============ Train epoch 27 ============
 Site-Clipart                       | Train Loss: 0.8686 | Train Acc: 0.9857
 Site-Clipart                       | Train Loss: 1.3786 | Train Acc: 0.7451
 Site-Clipart                       | Train Loss: 1.0120 | Train Acc: 0.9054
 Site-Art                           | Train Loss: 0.6876 | Train Acc: 0.9773
 Site-Art                           | Train Loss: 1.1365 | Train Acc: 0.9767
 Site-RealWorld                     | Train Loss: 0.5179 | Train Acc: 1.0000
 Site-Product                       | Train Loss: 0.5717 | Train Acc: 0.9806
Average Train Accuracy: 0.9387
 Site-Clipart                       | Val  Loss: 0.6688 | Val  Acc: 0.9574
 Site-Clipart                       | Val  Loss: 0.7413 | Val  Acc: 0.9118
 Site-Clipart                       | Val  Loss: 1.3280 | Val  Acc: 0.7449
 Site-Art                           | Val  Loss: 0.9972 | Val  Acc: 0.9661
 Site-Art                           | Val  Loss: 0.8463 | Val  Acc: 0.9647
 Site-RealWorld                     | Val  Loss: 0.9194 | Val  Acc: 0.9700
 Site-Product                       | Val  Loss: 0.8013 | Val  Acc: 0.9420
Average Valid Accuracy: 0.9224
============ Train epoch 28 ============
 Site-Clipart                       | Train Loss: 0.7143 | Train Acc: 0.9571
 Site-Clipart                       | Train Loss: 1.3270 | Train Acc: 0.7059
 Site-Clipart                       | Train Loss: 1.0056 | Train Acc: 0.9054
 Site-Art                           | Train Loss: 0.7005 | Train Acc: 0.9432
 Site-Art                           | Train Loss: 1.0498 | Train Acc: 0.9612
 Site-RealWorld                     | Train Loss: 0.4767 | Train Acc: 1.0000
 Site-Product                       | Train Loss: 0.5362 | Train Acc: 0.9806
Average Train Accuracy: 0.9219
 Site-Clipart                       | Val  Loss: 0.6603 | Val  Acc: 0.9574
 Site-Clipart                       | Val  Loss: 0.7049 | Val  Acc: 0.9118
 Site-Clipart                       | Val  Loss: 1.3008 | Val  Acc: 0.7551
 Site-Art                           | Val  Loss: 0.9618 | Val  Acc: 0.9661
 Site-Art                           | Val  Loss: 0.7975 | Val  Acc: 0.9647
 Site-RealWorld                     | Val  Loss: 0.8756 | Val  Acc: 0.9900
 Site-Product                       | Val  Loss: 0.7341 | Val  Acc: 0.9420
Average Valid Accuracy: 0.9267
============ Train epoch 29 ============
 Site-Clipart                       | Train Loss: 0.6335 | Train Acc: 0.9714
 Site-Clipart                       | Train Loss: 1.3373 | Train Acc: 0.7059
 Site-Clipart                       | Train Loss: 0.9476 | Train Acc: 0.9257
 Site-Art                           | Train Loss: 0.6299 | Train Acc: 0.9545
 Site-Art                           | Train Loss: 1.0941 | Train Acc: 0.9690
 Site-RealWorld                     | Train Loss: 0.4633 | Train Acc: 1.0000
 Site-Product                       | Train Loss: 0.5131 | Train Acc: 0.9806
Average Train Accuracy: 0.9296
 Site-Clipart                       | Val  Loss: 0.6042 | Val  Acc: 0.9574
 Site-Clipart                       | Val  Loss: 0.6734 | Val  Acc: 0.8824
 Site-Clipart                       | Val  Loss: 1.2417 | Val  Acc: 0.8061
 Site-Art                           | Val  Loss: 0.9134 | Val  Acc: 0.9831
 Site-Art                           | Val  Loss: 0.7841 | Val  Acc: 0.9765
 Site-RealWorld                     | Val  Loss: 0.8790 | Val  Acc: 0.9700
 Site-Product                       | Val  Loss: 0.7254 | Val  Acc: 0.9420
Average Valid Accuracy: 0.9311
============ Train epoch 30 ============
 Site-Clipart                       | Train Loss: 0.6798 | Train Acc: 0.9714
 Site-Clipart                       | Train Loss: 1.3171 | Train Acc: 0.6961
 Site-Clipart                       | Train Loss: 0.9672 | Train Acc: 0.9189
 Site-Art                           | Train Loss: 0.6339 | Train Acc: 0.9545
 Site-Art                           | Train Loss: 1.0327 | Train Acc: 0.9690
 Site-RealWorld                     | Train Loss: 0.4274 | Train Acc: 1.0000
 Site-Product                       | Train Loss: 0.4809 | Train Acc: 0.9806
Average Train Accuracy: 0.9272
 Site-Clipart                       | Val  Loss: 0.6069 | Val  Acc: 0.9574
 Site-Clipart                       | Val  Loss: 0.6692 | Val  Acc: 0.9412
 Site-Clipart                       | Val  Loss: 1.2351 | Val  Acc: 0.7551
 Site-Art                           | Val  Loss: 0.8637 | Val  Acc: 0.9831
 Site-Art                           | Val  Loss: 0.7629 | Val  Acc: 0.9765
 Site-RealWorld                     | Val  Loss: 0.8510 | Val  Acc: 0.9800
 Site-Product                       | Val  Loss: 0.6600 | Val  Acc: 0.9710
Average Valid Accuracy: 0.9378
 Best site-Clipart                   | Epoch:30 | Val Acc: 0.9574
 Best site-Clipart                   | Epoch:30 | Val Acc: 0.9412
 Best site-Clipart                   | Epoch:30 | Val Acc: 0.7551
 Best site-Art                       | Epoch:30 | Val Acc: 0.9831
 Best site-Art                       | Epoch:30 | Val Acc: 0.9765
 Best site-RealWorld                 | Epoch:30 | Val Acc: 0.9800
 Best site-Product                   | Epoch:30 | Val Acc: 0.9710
 Saving the local and server checkpoint to ../checkpoint/fed_office_uneven_1.45_1/fedmix...
============ Train epoch 31 ============
 Site-Clipart                       | Train Loss: 0.6689 | Train Acc: 0.9286
 Site-Clipart                       | Train Loss: 1.2978 | Train Acc: 0.7451
 Site-Clipart                       | Train Loss: 0.9566 | Train Acc: 0.8919
 Site-Art                           | Train Loss: 0.5526 | Train Acc: 0.9659
 Site-Art                           | Train Loss: 1.1539 | Train Acc: 0.9690
 Site-RealWorld                     | Train Loss: 0.3880 | Train Acc: 1.0000
 Site-Product                       | Train Loss: 0.4398 | Train Acc: 0.9806
Average Train Accuracy: 0.9259
 Site-Clipart                       | Val  Loss: 0.5711 | Val  Acc: 0.9574
 Site-Clipart                       | Val  Loss: 0.6565 | Val  Acc: 0.9118
 Site-Clipart                       | Val  Loss: 1.2088 | Val  Acc: 0.7959
 Site-Art                           | Val  Loss: 0.8810 | Val  Acc: 0.9661
 Site-Art                           | Val  Loss: 0.7204 | Val  Acc: 0.9882
 Site-RealWorld                     | Val  Loss: 0.7977 | Val  Acc: 0.9900
 Site-Product                       | Val  Loss: 0.6933 | Val  Acc: 0.9710
Average Valid Accuracy: 0.9401
 Best site-Clipart                   | Epoch:31 | Val Acc: 0.9574
 Best site-Clipart                   | Epoch:31 | Val Acc: 0.9118
 Best site-Clipart                   | Epoch:31 | Val Acc: 0.7959
 Best site-Art                       | Epoch:31 | Val Acc: 0.9661
 Best site-Art                       | Epoch:31 | Val Acc: 0.9882
 Best site-RealWorld                 | Epoch:31 | Val Acc: 0.9900
 Best site-Product                   | Epoch:31 | Val Acc: 0.9710
 Saving the local and server checkpoint to ../checkpoint/fed_office_uneven_1.45_1/fedmix...
============ Train epoch 32 ============
 Site-Clipart                       | Train Loss: 0.7466 | Train Acc: 0.9714
 Site-Clipart                       | Train Loss: 1.2449 | Train Acc: 0.7059
 Site-Clipart                       | Train Loss: 0.8855 | Train Acc: 0.9122
 Site-Art                           | Train Loss: 0.5887 | Train Acc: 0.9545
 Site-Art                           | Train Loss: 0.9859 | Train Acc: 0.9457
 Site-RealWorld                     | Train Loss: 0.3885 | Train Acc: 0.9867
 Site-Product                       | Train Loss: 0.4427 | Train Acc: 0.9903
Average Train Accuracy: 0.9238
 Site-Clipart                       | Val  Loss: 0.5195 | Val  Acc: 0.9574
 Site-Clipart                       | Val  Loss: 0.6346 | Val  Acc: 0.9118
 Site-Clipart                       | Val  Loss: 1.2220 | Val  Acc: 0.7551
 Site-Art                           | Val  Loss: 0.8675 | Val  Acc: 0.9492
 Site-Art                           | Val  Loss: 0.7021 | Val  Acc: 0.9765
 Site-RealWorld                     | Val  Loss: 0.8184 | Val  Acc: 0.9600
 Site-Product                       | Val  Loss: 0.6828 | Val  Acc: 0.9565
Average Valid Accuracy: 0.9238
============ Train epoch 33 ============
 Site-Clipart                       | Train Loss: 0.7879 | Train Acc: 0.9714
 Site-Clipart                       | Train Loss: 1.3083 | Train Acc: 0.7353
 Site-Clipart                       | Train Loss: 0.9008 | Train Acc: 0.9257
 Site-Art                           | Train Loss: 0.6404 | Train Acc: 0.9545
 Site-Art                           | Train Loss: 0.7448 | Train Acc: 0.9612
 Site-RealWorld                     | Train Loss: 0.3502 | Train Acc: 1.0000
 Site-Product                       | Train Loss: 0.3901 | Train Acc: 0.9903
Average Train Accuracy: 0.9341
 Site-Clipart                       | Val  Loss: 0.5266 | Val  Acc: 0.9574
 Site-Clipart                       | Val  Loss: 0.6386 | Val  Acc: 0.8971
 Site-Clipart                       | Val  Loss: 1.1522 | Val  Acc: 0.8469
 Site-Art                           | Val  Loss: 0.8813 | Val  Acc: 0.9322
 Site-Art                           | Val  Loss: 0.6751 | Val  Acc: 0.9765
 Site-RealWorld                     | Val  Loss: 0.7867 | Val  Acc: 0.9800
 Site-Product                       | Val  Loss: 0.7060 | Val  Acc: 0.9710
Average Valid Accuracy: 0.9373
============ Train epoch 34 ============
 Site-Clipart                       | Train Loss: 0.6769 | Train Acc: 0.9714
 Site-Clipart                       | Train Loss: 1.2311 | Train Acc: 0.7353
 Site-Clipart                       | Train Loss: 0.8915 | Train Acc: 0.9054
 Site-Art                           | Train Loss: 0.5579 | Train Acc: 0.9773
 Site-Art                           | Train Loss: 0.7949 | Train Acc: 0.9767
 Site-RealWorld                     | Train Loss: 0.3281 | Train Acc: 1.0000
 Site-Product                       | Train Loss: 0.3943 | Train Acc: 0.9903
Average Train Accuracy: 0.9366
 Site-Clipart                       | Val  Loss: 0.5048 | Val  Acc: 0.9574
 Site-Clipart                       | Val  Loss: 0.5469 | Val  Acc: 0.9265
 Site-Clipart                       | Val  Loss: 1.1373 | Val  Acc: 0.8367
 Site-Art                           | Val  Loss: 0.7998 | Val  Acc: 0.9661
 Site-Art                           | Val  Loss: 0.6377 | Val  Acc: 0.9765
 Site-RealWorld                     | Val  Loss: 0.7718 | Val  Acc: 0.9600
 Site-Product                       | Val  Loss: 0.6330 | Val  Acc: 0.9855
Average Valid Accuracy: 0.9441
 Best site-Clipart                   | Epoch:34 | Val Acc: 0.9574
 Best site-Clipart                   | Epoch:34 | Val Acc: 0.9265
 Best site-Clipart                   | Epoch:34 | Val Acc: 0.8367
 Best site-Art                       | Epoch:34 | Val Acc: 0.9661
 Best site-Art                       | Epoch:34 | Val Acc: 0.9765
 Best site-RealWorld                 | Epoch:34 | Val Acc: 0.9600
 Best site-Product                   | Epoch:34 | Val Acc: 0.9855
 Saving the local and server checkpoint to ../checkpoint/fed_office_uneven_1.45_1/fedmix...
============ Train epoch 35 ============
 Site-Clipart                       | Train Loss: 0.5926 | Train Acc: 0.9429
 Site-Clipart                       | Train Loss: 1.2359 | Train Acc: 0.7255
 Site-Clipart                       | Train Loss: 0.8155 | Train Acc: 0.9054
 Site-Art                           | Train Loss: 0.5983 | Train Acc: 0.9659
 Site-Art                           | Train Loss: 0.6768 | Train Acc: 0.9845
 Site-RealWorld                     | Train Loss: 0.3080 | Train Acc: 1.0000
 Site-Product                       | Train Loss: 0.3556 | Train Acc: 0.9903
Average Train Accuracy: 0.9306
 Site-Clipart                       | Val  Loss: 0.4967 | Val  Acc: 0.9574
 Site-Clipart                       | Val  Loss: 0.5194 | Val  Acc: 0.9412
 Site-Clipart                       | Val  Loss: 1.1215 | Val  Acc: 0.8061
 Site-Art                           | Val  Loss: 0.7908 | Val  Acc: 0.9831
 Site-Art                           | Val  Loss: 0.6147 | Val  Acc: 0.9647
 Site-RealWorld                     | Val  Loss: 0.7248 | Val  Acc: 0.9800
 Site-Product                       | Val  Loss: 0.6814 | Val  Acc: 0.9565
Average Valid Accuracy: 0.9413
============ Train epoch 36 ============
 Site-Clipart                       | Train Loss: 0.5684 | Train Acc: 0.9429
 Site-Clipart                       | Train Loss: 1.1865 | Train Acc: 0.7451
 Site-Clipart                       | Train Loss: 0.8046 | Train Acc: 0.9122
 Site-Art                           | Train Loss: 0.5868 | Train Acc: 0.9659
 Site-Art                           | Train Loss: 1.1464 | Train Acc: 0.9845
 Site-RealWorld                     | Train Loss: 0.2844 | Train Acc: 1.0000
 Site-Product                       | Train Loss: 0.3242 | Train Acc: 0.9806
Average Train Accuracy: 0.9330
 Site-Clipart                       | Val  Loss: 0.4675 | Val  Acc: 0.9574
 Site-Clipart                       | Val  Loss: 0.5805 | Val  Acc: 0.9265
 Site-Clipart                       | Val  Loss: 1.1395 | Val  Acc: 0.8367
 Site-Art                           | Val  Loss: 0.7762 | Val  Acc: 0.9322
 Site-Art                           | Val  Loss: 0.6300 | Val  Acc: 0.9765
 Site-RealWorld                     | Val  Loss: 0.7115 | Val  Acc: 0.9700
 Site-Product                       | Val  Loss: 0.6228 | Val  Acc: 0.9565
Average Valid Accuracy: 0.9365
============ Train epoch 37 ============
 Site-Clipart                       | Train Loss: 0.7298 | Train Acc: 0.9143
 Site-Clipart                       | Train Loss: 1.1606 | Train Acc: 0.7843
 Site-Clipart                       | Train Loss: 0.8118 | Train Acc: 0.8716
 Site-Art                           | Train Loss: 0.5002 | Train Acc: 0.9659
 Site-Art                           | Train Loss: 0.8374 | Train Acc: 0.9690
 Site-RealWorld                     | Train Loss: 0.2551 | Train Acc: 1.0000
 Site-Product                       | Train Loss: 0.3366 | Train Acc: 0.9806
Average Train Accuracy: 0.9265
 Site-Clipart                       | Val  Loss: 0.4755 | Val  Acc: 0.9574
 Site-Clipart                       | Val  Loss: 0.5134 | Val  Acc: 0.8971
 Site-Clipart                       | Val  Loss: 1.0993 | Val  Acc: 0.8265
 Site-Art                           | Val  Loss: 0.7313 | Val  Acc: 0.9831
 Site-Art                           | Val  Loss: 0.5885 | Val  Acc: 0.9765
 Site-RealWorld                     | Val  Loss: 0.6955 | Val  Acc: 0.9900
 Site-Product                       | Val  Loss: 0.4734 | Val  Acc: 0.9855
Average Valid Accuracy: 0.9452
 Best site-Clipart                   | Epoch:37 | Val Acc: 0.9574
 Best site-Clipart                   | Epoch:37 | Val Acc: 0.8971
 Best site-Clipart                   | Epoch:37 | Val Acc: 0.8265
 Best site-Art                       | Epoch:37 | Val Acc: 0.9831
 Best site-Art                       | Epoch:37 | Val Acc: 0.9765
 Best site-RealWorld                 | Epoch:37 | Val Acc: 0.9900
 Best site-Product                   | Epoch:37 | Val Acc: 0.9855
 Saving the local and server checkpoint to ../checkpoint/fed_office_uneven_1.45_1/fedmix...
============ Train epoch 38 ============
 Site-Clipart                       | Train Loss: 0.4494 | Train Acc: 0.9857
 Site-Clipart                       | Train Loss: 1.1430 | Train Acc: 0.7647
 Site-Clipart                       | Train Loss: 0.7896 | Train Acc: 0.8851
 Site-Art                           | Train Loss: 0.4686 | Train Acc: 0.9545
 Site-Art                           | Train Loss: 0.9522 | Train Acc: 0.9690
 Site-RealWorld                     | Train Loss: 0.2553 | Train Acc: 1.0000
 Site-Product                       | Train Loss: 0.3107 | Train Acc: 0.9806
Average Train Accuracy: 0.9342
 Site-Clipart                       | Val  Loss: 0.4535 | Val  Acc: 0.9574
 Site-Clipart                       | Val  Loss: 0.5126 | Val  Acc: 0.9559
 Site-Clipart                       | Val  Loss: 1.0787 | Val  Acc: 0.8469
 Site-Art                           | Val  Loss: 0.6862 | Val  Acc: 0.9831
 Site-Art                           | Val  Loss: 0.5561 | Val  Acc: 0.9765
 Site-RealWorld                     | Val  Loss: 0.6696 | Val  Acc: 0.9700
 Site-Product                       | Val  Loss: 0.5725 | Val  Acc: 0.9710
Average Valid Accuracy: 0.9515
 Best site-Clipart                   | Epoch:38 | Val Acc: 0.9574
 Best site-Clipart                   | Epoch:38 | Val Acc: 0.9559
 Best site-Clipart                   | Epoch:38 | Val Acc: 0.8469
 Best site-Art                       | Epoch:38 | Val Acc: 0.9831
 Best site-Art                       | Epoch:38 | Val Acc: 0.9765
 Best site-RealWorld                 | Epoch:38 | Val Acc: 0.9700
 Best site-Product                   | Epoch:38 | Val Acc: 0.9710
 Saving the local and server checkpoint to ../checkpoint/fed_office_uneven_1.45_1/fedmix...
============ Train epoch 39 ============
 Site-Clipart                       | Train Loss: 0.4624 | Train Acc: 0.9571
 Site-Clipart                       | Train Loss: 1.1665 | Train Acc: 0.7549
 Site-Clipart                       | Train Loss: 0.7572 | Train Acc: 0.8851
 Site-Art                           | Train Loss: 0.4854 | Train Acc: 0.9773
 Site-Art                           | Train Loss: 0.5601 | Train Acc: 0.9767
 Site-RealWorld                     | Train Loss: 0.2543 | Train Acc: 1.0000
 Site-Product                       | Train Loss: 0.3007 | Train Acc: 0.9806
Average Train Accuracy: 0.9331
 Site-Clipart                       | Val  Loss: 0.4136 | Val  Acc: 0.9574
 Site-Clipart                       | Val  Loss: 0.4694 | Val  Acc: 0.9265
 Site-Clipart                       | Val  Loss: 1.0600 | Val  Acc: 0.8367
 Site-Art                           | Val  Loss: 0.6902 | Val  Acc: 0.9661
 Site-Art                           | Val  Loss: 0.5672 | Val  Acc: 0.9765
 Site-RealWorld                     | Val  Loss: 0.6530 | Val  Acc: 0.9700
 Site-Product                       | Val  Loss: 0.5664 | Val  Acc: 0.9565
Average Valid Accuracy: 0.9414
============ Train epoch 40 ============
 Site-Clipart                       | Train Loss: 0.4772 | Train Acc: 0.9714
 Site-Clipart                       | Train Loss: 1.1593 | Train Acc: 0.7843
 Site-Clipart                       | Train Loss: 0.7170 | Train Acc: 0.9189
 Site-Art                           | Train Loss: 0.4526 | Train Acc: 0.9659
 Site-Art                           | Train Loss: 0.7277 | Train Acc: 0.9767
 Site-RealWorld                     | Train Loss: 0.2265 | Train Acc: 1.0000
 Site-Product                       | Train Loss: 0.2967 | Train Acc: 0.9806
Average Train Accuracy: 0.9426
 Site-Clipart                       | Val  Loss: 0.4065 | Val  Acc: 0.9362
 Site-Clipart                       | Val  Loss: 0.4520 | Val  Acc: 0.8971
 Site-Clipart                       | Val  Loss: 1.0535 | Val  Acc: 0.7959
 Site-Art                           | Val  Loss: 0.6798 | Val  Acc: 0.9492
 Site-Art                           | Val  Loss: 0.5315 | Val  Acc: 0.9647
 Site-RealWorld                     | Val  Loss: 0.6433 | Val  Acc: 0.9700
 Site-Product                       | Val  Loss: 0.4838 | Val  Acc: 0.9565
Average Valid Accuracy: 0.9242
============ Train epoch 41 ============
 Site-Clipart                       | Train Loss: 0.4902 | Train Acc: 0.9571
 Site-Clipart                       | Train Loss: 1.1429 | Train Acc: 0.7549
 Site-Clipart                       | Train Loss: 0.7150 | Train Acc: 0.8986
 Site-Art                           | Train Loss: 0.4584 | Train Acc: 0.9659
 Site-Art                           | Train Loss: 0.6840 | Train Acc: 0.9690
 Site-RealWorld                     | Train Loss: 0.2161 | Train Acc: 1.0000
 Site-Product                       | Train Loss: 0.2781 | Train Acc: 0.9903
Average Train Accuracy: 0.9337
 Site-Clipart                       | Val  Loss: 0.3926 | Val  Acc: 0.9574
 Site-Clipart                       | Val  Loss: 0.4518 | Val  Acc: 0.9265
 Site-Clipart                       | Val  Loss: 1.0652 | Val  Acc: 0.7857
 Site-Art                           | Val  Loss: 0.6608 | Val  Acc: 0.9831
 Site-Art                           | Val  Loss: 0.5379 | Val  Acc: 0.9765
 Site-RealWorld                     | Val  Loss: 0.6092 | Val  Acc: 0.9800
 Site-Product                       | Val  Loss: 0.5378 | Val  Acc: 0.9855
Average Valid Accuracy: 0.9421
============ Train epoch 42 ============
 Site-Clipart                       | Train Loss: 0.4004 | Train Acc: 0.9429
 Site-Clipart                       | Train Loss: 1.1360 | Train Acc: 0.7353
 Site-Clipart                       | Train Loss: 0.7253 | Train Acc: 0.9054
 Site-Art                           | Train Loss: 0.4447 | Train Acc: 0.9659
 Site-Art                           | Train Loss: 0.7070 | Train Acc: 0.9690
 Site-RealWorld                     | Train Loss: 0.2096 | Train Acc: 1.0000
 Site-Product                       | Train Loss: 0.2734 | Train Acc: 0.9903
Average Train Accuracy: 0.9298
 Site-Clipart                       | Val  Loss: 0.3673 | Val  Acc: 0.9574
 Site-Clipart                       | Val  Loss: 0.4560 | Val  Acc: 0.9118
 Site-Clipart                       | Val  Loss: 1.0090 | Val  Acc: 0.8367
 Site-Art                           | Val  Loss: 0.6247 | Val  Acc: 0.9661
 Site-Art                           | Val  Loss: 0.5075 | Val  Acc: 0.9882
 Site-RealWorld                     | Val  Loss: 0.6267 | Val  Acc: 0.9500
 Site-Product                       | Val  Loss: 0.5624 | Val  Acc: 0.9420
Average Valid Accuracy: 0.9360
============ Train epoch 43 ============
 Site-Clipart                       | Train Loss: 0.6334 | Train Acc: 0.9429
 Site-Clipart                       | Train Loss: 1.1303 | Train Acc: 0.7745
 Site-Clipart                       | Train Loss: 0.6614 | Train Acc: 0.9527
 Site-Art                           | Train Loss: 0.4099 | Train Acc: 0.9773
 Site-Art                           | Train Loss: 0.9990 | Train Acc: 0.9612
 Site-RealWorld                     | Train Loss: 0.1785 | Train Acc: 1.0000
 Site-Product                       | Train Loss: 0.2309 | Train Acc: 0.9903
Average Train Accuracy: 0.9427
 Site-Clipart                       | Val  Loss: 0.3948 | Val  Acc: 0.9574
 Site-Clipart                       | Val  Loss: 0.4100 | Val  Acc: 0.9118
 Site-Clipart                       | Val  Loss: 1.0118 | Val  Acc: 0.8367
 Site-Art                           | Val  Loss: 0.6164 | Val  Acc: 0.9661
 Site-Art                           | Val  Loss: 0.5048 | Val  Acc: 0.9882
 Site-RealWorld                     | Val  Loss: 0.5826 | Val  Acc: 0.9700
 Site-Product                       | Val  Loss: 0.4280 | Val  Acc: 0.9710
Average Valid Accuracy: 0.9430
============ Train epoch 44 ============
 Site-Clipart                       | Train Loss: 0.3843 | Train Acc: 0.9857
 Site-Clipart                       | Train Loss: 1.0773 | Train Acc: 0.7647
 Site-Clipart                       | Train Loss: 0.6943 | Train Acc: 0.8851
 Site-Art                           | Train Loss: 0.3521 | Train Acc: 0.9659
 Site-Art                           | Train Loss: 0.7124 | Train Acc: 0.9767
 Site-RealWorld                     | Train Loss: 0.1998 | Train Acc: 1.0000
 Site-Product                       | Train Loss: 0.2406 | Train Acc: 0.9903
Average Train Accuracy: 0.9384
 Site-Clipart                       | Val  Loss: 0.3458 | Val  Acc: 0.9787
 Site-Clipart                       | Val  Loss: 0.3994 | Val  Acc: 0.9265
 Site-Clipart                       | Val  Loss: 0.9968 | Val  Acc: 0.8163
 Site-Art                           | Val  Loss: 0.6178 | Val  Acc: 0.9661
 Site-Art                           | Val  Loss: 0.4835 | Val  Acc: 0.9882
 Site-RealWorld                     | Val  Loss: 0.5755 | Val  Acc: 0.9700
 Site-Product                       | Val  Loss: 0.4612 | Val  Acc: 0.9710
Average Valid Accuracy: 0.9453
============ Train epoch 45 ============
 Site-Clipart                       | Train Loss: 0.4164 | Train Acc: 0.9571
 Site-Clipart                       | Train Loss: 1.0643 | Train Acc: 0.7843
 Site-Clipart                       | Train Loss: 0.6467 | Train Acc: 0.8986
 Site-Art                           | Train Loss: 0.3896 | Train Acc: 0.9659
 Site-Art                           | Train Loss: 0.7383 | Train Acc: 0.9612
 Site-RealWorld                     | Train Loss: 0.1625 | Train Acc: 1.0000
 Site-Product                       | Train Loss: 0.2322 | Train Acc: 0.9806
Average Train Accuracy: 0.9354
 Site-Clipart                       | Val  Loss: 0.3544 | Val  Acc: 0.9362
 Site-Clipart                       | Val  Loss: 0.3975 | Val  Acc: 0.9118
 Site-Clipart                       | Val  Loss: 0.9729 | Val  Acc: 0.8367
 Site-Art                           | Val  Loss: 0.5655 | Val  Acc: 1.0000
 Site-Art                           | Val  Loss: 0.4684 | Val  Acc: 0.9882
 Site-RealWorld                     | Val  Loss: 0.5567 | Val  Acc: 0.9600
 Site-Product                       | Val  Loss: 0.4360 | Val  Acc: 0.9565
Average Valid Accuracy: 0.9413
============ Train epoch 46 ============
 Site-Clipart                       | Train Loss: 0.3724 | Train Acc: 0.9429
 Site-Clipart                       | Train Loss: 1.0695 | Train Acc: 0.7157
 Site-Clipart                       | Train Loss: 0.6261 | Train Acc: 0.9122
 Site-Art                           | Train Loss: 0.4034 | Train Acc: 0.9432
 Site-Art                           | Train Loss: 0.4969 | Train Acc: 0.9535
 Site-RealWorld                     | Train Loss: 0.1616 | Train Acc: 1.0000
 Site-Product                       | Train Loss: 0.1986 | Train Acc: 0.9903
Average Train Accuracy: 0.9225
 Site-Clipart                       | Val  Loss: 0.3586 | Val  Acc: 0.9362
 Site-Clipart                       | Val  Loss: 0.4062 | Val  Acc: 0.8824
 Site-Clipart                       | Val  Loss: 0.9688 | Val  Acc: 0.8469
 Site-Art                           | Val  Loss: 0.5746 | Val  Acc: 0.9661
 Site-Art                           | Val  Loss: 0.4619 | Val  Acc: 0.9765
 Site-RealWorld                     | Val  Loss: 0.5161 | Val  Acc: 0.9700
 Site-Product                       | Val  Loss: 0.4418 | Val  Acc: 0.9710
Average Valid Accuracy: 0.9356
============ Train epoch 47 ============
 Site-Clipart                       | Train Loss: 0.3569 | Train Acc: 0.9714
 Site-Clipart                       | Train Loss: 1.0595 | Train Acc: 0.7647
 Site-Clipart                       | Train Loss: 0.6500 | Train Acc: 0.9054
 Site-Art                           | Train Loss: 0.3809 | Train Acc: 0.9773
 Site-Art                           | Train Loss: 0.8702 | Train Acc: 0.9535
 Site-RealWorld                     | Train Loss: 0.1791 | Train Acc: 1.0000
 Site-Product                       | Train Loss: 0.2187 | Train Acc: 0.9806
Average Train Accuracy: 0.9361
 Site-Clipart                       | Val  Loss: 0.3265 | Val  Acc: 0.9574
 Site-Clipart                       | Val  Loss: 0.3872 | Val  Acc: 0.9412
 Site-Clipart                       | Val  Loss: 0.9665 | Val  Acc: 0.8265
 Site-Art                           | Val  Loss: 0.5492 | Val  Acc: 0.9831
 Site-Art                           | Val  Loss: 0.4352 | Val  Acc: 0.9882
 Site-RealWorld                     | Val  Loss: 0.5435 | Val  Acc: 0.9500
 Site-Product                       | Val  Loss: 0.4430 | Val  Acc: 0.9565
Average Valid Accuracy: 0.9433
============ Train epoch 48 ============
 Site-Clipart                       | Train Loss: 0.3861 | Train Acc: 0.9857
 Site-Clipart                       | Train Loss: 1.0283 | Train Acc: 0.7549
 Site-Clipart                       | Train Loss: 0.6275 | Train Acc: 0.9392
 Site-Art                           | Train Loss: 0.3616 | Train Acc: 0.9659
 Site-Art                           | Train Loss: 0.4457 | Train Acc: 0.9767
 Site-RealWorld                     | Train Loss: 0.1578 | Train Acc: 1.0000
 Site-Product                       | Train Loss: 0.1753 | Train Acc: 1.0000
Average Train Accuracy: 0.9461
 Site-Clipart                       | Val  Loss: 0.3276 | Val  Acc: 0.9787
 Site-Clipart                       | Val  Loss: 0.3806 | Val  Acc: 0.9412
 Site-Clipart                       | Val  Loss: 0.9151 | Val  Acc: 0.8367
 Site-Art                           | Val  Loss: 0.5327 | Val  Acc: 0.9831
 Site-Art                           | Val  Loss: 0.4337 | Val  Acc: 0.9529
 Site-RealWorld                     | Val  Loss: 0.4897 | Val  Acc: 0.9800
 Site-Product                       | Val  Loss: 0.3661 | Val  Acc: 0.9710
Average Valid Accuracy: 0.9491
============ Train epoch 49 ============
 Site-Clipart                       | Train Loss: 0.4177 | Train Acc: 0.9714
 Site-Clipart                       | Train Loss: 1.0243 | Train Acc: 0.8039
 Site-Clipart                       | Train Loss: 0.6753 | Train Acc: 0.9189
 Site-Art                           | Train Loss: 0.3472 | Train Acc: 0.9659
 Site-Art                           | Train Loss: 0.4396 | Train Acc: 0.9612
 Site-RealWorld                     | Train Loss: 0.1652 | Train Acc: 1.0000
 Site-Product                       | Train Loss: 0.1856 | Train Acc: 0.9806
Average Train Accuracy: 0.9431
 Site-Clipart                       | Val  Loss: 0.2814 | Val  Acc: 0.9787
 Site-Clipart                       | Val  Loss: 0.3878 | Val  Acc: 0.9265
 Site-Clipart                       | Val  Loss: 0.9031 | Val  Acc: 0.8367
 Site-Art                           | Val  Loss: 0.5549 | Val  Acc: 0.9661
 Site-Art                           | Val  Loss: 0.4124 | Val  Acc: 0.9882
 Site-RealWorld                     | Val  Loss: 0.5241 | Val  Acc: 0.9500
 Site-Product                       | Val  Loss: 0.3944 | Val  Acc: 0.9565
Average Valid Accuracy: 0.9433
===2023-08-02 02:05:27===
===2023-08-02 02:05:29===
===Setting===
    dataset: office
    lr: 0.01
    batch: 64
    iters: 10
    wk_iters: 1
    si: False
    domain_num: 4
    quantile: 0
    power_cs: 1
    std_rw: False
    gender_label: False
    binary_race: False
    save_iter: -1
    mix5: False
    power_relu: 1
    Ea_val: False
data_number=[70,102,148,88,129,150,103,
client_nums=[3,2,1,1,]
len_dataset=[537,364,251,173,]
domain number = 4
Loading snapshots...
 Test site-Clipart                   (0)| Epoch:38 | Test Acc: 0.5404
 Test site-Art                       (0)| Epoch:38 | Test Acc: 0.6460
 Test site-RealWorld                 (3)| Epoch:38 | Test Acc: 0.6071
 Test site-Product                   (3)| Epoch:38 | Test Acc: 0.5522
Clipart: 0.5404, Art: 0.6460, RealWorld: 0.6071, Product: 0.5522, 
Average Test Accuracy(group): 0.5864, Average Test Accuracy(individual): 0.5818,
domain std=0.0426, cluster std=0.0216, individual std=0.0461, 
