===2023-04-08 19:47:28===
===Setting===
    dataset: domainnet
    lr: 0.01
    batch: 16
    iters: 30
    wk_iters: 2
    tune: False
    lambda for constrastive: 0.5
data_number=[12,25,37,50,15,31,47,29,58,16,19,17,]
domain number = 6
============ Train epoch 0 ============
============ Train epoch 1 ============
 Site-Clipart   | Train Loss: 2.2855 | Train Acc: 0.0000
 Site-Clipart   | Train Loss: 2.2066 | Train Acc: 0.2000
 Site-Clipart   | Train Loss: 2.2166 | Train Acc: 0.1351
 Site-Clipart   | Train Loss: 2.2658 | Train Acc: 0.2000
 Site-Infograph | Train Loss: 2.3470 | Train Acc: 0.0000
 Site-Infograph | Train Loss: 2.2887 | Train Acc: 0.1290
 Site-Infograph | Train Loss: 2.2250 | Train Acc: 0.2128
 Site-Painting  | Train Loss: 2.2808 | Train Acc: 0.1034
 Site-Painting  | Train Loss: 2.2917 | Train Acc: 0.1034
 Site-QuickDraw | Train Loss: 2.4811 | Train Acc: 0.0625
 Site-Real      | Train Loss: 2.2659 | Train Acc: 0.1053
 Site-Sketch    | Train Loss: 2.4084 | Train Acc: 0.0588
============ Train epoch 2 ============
============ Train epoch 3 ============
 Site-Clipart   | Train Loss: 2.2495 | Train Acc: 0.0833
 Site-Clipart   | Train Loss: 2.1076 | Train Acc: 0.4000
 Site-Clipart   | Train Loss: 2.1555 | Train Acc: 0.2973
 Site-Clipart   | Train Loss: 2.1573 | Train Acc: 0.1200
 Site-Infograph | Train Loss: 2.3101 | Train Acc: 0.0000
 Site-Infograph | Train Loss: 2.1962 | Train Acc: 0.1935
 Site-Infograph | Train Loss: 2.1546 | Train Acc: 0.2340
 Site-Painting  | Train Loss: 2.1187 | Train Acc: 0.2414
 Site-Painting  | Train Loss: 2.1574 | Train Acc: 0.2586
 Site-QuickDraw | Train Loss: 2.4790 | Train Acc: 0.0000
 Site-Real      | Train Loss: 2.1975 | Train Acc: 0.2105
 Site-Sketch    | Train Loss: 2.1284 | Train Acc: 0.2353
 Site-Clipart   | Val  Loss: 2.1822 | Val  Acc: 0.2500
 Site-Clipart   | Val  Loss: 2.1924 | Val  Acc: 0.1250
 Site-Clipart   | Val  Loss: 2.1362 | Val  Acc: 0.2800
 Site-Clipart   | Val  Loss: 2.1677 | Val  Acc: 0.3333
 Site-Infograph | Val  Loss: 2.2737 | Val  Acc: 0.3000
 Site-Infograph | Val  Loss: 2.2331 | Val  Acc: 0.2857
 Site-Infograph | Val  Loss: 2.2262 | Val  Acc: 0.2903
 Site-Painting  | Val  Loss: 2.1956 | Val  Acc: 0.3158
 Site-Painting  | Val  Loss: 2.1658 | Val  Acc: 0.3077
 Site-QuickDraw | Val  Loss: 2.3781 | Val  Acc: 0.1000
 Site-Real      | Val  Loss: 2.0675 | Val  Acc: 0.2500
 Site-Sketch    | Val  Loss: 2.1086 | Val  Acc: 0.3636
Average Valid Accuracy: 0.2668
 Best site-Clipart    | Epoch:1 | Val Acc: 0.2500
 Best site-Clipart    | Epoch:1 | Val Acc: 0.1250
 Best site-Clipart    | Epoch:1 | Val Acc: 0.2800
 Best site-Clipart    | Epoch:1 | Val Acc: 0.3333
 Best site-Infograph  | Epoch:1 | Val Acc: 0.3000
 Best site-Infograph  | Epoch:1 | Val Acc: 0.2857
 Best site-Infograph  | Epoch:1 | Val Acc: 0.2903
 Best site-Painting   | Epoch:1 | Val Acc: 0.3158
 Best site-Painting   | Epoch:1 | Val Acc: 0.3077
 Best site-QuickDraw  | Epoch:1 | Val Acc: 0.1000
 Best site-Real       | Epoch:1 | Val Acc: 0.2500
 Best site-Sketch     | Epoch:1 | Val Acc: 0.3636
 Saving the local and server checkpoint to ../checkpoint/fed_domainnet_uneven-1_1/CoCoOP...
============ Train epoch 4 ============
============ Train epoch 5 ============
 Site-Clipart   | Train Loss: 2.1985 | Train Acc: 0.0833
 Site-Clipart   | Train Loss: 2.0503 | Train Acc: 0.4000
 Site-Clipart   | Train Loss: 2.0214 | Train Acc: 0.4324
 Site-Clipart   | Train Loss: 2.0084 | Train Acc: 0.3000
 Site-Infograph | Train Loss: 2.2271 | Train Acc: 0.1333
 Site-Infograph | Train Loss: 2.1953 | Train Acc: 0.1935
 Site-Infograph | Train Loss: 2.1590 | Train Acc: 0.2340
 Site-Painting  | Train Loss: 2.0746 | Train Acc: 0.3448
 Site-Painting  | Train Loss: 2.0824 | Train Acc: 0.3276
 Site-QuickDraw | Train Loss: 2.4082 | Train Acc: 0.1250
 Site-Real      | Train Loss: 2.1154 | Train Acc: 0.2632
 Site-Sketch    | Train Loss: 1.9095 | Train Acc: 0.2941
============ Train epoch 6 ============
============ Train epoch 7 ============
 Site-Clipart   | Train Loss: 2.1403 | Train Acc: 0.2500
 Site-Clipart   | Train Loss: 1.8935 | Train Acc: 0.6000
 Site-Clipart   | Train Loss: 2.0481 | Train Acc: 0.4324
 Site-Clipart   | Train Loss: 1.9211 | Train Acc: 0.3800
 Site-Infograph | Train Loss: 2.2153 | Train Acc: 0.1333
 Site-Infograph | Train Loss: 2.2071 | Train Acc: 0.1613
 Site-Infograph | Train Loss: 2.1151 | Train Acc: 0.3404
 Site-Painting  | Train Loss: 1.9275 | Train Acc: 0.4138
 Site-Painting  | Train Loss: 2.0158 | Train Acc: 0.4310
 Site-QuickDraw | Train Loss: 2.3902 | Train Acc: 0.0625
 Site-Real      | Train Loss: 1.9882 | Train Acc: 0.3158
 Site-Sketch    | Train Loss: 1.6392 | Train Acc: 0.3529
 Site-Clipart   | Val  Loss: 1.9976 | Val  Acc: 0.5000
 Site-Clipart   | Val  Loss: 1.9824 | Val  Acc: 0.3750
 Site-Clipart   | Val  Loss: 1.9757 | Val  Acc: 0.5200
 Site-Clipart   | Val  Loss: 2.1107 | Val  Acc: 0.3333
 Site-Infograph | Val  Loss: 2.1781 | Val  Acc: 0.2000
 Site-Infograph | Val  Loss: 2.1117 | Val  Acc: 0.2381
 Site-Infograph | Val  Loss: 2.1572 | Val  Acc: 0.1935
 Site-Painting  | Val  Loss: 2.0872 | Val  Acc: 0.2632
 Site-Painting  | Val  Loss: 2.0509 | Val  Acc: 0.3846
 Site-QuickDraw | Val  Loss: 2.3711 | Val  Acc: 0.1000
 Site-Real      | Val  Loss: 2.0478 | Val  Acc: 0.4167
 Site-Sketch    | Val  Loss: 1.9218 | Val  Acc: 0.5455
Average Valid Accuracy: 0.3392
 Best site-Clipart    | Epoch:3 | Val Acc: 0.5000
 Best site-Clipart    | Epoch:3 | Val Acc: 0.3750
 Best site-Clipart    | Epoch:3 | Val Acc: 0.5200
 Best site-Clipart    | Epoch:3 | Val Acc: 0.3333
 Best site-Infograph  | Epoch:3 | Val Acc: 0.2000
 Best site-Infograph  | Epoch:3 | Val Acc: 0.2381
 Best site-Infograph  | Epoch:3 | Val Acc: 0.1935
 Best site-Painting   | Epoch:3 | Val Acc: 0.2632
 Best site-Painting   | Epoch:3 | Val Acc: 0.3846
 Best site-QuickDraw  | Epoch:3 | Val Acc: 0.1000
 Best site-Real       | Epoch:3 | Val Acc: 0.4167
 Best site-Sketch     | Epoch:3 | Val Acc: 0.5455
 Saving the local and server checkpoint to ../checkpoint/fed_domainnet_uneven-1_1/CoCoOP...
============ Train epoch 8 ============
============ Train epoch 9 ============
 Site-Clipart   | Train Loss: 2.1167 | Train Acc: 0.3333
 Site-Clipart   | Train Loss: 1.9041 | Train Acc: 0.4800
 Site-Clipart   | Train Loss: 1.9116 | Train Acc: 0.4865
 Site-Clipart   | Train Loss: 1.9149 | Train Acc: 0.5200
 Site-Infograph | Train Loss: 2.1790 | Train Acc: 0.2000
 Site-Infograph | Train Loss: 2.2210 | Train Acc: 0.2258
 Site-Infograph | Train Loss: 2.0936 | Train Acc: 0.2553
 Site-Painting  | Train Loss: 1.8868 | Train Acc: 0.5517
 Site-Painting  | Train Loss: 1.9395 | Train Acc: 0.5345
 Site-QuickDraw | Train Loss: 2.3276 | Train Acc: 0.0625
 Site-Real      | Train Loss: 2.1003 | Train Acc: 0.4211
 Site-Sketch    | Train Loss: 1.7905 | Train Acc: 0.5882
============ Train epoch 10 ============
============ Train epoch 11 ============
 Site-Clipart   | Train Loss: 2.0624 | Train Acc: 0.3333
 Site-Clipart   | Train Loss: 1.8634 | Train Acc: 0.5600
 Site-Clipart   | Train Loss: 1.8311 | Train Acc: 0.4865
 Site-Clipart   | Train Loss: 1.8172 | Train Acc: 0.5200
 Site-Infograph | Train Loss: 2.1696 | Train Acc: 0.2000
 Site-Infograph | Train Loss: 2.1881 | Train Acc: 0.2258
 Site-Infograph | Train Loss: 2.0135 | Train Acc: 0.3617
 Site-Painting  | Train Loss: 1.7790 | Train Acc: 0.6207
 Site-Painting  | Train Loss: 1.8855 | Train Acc: 0.6034
 Site-QuickDraw | Train Loss: 2.3609 | Train Acc: 0.0625
 Site-Real      | Train Loss: 2.0565 | Train Acc: 0.4211
 Site-Sketch    | Train Loss: 1.3251 | Train Acc: 0.6471
 Site-Clipart   | Val  Loss: 1.8865 | Val  Acc: 0.5000
 Site-Clipart   | Val  Loss: 1.8530 | Val  Acc: 0.6250
 Site-Clipart   | Val  Loss: 1.7724 | Val  Acc: 0.6400
 Site-Clipart   | Val  Loss: 1.9642 | Val  Acc: 0.4848
 Site-Infograph | Val  Loss: 2.0622 | Val  Acc: 0.3000
 Site-Infograph | Val  Loss: 2.0712 | Val  Acc: 0.2381
 Site-Infograph | Val  Loss: 2.1023 | Val  Acc: 0.3548
 Site-Painting  | Val  Loss: 1.8064 | Val  Acc: 0.5263
 Site-Painting  | Val  Loss: 1.9085 | Val  Acc: 0.5385
 Site-QuickDraw | Val  Loss: 2.4005 | Val  Acc: 0.1000
 Site-Real      | Val  Loss: 1.9425 | Val  Acc: 0.5833
 Site-Sketch    | Val  Loss: 1.8434 | Val  Acc: 0.5455
Average Valid Accuracy: 0.4530
 Best site-Clipart    | Epoch:5 | Val Acc: 0.5000
 Best site-Clipart    | Epoch:5 | Val Acc: 0.6250
 Best site-Clipart    | Epoch:5 | Val Acc: 0.6400
 Best site-Clipart    | Epoch:5 | Val Acc: 0.4848
 Best site-Infograph  | Epoch:5 | Val Acc: 0.3000
 Best site-Infograph  | Epoch:5 | Val Acc: 0.2381
 Best site-Infograph  | Epoch:5 | Val Acc: 0.3548
 Best site-Painting   | Epoch:5 | Val Acc: 0.5263
 Best site-Painting   | Epoch:5 | Val Acc: 0.5385
 Best site-QuickDraw  | Epoch:5 | Val Acc: 0.1000
 Best site-Real       | Epoch:5 | Val Acc: 0.5833
 Best site-Sketch     | Epoch:5 | Val Acc: 0.5455
 Saving the local and server checkpoint to ../checkpoint/fed_domainnet_uneven-1_1/CoCoOP...
============ Train epoch 12 ============
============ Train epoch 13 ============
 Site-Clipart   | Train Loss: 1.9983 | Train Acc: 0.3333
 Site-Clipart   | Train Loss: 1.8095 | Train Acc: 0.5600
 Site-Clipart   | Train Loss: 1.8013 | Train Acc: 0.5676
 Site-Clipart   | Train Loss: 1.8178 | Train Acc: 0.6000
 Site-Infograph | Train Loss: 2.0417 | Train Acc: 0.3333
 Site-Infograph | Train Loss: 2.1430 | Train Acc: 0.3226
 Site-Infograph | Train Loss: 1.9741 | Train Acc: 0.4468
 Site-Painting  | Train Loss: 1.7452 | Train Acc: 0.5862
 Site-Painting  | Train Loss: 1.7757 | Train Acc: 0.6034
 Site-QuickDraw | Train Loss: 2.2981 | Train Acc: 0.0625
 Site-Real      | Train Loss: 1.7210 | Train Acc: 0.5789
 Site-Sketch    | Train Loss: 1.6208 | Train Acc: 0.7059
============ Train epoch 14 ============
============ Train epoch 15 ============
 Site-Clipart   | Train Loss: 1.9419 | Train Acc: 0.4167
 Site-Clipart   | Train Loss: 1.7331 | Train Acc: 0.6000
 Site-Clipart   | Train Loss: 1.7751 | Train Acc: 0.5405
 Site-Clipart   | Train Loss: 1.8350 | Train Acc: 0.6200
 Site-Infograph | Train Loss: 2.0282 | Train Acc: 0.4000
 Site-Infograph | Train Loss: 2.1118 | Train Acc: 0.3548
 Site-Infograph | Train Loss: 1.9360 | Train Acc: 0.3404
 Site-Painting  | Train Loss: 1.6891 | Train Acc: 0.6552
 Site-Painting  | Train Loss: 1.7040 | Train Acc: 0.6552
 Site-QuickDraw | Train Loss: 2.3115 | Train Acc: 0.0625
 Site-Real      | Train Loss: 1.5896 | Train Acc: 0.6842
 Site-Sketch    | Train Loss: 1.9349 | Train Acc: 0.7059
 Site-Clipart   | Val  Loss: 1.9263 | Val  Acc: 0.3750
 Site-Clipart   | Val  Loss: 1.7272 | Val  Acc: 0.6875
 Site-Clipart   | Val  Loss: 1.7962 | Val  Acc: 0.5200
 Site-Clipart   | Val  Loss: 1.7015 | Val  Acc: 0.6364
 Site-Infograph | Val  Loss: 2.0625 | Val  Acc: 0.2000
 Site-Infograph | Val  Loss: 2.0008 | Val  Acc: 0.5238
 Site-Infograph | Val  Loss: 2.0474 | Val  Acc: 0.4194
 Site-Painting  | Val  Loss: 1.6375 | Val  Acc: 0.5789
 Site-Painting  | Val  Loss: 1.7453 | Val  Acc: 0.6410
 Site-QuickDraw | Val  Loss: 2.2882 | Val  Acc: 0.1000
 Site-Real      | Val  Loss: 1.8764 | Val  Acc: 0.6667
 Site-Sketch    | Val  Loss: 1.7376 | Val  Acc: 0.8182
Average Valid Accuracy: 0.5139
 Best site-Clipart    | Epoch:7 | Val Acc: 0.3750
 Best site-Clipart    | Epoch:7 | Val Acc: 0.6875
 Best site-Clipart    | Epoch:7 | Val Acc: 0.5200
 Best site-Clipart    | Epoch:7 | Val Acc: 0.6364
 Best site-Infograph  | Epoch:7 | Val Acc: 0.2000
 Best site-Infograph  | Epoch:7 | Val Acc: 0.5238
 Best site-Infograph  | Epoch:7 | Val Acc: 0.4194
 Best site-Painting   | Epoch:7 | Val Acc: 0.5789
 Best site-Painting   | Epoch:7 | Val Acc: 0.6410
 Best site-QuickDraw  | Epoch:7 | Val Acc: 0.1000
 Best site-Real       | Epoch:7 | Val Acc: 0.6667
 Best site-Sketch     | Epoch:7 | Val Acc: 0.8182
 Saving the local and server checkpoint to ../checkpoint/fed_domainnet_uneven-1_1/CoCoOP...
============ Train epoch 16 ============
============ Train epoch 17 ============
 Site-Clipart   | Train Loss: 1.8681 | Train Acc: 0.5833
 Site-Clipart   | Train Loss: 1.5988 | Train Acc: 0.6000
 Site-Clipart   | Train Loss: 1.6272 | Train Acc: 0.6216
 Site-Clipart   | Train Loss: 1.7906 | Train Acc: 0.6400
 Site-Infograph | Train Loss: 2.0245 | Train Acc: 0.4000
 Site-Infograph | Train Loss: 2.1132 | Train Acc: 0.2903
 Site-Infograph | Train Loss: 1.9675 | Train Acc: 0.4043
 Site-Painting  | Train Loss: 1.5839 | Train Acc: 0.5862
 Site-Painting  | Train Loss: 1.5724 | Train Acc: 0.6897
 Site-QuickDraw | Train Loss: 2.2528 | Train Acc: 0.1875
 Site-Real      | Train Loss: 1.8113 | Train Acc: 0.6842
 Site-Sketch    | Train Loss: 1.1652 | Train Acc: 0.6471
============ Train epoch 18 ============
============ Train epoch 19 ============
 Site-Clipart   | Train Loss: 1.8799 | Train Acc: 0.5833
 Site-Clipart   | Train Loss: 1.5080 | Train Acc: 0.5600
 Site-Clipart   | Train Loss: 1.5450 | Train Acc: 0.6757
 Site-Clipart   | Train Loss: 1.7027 | Train Acc: 0.7000
 Site-Infograph | Train Loss: 1.9655 | Train Acc: 0.4667
 Site-Infograph | Train Loss: 2.0783 | Train Acc: 0.3548
 Site-Infograph | Train Loss: 1.8468 | Train Acc: 0.4894
 Site-Painting  | Train Loss: 1.5548 | Train Acc: 0.7241
 Site-Painting  | Train Loss: 1.4927 | Train Acc: 0.7069
 Site-QuickDraw | Train Loss: 2.3137 | Train Acc: 0.0625
 Site-Real      | Train Loss: 1.4951 | Train Acc: 0.7368
 Site-Sketch    | Train Loss: 1.1557 | Train Acc: 0.6471
 Site-Clipart   | Val  Loss: 1.7196 | Val  Acc: 0.6250
 Site-Clipart   | Val  Loss: 1.7257 | Val  Acc: 0.7500
 Site-Clipart   | Val  Loss: 1.6394 | Val  Acc: 0.5600
 Site-Clipart   | Val  Loss: 1.6398 | Val  Acc: 0.6364
 Site-Infograph | Val  Loss: 2.0442 | Val  Acc: 0.2000
 Site-Infograph | Val  Loss: 2.0301 | Val  Acc: 0.3810
 Site-Infograph | Val  Loss: 1.9430 | Val  Acc: 0.5161
 Site-Painting  | Val  Loss: 1.3939 | Val  Acc: 0.6842
 Site-Painting  | Val  Loss: 1.6179 | Val  Acc: 0.6667
 Site-QuickDraw | Val  Loss: 2.2960 | Val  Acc: 0.1000
 Site-Real      | Val  Loss: 1.6970 | Val  Acc: 0.6667
 Site-Sketch    | Val  Loss: 1.6487 | Val  Acc: 0.6364
Average Valid Accuracy: 0.5352
 Best site-Clipart    | Epoch:9 | Val Acc: 0.6250
 Best site-Clipart    | Epoch:9 | Val Acc: 0.7500
 Best site-Clipart    | Epoch:9 | Val Acc: 0.5600
 Best site-Clipart    | Epoch:9 | Val Acc: 0.6364
 Best site-Infograph  | Epoch:9 | Val Acc: 0.2000
 Best site-Infograph  | Epoch:9 | Val Acc: 0.3810
 Best site-Infograph  | Epoch:9 | Val Acc: 0.5161
 Best site-Painting   | Epoch:9 | Val Acc: 0.6842
 Best site-Painting   | Epoch:9 | Val Acc: 0.6667
 Best site-QuickDraw  | Epoch:9 | Val Acc: 0.1000
 Best site-Real       | Epoch:9 | Val Acc: 0.6667
 Best site-Sketch     | Epoch:9 | Val Acc: 0.6364
 Saving the local and server checkpoint to ../checkpoint/fed_domainnet_uneven-1_1/CoCoOP...
 Test site-Clipart   | Epoch:9 | Test Acc: 0.5684
 Test site-Infograph | Epoch:9 | Test Acc: 0.3562
 Test site-Painting  | Epoch:9 | Test Acc: 0.6737
 Test site-QuickDraw | Epoch:9 | Test Acc: 0.2140
 Test site-Real      | Epoch:9 | Test Acc: 0.6804
 Test site-Sketch    | Epoch:9 | Test Acc: 0.5776
Average Test Accuracy: 0.5117
============ Train epoch 20 ============
============ Train epoch 21 ============
 Site-Clipart   | Train Loss: 1.8177 | Train Acc: 0.5000
 Site-Clipart   | Train Loss: 1.3696 | Train Acc: 0.6800
 Site-Clipart   | Train Loss: 1.5556 | Train Acc: 0.6757
 Site-Clipart   | Train Loss: 1.5606 | Train Acc: 0.6600
 Site-Infograph | Train Loss: 1.9391 | Train Acc: 0.6000
 Site-Infograph | Train Loss: 2.0004 | Train Acc: 0.3226
 Site-Infograph | Train Loss: 1.8250 | Train Acc: 0.4894
 Site-Painting  | Train Loss: 1.3415 | Train Acc: 0.7931
 Site-Painting  | Train Loss: 1.4327 | Train Acc: 0.7759
 Site-QuickDraw | Train Loss: 2.3078 | Train Acc: 0.0625
 Site-Real      | Train Loss: 1.5733 | Train Acc: 0.7368
 Site-Sketch    | Train Loss: 0.9550 | Train Acc: 0.6471
============ Train epoch 22 ============
============ Train epoch 23 ============
 Site-Clipart   | Train Loss: 1.8285 | Train Acc: 0.4167
 Site-Clipart   | Train Loss: 1.3700 | Train Acc: 0.7600
 Site-Clipart   | Train Loss: 1.4376 | Train Acc: 0.7027
 Site-Clipart   | Train Loss: 1.4848 | Train Acc: 0.5800
 Site-Infograph | Train Loss: 1.9385 | Train Acc: 0.3333
 Site-Infograph | Train Loss: 2.0045 | Train Acc: 0.3226
 Site-Infograph | Train Loss: 1.8355 | Train Acc: 0.5106
 Site-Painting  | Train Loss: 1.2910 | Train Acc: 0.7931
 Site-Painting  | Train Loss: 1.3917 | Train Acc: 0.7759
 Site-QuickDraw | Train Loss: 2.3010 | Train Acc: 0.1250
 Site-Real      | Train Loss: 1.4290 | Train Acc: 0.6842
 Site-Sketch    | Train Loss: 0.8816 | Train Acc: 0.7059
 Site-Clipart   | Val  Loss: 1.5782 | Val  Acc: 0.7500
 Site-Clipart   | Val  Loss: 1.4809 | Val  Acc: 0.8125
 Site-Clipart   | Val  Loss: 1.5045 | Val  Acc: 0.7200
 Site-Clipart   | Val  Loss: 1.4831 | Val  Acc: 0.7273
 Site-Infograph | Val  Loss: 1.9354 | Val  Acc: 0.3000
 Site-Infograph | Val  Loss: 1.8655 | Val  Acc: 0.5238
 Site-Infograph | Val  Loss: 1.9091 | Val  Acc: 0.4194
 Site-Painting  | Val  Loss: 1.2511 | Val  Acc: 0.7368
 Site-Painting  | Val  Loss: 1.4497 | Val  Acc: 0.7949
 Site-QuickDraw | Val  Loss: 2.2106 | Val  Acc: 0.1000
 Site-Real      | Val  Loss: 1.6808 | Val  Acc: 0.6667
 Site-Sketch    | Val  Loss: 1.4441 | Val  Acc: 0.7273
Average Valid Accuracy: 0.6065
 Best site-Clipart    | Epoch:11 | Val Acc: 0.7500
 Best site-Clipart    | Epoch:11 | Val Acc: 0.8125
 Best site-Clipart    | Epoch:11 | Val Acc: 0.7200
 Best site-Clipart    | Epoch:11 | Val Acc: 0.7273
 Best site-Infograph  | Epoch:11 | Val Acc: 0.3000
 Best site-Infograph  | Epoch:11 | Val Acc: 0.5238
 Best site-Infograph  | Epoch:11 | Val Acc: 0.4194
 Best site-Painting   | Epoch:11 | Val Acc: 0.7368
 Best site-Painting   | Epoch:11 | Val Acc: 0.7949
 Best site-QuickDraw  | Epoch:11 | Val Acc: 0.1000
 Best site-Real       | Epoch:11 | Val Acc: 0.6667
 Best site-Sketch     | Epoch:11 | Val Acc: 0.7273
 Saving the local and server checkpoint to ../checkpoint/fed_domainnet_uneven-1_1/CoCoOP...
============ Train epoch 24 ============
============ Train epoch 25 ============
 Site-Clipart   | Train Loss: 1.6395 | Train Acc: 0.5833
 Site-Clipart   | Train Loss: 1.3313 | Train Acc: 0.6800
 Site-Clipart   | Train Loss: 1.3644 | Train Acc: 0.7838
 Site-Clipart   | Train Loss: 1.5656 | Train Acc: 0.7000
 Site-Infograph | Train Loss: 1.9953 | Train Acc: 0.2667
 Site-Infograph | Train Loss: 1.9826 | Train Acc: 0.3226
 Site-Infograph | Train Loss: 1.7823 | Train Acc: 0.4255
 Site-Painting  | Train Loss: 1.2895 | Train Acc: 0.7241
 Site-Painting  | Train Loss: 1.2649 | Train Acc: 0.8448
 Site-QuickDraw | Train Loss: 2.2870 | Train Acc: 0.1250
 Site-Real      | Train Loss: 1.3872 | Train Acc: 0.7895
 Site-Sketch    | Train Loss: 1.0693 | Train Acc: 0.7059
============ Train epoch 26 ============
============ Train epoch 27 ============
 Site-Clipart   | Train Loss: 1.8314 | Train Acc: 0.5833
 Site-Clipart   | Train Loss: 1.2067 | Train Acc: 0.7200
 Site-Clipart   | Train Loss: 1.2951 | Train Acc: 0.8378
 Site-Clipart   | Train Loss: 1.5027 | Train Acc: 0.7400
 Site-Infograph | Train Loss: 2.0472 | Train Acc: 0.2000
 Site-Infograph | Train Loss: 1.9552 | Train Acc: 0.4194
 Site-Infograph | Train Loss: 1.7395 | Train Acc: 0.5532
 Site-Painting  | Train Loss: 1.1931 | Train Acc: 0.7931
 Site-Painting  | Train Loss: 1.2328 | Train Acc: 0.7931
 Site-QuickDraw | Train Loss: 2.2687 | Train Acc: 0.1250
 Site-Real      | Train Loss: 1.3170 | Train Acc: 0.7368
 Site-Sketch    | Train Loss: 0.8558 | Train Acc: 0.7059
 Site-Clipart   | Val  Loss: 1.5956 | Val  Acc: 0.7500
 Site-Clipart   | Val  Loss: 1.4564 | Val  Acc: 0.6875
 Site-Clipart   | Val  Loss: 1.3704 | Val  Acc: 0.8400
 Site-Clipart   | Val  Loss: 1.2789 | Val  Acc: 0.8182
 Site-Infograph | Val  Loss: 1.8297 | Val  Acc: 0.4000
 Site-Infograph | Val  Loss: 1.9222 | Val  Acc: 0.5714
 Site-Infograph | Val  Loss: 1.8446 | Val  Acc: 0.3871
 Site-Painting  | Val  Loss: 1.0977 | Val  Acc: 0.7368
 Site-Painting  | Val  Loss: 1.3081 | Val  Acc: 0.8205
 Site-QuickDraw | Val  Loss: 2.2635 | Val  Acc: 0.1000
 Site-Real      | Val  Loss: 1.6440 | Val  Acc: 0.5833
 Site-Sketch    | Val  Loss: 1.1777 | Val  Acc: 0.8182
Average Valid Accuracy: 0.6261
 Best site-Clipart    | Epoch:13 | Val Acc: 0.7500
 Best site-Clipart    | Epoch:13 | Val Acc: 0.6875
 Best site-Clipart    | Epoch:13 | Val Acc: 0.8400
 Best site-Clipart    | Epoch:13 | Val Acc: 0.8182
 Best site-Infograph  | Epoch:13 | Val Acc: 0.4000
 Best site-Infograph  | Epoch:13 | Val Acc: 0.5714
 Best site-Infograph  | Epoch:13 | Val Acc: 0.3871
 Best site-Painting   | Epoch:13 | Val Acc: 0.7368
 Best site-Painting   | Epoch:13 | Val Acc: 0.8205
 Best site-QuickDraw  | Epoch:13 | Val Acc: 0.1000
 Best site-Real       | Epoch:13 | Val Acc: 0.5833
 Best site-Sketch     | Epoch:13 | Val Acc: 0.8182
 Saving the local and server checkpoint to ../checkpoint/fed_domainnet_uneven-1_1/CoCoOP...
============ Train epoch 28 ============
============ Train epoch 29 ============
 Site-Clipart   | Train Loss: 1.7031 | Train Acc: 0.5000
 Site-Clipart   | Train Loss: 1.2116 | Train Acc: 0.7200
 Site-Clipart   | Train Loss: 1.2629 | Train Acc: 0.7568
 Site-Clipart   | Train Loss: 1.3883 | Train Acc: 0.7800
 Site-Infograph | Train Loss: 1.9627 | Train Acc: 0.3333
 Site-Infograph | Train Loss: 1.8869 | Train Acc: 0.4516
 Site-Infograph | Train Loss: 1.7133 | Train Acc: 0.5745
 Site-Painting  | Train Loss: 1.1382 | Train Acc: 0.7586
 Site-Painting  | Train Loss: 1.1408 | Train Acc: 0.8103
 Site-QuickDraw | Train Loss: 2.2676 | Train Acc: 0.1250
 Site-Real      | Train Loss: 1.0198 | Train Acc: 0.7368
 Site-Sketch    | Train Loss: 1.4945 | Train Acc: 0.8235
============ Train epoch 30 ============
============ Train epoch 31 ============
 Site-Clipart   | Train Loss: 1.5628 | Train Acc: 0.5000
 Site-Clipart   | Train Loss: 1.1695 | Train Acc: 0.6800
 Site-Clipart   | Train Loss: 1.2460 | Train Acc: 0.8108
 Site-Clipart   | Train Loss: 1.3436 | Train Acc: 0.8400
 Site-Infograph | Train Loss: 1.8976 | Train Acc: 0.4000
 Site-Infograph | Train Loss: 1.8905 | Train Acc: 0.3548
 Site-Infograph | Train Loss: 1.6902 | Train Acc: 0.5532
 Site-Painting  | Train Loss: 1.1073 | Train Acc: 0.8621
 Site-Painting  | Train Loss: 1.1074 | Train Acc: 0.8448
 Site-QuickDraw | Train Loss: 2.2708 | Train Acc: 0.0625
 Site-Real      | Train Loss: 0.9724 | Train Acc: 0.7368
 Site-Sketch    | Train Loss: 0.7252 | Train Acc: 0.8824
 Site-Clipart   | Val  Loss: 1.2783 | Val  Acc: 0.8750
 Site-Clipart   | Val  Loss: 1.2365 | Val  Acc: 0.9375
 Site-Clipart   | Val  Loss: 1.3275 | Val  Acc: 0.8400
 Site-Clipart   | Val  Loss: 1.1742 | Val  Acc: 0.8485
 Site-Infograph | Val  Loss: 1.8204 | Val  Acc: 0.4000
 Site-Infograph | Val  Loss: 1.8340 | Val  Acc: 0.4762
 Site-Infograph | Val  Loss: 1.7139 | Val  Acc: 0.5806
 Site-Painting  | Val  Loss: 0.9712 | Val  Acc: 0.7895
 Site-Painting  | Val  Loss: 1.1144 | Val  Acc: 0.8205
 Site-QuickDraw | Val  Loss: 2.2592 | Val  Acc: 0.1000
 Site-Real      | Val  Loss: 1.5307 | Val  Acc: 0.6667
 Site-Sketch    | Val  Loss: 1.1795 | Val  Acc: 0.8182
Average Valid Accuracy: 0.6794
 Best site-Clipart    | Epoch:15 | Val Acc: 0.8750
 Best site-Clipart    | Epoch:15 | Val Acc: 0.9375
 Best site-Clipart    | Epoch:15 | Val Acc: 0.8400
 Best site-Clipart    | Epoch:15 | Val Acc: 0.8485
 Best site-Infograph  | Epoch:15 | Val Acc: 0.4000
 Best site-Infograph  | Epoch:15 | Val Acc: 0.4762
 Best site-Infograph  | Epoch:15 | Val Acc: 0.5806
 Best site-Painting   | Epoch:15 | Val Acc: 0.7895
 Best site-Painting   | Epoch:15 | Val Acc: 0.8205
 Best site-QuickDraw  | Epoch:15 | Val Acc: 0.1000
 Best site-Real       | Epoch:15 | Val Acc: 0.6667
 Best site-Sketch     | Epoch:15 | Val Acc: 0.8182
 Saving the local and server checkpoint to ../checkpoint/fed_domainnet_uneven-1_1/CoCoOP...
============ Train epoch 32 ============
============ Train epoch 33 ============
 Site-Clipart   | Train Loss: 1.6234 | Train Acc: 0.5833
 Site-Clipart   | Train Loss: 1.0057 | Train Acc: 0.8000
 Site-Clipart   | Train Loss: 1.1849 | Train Acc: 0.7568
 Site-Clipart   | Train Loss: 1.3033 | Train Acc: 0.8200
 Site-Infograph | Train Loss: 1.8509 | Train Acc: 0.4000
 Site-Infograph | Train Loss: 1.8811 | Train Acc: 0.4194
 Site-Infograph | Train Loss: 1.6646 | Train Acc: 0.5745
 Site-Painting  | Train Loss: 1.0066 | Train Acc: 0.8966
 Site-Painting  | Train Loss: 1.0207 | Train Acc: 0.8103
 Site-QuickDraw | Train Loss: 2.2999 | Train Acc: 0.1250
 Site-Real      | Train Loss: 1.0501 | Train Acc: 0.7368
 Site-Sketch    | Train Loss: 1.4873 | Train Acc: 0.8235
============ Train epoch 34 ============
============ Train epoch 35 ============
 Site-Clipart   | Train Loss: 1.4292 | Train Acc: 0.6667
 Site-Clipart   | Train Loss: 1.0081 | Train Acc: 0.8400
 Site-Clipart   | Train Loss: 1.0605 | Train Acc: 0.7568
 Site-Clipart   | Train Loss: 1.2193 | Train Acc: 0.8200
 Site-Infograph | Train Loss: 1.7851 | Train Acc: 0.5333
 Site-Infograph | Train Loss: 1.8681 | Train Acc: 0.3548
 Site-Infograph | Train Loss: 1.5826 | Train Acc: 0.6383
 Site-Painting  | Train Loss: 1.0065 | Train Acc: 0.8621
 Site-Painting  | Train Loss: 0.9700 | Train Acc: 0.8793
 Site-QuickDraw | Train Loss: 2.3334 | Train Acc: 0.0625
 Site-Real      | Train Loss: 1.0633 | Train Acc: 0.7895
 Site-Sketch    | Train Loss: 0.6779 | Train Acc: 0.7647
 Site-Clipart   | Val  Loss: 1.4239 | Val  Acc: 0.8750
 Site-Clipart   | Val  Loss: 1.1435 | Val  Acc: 0.9375
 Site-Clipart   | Val  Loss: 1.1408 | Val  Acc: 0.7200
 Site-Clipart   | Val  Loss: 1.1295 | Val  Acc: 0.7576
 Site-Infograph | Val  Loss: 1.8147 | Val  Acc: 0.5000
 Site-Infograph | Val  Loss: 1.8213 | Val  Acc: 0.5238
 Site-Infograph | Val  Loss: 1.6977 | Val  Acc: 0.5484
 Site-Painting  | Val  Loss: 0.8661 | Val  Acc: 0.8421
 Site-Painting  | Val  Loss: 1.1405 | Val  Acc: 0.7692
 Site-QuickDraw | Val  Loss: 2.2108 | Val  Acc: 0.1000
 Site-Real      | Val  Loss: 1.3756 | Val  Acc: 0.6667
 Site-Sketch    | Val  Loss: 1.2242 | Val  Acc: 0.8182
Average Valid Accuracy: 0.6715
============ Train epoch 36 ============
============ Train epoch 37 ============
 Site-Clipart   | Train Loss: 1.5619 | Train Acc: 0.6667
 Site-Clipart   | Train Loss: 1.0301 | Train Acc: 0.8000
 Site-Clipart   | Train Loss: 1.1910 | Train Acc: 0.7297
 Site-Clipart   | Train Loss: 1.0796 | Train Acc: 0.8400
 Site-Infograph | Train Loss: 1.8370 | Train Acc: 0.4667
 Site-Infograph | Train Loss: 1.7963 | Train Acc: 0.4194
 Site-Infograph | Train Loss: 1.5588 | Train Acc: 0.6170
 Site-Painting  | Train Loss: 1.0170 | Train Acc: 0.8276
 Site-Painting  | Train Loss: 1.0142 | Train Acc: 0.8103
 Site-QuickDraw | Train Loss: 2.2201 | Train Acc: 0.1250
 Site-Real      | Train Loss: 1.0071 | Train Acc: 0.8421
 Site-Sketch    | Train Loss: 0.8181 | Train Acc: 0.8235
============ Train epoch 38 ============
============ Train epoch 39 ============
 Site-Clipart   | Train Loss: 1.3100 | Train Acc: 0.5833
 Site-Clipart   | Train Loss: 0.9157 | Train Acc: 0.8400
 Site-Clipart   | Train Loss: 1.0226 | Train Acc: 0.8649
 Site-Clipart   | Train Loss: 1.3109 | Train Acc: 0.7600
 Site-Infograph | Train Loss: 1.7584 | Train Acc: 0.3333
 Site-Infograph | Train Loss: 1.7951 | Train Acc: 0.5161
 Site-Infograph | Train Loss: 1.5187 | Train Acc: 0.6170
 Site-Painting  | Train Loss: 0.9071 | Train Acc: 0.8966
 Site-Painting  | Train Loss: 0.9139 | Train Acc: 0.8793
 Site-QuickDraw | Train Loss: 2.2449 | Train Acc: 0.1875
 Site-Real      | Train Loss: 0.8402 | Train Acc: 0.8421
 Site-Sketch    | Train Loss: 0.6910 | Train Acc: 0.8235
 Site-Clipart   | Val  Loss: 1.2565 | Val  Acc: 0.8750
 Site-Clipart   | Val  Loss: 1.1548 | Val  Acc: 1.0000
 Site-Clipart   | Val  Loss: 1.1018 | Val  Acc: 0.8800
 Site-Clipart   | Val  Loss: 0.9457 | Val  Acc: 0.7879
 Site-Infograph | Val  Loss: 1.6457 | Val  Acc: 0.4000
 Site-Infograph | Val  Loss: 1.7925 | Val  Acc: 0.5714
 Site-Infograph | Val  Loss: 1.5608 | Val  Acc: 0.7097
 Site-Painting  | Val  Loss: 0.7938 | Val  Acc: 0.7895
 Site-Painting  | Val  Loss: 0.9709 | Val  Acc: 0.8718
 Site-QuickDraw | Val  Loss: 2.3245 | Val  Acc: 0.1000
 Site-Real      | Val  Loss: 1.4183 | Val  Acc: 0.6667
 Site-Sketch    | Val  Loss: 1.0460 | Val  Acc: 0.7273
Average Valid Accuracy: 0.6983
 Best site-Clipart    | Epoch:19 | Val Acc: 0.8750
 Best site-Clipart    | Epoch:19 | Val Acc: 1.0000
 Best site-Clipart    | Epoch:19 | Val Acc: 0.8800
 Best site-Clipart    | Epoch:19 | Val Acc: 0.7879
 Best site-Infograph  | Epoch:19 | Val Acc: 0.4000
 Best site-Infograph  | Epoch:19 | Val Acc: 0.5714
 Best site-Infograph  | Epoch:19 | Val Acc: 0.7097
 Best site-Painting   | Epoch:19 | Val Acc: 0.7895
 Best site-Painting   | Epoch:19 | Val Acc: 0.8718
 Best site-QuickDraw  | Epoch:19 | Val Acc: 0.1000
 Best site-Real       | Epoch:19 | Val Acc: 0.6667
 Best site-Sketch     | Epoch:19 | Val Acc: 0.7273
 Saving the local and server checkpoint to ../checkpoint/fed_domainnet_uneven-1_1/CoCoOP...
 Test site-Clipart   | Epoch:19 | Test Acc: 0.7357
 Test site-Infograph | Epoch:19 | Test Acc: 0.4262
 Test site-Painting  | Epoch:19 | Test Acc: 0.7932
 Test site-QuickDraw | Epoch:19 | Test Acc: 0.2230
 Test site-Real      | Epoch:19 | Test Acc: 0.8431
 Test site-Sketch    | Epoch:19 | Test Acc: 0.6859
Average Test Accuracy: 0.6179
============ Train epoch 40 ============
============ Train epoch 41 ============
 Site-Clipart   | Train Loss: 1.3865 | Train Acc: 0.6667
 Site-Clipart   | Train Loss: 0.9300 | Train Acc: 0.9200
 Site-Clipart   | Train Loss: 1.0792 | Train Acc: 0.7027
 Site-Clipart   | Train Loss: 1.0050 | Train Acc: 0.8600
 Site-Infograph | Train Loss: 1.8917 | Train Acc: 0.3333
 Site-Infograph | Train Loss: 1.8099 | Train Acc: 0.3871
 Site-Infograph | Train Loss: 1.4693 | Train Acc: 0.5957
 Site-Painting  | Train Loss: 0.8398 | Train Acc: 0.9310
 Site-Painting  | Train Loss: 0.9560 | Train Acc: 0.8966
 Site-QuickDraw | Train Loss: 2.2611 | Train Acc: 0.1875
 Site-Real      | Train Loss: 0.8182 | Train Acc: 0.8421
 Site-Sketch    | Train Loss: 0.6831 | Train Acc: 0.8235
============ Train epoch 42 ============
============ Train epoch 43 ============
 Site-Clipart   | Train Loss: 1.4327 | Train Acc: 0.6667
 Site-Clipart   | Train Loss: 0.8807 | Train Acc: 0.8400
 Site-Clipart   | Train Loss: 0.9438 | Train Acc: 0.7838
 Site-Clipart   | Train Loss: 1.0204 | Train Acc: 0.9000
 Site-Infograph | Train Loss: 1.8655 | Train Acc: 0.3333
 Site-Infograph | Train Loss: 1.7916 | Train Acc: 0.5161
 Site-Infograph | Train Loss: 1.4795 | Train Acc: 0.6596
 Site-Painting  | Train Loss: 0.7798 | Train Acc: 0.9310
 Site-Painting  | Train Loss: 0.8169 | Train Acc: 0.9310
 Site-QuickDraw | Train Loss: 2.2064 | Train Acc: 0.1875
 Site-Real      | Train Loss: 0.7941 | Train Acc: 0.7895
 Site-Sketch    | Train Loss: 0.5481 | Train Acc: 0.8235
 Site-Clipart   | Val  Loss: 1.2085 | Val  Acc: 0.8750
 Site-Clipart   | Val  Loss: 1.0280 | Val  Acc: 0.9375
 Site-Clipart   | Val  Loss: 0.9051 | Val  Acc: 0.9600
 Site-Clipart   | Val  Loss: 0.9515 | Val  Acc: 0.7879
 Site-Infograph | Val  Loss: 1.6527 | Val  Acc: 0.5000
 Site-Infograph | Val  Loss: 1.6933 | Val  Acc: 0.5714
 Site-Infograph | Val  Loss: 1.5936 | Val  Acc: 0.5806
 Site-Painting  | Val  Loss: 0.6922 | Val  Acc: 0.8421
 Site-Painting  | Val  Loss: 0.8999 | Val  Acc: 0.8974
 Site-QuickDraw | Val  Loss: 2.1700 | Val  Acc: 0.3000
 Site-Real      | Val  Loss: 1.3991 | Val  Acc: 0.5833
 Site-Sketch    | Val  Loss: 0.8998 | Val  Acc: 1.0000
Average Valid Accuracy: 0.7363
 Best site-Clipart    | Epoch:21 | Val Acc: 0.8750
 Best site-Clipart    | Epoch:21 | Val Acc: 0.9375
 Best site-Clipart    | Epoch:21 | Val Acc: 0.9600
 Best site-Clipart    | Epoch:21 | Val Acc: 0.7879
 Best site-Infograph  | Epoch:21 | Val Acc: 0.5000
 Best site-Infograph  | Epoch:21 | Val Acc: 0.5714
 Best site-Infograph  | Epoch:21 | Val Acc: 0.5806
 Best site-Painting   | Epoch:21 | Val Acc: 0.8421
 Best site-Painting   | Epoch:21 | Val Acc: 0.8974
 Best site-QuickDraw  | Epoch:21 | Val Acc: 0.3000
 Best site-Real       | Epoch:21 | Val Acc: 0.5833
 Best site-Sketch     | Epoch:21 | Val Acc: 1.0000
 Saving the local and server checkpoint to ../checkpoint/fed_domainnet_uneven-1_1/CoCoOP...
============ Train epoch 44 ============
============ Train epoch 45 ============
 Site-Clipart   | Train Loss: 1.4733 | Train Acc: 0.4167
 Site-Clipart   | Train Loss: 0.8995 | Train Acc: 0.7600
 Site-Clipart   | Train Loss: 0.8168 | Train Acc: 0.8919
 Site-Clipart   | Train Loss: 1.1330 | Train Acc: 0.8400
 Site-Infograph | Train Loss: 1.8280 | Train Acc: 0.2667
 Site-Infograph | Train Loss: 1.7335 | Train Acc: 0.4516
 Site-Infograph | Train Loss: 1.4810 | Train Acc: 0.6809
 Site-Painting  | Train Loss: 0.8093 | Train Acc: 0.8621
 Site-Painting  | Train Loss: 0.7861 | Train Acc: 0.9138
 Site-QuickDraw | Train Loss: 2.2435 | Train Acc: 0.1250
 Site-Real      | Train Loss: 0.8624 | Train Acc: 0.7368
 Site-Sketch    | Train Loss: 1.2588 | Train Acc: 0.8235
============ Train epoch 46 ============
============ Train epoch 47 ============
 Site-Clipart   | Train Loss: 1.3232 | Train Acc: 0.6667
 Site-Clipart   | Train Loss: 0.9635 | Train Acc: 0.8400
 Site-Clipart   | Train Loss: 0.9787 | Train Acc: 0.8108
 Site-Clipart   | Train Loss: 1.1501 | Train Acc: 0.8600
 Site-Infograph | Train Loss: 1.8066 | Train Acc: 0.3333
 Site-Infograph | Train Loss: 1.7889 | Train Acc: 0.4516
 Site-Infograph | Train Loss: 1.4153 | Train Acc: 0.7447
 Site-Painting  | Train Loss: 0.7677 | Train Acc: 0.8276
 Site-Painting  | Train Loss: 0.7328 | Train Acc: 0.9310
 Site-QuickDraw | Train Loss: 2.3061 | Train Acc: 0.1875
 Site-Real      | Train Loss: 1.0854 | Train Acc: 0.8421
 Site-Sketch    | Train Loss: 0.5866 | Train Acc: 0.8824
 Site-Clipart   | Val  Loss: 0.9570 | Val  Acc: 0.8750
 Site-Clipart   | Val  Loss: 1.0346 | Val  Acc: 1.0000
 Site-Clipart   | Val  Loss: 1.0134 | Val  Acc: 0.8400
 Site-Clipart   | Val  Loss: 0.9162 | Val  Acc: 0.7879
 Site-Infograph | Val  Loss: 1.6651 | Val  Acc: 0.4000
 Site-Infograph | Val  Loss: 1.6468 | Val  Acc: 0.5714
 Site-Infograph | Val  Loss: 1.5773 | Val  Acc: 0.6774
 Site-Painting  | Val  Loss: 0.6102 | Val  Acc: 0.8947
 Site-Painting  | Val  Loss: 0.8667 | Val  Acc: 0.8974
 Site-QuickDraw | Val  Loss: 2.2633 | Val  Acc: 0.2000
 Site-Real      | Val  Loss: 1.2868 | Val  Acc: 0.6667
 Site-Sketch    | Val  Loss: 0.9772 | Val  Acc: 0.7273
Average Valid Accuracy: 0.7115
============ Train epoch 48 ============
============ Train epoch 49 ============
 Site-Clipart   | Train Loss: 1.3476 | Train Acc: 0.6667
 Site-Clipart   | Train Loss: 0.8111 | Train Acc: 0.8400
 Site-Clipart   | Train Loss: 0.9421 | Train Acc: 0.7027
 Site-Clipart   | Train Loss: 1.0623 | Train Acc: 0.8800
 Site-Infograph | Train Loss: 1.7871 | Train Acc: 0.3333
 Site-Infograph | Train Loss: 1.6979 | Train Acc: 0.4194
 Site-Infograph | Train Loss: 1.4302 | Train Acc: 0.6809
 Site-Painting  | Train Loss: 0.7115 | Train Acc: 0.9310
 Site-Painting  | Train Loss: 0.7570 | Train Acc: 0.8966
 Site-QuickDraw | Train Loss: 2.2632 | Train Acc: 0.1250
 Site-Real      | Train Loss: 0.9267 | Train Acc: 0.7895
 Site-Sketch    | Train Loss: 0.5396 | Train Acc: 0.8824
============ Train epoch 50 ============
============ Train epoch 51 ============
 Site-Clipart   | Train Loss: 1.2437 | Train Acc: 0.7500
 Site-Clipart   | Train Loss: 0.6947 | Train Acc: 0.8400
 Site-Clipart   | Train Loss: 0.9149 | Train Acc: 0.8108
 Site-Clipart   | Train Loss: 0.9490 | Train Acc: 0.8600
 Site-Infograph | Train Loss: 1.5892 | Train Acc: 0.5333
 Site-Infograph | Train Loss: 1.6687 | Train Acc: 0.4839
 Site-Infograph | Train Loss: 1.3803 | Train Acc: 0.7021
 Site-Painting  | Train Loss: 0.6807 | Train Acc: 0.9655
 Site-Painting  | Train Loss: 0.7458 | Train Acc: 0.9138
 Site-QuickDraw | Train Loss: 2.1790 | Train Acc: 0.1875
 Site-Real      | Train Loss: 1.0485 | Train Acc: 0.8421
 Site-Sketch    | Train Loss: 0.5351 | Train Acc: 0.7059
 Site-Clipart   | Val  Loss: 1.0089 | Val  Acc: 0.8750
 Site-Clipart   | Val  Loss: 0.9786 | Val  Acc: 0.9375
 Site-Clipart   | Val  Loss: 0.8034 | Val  Acc: 1.0000
 Site-Clipart   | Val  Loss: 0.7282 | Val  Acc: 0.8788
 Site-Infograph | Val  Loss: 1.6069 | Val  Acc: 0.6000
 Site-Infograph | Val  Loss: 1.6277 | Val  Acc: 0.5714
 Site-Infograph | Val  Loss: 1.5243 | Val  Acc: 0.5806
 Site-Painting  | Val  Loss: 0.5945 | Val  Acc: 1.0000
 Site-Painting  | Val  Loss: 0.6906 | Val  Acc: 0.8718
 Site-QuickDraw | Val  Loss: 2.1999 | Val  Acc: 0.1000
 Site-Real      | Val  Loss: 1.1893 | Val  Acc: 0.7500
 Site-Sketch    | Val  Loss: 0.9173 | Val  Acc: 0.8182
Average Valid Accuracy: 0.7486
 Best site-Clipart    | Epoch:25 | Val Acc: 0.8750
 Best site-Clipart    | Epoch:25 | Val Acc: 0.9375
 Best site-Clipart    | Epoch:25 | Val Acc: 1.0000
 Best site-Clipart    | Epoch:25 | Val Acc: 0.8788
 Best site-Infograph  | Epoch:25 | Val Acc: 0.6000
 Best site-Infograph  | Epoch:25 | Val Acc: 0.5714
 Best site-Infograph  | Epoch:25 | Val Acc: 0.5806
 Best site-Painting   | Epoch:25 | Val Acc: 1.0000
 Best site-Painting   | Epoch:25 | Val Acc: 0.8718
 Best site-QuickDraw  | Epoch:25 | Val Acc: 0.1000
 Best site-Real       | Epoch:25 | Val Acc: 0.7500
 Best site-Sketch     | Epoch:25 | Val Acc: 0.8182
 Saving the local and server checkpoint to ../checkpoint/fed_domainnet_uneven-1_1/CoCoOP...
============ Train epoch 52 ============
============ Train epoch 53 ============
 Site-Clipart   | Train Loss: 1.2968 | Train Acc: 0.7500
 Site-Clipart   | Train Loss: 0.6796 | Train Acc: 0.9200
 Site-Clipart   | Train Loss: 0.8561 | Train Acc: 0.8378
 Site-Clipart   | Train Loss: 1.0912 | Train Acc: 0.8600
 Site-Infograph | Train Loss: 1.7581 | Train Acc: 0.4000
 Site-Infograph | Train Loss: 1.6922 | Train Acc: 0.3548
 Site-Infograph | Train Loss: 1.3698 | Train Acc: 0.7021
 Site-Painting  | Train Loss: 0.6540 | Train Acc: 0.9310
 Site-Painting  | Train Loss: 0.6351 | Train Acc: 0.8621
 Site-QuickDraw | Train Loss: 2.1477 | Train Acc: 0.1875
 Site-Real      | Train Loss: 0.9006 | Train Acc: 0.7895
 Site-Sketch    | Train Loss: 1.2318 | Train Acc: 0.8235
============ Train epoch 54 ============
============ Train epoch 55 ============
 Site-Clipart   | Train Loss: 1.2219 | Train Acc: 0.8333
 Site-Clipart   | Train Loss: 0.7510 | Train Acc: 0.8800
 Site-Clipart   | Train Loss: 0.8801 | Train Acc: 0.8649
 Site-Clipart   | Train Loss: 0.9488 | Train Acc: 0.9200
 Site-Infograph | Train Loss: 1.6472 | Train Acc: 0.4000
 Site-Infograph | Train Loss: 1.6985 | Train Acc: 0.4516
 Site-Infograph | Train Loss: 1.3639 | Train Acc: 0.6809
 Site-Painting  | Train Loss: 0.6060 | Train Acc: 1.0000
 Site-Painting  | Train Loss: 0.6106 | Train Acc: 0.9310
 Site-QuickDraw | Train Loss: 2.1939 | Train Acc: 0.1250
 Site-Real      | Train Loss: 0.8636 | Train Acc: 0.7895
 Site-Sketch    | Train Loss: 0.6949 | Train Acc: 0.8824
 Site-Clipart   | Val  Loss: 0.9935 | Val  Acc: 0.8750
 Site-Clipart   | Val  Loss: 0.9884 | Val  Acc: 0.8750
 Site-Clipart   | Val  Loss: 0.8878 | Val  Acc: 0.9200
 Site-Clipart   | Val  Loss: 0.8198 | Val  Acc: 0.8182
 Site-Infograph | Val  Loss: 1.5480 | Val  Acc: 0.6000
 Site-Infograph | Val  Loss: 1.5193 | Val  Acc: 0.6667
 Site-Infograph | Val  Loss: 1.3759 | Val  Acc: 0.7419
 Site-Painting  | Val  Loss: 0.5550 | Val  Acc: 0.8947
 Site-Painting  | Val  Loss: 0.7021 | Val  Acc: 0.9487
 Site-QuickDraw | Val  Loss: 2.2186 | Val  Acc: 0.1000
 Site-Real      | Val  Loss: 1.1352 | Val  Acc: 0.8333
 Site-Sketch    | Val  Loss: 0.7930 | Val  Acc: 0.9091
Average Valid Accuracy: 0.7652
 Best site-Clipart    | Epoch:27 | Val Acc: 0.8750
 Best site-Clipart    | Epoch:27 | Val Acc: 0.8750
 Best site-Clipart    | Epoch:27 | Val Acc: 0.9200
 Best site-Clipart    | Epoch:27 | Val Acc: 0.8182
 Best site-Infograph  | Epoch:27 | Val Acc: 0.6000
 Best site-Infograph  | Epoch:27 | Val Acc: 0.6667
 Best site-Infograph  | Epoch:27 | Val Acc: 0.7419
 Best site-Painting   | Epoch:27 | Val Acc: 0.8947
 Best site-Painting   | Epoch:27 | Val Acc: 0.9487
 Best site-QuickDraw  | Epoch:27 | Val Acc: 0.1000
 Best site-Real       | Epoch:27 | Val Acc: 0.8333
 Best site-Sketch     | Epoch:27 | Val Acc: 0.9091
 Saving the local and server checkpoint to ../checkpoint/fed_domainnet_uneven-1_1/CoCoOP...
============ Train epoch 56 ============
============ Train epoch 57 ============
 Site-Clipart   | Train Loss: 1.1922 | Train Acc: 0.8333
 Site-Clipart   | Train Loss: 0.8372 | Train Acc: 0.9200
 Site-Clipart   | Train Loss: 0.7696 | Train Acc: 0.8919
 Site-Clipart   | Train Loss: 0.9298 | Train Acc: 0.8400
 Site-Infograph | Train Loss: 1.6185 | Train Acc: 0.4667
 Site-Infograph | Train Loss: 1.6108 | Train Acc: 0.3871
 Site-Infograph | Train Loss: 1.3349 | Train Acc: 0.7447
 Site-Painting  | Train Loss: 0.6109 | Train Acc: 0.9310
 Site-Painting  | Train Loss: 0.5347 | Train Acc: 0.9828
 Site-QuickDraw | Train Loss: 2.2396 | Train Acc: 0.1875
 Site-Real      | Train Loss: 0.8098 | Train Acc: 0.8421
 Site-Sketch    | Train Loss: 0.4860 | Train Acc: 0.8235
============ Train epoch 58 ============
============ Train epoch 59 ============
 Site-Clipart   | Train Loss: 1.1692 | Train Acc: 0.8333
 Site-Clipart   | Train Loss: 0.6814 | Train Acc: 0.9200
 Site-Clipart   | Train Loss: 0.8349 | Train Acc: 0.7838
 Site-Clipart   | Train Loss: 0.9487 | Train Acc: 0.8800
 Site-Infograph | Train Loss: 1.6468 | Train Acc: 0.4000
 Site-Infograph | Train Loss: 1.5684 | Train Acc: 0.4839
 Site-Infograph | Train Loss: 1.2862 | Train Acc: 0.7234
 Site-Painting  | Train Loss: 0.6093 | Train Acc: 0.9310
 Site-Painting  | Train Loss: 0.5988 | Train Acc: 0.9828
 Site-QuickDraw | Train Loss: 2.1274 | Train Acc: 0.1250
 Site-Real      | Train Loss: 0.6884 | Train Acc: 0.7895
 Site-Sketch    | Train Loss: 0.4531 | Train Acc: 0.8824
 Site-Clipart   | Val  Loss: 0.8764 | Val  Acc: 0.8750
 Site-Clipart   | Val  Loss: 0.8258 | Val  Acc: 0.9375
 Site-Clipart   | Val  Loss: 0.8533 | Val  Acc: 0.8400
 Site-Clipart   | Val  Loss: 0.7571 | Val  Acc: 0.9091
 Site-Infograph | Val  Loss: 1.4243 | Val  Acc: 0.6000
 Site-Infograph | Val  Loss: 1.5550 | Val  Acc: 0.6190
 Site-Infograph | Val  Loss: 1.5222 | Val  Acc: 0.5806
 Site-Painting  | Val  Loss: 0.4414 | Val  Acc: 0.9474
 Site-Painting  | Val  Loss: 0.6451 | Val  Acc: 0.9744
 Site-QuickDraw | Val  Loss: 2.1986 | Val  Acc: 0.2000
 Site-Real      | Val  Loss: 1.2379 | Val  Acc: 0.7500
 Site-Sketch    | Val  Loss: 0.8775 | Val  Acc: 0.9091
Average Valid Accuracy: 0.7618
===2023-04-08 20:10:21===
===2023-04-08 20:10:23===
===Setting===
    dataset: domainnet
    lr: 0.01
    batch: 8
    iters: 10
    wk_iters: 5
    tune: False
    lambda for constrastive: 0.5
data_number=[12,25,37,50,15,31,47,29,58,16,19,17,]
domain number = 6
Loading snapshots...
 Test site-Clipart   | Epoch:27 | Test Acc: 0.7700
 Test site-Infograph | Epoch:27 | Test Acc: 0.4597
 Test site-Painting  | Epoch:27 | Test Acc: 0.8239
 Test site-QuickDraw | Epoch:27 | Test Acc: 0.2430
 Test site-Real      | Epoch:27 | Test Acc: 0.8661
 Test site-Sketch    | Epoch:27 | Test Acc: 0.7148
Average Test Accuracy: 0.6462
===2023-04-10 04:10:49===
===Setting===
    dataset: domainnet
    lr: 0.01
    batch: 16
    iters: 30
    wk_iters: 2
    tune: False
    lambda for constrastive: 0.5
data_number=[25,50,75,100,31,63,94,59,118,32,38,35,]
domain number = 6
============ Train epoch 0 ============
============ Train epoch 1 ============
 Site-Clipart   | Train Loss: 2.1471 | Train Acc: 0.2400
 Site-Clipart   | Train Loss: 2.2389 | Train Acc: 0.2400
 Site-Clipart   | Train Loss: 2.0597 | Train Acc: 0.3200
 Site-Clipart   | Train Loss: 2.0993 | Train Acc: 0.2900
 Site-Infograph | Train Loss: 2.2511 | Train Acc: 0.0968
 Site-Infograph | Train Loss: 2.2982 | Train Acc: 0.1429
 Site-Infograph | Train Loss: 2.1991 | Train Acc: 0.2021
 Site-Painting  | Train Loss: 2.1777 | Train Acc: 0.3898
 Site-Painting  | Train Loss: 2.0908 | Train Acc: 0.3644
 Site-QuickDraw | Train Loss: 2.4059 | Train Acc: 0.0625
 Site-Real      | Train Loss: 2.1723 | Train Acc: 0.2368
 Site-Sketch    | Train Loss: 2.1673 | Train Acc: 0.3143
============ Train epoch 2 ============
============ Train epoch 3 ============
 Site-Clipart   | Train Loss: 2.0916 | Train Acc: 0.3600
 Site-Clipart   | Train Loss: 2.1307 | Train Acc: 0.2600
 Site-Clipart   | Train Loss: 1.9534 | Train Acc: 0.4800
 Site-Clipart   | Train Loss: 1.9369 | Train Acc: 0.4400
 Site-Infograph | Train Loss: 2.1756 | Train Acc: 0.2581
 Site-Infograph | Train Loss: 2.2491 | Train Acc: 0.1746
 Site-Infograph | Train Loss: 2.0884 | Train Acc: 0.3404
 Site-Painting  | Train Loss: 1.9865 | Train Acc: 0.3898
 Site-Painting  | Train Loss: 1.9587 | Train Acc: 0.4746
 Site-QuickDraw | Train Loss: 2.3629 | Train Acc: 0.0625
 Site-Real      | Train Loss: 1.9850 | Train Acc: 0.4211
 Site-Sketch    | Train Loss: 1.9475 | Train Acc: 0.4000
 Site-Clipart   | Val  Loss: 1.8410 | Val  Acc: 0.5000
 Site-Clipart   | Val  Loss: 2.0396 | Val  Acc: 0.6061
 Site-Clipart   | Val  Loss: 1.8275 | Val  Acc: 0.4800
 Site-Clipart   | Val  Loss: 1.9967 | Val  Acc: 0.3881
 Site-Infograph | Val  Loss: 2.0290 | Val  Acc: 0.2381
 Site-Infograph | Val  Loss: 2.0812 | Val  Acc: 0.3810
 Site-Infograph | Val  Loss: 2.1991 | Val  Acc: 0.2857
 Site-Painting  | Val  Loss: 1.8522 | Val  Acc: 0.5385
 Site-Painting  | Val  Loss: 1.8862 | Val  Acc: 0.5128
 Site-QuickDraw | Val  Loss: 2.2561 | Val  Acc: 0.0952
 Site-Real      | Val  Loss: 1.8824 | Val  Acc: 0.5200
 Site-Sketch    | Val  Loss: 1.9128 | Val  Acc: 0.4348
Average Valid Accuracy: 0.4150
 Best site-Clipart    | Epoch:1 | Val Acc: 0.5000
 Best site-Clipart    | Epoch:1 | Val Acc: 0.6061
 Best site-Clipart    | Epoch:1 | Val Acc: 0.4800
 Best site-Clipart    | Epoch:1 | Val Acc: 0.3881
 Best site-Infograph  | Epoch:1 | Val Acc: 0.2381
 Best site-Infograph  | Epoch:1 | Val Acc: 0.3810
 Best site-Infograph  | Epoch:1 | Val Acc: 0.2857
 Best site-Painting   | Epoch:1 | Val Acc: 0.5385
 Best site-Painting   | Epoch:1 | Val Acc: 0.5128
 Best site-QuickDraw  | Epoch:1 | Val Acc: 0.0952
 Best site-Real       | Epoch:1 | Val Acc: 0.5200
 Best site-Sketch     | Epoch:1 | Val Acc: 0.4348
 Saving the local and server checkpoint to ../checkpoint/fed_domainnet_uneven-1_1/CoCoOP...
============ Train epoch 4 ============
============ Train epoch 5 ============
 Site-Clipart   | Train Loss: 1.8978 | Train Acc: 0.4400
 Site-Clipart   | Train Loss: 1.8074 | Train Acc: 0.4000
 Site-Clipart   | Train Loss: 1.7867 | Train Acc: 0.5467
 Site-Clipart   | Train Loss: 1.7736 | Train Acc: 0.5300
 Site-Infograph | Train Loss: 2.1541 | Train Acc: 0.2258
 Site-Infograph | Train Loss: 2.1643 | Train Acc: 0.2063
 Site-Infograph | Train Loss: 1.9887 | Train Acc: 0.4255
 Site-Painting  | Train Loss: 1.8461 | Train Acc: 0.4915
 Site-Painting  | Train Loss: 1.7886 | Train Acc: 0.5339
 Site-QuickDraw | Train Loss: 2.3657 | Train Acc: 0.0625
 Site-Real      | Train Loss: 1.8903 | Train Acc: 0.5263
 Site-Sketch    | Train Loss: 1.7656 | Train Acc: 0.4857
============ Train epoch 6 ============
============ Train epoch 7 ============
 Site-Clipart   | Train Loss: 1.7006 | Train Acc: 0.5200
 Site-Clipart   | Train Loss: 1.7407 | Train Acc: 0.5600
 Site-Clipart   | Train Loss: 1.6502 | Train Acc: 0.6267
 Site-Clipart   | Train Loss: 1.6241 | Train Acc: 0.6000
 Site-Infograph | Train Loss: 2.1408 | Train Acc: 0.2903
 Site-Infograph | Train Loss: 2.1359 | Train Acc: 0.2698
 Site-Infograph | Train Loss: 1.8533 | Train Acc: 0.4362
 Site-Painting  | Train Loss: 1.6333 | Train Acc: 0.6271
 Site-Painting  | Train Loss: 1.6300 | Train Acc: 0.6271
 Site-QuickDraw | Train Loss: 2.3271 | Train Acc: 0.0938
 Site-Real      | Train Loss: 1.5585 | Train Acc: 0.6842
 Site-Sketch    | Train Loss: 1.6799 | Train Acc: 0.6286
 Site-Clipart   | Val  Loss: 1.5194 | Val  Acc: 0.6250
 Site-Clipart   | Val  Loss: 1.7689 | Val  Acc: 0.6364
 Site-Clipart   | Val  Loss: 1.5123 | Val  Acc: 0.6000
 Site-Clipart   | Val  Loss: 1.6533 | Val  Acc: 0.5970
 Site-Infograph | Val  Loss: 1.7548 | Val  Acc: 0.6667
 Site-Infograph | Val  Loss: 1.8045 | Val  Acc: 0.5238
 Site-Infograph | Val  Loss: 2.0267 | Val  Acc: 0.3492
 Site-Painting  | Val  Loss: 1.4844 | Val  Acc: 0.6923
 Site-Painting  | Val  Loss: 1.5501 | Val  Acc: 0.6026
 Site-QuickDraw | Val  Loss: 2.1682 | Val  Acc: 0.1429
 Site-Real      | Val  Loss: 1.6366 | Val  Acc: 0.6800
 Site-Sketch    | Val  Loss: 1.6240 | Val  Acc: 0.5652
Average Valid Accuracy: 0.5568
 Best site-Clipart    | Epoch:3 | Val Acc: 0.6250
 Best site-Clipart    | Epoch:3 | Val Acc: 0.6364
 Best site-Clipart    | Epoch:3 | Val Acc: 0.6000
 Best site-Clipart    | Epoch:3 | Val Acc: 0.5970
 Best site-Infograph  | Epoch:3 | Val Acc: 0.6667
 Best site-Infograph  | Epoch:3 | Val Acc: 0.5238
 Best site-Infograph  | Epoch:3 | Val Acc: 0.3492
 Best site-Painting   | Epoch:3 | Val Acc: 0.6923
 Best site-Painting   | Epoch:3 | Val Acc: 0.6026
 Best site-QuickDraw  | Epoch:3 | Val Acc: 0.1429
 Best site-Real       | Epoch:3 | Val Acc: 0.6800
 Best site-Sketch     | Epoch:3 | Val Acc: 0.5652
 Saving the local and server checkpoint to ../checkpoint/fed_domainnet_uneven-1_1/CoCoOP...
============ Train epoch 8 ============
============ Train epoch 9 ============
 Site-Clipart   | Train Loss: 1.5397 | Train Acc: 0.6400
 Site-Clipart   | Train Loss: 1.6282 | Train Acc: 0.5600
 Site-Clipart   | Train Loss: 1.5552 | Train Acc: 0.6133
 Site-Clipart   | Train Loss: 1.4317 | Train Acc: 0.7000
 Site-Infograph | Train Loss: 2.0888 | Train Acc: 0.3226
 Site-Infograph | Train Loss: 2.0672 | Train Acc: 0.2698
 Site-Infograph | Train Loss: 1.8114 | Train Acc: 0.5319
 Site-Painting  | Train Loss: 1.5403 | Train Acc: 0.7119
 Site-Painting  | Train Loss: 1.4792 | Train Acc: 0.6949
 Site-QuickDraw | Train Loss: 2.3496 | Train Acc: 0.0938
 Site-Real      | Train Loss: 1.4862 | Train Acc: 0.7895
 Site-Sketch    | Train Loss: 1.5068 | Train Acc: 0.7429
============ Train epoch 10 ============
============ Train epoch 11 ============
 Site-Clipart   | Train Loss: 1.5224 | Train Acc: 0.5200
 Site-Clipart   | Train Loss: 1.4737 | Train Acc: 0.6200
 Site-Clipart   | Train Loss: 1.4059 | Train Acc: 0.6800
 Site-Clipart   | Train Loss: 1.3098 | Train Acc: 0.7500
 Site-Infograph | Train Loss: 2.0236 | Train Acc: 0.2903
 Site-Infograph | Train Loss: 2.0054 | Train Acc: 0.3175
 Site-Infograph | Train Loss: 1.7684 | Train Acc: 0.4894
 Site-Painting  | Train Loss: 1.4241 | Train Acc: 0.6949
 Site-Painting  | Train Loss: 1.2792 | Train Acc: 0.7542
 Site-QuickDraw | Train Loss: 2.3411 | Train Acc: 0.0625
 Site-Real      | Train Loss: 1.1930 | Train Acc: 0.8421
 Site-Sketch    | Train Loss: 1.3078 | Train Acc: 0.6857
 Site-Clipart   | Val  Loss: 1.2078 | Val  Acc: 0.8125
 Site-Clipart   | Val  Loss: 1.4113 | Val  Acc: 0.8788
 Site-Clipart   | Val  Loss: 1.0881 | Val  Acc: 0.7000
 Site-Clipart   | Val  Loss: 1.3550 | Val  Acc: 0.6866
 Site-Infograph | Val  Loss: 1.6256 | Val  Acc: 0.5714
 Site-Infograph | Val  Loss: 1.7049 | Val  Acc: 0.5476
 Site-Infograph | Val  Loss: 1.8861 | Val  Acc: 0.3651
 Site-Painting  | Val  Loss: 1.1686 | Val  Acc: 0.8462
 Site-Painting  | Val  Loss: 1.1756 | Val  Acc: 0.8205
 Site-QuickDraw | Val  Loss: 2.1124 | Val  Acc: 0.2857
 Site-Real      | Val  Loss: 1.3421 | Val  Acc: 0.8400
 Site-Sketch    | Val  Loss: 1.4497 | Val  Acc: 0.6087
Average Valid Accuracy: 0.6636
 Best site-Clipart    | Epoch:5 | Val Acc: 0.8125
 Best site-Clipart    | Epoch:5 | Val Acc: 0.8788
 Best site-Clipart    | Epoch:5 | Val Acc: 0.7000
 Best site-Clipart    | Epoch:5 | Val Acc: 0.6866
 Best site-Infograph  | Epoch:5 | Val Acc: 0.5714
 Best site-Infograph  | Epoch:5 | Val Acc: 0.5476
 Best site-Infograph  | Epoch:5 | Val Acc: 0.3651
 Best site-Painting   | Epoch:5 | Val Acc: 0.8462
 Best site-Painting   | Epoch:5 | Val Acc: 0.8205
 Best site-QuickDraw  | Epoch:5 | Val Acc: 0.2857
 Best site-Real       | Epoch:5 | Val Acc: 0.8400
 Best site-Sketch     | Epoch:5 | Val Acc: 0.6087
 Saving the local and server checkpoint to ../checkpoint/fed_domainnet_uneven-1_1/CoCoOP...
============ Train epoch 12 ============
============ Train epoch 13 ============
 Site-Clipart   | Train Loss: 1.3505 | Train Acc: 0.6800
 Site-Clipart   | Train Loss: 1.2326 | Train Acc: 0.7000
 Site-Clipart   | Train Loss: 1.3106 | Train Acc: 0.7200
 Site-Clipart   | Train Loss: 1.1451 | Train Acc: 0.8400
 Site-Infograph | Train Loss: 2.0519 | Train Acc: 0.2903
 Site-Infograph | Train Loss: 1.9170 | Train Acc: 0.3333
 Site-Infograph | Train Loss: 1.6454 | Train Acc: 0.5319
 Site-Painting  | Train Loss: 1.3125 | Train Acc: 0.7458
 Site-Painting  | Train Loss: 1.1727 | Train Acc: 0.7797
 Site-QuickDraw | Train Loss: 2.3374 | Train Acc: 0.0625
 Site-Real      | Train Loss: 1.1891 | Train Acc: 0.8421
 Site-Sketch    | Train Loss: 1.3886 | Train Acc: 0.7143
============ Train epoch 14 ============
============ Train epoch 15 ============
 Site-Clipart   | Train Loss: 1.2147 | Train Acc: 0.7200
 Site-Clipart   | Train Loss: 1.2885 | Train Acc: 0.7000
 Site-Clipart   | Train Loss: 1.1823 | Train Acc: 0.7333
 Site-Clipart   | Train Loss: 1.0765 | Train Acc: 0.8300
 Site-Infograph | Train Loss: 1.9712 | Train Acc: 0.3548
 Site-Infograph | Train Loss: 1.9105 | Train Acc: 0.3651
 Site-Infograph | Train Loss: 1.5737 | Train Acc: 0.5319
 Site-Painting  | Train Loss: 1.1706 | Train Acc: 0.7627
 Site-Painting  | Train Loss: 1.0413 | Train Acc: 0.8220
 Site-QuickDraw | Train Loss: 2.2899 | Train Acc: 0.1875
 Site-Real      | Train Loss: 1.1738 | Train Acc: 0.8684
 Site-Sketch    | Train Loss: 1.3575 | Train Acc: 0.6857
 Site-Clipart   | Val  Loss: 1.0594 | Val  Acc: 0.9375
 Site-Clipart   | Val  Loss: 1.2485 | Val  Acc: 0.8788
 Site-Clipart   | Val  Loss: 0.9985 | Val  Acc: 0.7400
 Site-Clipart   | Val  Loss: 1.1715 | Val  Acc: 0.7164
 Site-Infograph | Val  Loss: 1.5167 | Val  Acc: 0.5238
 Site-Infograph | Val  Loss: 1.5422 | Val  Acc: 0.5714
 Site-Infograph | Val  Loss: 1.7318 | Val  Acc: 0.4603
 Site-Painting  | Val  Loss: 0.8570 | Val  Acc: 0.9231
 Site-Painting  | Val  Loss: 0.9366 | Val  Acc: 0.8333
 Site-QuickDraw | Val  Loss: 2.1110 | Val  Acc: 0.1905
 Site-Real      | Val  Loss: 1.0842 | Val  Acc: 0.9600
 Site-Sketch    | Val  Loss: 1.2554 | Val  Acc: 0.6957
Average Valid Accuracy: 0.7026
 Best site-Clipart    | Epoch:7 | Val Acc: 0.9375
 Best site-Clipart    | Epoch:7 | Val Acc: 0.8788
 Best site-Clipart    | Epoch:7 | Val Acc: 0.7400
 Best site-Clipart    | Epoch:7 | Val Acc: 0.7164
 Best site-Infograph  | Epoch:7 | Val Acc: 0.5238
 Best site-Infograph  | Epoch:7 | Val Acc: 0.5714
 Best site-Infograph  | Epoch:7 | Val Acc: 0.4603
 Best site-Painting   | Epoch:7 | Val Acc: 0.9231
 Best site-Painting   | Epoch:7 | Val Acc: 0.8333
 Best site-QuickDraw  | Epoch:7 | Val Acc: 0.1905
 Best site-Real       | Epoch:7 | Val Acc: 0.9600
 Best site-Sketch     | Epoch:7 | Val Acc: 0.6957
 Saving the local and server checkpoint to ../checkpoint/fed_domainnet_uneven-1_1/CoCoOP...
============ Train epoch 16 ============
============ Train epoch 17 ============
 Site-Clipart   | Train Loss: 1.1799 | Train Acc: 0.6800
 Site-Clipart   | Train Loss: 1.2489 | Train Acc: 0.6600
 Site-Clipart   | Train Loss: 1.1003 | Train Acc: 0.7733
 Site-Clipart   | Train Loss: 1.0041 | Train Acc: 0.8200
 Site-Infograph | Train Loss: 2.0349 | Train Acc: 0.2903
 Site-Infograph | Train Loss: 1.8286 | Train Acc: 0.4286
 Site-Infograph | Train Loss: 1.5272 | Train Acc: 0.5426
 Site-Painting  | Train Loss: 1.0655 | Train Acc: 0.8136
 Site-Painting  | Train Loss: 0.9449 | Train Acc: 0.8559
 Site-QuickDraw | Train Loss: 2.3537 | Train Acc: 0.1250
 Site-Real      | Train Loss: 0.9453 | Train Acc: 0.8421
 Site-Sketch    | Train Loss: 1.0642 | Train Acc: 0.7714
============ Train epoch 18 ============
============ Train epoch 19 ============
 Site-Clipart   | Train Loss: 1.0317 | Train Acc: 0.8000
 Site-Clipart   | Train Loss: 1.3185 | Train Acc: 0.7200
 Site-Clipart   | Train Loss: 1.0577 | Train Acc: 0.8000
 Site-Clipart   | Train Loss: 0.8601 | Train Acc: 0.8800
 Site-Infograph | Train Loss: 1.9665 | Train Acc: 0.3548
 Site-Infograph | Train Loss: 1.7498 | Train Acc: 0.4762
 Site-Infograph | Train Loss: 1.4950 | Train Acc: 0.5957
 Site-Painting  | Train Loss: 0.9992 | Train Acc: 0.8305
 Site-Painting  | Train Loss: 0.8712 | Train Acc: 0.8305
 Site-QuickDraw | Train Loss: 2.3710 | Train Acc: 0.1250
 Site-Real      | Train Loss: 0.9177 | Train Acc: 0.8947
 Site-Sketch    | Train Loss: 1.1173 | Train Acc: 0.8000
 Site-Clipart   | Val  Loss: 1.0099 | Val  Acc: 0.8750
 Site-Clipart   | Val  Loss: 1.0976 | Val  Acc: 0.9091
 Site-Clipart   | Val  Loss: 0.7839 | Val  Acc: 0.7400
 Site-Clipart   | Val  Loss: 1.0130 | Val  Acc: 0.8358
 Site-Infograph | Val  Loss: 1.3754 | Val  Acc: 0.6190
 Site-Infograph | Val  Loss: 1.4920 | Val  Acc: 0.5714
 Site-Infograph | Val  Loss: 1.6285 | Val  Acc: 0.5238
 Site-Painting  | Val  Loss: 0.7410 | Val  Acc: 0.9231
 Site-Painting  | Val  Loss: 0.7932 | Val  Acc: 0.8974
 Site-QuickDraw | Val  Loss: 2.1076 | Val  Acc: 0.2857
 Site-Real      | Val  Loss: 0.9457 | Val  Acc: 0.9200
 Site-Sketch    | Val  Loss: 1.2019 | Val  Acc: 0.6522
Average Valid Accuracy: 0.7294
 Best site-Clipart    | Epoch:9 | Val Acc: 0.8750
 Best site-Clipart    | Epoch:9 | Val Acc: 0.9091
 Best site-Clipart    | Epoch:9 | Val Acc: 0.7400
 Best site-Clipart    | Epoch:9 | Val Acc: 0.8358
 Best site-Infograph  | Epoch:9 | Val Acc: 0.6190
 Best site-Infograph  | Epoch:9 | Val Acc: 0.5714
 Best site-Infograph  | Epoch:9 | Val Acc: 0.5238
 Best site-Painting   | Epoch:9 | Val Acc: 0.9231
 Best site-Painting   | Epoch:9 | Val Acc: 0.8974
 Best site-QuickDraw  | Epoch:9 | Val Acc: 0.2857
 Best site-Real       | Epoch:9 | Val Acc: 0.9200
 Best site-Sketch     | Epoch:9 | Val Acc: 0.6522
 Saving the local and server checkpoint to ../checkpoint/fed_domainnet_uneven-1_1/CoCoOP...
 Test site-Clipart   | Epoch:9 | Test Acc: 0.7433
 Test site-Infograph | Epoch:9 | Test Acc: 0.4323
 Test site-Painting  | Epoch:9 | Test Acc: 0.8271
 Test site-QuickDraw | Epoch:9 | Test Acc: 0.2600
 Test site-Real      | Epoch:9 | Test Acc: 0.8669
 Test site-Sketch    | Epoch:9 | Test Acc: 0.7310
Average Test Accuracy: 0.6434
============ Train epoch 20 ============
============ Train epoch 21 ============
 Site-Clipart   | Train Loss: 1.0604 | Train Acc: 0.8800
 Site-Clipart   | Train Loss: 0.9584 | Train Acc: 0.8000
 Site-Clipart   | Train Loss: 1.0237 | Train Acc: 0.8000
 Site-Clipart   | Train Loss: 0.8572 | Train Acc: 0.8700
 Site-Infograph | Train Loss: 1.8960 | Train Acc: 0.3548
 Site-Infograph | Train Loss: 1.7074 | Train Acc: 0.4603
 Site-Infograph | Train Loss: 1.4646 | Train Acc: 0.5851
 Site-Painting  | Train Loss: 0.9408 | Train Acc: 0.8305
 Site-Painting  | Train Loss: 0.8334 | Train Acc: 0.9068
 Site-QuickDraw | Train Loss: 2.3313 | Train Acc: 0.1875
 Site-Real      | Train Loss: 0.7468 | Train Acc: 0.9211
 Site-Sketch    | Train Loss: 0.8430 | Train Acc: 0.7143
============ Train epoch 22 ============
============ Train epoch 23 ============
 Site-Clipart   | Train Loss: 1.1053 | Train Acc: 0.7200
 Site-Clipart   | Train Loss: 1.2405 | Train Acc: 0.6800
 Site-Clipart   | Train Loss: 0.9162 | Train Acc: 0.8667
 Site-Clipart   | Train Loss: 0.8212 | Train Acc: 0.8600
 Site-Infograph | Train Loss: 1.9347 | Train Acc: 0.3548
 Site-Infograph | Train Loss: 1.7347 | Train Acc: 0.4286
 Site-Infograph | Train Loss: 1.3816 | Train Acc: 0.5957
 Site-Painting  | Train Loss: 0.9022 | Train Acc: 0.8136
 Site-Painting  | Train Loss: 0.7292 | Train Acc: 0.8898
 Site-QuickDraw | Train Loss: 2.3125 | Train Acc: 0.1250
 Site-Real      | Train Loss: 0.7566 | Train Acc: 0.9211
 Site-Sketch    | Train Loss: 0.9670 | Train Acc: 0.8571
 Site-Clipart   | Val  Loss: 0.9310 | Val  Acc: 0.8750
 Site-Clipart   | Val  Loss: 0.8892 | Val  Acc: 0.8788
 Site-Clipart   | Val  Loss: 0.7105 | Val  Acc: 0.7800
 Site-Clipart   | Val  Loss: 0.9228 | Val  Acc: 0.8209
 Site-Infograph | Val  Loss: 1.2332 | Val  Acc: 0.7143
 Site-Infograph | Val  Loss: 1.4363 | Val  Acc: 0.5238
 Site-Infograph | Val  Loss: 1.5773 | Val  Acc: 0.5714
 Site-Painting  | Val  Loss: 0.6515 | Val  Acc: 0.9231
 Site-Painting  | Val  Loss: 0.6435 | Val  Acc: 0.9231
 Site-QuickDraw | Val  Loss: 2.0113 | Val  Acc: 0.3333
 Site-Real      | Val  Loss: 0.8287 | Val  Acc: 0.9200
 Site-Sketch    | Val  Loss: 1.1231 | Val  Acc: 0.6957
Average Valid Accuracy: 0.7466
 Best site-Clipart    | Epoch:11 | Val Acc: 0.8750
 Best site-Clipart    | Epoch:11 | Val Acc: 0.8788
 Best site-Clipart    | Epoch:11 | Val Acc: 0.7800
 Best site-Clipart    | Epoch:11 | Val Acc: 0.8209
 Best site-Infograph  | Epoch:11 | Val Acc: 0.7143
 Best site-Infograph  | Epoch:11 | Val Acc: 0.5238
 Best site-Infograph  | Epoch:11 | Val Acc: 0.5714
 Best site-Painting   | Epoch:11 | Val Acc: 0.9231
 Best site-Painting   | Epoch:11 | Val Acc: 0.9231
 Best site-QuickDraw  | Epoch:11 | Val Acc: 0.3333
 Best site-Real       | Epoch:11 | Val Acc: 0.9200
 Best site-Sketch     | Epoch:11 | Val Acc: 0.6957
 Saving the local and server checkpoint to ../checkpoint/fed_domainnet_uneven-1_1/CoCoOP...
============ Train epoch 24 ============
============ Train epoch 25 ============
 Site-Clipart   | Train Loss: 1.0536 | Train Acc: 0.8400
 Site-Clipart   | Train Loss: 1.0609 | Train Acc: 0.7400
 Site-Clipart   | Train Loss: 0.9310 | Train Acc: 0.7467
 Site-Clipart   | Train Loss: 0.7727 | Train Acc: 0.8900
 Site-Infograph | Train Loss: 1.9023 | Train Acc: 0.3226
 Site-Infograph | Train Loss: 1.6488 | Train Acc: 0.5079
 Site-Infograph | Train Loss: 1.3687 | Train Acc: 0.6170
 Site-Painting  | Train Loss: 0.8790 | Train Acc: 0.8305
 Site-Painting  | Train Loss: 0.7245 | Train Acc: 0.8983
 Site-QuickDraw | Train Loss: 2.2984 | Train Acc: 0.1875
 Site-Real      | Train Loss: 0.8300 | Train Acc: 0.9211
 Site-Sketch    | Train Loss: 1.1052 | Train Acc: 0.7714
============ Train epoch 26 ============
============ Train epoch 27 ============
 Site-Clipart   | Train Loss: 0.8539 | Train Acc: 0.8400
 Site-Clipart   | Train Loss: 1.1241 | Train Acc: 0.7200
 Site-Clipart   | Train Loss: 0.8216 | Train Acc: 0.8133
 Site-Clipart   | Train Loss: 0.6642 | Train Acc: 0.8900
 Site-Infograph | Train Loss: 1.9574 | Train Acc: 0.2903
 Site-Infograph | Train Loss: 1.6641 | Train Acc: 0.5079
 Site-Infograph | Train Loss: 1.3171 | Train Acc: 0.5957
 Site-Painting  | Train Loss: 0.8054 | Train Acc: 0.8814
 Site-Painting  | Train Loss: 0.6477 | Train Acc: 0.8814
 Site-QuickDraw | Train Loss: 2.2389 | Train Acc: 0.1562
 Site-Real      | Train Loss: 0.7618 | Train Acc: 0.9211
 Site-Sketch    | Train Loss: 0.7961 | Train Acc: 0.8000
 Site-Clipart   | Val  Loss: 0.7751 | Val  Acc: 0.9375
 Site-Clipart   | Val  Loss: 0.8603 | Val  Acc: 0.9091
 Site-Clipart   | Val  Loss: 0.7123 | Val  Acc: 0.7600
 Site-Clipart   | Val  Loss: 0.7808 | Val  Acc: 0.8358
 Site-Infograph | Val  Loss: 1.1647 | Val  Acc: 0.7143
 Site-Infograph | Val  Loss: 1.3775 | Val  Acc: 0.5714
 Site-Infograph | Val  Loss: 1.5116 | Val  Acc: 0.5714
 Site-Painting  | Val  Loss: 0.5822 | Val  Acc: 0.9231
 Site-Painting  | Val  Loss: 0.5139 | Val  Acc: 0.9487
 Site-QuickDraw | Val  Loss: 2.0082 | Val  Acc: 0.2857
 Site-Real      | Val  Loss: 0.7503 | Val  Acc: 0.9200
 Site-Sketch    | Val  Loss: 1.0380 | Val  Acc: 0.6957
Average Valid Accuracy: 0.7561
 Best site-Clipart    | Epoch:13 | Val Acc: 0.9375
 Best site-Clipart    | Epoch:13 | Val Acc: 0.9091
 Best site-Clipart    | Epoch:13 | Val Acc: 0.7600
 Best site-Clipart    | Epoch:13 | Val Acc: 0.8358
 Best site-Infograph  | Epoch:13 | Val Acc: 0.7143
 Best site-Infograph  | Epoch:13 | Val Acc: 0.5714
 Best site-Infograph  | Epoch:13 | Val Acc: 0.5714
 Best site-Painting   | Epoch:13 | Val Acc: 0.9231
 Best site-Painting   | Epoch:13 | Val Acc: 0.9487
 Best site-QuickDraw  | Epoch:13 | Val Acc: 0.2857
 Best site-Real       | Epoch:13 | Val Acc: 0.9200
 Best site-Sketch     | Epoch:13 | Val Acc: 0.6957
 Saving the local and server checkpoint to ../checkpoint/fed_domainnet_uneven-1_1/CoCoOP...
============ Train epoch 28 ============
============ Train epoch 29 ============
 Site-Clipart   | Train Loss: 0.7911 | Train Acc: 0.8400
 Site-Clipart   | Train Loss: 1.0549 | Train Acc: 0.7200
 Site-Clipart   | Train Loss: 0.7885 | Train Acc: 0.8267
 Site-Clipart   | Train Loss: 0.6869 | Train Acc: 0.9000
 Site-Infograph | Train Loss: 1.8767 | Train Acc: 0.4194
 Site-Infograph | Train Loss: 1.6197 | Train Acc: 0.4762
 Site-Infograph | Train Loss: 1.2897 | Train Acc: 0.6383
 Site-Painting  | Train Loss: 0.8612 | Train Acc: 0.8305
 Site-Painting  | Train Loss: 0.6241 | Train Acc: 0.8814
 Site-QuickDraw | Train Loss: 2.3189 | Train Acc: 0.1562
 Site-Real      | Train Loss: 0.6155 | Train Acc: 0.8947
 Site-Sketch    | Train Loss: 0.8895 | Train Acc: 0.8286
============ Train epoch 30 ============
============ Train epoch 31 ============
 Site-Clipart   | Train Loss: 0.7439 | Train Acc: 0.9200
 Site-Clipart   | Train Loss: 0.9684 | Train Acc: 0.7600
 Site-Clipart   | Train Loss: 0.7695 | Train Acc: 0.8667
 Site-Clipart   | Train Loss: 0.6416 | Train Acc: 0.9300
 Site-Infograph | Train Loss: 1.9659 | Train Acc: 0.3871
 Site-Infograph | Train Loss: 1.6095 | Train Acc: 0.4921
 Site-Infograph | Train Loss: 1.2860 | Train Acc: 0.5957
 Site-Painting  | Train Loss: 0.7406 | Train Acc: 0.8644
 Site-Painting  | Train Loss: 0.5823 | Train Acc: 0.9068
 Site-QuickDraw | Train Loss: 2.3271 | Train Acc: 0.1562
 Site-Real      | Train Loss: 0.6547 | Train Acc: 0.9211
 Site-Sketch    | Train Loss: 1.0835 | Train Acc: 0.7714
 Site-Clipart   | Val  Loss: 0.7313 | Val  Acc: 0.8750
 Site-Clipart   | Val  Loss: 0.7175 | Val  Acc: 0.9394
 Site-Clipart   | Val  Loss: 0.5750 | Val  Acc: 0.8400
 Site-Clipart   | Val  Loss: 0.7862 | Val  Acc: 0.8507
 Site-Infograph | Val  Loss: 0.9995 | Val  Acc: 0.7143
 Site-Infograph | Val  Loss: 1.2666 | Val  Acc: 0.5952
 Site-Infograph | Val  Loss: 1.4717 | Val  Acc: 0.5397
 Site-Painting  | Val  Loss: 0.4986 | Val  Acc: 0.9231
 Site-Painting  | Val  Loss: 0.4743 | Val  Acc: 0.9487
 Site-QuickDraw | Val  Loss: 2.0473 | Val  Acc: 0.2857
 Site-Real      | Val  Loss: 0.6647 | Val  Acc: 0.9200
 Site-Sketch    | Val  Loss: 0.9692 | Val  Acc: 0.7826
Average Valid Accuracy: 0.7679
 Best site-Clipart    | Epoch:15 | Val Acc: 0.8750
 Best site-Clipart    | Epoch:15 | Val Acc: 0.9394
 Best site-Clipart    | Epoch:15 | Val Acc: 0.8400
 Best site-Clipart    | Epoch:15 | Val Acc: 0.8507
 Best site-Infograph  | Epoch:15 | Val Acc: 0.7143
 Best site-Infograph  | Epoch:15 | Val Acc: 0.5952
 Best site-Infograph  | Epoch:15 | Val Acc: 0.5397
 Best site-Painting   | Epoch:15 | Val Acc: 0.9231
 Best site-Painting   | Epoch:15 | Val Acc: 0.9487
 Best site-QuickDraw  | Epoch:15 | Val Acc: 0.2857
 Best site-Real       | Epoch:15 | Val Acc: 0.9200
 Best site-Sketch     | Epoch:15 | Val Acc: 0.7826
 Saving the local and server checkpoint to ../checkpoint/fed_domainnet_uneven-1_1/CoCoOP...
============ Train epoch 32 ============
============ Train epoch 33 ============
 Site-Clipart   | Train Loss: 0.7248 | Train Acc: 0.8800
 Site-Clipart   | Train Loss: 0.9014 | Train Acc: 0.7600
 Site-Clipart   | Train Loss: 0.7413 | Train Acc: 0.9200
 Site-Clipart   | Train Loss: 0.5602 | Train Acc: 0.9200
 Site-Infograph | Train Loss: 1.8496 | Train Acc: 0.4194
 Site-Infograph | Train Loss: 1.4957 | Train Acc: 0.5556
 Site-Infograph | Train Loss: 1.3007 | Train Acc: 0.6064
 Site-Painting  | Train Loss: 0.7207 | Train Acc: 0.8814
 Site-Painting  | Train Loss: 0.5638 | Train Acc: 0.9322
 Site-QuickDraw | Train Loss: 2.3039 | Train Acc: 0.1875
 Site-Real      | Train Loss: 0.5703 | Train Acc: 0.9211
 Site-Sketch    | Train Loss: 0.9490 | Train Acc: 0.7714
============ Train epoch 34 ============
============ Train epoch 35 ============
 Site-Clipart   | Train Loss: 0.7429 | Train Acc: 0.8800
 Site-Clipart   | Train Loss: 0.7891 | Train Acc: 0.8000
 Site-Clipart   | Train Loss: 0.7361 | Train Acc: 0.8533
 Site-Clipart   | Train Loss: 0.5427 | Train Acc: 0.9700
 Site-Infograph | Train Loss: 1.8754 | Train Acc: 0.3871
 Site-Infograph | Train Loss: 1.5783 | Train Acc: 0.5238
 Site-Infograph | Train Loss: 1.2346 | Train Acc: 0.6383
 Site-Painting  | Train Loss: 0.7091 | Train Acc: 0.8475
 Site-Painting  | Train Loss: 0.5535 | Train Acc: 0.9237
 Site-QuickDraw | Train Loss: 2.2710 | Train Acc: 0.1250
 Site-Real      | Train Loss: 0.5966 | Train Acc: 0.9211
 Site-Sketch    | Train Loss: 1.0081 | Train Acc: 0.7714
 Site-Clipart   | Val  Loss: 0.6368 | Val  Acc: 1.0000
 Site-Clipart   | Val  Loss: 0.6462 | Val  Acc: 0.9091
 Site-Clipart   | Val  Loss: 0.5136 | Val  Acc: 0.8600
 Site-Clipart   | Val  Loss: 0.7284 | Val  Acc: 0.8358
 Site-Infograph | Val  Loss: 1.0900 | Val  Acc: 0.6667
 Site-Infograph | Val  Loss: 1.2207 | Val  Acc: 0.5952
 Site-Infograph | Val  Loss: 1.3946 | Val  Acc: 0.6190
 Site-Painting  | Val  Loss: 0.4606 | Val  Acc: 0.9744
 Site-Painting  | Val  Loss: 0.4738 | Val  Acc: 0.9231
 Site-QuickDraw | Val  Loss: 2.0258 | Val  Acc: 0.3810
 Site-Real      | Val  Loss: 0.6386 | Val  Acc: 0.9200
 Site-Sketch    | Val  Loss: 0.8922 | Val  Acc: 0.7826
Average Valid Accuracy: 0.7889
 Best site-Clipart    | Epoch:17 | Val Acc: 1.0000
 Best site-Clipart    | Epoch:17 | Val Acc: 0.9091
 Best site-Clipart    | Epoch:17 | Val Acc: 0.8600
 Best site-Clipart    | Epoch:17 | Val Acc: 0.8358
 Best site-Infograph  | Epoch:17 | Val Acc: 0.6667
 Best site-Infograph  | Epoch:17 | Val Acc: 0.5952
 Best site-Infograph  | Epoch:17 | Val Acc: 0.6190
 Best site-Painting   | Epoch:17 | Val Acc: 0.9744
 Best site-Painting   | Epoch:17 | Val Acc: 0.9231
 Best site-QuickDraw  | Epoch:17 | Val Acc: 0.3810
 Best site-Real       | Epoch:17 | Val Acc: 0.9200
 Best site-Sketch     | Epoch:17 | Val Acc: 0.7826
 Saving the local and server checkpoint to ../checkpoint/fed_domainnet_uneven-1_1/CoCoOP...
============ Train epoch 36 ============
============ Train epoch 37 ============
 Site-Clipart   | Train Loss: 0.6595 | Train Acc: 0.8800
 Site-Clipart   | Train Loss: 0.9305 | Train Acc: 0.8000
 Site-Clipart   | Train Loss: 0.6856 | Train Acc: 0.8667
 Site-Clipart   | Train Loss: 0.5730 | Train Acc: 0.9500
 Site-Infograph | Train Loss: 1.9156 | Train Acc: 0.3871
 Site-Infograph | Train Loss: 1.5756 | Train Acc: 0.5079
 Site-Infograph | Train Loss: 1.2236 | Train Acc: 0.6596
 Site-Painting  | Train Loss: 0.6596 | Train Acc: 0.9153
 Site-Painting  | Train Loss: 0.5352 | Train Acc: 0.9407
 Site-QuickDraw | Train Loss: 2.3101 | Train Acc: 0.1562
 Site-Real      | Train Loss: 0.4620 | Train Acc: 0.9211
 Site-Sketch    | Train Loss: 0.8429 | Train Acc: 0.8857
============ Train epoch 38 ============
============ Train epoch 39 ============
 Site-Clipart   | Train Loss: 0.7398 | Train Acc: 0.9200
 Site-Clipart   | Train Loss: 0.8251 | Train Acc: 0.7600
 Site-Clipart   | Train Loss: 0.7105 | Train Acc: 0.8267
 Site-Clipart   | Train Loss: 0.4443 | Train Acc: 0.9700
 Site-Infograph | Train Loss: 1.9301 | Train Acc: 0.3871
 Site-Infograph | Train Loss: 1.4905 | Train Acc: 0.5397
 Site-Infograph | Train Loss: 1.1422 | Train Acc: 0.6702
 Site-Painting  | Train Loss: 0.5805 | Train Acc: 0.9322
 Site-Painting  | Train Loss: 0.4913 | Train Acc: 0.9576
 Site-QuickDraw | Train Loss: 2.2647 | Train Acc: 0.1562
 Site-Real      | Train Loss: 0.5643 | Train Acc: 0.9474
 Site-Sketch    | Train Loss: 0.7800 | Train Acc: 0.7429
 Site-Clipart   | Val  Loss: 0.5519 | Val  Acc: 0.8750
 Site-Clipart   | Val  Loss: 0.6498 | Val  Acc: 0.9394
 Site-Clipart   | Val  Loss: 0.5124 | Val  Acc: 0.9000
 Site-Clipart   | Val  Loss: 0.6071 | Val  Acc: 0.9104
 Site-Infograph | Val  Loss: 1.0576 | Val  Acc: 0.6190
 Site-Infograph | Val  Loss: 1.1635 | Val  Acc: 0.6429
 Site-Infograph | Val  Loss: 1.3378 | Val  Acc: 0.5714
 Site-Painting  | Val  Loss: 0.3972 | Val  Acc: 0.9231
 Site-Painting  | Val  Loss: 0.3960 | Val  Acc: 0.9744
 Site-QuickDraw | Val  Loss: 1.9965 | Val  Acc: 0.2381
 Site-Real      | Val  Loss: 0.5872 | Val  Acc: 0.9200
 Site-Sketch    | Val  Loss: 0.8684 | Val  Acc: 0.7391
Average Valid Accuracy: 0.7711
============ Train epoch 40 ============
============ Train epoch 41 ============
 Site-Clipart   | Train Loss: 0.6362 | Train Acc: 0.8800
 Site-Clipart   | Train Loss: 0.7419 | Train Acc: 0.8000
 Site-Clipart   | Train Loss: 0.6126 | Train Acc: 0.8800
 Site-Clipart   | Train Loss: 0.5080 | Train Acc: 0.9700
 Site-Infograph | Train Loss: 1.9099 | Train Acc: 0.4194
 Site-Infograph | Train Loss: 1.4421 | Train Acc: 0.5397
 Site-Infograph | Train Loss: 1.1282 | Train Acc: 0.6596
 Site-Painting  | Train Loss: 0.5572 | Train Acc: 0.9153
 Site-Painting  | Train Loss: 0.4753 | Train Acc: 0.9322
 Site-QuickDraw | Train Loss: 2.1493 | Train Acc: 0.2812
 Site-Real      | Train Loss: 0.5485 | Train Acc: 0.9211
 Site-Sketch    | Train Loss: 0.9275 | Train Acc: 0.8286
============ Train epoch 42 ============
============ Train epoch 43 ============
 Site-Clipart   | Train Loss: 0.6630 | Train Acc: 0.9200
 Site-Clipart   | Train Loss: 0.6562 | Train Acc: 0.7800
 Site-Clipart   | Train Loss: 0.6322 | Train Acc: 0.8667
 Site-Clipart   | Train Loss: 0.4047 | Train Acc: 0.9800
 Site-Infograph | Train Loss: 1.8865 | Train Acc: 0.4194
 Site-Infograph | Train Loss: 1.4438 | Train Acc: 0.5397
 Site-Infograph | Train Loss: 1.1296 | Train Acc: 0.7021
 Site-Painting  | Train Loss: 0.5773 | Train Acc: 0.8644
 Site-Painting  | Train Loss: 0.4084 | Train Acc: 0.9746
 Site-QuickDraw | Train Loss: 2.2217 | Train Acc: 0.1562
 Site-Real      | Train Loss: 0.4500 | Train Acc: 0.9211
 Site-Sketch    | Train Loss: 1.0197 | Train Acc: 0.7714
 Site-Clipart   | Val  Loss: 0.5145 | Val  Acc: 1.0000
 Site-Clipart   | Val  Loss: 0.5941 | Val  Acc: 0.9394
 Site-Clipart   | Val  Loss: 0.4261 | Val  Acc: 0.8600
 Site-Clipart   | Val  Loss: 0.6307 | Val  Acc: 0.8806
 Site-Infograph | Val  Loss: 0.8896 | Val  Acc: 0.7619
 Site-Infograph | Val  Loss: 1.0692 | Val  Acc: 0.7143
 Site-Infograph | Val  Loss: 1.3184 | Val  Acc: 0.6508
 Site-Painting  | Val  Loss: 0.3520 | Val  Acc: 0.9487
 Site-Painting  | Val  Loss: 0.3716 | Val  Acc: 0.9615
 Site-QuickDraw | Val  Loss: 1.9949 | Val  Acc: 0.2857
 Site-Real      | Val  Loss: 0.5448 | Val  Acc: 0.8800
 Site-Sketch    | Val  Loss: 0.7910 | Val  Acc: 0.8261
Average Valid Accuracy: 0.8091
 Best site-Clipart    | Epoch:21 | Val Acc: 1.0000
 Best site-Clipart    | Epoch:21 | Val Acc: 0.9394
 Best site-Clipart    | Epoch:21 | Val Acc: 0.8600
 Best site-Clipart    | Epoch:21 | Val Acc: 0.8806
 Best site-Infograph  | Epoch:21 | Val Acc: 0.7619
 Best site-Infograph  | Epoch:21 | Val Acc: 0.7143
 Best site-Infograph  | Epoch:21 | Val Acc: 0.6508
 Best site-Painting   | Epoch:21 | Val Acc: 0.9487
 Best site-Painting   | Epoch:21 | Val Acc: 0.9615
 Best site-QuickDraw  | Epoch:21 | Val Acc: 0.2857
 Best site-Real       | Epoch:21 | Val Acc: 0.8800
 Best site-Sketch     | Epoch:21 | Val Acc: 0.8261
 Saving the local and server checkpoint to ../checkpoint/fed_domainnet_uneven-1_1/CoCoOP...
============ Train epoch 44 ============
============ Train epoch 45 ============
 Site-Clipart   | Train Loss: 0.6832 | Train Acc: 0.8800
 Site-Clipart   | Train Loss: 0.6390 | Train Acc: 0.8000
 Site-Clipart   | Train Loss: 0.6136 | Train Acc: 0.8400
 Site-Clipart   | Train Loss: 0.4472 | Train Acc: 0.9600
 Site-Infograph | Train Loss: 1.9074 | Train Acc: 0.3226
 Site-Infograph | Train Loss: 1.4811 | Train Acc: 0.5556
 Site-Infograph | Train Loss: 1.1409 | Train Acc: 0.6915
 Site-Painting  | Train Loss: 0.5766 | Train Acc: 0.8644
 Site-Painting  | Train Loss: 0.4470 | Train Acc: 0.9407
 Site-QuickDraw | Train Loss: 2.2323 | Train Acc: 0.1875
 Site-Real      | Train Loss: 0.4031 | Train Acc: 0.9211
 Site-Sketch    | Train Loss: 0.9765 | Train Acc: 0.8000
============ Train epoch 46 ============
============ Train epoch 47 ============
 Site-Clipart   | Train Loss: 0.5946 | Train Acc: 0.8400
 Site-Clipart   | Train Loss: 0.8164 | Train Acc: 0.7600
 Site-Clipart   | Train Loss: 0.5802 | Train Acc: 0.8933
 Site-Clipart   | Train Loss: 0.4280 | Train Acc: 0.9600
 Site-Infograph | Train Loss: 1.8259 | Train Acc: 0.3871
 Site-Infograph | Train Loss: 1.4038 | Train Acc: 0.5556
 Site-Infograph | Train Loss: 1.0425 | Train Acc: 0.7021
 Site-Painting  | Train Loss: 0.5398 | Train Acc: 0.8983
 Site-Painting  | Train Loss: 0.3775 | Train Acc: 0.9492
 Site-QuickDraw | Train Loss: 2.1675 | Train Acc: 0.2812
 Site-Real      | Train Loss: 0.4526 | Train Acc: 0.9211
 Site-Sketch    | Train Loss: 0.7466 | Train Acc: 0.8000
 Site-Clipart   | Val  Loss: 0.4908 | Val  Acc: 1.0000
 Site-Clipart   | Val  Loss: 0.5035 | Val  Acc: 0.9394
 Site-Clipart   | Val  Loss: 0.4411 | Val  Acc: 0.9200
 Site-Clipart   | Val  Loss: 0.5664 | Val  Acc: 0.8657
 Site-Infograph | Val  Loss: 0.9667 | Val  Acc: 0.6190
 Site-Infograph | Val  Loss: 1.0809 | Val  Acc: 0.7143
 Site-Infograph | Val  Loss: 1.1968 | Val  Acc: 0.6508
 Site-Painting  | Val  Loss: 0.3256 | Val  Acc: 0.9744
 Site-Painting  | Val  Loss: 0.3469 | Val  Acc: 0.9744
 Site-QuickDraw | Val  Loss: 1.9561 | Val  Acc: 0.2857
 Site-Real      | Val  Loss: 0.4948 | Val  Acc: 0.9200
 Site-Sketch    | Val  Loss: 0.8767 | Val  Acc: 0.6957
Average Valid Accuracy: 0.7966
============ Train epoch 48 ============
============ Train epoch 49 ============
 Site-Clipart   | Train Loss: 0.4837 | Train Acc: 0.9600
 Site-Clipart   | Train Loss: 0.7238 | Train Acc: 0.8400
 Site-Clipart   | Train Loss: 0.5869 | Train Acc: 0.8533
 Site-Clipart   | Train Loss: 0.4260 | Train Acc: 0.9500
 Site-Infograph | Train Loss: 1.8848 | Train Acc: 0.4194
 Site-Infograph | Train Loss: 1.3389 | Train Acc: 0.6032
 Site-Infograph | Train Loss: 1.0658 | Train Acc: 0.7021
 Site-Painting  | Train Loss: 0.5461 | Train Acc: 0.8814
 Site-Painting  | Train Loss: 0.3745 | Train Acc: 0.9407
 Site-QuickDraw | Train Loss: 2.1384 | Train Acc: 0.1875
 Site-Real      | Train Loss: 0.4485 | Train Acc: 0.8947
 Site-Sketch    | Train Loss: 0.6540 | Train Acc: 0.8000
============ Train epoch 50 ============
============ Train epoch 51 ============
 Site-Clipart   | Train Loss: 0.5727 | Train Acc: 0.9200
 Site-Clipart   | Train Loss: 0.5670 | Train Acc: 0.8200
 Site-Clipart   | Train Loss: 0.5852 | Train Acc: 0.8933
 Site-Clipart   | Train Loss: 0.4157 | Train Acc: 0.9700
 Site-Infograph | Train Loss: 1.9157 | Train Acc: 0.3871
 Site-Infograph | Train Loss: 1.4020 | Train Acc: 0.5397
 Site-Infograph | Train Loss: 1.0342 | Train Acc: 0.6809
 Site-Painting  | Train Loss: 0.5160 | Train Acc: 0.9153
 Site-Painting  | Train Loss: 0.3437 | Train Acc: 0.9576
 Site-QuickDraw | Train Loss: 2.3029 | Train Acc: 0.1562
 Site-Real      | Train Loss: 0.4994 | Train Acc: 0.9211
 Site-Sketch    | Train Loss: 0.8110 | Train Acc: 0.8286
 Site-Clipart   | Val  Loss: 0.3935 | Val  Acc: 0.9375
 Site-Clipart   | Val  Loss: 0.4403 | Val  Acc: 0.9394
 Site-Clipart   | Val  Loss: 0.4143 | Val  Acc: 0.8600
 Site-Clipart   | Val  Loss: 0.5520 | Val  Acc: 0.8806
 Site-Infograph | Val  Loss: 0.8785 | Val  Acc: 0.7143
 Site-Infograph | Val  Loss: 1.1361 | Val  Acc: 0.6190
 Site-Infograph | Val  Loss: 1.1889 | Val  Acc: 0.6508
 Site-Painting  | Val  Loss: 0.3150 | Val  Acc: 0.9487
 Site-Painting  | Val  Loss: 0.3171 | Val  Acc: 0.9744
 Site-QuickDraw | Val  Loss: 1.9136 | Val  Acc: 0.2857
 Site-Real      | Val  Loss: 0.4286 | Val  Acc: 0.8800
 Site-Sketch    | Val  Loss: 0.6993 | Val  Acc: 0.8696
Average Valid Accuracy: 0.7967
============ Train epoch 52 ============
============ Train epoch 53 ============
 Site-Clipart   | Train Loss: 0.5031 | Train Acc: 0.9200
 Site-Clipart   | Train Loss: 0.6143 | Train Acc: 0.8200
 Site-Clipart   | Train Loss: 0.5301 | Train Acc: 0.8533
 Site-Clipart   | Train Loss: 0.3805 | Train Acc: 0.9500
 Site-Infograph | Train Loss: 1.8844 | Train Acc: 0.2903
 Site-Infograph | Train Loss: 1.3452 | Train Acc: 0.5397
 Site-Infograph | Train Loss: 1.1014 | Train Acc: 0.7021
 Site-Painting  | Train Loss: 0.5241 | Train Acc: 0.8644
 Site-Painting  | Train Loss: 0.3244 | Train Acc: 0.9831
 Site-QuickDraw | Train Loss: 2.1878 | Train Acc: 0.1875
 Site-Real      | Train Loss: 0.3707 | Train Acc: 0.9211
 Site-Sketch    | Train Loss: 0.7529 | Train Acc: 0.7714
============ Train epoch 54 ============
============ Train epoch 55 ============
 Site-Clipart   | Train Loss: 0.5353 | Train Acc: 0.9200
 Site-Clipart   | Train Loss: 0.7881 | Train Acc: 0.8200
 Site-Clipart   | Train Loss: 0.5650 | Train Acc: 0.8400
 Site-Clipart   | Train Loss: 0.4108 | Train Acc: 0.9700
 Site-Infograph | Train Loss: 1.8967 | Train Acc: 0.2581
 Site-Infograph | Train Loss: 1.3022 | Train Acc: 0.5714
 Site-Infograph | Train Loss: 1.0487 | Train Acc: 0.6915
 Site-Painting  | Train Loss: 0.5085 | Train Acc: 0.8814
 Site-Painting  | Train Loss: 0.3369 | Train Acc: 0.9831
 Site-QuickDraw | Train Loss: 2.2278 | Train Acc: 0.2500
 Site-Real      | Train Loss: 0.3977 | Train Acc: 0.9474
 Site-Sketch    | Train Loss: 0.7089 | Train Acc: 0.8000
 Site-Clipart   | Val  Loss: 0.4606 | Val  Acc: 1.0000
 Site-Clipart   | Val  Loss: 0.3461 | Val  Acc: 0.9394
 Site-Clipart   | Val  Loss: 0.3925 | Val  Acc: 0.8800
 Site-Clipart   | Val  Loss: 0.4961 | Val  Acc: 0.8657
 Site-Infograph | Val  Loss: 0.9210 | Val  Acc: 0.6667
 Site-Infograph | Val  Loss: 1.0493 | Val  Acc: 0.6905
 Site-Infograph | Val  Loss: 1.1690 | Val  Acc: 0.6190
 Site-Painting  | Val  Loss: 0.2760 | Val  Acc: 0.9487
 Site-Painting  | Val  Loss: 0.2576 | Val  Acc: 0.9872
 Site-QuickDraw | Val  Loss: 1.9445 | Val  Acc: 0.2857
 Site-Real      | Val  Loss: 0.4615 | Val  Acc: 0.9200
 Site-Sketch    | Val  Loss: 0.7426 | Val  Acc: 0.8261
Average Valid Accuracy: 0.8024
============ Train epoch 56 ============
============ Train epoch 57 ============
 Site-Clipart   | Train Loss: 0.5478 | Train Acc: 0.9200
 Site-Clipart   | Train Loss: 0.6056 | Train Acc: 0.8600
 Site-Clipart   | Train Loss: 0.4843 | Train Acc: 0.9200
 Site-Clipart   | Train Loss: 0.3555 | Train Acc: 0.9500
 Site-Infograph | Train Loss: 1.8416 | Train Acc: 0.4516
 Site-Infograph | Train Loss: 1.3165 | Train Acc: 0.5873
 Site-Infograph | Train Loss: 1.0369 | Train Acc: 0.7021
 Site-Painting  | Train Loss: 0.4907 | Train Acc: 0.8983
 Site-Painting  | Train Loss: 0.3185 | Train Acc: 0.9661
 Site-QuickDraw | Train Loss: 2.1657 | Train Acc: 0.1875
 Site-Real      | Train Loss: 0.5484 | Train Acc: 0.9211
 Site-Sketch    | Train Loss: 0.4589 | Train Acc: 0.8286
============ Train epoch 58 ============
============ Train epoch 59 ============
 Site-Clipart   | Train Loss: 0.4971 | Train Acc: 0.9200
 Site-Clipart   | Train Loss: 0.5924 | Train Acc: 0.8800
 Site-Clipart   | Train Loss: 0.4761 | Train Acc: 0.8800
 Site-Clipart   | Train Loss: 0.3418 | Train Acc: 0.9500
 Site-Infograph | Train Loss: 1.8919 | Train Acc: 0.3548
 Site-Infograph | Train Loss: 1.2568 | Train Acc: 0.6190
 Site-Infograph | Train Loss: 0.9961 | Train Acc: 0.7021
 Site-Painting  | Train Loss: 0.4447 | Train Acc: 0.8983
 Site-Painting  | Train Loss: 0.3399 | Train Acc: 0.9576
 Site-QuickDraw | Train Loss: 2.1942 | Train Acc: 0.2500
 Site-Real      | Train Loss: 0.3881 | Train Acc: 0.9211
 Site-Sketch    | Train Loss: 0.5436 | Train Acc: 0.8000
 Site-Clipart   | Val  Loss: 0.3760 | Val  Acc: 0.9375
 Site-Clipart   | Val  Loss: 0.3709 | Val  Acc: 0.9697
 Site-Clipart   | Val  Loss: 0.3884 | Val  Acc: 0.8600
 Site-Clipart   | Val  Loss: 0.4972 | Val  Acc: 0.9403
 Site-Infograph | Val  Loss: 0.8967 | Val  Acc: 0.7619
 Site-Infograph | Val  Loss: 1.0355 | Val  Acc: 0.7381
 Site-Infograph | Val  Loss: 1.1628 | Val  Acc: 0.5873
 Site-Painting  | Val  Loss: 0.3374 | Val  Acc: 0.9487
 Site-Painting  | Val  Loss: 0.2589 | Val  Acc: 0.9872
 Site-QuickDraw | Val  Loss: 1.8300 | Val  Acc: 0.3333
 Site-Real      | Val  Loss: 0.4274 | Val  Acc: 0.9200
 Site-Sketch    | Val  Loss: 0.7332 | Val  Acc: 0.8261
Average Valid Accuracy: 0.8175
 Best site-Clipart    | Epoch:29 | Val Acc: 0.9375
 Best site-Clipart    | Epoch:29 | Val Acc: 0.9697
 Best site-Clipart    | Epoch:29 | Val Acc: 0.8600
 Best site-Clipart    | Epoch:29 | Val Acc: 0.9403
 Best site-Infograph  | Epoch:29 | Val Acc: 0.7619
 Best site-Infograph  | Epoch:29 | Val Acc: 0.7381
 Best site-Infograph  | Epoch:29 | Val Acc: 0.5873
 Best site-Painting   | Epoch:29 | Val Acc: 0.9487
 Best site-Painting   | Epoch:29 | Val Acc: 0.9872
 Best site-QuickDraw  | Epoch:29 | Val Acc: 0.3333
 Best site-Real       | Epoch:29 | Val Acc: 0.9200
 Best site-Sketch     | Epoch:29 | Val Acc: 0.8261
 Saving the local and server checkpoint to ../checkpoint/fed_domainnet_uneven-1_1/CoCoOP...
 Test site-Clipart   | Epoch:29 | Test Acc: 0.8422
 Test site-Infograph | Epoch:29 | Test Acc: 0.5205
 Test site-Painting  | Epoch:29 | Test Acc: 0.8998
 Test site-QuickDraw | Epoch:29 | Test Acc: 0.3020
 Test site-Real      | Epoch:29 | Test Acc: 0.9137
 Test site-Sketch    | Epoch:29 | Test Acc: 0.8069
Average Test Accuracy: 0.7142
===2023-04-10 04:53:48===
===2023-04-10 04:53:49===
===Setting===
    dataset: domainnet
    lr: 0.01
    batch: 8
    iters: 10
    wk_iters: 5
    tune: False
    lambda for constrastive: 0.5
data_number=[25,50,75,100,31,63,94,59,118,32,38,35,]
domain number = 6
Loading snapshots...
 Test site-Clipart   | Epoch:29 | Test Acc: 0.8422
 Test site-Infograph | Epoch:29 | Test Acc: 0.5190
 Test site-Painting  | Epoch:29 | Test Acc: 0.9015
 Test site-QuickDraw | Epoch:29 | Test Acc: 0.3030
 Test site-Real      | Epoch:29 | Test Acc: 0.9137
 Test site-Sketch    | Epoch:29 | Test Acc: 0.8032
Average Test Accuracy: 0.7138
===2023-04-10 11:16:43===
===Setting===
    dataset: domainnet
    lr: 0.01
    batch: 16
    iters: 30
    wk_iters: 2
    tune: False
    lambda for constrastive: 0.5
data_number=[12,25,37,50,15,31,47,29,58,16,19,17,]
domain number = 6
============ Train epoch 0 ============
============ Train epoch 1 ============
