===2023-04-27 09:40:31===
===Setting===
    dataset: domainnet
    lr: 0.01
    batch: 16
    iters: 50
    wk_iters: 1
    si: True
    lambda for constrastive: 0.5
data_number=[16,33,50,67,84,31,39,48,58,116,35,]
label set of clients: [10, 10, 10, 10, 10, 10, 10, 10, 10, 10, 9, ]
domain number = 6
============ Train epoch 0 ============
===2023-04-27 09:40:39===
===Setting===
    dataset: domainnet
    lr: 0.01
    batch: 1
    iters: 10
    wk_iters: 5
    si: False
    lambda for constrastive: 0.5
data_number=[16,33,50,67,84,31,39,48,58,116,35,]
label set of clients: [10, 10, 10, 10, 10, 10, 10, 10, 10, 10, 9, ]
domain number = 6
Loading snapshots...
===2023-04-27 12:22:57===
===Setting===
    dataset: domainnet
    lr: 0.01
    batch: 16
    iters: 50
    wk_iters: 1
    si: False
    lambda for constrastive: 0.5
data_number=[16,33,50,67,84,31,39,48,58,116,35,]
label set of clients: [10, 10, 10, 10, 10, 10, 10, 10, 10, 10, 9, ]
domain number = 6
============ Train epoch 0 ============
 Site-Clipart   | Train Loss: 2.2691 | Train Acc: 0.1875
 Site-Clipart   | Train Loss: 2.2735 | Train Acc: 0.0606
 Site-Clipart   | Train Loss: 2.2874 | Train Acc: 0.1400
 Site-Clipart   | Train Loss: 2.2655 | Train Acc: 0.1791
 Site-Clipart   | Train Loss: 2.2690 | Train Acc: 0.1429
 Site-Infograph | Train Loss: 2.2927 | Train Acc: 0.1290
 Site-Painting  | Train Loss: 2.2937 | Train Acc: 0.1026
 Site-QuickDraw | Train Loss: 2.2969 | Train Acc: 0.0000
 Site-Real      | Train Loss: 2.2961 | Train Acc: 0.1379
 Site-Real      | Train Loss: 2.2875 | Train Acc: 0.1121
 Site-Sketch    | Train Loss: 2.3399 | Train Acc: 0.1143
 Site-Clipart   | Val  Loss: 2.2817 | Val  Acc: 0.0909
 Site-Clipart   | Val  Loss: 2.3034 | Val  Acc: 0.0909
 Site-Clipart   | Val  Loss: 2.3223 | Val  Acc: 0.1212
 Site-Clipart   | Val  Loss: 2.2590 | Val  Acc: 0.2273
 Site-Clipart   | Val  Loss: 2.2757 | Val  Acc: 0.1250
 Site-Infograph | Val  Loss: 2.2918 | Val  Acc: 0.1500
 Site-Painting  | Val  Loss: 2.2869 | Val  Acc: 0.2692
 Site-QuickDraw | Val  Loss: 2.2823 | Val  Acc: 0.1250
 Site-Real      | Val  Loss: 2.2852 | Val  Acc: 0.1316
 Site-Real      | Val  Loss: 2.2883 | Val  Acc: 0.0909
 Site-Sketch    | Val  Loss: 2.2540 | Val  Acc: 0.2174
Average Valid Accuracy: 0.1490
 Best site-Clipart    | Epoch:0 | Val Acc: 0.0909
 Best site-Clipart    | Epoch:0 | Val Acc: 0.0909
 Best site-Clipart    | Epoch:0 | Val Acc: 0.1212
 Best site-Clipart    | Epoch:0 | Val Acc: 0.2273
 Best site-Clipart    | Epoch:0 | Val Acc: 0.1250
 Best site-Infograph  | Epoch:0 | Val Acc: 0.1500
 Best site-Painting   | Epoch:0 | Val Acc: 0.2692
 Best site-QuickDraw  | Epoch:0 | Val Acc: 0.1250
 Best site-Real       | Epoch:0 | Val Acc: 0.1316
 Best site-Real       | Epoch:0 | Val Acc: 0.0909
 Best site-Sketch     | Epoch:0 | Val Acc: 0.2174
 Saving the local and server checkpoint to ../checkpoint/fed_domainnet_uneven-1_1/fedavg...
============ Train epoch 1 ============
 Site-Clipart   | Train Loss: 2.2624 | Train Acc: 0.2500
 Site-Clipart   | Train Loss: 2.2808 | Train Acc: 0.0909
 Site-Clipart   | Train Loss: 2.2699 | Train Acc: 0.2000
 Site-Clipart   | Train Loss: 2.2634 | Train Acc: 0.2239
 Site-Clipart   | Train Loss: 2.2565 | Train Acc: 0.1786
 Site-Infograph | Train Loss: 2.3109 | Train Acc: 0.1935
 Site-Painting  | Train Loss: 2.2911 | Train Acc: 0.1538
 Site-QuickDraw | Train Loss: 2.2860 | Train Acc: 0.0208
 Site-Real      | Train Loss: 2.2716 | Train Acc: 0.1552
 Site-Real      | Train Loss: 2.2666 | Train Acc: 0.1379
 Site-Sketch    | Train Loss: 2.3015 | Train Acc: 0.1429
 Site-Clipart   | Val  Loss: 2.2717 | Val  Acc: 0.0909
 Site-Clipart   | Val  Loss: 2.2742 | Val  Acc: 0.1364
 Site-Clipart   | Val  Loss: 2.3059 | Val  Acc: 0.2424
 Site-Clipart   | Val  Loss: 2.2471 | Val  Acc: 0.3182
 Site-Clipart   | Val  Loss: 2.2599 | Val  Acc: 0.2321
 Site-Infograph | Val  Loss: 2.2721 | Val  Acc: 0.1500
 Site-Painting  | Val  Loss: 2.2436 | Val  Acc: 0.3846
 Site-QuickDraw | Val  Loss: 2.2945 | Val  Acc: 0.0625
 Site-Real      | Val  Loss: 2.2616 | Val  Acc: 0.1579
 Site-Real      | Val  Loss: 2.2692 | Val  Acc: 0.1299
 Site-Sketch    | Val  Loss: 2.2341 | Val  Acc: 0.2609
Average Valid Accuracy: 0.1969
 Best site-Clipart    | Epoch:1 | Val Acc: 0.0909
 Best site-Clipart    | Epoch:1 | Val Acc: 0.1364
 Best site-Clipart    | Epoch:1 | Val Acc: 0.2424
 Best site-Clipart    | Epoch:1 | Val Acc: 0.3182
 Best site-Clipart    | Epoch:1 | Val Acc: 0.2321
 Best site-Infograph  | Epoch:1 | Val Acc: 0.1500
 Best site-Painting   | Epoch:1 | Val Acc: 0.3846
 Best site-QuickDraw  | Epoch:1 | Val Acc: 0.0625
 Best site-Real       | Epoch:1 | Val Acc: 0.1579
 Best site-Real       | Epoch:1 | Val Acc: 0.1299
 Best site-Sketch     | Epoch:1 | Val Acc: 0.2609
 Saving the local and server checkpoint to ../checkpoint/fed_domainnet_uneven-1_1/fedavg...
============ Train epoch 2 ============
 Site-Clipart   | Train Loss: 2.2439 | Train Acc: 0.1875
 Site-Clipart   | Train Loss: 2.2639 | Train Acc: 0.2424
 Site-Clipart   | Train Loss: 2.2286 | Train Acc: 0.2800
 Site-Clipart   | Train Loss: 2.2528 | Train Acc: 0.2836
 Site-Clipart   | Train Loss: 2.2271 | Train Acc: 0.2143
 Site-Infograph | Train Loss: 2.2960 | Train Acc: 0.0645
 Site-Painting  | Train Loss: 2.2741 | Train Acc: 0.1795
 Site-QuickDraw | Train Loss: 2.2904 | Train Acc: 0.0417
 Site-Real      | Train Loss: 2.2381 | Train Acc: 0.2241
 Site-Real      | Train Loss: 2.2417 | Train Acc: 0.2328
 Site-Sketch    | Train Loss: 2.3030 | Train Acc: 0.1429
 Site-Clipart   | Val  Loss: 2.2534 | Val  Acc: 0.1818
 Site-Clipart   | Val  Loss: 2.2244 | Val  Acc: 0.2273
 Site-Clipart   | Val  Loss: 2.2881 | Val  Acc: 0.2727
 Site-Clipart   | Val  Loss: 2.2185 | Val  Acc: 0.3409
 Site-Clipart   | Val  Loss: 2.2480 | Val  Acc: 0.3214
 Site-Infograph | Val  Loss: 2.2951 | Val  Acc: 0.2000
 Site-Painting  | Val  Loss: 2.2125 | Val  Acc: 0.4615
 Site-QuickDraw | Val  Loss: 2.2897 | Val  Acc: 0.0938
 Site-Real      | Val  Loss: 2.2296 | Val  Acc: 0.2895
 Site-Real      | Val  Loss: 2.2409 | Val  Acc: 0.2208
 Site-Sketch    | Val  Loss: 2.2258 | Val  Acc: 0.3043
Average Valid Accuracy: 0.2649
 Best site-Clipart    | Epoch:2 | Val Acc: 0.1818
 Best site-Clipart    | Epoch:2 | Val Acc: 0.2273
 Best site-Clipart    | Epoch:2 | Val Acc: 0.2727
 Best site-Clipart    | Epoch:2 | Val Acc: 0.3409
 Best site-Clipart    | Epoch:2 | Val Acc: 0.3214
 Best site-Infograph  | Epoch:2 | Val Acc: 0.2000
 Best site-Painting   | Epoch:2 | Val Acc: 0.4615
 Best site-QuickDraw  | Epoch:2 | Val Acc: 0.0938
 Best site-Real       | Epoch:2 | Val Acc: 0.2895
 Best site-Real       | Epoch:2 | Val Acc: 0.2208
 Best site-Sketch     | Epoch:2 | Val Acc: 0.3043
 Saving the local and server checkpoint to ../checkpoint/fed_domainnet_uneven-1_1/fedavg...
============ Train epoch 3 ============
 Site-Clipart   | Train Loss: 2.2191 | Train Acc: 0.3125
 Site-Clipart   | Train Loss: 2.2884 | Train Acc: 0.2727
 Site-Clipart   | Train Loss: 2.2434 | Train Acc: 0.2800
 Site-Clipart   | Train Loss: 2.2293 | Train Acc: 0.3134
 Site-Clipart   | Train Loss: 2.2297 | Train Acc: 0.3571
 Site-Infograph | Train Loss: 2.2894 | Train Acc: 0.1613
 Site-Painting  | Train Loss: 2.2633 | Train Acc: 0.2308
 Site-QuickDraw | Train Loss: 2.2910 | Train Acc: 0.0833
 Site-Real      | Train Loss: 2.2332 | Train Acc: 0.2931
 Site-Real      | Train Loss: 2.2106 | Train Acc: 0.3362
 Site-Sketch    | Train Loss: 2.2647 | Train Acc: 0.1714
 Site-Clipart   | Val  Loss: 2.2210 | Val  Acc: 0.3636
 Site-Clipart   | Val  Loss: 2.2420 | Val  Acc: 0.3182
 Site-Clipart   | Val  Loss: 2.2615 | Val  Acc: 0.3939
 Site-Clipart   | Val  Loss: 2.1970 | Val  Acc: 0.4091
 Site-Clipart   | Val  Loss: 2.2372 | Val  Acc: 0.3214
 Site-Infograph | Val  Loss: 2.3002 | Val  Acc: 0.1500
 Site-Painting  | Val  Loss: 2.2128 | Val  Acc: 0.5000
 Site-QuickDraw | Val  Loss: 2.2882 | Val  Acc: 0.0938
 Site-Real      | Val  Loss: 2.2184 | Val  Acc: 0.3684
 Site-Real      | Val  Loss: 2.2136 | Val  Acc: 0.3506
 Site-Sketch    | Val  Loss: 2.1881 | Val  Acc: 0.3478
Average Valid Accuracy: 0.3288
 Best site-Clipart    | Epoch:3 | Val Acc: 0.3636
 Best site-Clipart    | Epoch:3 | Val Acc: 0.3182
 Best site-Clipart    | Epoch:3 | Val Acc: 0.3939
 Best site-Clipart    | Epoch:3 | Val Acc: 0.4091
 Best site-Clipart    | Epoch:3 | Val Acc: 0.3214
 Best site-Infograph  | Epoch:3 | Val Acc: 0.1500
 Best site-Painting   | Epoch:3 | Val Acc: 0.5000
 Best site-QuickDraw  | Epoch:3 | Val Acc: 0.0938
 Best site-Real       | Epoch:3 | Val Acc: 0.3684
 Best site-Real       | Epoch:3 | Val Acc: 0.3506
 Best site-Sketch     | Epoch:3 | Val Acc: 0.3478
 Saving the local and server checkpoint to ../checkpoint/fed_domainnet_uneven-1_1/fedavg...
============ Train epoch 4 ============
 Site-Clipart   | Train Loss: 2.2252 | Train Acc: 0.4375
 Site-Clipart   | Train Loss: 2.2205 | Train Acc: 0.4545
 Site-Clipart   | Train Loss: 2.1915 | Train Acc: 0.3600
 Site-Clipart   | Train Loss: 2.2017 | Train Acc: 0.4030
 Site-Clipart   | Train Loss: 2.1966 | Train Acc: 0.3929
 Site-Infograph | Train Loss: 2.2792 | Train Acc: 0.2258
 Site-Painting  | Train Loss: 2.2405 | Train Acc: 0.3846
 Site-QuickDraw | Train Loss: 2.2858 | Train Acc: 0.0833
 Site-Real      | Train Loss: 2.1986 | Train Acc: 0.4310
 Site-Real      | Train Loss: 2.2001 | Train Acc: 0.4224
 Site-Sketch    | Train Loss: 2.2381 | Train Acc: 0.3143
 Site-Clipart   | Val  Loss: 2.2115 | Val  Acc: 0.3636
 Site-Clipart   | Val  Loss: 2.2096 | Val  Acc: 0.4091
 Site-Clipart   | Val  Loss: 2.2348 | Val  Acc: 0.3939
 Site-Clipart   | Val  Loss: 2.1899 | Val  Acc: 0.4773
 Site-Clipart   | Val  Loss: 2.2200 | Val  Acc: 0.3393
 Site-Infograph | Val  Loss: 2.3014 | Val  Acc: 0.2000
 Site-Painting  | Val  Loss: 2.1771 | Val  Acc: 0.5385
 Site-QuickDraw | Val  Loss: 2.2805 | Val  Acc: 0.0938
 Site-Real      | Val  Loss: 2.1827 | Val  Acc: 0.4211
 Site-Real      | Val  Loss: 2.1995 | Val  Acc: 0.4675
 Site-Sketch    | Val  Loss: 2.1754 | Val  Acc: 0.3043
Average Valid Accuracy: 0.3644
 Best site-Clipart    | Epoch:4 | Val Acc: 0.3636
 Best site-Clipart    | Epoch:4 | Val Acc: 0.4091
 Best site-Clipart    | Epoch:4 | Val Acc: 0.3939
 Best site-Clipart    | Epoch:4 | Val Acc: 0.4773
 Best site-Clipart    | Epoch:4 | Val Acc: 0.3393
 Best site-Infograph  | Epoch:4 | Val Acc: 0.2000
 Best site-Painting   | Epoch:4 | Val Acc: 0.5385
 Best site-QuickDraw  | Epoch:4 | Val Acc: 0.0938
 Best site-Real       | Epoch:4 | Val Acc: 0.4211
 Best site-Real       | Epoch:4 | Val Acc: 0.4675
 Best site-Sketch     | Epoch:4 | Val Acc: 0.3043
 Saving the local and server checkpoint to ../checkpoint/fed_domainnet_uneven-1_1/fedavg...
============ Train epoch 5 ============
 Site-Clipart   | Train Loss: 2.1861 | Train Acc: 0.4375
 Site-Clipart   | Train Loss: 2.1397 | Train Acc: 0.3939
 Site-Clipart   | Train Loss: 2.1764 | Train Acc: 0.4600
 Site-Clipart   | Train Loss: 2.2097 | Train Acc: 0.4179
 Site-Clipart   | Train Loss: 2.1653 | Train Acc: 0.4167
 Site-Infograph | Train Loss: 2.2759 | Train Acc: 0.1935
 Site-Painting  | Train Loss: 2.2119 | Train Acc: 0.4359
 Site-QuickDraw | Train Loss: 2.2900 | Train Acc: 0.0417
 Site-Real      | Train Loss: 2.1678 | Train Acc: 0.4828
 Site-Real      | Train Loss: 2.1720 | Train Acc: 0.4914
 Site-Sketch    | Train Loss: 2.2195 | Train Acc: 0.2286
 Site-Clipart   | Val  Loss: 2.1891 | Val  Acc: 0.3636
 Site-Clipart   | Val  Loss: 2.2033 | Val  Acc: 0.2727
 Site-Clipart   | Val  Loss: 2.2167 | Val  Acc: 0.4545
 Site-Clipart   | Val  Loss: 2.1484 | Val  Acc: 0.5227
 Site-Clipart   | Val  Loss: 2.2035 | Val  Acc: 0.4464
 Site-Infograph | Val  Loss: 2.2754 | Val  Acc: 0.2000
 Site-Painting  | Val  Loss: 2.1624 | Val  Acc: 0.6154
 Site-QuickDraw | Val  Loss: 2.2746 | Val  Acc: 0.0938
 Site-Real      | Val  Loss: 2.1487 | Val  Acc: 0.5263
 Site-Real      | Val  Loss: 2.1678 | Val  Acc: 0.5455
 Site-Sketch    | Val  Loss: 2.1467 | Val  Acc: 0.4348
Average Valid Accuracy: 0.4069
 Best site-Clipart    | Epoch:5 | Val Acc: 0.3636
 Best site-Clipart    | Epoch:5 | Val Acc: 0.2727
 Best site-Clipart    | Epoch:5 | Val Acc: 0.4545
 Best site-Clipart    | Epoch:5 | Val Acc: 0.5227
 Best site-Clipart    | Epoch:5 | Val Acc: 0.4464
 Best site-Infograph  | Epoch:5 | Val Acc: 0.2000
 Best site-Painting   | Epoch:5 | Val Acc: 0.6154
 Best site-QuickDraw  | Epoch:5 | Val Acc: 0.0938
 Best site-Real       | Epoch:5 | Val Acc: 0.5263
 Best site-Real       | Epoch:5 | Val Acc: 0.5455
 Best site-Sketch     | Epoch:5 | Val Acc: 0.4348
 Saving the local and server checkpoint to ../checkpoint/fed_domainnet_uneven-1_1/fedavg...
============ Train epoch 6 ============
 Site-Clipart   | Train Loss: 2.2076 | Train Acc: 0.4375
 Site-Clipart   | Train Loss: 2.2295 | Train Acc: 0.4545
 Site-Clipart   | Train Loss: 2.1864 | Train Acc: 0.4400
 Site-Clipart   | Train Loss: 2.1768 | Train Acc: 0.5373
 Site-Clipart   | Train Loss: 2.1607 | Train Acc: 0.5000
 Site-Infograph | Train Loss: 2.2678 | Train Acc: 0.2258
 Site-Painting  | Train Loss: 2.1895 | Train Acc: 0.4615
 Site-QuickDraw | Train Loss: 2.2743 | Train Acc: 0.1042
 Site-Real      | Train Loss: 2.1630 | Train Acc: 0.5000
 Site-Real      | Train Loss: 2.1407 | Train Acc: 0.5862
 Site-Sketch    | Train Loss: 2.1828 | Train Acc: 0.4571
 Site-Clipart   | Val  Loss: 2.1790 | Val  Acc: 0.5455
 Site-Clipart   | Val  Loss: 2.1671 | Val  Acc: 0.4545
 Site-Clipart   | Val  Loss: 2.1948 | Val  Acc: 0.4545
 Site-Clipart   | Val  Loss: 2.1415 | Val  Acc: 0.5455
 Site-Clipart   | Val  Loss: 2.2033 | Val  Acc: 0.4286
 Site-Infograph | Val  Loss: 2.2734 | Val  Acc: 0.1500
 Site-Painting  | Val  Loss: 2.1354 | Val  Acc: 0.5769
 Site-QuickDraw | Val  Loss: 2.2773 | Val  Acc: 0.1562
 Site-Real      | Val  Loss: 2.1262 | Val  Acc: 0.7368
 Site-Real      | Val  Loss: 2.1544 | Val  Acc: 0.5974
 Site-Sketch    | Val  Loss: 2.1311 | Val  Acc: 0.5652
Average Valid Accuracy: 0.4737
 Best site-Clipart    | Epoch:6 | Val Acc: 0.5455
 Best site-Clipart    | Epoch:6 | Val Acc: 0.4545
 Best site-Clipart    | Epoch:6 | Val Acc: 0.4545
 Best site-Clipart    | Epoch:6 | Val Acc: 0.5455
 Best site-Clipart    | Epoch:6 | Val Acc: 0.4286
 Best site-Infograph  | Epoch:6 | Val Acc: 0.1500
 Best site-Painting   | Epoch:6 | Val Acc: 0.5769
 Best site-QuickDraw  | Epoch:6 | Val Acc: 0.1562
 Best site-Real       | Epoch:6 | Val Acc: 0.7368
 Best site-Real       | Epoch:6 | Val Acc: 0.5974
 Best site-Sketch     | Epoch:6 | Val Acc: 0.5652
 Saving the local and server checkpoint to ../checkpoint/fed_domainnet_uneven-1_1/fedavg...
============ Train epoch 7 ============
 Site-Clipart   | Train Loss: 2.1895 | Train Acc: 0.5625
 Site-Clipart   | Train Loss: 2.0932 | Train Acc: 0.5152
 Site-Clipart   | Train Loss: 2.1412 | Train Acc: 0.4600
 Site-Clipart   | Train Loss: 2.1689 | Train Acc: 0.4776
 Site-Clipart   | Train Loss: 2.1448 | Train Acc: 0.5238
 Site-Infograph | Train Loss: 2.2610 | Train Acc: 0.2258
 Site-Painting  | Train Loss: 2.1741 | Train Acc: 0.4359
 Site-QuickDraw | Train Loss: 2.2686 | Train Acc: 0.1042
 Site-Real      | Train Loss: 2.1349 | Train Acc: 0.6034
 Site-Real      | Train Loss: 2.1283 | Train Acc: 0.6552
 Site-Sketch    | Train Loss: 2.1522 | Train Acc: 0.4286
 Site-Clipart   | Val  Loss: 2.1567 | Val  Acc: 0.5455
 Site-Clipart   | Val  Loss: 2.1753 | Val  Acc: 0.4545
 Site-Clipart   | Val  Loss: 2.1779 | Val  Acc: 0.4545
 Site-Clipart   | Val  Loss: 2.1255 | Val  Acc: 0.5682
 Site-Clipart   | Val  Loss: 2.1790 | Val  Acc: 0.4821
 Site-Infograph | Val  Loss: 2.2759 | Val  Acc: 0.2000
 Site-Painting  | Val  Loss: 2.1337 | Val  Acc: 0.6154
 Site-QuickDraw | Val  Loss: 2.2682 | Val  Acc: 0.0625
 Site-Real      | Val  Loss: 2.1095 | Val  Acc: 0.7895
 Site-Real      | Val  Loss: 2.1287 | Val  Acc: 0.5974
 Site-Sketch    | Val  Loss: 2.1299 | Val  Acc: 0.5217
Average Valid Accuracy: 0.4810
 Best site-Clipart    | Epoch:7 | Val Acc: 0.5455
 Best site-Clipart    | Epoch:7 | Val Acc: 0.4545
 Best site-Clipart    | Epoch:7 | Val Acc: 0.4545
 Best site-Clipart    | Epoch:7 | Val Acc: 0.5682
 Best site-Clipart    | Epoch:7 | Val Acc: 0.4821
 Best site-Infograph  | Epoch:7 | Val Acc: 0.2000
 Best site-Painting   | Epoch:7 | Val Acc: 0.6154
 Best site-QuickDraw  | Epoch:7 | Val Acc: 0.0625
 Best site-Real       | Epoch:7 | Val Acc: 0.7895
 Best site-Real       | Epoch:7 | Val Acc: 0.5974
 Best site-Sketch     | Epoch:7 | Val Acc: 0.5217
 Saving the local and server checkpoint to ../checkpoint/fed_domainnet_uneven-1_1/fedavg...
============ Train epoch 8 ============
 Site-Clipart   | Train Loss: 2.1911 | Train Acc: 0.4375
 Site-Clipart   | Train Loss: 2.0649 | Train Acc: 0.5758
 Site-Clipart   | Train Loss: 2.1786 | Train Acc: 0.4200
 Site-Clipart   | Train Loss: 2.1052 | Train Acc: 0.5075
 Site-Clipart   | Train Loss: 2.1198 | Train Acc: 0.5000
 Site-Infograph | Train Loss: 2.2583 | Train Acc: 0.1613
 Site-Painting  | Train Loss: 2.1703 | Train Acc: 0.4872
 Site-QuickDraw | Train Loss: 2.2613 | Train Acc: 0.1458
 Site-Real      | Train Loss: 2.1181 | Train Acc: 0.6034
 Site-Real      | Train Loss: 2.1025 | Train Acc: 0.7069
 Site-Sketch    | Train Loss: 2.1746 | Train Acc: 0.4286
 Site-Clipart   | Val  Loss: 2.1274 | Val  Acc: 0.5455
 Site-Clipart   | Val  Loss: 2.1440 | Val  Acc: 0.5000
 Site-Clipart   | Val  Loss: 2.1578 | Val  Acc: 0.4848
 Site-Clipart   | Val  Loss: 2.1180 | Val  Acc: 0.5000
 Site-Clipart   | Val  Loss: 2.1587 | Val  Acc: 0.4643
 Site-Infograph | Val  Loss: 2.2667 | Val  Acc: 0.2000
 Site-Painting  | Val  Loss: 2.1011 | Val  Acc: 0.7692
 Site-QuickDraw | Val  Loss: 2.2765 | Val  Acc: 0.1562
 Site-Real      | Val  Loss: 2.0979 | Val  Acc: 0.7632
 Site-Real      | Val  Loss: 2.1134 | Val  Acc: 0.6494
 Site-Sketch    | Val  Loss: 2.0897 | Val  Acc: 0.6522
Average Valid Accuracy: 0.5168
 Best site-Clipart    | Epoch:8 | Val Acc: 0.5455
 Best site-Clipart    | Epoch:8 | Val Acc: 0.5000
 Best site-Clipart    | Epoch:8 | Val Acc: 0.4848
 Best site-Clipart    | Epoch:8 | Val Acc: 0.5000
 Best site-Clipart    | Epoch:8 | Val Acc: 0.4643
 Best site-Infograph  | Epoch:8 | Val Acc: 0.2000
 Best site-Painting   | Epoch:8 | Val Acc: 0.7692
 Best site-QuickDraw  | Epoch:8 | Val Acc: 0.1562
 Best site-Real       | Epoch:8 | Val Acc: 0.7632
 Best site-Real       | Epoch:8 | Val Acc: 0.6494
 Best site-Sketch     | Epoch:8 | Val Acc: 0.6522
 Saving the local and server checkpoint to ../checkpoint/fed_domainnet_uneven-1_1/fedavg...
============ Train epoch 9 ============
 Site-Clipart   | Train Loss: 2.1632 | Train Acc: 0.3750
 Site-Clipart   | Train Loss: 2.0367 | Train Acc: 0.6061
 Site-Clipart   | Train Loss: 2.1202 | Train Acc: 0.4800
 Site-Clipart   | Train Loss: 2.1320 | Train Acc: 0.5373
 Site-Clipart   | Train Loss: 2.0931 | Train Acc: 0.5476
 Site-Infograph | Train Loss: 2.2674 | Train Acc: 0.1613
 Site-Painting  | Train Loss: 2.1519 | Train Acc: 0.4615
 Site-QuickDraw | Train Loss: 2.2704 | Train Acc: 0.1250
 Site-Real      | Train Loss: 2.0943 | Train Acc: 0.6379
 Site-Real      | Train Loss: 2.0873 | Train Acc: 0.7672
 Site-Sketch    | Train Loss: 2.1802 | Train Acc: 0.5143
 Site-Clipart   | Val  Loss: 2.1677 | Val  Acc: 0.5455
 Site-Clipart   | Val  Loss: 2.1392 | Val  Acc: 0.5000
 Site-Clipart   | Val  Loss: 2.1323 | Val  Acc: 0.6061
 Site-Clipart   | Val  Loss: 2.1008 | Val  Acc: 0.5000
 Site-Clipart   | Val  Loss: 2.1463 | Val  Acc: 0.5179
 Site-Infograph | Val  Loss: 2.2847 | Val  Acc: 0.1500
 Site-Painting  | Val  Loss: 2.0956 | Val  Acc: 0.6538
 Site-QuickDraw | Val  Loss: 2.2769 | Val  Acc: 0.1562
 Site-Real      | Val  Loss: 2.0728 | Val  Acc: 0.7895
 Site-Real      | Val  Loss: 2.0747 | Val  Acc: 0.7403
 Site-Sketch    | Val  Loss: 2.0846 | Val  Acc: 0.5217
Average Valid Accuracy: 0.5164
============ Train epoch 10 ============
 Site-Clipart   | Train Loss: 2.1525 | Train Acc: 0.5625
 Site-Clipart   | Train Loss: 2.1498 | Train Acc: 0.5758
 Site-Clipart   | Train Loss: 2.0810 | Train Acc: 0.4200
 Site-Clipart   | Train Loss: 2.0841 | Train Acc: 0.6418
 Site-Clipart   | Train Loss: 2.0948 | Train Acc: 0.5833
 Site-Infograph | Train Loss: 2.2532 | Train Acc: 0.1935
 Site-Painting  | Train Loss: 2.1215 | Train Acc: 0.5897
 Site-QuickDraw | Train Loss: 2.2725 | Train Acc: 0.1250
 Site-Real      | Train Loss: 2.0698 | Train Acc: 0.6552
 Site-Real      | Train Loss: 2.0587 | Train Acc: 0.7414
 Site-Sketch    | Train Loss: 2.1025 | Train Acc: 0.4571
 Site-Clipart   | Val  Loss: 2.1059 | Val  Acc: 0.6364
 Site-Clipart   | Val  Loss: 2.0995 | Val  Acc: 0.5455
 Site-Clipart   | Val  Loss: 2.1159 | Val  Acc: 0.5758
 Site-Clipart   | Val  Loss: 2.0744 | Val  Acc: 0.5909
 Site-Clipart   | Val  Loss: 2.1307 | Val  Acc: 0.4821
 Site-Infograph | Val  Loss: 2.2741 | Val  Acc: 0.1500
 Site-Painting  | Val  Loss: 2.0755 | Val  Acc: 0.7308
 Site-QuickDraw | Val  Loss: 2.2601 | Val  Acc: 0.1250
 Site-Real      | Val  Loss: 2.0377 | Val  Acc: 0.8158
 Site-Real      | Val  Loss: 2.0636 | Val  Acc: 0.7922
 Site-Sketch    | Val  Loss: 2.0833 | Val  Acc: 0.5652
Average Valid Accuracy: 0.5463
 Best site-Clipart    | Epoch:10 | Val Acc: 0.6364
 Best site-Clipart    | Epoch:10 | Val Acc: 0.5455
 Best site-Clipart    | Epoch:10 | Val Acc: 0.5758
 Best site-Clipart    | Epoch:10 | Val Acc: 0.5909
 Best site-Clipart    | Epoch:10 | Val Acc: 0.4821
 Best site-Infograph  | Epoch:10 | Val Acc: 0.1500
 Best site-Painting   | Epoch:10 | Val Acc: 0.7308
 Best site-QuickDraw  | Epoch:10 | Val Acc: 0.1250
 Best site-Real       | Epoch:10 | Val Acc: 0.8158
 Best site-Real       | Epoch:10 | Val Acc: 0.7922
 Best site-Sketch     | Epoch:10 | Val Acc: 0.5652
 Saving the local and server checkpoint to ../checkpoint/fed_domainnet_uneven-1_1/fedavg...
============ Train epoch 11 ============
 Site-Clipart   | Train Loss: 2.1476 | Train Acc: 0.5000
 Site-Clipart   | Train Loss: 2.0217 | Train Acc: 0.7576
 Site-Clipart   | Train Loss: 2.1272 | Train Acc: 0.5400
 Site-Clipart   | Train Loss: 2.0843 | Train Acc: 0.5672
 Site-Clipart   | Train Loss: 2.0706 | Train Acc: 0.6190
 Site-Infograph | Train Loss: 2.2456 | Train Acc: 0.2903
 Site-Painting  | Train Loss: 2.1386 | Train Acc: 0.6410
 Site-QuickDraw | Train Loss: 2.2605 | Train Acc: 0.1458
 Site-Real      | Train Loss: 2.0580 | Train Acc: 0.7414
 Site-Real      | Train Loss: 2.0389 | Train Acc: 0.7931
 Site-Sketch    | Train Loss: 2.1244 | Train Acc: 0.5429
 Site-Clipart   | Val  Loss: 2.0981 | Val  Acc: 0.6364
 Site-Clipart   | Val  Loss: 2.1072 | Val  Acc: 0.5455
 Site-Clipart   | Val  Loss: 2.1013 | Val  Acc: 0.6061
 Site-Clipart   | Val  Loss: 2.0597 | Val  Acc: 0.6591
 Site-Clipart   | Val  Loss: 2.1241 | Val  Acc: 0.5000
 Site-Infograph | Val  Loss: 2.2648 | Val  Acc: 0.2000
 Site-Painting  | Val  Loss: 2.0553 | Val  Acc: 0.7308
 Site-QuickDraw | Val  Loss: 2.2713 | Val  Acc: 0.0938
 Site-Real      | Val  Loss: 2.0178 | Val  Acc: 0.8684
 Site-Real      | Val  Loss: 2.0398 | Val  Acc: 0.8052
 Site-Sketch    | Val  Loss: 2.0625 | Val  Acc: 0.6522
Average Valid Accuracy: 0.5725
 Best site-Clipart    | Epoch:11 | Val Acc: 0.6364
 Best site-Clipart    | Epoch:11 | Val Acc: 0.5455
 Best site-Clipart    | Epoch:11 | Val Acc: 0.6061
 Best site-Clipart    | Epoch:11 | Val Acc: 0.6591
 Best site-Clipart    | Epoch:11 | Val Acc: 0.5000
 Best site-Infograph  | Epoch:11 | Val Acc: 0.2000
 Best site-Painting   | Epoch:11 | Val Acc: 0.7308
 Best site-QuickDraw  | Epoch:11 | Val Acc: 0.0938
 Best site-Real       | Epoch:11 | Val Acc: 0.8684
 Best site-Real       | Epoch:11 | Val Acc: 0.8052
 Best site-Sketch     | Epoch:11 | Val Acc: 0.6522
 Saving the local and server checkpoint to ../checkpoint/fed_domainnet_uneven-1_1/fedavg...
============ Train epoch 12 ============
 Site-Clipart   | Train Loss: 2.1219 | Train Acc: 0.5000
 Site-Clipart   | Train Loss: 2.1029 | Train Acc: 0.6061
 Site-Clipart   | Train Loss: 2.1066 | Train Acc: 0.6400
 Site-Clipart   | Train Loss: 2.0323 | Train Acc: 0.6119
 Site-Clipart   | Train Loss: 2.0572 | Train Acc: 0.6429
 Site-Infograph | Train Loss: 2.2536 | Train Acc: 0.2258
 Site-Painting  | Train Loss: 2.1184 | Train Acc: 0.6154
 Site-QuickDraw | Train Loss: 2.2464 | Train Acc: 0.0833
 Site-Real      | Train Loss: 2.0153 | Train Acc: 0.7241
 Site-Real      | Train Loss: 2.0192 | Train Acc: 0.8534
 Site-Sketch    | Train Loss: 2.0799 | Train Acc: 0.5143
 Site-Clipart   | Val  Loss: 2.0531 | Val  Acc: 0.5455
 Site-Clipart   | Val  Loss: 2.0832 | Val  Acc: 0.5000
 Site-Clipart   | Val  Loss: 2.0641 | Val  Acc: 0.6364
 Site-Clipart   | Val  Loss: 2.0596 | Val  Acc: 0.5682
 Site-Clipart   | Val  Loss: 2.1176 | Val  Acc: 0.5536
 Site-Infograph | Val  Loss: 2.2963 | Val  Acc: 0.1500
 Site-Painting  | Val  Loss: 2.0253 | Val  Acc: 0.7308
 Site-QuickDraw | Val  Loss: 2.2589 | Val  Acc: 0.0938
 Site-Real      | Val  Loss: 1.9929 | Val  Acc: 0.8421
 Site-Real      | Val  Loss: 2.0143 | Val  Acc: 0.8312
 Site-Sketch    | Val  Loss: 2.0321 | Val  Acc: 0.6957
Average Valid Accuracy: 0.5588
============ Train epoch 13 ============
 Site-Clipart   | Train Loss: 2.1468 | Train Acc: 0.4375
 Site-Clipart   | Train Loss: 1.9142 | Train Acc: 0.5758
 Site-Clipart   | Train Loss: 2.1361 | Train Acc: 0.5800
 Site-Clipart   | Train Loss: 2.0716 | Train Acc: 0.6567
 Site-Clipart   | Train Loss: 2.0285 | Train Acc: 0.6667
 Site-Infograph | Train Loss: 2.2353 | Train Acc: 0.2258
 Site-Painting  | Train Loss: 2.1017 | Train Acc: 0.6410
 Site-QuickDraw | Train Loss: 2.2541 | Train Acc: 0.1250
 Site-Real      | Train Loss: 2.0129 | Train Acc: 0.7931
 Site-Real      | Train Loss: 1.9978 | Train Acc: 0.8448
 Site-Sketch    | Train Loss: 2.0489 | Train Acc: 0.6000
 Site-Clipart   | Val  Loss: 2.0862 | Val  Acc: 0.5455
 Site-Clipart   | Val  Loss: 2.0459 | Val  Acc: 0.6364
 Site-Clipart   | Val  Loss: 2.0410 | Val  Acc: 0.6061
 Site-Clipart   | Val  Loss: 2.0241 | Val  Acc: 0.6818
 Site-Clipart   | Val  Loss: 2.1016 | Val  Acc: 0.5179
 Site-Infograph | Val  Loss: 2.2564 | Val  Acc: 0.2500
 Site-Painting  | Val  Loss: 1.9890 | Val  Acc: 0.8077
 Site-QuickDraw | Val  Loss: 2.2607 | Val  Acc: 0.1250
 Site-Real      | Val  Loss: 1.9728 | Val  Acc: 0.8684
 Site-Real      | Val  Loss: 1.9928 | Val  Acc: 0.8442
 Site-Sketch    | Val  Loss: 2.0418 | Val  Acc: 0.6957
Average Valid Accuracy: 0.5980
 Best site-Clipart    | Epoch:13 | Val Acc: 0.5455
 Best site-Clipart    | Epoch:13 | Val Acc: 0.6364
 Best site-Clipart    | Epoch:13 | Val Acc: 0.6061
 Best site-Clipart    | Epoch:13 | Val Acc: 0.6818
 Best site-Clipart    | Epoch:13 | Val Acc: 0.5179
 Best site-Infograph  | Epoch:13 | Val Acc: 0.2500
 Best site-Painting   | Epoch:13 | Val Acc: 0.8077
 Best site-QuickDraw  | Epoch:13 | Val Acc: 0.1250
 Best site-Real       | Epoch:13 | Val Acc: 0.8684
 Best site-Real       | Epoch:13 | Val Acc: 0.8442
 Best site-Sketch     | Epoch:13 | Val Acc: 0.6957
 Saving the local and server checkpoint to ../checkpoint/fed_domainnet_uneven-1_1/fedavg...
============ Train epoch 14 ============
 Site-Clipart   | Train Loss: 2.0967 | Train Acc: 0.5625
 Site-Clipart   | Train Loss: 2.0882 | Train Acc: 0.6667
 Site-Clipart   | Train Loss: 2.0966 | Train Acc: 0.5400
 Site-Clipart   | Train Loss: 2.0328 | Train Acc: 0.5672
 Site-Clipart   | Train Loss: 1.9773 | Train Acc: 0.6667
 Site-Infograph | Train Loss: 2.2405 | Train Acc: 0.2581
 Site-Painting  | Train Loss: 2.1005 | Train Acc: 0.6923
 Site-QuickDraw | Train Loss: 2.2514 | Train Acc: 0.1458
 Site-Real      | Train Loss: 1.9804 | Train Acc: 0.7931
 Site-Real      | Train Loss: 1.9744 | Train Acc: 0.8534
 Site-Sketch    | Train Loss: 2.0572 | Train Acc: 0.6000
 Site-Clipart   | Val  Loss: 2.0408 | Val  Acc: 0.7273
 Site-Clipart   | Val  Loss: 2.0710 | Val  Acc: 0.5909
 Site-Clipart   | Val  Loss: 2.0500 | Val  Acc: 0.6061
 Site-Clipart   | Val  Loss: 2.0125 | Val  Acc: 0.6591
 Site-Clipart   | Val  Loss: 2.0822 | Val  Acc: 0.6071
 Site-Infograph | Val  Loss: 2.2768 | Val  Acc: 0.1500
 Site-Painting  | Val  Loss: 1.9947 | Val  Acc: 0.8846
 Site-QuickDraw | Val  Loss: 2.2697 | Val  Acc: 0.0312
 Site-Real      | Val  Loss: 1.9506 | Val  Acc: 0.9211
 Site-Real      | Val  Loss: 1.9696 | Val  Acc: 0.8701
 Site-Sketch    | Val  Loss: 1.9997 | Val  Acc: 0.7391
Average Valid Accuracy: 0.6170
 Best site-Clipart    | Epoch:14 | Val Acc: 0.7273
 Best site-Clipart    | Epoch:14 | Val Acc: 0.5909
 Best site-Clipart    | Epoch:14 | Val Acc: 0.6061
 Best site-Clipart    | Epoch:14 | Val Acc: 0.6591
 Best site-Clipart    | Epoch:14 | Val Acc: 0.6071
 Best site-Infograph  | Epoch:14 | Val Acc: 0.1500
 Best site-Painting   | Epoch:14 | Val Acc: 0.8846
 Best site-QuickDraw  | Epoch:14 | Val Acc: 0.0312
 Best site-Real       | Epoch:14 | Val Acc: 0.9211
 Best site-Real       | Epoch:14 | Val Acc: 0.8701
 Best site-Sketch     | Epoch:14 | Val Acc: 0.7391
 Saving the local and server checkpoint to ../checkpoint/fed_domainnet_uneven-1_1/fedavg...
============ Train epoch 15 ============
 Site-Clipart   | Train Loss: 2.0900 | Train Acc: 0.5625
 Site-Clipart   | Train Loss: 1.9967 | Train Acc: 0.6970
 Site-Clipart   | Train Loss: 2.0630 | Train Acc: 0.6000
 Site-Clipart   | Train Loss: 2.0364 | Train Acc: 0.6418
 Site-Clipart   | Train Loss: 1.9809 | Train Acc: 0.6905
 Site-Infograph | Train Loss: 2.2570 | Train Acc: 0.1290
 Site-Painting  | Train Loss: 2.0347 | Train Acc: 0.6154
 Site-QuickDraw | Train Loss: 2.2582 | Train Acc: 0.1667
 Site-Real      | Train Loss: 1.9730 | Train Acc: 0.8103
 Site-Real      | Train Loss: 1.9547 | Train Acc: 0.8879
 Site-Sketch    | Train Loss: 2.0590 | Train Acc: 0.6857
 Site-Clipart   | Val  Loss: 2.0636 | Val  Acc: 0.5455
 Site-Clipart   | Val  Loss: 2.0368 | Val  Acc: 0.6364
 Site-Clipart   | Val  Loss: 2.0454 | Val  Acc: 0.6970
 Site-Clipart   | Val  Loss: 1.9856 | Val  Acc: 0.6136
 Site-Clipart   | Val  Loss: 2.0612 | Val  Acc: 0.6071
 Site-Infograph | Val  Loss: 2.2816 | Val  Acc: 0.1500
 Site-Painting  | Val  Loss: 1.9846 | Val  Acc: 0.7308
 Site-QuickDraw | Val  Loss: 2.2514 | Val  Acc: 0.1250
 Site-Real      | Val  Loss: 1.9350 | Val  Acc: 0.8684
 Site-Real      | Val  Loss: 1.9542 | Val  Acc: 0.8701
 Site-Sketch    | Val  Loss: 1.9899 | Val  Acc: 0.6957
Average Valid Accuracy: 0.5945
============ Train epoch 16 ============
 Site-Clipart   | Train Loss: 2.0964 | Train Acc: 0.5000
 Site-Clipart   | Train Loss: 2.0222 | Train Acc: 0.6364
 Site-Clipart   | Train Loss: 2.0695 | Train Acc: 0.6000
 Site-Clipart   | Train Loss: 2.0187 | Train Acc: 0.6269
 Site-Clipart   | Train Loss: 1.9836 | Train Acc: 0.6310
 Site-Infograph | Train Loss: 2.2319 | Train Acc: 0.1935
 Site-Painting  | Train Loss: 2.0685 | Train Acc: 0.6923
 Site-QuickDraw | Train Loss: 2.2597 | Train Acc: 0.1042
 Site-Real      | Train Loss: 1.9588 | Train Acc: 0.7931
 Site-Real      | Train Loss: 1.9477 | Train Acc: 0.9138
 Site-Sketch    | Train Loss: 1.9860 | Train Acc: 0.6286
 Site-Clipart   | Val  Loss: 2.0536 | Val  Acc: 0.5455
 Site-Clipart   | Val  Loss: 2.0318 | Val  Acc: 0.5909
 Site-Clipart   | Val  Loss: 1.9958 | Val  Acc: 0.6970
 Site-Clipart   | Val  Loss: 1.9881 | Val  Acc: 0.7045
 Site-Clipart   | Val  Loss: 2.0590 | Val  Acc: 0.6071
 Site-Infograph | Val  Loss: 2.2720 | Val  Acc: 0.2500
 Site-Painting  | Val  Loss: 1.9497 | Val  Acc: 0.8077
 Site-QuickDraw | Val  Loss: 2.2603 | Val  Acc: 0.0938
 Site-Real      | Val  Loss: 1.8894 | Val  Acc: 0.9474
 Site-Real      | Val  Loss: 1.9301 | Val  Acc: 0.8831
 Site-Sketch    | Val  Loss: 1.9574 | Val  Acc: 0.6957
Average Valid Accuracy: 0.6202
 Best site-Clipart    | Epoch:16 | Val Acc: 0.5455
 Best site-Clipart    | Epoch:16 | Val Acc: 0.5909
 Best site-Clipart    | Epoch:16 | Val Acc: 0.6970
 Best site-Clipart    | Epoch:16 | Val Acc: 0.7045
 Best site-Clipart    | Epoch:16 | Val Acc: 0.6071
 Best site-Infograph  | Epoch:16 | Val Acc: 0.2500
 Best site-Painting   | Epoch:16 | Val Acc: 0.8077
 Best site-QuickDraw  | Epoch:16 | Val Acc: 0.0938
 Best site-Real       | Epoch:16 | Val Acc: 0.9474
 Best site-Real       | Epoch:16 | Val Acc: 0.8831
 Best site-Sketch     | Epoch:16 | Val Acc: 0.6957
 Saving the local and server checkpoint to ../checkpoint/fed_domainnet_uneven-1_1/fedavg...
============ Train epoch 17 ============
 Site-Clipart   | Train Loss: 2.0700 | Train Acc: 0.5625
 Site-Clipart   | Train Loss: 1.8149 | Train Acc: 0.6667
 Site-Clipart   | Train Loss: 2.0012 | Train Acc: 0.6200
 Site-Clipart   | Train Loss: 1.9406 | Train Acc: 0.6418
 Site-Clipart   | Train Loss: 1.9523 | Train Acc: 0.6786
 Site-Infograph | Train Loss: 2.2403 | Train Acc: 0.1935
 Site-Painting  | Train Loss: 2.0285 | Train Acc: 0.6667
 Site-QuickDraw | Train Loss: 2.2240 | Train Acc: 0.1250
 Site-Real      | Train Loss: 1.9245 | Train Acc: 0.8966
 Site-Real      | Train Loss: 1.9229 | Train Acc: 0.9310
 Site-Sketch    | Train Loss: 1.9651 | Train Acc: 0.6286
 Site-Clipart   | Val  Loss: 2.0183 | Val  Acc: 0.6364
 Site-Clipart   | Val  Loss: 2.0094 | Val  Acc: 0.7273
 Site-Clipart   | Val  Loss: 1.9950 | Val  Acc: 0.6364
 Site-Clipart   | Val  Loss: 1.9896 | Val  Acc: 0.6591
 Site-Clipart   | Val  Loss: 2.0509 | Val  Acc: 0.6071
 Site-Infograph | Val  Loss: 2.2300 | Val  Acc: 0.3000
 Site-Painting  | Val  Loss: 1.9184 | Val  Acc: 0.7692
 Site-QuickDraw | Val  Loss: 2.2629 | Val  Acc: 0.1250
 Site-Real      | Val  Loss: 1.8868 | Val  Acc: 0.9474
 Site-Real      | Val  Loss: 1.9044 | Val  Acc: 0.9221
 Site-Sketch    | Val  Loss: 1.9413 | Val  Acc: 0.6957
Average Valid Accuracy: 0.6387
 Best site-Clipart    | Epoch:17 | Val Acc: 0.6364
 Best site-Clipart    | Epoch:17 | Val Acc: 0.7273
 Best site-Clipart    | Epoch:17 | Val Acc: 0.6364
 Best site-Clipart    | Epoch:17 | Val Acc: 0.6591
 Best site-Clipart    | Epoch:17 | Val Acc: 0.6071
 Best site-Infograph  | Epoch:17 | Val Acc: 0.3000
 Best site-Painting   | Epoch:17 | Val Acc: 0.7692
 Best site-QuickDraw  | Epoch:17 | Val Acc: 0.1250
 Best site-Real       | Epoch:17 | Val Acc: 0.9474
 Best site-Real       | Epoch:17 | Val Acc: 0.9221
 Best site-Sketch     | Epoch:17 | Val Acc: 0.6957
 Saving the local and server checkpoint to ../checkpoint/fed_domainnet_uneven-1_1/fedavg...
============ Train epoch 18 ============
 Site-Clipart   | Train Loss: 2.0434 | Train Acc: 0.5625
 Site-Clipart   | Train Loss: 1.9806 | Train Acc: 0.6970
 Site-Clipart   | Train Loss: 2.0334 | Train Acc: 0.6200
 Site-Clipart   | Train Loss: 1.9694 | Train Acc: 0.6716
 Site-Clipart   | Train Loss: 1.9411 | Train Acc: 0.6548
 Site-Infograph | Train Loss: 2.2368 | Train Acc: 0.1935
 Site-Painting  | Train Loss: 2.0082 | Train Acc: 0.6667
 Site-QuickDraw | Train Loss: 2.2472 | Train Acc: 0.1250
 Site-Real      | Train Loss: 1.9273 | Train Acc: 0.8103
 Site-Real      | Train Loss: 1.9061 | Train Acc: 0.9224
 Site-Sketch    | Train Loss: 2.0571 | Train Acc: 0.6000
 Site-Clipart   | Val  Loss: 1.9985 | Val  Acc: 0.6364
 Site-Clipart   | Val  Loss: 2.0088 | Val  Acc: 0.7273
 Site-Clipart   | Val  Loss: 1.9607 | Val  Acc: 0.7273
 Site-Clipart   | Val  Loss: 1.9411 | Val  Acc: 0.8182
 Site-Clipart   | Val  Loss: 2.0149 | Val  Acc: 0.6964
 Site-Infograph | Val  Loss: 2.3023 | Val  Acc: 0.2500
 Site-Painting  | Val  Loss: 1.9257 | Val  Acc: 0.7692
 Site-QuickDraw | Val  Loss: 2.2384 | Val  Acc: 0.1250
 Site-Real      | Val  Loss: 1.8607 | Val  Acc: 0.9474
 Site-Real      | Val  Loss: 1.8847 | Val  Acc: 0.9221
 Site-Sketch    | Val  Loss: 1.9189 | Val  Acc: 0.6957
Average Valid Accuracy: 0.6650
 Best site-Clipart    | Epoch:18 | Val Acc: 0.6364
 Best site-Clipart    | Epoch:18 | Val Acc: 0.7273
 Best site-Clipart    | Epoch:18 | Val Acc: 0.7273
 Best site-Clipart    | Epoch:18 | Val Acc: 0.8182
 Best site-Clipart    | Epoch:18 | Val Acc: 0.6964
 Best site-Infograph  | Epoch:18 | Val Acc: 0.2500
 Best site-Painting   | Epoch:18 | Val Acc: 0.7692
 Best site-QuickDraw  | Epoch:18 | Val Acc: 0.1250
 Best site-Real       | Epoch:18 | Val Acc: 0.9474
 Best site-Real       | Epoch:18 | Val Acc: 0.9221
 Best site-Sketch     | Epoch:18 | Val Acc: 0.6957
 Saving the local and server checkpoint to ../checkpoint/fed_domainnet_uneven-1_1/fedavg...
============ Train epoch 19 ============
 Site-Clipart   | Train Loss: 2.0573 | Train Acc: 0.5625
 Site-Clipart   | Train Loss: 1.9861 | Train Acc: 0.6667
 Site-Clipart   | Train Loss: 2.0296 | Train Acc: 0.5800
 Site-Clipart   | Train Loss: 1.9647 | Train Acc: 0.7164
 Site-Clipart   | Train Loss: 1.9437 | Train Acc: 0.6548
 Site-Infograph | Train Loss: 2.2155 | Train Acc: 0.1613
 Site-Painting  | Train Loss: 2.0166 | Train Acc: 0.7179
 Site-QuickDraw | Train Loss: 2.2351 | Train Acc: 0.1250
 Site-Real      | Train Loss: 1.8925 | Train Acc: 0.8448
 Site-Real      | Train Loss: 1.8657 | Train Acc: 0.9310
 Site-Sketch    | Train Loss: 2.0153 | Train Acc: 0.6286
 Site-Clipart   | Val  Loss: 1.9710 | Val  Acc: 0.6364
 Site-Clipart   | Val  Loss: 1.9558 | Val  Acc: 0.6818
 Site-Clipart   | Val  Loss: 1.9393 | Val  Acc: 0.7273
 Site-Clipart   | Val  Loss: 1.9329 | Val  Acc: 0.6818
 Site-Clipart   | Val  Loss: 1.9985 | Val  Acc: 0.7143
 Site-Infograph | Val  Loss: 2.2675 | Val  Acc: 0.2000
 Site-Painting  | Val  Loss: 1.9138 | Val  Acc: 0.8077
 Site-QuickDraw | Val  Loss: 2.2509 | Val  Acc: 0.0938
 Site-Real      | Val  Loss: 1.8254 | Val  Acc: 0.9474
 Site-Real      | Val  Loss: 1.8777 | Val  Acc: 0.9351
 Site-Sketch    | Val  Loss: 1.9360 | Val  Acc: 0.7391
Average Valid Accuracy: 0.6513
============ Train epoch 20 ============
 Site-Clipart   | Train Loss: 2.0577 | Train Acc: 0.4375
 Site-Clipart   | Train Loss: 2.0587 | Train Acc: 0.6970
 Site-Clipart   | Train Loss: 2.0392 | Train Acc: 0.6400
 Site-Clipart   | Train Loss: 1.9634 | Train Acc: 0.7164
 Site-Clipart   | Train Loss: 1.9165 | Train Acc: 0.7381
 Site-Infograph | Train Loss: 2.2309 | Train Acc: 0.2258
 Site-Painting  | Train Loss: 1.9376 | Train Acc: 0.7436
 Site-QuickDraw | Train Loss: 2.2272 | Train Acc: 0.1458
 Site-Real      | Train Loss: 1.8685 | Train Acc: 0.8793
 Site-Real      | Train Loss: 1.8450 | Train Acc: 0.9310
 Site-Sketch    | Train Loss: 1.9347 | Train Acc: 0.6571
 Site-Clipart   | Val  Loss: 1.9985 | Val  Acc: 0.5455
 Site-Clipart   | Val  Loss: 1.9495 | Val  Acc: 0.6818
 Site-Clipart   | Val  Loss: 1.9306 | Val  Acc: 0.7273
 Site-Clipart   | Val  Loss: 1.9029 | Val  Acc: 0.8182
 Site-Clipart   | Val  Loss: 2.0175 | Val  Acc: 0.6607
 Site-Infograph | Val  Loss: 2.2880 | Val  Acc: 0.2000
 Site-Painting  | Val  Loss: 1.8835 | Val  Acc: 0.7692
 Site-QuickDraw | Val  Loss: 2.2432 | Val  Acc: 0.1250
 Site-Real      | Val  Loss: 1.8047 | Val  Acc: 0.9474
 Site-Real      | Val  Loss: 1.8520 | Val  Acc: 0.9091
 Site-Sketch    | Val  Loss: 1.8796 | Val  Acc: 0.6957
Average Valid Accuracy: 0.6436
============ Train epoch 21 ============
 Site-Clipart   | Train Loss: 2.0480 | Train Acc: 0.6250
 Site-Clipart   | Train Loss: 1.8848 | Train Acc: 0.7576
 Site-Clipart   | Train Loss: 2.0055 | Train Acc: 0.5800
 Site-Clipart   | Train Loss: 1.9023 | Train Acc: 0.7313
 Site-Clipart   | Train Loss: 1.8889 | Train Acc: 0.7262
 Site-Infograph | Train Loss: 2.2132 | Train Acc: 0.1935
 Site-Painting  | Train Loss: 2.0151 | Train Acc: 0.7179
 Site-QuickDraw | Train Loss: 2.2323 | Train Acc: 0.1667
 Site-Real      | Train Loss: 1.8531 | Train Acc: 0.8621
 Site-Real      | Train Loss: 1.8465 | Train Acc: 0.9224
 Site-Sketch    | Train Loss: 1.9568 | Train Acc: 0.7429
 Site-Clipart   | Val  Loss: 1.9970 | Val  Acc: 0.6364
 Site-Clipart   | Val  Loss: 1.9613 | Val  Acc: 0.7727
 Site-Clipart   | Val  Loss: 1.9252 | Val  Acc: 0.6667
 Site-Clipart   | Val  Loss: 1.8916 | Val  Acc: 0.7500
 Site-Clipart   | Val  Loss: 2.0057 | Val  Acc: 0.6607
 Site-Infograph | Val  Loss: 2.2627 | Val  Acc: 0.2000
 Site-Painting  | Val  Loss: 1.8505 | Val  Acc: 0.7692
 Site-QuickDraw | Val  Loss: 2.2428 | Val  Acc: 0.1250
 Site-Real      | Val  Loss: 1.8052 | Val  Acc: 0.9474
 Site-Real      | Val  Loss: 1.8334 | Val  Acc: 0.8961
 Site-Sketch    | Val  Loss: 1.9032 | Val  Acc: 0.6957
Average Valid Accuracy: 0.6473
============ Train epoch 22 ============
 Site-Clipart   | Train Loss: 2.0183 | Train Acc: 0.6250
 Site-Clipart   | Train Loss: 1.8210 | Train Acc: 0.7273
 Site-Clipart   | Train Loss: 2.0176 | Train Acc: 0.6600
 Site-Clipart   | Train Loss: 1.8834 | Train Acc: 0.6866
 Site-Clipart   | Train Loss: 1.8916 | Train Acc: 0.7500
 Site-Infograph | Train Loss: 2.2078 | Train Acc: 0.2258
 Site-Painting  | Train Loss: 1.9227 | Train Acc: 0.7179
 Site-QuickDraw | Train Loss: 2.2182 | Train Acc: 0.1250
 Site-Real      | Train Loss: 1.8467 | Train Acc: 0.8966
 Site-Real      | Train Loss: 1.8321 | Train Acc: 0.9224
 Site-Sketch    | Train Loss: 1.9622 | Train Acc: 0.6857
 Site-Clipart   | Val  Loss: 1.9593 | Val  Acc: 0.8182
 Site-Clipart   | Val  Loss: 1.9081 | Val  Acc: 0.8182
 Site-Clipart   | Val  Loss: 1.9094 | Val  Acc: 0.6667
 Site-Clipart   | Val  Loss: 1.8970 | Val  Acc: 0.7500
 Site-Clipart   | Val  Loss: 1.9675 | Val  Acc: 0.7143
 Site-Infograph | Val  Loss: 2.2452 | Val  Acc: 0.2500
 Site-Painting  | Val  Loss: 1.8456 | Val  Acc: 0.8462
 Site-QuickDraw | Val  Loss: 2.2397 | Val  Acc: 0.0938
 Site-Real      | Val  Loss: 1.7702 | Val  Acc: 0.9737
 Site-Real      | Val  Loss: 1.8085 | Val  Acc: 0.8961
 Site-Sketch    | Val  Loss: 1.8915 | Val  Acc: 0.6957
Average Valid Accuracy: 0.6839
 Best site-Clipart    | Epoch:22 | Val Acc: 0.8182
 Best site-Clipart    | Epoch:22 | Val Acc: 0.8182
 Best site-Clipart    | Epoch:22 | Val Acc: 0.6667
 Best site-Clipart    | Epoch:22 | Val Acc: 0.7500
 Best site-Clipart    | Epoch:22 | Val Acc: 0.7143
 Best site-Infograph  | Epoch:22 | Val Acc: 0.2500
 Best site-Painting   | Epoch:22 | Val Acc: 0.8462
 Best site-QuickDraw  | Epoch:22 | Val Acc: 0.0938
 Best site-Real       | Epoch:22 | Val Acc: 0.9737
 Best site-Real       | Epoch:22 | Val Acc: 0.8961
 Best site-Sketch     | Epoch:22 | Val Acc: 0.6957
 Saving the local and server checkpoint to ../checkpoint/fed_domainnet_uneven-1_1/fedavg...
============ Train epoch 23 ============
 Site-Clipart   | Train Loss: 2.0265 | Train Acc: 0.5625
 Site-Clipart   | Train Loss: 1.8913 | Train Acc: 0.6970
 Site-Clipart   | Train Loss: 1.9870 | Train Acc: 0.6800
 Site-Clipart   | Train Loss: 1.8989 | Train Acc: 0.7164
 Site-Clipart   | Train Loss: 1.8827 | Train Acc: 0.7381
 Site-Infograph | Train Loss: 2.1897 | Train Acc: 0.2581
 Site-Painting  | Train Loss: 1.9660 | Train Acc: 0.6923
 Site-QuickDraw | Train Loss: 2.2319 | Train Acc: 0.1250
 Site-Real      | Train Loss: 1.8071 | Train Acc: 0.9138
 Site-Real      | Train Loss: 1.8053 | Train Acc: 0.9310
 Site-Sketch    | Train Loss: 1.9518 | Train Acc: 0.6857
 Site-Clipart   | Val  Loss: 1.9823 | Val  Acc: 0.5455
 Site-Clipart   | Val  Loss: 1.9596 | Val  Acc: 0.7273
 Site-Clipart   | Val  Loss: 1.8793 | Val  Acc: 0.7273
 Site-Clipart   | Val  Loss: 1.8562 | Val  Acc: 0.7955
 Site-Clipart   | Val  Loss: 1.9461 | Val  Acc: 0.6964
 Site-Infograph | Val  Loss: 2.2636 | Val  Acc: 0.2000
 Site-Painting  | Val  Loss: 1.8327 | Val  Acc: 0.8077
 Site-QuickDraw | Val  Loss: 2.2440 | Val  Acc: 0.1250
 Site-Real      | Val  Loss: 1.7571 | Val  Acc: 0.9737
 Site-Real      | Val  Loss: 1.7904 | Val  Acc: 0.9221
 Site-Sketch    | Val  Loss: 1.8391 | Val  Acc: 0.7826
Average Valid Accuracy: 0.6639
============ Train epoch 24 ============
 Site-Clipart   | Train Loss: 2.0189 | Train Acc: 0.5625
 Site-Clipart   | Train Loss: 1.9676 | Train Acc: 0.7576
 Site-Clipart   | Train Loss: 1.9683 | Train Acc: 0.6200
 Site-Clipart   | Train Loss: 1.8822 | Train Acc: 0.7463
 Site-Clipart   | Train Loss: 1.8712 | Train Acc: 0.7024
 Site-Infograph | Train Loss: 2.1921 | Train Acc: 0.2581
 Site-Painting  | Train Loss: 1.9141 | Train Acc: 0.6923
 Site-QuickDraw | Train Loss: 2.2250 | Train Acc: 0.1458
 Site-Real      | Train Loss: 1.8113 | Train Acc: 0.9310
 Site-Real      | Train Loss: 1.8027 | Train Acc: 0.9310
 Site-Sketch    | Train Loss: 1.9241 | Train Acc: 0.6571
 Site-Clipart   | Val  Loss: 1.9452 | Val  Acc: 0.5455
 Site-Clipart   | Val  Loss: 1.8933 | Val  Acc: 0.7273
 Site-Clipart   | Val  Loss: 1.8566 | Val  Acc: 0.7576
 Site-Clipart   | Val  Loss: 1.8455 | Val  Acc: 0.7500
 Site-Clipart   | Val  Loss: 1.9760 | Val  Acc: 0.7143
 Site-Infograph | Val  Loss: 2.2874 | Val  Acc: 0.2000
 Site-Painting  | Val  Loss: 1.7920 | Val  Acc: 0.8462
 Site-QuickDraw | Val  Loss: 2.2310 | Val  Acc: 0.0625
 Site-Real      | Val  Loss: 1.7356 | Val  Acc: 0.9474
 Site-Real      | Val  Loss: 1.7746 | Val  Acc: 0.9481
 Site-Sketch    | Val  Loss: 1.8559 | Val  Acc: 0.6522
Average Valid Accuracy: 0.6501
============ Train epoch 25 ============
 Site-Clipart   | Train Loss: 2.0186 | Train Acc: 0.5625
 Site-Clipart   | Train Loss: 1.7037 | Train Acc: 0.7273
 Site-Clipart   | Train Loss: 1.8634 | Train Acc: 0.7000
 Site-Clipart   | Train Loss: 1.8931 | Train Acc: 0.7463
 Site-Clipart   | Train Loss: 1.8725 | Train Acc: 0.7500
 Site-Infograph | Train Loss: 2.1975 | Train Acc: 0.1935
 Site-Painting  | Train Loss: 1.9109 | Train Acc: 0.7692
 Site-QuickDraw | Train Loss: 2.2163 | Train Acc: 0.2500
 Site-Real      | Train Loss: 1.7991 | Train Acc: 0.9483
 Site-Real      | Train Loss: 1.7659 | Train Acc: 0.9310
 Site-Sketch    | Train Loss: 1.9247 | Train Acc: 0.6857
 Site-Clipart   | Val  Loss: 1.9501 | Val  Acc: 0.6364
 Site-Clipart   | Val  Loss: 1.8623 | Val  Acc: 0.7727
 Site-Clipart   | Val  Loss: 1.8624 | Val  Acc: 0.7576
 Site-Clipart   | Val  Loss: 1.8489 | Val  Acc: 0.7273
 Site-Clipart   | Val  Loss: 1.9520 | Val  Acc: 0.6786
 Site-Infograph | Val  Loss: 2.2483 | Val  Acc: 0.2000
 Site-Painting  | Val  Loss: 1.8359 | Val  Acc: 0.7692
 Site-QuickDraw | Val  Loss: 2.2213 | Val  Acc: 0.1562
 Site-Real      | Val  Loss: 1.7166 | Val  Acc: 0.9474
 Site-Real      | Val  Loss: 1.7528 | Val  Acc: 0.9351
 Site-Sketch    | Val  Loss: 1.8653 | Val  Acc: 0.6957
Average Valid Accuracy: 0.6615
============ Train epoch 26 ============
 Site-Clipart   | Train Loss: 2.0039 | Train Acc: 0.6250
 Site-Clipart   | Train Loss: 1.7819 | Train Acc: 0.7273
 Site-Clipart   | Train Loss: 1.8916 | Train Acc: 0.6400
 Site-Clipart   | Train Loss: 1.8375 | Train Acc: 0.7313
 Site-Clipart   | Train Loss: 1.7996 | Train Acc: 0.7262
 Site-Infograph | Train Loss: 2.2109 | Train Acc: 0.2258
 Site-Painting  | Train Loss: 1.9146 | Train Acc: 0.7179
 Site-QuickDraw | Train Loss: 2.2166 | Train Acc: 0.1250
 Site-Real      | Train Loss: 1.7812 | Train Acc: 0.8966
 Site-Real      | Train Loss: 1.7338 | Train Acc: 0.9397
 Site-Sketch    | Train Loss: 1.9674 | Train Acc: 0.6571
 Site-Clipart   | Val  Loss: 1.8988 | Val  Acc: 0.7273
 Site-Clipart   | Val  Loss: 1.8813 | Val  Acc: 0.7727
 Site-Clipart   | Val  Loss: 1.8205 | Val  Acc: 0.6970
 Site-Clipart   | Val  Loss: 1.8162 | Val  Acc: 0.8182
 Site-Clipart   | Val  Loss: 1.9107 | Val  Acc: 0.7679
 Site-Infograph | Val  Loss: 2.2779 | Val  Acc: 0.2500
 Site-Painting  | Val  Loss: 1.7586 | Val  Acc: 0.8077
 Site-QuickDraw | Val  Loss: 2.2483 | Val  Acc: 0.0625
 Site-Real      | Val  Loss: 1.7049 | Val  Acc: 0.9737
 Site-Real      | Val  Loss: 1.7301 | Val  Acc: 0.9481
 Site-Sketch    | Val  Loss: 1.8116 | Val  Acc: 0.7391
Average Valid Accuracy: 0.6876
 Best site-Clipart    | Epoch:26 | Val Acc: 0.7273
 Best site-Clipart    | Epoch:26 | Val Acc: 0.7727
 Best site-Clipart    | Epoch:26 | Val Acc: 0.6970
 Best site-Clipart    | Epoch:26 | Val Acc: 0.8182
 Best site-Clipart    | Epoch:26 | Val Acc: 0.7679
 Best site-Infograph  | Epoch:26 | Val Acc: 0.2500
 Best site-Painting   | Epoch:26 | Val Acc: 0.8077
 Best site-QuickDraw  | Epoch:26 | Val Acc: 0.0625
 Best site-Real       | Epoch:26 | Val Acc: 0.9737
 Best site-Real       | Epoch:26 | Val Acc: 0.9481
 Best site-Sketch     | Epoch:26 | Val Acc: 0.7391
 Saving the local and server checkpoint to ../checkpoint/fed_domainnet_uneven-1_1/fedavg...
============ Train epoch 27 ============
 Site-Clipart   | Train Loss: 1.9768 | Train Acc: 0.6250
 Site-Clipart   | Train Loss: 1.8170 | Train Acc: 0.6970
 Site-Clipart   | Train Loss: 1.8962 | Train Acc: 0.7200
 Site-Clipart   | Train Loss: 1.8373 | Train Acc: 0.7164
 Site-Clipart   | Train Loss: 1.7778 | Train Acc: 0.7381
 Site-Infograph | Train Loss: 2.2124 | Train Acc: 0.2258
 Site-Painting  | Train Loss: 1.8528 | Train Acc: 0.7436
 Site-QuickDraw | Train Loss: 2.2010 | Train Acc: 0.2083
 Site-Real      | Train Loss: 1.7600 | Train Acc: 0.8966
 Site-Real      | Train Loss: 1.7200 | Train Acc: 0.9310
 Site-Sketch    | Train Loss: 1.8634 | Train Acc: 0.7714
 Site-Clipart   | Val  Loss: 1.8860 | Val  Acc: 0.6364
 Site-Clipart   | Val  Loss: 1.8376 | Val  Acc: 0.8636
 Site-Clipart   | Val  Loss: 1.7824 | Val  Acc: 0.8182
 Site-Clipart   | Val  Loss: 1.8018 | Val  Acc: 0.8182
 Site-Clipart   | Val  Loss: 1.9322 | Val  Acc: 0.7143
 Site-Infograph | Val  Loss: 2.2780 | Val  Acc: 0.1500
 Site-Painting  | Val  Loss: 1.7595 | Val  Acc: 0.8846
 Site-QuickDraw | Val  Loss: 2.2269 | Val  Acc: 0.1250
 Site-Real      | Val  Loss: 1.6775 | Val  Acc: 0.9474
 Site-Real      | Val  Loss: 1.7108 | Val  Acc: 0.9481
 Site-Sketch    | Val  Loss: 1.7803 | Val  Acc: 0.7391
Average Valid Accuracy: 0.6950
 Best site-Clipart    | Epoch:27 | Val Acc: 0.6364
 Best site-Clipart    | Epoch:27 | Val Acc: 0.8636
 Best site-Clipart    | Epoch:27 | Val Acc: 0.8182
 Best site-Clipart    | Epoch:27 | Val Acc: 0.8182
 Best site-Clipart    | Epoch:27 | Val Acc: 0.7143
 Best site-Infograph  | Epoch:27 | Val Acc: 0.1500
 Best site-Painting   | Epoch:27 | Val Acc: 0.8846
 Best site-QuickDraw  | Epoch:27 | Val Acc: 0.1250
 Best site-Real       | Epoch:27 | Val Acc: 0.9474
 Best site-Real       | Epoch:27 | Val Acc: 0.9481
 Best site-Sketch     | Epoch:27 | Val Acc: 0.7391
 Saving the local and server checkpoint to ../checkpoint/fed_domainnet_uneven-1_1/fedavg...
============ Train epoch 28 ============
 Site-Clipart   | Train Loss: 1.9983 | Train Acc: 0.4375
 Site-Clipart   | Train Loss: 1.8298 | Train Acc: 0.7576
 Site-Clipart   | Train Loss: 1.8771 | Train Acc: 0.7000
 Site-Clipart   | Train Loss: 1.8014 | Train Acc: 0.7313
 Site-Clipart   | Train Loss: 1.7698 | Train Acc: 0.7619
 Site-Infograph | Train Loss: 2.1706 | Train Acc: 0.2258
 Site-Painting  | Train Loss: 1.8903 | Train Acc: 0.6923
 Site-QuickDraw | Train Loss: 2.2018 | Train Acc: 0.1458
 Site-Real      | Train Loss: 1.7163 | Train Acc: 0.8966
 Site-Real      | Train Loss: 1.6992 | Train Acc: 0.9483
 Site-Sketch    | Train Loss: 1.8154 | Train Acc: 0.8000
 Site-Clipart   | Val  Loss: 1.8393 | Val  Acc: 0.7273
 Site-Clipart   | Val  Loss: 1.8441 | Val  Acc: 0.8182
 Site-Clipart   | Val  Loss: 1.7756 | Val  Acc: 0.7879
 Site-Clipart   | Val  Loss: 1.8190 | Val  Acc: 0.7727
 Site-Clipart   | Val  Loss: 1.9028 | Val  Acc: 0.7500
 Site-Infograph | Val  Loss: 2.2448 | Val  Acc: 0.2000
 Site-Painting  | Val  Loss: 1.7850 | Val  Acc: 0.8077
 Site-QuickDraw | Val  Loss: 2.2229 | Val  Acc: 0.0625
 Site-Real      | Val  Loss: 1.6635 | Val  Acc: 0.9737
 Site-Real      | Val  Loss: 1.6961 | Val  Acc: 0.9351
 Site-Sketch    | Val  Loss: 1.8009 | Val  Acc: 0.7826
Average Valid Accuracy: 0.6925
============ Train epoch 29 ============
 Site-Clipart   | Train Loss: 1.9511 | Train Acc: 0.6875
 Site-Clipart   | Train Loss: 1.9388 | Train Acc: 0.8182
 Site-Clipart   | Train Loss: 1.9572 | Train Acc: 0.7400
 Site-Clipart   | Train Loss: 1.8351 | Train Acc: 0.7612
 Site-Clipart   | Train Loss: 1.7774 | Train Acc: 0.7619
 Site-Infograph | Train Loss: 2.1839 | Train Acc: 0.2581
 Site-Painting  | Train Loss: 1.8443 | Train Acc: 0.7179
 Site-QuickDraw | Train Loss: 2.2222 | Train Acc: 0.1458
 Site-Real      | Train Loss: 1.7190 | Train Acc: 0.9483
 Site-Real      | Train Loss: 1.6970 | Train Acc: 0.9397
 Site-Sketch    | Train Loss: 1.8879 | Train Acc: 0.6857
 Site-Clipart   | Val  Loss: 1.8591 | Val  Acc: 0.7273
 Site-Clipart   | Val  Loss: 1.8654 | Val  Acc: 0.8182
 Site-Clipart   | Val  Loss: 1.7603 | Val  Acc: 0.7576
 Site-Clipart   | Val  Loss: 1.7996 | Val  Acc: 0.7955
 Site-Clipart   | Val  Loss: 1.9058 | Val  Acc: 0.7321
 Site-Infograph | Val  Loss: 2.2462 | Val  Acc: 0.2000
 Site-Painting  | Val  Loss: 1.7297 | Val  Acc: 0.9231
 Site-QuickDraw | Val  Loss: 2.2396 | Val  Acc: 0.0625
 Site-Real      | Val  Loss: 1.6337 | Val  Acc: 0.9474
 Site-Real      | Val  Loss: 1.6804 | Val  Acc: 0.9351
 Site-Sketch    | Val  Loss: 1.7639 | Val  Acc: 0.7826
Average Valid Accuracy: 0.6983
 Best site-Clipart    | Epoch:29 | Val Acc: 0.7273
 Best site-Clipart    | Epoch:29 | Val Acc: 0.8182
 Best site-Clipart    | Epoch:29 | Val Acc: 0.7576
 Best site-Clipart    | Epoch:29 | Val Acc: 0.7955
 Best site-Clipart    | Epoch:29 | Val Acc: 0.7321
 Best site-Infograph  | Epoch:29 | Val Acc: 0.2000
 Best site-Painting   | Epoch:29 | Val Acc: 0.9231
 Best site-QuickDraw  | Epoch:29 | Val Acc: 0.0625
 Best site-Real       | Epoch:29 | Val Acc: 0.9474
 Best site-Real       | Epoch:29 | Val Acc: 0.9351
 Best site-Sketch     | Epoch:29 | Val Acc: 0.7826
 Saving the local and server checkpoint to ../checkpoint/fed_domainnet_uneven-1_1/fedavg...
 Test site-Clipart   | Epoch:29 | Test Acc: 0.7662
 Test site-Infograph | Epoch:29 | Test Acc: 0.3805
 Test site-Painting  | Epoch:29 | Test Acc: 0.7771
 Test site-QuickDraw | Epoch:29 | Test Acc: 0.1980
 Test site-Real      | Epoch:29 | Test Acc: 0.9154
 Test site-Sketch    | Epoch:29 | Test Acc: 0.7112
Average Test Accuracy: 0.6247
============ Train epoch 30 ============
 Site-Clipart   | Train Loss: 1.9622 | Train Acc: 0.5625
 Site-Clipart   | Train Loss: 1.6440 | Train Acc: 0.6667
 Site-Clipart   | Train Loss: 1.8312 | Train Acc: 0.7200
 Site-Clipart   | Train Loss: 1.8396 | Train Acc: 0.7612
 Site-Clipart   | Train Loss: 1.7215 | Train Acc: 0.7619
 Site-Infograph | Train Loss: 2.1590 | Train Acc: 0.2258
 Site-Painting  | Train Loss: 1.8523 | Train Acc: 0.6667
 Site-QuickDraw | Train Loss: 2.1983 | Train Acc: 0.1250
 Site-Real      | Train Loss: 1.6911 | Train Acc: 0.9310
 Site-Real      | Train Loss: 1.6568 | Train Acc: 0.9310
 Site-Sketch    | Train Loss: 1.8405 | Train Acc: 0.7429
 Site-Clipart   | Val  Loss: 1.8724 | Val  Acc: 0.7273
 Site-Clipart   | Val  Loss: 1.8506 | Val  Acc: 0.7273
 Site-Clipart   | Val  Loss: 1.7712 | Val  Acc: 0.7273
 Site-Clipart   | Val  Loss: 1.7924 | Val  Acc: 0.7727
 Site-Clipart   | Val  Loss: 1.8860 | Val  Acc: 0.7679
 Site-Infograph | Val  Loss: 2.2474 | Val  Acc: 0.2000
 Site-Painting  | Val  Loss: 1.7301 | Val  Acc: 0.8462
 Site-QuickDraw | Val  Loss: 2.2260 | Val  Acc: 0.0938
 Site-Real      | Val  Loss: 1.6117 | Val  Acc: 0.9737
 Site-Real      | Val  Loss: 1.6580 | Val  Acc: 0.9221
 Site-Sketch    | Val  Loss: 1.7571 | Val  Acc: 0.8696
Average Valid Accuracy: 0.6934
============ Train epoch 31 ============
 Site-Clipart   | Train Loss: 1.9137 | Train Acc: 0.5625
 Site-Clipart   | Train Loss: 1.8010 | Train Acc: 0.7576
 Site-Clipart   | Train Loss: 1.7627 | Train Acc: 0.6800
 Site-Clipart   | Train Loss: 1.8142 | Train Acc: 0.7463
 Site-Clipart   | Train Loss: 1.7700 | Train Acc: 0.7738
 Site-Infograph | Train Loss: 2.2088 | Train Acc: 0.1935
 Site-Painting  | Train Loss: 1.8778 | Train Acc: 0.7436
 Site-QuickDraw | Train Loss: 2.2052 | Train Acc: 0.1458
 Site-Real      | Train Loss: 1.6918 | Train Acc: 0.9483
 Site-Real      | Train Loss: 1.6454 | Train Acc: 0.9483
 Site-Sketch    | Train Loss: 1.8362 | Train Acc: 0.6286
 Site-Clipart   | Val  Loss: 1.8421 | Val  Acc: 0.6364
 Site-Clipart   | Val  Loss: 1.8113 | Val  Acc: 0.7727
 Site-Clipart   | Val  Loss: 1.7610 | Val  Acc: 0.7273
 Site-Clipart   | Val  Loss: 1.7614 | Val  Acc: 0.8409
 Site-Clipart   | Val  Loss: 1.8799 | Val  Acc: 0.7679
 Site-Infograph | Val  Loss: 2.2677 | Val  Acc: 0.2500
 Site-Painting  | Val  Loss: 1.7233 | Val  Acc: 0.7692
 Site-QuickDraw | Val  Loss: 2.2255 | Val  Acc: 0.0938
 Site-Real      | Val  Loss: 1.5996 | Val  Acc: 0.9737
 Site-Real      | Val  Loss: 1.6532 | Val  Acc: 0.9351
 Site-Sketch    | Val  Loss: 1.7291 | Val  Acc: 0.8261
Average Valid Accuracy: 0.6903
============ Train epoch 32 ============
 Site-Clipart   | Train Loss: 1.8946 | Train Acc: 0.6250
 Site-Clipart   | Train Loss: 1.7263 | Train Acc: 0.7576
 Site-Clipart   | Train Loss: 1.7784 | Train Acc: 0.7400
 Site-Clipart   | Train Loss: 1.7600 | Train Acc: 0.7463
 Site-Clipart   | Train Loss: 1.7428 | Train Acc: 0.8333
 Site-Infograph | Train Loss: 2.1855 | Train Acc: 0.1935
 Site-Painting  | Train Loss: 1.7753 | Train Acc: 0.7949
 Site-QuickDraw | Train Loss: 2.1897 | Train Acc: 0.1875
 Site-Real      | Train Loss: 1.6871 | Train Acc: 0.9138
 Site-Real      | Train Loss: 1.6444 | Train Acc: 0.9138
 Site-Sketch    | Train Loss: 1.7959 | Train Acc: 0.7714
 Site-Clipart   | Val  Loss: 1.8338 | Val  Acc: 0.7273
 Site-Clipart   | Val  Loss: 1.7976 | Val  Acc: 0.7727
 Site-Clipart   | Val  Loss: 1.6945 | Val  Acc: 0.6970
 Site-Clipart   | Val  Loss: 1.7518 | Val  Acc: 0.7500
 Site-Clipart   | Val  Loss: 1.8914 | Val  Acc: 0.7321
 Site-Infograph | Val  Loss: 2.2653 | Val  Acc: 0.2500
 Site-Painting  | Val  Loss: 1.6519 | Val  Acc: 0.8846
 Site-QuickDraw | Val  Loss: 2.2114 | Val  Acc: 0.1250
 Site-Real      | Val  Loss: 1.5848 | Val  Acc: 1.0000
 Site-Real      | Val  Loss: 1.6215 | Val  Acc: 0.9610
 Site-Sketch    | Val  Loss: 1.7629 | Val  Acc: 0.6522
Average Valid Accuracy: 0.6865
============ Train epoch 33 ============
 Site-Clipart   | Train Loss: 1.9668 | Train Acc: 0.6250
 Site-Clipart   | Train Loss: 1.7488 | Train Acc: 0.7879
 Site-Clipart   | Train Loss: 1.8395 | Train Acc: 0.7600
 Site-Clipart   | Train Loss: 1.7139 | Train Acc: 0.7612
 Site-Clipart   | Train Loss: 1.6807 | Train Acc: 0.7976
 Site-Infograph | Train Loss: 2.1609 | Train Acc: 0.2581
 Site-Painting  | Train Loss: 1.7923 | Train Acc: 0.7436
 Site-QuickDraw | Train Loss: 2.1876 | Train Acc: 0.1875
 Site-Real      | Train Loss: 1.6524 | Train Acc: 0.8966
 Site-Real      | Train Loss: 1.6194 | Train Acc: 0.9483
 Site-Sketch    | Train Loss: 1.7842 | Train Acc: 0.7143
 Site-Clipart   | Val  Loss: 1.8150 | Val  Acc: 0.7273
 Site-Clipart   | Val  Loss: 1.7792 | Val  Acc: 0.7727
 Site-Clipart   | Val  Loss: 1.7288 | Val  Acc: 0.7576
 Site-Clipart   | Val  Loss: 1.7431 | Val  Acc: 0.7727
 Site-Clipart   | Val  Loss: 1.8882 | Val  Acc: 0.6964
 Site-Infograph | Val  Loss: 2.2376 | Val  Acc: 0.2500
 Site-Painting  | Val  Loss: 1.6930 | Val  Acc: 0.9231
 Site-QuickDraw | Val  Loss: 2.2105 | Val  Acc: 0.0938
 Site-Real      | Val  Loss: 1.5547 | Val  Acc: 0.9737
 Site-Real      | Val  Loss: 1.6210 | Val  Acc: 0.9481
 Site-Sketch    | Val  Loss: 1.7099 | Val  Acc: 0.8261
Average Valid Accuracy: 0.7038
 Best site-Clipart    | Epoch:33 | Val Acc: 0.7273
 Best site-Clipart    | Epoch:33 | Val Acc: 0.7727
 Best site-Clipart    | Epoch:33 | Val Acc: 0.7576
 Best site-Clipart    | Epoch:33 | Val Acc: 0.7727
 Best site-Clipart    | Epoch:33 | Val Acc: 0.6964
 Best site-Infograph  | Epoch:33 | Val Acc: 0.2500
 Best site-Painting   | Epoch:33 | Val Acc: 0.9231
 Best site-QuickDraw  | Epoch:33 | Val Acc: 0.0938
 Best site-Real       | Epoch:33 | Val Acc: 0.9737
 Best site-Real       | Epoch:33 | Val Acc: 0.9481
 Best site-Sketch     | Epoch:33 | Val Acc: 0.8261
 Saving the local and server checkpoint to ../checkpoint/fed_domainnet_uneven-1_1/fedavg...
============ Train epoch 34 ============
 Site-Clipart   | Train Loss: 1.8495 | Train Acc: 0.5625
 Site-Clipart   | Train Loss: 1.6024 | Train Acc: 0.8182
 Site-Clipart   | Train Loss: 1.8203 | Train Acc: 0.7200
 Site-Clipart   | Train Loss: 1.8197 | Train Acc: 0.7910
 Site-Clipart   | Train Loss: 1.7075 | Train Acc: 0.8095
 Site-Infograph | Train Loss: 2.1819 | Train Acc: 0.2258
 Site-Painting  | Train Loss: 1.7985 | Train Acc: 0.7692
 Site-QuickDraw | Train Loss: 2.2051 | Train Acc: 0.1875
 Site-Real      | Train Loss: 1.6598 | Train Acc: 0.9310
 Site-Real      | Train Loss: 1.6048 | Train Acc: 0.9483
 Site-Sketch    | Train Loss: 1.8400 | Train Acc: 0.8000
 Site-Clipart   | Val  Loss: 1.7652 | Val  Acc: 0.8182
 Site-Clipart   | Val  Loss: 1.7570 | Val  Acc: 0.8636
 Site-Clipart   | Val  Loss: 1.6599 | Val  Acc: 0.8182
 Site-Clipart   | Val  Loss: 1.7411 | Val  Acc: 0.8182
 Site-Clipart   | Val  Loss: 1.8558 | Val  Acc: 0.7857
 Site-Infograph | Val  Loss: 2.2659 | Val  Acc: 0.2500
 Site-Painting  | Val  Loss: 1.6733 | Val  Acc: 0.7692
 Site-QuickDraw | Val  Loss: 2.2167 | Val  Acc: 0.0625
 Site-Real      | Val  Loss: 1.5369 | Val  Acc: 0.9737
 Site-Real      | Val  Loss: 1.5972 | Val  Acc: 0.9481
 Site-Sketch    | Val  Loss: 1.7244 | Val  Acc: 0.7826
Average Valid Accuracy: 0.7173
 Best site-Clipart    | Epoch:34 | Val Acc: 0.8182
 Best site-Clipart    | Epoch:34 | Val Acc: 0.8636
 Best site-Clipart    | Epoch:34 | Val Acc: 0.8182
 Best site-Clipart    | Epoch:34 | Val Acc: 0.8182
 Best site-Clipart    | Epoch:34 | Val Acc: 0.7857
 Best site-Infograph  | Epoch:34 | Val Acc: 0.2500
 Best site-Painting   | Epoch:34 | Val Acc: 0.7692
 Best site-QuickDraw  | Epoch:34 | Val Acc: 0.0625
 Best site-Real       | Epoch:34 | Val Acc: 0.9737
 Best site-Real       | Epoch:34 | Val Acc: 0.9481
 Best site-Sketch     | Epoch:34 | Val Acc: 0.7826
 Saving the local and server checkpoint to ../checkpoint/fed_domainnet_uneven-1_1/fedavg...
============ Train epoch 35 ============
 Site-Clipart   | Train Loss: 1.8863 | Train Acc: 0.5625
 Site-Clipart   | Train Loss: 1.4086 | Train Acc: 0.8485
 Site-Clipart   | Train Loss: 1.7515 | Train Acc: 0.7000
 Site-Clipart   | Train Loss: 1.7092 | Train Acc: 0.7313
 Site-Clipart   | Train Loss: 1.6469 | Train Acc: 0.7738
 Site-Infograph | Train Loss: 2.1391 | Train Acc: 0.3226
 Site-Painting  | Train Loss: 1.7893 | Train Acc: 0.7692
 Site-QuickDraw | Train Loss: 2.1984 | Train Acc: 0.1667
 Site-Real      | Train Loss: 1.6470 | Train Acc: 0.9138
 Site-Real      | Train Loss: 1.5992 | Train Acc: 0.9483
 Site-Sketch    | Train Loss: 1.7105 | Train Acc: 0.8000
 Site-Clipart   | Val  Loss: 1.7983 | Val  Acc: 0.8182
 Site-Clipart   | Val  Loss: 1.7891 | Val  Acc: 0.8182
 Site-Clipart   | Val  Loss: 1.6583 | Val  Acc: 0.8182
 Site-Clipart   | Val  Loss: 1.7226 | Val  Acc: 0.7727
 Site-Clipart   | Val  Loss: 1.8256 | Val  Acc: 0.7679
 Site-Infograph | Val  Loss: 2.2640 | Val  Acc: 0.2500
 Site-Painting  | Val  Loss: 1.5962 | Val  Acc: 0.8846
 Site-QuickDraw | Val  Loss: 2.2003 | Val  Acc: 0.0938
 Site-Real      | Val  Loss: 1.5180 | Val  Acc: 1.0000
 Site-Real      | Val  Loss: 1.5818 | Val  Acc: 0.9351
 Site-Sketch    | Val  Loss: 1.7082 | Val  Acc: 0.6957
Average Valid Accuracy: 0.7140
============ Train epoch 36 ============
 Site-Clipart   | Train Loss: 1.9215 | Train Acc: 0.6250
 Site-Clipart   | Train Loss: 1.7248 | Train Acc: 0.7576
 Site-Clipart   | Train Loss: 1.8766 | Train Acc: 0.7000
 Site-Clipart   | Train Loss: 1.7241 | Train Acc: 0.7910
 Site-Clipart   | Train Loss: 1.6328 | Train Acc: 0.8214
 Site-Infograph | Train Loss: 2.1633 | Train Acc: 0.2903
 Site-Painting  | Train Loss: 1.7748 | Train Acc: 0.7436
 Site-QuickDraw | Train Loss: 2.2042 | Train Acc: 0.1458
 Site-Real      | Train Loss: 1.6120 | Train Acc: 0.9483
 Site-Real      | Train Loss: 1.5876 | Train Acc: 0.9310
 Site-Sketch    | Train Loss: 1.7159 | Train Acc: 0.8000
 Site-Clipart   | Val  Loss: 1.7888 | Val  Acc: 0.7273
 Site-Clipart   | Val  Loss: 1.7090 | Val  Acc: 0.8636
 Site-Clipart   | Val  Loss: 1.6709 | Val  Acc: 0.7576
 Site-Clipart   | Val  Loss: 1.7003 | Val  Acc: 0.8636
 Site-Clipart   | Val  Loss: 1.8159 | Val  Acc: 0.7321
 Site-Infograph | Val  Loss: 2.3045 | Val  Acc: 0.2000
 Site-Painting  | Val  Loss: 1.6183 | Val  Acc: 0.8462
 Site-QuickDraw | Val  Loss: 2.2075 | Val  Acc: 0.1562
 Site-Real      | Val  Loss: 1.5155 | Val  Acc: 0.9737
 Site-Real      | Val  Loss: 1.5671 | Val  Acc: 0.9481
 Site-Sketch    | Val  Loss: 1.7110 | Val  Acc: 0.7391
Average Valid Accuracy: 0.7098
============ Train epoch 37 ============
 Site-Clipart   | Train Loss: 1.8870 | Train Acc: 0.5625
 Site-Clipart   | Train Loss: 1.6397 | Train Acc: 0.8485
 Site-Clipart   | Train Loss: 1.7651 | Train Acc: 0.8000
 Site-Clipart   | Train Loss: 1.6406 | Train Acc: 0.8358
 Site-Clipart   | Train Loss: 1.6660 | Train Acc: 0.7738
 Site-Infograph | Train Loss: 2.1686 | Train Acc: 0.2581
 Site-Painting  | Train Loss: 1.7709 | Train Acc: 0.6667
 Site-QuickDraw | Train Loss: 2.1864 | Train Acc: 0.1250
 Site-Real      | Train Loss: 1.5959 | Train Acc: 0.9483
 Site-Real      | Train Loss: 1.5461 | Train Acc: 0.9483
 Site-Sketch    | Train Loss: 1.7803 | Train Acc: 0.7714
 Site-Clipart   | Val  Loss: 1.7902 | Val  Acc: 0.7273
 Site-Clipart   | Val  Loss: 1.7791 | Val  Acc: 0.8182
 Site-Clipart   | Val  Loss: 1.6765 | Val  Acc: 0.7879
 Site-Clipart   | Val  Loss: 1.6877 | Val  Acc: 0.8864
 Site-Clipart   | Val  Loss: 1.8077 | Val  Acc: 0.8214
 Site-Infograph | Val  Loss: 2.2222 | Val  Acc: 0.2500
 Site-Painting  | Val  Loss: 1.6026 | Val  Acc: 0.8462
 Site-QuickDraw | Val  Loss: 2.2062 | Val  Acc: 0.1562
 Site-Real      | Val  Loss: 1.4996 | Val  Acc: 0.9737
 Site-Real      | Val  Loss: 1.5376 | Val  Acc: 0.9610
 Site-Sketch    | Val  Loss: 1.6990 | Val  Acc: 0.6957
Average Valid Accuracy: 0.7204
 Best site-Clipart    | Epoch:37 | Val Acc: 0.7273
 Best site-Clipart    | Epoch:37 | Val Acc: 0.8182
 Best site-Clipart    | Epoch:37 | Val Acc: 0.7879
 Best site-Clipart    | Epoch:37 | Val Acc: 0.8864
 Best site-Clipart    | Epoch:37 | Val Acc: 0.8214
 Best site-Infograph  | Epoch:37 | Val Acc: 0.2500
 Best site-Painting   | Epoch:37 | Val Acc: 0.8462
 Best site-QuickDraw  | Epoch:37 | Val Acc: 0.1562
 Best site-Real       | Epoch:37 | Val Acc: 0.9737
 Best site-Real       | Epoch:37 | Val Acc: 0.9610
 Best site-Sketch     | Epoch:37 | Val Acc: 0.6957
 Saving the local and server checkpoint to ../checkpoint/fed_domainnet_uneven-1_1/fedavg...
============ Train epoch 38 ============
 Site-Clipart   | Train Loss: 1.8738 | Train Acc: 0.5625
 Site-Clipart   | Train Loss: 1.7392 | Train Acc: 0.7576
 Site-Clipart   | Train Loss: 1.7980 | Train Acc: 0.7200
 Site-Clipart   | Train Loss: 1.7015 | Train Acc: 0.7910
 Site-Clipart   | Train Loss: 1.6236 | Train Acc: 0.7976
 Site-Infograph | Train Loss: 2.1723 | Train Acc: 0.2903
 Site-Painting  | Train Loss: 1.7880 | Train Acc: 0.7436
 Site-QuickDraw | Train Loss: 2.1910 | Train Acc: 0.2083
 Site-Real      | Train Loss: 1.5730 | Train Acc: 0.9310
 Site-Real      | Train Loss: 1.5475 | Train Acc: 0.9397
 Site-Sketch    | Train Loss: 1.6486 | Train Acc: 0.7143
 Site-Clipart   | Val  Loss: 1.7841 | Val  Acc: 0.8182
 Site-Clipart   | Val  Loss: 1.6987 | Val  Acc: 0.7727
 Site-Clipart   | Val  Loss: 1.6069 | Val  Acc: 0.7879
 Site-Clipart   | Val  Loss: 1.6793 | Val  Acc: 0.7955
 Site-Clipart   | Val  Loss: 1.8310 | Val  Acc: 0.7679
 Site-Infograph | Val  Loss: 2.2334 | Val  Acc: 0.3500
 Site-Painting  | Val  Loss: 1.6111 | Val  Acc: 0.8846
 Site-QuickDraw | Val  Loss: 2.2038 | Val  Acc: 0.0625
 Site-Real      | Val  Loss: 1.5060 | Val  Acc: 0.9474
 Site-Real      | Val  Loss: 1.5327 | Val  Acc: 0.9610
 Site-Sketch    | Val  Loss: 1.6801 | Val  Acc: 0.7391
Average Valid Accuracy: 0.7170
============ Train epoch 39 ============
 Site-Clipart   | Train Loss: 1.8174 | Train Acc: 0.6250
 Site-Clipart   | Train Loss: 1.7853 | Train Acc: 0.7879
 Site-Clipart   | Train Loss: 1.8195 | Train Acc: 0.7200
 Site-Clipart   | Train Loss: 1.6728 | Train Acc: 0.8060
 Site-Clipart   | Train Loss: 1.6081 | Train Acc: 0.8214
 Site-Infograph | Train Loss: 2.1392 | Train Acc: 0.3226
 Site-Painting  | Train Loss: 1.7172 | Train Acc: 0.7436
 Site-QuickDraw | Train Loss: 2.1849 | Train Acc: 0.1875
 Site-Real      | Train Loss: 1.5766 | Train Acc: 0.9483
 Site-Real      | Train Loss: 1.5525 | Train Acc: 0.9483
 Site-Sketch    | Train Loss: 1.7967 | Train Acc: 0.8000
 Site-Clipart   | Val  Loss: 1.7553 | Val  Acc: 0.7273
 Site-Clipart   | Val  Loss: 1.7398 | Val  Acc: 0.7727
 Site-Clipart   | Val  Loss: 1.6540 | Val  Acc: 0.7879
 Site-Clipart   | Val  Loss: 1.6598 | Val  Acc: 0.8409
 Site-Clipart   | Val  Loss: 1.7890 | Val  Acc: 0.8214
 Site-Infograph | Val  Loss: 2.2711 | Val  Acc: 0.2500
 Site-Painting  | Val  Loss: 1.5787 | Val  Acc: 0.8846
 Site-QuickDraw | Val  Loss: 2.2054 | Val  Acc: 0.0938
 Site-Real      | Val  Loss: 1.4748 | Val  Acc: 0.9737
 Site-Real      | Val  Loss: 1.5114 | Val  Acc: 0.9481
 Site-Sketch    | Val  Loss: 1.6607 | Val  Acc: 0.8261
Average Valid Accuracy: 0.7206
 Best site-Clipart    | Epoch:39 | Val Acc: 0.7273
 Best site-Clipart    | Epoch:39 | Val Acc: 0.7727
 Best site-Clipart    | Epoch:39 | Val Acc: 0.7879
 Best site-Clipart    | Epoch:39 | Val Acc: 0.8409
 Best site-Clipart    | Epoch:39 | Val Acc: 0.8214
 Best site-Infograph  | Epoch:39 | Val Acc: 0.2500
 Best site-Painting   | Epoch:39 | Val Acc: 0.8846
 Best site-QuickDraw  | Epoch:39 | Val Acc: 0.0938
 Best site-Real       | Epoch:39 | Val Acc: 0.9737
 Best site-Real       | Epoch:39 | Val Acc: 0.9481
 Best site-Sketch     | Epoch:39 | Val Acc: 0.8261
 Saving the local and server checkpoint to ../checkpoint/fed_domainnet_uneven-1_1/fedavg...
 Test site-Clipart   | Epoch:39 | Test Acc: 0.7966
 Test site-Infograph | Epoch:39 | Test Acc: 0.4064
 Test site-Painting  | Epoch:39 | Test Acc: 0.8013
 Test site-QuickDraw | Epoch:39 | Test Acc: 0.2200
 Test site-Real      | Epoch:39 | Test Acc: 0.9302
 Test site-Sketch    | Epoch:39 | Test Acc: 0.7491
Average Test Accuracy: 0.6506
============ Train epoch 40 ============
 Site-Clipart   | Train Loss: 1.8023 | Train Acc: 0.6250
 Site-Clipart   | Train Loss: 1.4456 | Train Acc: 0.8182
 Site-Clipart   | Train Loss: 1.7323 | Train Acc: 0.7800
 Site-Clipart   | Train Loss: 1.7225 | Train Acc: 0.7910
 Site-Clipart   | Train Loss: 1.6223 | Train Acc: 0.8214
 Site-Infograph | Train Loss: 2.1231 | Train Acc: 0.3548
 Site-Painting  | Train Loss: 1.7158 | Train Acc: 0.7436
 Site-QuickDraw | Train Loss: 2.1800 | Train Acc: 0.2083
 Site-Real      | Train Loss: 1.5379 | Train Acc: 0.9483
 Site-Real      | Train Loss: 1.4873 | Train Acc: 0.9483
 Site-Sketch    | Train Loss: 1.7183 | Train Acc: 0.8571
 Site-Clipart   | Val  Loss: 1.6762 | Val  Acc: 0.8182
 Site-Clipart   | Val  Loss: 1.7140 | Val  Acc: 0.7273
 Site-Clipart   | Val  Loss: 1.5775 | Val  Acc: 0.7273
 Site-Clipart   | Val  Loss: 1.6718 | Val  Acc: 0.7500
 Site-Clipart   | Val  Loss: 1.7716 | Val  Acc: 0.7679
 Site-Infograph | Val  Loss: 2.2145 | Val  Acc: 0.2500
 Site-Painting  | Val  Loss: 1.5124 | Val  Acc: 0.9231
 Site-QuickDraw | Val  Loss: 2.1977 | Val  Acc: 0.0312
 Site-Real      | Val  Loss: 1.4249 | Val  Acc: 0.9737
 Site-Real      | Val  Loss: 1.4956 | Val  Acc: 0.9481
 Site-Sketch    | Val  Loss: 1.7040 | Val  Acc: 0.6522
Average Valid Accuracy: 0.6881
============ Train epoch 41 ============
 Site-Clipart   | Train Loss: 1.9461 | Train Acc: 0.6250
 Site-Clipart   | Train Loss: 1.6415 | Train Acc: 0.8485
 Site-Clipart   | Train Loss: 1.7962 | Train Acc: 0.7200
 Site-Clipart   | Train Loss: 1.6881 | Train Acc: 0.8060
 Site-Clipart   | Train Loss: 1.6004 | Train Acc: 0.8214
 Site-Infograph | Train Loss: 2.1481 | Train Acc: 0.3548
 Site-Painting  | Train Loss: 1.7187 | Train Acc: 0.7692
 Site-QuickDraw | Train Loss: 2.1731 | Train Acc: 0.2083
 Site-Real      | Train Loss: 1.5160 | Train Acc: 0.9483
 Site-Real      | Train Loss: 1.5092 | Train Acc: 0.9483
 Site-Sketch    | Train Loss: 1.6845 | Train Acc: 0.7714
 Site-Clipart   | Val  Loss: 1.7616 | Val  Acc: 0.8182
 Site-Clipart   | Val  Loss: 1.7018 | Val  Acc: 0.8182
 Site-Clipart   | Val  Loss: 1.5693 | Val  Acc: 0.7879
 Site-Clipart   | Val  Loss: 1.6369 | Val  Acc: 0.8182
 Site-Clipart   | Val  Loss: 1.7637 | Val  Acc: 0.7857
 Site-Infograph | Val  Loss: 2.2098 | Val  Acc: 0.2000
 Site-Painting  | Val  Loss: 1.5549 | Val  Acc: 0.8846
 Site-QuickDraw | Val  Loss: 2.1882 | Val  Acc: 0.1562
 Site-Real      | Val  Loss: 1.4219 | Val  Acc: 1.0000
 Site-Real      | Val  Loss: 1.5000 | Val  Acc: 0.9351
 Site-Sketch    | Val  Loss: 1.6131 | Val  Acc: 0.8261
Average Valid Accuracy: 0.7300
 Best site-Clipart    | Epoch:41 | Val Acc: 0.8182
 Best site-Clipart    | Epoch:41 | Val Acc: 0.8182
 Best site-Clipart    | Epoch:41 | Val Acc: 0.7879
 Best site-Clipart    | Epoch:41 | Val Acc: 0.8182
 Best site-Clipart    | Epoch:41 | Val Acc: 0.7857
 Best site-Infograph  | Epoch:41 | Val Acc: 0.2000
 Best site-Painting   | Epoch:41 | Val Acc: 0.8846
 Best site-QuickDraw  | Epoch:41 | Val Acc: 0.1562
 Best site-Real       | Epoch:41 | Val Acc: 1.0000
 Best site-Real       | Epoch:41 | Val Acc: 0.9351
 Best site-Sketch     | Epoch:41 | Val Acc: 0.8261
 Saving the local and server checkpoint to ../checkpoint/fed_domainnet_uneven-1_1/fedavg...
============ Train epoch 42 ============
 Site-Clipart   | Train Loss: 1.7992 | Train Acc: 0.6250
 Site-Clipart   | Train Loss: 1.5065 | Train Acc: 0.7879
 Site-Clipart   | Train Loss: 1.7549 | Train Acc: 0.7800
 Site-Clipart   | Train Loss: 1.6578 | Train Acc: 0.8507
 Site-Clipart   | Train Loss: 1.6386 | Train Acc: 0.8095
 Site-Infograph | Train Loss: 2.1605 | Train Acc: 0.2581
 Site-Painting  | Train Loss: 1.6640 | Train Acc: 0.7949
 Site-QuickDraw | Train Loss: 2.1725 | Train Acc: 0.1250
 Site-Real      | Train Loss: 1.5154 | Train Acc: 0.9483
 Site-Real      | Train Loss: 1.5151 | Train Acc: 0.9483
 Site-Sketch    | Train Loss: 1.6290 | Train Acc: 0.8000
 Site-Clipart   | Val  Loss: 1.7534 | Val  Acc: 0.7273
 Site-Clipart   | Val  Loss: 1.6890 | Val  Acc: 0.7727
 Site-Clipart   | Val  Loss: 1.5696 | Val  Acc: 0.8788
 Site-Clipart   | Val  Loss: 1.6098 | Val  Acc: 0.8409
 Site-Clipart   | Val  Loss: 1.7456 | Val  Acc: 0.8036
 Site-Infograph | Val  Loss: 2.2799 | Val  Acc: 0.2500
 Site-Painting  | Val  Loss: 1.5233 | Val  Acc: 0.8077
 Site-QuickDraw | Val  Loss: 2.1988 | Val  Acc: 0.0938
 Site-Real      | Val  Loss: 1.4030 | Val  Acc: 1.0000
 Site-Real      | Val  Loss: 1.4678 | Val  Acc: 0.9610
 Site-Sketch    | Val  Loss: 1.6408 | Val  Acc: 0.6957
Average Valid Accuracy: 0.7119
============ Train epoch 43 ============
 Site-Clipart   | Train Loss: 1.7946 | Train Acc: 0.6250
 Site-Clipart   | Train Loss: 1.5973 | Train Acc: 0.8788
 Site-Clipart   | Train Loss: 1.6865 | Train Acc: 0.7800
 Site-Clipart   | Train Loss: 1.6353 | Train Acc: 0.8358
 Site-Clipart   | Train Loss: 1.6262 | Train Acc: 0.7738
 Site-Infograph | Train Loss: 2.1432 | Train Acc: 0.2581
 Site-Painting  | Train Loss: 1.7237 | Train Acc: 0.7179
 Site-QuickDraw | Train Loss: 2.1735 | Train Acc: 0.2500
 Site-Real      | Train Loss: 1.5239 | Train Acc: 0.9310
 Site-Real      | Train Loss: 1.4655 | Train Acc: 0.9483
 Site-Sketch    | Train Loss: 1.7702 | Train Acc: 0.7143
 Site-Clipart   | Val  Loss: 1.6516 | Val  Acc: 0.8182
 Site-Clipart   | Val  Loss: 1.6087 | Val  Acc: 0.9545
 Site-Clipart   | Val  Loss: 1.5337 | Val  Acc: 0.7879
 Site-Clipart   | Val  Loss: 1.6082 | Val  Acc: 0.8409
 Site-Clipart   | Val  Loss: 1.7569 | Val  Acc: 0.8036
 Site-Infograph | Val  Loss: 2.2159 | Val  Acc: 0.1500
 Site-Painting  | Val  Loss: 1.5113 | Val  Acc: 0.8462
 Site-QuickDraw | Val  Loss: 2.2045 | Val  Acc: 0.0938
 Site-Real      | Val  Loss: 1.3800 | Val  Acc: 1.0000
 Site-Real      | Val  Loss: 1.4483 | Val  Acc: 0.9610
 Site-Sketch    | Val  Loss: 1.6075 | Val  Acc: 0.8261
Average Valid Accuracy: 0.7347
 Best site-Clipart    | Epoch:43 | Val Acc: 0.8182
 Best site-Clipart    | Epoch:43 | Val Acc: 0.9545
 Best site-Clipart    | Epoch:43 | Val Acc: 0.7879
 Best site-Clipart    | Epoch:43 | Val Acc: 0.8409
 Best site-Clipart    | Epoch:43 | Val Acc: 0.8036
 Best site-Infograph  | Epoch:43 | Val Acc: 0.1500
 Best site-Painting   | Epoch:43 | Val Acc: 0.8462
 Best site-QuickDraw  | Epoch:43 | Val Acc: 0.0938
 Best site-Real       | Epoch:43 | Val Acc: 1.0000
 Best site-Real       | Epoch:43 | Val Acc: 0.9610
 Best site-Sketch     | Epoch:43 | Val Acc: 0.8261
 Saving the local and server checkpoint to ../checkpoint/fed_domainnet_uneven-1_1/fedavg...
============ Train epoch 44 ============
 Site-Clipart   | Train Loss: 1.7750 | Train Acc: 0.6250
 Site-Clipart   | Train Loss: 1.6510 | Train Acc: 0.8485
 Site-Clipart   | Train Loss: 1.6383 | Train Acc: 0.7400
 Site-Clipart   | Train Loss: 1.6480 | Train Acc: 0.8657
 Site-Clipart   | Train Loss: 1.5838 | Train Acc: 0.8333
 Site-Infograph | Train Loss: 2.1540 | Train Acc: 0.2258
 Site-Painting  | Train Loss: 1.6808 | Train Acc: 0.6923
 Site-QuickDraw | Train Loss: 2.1787 | Train Acc: 0.1875
 Site-Real      | Train Loss: 1.4947 | Train Acc: 0.9483
 Site-Real      | Train Loss: 1.4570 | Train Acc: 0.9483
 Site-Sketch    | Train Loss: 1.6715 | Train Acc: 0.7714
 Site-Clipart   | Val  Loss: 1.6508 | Val  Acc: 0.8182
 Site-Clipart   | Val  Loss: 1.6324 | Val  Acc: 0.8182
 Site-Clipart   | Val  Loss: 1.5483 | Val  Acc: 0.8788
 Site-Clipart   | Val  Loss: 1.6001 | Val  Acc: 0.8182
 Site-Clipart   | Val  Loss: 1.7427 | Val  Acc: 0.7500
 Site-Infograph | Val  Loss: 2.2460 | Val  Acc: 0.2500
 Site-Painting  | Val  Loss: 1.5133 | Val  Acc: 0.8846
 Site-QuickDraw | Val  Loss: 2.2002 | Val  Acc: 0.1250
 Site-Real      | Val  Loss: 1.3671 | Val  Acc: 1.0000
 Site-Real      | Val  Loss: 1.4254 | Val  Acc: 0.9481
 Site-Sketch    | Val  Loss: 1.6046 | Val  Acc: 0.7826
Average Valid Accuracy: 0.7340
============ Train epoch 45 ============
 Site-Clipart   | Train Loss: 1.7805 | Train Acc: 0.6250
 Site-Clipart   | Train Loss: 1.5769 | Train Acc: 0.8485
 Site-Clipart   | Train Loss: 1.7043 | Train Acc: 0.7400
 Site-Clipart   | Train Loss: 1.6063 | Train Acc: 0.8060
 Site-Clipart   | Train Loss: 1.5420 | Train Acc: 0.7976
 Site-Infograph | Train Loss: 2.1692 | Train Acc: 0.2581
 Site-Painting  | Train Loss: 1.6880 | Train Acc: 0.7692
 Site-QuickDraw | Train Loss: 2.1803 | Train Acc: 0.2083
 Site-Real      | Train Loss: 1.4847 | Train Acc: 0.9310
 Site-Real      | Train Loss: 1.4682 | Train Acc: 0.9655
 Site-Sketch    | Train Loss: 1.6236 | Train Acc: 0.8286
 Site-Clipart   | Val  Loss: 1.6039 | Val  Acc: 0.7273
 Site-Clipart   | Val  Loss: 1.6353 | Val  Acc: 0.8182
 Site-Clipart   | Val  Loss: 1.5335 | Val  Acc: 0.7879
 Site-Clipart   | Val  Loss: 1.6110 | Val  Acc: 0.8409
 Site-Clipart   | Val  Loss: 1.7453 | Val  Acc: 0.7500
 Site-Infograph | Val  Loss: 2.1901 | Val  Acc: 0.3000
 Site-Painting  | Val  Loss: 1.4552 | Val  Acc: 0.8846
 Site-QuickDraw | Val  Loss: 2.1779 | Val  Acc: 0.0938
 Site-Real      | Val  Loss: 1.3789 | Val  Acc: 0.9737
 Site-Real      | Val  Loss: 1.4310 | Val  Acc: 0.9740
 Site-Sketch    | Val  Loss: 1.5918 | Val  Acc: 0.7826
Average Valid Accuracy: 0.7212
============ Train epoch 46 ============
 Site-Clipart   | Train Loss: 1.8361 | Train Acc: 0.5625
 Site-Clipart   | Train Loss: 1.6177 | Train Acc: 0.8182
 Site-Clipart   | Train Loss: 1.7980 | Train Acc: 0.7200
 Site-Clipart   | Train Loss: 1.6131 | Train Acc: 0.8060
 Site-Clipart   | Train Loss: 1.5675 | Train Acc: 0.7976
 Site-Infograph | Train Loss: 2.1543 | Train Acc: 0.2903
 Site-Painting  | Train Loss: 1.6993 | Train Acc: 0.7179
 Site-QuickDraw | Train Loss: 2.1500 | Train Acc: 0.2083
 Site-Real      | Train Loss: 1.4507 | Train Acc: 0.9310
 Site-Real      | Train Loss: 1.4247 | Train Acc: 0.9569
 Site-Sketch    | Train Loss: 1.7957 | Train Acc: 0.8286
 Site-Clipart   | Val  Loss: 1.6611 | Val  Acc: 0.8182
 Site-Clipart   | Val  Loss: 1.6320 | Val  Acc: 0.8636
 Site-Clipart   | Val  Loss: 1.5252 | Val  Acc: 0.8182
 Site-Clipart   | Val  Loss: 1.5724 | Val  Acc: 0.8636
 Site-Clipart   | Val  Loss: 1.7248 | Val  Acc: 0.7857
 Site-Infograph | Val  Loss: 2.2387 | Val  Acc: 0.2500
 Site-Painting  | Val  Loss: 1.4943 | Val  Acc: 0.8846
 Site-QuickDraw | Val  Loss: 2.1842 | Val  Acc: 0.0312
 Site-Real      | Val  Loss: 1.3452 | Val  Acc: 0.9737
 Site-Real      | Val  Loss: 1.4109 | Val  Acc: 0.9481
 Site-Sketch    | Val  Loss: 1.5918 | Val  Acc: 0.7391
Average Valid Accuracy: 0.7251
============ Train epoch 47 ============
 Site-Clipart   | Train Loss: 1.8375 | Train Acc: 0.5625
 Site-Clipart   | Train Loss: 1.5758 | Train Acc: 0.7879
 Site-Clipart   | Train Loss: 1.7684 | Train Acc: 0.7800
 Site-Clipart   | Train Loss: 1.5652 | Train Acc: 0.8060
 Site-Clipart   | Train Loss: 1.5338 | Train Acc: 0.7738
 Site-Infograph | Train Loss: 2.1709 | Train Acc: 0.2258
 Site-Painting  | Train Loss: 1.6498 | Train Acc: 0.6923
 Site-QuickDraw | Train Loss: 2.1643 | Train Acc: 0.1667
 Site-Real      | Train Loss: 1.4633 | Train Acc: 0.9483
 Site-Real      | Train Loss: 1.3916 | Train Acc: 0.9741
 Site-Sketch    | Train Loss: 1.6056 | Train Acc: 0.6571
 Site-Clipart   | Val  Loss: 1.6353 | Val  Acc: 0.9091
 Site-Clipart   | Val  Loss: 1.5854 | Val  Acc: 0.8182
 Site-Clipart   | Val  Loss: 1.4757 | Val  Acc: 0.9394
 Site-Clipart   | Val  Loss: 1.5685 | Val  Acc: 0.9091
 Site-Clipart   | Val  Loss: 1.7174 | Val  Acc: 0.8214
 Site-Infograph | Val  Loss: 2.2610 | Val  Acc: 0.2500
 Site-Painting  | Val  Loss: 1.4706 | Val  Acc: 0.9231
 Site-QuickDraw | Val  Loss: 2.1789 | Val  Acc: 0.0938
 Site-Real      | Val  Loss: 1.3205 | Val  Acc: 1.0000
 Site-Real      | Val  Loss: 1.4030 | Val  Acc: 0.9481
 Site-Sketch    | Val  Loss: 1.5384 | Val  Acc: 0.7391
Average Valid Accuracy: 0.7592
 Best site-Clipart    | Epoch:47 | Val Acc: 0.9091
 Best site-Clipart    | Epoch:47 | Val Acc: 0.8182
 Best site-Clipart    | Epoch:47 | Val Acc: 0.9394
 Best site-Clipart    | Epoch:47 | Val Acc: 0.9091
 Best site-Clipart    | Epoch:47 | Val Acc: 0.8214
 Best site-Infograph  | Epoch:47 | Val Acc: 0.2500
 Best site-Painting   | Epoch:47 | Val Acc: 0.9231
 Best site-QuickDraw  | Epoch:47 | Val Acc: 0.0938
 Best site-Real       | Epoch:47 | Val Acc: 1.0000
 Best site-Real       | Epoch:47 | Val Acc: 0.9481
 Best site-Sketch     | Epoch:47 | Val Acc: 0.7391
 Saving the local and server checkpoint to ../checkpoint/fed_domainnet_uneven-1_1/fedavg...
============ Train epoch 48 ============
 Site-Clipart   | Train Loss: 1.8095 | Train Acc: 0.5625
 Site-Clipart   | Train Loss: 1.3616 | Train Acc: 0.8182
 Site-Clipart   | Train Loss: 1.6657 | Train Acc: 0.7200
 Site-Clipart   | Train Loss: 1.6347 | Train Acc: 0.7463
 Site-Clipart   | Train Loss: 1.5724 | Train Acc: 0.8095
 Site-Infograph | Train Loss: 2.1401 | Train Acc: 0.2903
 Site-Painting  | Train Loss: 1.6158 | Train Acc: 0.8205
 Site-QuickDraw | Train Loss: 2.1590 | Train Acc: 0.1458
 Site-Real      | Train Loss: 1.4228 | Train Acc: 0.9655
 Site-Real      | Train Loss: 1.4011 | Train Acc: 0.9569
 Site-Sketch    | Train Loss: 1.5234 | Train Acc: 0.8000
 Site-Clipart   | Val  Loss: 1.6467 | Val  Acc: 0.8182
 Site-Clipart   | Val  Loss: 1.5730 | Val  Acc: 0.9091
 Site-Clipart   | Val  Loss: 1.4717 | Val  Acc: 0.7273
 Site-Clipart   | Val  Loss: 1.5591 | Val  Acc: 0.8864
 Site-Clipart   | Val  Loss: 1.7052 | Val  Acc: 0.7679
 Site-Infograph | Val  Loss: 2.1881 | Val  Acc: 0.3000
 Site-Painting  | Val  Loss: 1.4515 | Val  Acc: 0.8462
 Site-QuickDraw | Val  Loss: 2.1757 | Val  Acc: 0.0938
 Site-Real      | Val  Loss: 1.3052 | Val  Acc: 1.0000
 Site-Real      | Val  Loss: 1.3831 | Val  Acc: 0.9481
 Site-Sketch    | Val  Loss: 1.5678 | Val  Acc: 0.8261
Average Valid Accuracy: 0.7384
============ Train epoch 49 ============
 Site-Clipart   | Train Loss: 1.7459 | Train Acc: 0.8125
 Site-Clipart   | Train Loss: 1.4522 | Train Acc: 0.8788
 Site-Clipart   | Train Loss: 1.5795 | Train Acc: 0.7800
 Site-Clipart   | Train Loss: 1.6174 | Train Acc: 0.8060
 Site-Clipart   | Train Loss: 1.5025 | Train Acc: 0.8333
 Site-Infograph | Train Loss: 2.1694 | Train Acc: 0.2903
 Site-Painting  | Train Loss: 1.6233 | Train Acc: 0.7179
 Site-QuickDraw | Train Loss: 2.1501 | Train Acc: 0.2083
 Site-Real      | Train Loss: 1.4073 | Train Acc: 0.9483
 Site-Real      | Train Loss: 1.3938 | Train Acc: 0.9569
 Site-Sketch    | Train Loss: 1.5939 | Train Acc: 0.8571
 Site-Clipart   | Val  Loss: 1.5702 | Val  Acc: 0.8182
 Site-Clipart   | Val  Loss: 1.5958 | Val  Acc: 0.9091
 Site-Clipart   | Val  Loss: 1.4762 | Val  Acc: 0.7879
 Site-Clipart   | Val  Loss: 1.5369 | Val  Acc: 0.8864
 Site-Clipart   | Val  Loss: 1.7126 | Val  Acc: 0.7679
 Site-Infograph | Val  Loss: 2.2425 | Val  Acc: 0.2500
 Site-Painting  | Val  Loss: 1.4842 | Val  Acc: 0.8846
 Site-QuickDraw | Val  Loss: 2.1620 | Val  Acc: 0.1562
 Site-Real      | Val  Loss: 1.3062 | Val  Acc: 1.0000
 Site-Real      | Val  Loss: 1.3668 | Val  Acc: 0.9740
 Site-Sketch    | Val  Loss: 1.5734 | Val  Acc: 0.7826
Average Valid Accuracy: 0.7470
===2023-04-27 12:44:52===
===2023-04-27 12:44:54===
===Setting===
    dataset: domainnet
    lr: 0.01
    batch: 1
    iters: 10
    wk_iters: 5
    si: False
    lambda for constrastive: 0.5
data_number=[16,33,50,67,84,31,39,48,58,116,35,]
label set of clients: [10, 10, 10, 10, 10, 10, 10, 10, 10, 10, 9, ]
domain number = 6
Loading snapshots...
 Test site-Clipart   | Epoch:47 | Test Acc: 0.8080
 Test site-Infograph | Epoch:47 | Test Acc: 0.4170
 Test site-Painting  | Epoch:47 | Test Acc: 0.7997
 Test site-QuickDraw | Epoch:47 | Test Acc: 0.2370
 Test site-Real      | Epoch:47 | Test Acc: 0.9359
 Test site-Sketch    | Epoch:47 | Test Acc: 0.7599
Average Test Accuracy: 0.6596
