===2023-03-31 14:03:53===
===Setting===
    dataset: domainnet
    lr: 0.01
    batch: 16
    iters: 40
    wk_iters: 5
    tune: False
    lambda for constrastive: 0.5
domain number = 3
============ Train epoch 0 ============
===2023-03-31 16:18:18===
===Setting===
    dataset: domainnet
    lr: 0.01
    batch: 16
    iters: 40
    wk_iters: 5
    tune: False
    lambda for constrastive: 0.5
domain number = 3
============ Train epoch 0 ============
============ Train epoch 1 ============
============ Train epoch 2 ============
============ Train epoch 3 ============
============ Train epoch 4 ============
client-0 is in G-1
client-1 is in G-0
client-2 is in G-1
client-3 is in G-1
client-4 is in G-1
client-5 is in G-1
client-6 is in G-1
client-7 is in G-2
client-8 is in G-1
client-9 is in G-1
client-10 is in G-1
client-11 is in G-1
cnt=[1, 10, 1, ]
 Site-Clipart   | Train Loss: 1.9525 | Train Acc: 0.3810
 Site-Clipart   | Train Loss: 1.9117 | Train Acc: 0.4603
 Site-Clipart   | Train Loss: 1.8209 | Train Acc: 0.5397
 Site-Clipart   | Train Loss: 1.9213 | Train Acc: 0.4603
 Site-Infograph | Train Loss: 2.1958 | Train Acc: 0.2063
 Site-Infograph | Train Loss: 2.1521 | Train Acc: 0.2540
 Site-Infograph | Train Loss: 2.0847 | Train Acc: 0.3333
 Site-Painting  | Train Loss: 1.9390 | Train Acc: 0.4444
 Site-Painting  | Train Loss: 1.9670 | Train Acc: 0.4127
 Site-QuickDraw | Train Loss: 2.3235 | Train Acc: 0.1429
 Site-Real      | Train Loss: 1.8346 | Train Acc: 0.5397
 Site-Sketch    | Train Loss: 1.8877 | Train Acc: 0.5714
 Site-Clipart   | Val  Loss: 1.8029 | Val  Acc: 0.5238
 Site-Clipart   | Val  Loss: 1.8115 | Val  Acc: 0.4762
 Site-Clipart   | Val  Loss: 1.9092 | Val  Acc: 0.5000
 Site-Clipart   | Val  Loss: 2.0174 | Val  Acc: 0.3571
 Site-Infograph | Val  Loss: 2.0966 | Val  Acc: 0.3810
 Site-Infograph | Val  Loss: 2.0956 | Val  Acc: 0.3095
 Site-Infograph | Val  Loss: 2.1803 | Val  Acc: 0.1667
 Site-Painting  | Val  Loss: 1.8046 | Val  Acc: 0.5000
 Site-Painting  | Val  Loss: 2.0840 | Val  Acc: 0.3571
 Site-QuickDraw | Val  Loss: 2.2621 | Val  Acc: 0.1190
 Site-Real      | Val  Loss: 1.9224 | Val  Acc: 0.5238
 Site-Sketch    | Val  Loss: 1.9873 | Val  Acc: 0.4048
Average Valid Accuracy: 0.3849
 Best site-Clipart    | Epoch:0 | Val Acc: 0.5238
 Best site-Clipart    | Epoch:0 | Val Acc: 0.4762
 Best site-Clipart    | Epoch:0 | Val Acc: 0.5000
 Best site-Clipart    | Epoch:0 | Val Acc: 0.3571
 Best site-Infograph  | Epoch:0 | Val Acc: 0.3810
 Best site-Infograph  | Epoch:0 | Val Acc: 0.3095
 Best site-Infograph  | Epoch:0 | Val Acc: 0.1667
 Best site-Painting   | Epoch:0 | Val Acc: 0.5000
 Best site-Painting   | Epoch:0 | Val Acc: 0.3571
 Best site-QuickDraw  | Epoch:0 | Val Acc: 0.1190
 Best site-Real       | Epoch:0 | Val Acc: 0.5238
 Best site-Sketch     | Epoch:0 | Val Acc: 0.4048
 Saving the local and server checkpoint to ../checkpoint/fed_domainnet_uneven-1-sqrt_1/FedPrompt...
============ Train epoch 5 ============
============ Train epoch 6 ============
============ Train epoch 7 ============
============ Train epoch 8 ============
============ Train epoch 9 ============
client-0 is in G-0
client-1 is in G-0
client-2 is in G-1
client-3 is in G-1
client-4 is in G-1
client-5 is in G-0
client-6 is in G-1
client-7 is in G-2
client-8 is in G-1
client-9 is in G-1
client-10 is in G-2
client-11 is in G-2
cnt=[3, 6, 3, ]
 Site-Clipart   | Train Loss: 1.5518 | Train Acc: 0.5873
 Site-Clipart   | Train Loss: 1.6563 | Train Acc: 0.5556
 Site-Clipart   | Train Loss: 1.4526 | Train Acc: 0.6032
 Site-Clipart   | Train Loss: 1.4714 | Train Acc: 0.6984
 Site-Infograph | Train Loss: 2.0988 | Train Acc: 0.2857
 Site-Infograph | Train Loss: 1.9824 | Train Acc: 0.3651
 Site-Infograph | Train Loss: 1.8954 | Train Acc: 0.4286
 Site-Painting  | Train Loss: 1.4800 | Train Acc: 0.6667
 Site-Painting  | Train Loss: 1.5244 | Train Acc: 0.6349
 Site-QuickDraw | Train Loss: 2.2578 | Train Acc: 0.1587
 Site-Real      | Train Loss: 1.3230 | Train Acc: 0.7143
 Site-Sketch    | Train Loss: 1.3791 | Train Acc: 0.6508
 Site-Clipart   | Val  Loss: 1.3276 | Val  Acc: 0.7619
 Site-Clipart   | Val  Loss: 1.3837 | Val  Acc: 0.6667
 Site-Clipart   | Val  Loss: 1.5995 | Val  Acc: 0.5714
 Site-Clipart   | Val  Loss: 1.6920 | Val  Acc: 0.5714
 Site-Infograph | Val  Loss: 1.9315 | Val  Acc: 0.3810
 Site-Infograph | Val  Loss: 1.9839 | Val  Acc: 0.4762
 Site-Infograph | Val  Loss: 2.1693 | Val  Acc: 0.2143
 Site-Painting  | Val  Loss: 1.2903 | Val  Acc: 0.7857
 Site-Painting  | Val  Loss: 1.6483 | Val  Acc: 0.5714
 Site-QuickDraw | Val  Loss: 2.1790 | Val  Acc: 0.1667
 Site-Real      | Val  Loss: 1.4201 | Val  Acc: 0.7619
 Site-Sketch    | Val  Loss: 1.5860 | Val  Acc: 0.5714
Average Valid Accuracy: 0.5417
 Best site-Clipart    | Epoch:1 | Val Acc: 0.7619
 Best site-Clipart    | Epoch:1 | Val Acc: 0.6667
 Best site-Clipart    | Epoch:1 | Val Acc: 0.5714
 Best site-Clipart    | Epoch:1 | Val Acc: 0.5714
 Best site-Infograph  | Epoch:1 | Val Acc: 0.3810
 Best site-Infograph  | Epoch:1 | Val Acc: 0.4762
 Best site-Infograph  | Epoch:1 | Val Acc: 0.2143
 Best site-Painting   | Epoch:1 | Val Acc: 0.7857
 Best site-Painting   | Epoch:1 | Val Acc: 0.5714
 Best site-QuickDraw  | Epoch:1 | Val Acc: 0.1667
 Best site-Real       | Epoch:1 | Val Acc: 0.7619
 Best site-Sketch     | Epoch:1 | Val Acc: 0.5714
 Saving the local and server checkpoint to ../checkpoint/fed_domainnet_uneven-1-sqrt_1/FedPrompt...
============ Train epoch 10 ============
============ Train epoch 11 ============
============ Train epoch 12 ============
============ Train epoch 13 ============
============ Train epoch 14 ============
client-0 is in G-0
client-1 is in G-0
client-2 is in G-1
client-3 is in G-1
client-4 is in G-1
client-5 is in G-0
client-6 is in G-1
client-7 is in G-2
client-8 is in G-1
client-9 is in G-1
client-10 is in G-2
client-11 is in G-2
cnt=[3, 6, 3, ]
 Site-Clipart   | Train Loss: 1.2396 | Train Acc: 0.6508
 Site-Clipart   | Train Loss: 1.2808 | Train Acc: 0.7460
 Site-Clipart   | Train Loss: 1.1291 | Train Acc: 0.7778
 Site-Clipart   | Train Loss: 1.0799 | Train Acc: 0.7937
 Site-Infograph | Train Loss: 1.8965 | Train Acc: 0.3333
 Site-Infograph | Train Loss: 1.8129 | Train Acc: 0.3968
 Site-Infograph | Train Loss: 1.6473 | Train Acc: 0.5238
 Site-Painting  | Train Loss: 1.0843 | Train Acc: 0.8095
 Site-Painting  | Train Loss: 1.0474 | Train Acc: 0.7937
 Site-QuickDraw | Train Loss: 2.1526 | Train Acc: 0.2698
 Site-Real      | Train Loss: 0.9660 | Train Acc: 0.8730
 Site-Sketch    | Train Loss: 1.0567 | Train Acc: 0.8095
 Site-Clipart   | Val  Loss: 0.9914 | Val  Acc: 0.8571
 Site-Clipart   | Val  Loss: 1.0472 | Val  Acc: 0.8333
 Site-Clipart   | Val  Loss: 1.2858 | Val  Acc: 0.7381
 Site-Clipart   | Val  Loss: 1.3098 | Val  Acc: 0.7143
 Site-Infograph | Val  Loss: 1.7082 | Val  Acc: 0.3810
 Site-Infograph | Val  Loss: 1.7394 | Val  Acc: 0.5000
 Site-Infograph | Val  Loss: 1.8943 | Val  Acc: 0.2857
 Site-Painting  | Val  Loss: 0.9511 | Val  Acc: 0.8810
 Site-Painting  | Val  Loss: 1.1985 | Val  Acc: 0.7619
 Site-QuickDraw | Val  Loss: 2.1454 | Val  Acc: 0.3095
 Site-Real      | Val  Loss: 1.0067 | Val  Acc: 0.8333
 Site-Sketch    | Val  Loss: 1.3341 | Val  Acc: 0.5952
Average Valid Accuracy: 0.6409
 Best site-Clipart    | Epoch:2 | Val Acc: 0.8571
 Best site-Clipart    | Epoch:2 | Val Acc: 0.8333
 Best site-Clipart    | Epoch:2 | Val Acc: 0.7381
 Best site-Clipart    | Epoch:2 | Val Acc: 0.7143
 Best site-Infograph  | Epoch:2 | Val Acc: 0.3810
 Best site-Infograph  | Epoch:2 | Val Acc: 0.5000
 Best site-Infograph  | Epoch:2 | Val Acc: 0.2857
 Best site-Painting   | Epoch:2 | Val Acc: 0.8810
 Best site-Painting   | Epoch:2 | Val Acc: 0.7619
 Best site-QuickDraw  | Epoch:2 | Val Acc: 0.3095
 Best site-Real       | Epoch:2 | Val Acc: 0.8333
 Best site-Sketch     | Epoch:2 | Val Acc: 0.5952
 Saving the local and server checkpoint to ../checkpoint/fed_domainnet_uneven-1-sqrt_1/FedPrompt...
============ Train epoch 15 ============
============ Train epoch 16 ============
============ Train epoch 17 ============
============ Train epoch 18 ============
============ Train epoch 19 ============
client-0 is in G-0
client-1 is in G-0
client-2 is in G-1
client-3 is in G-1
client-4 is in G-1
client-5 is in G-0
client-6 is in G-1
client-7 is in G-2
client-8 is in G-1
client-9 is in G-1
client-10 is in G-2
client-11 is in G-2
cnt=[3, 6, 3, ]
 Site-Clipart   | Train Loss: 0.9345 | Train Acc: 0.7460
 Site-Clipart   | Train Loss: 1.1265 | Train Acc: 0.7460
 Site-Clipart   | Train Loss: 0.8622 | Train Acc: 0.8254
 Site-Clipart   | Train Loss: 0.7587 | Train Acc: 0.9365
 Site-Infograph | Train Loss: 1.8270 | Train Acc: 0.3968
 Site-Infograph | Train Loss: 1.6729 | Train Acc: 0.4444
 Site-Infograph | Train Loss: 1.5351 | Train Acc: 0.5238
 Site-Painting  | Train Loss: 0.8299 | Train Acc: 0.8254
 Site-Painting  | Train Loss: 0.8540 | Train Acc: 0.7619
 Site-QuickDraw | Train Loss: 2.0548 | Train Acc: 0.3175
 Site-Real      | Train Loss: 0.6083 | Train Acc: 0.9206
 Site-Sketch    | Train Loss: 0.8677 | Train Acc: 0.8095
 Site-Clipart   | Val  Loss: 0.6960 | Val  Acc: 0.9048
 Site-Clipart   | Val  Loss: 0.7036 | Val  Acc: 0.8810
 Site-Clipart   | Val  Loss: 1.0849 | Val  Acc: 0.7143
 Site-Clipart   | Val  Loss: 1.1232 | Val  Acc: 0.7143
 Site-Infograph | Val  Loss: 1.7246 | Val  Acc: 0.4524
 Site-Infograph | Val  Loss: 1.5436 | Val  Acc: 0.5000
 Site-Infograph | Val  Loss: 1.9352 | Val  Acc: 0.2857
 Site-Painting  | Val  Loss: 0.7456 | Val  Acc: 0.8571
 Site-Painting  | Val  Loss: 0.9535 | Val  Acc: 0.7857
 Site-QuickDraw | Val  Loss: 1.9764 | Val  Acc: 0.2619
 Site-Real      | Val  Loss: 0.6960 | Val  Acc: 0.8571
 Site-Sketch    | Val  Loss: 1.0446 | Val  Acc: 0.7381
Average Valid Accuracy: 0.6627
 Best site-Clipart    | Epoch:3 | Val Acc: 0.9048
 Best site-Clipart    | Epoch:3 | Val Acc: 0.8810
 Best site-Clipart    | Epoch:3 | Val Acc: 0.7143
 Best site-Clipart    | Epoch:3 | Val Acc: 0.7143
 Best site-Infograph  | Epoch:3 | Val Acc: 0.4524
 Best site-Infograph  | Epoch:3 | Val Acc: 0.5000
 Best site-Infograph  | Epoch:3 | Val Acc: 0.2857
 Best site-Painting   | Epoch:3 | Val Acc: 0.8571
 Best site-Painting   | Epoch:3 | Val Acc: 0.7857
 Best site-QuickDraw  | Epoch:3 | Val Acc: 0.2619
 Best site-Real       | Epoch:3 | Val Acc: 0.8571
 Best site-Sketch     | Epoch:3 | Val Acc: 0.7381
 Saving the local and server checkpoint to ../checkpoint/fed_domainnet_uneven-1-sqrt_1/FedPrompt...
============ Train epoch 20 ============
============ Train epoch 21 ============
============ Train epoch 22 ============
============ Train epoch 23 ============
============ Train epoch 24 ============
client-0 is in G-0
client-1 is in G-0
client-2 is in G-1
client-3 is in G-1
client-4 is in G-1
client-5 is in G-0
client-6 is in G-1
client-7 is in G-2
client-8 is in G-1
client-9 is in G-1
client-10 is in G-2
client-11 is in G-2
cnt=[3, 6, 3, ]
 Site-Clipart   | Train Loss: 0.7476 | Train Acc: 0.8889
 Site-Clipart   | Train Loss: 0.9365 | Train Acc: 0.8095
 Site-Clipart   | Train Loss: 0.6153 | Train Acc: 0.9683
 Site-Clipart   | Train Loss: 0.5753 | Train Acc: 0.8730
 Site-Infograph | Train Loss: 1.6181 | Train Acc: 0.4286
 Site-Infograph | Train Loss: 1.4049 | Train Acc: 0.5873
 Site-Infograph | Train Loss: 1.2852 | Train Acc: 0.5556
 Site-Painting  | Train Loss: 0.6596 | Train Acc: 0.8730
 Site-Painting  | Train Loss: 0.6454 | Train Acc: 0.8730
 Site-QuickDraw | Train Loss: 1.8060 | Train Acc: 0.4603
 Site-Real      | Train Loss: 0.4742 | Train Acc: 0.9524
 Site-Sketch    | Train Loss: 0.6833 | Train Acc: 0.8889
 Site-Clipart   | Val  Loss: 0.5099 | Val  Acc: 0.9048
 Site-Clipart   | Val  Loss: 0.5775 | Val  Acc: 0.9048
 Site-Clipart   | Val  Loss: 0.8464 | Val  Acc: 0.8333
 Site-Clipart   | Val  Loss: 0.8637 | Val  Acc: 0.8095
 Site-Infograph | Val  Loss: 1.4424 | Val  Acc: 0.5238
 Site-Infograph | Val  Loss: 1.3290 | Val  Acc: 0.5714
 Site-Infograph | Val  Loss: 1.7124 | Val  Acc: 0.4048
 Site-Painting  | Val  Loss: 0.5355 | Val  Acc: 0.9524
 Site-Painting  | Val  Loss: 0.7880 | Val  Acc: 0.8810
 Site-QuickDraw | Val  Loss: 1.8756 | Val  Acc: 0.4048
 Site-Real      | Val  Loss: 0.5412 | Val  Acc: 0.8810
 Site-Sketch    | Val  Loss: 0.8918 | Val  Acc: 0.7857
Average Valid Accuracy: 0.7381
 Best site-Clipart    | Epoch:4 | Val Acc: 0.9048
 Best site-Clipart    | Epoch:4 | Val Acc: 0.9048
 Best site-Clipart    | Epoch:4 | Val Acc: 0.8333
 Best site-Clipart    | Epoch:4 | Val Acc: 0.8095
 Best site-Infograph  | Epoch:4 | Val Acc: 0.5238
 Best site-Infograph  | Epoch:4 | Val Acc: 0.5714
 Best site-Infograph  | Epoch:4 | Val Acc: 0.4048
 Best site-Painting   | Epoch:4 | Val Acc: 0.9524
 Best site-Painting   | Epoch:4 | Val Acc: 0.8810
 Best site-QuickDraw  | Epoch:4 | Val Acc: 0.4048
 Best site-Real       | Epoch:4 | Val Acc: 0.8810
 Best site-Sketch     | Epoch:4 | Val Acc: 0.7857
 Saving the local and server checkpoint to ../checkpoint/fed_domainnet_uneven-1-sqrt_1/FedPrompt...
============ Train epoch 25 ============
============ Train epoch 26 ============
============ Train epoch 27 ============
============ Train epoch 28 ============
============ Train epoch 29 ============
client-0 is in G-0
client-1 is in G-0
client-2 is in G-1
client-3 is in G-1
client-4 is in G-1
client-5 is in G-0
client-6 is in G-1
client-7 is in G-2
client-8 is in G-1
client-9 is in G-1
client-10 is in G-2
client-11 is in G-2
cnt=[3, 6, 3, ]
 Site-Clipart   | Train Loss: 0.5520 | Train Acc: 0.9365
 Site-Clipart   | Train Loss: 0.6886 | Train Acc: 0.8254
 Site-Clipart   | Train Loss: 0.4559 | Train Acc: 0.9524
 Site-Clipart   | Train Loss: 0.3733 | Train Acc: 0.9365
 Site-Infograph | Train Loss: 1.4822 | Train Acc: 0.4603
 Site-Infograph | Train Loss: 1.2268 | Train Acc: 0.5714
 Site-Infograph | Train Loss: 1.1015 | Train Acc: 0.7143
 Site-Painting  | Train Loss: 0.5203 | Train Acc: 0.8889
 Site-Painting  | Train Loss: 0.4529 | Train Acc: 0.9048
 Site-QuickDraw | Train Loss: 1.8669 | Train Acc: 0.3810
 Site-Real      | Train Loss: 0.4220 | Train Acc: 0.9206
 Site-Sketch    | Train Loss: 0.4615 | Train Acc: 0.9048
 Site-Clipart   | Val  Loss: 0.3560 | Val  Acc: 0.9762
 Site-Clipart   | Val  Loss: 0.4169 | Val  Acc: 1.0000
 Site-Clipart   | Val  Loss: 0.7534 | Val  Acc: 0.7857
 Site-Clipart   | Val  Loss: 0.6478 | Val  Acc: 0.8333
 Site-Infograph | Val  Loss: 1.4261 | Val  Acc: 0.6429
 Site-Infograph | Val  Loss: 1.1639 | Val  Acc: 0.6905
 Site-Infograph | Val  Loss: 1.4466 | Val  Acc: 0.5000
 Site-Painting  | Val  Loss: 0.3905 | Val  Acc: 0.9524
 Site-Painting  | Val  Loss: 0.5494 | Val  Acc: 0.9048
 Site-QuickDraw | Val  Loss: 2.0008 | Val  Acc: 0.3095
 Site-Real      | Val  Loss: 0.4179 | Val  Acc: 0.9286
 Site-Sketch    | Val  Loss: 0.7976 | Val  Acc: 0.8571
Average Valid Accuracy: 0.7817
 Best site-Clipart    | Epoch:5 | Val Acc: 0.9762
 Best site-Clipart    | Epoch:5 | Val Acc: 1.0000
 Best site-Clipart    | Epoch:5 | Val Acc: 0.7857
 Best site-Clipart    | Epoch:5 | Val Acc: 0.8333
 Best site-Infograph  | Epoch:5 | Val Acc: 0.6429
 Best site-Infograph  | Epoch:5 | Val Acc: 0.6905
 Best site-Infograph  | Epoch:5 | Val Acc: 0.5000
 Best site-Painting   | Epoch:5 | Val Acc: 0.9524
 Best site-Painting   | Epoch:5 | Val Acc: 0.9048
 Best site-QuickDraw  | Epoch:5 | Val Acc: 0.3095
 Best site-Real       | Epoch:5 | Val Acc: 0.9286
 Best site-Sketch     | Epoch:5 | Val Acc: 0.8571
 Saving the local and server checkpoint to ../checkpoint/fed_domainnet_uneven-1-sqrt_1/FedPrompt...
============ Train epoch 30 ============
============ Train epoch 31 ============
============ Train epoch 32 ============
============ Train epoch 33 ============
============ Train epoch 34 ============
client-0 is in G-0
client-1 is in G-0
client-2 is in G-1
client-3 is in G-1
client-4 is in G-1
client-5 is in G-0
client-6 is in G-1
client-7 is in G-2
client-8 is in G-1
client-9 is in G-1
client-10 is in G-2
client-11 is in G-2
cnt=[3, 6, 3, ]
 Site-Clipart   | Train Loss: 0.4436 | Train Acc: 0.9206
 Site-Clipart   | Train Loss: 0.5498 | Train Acc: 0.8730
 Site-Clipart   | Train Loss: 0.3531 | Train Acc: 0.9841
 Site-Clipart   | Train Loss: 0.2690 | Train Acc: 0.9841
 Site-Infograph | Train Loss: 1.3026 | Train Acc: 0.5238
 Site-Infograph | Train Loss: 1.2392 | Train Acc: 0.5714
 Site-Infograph | Train Loss: 1.1572 | Train Acc: 0.6190
 Site-Painting  | Train Loss: 0.3855 | Train Acc: 0.8889
 Site-Painting  | Train Loss: 0.3729 | Train Acc: 0.9048
 Site-QuickDraw | Train Loss: 1.6885 | Train Acc: 0.4603
 Site-Real      | Train Loss: 0.2999 | Train Acc: 0.9365
 Site-Sketch    | Train Loss: 0.5131 | Train Acc: 0.8571
 Site-Clipart   | Val  Loss: 0.2793 | Val  Acc: 0.9762
 Site-Clipart   | Val  Loss: 0.2911 | Val  Acc: 1.0000
 Site-Clipart   | Val  Loss: 0.6575 | Val  Acc: 0.8333
 Site-Clipart   | Val  Loss: 0.4513 | Val  Acc: 0.9286
 Site-Infograph | Val  Loss: 1.2372 | Val  Acc: 0.6429
 Site-Infograph | Val  Loss: 1.1152 | Val  Acc: 0.5476
 Site-Infograph | Val  Loss: 1.4506 | Val  Acc: 0.4762
 Site-Painting  | Val  Loss: 0.3445 | Val  Acc: 0.9524
 Site-Painting  | Val  Loss: 0.4019 | Val  Acc: 0.9286
 Site-QuickDraw | Val  Loss: 1.8161 | Val  Acc: 0.4524
 Site-Real      | Val  Loss: 0.3313 | Val  Acc: 0.9286
 Site-Sketch    | Val  Loss: 0.7955 | Val  Acc: 0.8333
Average Valid Accuracy: 0.7917
 Best site-Clipart    | Epoch:6 | Val Acc: 0.9762
 Best site-Clipart    | Epoch:6 | Val Acc: 1.0000
 Best site-Clipart    | Epoch:6 | Val Acc: 0.8333
 Best site-Clipart    | Epoch:6 | Val Acc: 0.9286
 Best site-Infograph  | Epoch:6 | Val Acc: 0.6429
 Best site-Infograph  | Epoch:6 | Val Acc: 0.5476
 Best site-Infograph  | Epoch:6 | Val Acc: 0.4762
 Best site-Painting   | Epoch:6 | Val Acc: 0.9524
 Best site-Painting   | Epoch:6 | Val Acc: 0.9286
 Best site-QuickDraw  | Epoch:6 | Val Acc: 0.4524
 Best site-Real       | Epoch:6 | Val Acc: 0.9286
 Best site-Sketch     | Epoch:6 | Val Acc: 0.8333
 Saving the local and server checkpoint to ../checkpoint/fed_domainnet_uneven-1-sqrt_1/FedPrompt...
============ Train epoch 35 ============
============ Train epoch 36 ============
============ Train epoch 37 ============
============ Train epoch 38 ============
============ Train epoch 39 ============
client-0 is in G-0
client-1 is in G-0
client-2 is in G-1
client-3 is in G-1
client-4 is in G-1
client-5 is in G-0
client-6 is in G-1
client-7 is in G-2
client-8 is in G-1
client-9 is in G-1
client-10 is in G-2
client-11 is in G-2
cnt=[3, 6, 3, ]
 Site-Clipart   | Train Loss: 0.2940 | Train Acc: 0.9683
 Site-Clipart   | Train Loss: 0.4829 | Train Acc: 0.8730
 Site-Clipart   | Train Loss: 0.2214 | Train Acc: 1.0000
 Site-Clipart   | Train Loss: 0.2167 | Train Acc: 0.9683
 Site-Infograph | Train Loss: 1.2482 | Train Acc: 0.6032
 Site-Infograph | Train Loss: 0.9078 | Train Acc: 0.7778
 Site-Infograph | Train Loss: 1.0764 | Train Acc: 0.7143
 Site-Painting  | Train Loss: 0.3028 | Train Acc: 0.9365
 Site-Painting  | Train Loss: 0.2962 | Train Acc: 0.9206
 Site-QuickDraw | Train Loss: 1.5829 | Train Acc: 0.5238
 Site-Real      | Train Loss: 0.2800 | Train Acc: 0.9206
 Site-Sketch    | Train Loss: 0.3168 | Train Acc: 0.9524
 Site-Clipart   | Val  Loss: 0.2123 | Val  Acc: 1.0000
 Site-Clipart   | Val  Loss: 0.2016 | Val  Acc: 1.0000
 Site-Clipart   | Val  Loss: 0.5477 | Val  Acc: 0.8333
 Site-Clipart   | Val  Loss: 0.4669 | Val  Acc: 0.8810
 Site-Infograph | Val  Loss: 1.0963 | Val  Acc: 0.6667
 Site-Infograph | Val  Loss: 0.8876 | Val  Acc: 0.7381
 Site-Infograph | Val  Loss: 1.1953 | Val  Acc: 0.6190
 Site-Painting  | Val  Loss: 0.1961 | Val  Acc: 0.9762
 Site-Painting  | Val  Loss: 0.3783 | Val  Acc: 0.9048
 Site-QuickDraw | Val  Loss: 1.7811 | Val  Acc: 0.4286
 Site-Real      | Val  Loss: 0.3430 | Val  Acc: 0.8810
 Site-Sketch    | Val  Loss: 0.6458 | Val  Acc: 0.9048
Average Valid Accuracy: 0.8194
 Best site-Clipart    | Epoch:7 | Val Acc: 1.0000
 Best site-Clipart    | Epoch:7 | Val Acc: 1.0000
 Best site-Clipart    | Epoch:7 | Val Acc: 0.8333
 Best site-Clipart    | Epoch:7 | Val Acc: 0.8810
 Best site-Infograph  | Epoch:7 | Val Acc: 0.6667
 Best site-Infograph  | Epoch:7 | Val Acc: 0.7381
 Best site-Infograph  | Epoch:7 | Val Acc: 0.6190
 Best site-Painting   | Epoch:7 | Val Acc: 0.9762
 Best site-Painting   | Epoch:7 | Val Acc: 0.9048
 Best site-QuickDraw  | Epoch:7 | Val Acc: 0.4286
 Best site-Real       | Epoch:7 | Val Acc: 0.8810
 Best site-Sketch     | Epoch:7 | Val Acc: 0.9048
 Saving the local and server checkpoint to ../checkpoint/fed_domainnet_uneven-1-sqrt_1/FedPrompt...
============ Train epoch 40 ============
============ Train epoch 41 ============
============ Train epoch 42 ============
============ Train epoch 43 ============
============ Train epoch 44 ============
client-0 is in G-0
client-1 is in G-0
client-2 is in G-1
client-3 is in G-1
client-4 is in G-1
client-5 is in G-0
client-6 is in G-1
client-7 is in G-2
client-8 is in G-1
client-9 is in G-1
client-10 is in G-2
client-11 is in G-2
cnt=[3, 6, 3, ]
 Site-Clipart   | Train Loss: 0.3158 | Train Acc: 0.9365
 Site-Clipart   | Train Loss: 0.3606 | Train Acc: 0.9206
 Site-Clipart   | Train Loss: 0.2397 | Train Acc: 0.9841
 Site-Clipart   | Train Loss: 0.1691 | Train Acc: 0.9841
 Site-Infograph | Train Loss: 1.0515 | Train Acc: 0.6825
 Site-Infograph | Train Loss: 0.9164 | Train Acc: 0.6825
 Site-Infograph | Train Loss: 0.8348 | Train Acc: 0.7302
 Site-Painting  | Train Loss: 0.2740 | Train Acc: 0.9524
 Site-Painting  | Train Loss: 0.1519 | Train Acc: 1.0000
 Site-QuickDraw | Train Loss: 1.5884 | Train Acc: 0.4921
 Site-Real      | Train Loss: 0.2991 | Train Acc: 0.9048
 Site-Sketch    | Train Loss: 0.2474 | Train Acc: 0.9683
 Site-Clipart   | Val  Loss: 0.2138 | Val  Acc: 0.9524
 Site-Clipart   | Val  Loss: 0.2086 | Val  Acc: 0.9524
 Site-Clipart   | Val  Loss: 0.3785 | Val  Acc: 0.9524
 Site-Clipart   | Val  Loss: 0.3335 | Val  Acc: 0.9048
 Site-Infograph | Val  Loss: 0.8276 | Val  Acc: 0.7381
 Site-Infograph | Val  Loss: 0.7819 | Val  Acc: 0.7381
 Site-Infograph | Val  Loss: 1.1171 | Val  Acc: 0.5714
 Site-Painting  | Val  Loss: 0.1516 | Val  Acc: 1.0000
 Site-Painting  | Val  Loss: 0.2637 | Val  Acc: 0.9762
 Site-QuickDraw | Val  Loss: 1.9131 | Val  Acc: 0.3571
 Site-Real      | Val  Loss: 0.3408 | Val  Acc: 0.9048
 Site-Sketch    | Val  Loss: 0.7833 | Val  Acc: 0.8571
Average Valid Accuracy: 0.8254
 Best site-Clipart    | Epoch:8 | Val Acc: 0.9524
 Best site-Clipart    | Epoch:8 | Val Acc: 0.9524
 Best site-Clipart    | Epoch:8 | Val Acc: 0.9524
 Best site-Clipart    | Epoch:8 | Val Acc: 0.9048
 Best site-Infograph  | Epoch:8 | Val Acc: 0.7381
 Best site-Infograph  | Epoch:8 | Val Acc: 0.7381
 Best site-Infograph  | Epoch:8 | Val Acc: 0.5714
 Best site-Painting   | Epoch:8 | Val Acc: 1.0000
 Best site-Painting   | Epoch:8 | Val Acc: 0.9762
 Best site-QuickDraw  | Epoch:8 | Val Acc: 0.3571
 Best site-Real       | Epoch:8 | Val Acc: 0.9048
 Best site-Sketch     | Epoch:8 | Val Acc: 0.8571
 Saving the local and server checkpoint to ../checkpoint/fed_domainnet_uneven-1-sqrt_1/FedPrompt...
============ Train epoch 45 ============
============ Train epoch 46 ============
============ Train epoch 47 ============
============ Train epoch 48 ============
============ Train epoch 49 ============
client-0 is in G-0
client-1 is in G-0
client-2 is in G-1
client-3 is in G-1
client-4 is in G-1
client-5 is in G-0
client-6 is in G-1
client-7 is in G-2
client-8 is in G-1
client-9 is in G-1
client-10 is in G-2
client-11 is in G-2
cnt=[3, 6, 3, ]
 Site-Clipart   | Train Loss: 0.2405 | Train Acc: 0.9524
 Site-Clipart   | Train Loss: 0.3346 | Train Acc: 0.9365
 Site-Clipart   | Train Loss: 0.1937 | Train Acc: 0.9683
 Site-Clipart   | Train Loss: 0.1125 | Train Acc: 1.0000
 Site-Infograph | Train Loss: 1.0145 | Train Acc: 0.6984
 Site-Infograph | Train Loss: 0.6705 | Train Acc: 0.7937
 Site-Infograph | Train Loss: 0.9154 | Train Acc: 0.6667
 Site-Painting  | Train Loss: 0.1859 | Train Acc: 0.9683
 Site-Painting  | Train Loss: 0.1872 | Train Acc: 0.9683
 Site-QuickDraw | Train Loss: 1.3200 | Train Acc: 0.5873
 Site-Real      | Train Loss: 0.1973 | Train Acc: 0.9206
 Site-Sketch    | Train Loss: 0.2111 | Train Acc: 0.9524
 Site-Clipart   | Val  Loss: 0.1419 | Val  Acc: 0.9762
 Site-Clipart   | Val  Loss: 0.1505 | Val  Acc: 1.0000
 Site-Clipart   | Val  Loss: 0.3984 | Val  Acc: 0.8571
 Site-Clipart   | Val  Loss: 0.3019 | Val  Acc: 0.9524
 Site-Infograph | Val  Loss: 0.9523 | Val  Acc: 0.7143
 Site-Infograph | Val  Loss: 0.7526 | Val  Acc: 0.7857
 Site-Infograph | Val  Loss: 0.9890 | Val  Acc: 0.6667
 Site-Painting  | Val  Loss: 0.1456 | Val  Acc: 1.0000
 Site-Painting  | Val  Loss: 0.2050 | Val  Acc: 0.9524
 Site-QuickDraw | Val  Loss: 1.7186 | Val  Acc: 0.4048
 Site-Real      | Val  Loss: 0.2380 | Val  Acc: 0.9286
 Site-Sketch    | Val  Loss: 0.6320 | Val  Acc: 0.8571
Average Valid Accuracy: 0.8413
 Best site-Clipart    | Epoch:9 | Val Acc: 0.9762
 Best site-Clipart    | Epoch:9 | Val Acc: 1.0000
 Best site-Clipart    | Epoch:9 | Val Acc: 0.8571
 Best site-Clipart    | Epoch:9 | Val Acc: 0.9524
 Best site-Infograph  | Epoch:9 | Val Acc: 0.7143
 Best site-Infograph  | Epoch:9 | Val Acc: 0.7857
 Best site-Infograph  | Epoch:9 | Val Acc: 0.6667
 Best site-Painting   | Epoch:9 | Val Acc: 1.0000
 Best site-Painting   | Epoch:9 | Val Acc: 0.9524
 Best site-QuickDraw  | Epoch:9 | Val Acc: 0.4048
 Best site-Real       | Epoch:9 | Val Acc: 0.9286
 Best site-Sketch     | Epoch:9 | Val Acc: 0.8571
 Saving the local and server checkpoint to ../checkpoint/fed_domainnet_uneven-1-sqrt_1/FedPrompt...
============ Train epoch 50 ============
============ Train epoch 51 ============
============ Train epoch 52 ============
============ Train epoch 53 ============
============ Train epoch 54 ============
client-0 is in G-0
client-1 is in G-0
client-2 is in G-1
client-3 is in G-1
client-4 is in G-1
client-5 is in G-0
client-6 is in G-1
client-7 is in G-2
client-8 is in G-1
client-9 is in G-1
client-10 is in G-2
client-11 is in G-2
cnt=[3, 6, 3, ]
 Site-Clipart   | Train Loss: 0.1912 | Train Acc: 0.9683
 Site-Clipart   | Train Loss: 0.3374 | Train Acc: 0.9048
 Site-Clipart   | Train Loss: 0.1344 | Train Acc: 1.0000
 Site-Clipart   | Train Loss: 0.0850 | Train Acc: 1.0000
 Site-Infograph | Train Loss: 0.9607 | Train Acc: 0.6984
 Site-Infograph | Train Loss: 0.6866 | Train Acc: 0.7937
 Site-Infograph | Train Loss: 0.7084 | Train Acc: 0.8095
 Site-Painting  | Train Loss: 0.1668 | Train Acc: 0.9524
 Site-Painting  | Train Loss: 0.1420 | Train Acc: 0.9841
 Site-QuickDraw | Train Loss: 1.3110 | Train Acc: 0.5873
 Site-Real      | Train Loss: 0.1856 | Train Acc: 0.9524
 Site-Sketch    | Train Loss: 0.1977 | Train Acc: 0.9683
 Site-Clipart   | Val  Loss: 0.0787 | Val  Acc: 1.0000
 Site-Clipart   | Val  Loss: 0.1210 | Val  Acc: 1.0000
 Site-Clipart   | Val  Loss: 0.3279 | Val  Acc: 0.9286
 Site-Clipart   | Val  Loss: 0.2055 | Val  Acc: 0.9762
 Site-Infograph | Val  Loss: 0.6968 | Val  Acc: 0.7857
 Site-Infograph | Val  Loss: 0.6277 | Val  Acc: 0.8095
 Site-Infograph | Val  Loss: 0.8555 | Val  Acc: 0.6429
 Site-Painting  | Val  Loss: 0.1622 | Val  Acc: 0.9524
 Site-Painting  | Val  Loss: 0.1969 | Val  Acc: 0.9762
 Site-QuickDraw | Val  Loss: 1.5429 | Val  Acc: 0.4524
 Site-Real      | Val  Loss: 0.3105 | Val  Acc: 0.9048
 Site-Sketch    | Val  Loss: 0.6286 | Val  Acc: 0.8571
Average Valid Accuracy: 0.8571
 Best site-Clipart    | Epoch:10 | Val Acc: 1.0000
 Best site-Clipart    | Epoch:10 | Val Acc: 1.0000
 Best site-Clipart    | Epoch:10 | Val Acc: 0.9286
 Best site-Clipart    | Epoch:10 | Val Acc: 0.9762
 Best site-Infograph  | Epoch:10 | Val Acc: 0.7857
 Best site-Infograph  | Epoch:10 | Val Acc: 0.8095
 Best site-Infograph  | Epoch:10 | Val Acc: 0.6429
 Best site-Painting   | Epoch:10 | Val Acc: 0.9524
 Best site-Painting   | Epoch:10 | Val Acc: 0.9762
 Best site-QuickDraw  | Epoch:10 | Val Acc: 0.4524
 Best site-Real       | Epoch:10 | Val Acc: 0.9048
 Best site-Sketch     | Epoch:10 | Val Acc: 0.8571
 Saving the local and server checkpoint to ../checkpoint/fed_domainnet_uneven-1-sqrt_1/FedPrompt...
============ Train epoch 55 ============
============ Train epoch 56 ============
============ Train epoch 57 ============
============ Train epoch 58 ============
============ Train epoch 59 ============
client-0 is in G-0
client-1 is in G-0
client-2 is in G-1
client-3 is in G-1
client-4 is in G-1
client-5 is in G-0
client-6 is in G-1
client-7 is in G-2
client-8 is in G-1
client-9 is in G-1
client-10 is in G-2
client-11 is in G-2
cnt=[3, 6, 3, ]
 Site-Clipart   | Train Loss: 0.1489 | Train Acc: 1.0000
 Site-Clipart   | Train Loss: 0.2443 | Train Acc: 0.9841
 Site-Clipart   | Train Loss: 0.1428 | Train Acc: 1.0000
 Site-Clipart   | Train Loss: 0.0941 | Train Acc: 0.9841
 Site-Infograph | Train Loss: 0.8675 | Train Acc: 0.7302
 Site-Infograph | Train Loss: 0.5495 | Train Acc: 0.8254
 Site-Infograph | Train Loss: 0.6265 | Train Acc: 0.8254
 Site-Painting  | Train Loss: 0.1559 | Train Acc: 0.9841
 Site-Painting  | Train Loss: 0.1367 | Train Acc: 0.9683
 Site-QuickDraw | Train Loss: 1.2968 | Train Acc: 0.5873
 Site-Real      | Train Loss: 0.1414 | Train Acc: 0.9683
 Site-Sketch    | Train Loss: 0.1387 | Train Acc: 0.9841
 Site-Clipart   | Val  Loss: 0.0947 | Val  Acc: 1.0000
 Site-Clipart   | Val  Loss: 0.1317 | Val  Acc: 0.9762
 Site-Clipart   | Val  Loss: 0.2366 | Val  Acc: 0.9286
 Site-Clipart   | Val  Loss: 0.1946 | Val  Acc: 0.9524
 Site-Infograph | Val  Loss: 0.7437 | Val  Acc: 0.8095
 Site-Infograph | Val  Loss: 0.4826 | Val  Acc: 0.8571
 Site-Infograph | Val  Loss: 0.6564 | Val  Acc: 0.8571
 Site-Painting  | Val  Loss: 0.0836 | Val  Acc: 1.0000
 Site-Painting  | Val  Loss: 0.1531 | Val  Acc: 1.0000
 Site-QuickDraw | Val  Loss: 1.6716 | Val  Acc: 0.4524
 Site-Real      | Val  Loss: 0.2813 | Val  Acc: 0.9524
 Site-Sketch    | Val  Loss: 0.5720 | Val  Acc: 0.8810
Average Valid Accuracy: 0.8889
 Best site-Clipart    | Epoch:11 | Val Acc: 1.0000
 Best site-Clipart    | Epoch:11 | Val Acc: 0.9762
 Best site-Clipart    | Epoch:11 | Val Acc: 0.9286
 Best site-Clipart    | Epoch:11 | Val Acc: 0.9524
 Best site-Infograph  | Epoch:11 | Val Acc: 0.8095
 Best site-Infograph  | Epoch:11 | Val Acc: 0.8571
 Best site-Infograph  | Epoch:11 | Val Acc: 0.8571
 Best site-Painting   | Epoch:11 | Val Acc: 1.0000
 Best site-Painting   | Epoch:11 | Val Acc: 1.0000
 Best site-QuickDraw  | Epoch:11 | Val Acc: 0.4524
 Best site-Real       | Epoch:11 | Val Acc: 0.9524
 Best site-Sketch     | Epoch:11 | Val Acc: 0.8810
 Saving the local and server checkpoint to ../checkpoint/fed_domainnet_uneven-1-sqrt_1/FedPrompt...
============ Train epoch 60 ============
============ Train epoch 61 ============
============ Train epoch 62 ============
============ Train epoch 63 ============
============ Train epoch 64 ============
client-0 is in G-0
client-1 is in G-0
client-2 is in G-1
client-3 is in G-1
client-4 is in G-1
client-5 is in G-0
client-6 is in G-1
client-7 is in G-2
client-8 is in G-1
client-9 is in G-1
client-10 is in G-2
client-11 is in G-2
cnt=[3, 6, 3, ]
 Site-Clipart   | Train Loss: 0.1408 | Train Acc: 0.9683
 Site-Clipart   | Train Loss: 0.1836 | Train Acc: 0.9683
 Site-Clipart   | Train Loss: 0.0783 | Train Acc: 1.0000
 Site-Clipart   | Train Loss: 0.1369 | Train Acc: 0.9683
 Site-Infograph | Train Loss: 0.7069 | Train Acc: 0.7619
 Site-Infograph | Train Loss: 0.4885 | Train Acc: 0.8571
 Site-Infograph | Train Loss: 0.5566 | Train Acc: 0.8413
 Site-Painting  | Train Loss: 0.1082 | Train Acc: 0.9841
 Site-Painting  | Train Loss: 0.0816 | Train Acc: 1.0000
 Site-QuickDraw | Train Loss: 1.2865 | Train Acc: 0.5238
 Site-Real      | Train Loss: 0.1686 | Train Acc: 0.9524
 Site-Sketch    | Train Loss: 0.1343 | Train Acc: 0.9841
 Site-Clipart   | Val  Loss: 0.0783 | Val  Acc: 0.9762
 Site-Clipart   | Val  Loss: 0.1523 | Val  Acc: 0.9524
 Site-Clipart   | Val  Loss: 0.2241 | Val  Acc: 0.9762
 Site-Clipart   | Val  Loss: 0.1315 | Val  Acc: 0.9762
 Site-Infograph | Val  Loss: 0.7145 | Val  Acc: 0.7619
 Site-Infograph | Val  Loss: 0.3135 | Val  Acc: 0.9286
 Site-Infograph | Val  Loss: 0.5621 | Val  Acc: 0.8333
 Site-Painting  | Val  Loss: 0.1100 | Val  Acc: 1.0000
 Site-Painting  | Val  Loss: 0.1307 | Val  Acc: 0.9762
 Site-QuickDraw | Val  Loss: 1.5324 | Val  Acc: 0.5238
 Site-Real      | Val  Loss: 0.1961 | Val  Acc: 0.9286
 Site-Sketch    | Val  Loss: 0.7462 | Val  Acc: 0.8571
Average Valid Accuracy: 0.8909
 Best site-Clipart    | Epoch:12 | Val Acc: 0.9762
 Best site-Clipart    | Epoch:12 | Val Acc: 0.9524
 Best site-Clipart    | Epoch:12 | Val Acc: 0.9762
 Best site-Clipart    | Epoch:12 | Val Acc: 0.9762
 Best site-Infograph  | Epoch:12 | Val Acc: 0.7619
 Best site-Infograph  | Epoch:12 | Val Acc: 0.9286
 Best site-Infograph  | Epoch:12 | Val Acc: 0.8333
 Best site-Painting   | Epoch:12 | Val Acc: 1.0000
 Best site-Painting   | Epoch:12 | Val Acc: 0.9762
 Best site-QuickDraw  | Epoch:12 | Val Acc: 0.5238
 Best site-Real       | Epoch:12 | Val Acc: 0.9286
 Best site-Sketch     | Epoch:12 | Val Acc: 0.8571
 Saving the local and server checkpoint to ../checkpoint/fed_domainnet_uneven-1-sqrt_1/FedPrompt...
============ Train epoch 65 ============
============ Train epoch 66 ============
============ Train epoch 67 ============
============ Train epoch 68 ============
============ Train epoch 69 ============
client-0 is in G-0
client-1 is in G-0
client-2 is in G-1
client-3 is in G-1
client-4 is in G-1
client-5 is in G-0
client-6 is in G-1
client-7 is in G-2
client-8 is in G-1
client-9 is in G-1
client-10 is in G-2
client-11 is in G-2
cnt=[3, 6, 3, ]
 Site-Clipart   | Train Loss: 0.0748 | Train Acc: 1.0000
 Site-Clipart   | Train Loss: 0.1850 | Train Acc: 0.9841
 Site-Clipart   | Train Loss: 0.0909 | Train Acc: 1.0000
 Site-Clipart   | Train Loss: 0.0541 | Train Acc: 1.0000
 Site-Infograph | Train Loss: 0.5710 | Train Acc: 0.8571
 Site-Infograph | Train Loss: 0.4166 | Train Acc: 0.9206
 Site-Infograph | Train Loss: 0.3646 | Train Acc: 0.9365
 Site-Painting  | Train Loss: 0.0996 | Train Acc: 0.9841
 Site-Painting  | Train Loss: 0.0927 | Train Acc: 0.9841
 Site-QuickDraw | Train Loss: 1.1982 | Train Acc: 0.6032
 Site-Real      | Train Loss: 0.1319 | Train Acc: 0.9683
 Site-Sketch    | Train Loss: 0.1334 | Train Acc: 0.9683
 Site-Clipart   | Val  Loss: 0.0437 | Val  Acc: 1.0000
 Site-Clipart   | Val  Loss: 0.0712 | Val  Acc: 1.0000
 Site-Clipart   | Val  Loss: 0.1781 | Val  Acc: 0.9762
 Site-Clipart   | Val  Loss: 0.1122 | Val  Acc: 0.9524
 Site-Infograph | Val  Loss: 0.4075 | Val  Acc: 0.9048
 Site-Infograph | Val  Loss: 0.3302 | Val  Acc: 0.9286
 Site-Infograph | Val  Loss: 0.4715 | Val  Acc: 0.8810
 Site-Painting  | Val  Loss: 0.0773 | Val  Acc: 1.0000
 Site-Painting  | Val  Loss: 0.1137 | Val  Acc: 1.0000
 Site-QuickDraw | Val  Loss: 1.2384 | Val  Acc: 0.5952
 Site-Real      | Val  Loss: 0.4101 | Val  Acc: 0.9048
 Site-Sketch    | Val  Loss: 0.5737 | Val  Acc: 0.8810
Average Valid Accuracy: 0.9187
 Best site-Clipart    | Epoch:13 | Val Acc: 1.0000
 Best site-Clipart    | Epoch:13 | Val Acc: 1.0000
 Best site-Clipart    | Epoch:13 | Val Acc: 0.9762
 Best site-Clipart    | Epoch:13 | Val Acc: 0.9524
 Best site-Infograph  | Epoch:13 | Val Acc: 0.9048
 Best site-Infograph  | Epoch:13 | Val Acc: 0.9286
 Best site-Infograph  | Epoch:13 | Val Acc: 0.8810
 Best site-Painting   | Epoch:13 | Val Acc: 1.0000
 Best site-Painting   | Epoch:13 | Val Acc: 1.0000
 Best site-QuickDraw  | Epoch:13 | Val Acc: 0.5952
 Best site-Real       | Epoch:13 | Val Acc: 0.9048
 Best site-Sketch     | Epoch:13 | Val Acc: 0.8810
 Saving the local and server checkpoint to ../checkpoint/fed_domainnet_uneven-1-sqrt_1/FedPrompt...
============ Train epoch 70 ============
============ Train epoch 71 ============
============ Train epoch 72 ============
============ Train epoch 73 ============
============ Train epoch 74 ============
client-0 is in G-0
client-1 is in G-0
client-2 is in G-1
client-3 is in G-1
client-4 is in G-1
client-5 is in G-0
client-6 is in G-1
client-7 is in G-2
client-8 is in G-1
client-9 is in G-1
client-10 is in G-2
client-11 is in G-2
cnt=[3, 6, 3, ]
 Site-Clipart   | Train Loss: 0.0569 | Train Acc: 1.0000
 Site-Clipart   | Train Loss: 0.1679 | Train Acc: 0.9683
 Site-Clipart   | Train Loss: 0.0683 | Train Acc: 1.0000
 Site-Clipart   | Train Loss: 0.0350 | Train Acc: 1.0000
 Site-Infograph | Train Loss: 0.6246 | Train Acc: 0.8413
 Site-Infograph | Train Loss: 0.4244 | Train Acc: 0.8730
 Site-Infograph | Train Loss: 0.5054 | Train Acc: 0.8254
 Site-Painting  | Train Loss: 0.0870 | Train Acc: 0.9841
 Site-Painting  | Train Loss: 0.0705 | Train Acc: 1.0000
 Site-QuickDraw | Train Loss: 1.2210 | Train Acc: 0.5714
 Site-Real      | Train Loss: 0.0926 | Train Acc: 0.9683
 Site-Sketch    | Train Loss: 0.1297 | Train Acc: 0.9683
 Site-Clipart   | Val  Loss: 0.0656 | Val  Acc: 1.0000
 Site-Clipart   | Val  Loss: 0.0517 | Val  Acc: 1.0000
 Site-Clipart   | Val  Loss: 0.1941 | Val  Acc: 0.9524
 Site-Clipart   | Val  Loss: 0.1008 | Val  Acc: 0.9762
 Site-Infograph | Val  Loss: 0.4954 | Val  Acc: 0.9048
 Site-Infograph | Val  Loss: 0.4921 | Val  Acc: 0.8333
 Site-Infograph | Val  Loss: 0.5966 | Val  Acc: 0.8810
 Site-Painting  | Val  Loss: 0.0461 | Val  Acc: 1.0000
 Site-Painting  | Val  Loss: 0.0911 | Val  Acc: 1.0000
 Site-QuickDraw | Val  Loss: 1.5263 | Val  Acc: 0.4524
 Site-Real      | Val  Loss: 0.3635 | Val  Acc: 0.9048
 Site-Sketch    | Val  Loss: 0.5287 | Val  Acc: 0.9048
Average Valid Accuracy: 0.9008
============ Train epoch 75 ============
============ Train epoch 76 ============
============ Train epoch 77 ============
============ Train epoch 78 ============
============ Train epoch 79 ============
client-0 is in G-0
client-1 is in G-0
client-2 is in G-1
client-3 is in G-1
client-4 is in G-1
client-5 is in G-0
client-6 is in G-1
client-7 is in G-2
client-8 is in G-1
client-9 is in G-1
client-10 is in G-2
client-11 is in G-2
cnt=[3, 6, 3, ]
 Site-Clipart   | Train Loss: 0.0750 | Train Acc: 1.0000
 Site-Clipart   | Train Loss: 0.1167 | Train Acc: 0.9841
 Site-Clipart   | Train Loss: 0.0727 | Train Acc: 1.0000
 Site-Clipart   | Train Loss: 0.0435 | Train Acc: 1.0000
 Site-Infograph | Train Loss: 0.4803 | Train Acc: 0.8730
 Site-Infograph | Train Loss: 0.3688 | Train Acc: 0.9365
 Site-Infograph | Train Loss: 0.3998 | Train Acc: 0.8889
 Site-Painting  | Train Loss: 0.0781 | Train Acc: 0.9841
 Site-Painting  | Train Loss: 0.0718 | Train Acc: 1.0000
 Site-QuickDraw | Train Loss: 1.2467 | Train Acc: 0.6349
 Site-Real      | Train Loss: 0.1340 | Train Acc: 0.9683
 Site-Sketch    | Train Loss: 0.0693 | Train Acc: 0.9841
 Site-Clipart   | Val  Loss: 0.0834 | Val  Acc: 0.9524
 Site-Clipart   | Val  Loss: 0.0798 | Val  Acc: 1.0000
 Site-Clipart   | Val  Loss: 0.1583 | Val  Acc: 0.9762
 Site-Clipart   | Val  Loss: 0.0838 | Val  Acc: 1.0000
 Site-Infograph | Val  Loss: 0.3526 | Val  Acc: 0.9286
 Site-Infograph | Val  Loss: 0.2215 | Val  Acc: 1.0000
 Site-Infograph | Val  Loss: 0.3853 | Val  Acc: 0.9286
 Site-Painting  | Val  Loss: 0.0393 | Val  Acc: 1.0000
 Site-Painting  | Val  Loss: 0.0894 | Val  Acc: 0.9762
 Site-QuickDraw | Val  Loss: 1.4689 | Val  Acc: 0.5476
 Site-Real      | Val  Loss: 0.3075 | Val  Acc: 0.9524
 Site-Sketch    | Val  Loss: 0.7034 | Val  Acc: 0.8571
Average Valid Accuracy: 0.9266
 Best site-Clipart    | Epoch:15 | Val Acc: 0.9524
 Best site-Clipart    | Epoch:15 | Val Acc: 1.0000
 Best site-Clipart    | Epoch:15 | Val Acc: 0.9762
 Best site-Clipart    | Epoch:15 | Val Acc: 1.0000
 Best site-Infograph  | Epoch:15 | Val Acc: 0.9286
 Best site-Infograph  | Epoch:15 | Val Acc: 1.0000
 Best site-Infograph  | Epoch:15 | Val Acc: 0.9286
 Best site-Painting   | Epoch:15 | Val Acc: 1.0000
 Best site-Painting   | Epoch:15 | Val Acc: 0.9762
 Best site-QuickDraw  | Epoch:15 | Val Acc: 0.5476
 Best site-Real       | Epoch:15 | Val Acc: 0.9524
 Best site-Sketch     | Epoch:15 | Val Acc: 0.8571
 Saving the local and server checkpoint to ../checkpoint/fed_domainnet_uneven-1-sqrt_1/FedPrompt...
============ Train epoch 80 ============
============ Train epoch 81 ============
============ Train epoch 82 ============
============ Train epoch 83 ============
============ Train epoch 84 ============
client-0 is in G-0
client-1 is in G-0
client-2 is in G-1
client-3 is in G-1
client-4 is in G-1
client-5 is in G-0
client-6 is in G-1
client-7 is in G-2
client-8 is in G-1
client-9 is in G-1
client-10 is in G-2
client-11 is in G-2
cnt=[3, 6, 3, ]
 Site-Clipart   | Train Loss: 0.0489 | Train Acc: 1.0000
 Site-Clipart   | Train Loss: 0.1760 | Train Acc: 0.9524
 Site-Clipart   | Train Loss: 0.0883 | Train Acc: 0.9841
 Site-Clipart   | Train Loss: 0.0335 | Train Acc: 1.0000
 Site-Infograph | Train Loss: 0.4168 | Train Acc: 0.8730
 Site-Infograph | Train Loss: 0.3963 | Train Acc: 0.8730
 Site-Infograph | Train Loss: 0.3626 | Train Acc: 0.8889
 Site-Painting  | Train Loss: 0.0490 | Train Acc: 1.0000
 Site-Painting  | Train Loss: 0.0587 | Train Acc: 0.9841
 Site-QuickDraw | Train Loss: 0.8740 | Train Acc: 0.7460
 Site-Real      | Train Loss: 0.0714 | Train Acc: 0.9841
 Site-Sketch    | Train Loss: 0.0756 | Train Acc: 1.0000
 Site-Clipart   | Val  Loss: 0.0506 | Val  Acc: 0.9762
 Site-Clipart   | Val  Loss: 0.0519 | Val  Acc: 1.0000
 Site-Clipart   | Val  Loss: 0.1648 | Val  Acc: 0.9524
 Site-Clipart   | Val  Loss: 0.0577 | Val  Acc: 1.0000
 Site-Infograph | Val  Loss: 0.4006 | Val  Acc: 0.8810
 Site-Infograph | Val  Loss: 0.3019 | Val  Acc: 0.9286
 Site-Infograph | Val  Loss: 0.3689 | Val  Acc: 0.9286
 Site-Painting  | Val  Loss: 0.0296 | Val  Acc: 1.0000
 Site-Painting  | Val  Loss: 0.0590 | Val  Acc: 1.0000
 Site-QuickDraw | Val  Loss: 1.3677 | Val  Acc: 0.6667
 Site-Real      | Val  Loss: 0.2006 | Val  Acc: 0.9524
 Site-Sketch    | Val  Loss: 0.6832 | Val  Acc: 0.8571
Average Valid Accuracy: 0.9286
 Best site-Clipart    | Epoch:16 | Val Acc: 0.9762
 Best site-Clipart    | Epoch:16 | Val Acc: 1.0000
 Best site-Clipart    | Epoch:16 | Val Acc: 0.9524
 Best site-Clipart    | Epoch:16 | Val Acc: 1.0000
 Best site-Infograph  | Epoch:16 | Val Acc: 0.8810
 Best site-Infograph  | Epoch:16 | Val Acc: 0.9286
 Best site-Infograph  | Epoch:16 | Val Acc: 0.9286
 Best site-Painting   | Epoch:16 | Val Acc: 1.0000
 Best site-Painting   | Epoch:16 | Val Acc: 1.0000
 Best site-QuickDraw  | Epoch:16 | Val Acc: 0.6667
 Best site-Real       | Epoch:16 | Val Acc: 0.9524
 Best site-Sketch     | Epoch:16 | Val Acc: 0.8571
 Saving the local and server checkpoint to ../checkpoint/fed_domainnet_uneven-1-sqrt_1/FedPrompt...
============ Train epoch 85 ============
============ Train epoch 86 ============
============ Train epoch 87 ============
============ Train epoch 88 ============
============ Train epoch 89 ============
client-0 is in G-0
client-1 is in G-0
client-2 is in G-1
client-3 is in G-1
client-4 is in G-1
client-5 is in G-0
client-6 is in G-1
client-7 is in G-2
client-8 is in G-1
client-9 is in G-1
client-10 is in G-2
client-11 is in G-2
cnt=[3, 6, 3, ]
 Site-Clipart   | Train Loss: 0.0672 | Train Acc: 1.0000
 Site-Clipart   | Train Loss: 0.2219 | Train Acc: 0.9524
 Site-Clipart   | Train Loss: 0.1243 | Train Acc: 0.9683
 Site-Clipart   | Train Loss: 0.0336 | Train Acc: 1.0000
 Site-Infograph | Train Loss: 0.4052 | Train Acc: 0.8571
 Site-Infograph | Train Loss: 0.3226 | Train Acc: 0.9048
 Site-Infograph | Train Loss: 0.2783 | Train Acc: 0.9048
 Site-Painting  | Train Loss: 0.0607 | Train Acc: 1.0000
 Site-Painting  | Train Loss: 0.0635 | Train Acc: 0.9841
 Site-QuickDraw | Train Loss: 0.9172 | Train Acc: 0.7460
 Site-Real      | Train Loss: 0.1091 | Train Acc: 0.9683
 Site-Sketch    | Train Loss: 0.0802 | Train Acc: 0.9841
 Site-Clipart   | Val  Loss: 0.0336 | Val  Acc: 1.0000
 Site-Clipart   | Val  Loss: 0.0757 | Val  Acc: 1.0000
 Site-Clipart   | Val  Loss: 0.1637 | Val  Acc: 0.9524
 Site-Clipart   | Val  Loss: 0.0892 | Val  Acc: 1.0000
 Site-Infograph | Val  Loss: 0.3153 | Val  Acc: 0.8810
 Site-Infograph | Val  Loss: 0.2156 | Val  Acc: 0.9762
 Site-Infograph | Val  Loss: 0.4136 | Val  Acc: 0.9286
 Site-Painting  | Val  Loss: 0.0607 | Val  Acc: 1.0000
 Site-Painting  | Val  Loss: 0.0638 | Val  Acc: 0.9762
 Site-QuickDraw | Val  Loss: 1.3235 | Val  Acc: 0.6190
 Site-Real      | Val  Loss: 0.2598 | Val  Acc: 0.9286
 Site-Sketch    | Val  Loss: 0.4420 | Val  Acc: 0.9524
Average Valid Accuracy: 0.9345
 Best site-Clipart    | Epoch:17 | Val Acc: 1.0000
 Best site-Clipart    | Epoch:17 | Val Acc: 1.0000
 Best site-Clipart    | Epoch:17 | Val Acc: 0.9524
 Best site-Clipart    | Epoch:17 | Val Acc: 1.0000
 Best site-Infograph  | Epoch:17 | Val Acc: 0.8810
 Best site-Infograph  | Epoch:17 | Val Acc: 0.9762
 Best site-Infograph  | Epoch:17 | Val Acc: 0.9286
 Best site-Painting   | Epoch:17 | Val Acc: 1.0000
 Best site-Painting   | Epoch:17 | Val Acc: 0.9762
 Best site-QuickDraw  | Epoch:17 | Val Acc: 0.6190
 Best site-Real       | Epoch:17 | Val Acc: 0.9286
 Best site-Sketch     | Epoch:17 | Val Acc: 0.9524
 Saving the local and server checkpoint to ../checkpoint/fed_domainnet_uneven-1-sqrt_1/FedPrompt...
============ Train epoch 90 ============
============ Train epoch 91 ============
============ Train epoch 92 ============
============ Train epoch 93 ============
============ Train epoch 94 ============
client-0 is in G-0
client-1 is in G-0
client-2 is in G-1
client-3 is in G-1
client-4 is in G-1
client-5 is in G-0
client-6 is in G-1
client-7 is in G-2
client-8 is in G-1
client-9 is in G-1
client-10 is in G-2
client-11 is in G-2
cnt=[3, 6, 3, ]
 Site-Clipart   | Train Loss: 0.0499 | Train Acc: 1.0000
 Site-Clipart   | Train Loss: 0.1132 | Train Acc: 0.9841
 Site-Clipart   | Train Loss: 0.0433 | Train Acc: 1.0000
 Site-Clipart   | Train Loss: 0.0319 | Train Acc: 1.0000
 Site-Infograph | Train Loss: 0.4225 | Train Acc: 0.9048
 Site-Infograph | Train Loss: 0.3284 | Train Acc: 0.9048
 Site-Infograph | Train Loss: 0.3433 | Train Acc: 0.9048
 Site-Painting  | Train Loss: 0.0425 | Train Acc: 1.0000
 Site-Painting  | Train Loss: 0.0590 | Train Acc: 0.9841
 Site-QuickDraw | Train Loss: 0.8571 | Train Acc: 0.7302
 Site-Real      | Train Loss: 0.0711 | Train Acc: 0.9841
 Site-Sketch    | Train Loss: 0.0851 | Train Acc: 0.9841
 Site-Clipart   | Val  Loss: 0.0305 | Val  Acc: 1.0000
 Site-Clipart   | Val  Loss: 0.0440 | Val  Acc: 1.0000
 Site-Clipart   | Val  Loss: 0.1378 | Val  Acc: 0.9762
 Site-Clipart   | Val  Loss: 0.0488 | Val  Acc: 1.0000
 Site-Infograph | Val  Loss: 0.3093 | Val  Acc: 0.9048
 Site-Infograph | Val  Loss: 0.2759 | Val  Acc: 0.9286
 Site-Infograph | Val  Loss: 0.4472 | Val  Acc: 0.8571
 Site-Painting  | Val  Loss: 0.0289 | Val  Acc: 1.0000
 Site-Painting  | Val  Loss: 0.0466 | Val  Acc: 1.0000
 Site-QuickDraw | Val  Loss: 1.3246 | Val  Acc: 0.5000
 Site-Real      | Val  Loss: 0.1417 | Val  Acc: 0.9762
 Site-Sketch    | Val  Loss: 0.4723 | Val  Acc: 0.9048
Average Valid Accuracy: 0.9206
============ Train epoch 95 ============
============ Train epoch 96 ============
============ Train epoch 97 ============
============ Train epoch 98 ============
============ Train epoch 99 ============
client-0 is in G-0
client-1 is in G-0
client-2 is in G-1
client-3 is in G-1
client-4 is in G-1
client-5 is in G-0
client-6 is in G-1
client-7 is in G-2
client-8 is in G-1
client-9 is in G-1
client-10 is in G-2
client-11 is in G-2
cnt=[3, 6, 3, ]
 Site-Clipart   | Train Loss: 0.0456 | Train Acc: 1.0000
 Site-Clipart   | Train Loss: 0.1126 | Train Acc: 0.9683
 Site-Clipart   | Train Loss: 0.0628 | Train Acc: 0.9841
 Site-Clipart   | Train Loss: 0.0897 | Train Acc: 0.9841
 Site-Infograph | Train Loss: 0.4478 | Train Acc: 0.8571
 Site-Infograph | Train Loss: 0.3203 | Train Acc: 0.9206
 Site-Infograph | Train Loss: 0.3137 | Train Acc: 0.8889
 Site-Painting  | Train Loss: 0.0696 | Train Acc: 0.9841
 Site-Painting  | Train Loss: 0.0442 | Train Acc: 1.0000
 Site-QuickDraw | Train Loss: 0.8343 | Train Acc: 0.7460
 Site-Real      | Train Loss: 0.0509 | Train Acc: 1.0000
 Site-Sketch    | Train Loss: 0.0802 | Train Acc: 0.9841
 Site-Clipart   | Val  Loss: 0.0276 | Val  Acc: 1.0000
 Site-Clipart   | Val  Loss: 0.0727 | Val  Acc: 0.9762
 Site-Clipart   | Val  Loss: 0.1187 | Val  Acc: 0.9524
 Site-Clipart   | Val  Loss: 0.0563 | Val  Acc: 1.0000
 Site-Infograph | Val  Loss: 0.2644 | Val  Acc: 0.9762
 Site-Infograph | Val  Loss: 0.1609 | Val  Acc: 1.0000
 Site-Infograph | Val  Loss: 0.4329 | Val  Acc: 0.8571
 Site-Painting  | Val  Loss: 0.0259 | Val  Acc: 1.0000
 Site-Painting  | Val  Loss: 0.0740 | Val  Acc: 0.9762
 Site-QuickDraw | Val  Loss: 1.4310 | Val  Acc: 0.5238
 Site-Real      | Val  Loss: 0.2283 | Val  Acc: 0.9524
 Site-Sketch    | Val  Loss: 0.4905 | Val  Acc: 0.9048
Average Valid Accuracy: 0.9266
============ Train epoch 100 ============
============ Train epoch 101 ============
============ Train epoch 102 ============
============ Train epoch 103 ============
============ Train epoch 104 ============
client-0 is in G-0
client-1 is in G-0
client-2 is in G-1
client-3 is in G-1
client-4 is in G-1
client-5 is in G-0
client-6 is in G-1
client-7 is in G-2
client-8 is in G-1
client-9 is in G-1
client-10 is in G-2
client-11 is in G-2
cnt=[3, 6, 3, ]
 Site-Clipart   | Train Loss: 0.0323 | Train Acc: 1.0000
 Site-Clipart   | Train Loss: 0.0763 | Train Acc: 0.9841
 Site-Clipart   | Train Loss: 0.0329 | Train Acc: 1.0000
 Site-Clipart   | Train Loss: 0.0203 | Train Acc: 1.0000
 Site-Infograph | Train Loss: 0.2870 | Train Acc: 0.9365
 Site-Infograph | Train Loss: 0.2384 | Train Acc: 0.9524
 Site-Infograph | Train Loss: 0.1802 | Train Acc: 0.9683
 Site-Painting  | Train Loss: 0.0461 | Train Acc: 1.0000
 Site-Painting  | Train Loss: 0.0245 | Train Acc: 1.0000
 Site-QuickDraw | Train Loss: 0.8297 | Train Acc: 0.7460
 Site-Real      | Train Loss: 0.0677 | Train Acc: 0.9841
 Site-Sketch    | Train Loss: 0.0617 | Train Acc: 1.0000
 Site-Clipart   | Val  Loss: 0.0262 | Val  Acc: 1.0000
 Site-Clipart   | Val  Loss: 0.0415 | Val  Acc: 1.0000
 Site-Clipart   | Val  Loss: 0.0929 | Val  Acc: 0.9762
 Site-Clipart   | Val  Loss: 0.0486 | Val  Acc: 1.0000
 Site-Infograph | Val  Loss: 0.2581 | Val  Acc: 0.9286
 Site-Infograph | Val  Loss: 0.2381 | Val  Acc: 0.9286
 Site-Infograph | Val  Loss: 0.2947 | Val  Acc: 0.9048
 Site-Painting  | Val  Loss: 0.0229 | Val  Acc: 1.0000
 Site-Painting  | Val  Loss: 0.0559 | Val  Acc: 1.0000
 Site-QuickDraw | Val  Loss: 1.1682 | Val  Acc: 0.6190
 Site-Real      | Val  Loss: 0.2874 | Val  Acc: 0.9524
 Site-Sketch    | Val  Loss: 0.7456 | Val  Acc: 0.8333
Average Valid Accuracy: 0.9286
============ Train epoch 105 ============
============ Train epoch 106 ============
============ Train epoch 107 ============
============ Train epoch 108 ============
============ Train epoch 109 ============
client-0 is in G-0
client-1 is in G-0
client-2 is in G-1
client-3 is in G-1
client-4 is in G-1
client-5 is in G-0
client-6 is in G-1
client-7 is in G-2
client-8 is in G-1
client-9 is in G-1
client-10 is in G-2
client-11 is in G-2
cnt=[3, 6, 3, ]
 Site-Clipart   | Train Loss: 0.0411 | Train Acc: 1.0000
 Site-Clipart   | Train Loss: 0.0650 | Train Acc: 1.0000
 Site-Clipart   | Train Loss: 0.0499 | Train Acc: 0.9841
 Site-Clipart   | Train Loss: 0.0238 | Train Acc: 1.0000
 Site-Infograph | Train Loss: 0.3409 | Train Acc: 0.9206
 Site-Infograph | Train Loss: 0.2420 | Train Acc: 0.9206
 Site-Infograph | Train Loss: 0.2042 | Train Acc: 0.9524
 Site-Painting  | Train Loss: 0.0551 | Train Acc: 0.9841
 Site-Painting  | Train Loss: 0.0341 | Train Acc: 1.0000
 Site-QuickDraw | Train Loss: 0.8059 | Train Acc: 0.6667
 Site-Real      | Train Loss: 0.0633 | Train Acc: 0.9683
 Site-Sketch    | Train Loss: 0.0327 | Train Acc: 1.0000
 Site-Clipart   | Val  Loss: 0.0281 | Val  Acc: 1.0000
 Site-Clipart   | Val  Loss: 0.0683 | Val  Acc: 0.9762
 Site-Clipart   | Val  Loss: 0.0595 | Val  Acc: 1.0000
 Site-Clipart   | Val  Loss: 0.0557 | Val  Acc: 1.0000
 Site-Infograph | Val  Loss: 0.2188 | Val  Acc: 0.9524
 Site-Infograph | Val  Loss: 0.1765 | Val  Acc: 0.9524
 Site-Infograph | Val  Loss: 0.2951 | Val  Acc: 0.9524
 Site-Painting  | Val  Loss: 0.0281 | Val  Acc: 1.0000
 Site-Painting  | Val  Loss: 0.0569 | Val  Acc: 0.9762
 Site-QuickDraw | Val  Loss: 1.3326 | Val  Acc: 0.6667
 Site-Real      | Val  Loss: 0.3538 | Val  Acc: 0.9286
 Site-Sketch    | Val  Loss: 0.5023 | Val  Acc: 0.8810
Average Valid Accuracy: 0.9405
 Best site-Clipart    | Epoch:21 | Val Acc: 1.0000
 Best site-Clipart    | Epoch:21 | Val Acc: 0.9762
 Best site-Clipart    | Epoch:21 | Val Acc: 1.0000
 Best site-Clipart    | Epoch:21 | Val Acc: 1.0000
 Best site-Infograph  | Epoch:21 | Val Acc: 0.9524
 Best site-Infograph  | Epoch:21 | Val Acc: 0.9524
 Best site-Infograph  | Epoch:21 | Val Acc: 0.9524
 Best site-Painting   | Epoch:21 | Val Acc: 1.0000
 Best site-Painting   | Epoch:21 | Val Acc: 0.9762
 Best site-QuickDraw  | Epoch:21 | Val Acc: 0.6667
 Best site-Real       | Epoch:21 | Val Acc: 0.9286
 Best site-Sketch     | Epoch:21 | Val Acc: 0.8810
 Saving the local and server checkpoint to ../checkpoint/fed_domainnet_uneven-1-sqrt_1/FedPrompt...
============ Train epoch 110 ============
============ Train epoch 111 ============
============ Train epoch 112 ============
============ Train epoch 113 ============
============ Train epoch 114 ============
client-0 is in G-0
client-1 is in G-0
client-2 is in G-1
client-3 is in G-1
client-4 is in G-1
client-5 is in G-0
client-6 is in G-1
client-7 is in G-2
client-8 is in G-1
client-9 is in G-1
client-10 is in G-2
client-11 is in G-2
cnt=[3, 6, 3, ]
 Site-Clipart   | Train Loss: 0.0316 | Train Acc: 1.0000
 Site-Clipart   | Train Loss: 0.0821 | Train Acc: 0.9841
 Site-Clipart   | Train Loss: 0.0560 | Train Acc: 0.9841
 Site-Clipart   | Train Loss: 0.0235 | Train Acc: 1.0000
 Site-Infograph | Train Loss: 0.2634 | Train Acc: 0.9524
 Site-Infograph | Train Loss: 0.3443 | Train Acc: 0.8889
 Site-Infograph | Train Loss: 0.2711 | Train Acc: 0.9365
 Site-Painting  | Train Loss: 0.0714 | Train Acc: 0.9683
 Site-Painting  | Train Loss: 0.0345 | Train Acc: 1.0000
 Site-QuickDraw | Train Loss: 0.6358 | Train Acc: 0.8571
 Site-Real      | Train Loss: 0.0616 | Train Acc: 0.9841
 Site-Sketch    | Train Loss: 0.0551 | Train Acc: 0.9841
 Site-Clipart   | Val  Loss: 0.0116 | Val  Acc: 1.0000
 Site-Clipart   | Val  Loss: 0.0412 | Val  Acc: 1.0000
 Site-Clipart   | Val  Loss: 0.1074 | Val  Acc: 0.9524
 Site-Clipart   | Val  Loss: 0.0379 | Val  Acc: 1.0000
 Site-Infograph | Val  Loss: 0.2098 | Val  Acc: 0.9286
 Site-Infograph | Val  Loss: 0.2127 | Val  Acc: 0.9286
 Site-Infograph | Val  Loss: 0.2791 | Val  Acc: 0.9286
 Site-Painting  | Val  Loss: 0.0138 | Val  Acc: 1.0000
 Site-Painting  | Val  Loss: 0.0355 | Val  Acc: 1.0000
 Site-QuickDraw | Val  Loss: 1.1453 | Val  Acc: 0.6429
 Site-Real      | Val  Loss: 0.1905 | Val  Acc: 0.9524
 Site-Sketch    | Val  Loss: 0.5805 | Val  Acc: 0.8571
Average Valid Accuracy: 0.9325
============ Train epoch 115 ============
============ Train epoch 116 ============
============ Train epoch 117 ============
============ Train epoch 118 ============
============ Train epoch 119 ============
client-0 is in G-0
client-1 is in G-0
client-2 is in G-1
client-3 is in G-1
client-4 is in G-1
client-5 is in G-0
client-6 is in G-1
client-7 is in G-2
client-8 is in G-1
client-9 is in G-1
client-10 is in G-2
client-11 is in G-2
cnt=[3, 6, 3, ]
 Site-Clipart   | Train Loss: 0.0322 | Train Acc: 1.0000
 Site-Clipart   | Train Loss: 0.0793 | Train Acc: 0.9841
 Site-Clipart   | Train Loss: 0.0542 | Train Acc: 0.9841
 Site-Clipart   | Train Loss: 0.0209 | Train Acc: 1.0000
 Site-Infograph | Train Loss: 0.2967 | Train Acc: 0.8889
 Site-Infograph | Train Loss: 0.2254 | Train Acc: 0.9524
 Site-Infograph | Train Loss: 0.2164 | Train Acc: 0.9206
 Site-Painting  | Train Loss: 0.0685 | Train Acc: 0.9683
 Site-Painting  | Train Loss: 0.0306 | Train Acc: 1.0000
 Site-QuickDraw | Train Loss: 0.7116 | Train Acc: 0.7619
 Site-Real      | Train Loss: 0.0560 | Train Acc: 1.0000
 Site-Sketch    | Train Loss: 0.0562 | Train Acc: 1.0000
 Site-Clipart   | Val  Loss: 0.0213 | Val  Acc: 1.0000
 Site-Clipart   | Val  Loss: 0.0695 | Val  Acc: 0.9762
 Site-Clipart   | Val  Loss: 0.0651 | Val  Acc: 0.9762
 Site-Clipart   | Val  Loss: 0.0819 | Val  Acc: 0.9762
 Site-Infograph | Val  Loss: 0.2691 | Val  Acc: 0.9286
 Site-Infograph | Val  Loss: 0.1512 | Val  Acc: 0.9524
 Site-Infograph | Val  Loss: 0.3094 | Val  Acc: 0.9286
 Site-Painting  | Val  Loss: 0.0241 | Val  Acc: 1.0000
 Site-Painting  | Val  Loss: 0.0361 | Val  Acc: 1.0000
 Site-QuickDraw | Val  Loss: 0.9778 | Val  Acc: 0.7381
 Site-Real      | Val  Loss: 0.3409 | Val  Acc: 0.9524
 Site-Sketch    | Val  Loss: 0.4879 | Val  Acc: 0.8810
Average Valid Accuracy: 0.9425
 Best site-Clipart    | Epoch:23 | Val Acc: 1.0000
 Best site-Clipart    | Epoch:23 | Val Acc: 0.9762
 Best site-Clipart    | Epoch:23 | Val Acc: 0.9762
 Best site-Clipart    | Epoch:23 | Val Acc: 0.9762
 Best site-Infograph  | Epoch:23 | Val Acc: 0.9286
 Best site-Infograph  | Epoch:23 | Val Acc: 0.9524
 Best site-Infograph  | Epoch:23 | Val Acc: 0.9286
 Best site-Painting   | Epoch:23 | Val Acc: 1.0000
 Best site-Painting   | Epoch:23 | Val Acc: 1.0000
 Best site-QuickDraw  | Epoch:23 | Val Acc: 0.7381
 Best site-Real       | Epoch:23 | Val Acc: 0.9524
 Best site-Sketch     | Epoch:23 | Val Acc: 0.8810
 Saving the local and server checkpoint to ../checkpoint/fed_domainnet_uneven-1-sqrt_1/FedPrompt...
============ Train epoch 120 ============
============ Train epoch 121 ============
============ Train epoch 122 ============
============ Train epoch 123 ============
============ Train epoch 124 ============
client-0 is in G-0
client-1 is in G-0
client-2 is in G-1
client-3 is in G-1
client-4 is in G-1
client-5 is in G-0
client-6 is in G-1
client-7 is in G-2
client-8 is in G-1
client-9 is in G-1
client-10 is in G-2
client-11 is in G-2
cnt=[3, 6, 3, ]
 Site-Clipart   | Train Loss: 0.0228 | Train Acc: 1.0000
 Site-Clipart   | Train Loss: 0.0806 | Train Acc: 0.9841
 Site-Clipart   | Train Loss: 0.0299 | Train Acc: 1.0000
 Site-Clipart   | Train Loss: 0.0278 | Train Acc: 1.0000
 Site-Infograph | Train Loss: 0.2275 | Train Acc: 0.9683
 Site-Infograph | Train Loss: 0.2369 | Train Acc: 0.9683
 Site-Infograph | Train Loss: 0.2038 | Train Acc: 0.9524
 Site-Painting  | Train Loss: 0.0379 | Train Acc: 0.9841
 Site-Painting  | Train Loss: 0.0228 | Train Acc: 1.0000
 Site-QuickDraw | Train Loss: 0.6428 | Train Acc: 0.8571
 Site-Real      | Train Loss: 0.0467 | Train Acc: 0.9841
 Site-Sketch    | Train Loss: 0.0466 | Train Acc: 1.0000
 Site-Clipart   | Val  Loss: 0.0172 | Val  Acc: 1.0000
 Site-Clipart   | Val  Loss: 0.0313 | Val  Acc: 1.0000
 Site-Clipart   | Val  Loss: 0.0931 | Val  Acc: 0.9762
 Site-Clipart   | Val  Loss: 0.0364 | Val  Acc: 1.0000
 Site-Infograph | Val  Loss: 0.1986 | Val  Acc: 0.9524
 Site-Infograph | Val  Loss: 0.2131 | Val  Acc: 0.9524
 Site-Infograph | Val  Loss: 0.2656 | Val  Acc: 0.9524
 Site-Painting  | Val  Loss: 0.0227 | Val  Acc: 1.0000
 Site-Painting  | Val  Loss: 0.0362 | Val  Acc: 0.9762
 Site-QuickDraw | Val  Loss: 1.1340 | Val  Acc: 0.6905
 Site-Real      | Val  Loss: 0.1876 | Val  Acc: 0.9524
 Site-Sketch    | Val  Loss: 0.6809 | Val  Acc: 0.8571
Average Valid Accuracy: 0.9425
============ Train epoch 125 ============
============ Train epoch 126 ============
============ Train epoch 127 ============
============ Train epoch 128 ============
============ Train epoch 129 ============
client-0 is in G-0
client-1 is in G-0
client-2 is in G-1
client-3 is in G-1
client-4 is in G-1
client-5 is in G-0
client-6 is in G-1
client-7 is in G-2
client-8 is in G-1
client-9 is in G-1
client-10 is in G-2
client-11 is in G-2
cnt=[3, 6, 3, ]
 Site-Clipart   | Train Loss: 0.0209 | Train Acc: 1.0000
 Site-Clipart   | Train Loss: 0.0569 | Train Acc: 0.9841
 Site-Clipart   | Train Loss: 0.0569 | Train Acc: 1.0000
 Site-Clipart   | Train Loss: 0.0204 | Train Acc: 1.0000
 Site-Infograph | Train Loss: 0.2430 | Train Acc: 0.9365
 Site-Infograph | Train Loss: 0.2129 | Train Acc: 0.9365
 Site-Infograph | Train Loss: 0.1624 | Train Acc: 0.9365
 Site-Painting  | Train Loss: 0.0583 | Train Acc: 0.9683
 Site-Painting  | Train Loss: 0.0224 | Train Acc: 1.0000
 Site-QuickDraw | Train Loss: 0.5792 | Train Acc: 0.8571
 Site-Real      | Train Loss: 0.0624 | Train Acc: 0.9683
 Site-Sketch    | Train Loss: 0.0419 | Train Acc: 0.9841
 Site-Clipart   | Val  Loss: 0.0111 | Val  Acc: 1.0000
 Site-Clipart   | Val  Loss: 0.0442 | Val  Acc: 1.0000
 Site-Clipart   | Val  Loss: 0.0826 | Val  Acc: 0.9762
 Site-Clipart   | Val  Loss: 0.0459 | Val  Acc: 1.0000
 Site-Infograph | Val  Loss: 0.1739 | Val  Acc: 0.9762
 Site-Infograph | Val  Loss: 0.1361 | Val  Acc: 1.0000
 Site-Infograph | Val  Loss: 0.3227 | Val  Acc: 0.9524
 Site-Painting  | Val  Loss: 0.0165 | Val  Acc: 1.0000
 Site-Painting  | Val  Loss: 0.0274 | Val  Acc: 1.0000
 Site-QuickDraw | Val  Loss: 1.0842 | Val  Acc: 0.7143
 Site-Real      | Val  Loss: 0.3168 | Val  Acc: 0.9524
 Site-Sketch    | Val  Loss: 0.4269 | Val  Acc: 0.9286
Average Valid Accuracy: 0.9583
 Best site-Clipart    | Epoch:25 | Val Acc: 1.0000
 Best site-Clipart    | Epoch:25 | Val Acc: 1.0000
 Best site-Clipart    | Epoch:25 | Val Acc: 0.9762
 Best site-Clipart    | Epoch:25 | Val Acc: 1.0000
 Best site-Infograph  | Epoch:25 | Val Acc: 0.9762
 Best site-Infograph  | Epoch:25 | Val Acc: 1.0000
 Best site-Infograph  | Epoch:25 | Val Acc: 0.9524
 Best site-Painting   | Epoch:25 | Val Acc: 1.0000
 Best site-Painting   | Epoch:25 | Val Acc: 1.0000
 Best site-QuickDraw  | Epoch:25 | Val Acc: 0.7143
 Best site-Real       | Epoch:25 | Val Acc: 0.9524
 Best site-Sketch     | Epoch:25 | Val Acc: 0.9286
 Saving the local and server checkpoint to ../checkpoint/fed_domainnet_uneven-1-sqrt_1/FedPrompt...
============ Train epoch 130 ============
============ Train epoch 131 ============
============ Train epoch 132 ============
============ Train epoch 133 ============
============ Train epoch 134 ============
client-0 is in G-0
client-1 is in G-0
client-2 is in G-1
client-3 is in G-1
client-4 is in G-1
client-5 is in G-0
client-6 is in G-1
client-7 is in G-2
client-8 is in G-1
client-9 is in G-1
client-10 is in G-2
client-11 is in G-2
cnt=[3, 6, 3, ]
 Site-Clipart   | Train Loss: 0.0102 | Train Acc: 1.0000
 Site-Clipart   | Train Loss: 0.0679 | Train Acc: 0.9841
 Site-Clipart   | Train Loss: 0.0616 | Train Acc: 0.9683
 Site-Clipart   | Train Loss: 0.0106 | Train Acc: 1.0000
 Site-Infograph | Train Loss: 0.2514 | Train Acc: 0.9365
 Site-Infograph | Train Loss: 0.1438 | Train Acc: 0.9683
 Site-Infograph | Train Loss: 0.1916 | Train Acc: 0.9365
 Site-Painting  | Train Loss: 0.0236 | Train Acc: 1.0000
 Site-Painting  | Train Loss: 0.0299 | Train Acc: 1.0000
 Site-QuickDraw | Train Loss: 0.6160 | Train Acc: 0.8095
 Site-Real      | Train Loss: 0.0443 | Train Acc: 1.0000
 Site-Sketch    | Train Loss: 0.0318 | Train Acc: 1.0000
 Site-Clipart   | Val  Loss: 0.0166 | Val  Acc: 1.0000
 Site-Clipart   | Val  Loss: 0.0472 | Val  Acc: 0.9762
 Site-Clipart   | Val  Loss: 0.0962 | Val  Acc: 0.9524
 Site-Clipart   | Val  Loss: 0.0268 | Val  Acc: 1.0000
 Site-Infograph | Val  Loss: 0.1280 | Val  Acc: 1.0000
 Site-Infograph | Val  Loss: 0.1618 | Val  Acc: 0.9762
 Site-Infograph | Val  Loss: 0.1896 | Val  Acc: 0.9524
 Site-Painting  | Val  Loss: 0.0340 | Val  Acc: 0.9762
 Site-Painting  | Val  Loss: 0.0406 | Val  Acc: 0.9762
 Site-QuickDraw | Val  Loss: 1.0525 | Val  Acc: 0.6429
 Site-Real      | Val  Loss: 0.3106 | Val  Acc: 0.9286
 Site-Sketch    | Val  Loss: 0.6641 | Val  Acc: 0.8333
Average Valid Accuracy: 0.9345
============ Train epoch 135 ============
============ Train epoch 136 ============
============ Train epoch 137 ============
============ Train epoch 138 ============
============ Train epoch 139 ============
client-0 is in G-0
client-1 is in G-0
client-2 is in G-1
client-3 is in G-1
client-4 is in G-1
client-5 is in G-0
client-6 is in G-1
client-7 is in G-2
client-8 is in G-1
client-9 is in G-1
client-10 is in G-2
client-11 is in G-2
cnt=[3, 6, 3, ]
 Site-Clipart   | Train Loss: 0.0289 | Train Acc: 1.0000
 Site-Clipart   | Train Loss: 0.0792 | Train Acc: 0.9683
 Site-Clipart   | Train Loss: 0.0356 | Train Acc: 1.0000
 Site-Clipart   | Train Loss: 0.0344 | Train Acc: 1.0000
 Site-Infograph | Train Loss: 0.2467 | Train Acc: 0.9683
 Site-Infograph | Train Loss: 0.1482 | Train Acc: 1.0000
 Site-Infograph | Train Loss: 0.1481 | Train Acc: 0.9683
 Site-Painting  | Train Loss: 0.0360 | Train Acc: 1.0000
 Site-Painting  | Train Loss: 0.0476 | Train Acc: 1.0000
 Site-QuickDraw | Train Loss: 0.5054 | Train Acc: 0.8571
 Site-Real      | Train Loss: 0.0604 | Train Acc: 0.9841
 Site-Sketch    | Train Loss: 0.0355 | Train Acc: 1.0000
 Site-Clipart   | Val  Loss: 0.0114 | Val  Acc: 1.0000
 Site-Clipart   | Val  Loss: 0.0260 | Val  Acc: 1.0000
 Site-Clipart   | Val  Loss: 0.1300 | Val  Acc: 0.9286
 Site-Clipart   | Val  Loss: 0.0536 | Val  Acc: 1.0000
 Site-Infograph | Val  Loss: 0.1142 | Val  Acc: 1.0000
 Site-Infograph | Val  Loss: 0.1197 | Val  Acc: 1.0000
 Site-Infograph | Val  Loss: 0.2737 | Val  Acc: 0.9286
 Site-Painting  | Val  Loss: 0.0394 | Val  Acc: 1.0000
 Site-Painting  | Val  Loss: 0.0588 | Val  Acc: 0.9762
 Site-QuickDraw | Val  Loss: 0.9694 | Val  Acc: 0.7143
 Site-Real      | Val  Loss: 0.3123 | Val  Acc: 0.9286
 Site-Sketch    | Val  Loss: 0.4440 | Val  Acc: 0.9524
Average Valid Accuracy: 0.9524
============ Train epoch 140 ============
============ Train epoch 141 ============
============ Train epoch 142 ============
============ Train epoch 143 ============
============ Train epoch 144 ============
client-0 is in G-0
client-1 is in G-0
client-2 is in G-1
client-3 is in G-1
client-4 is in G-1
client-5 is in G-0
client-6 is in G-1
client-7 is in G-2
client-8 is in G-1
client-9 is in G-1
client-10 is in G-2
client-11 is in G-2
cnt=[3, 6, 3, ]
 Site-Clipart   | Train Loss: 0.0390 | Train Acc: 0.9841
 Site-Clipart   | Train Loss: 0.0442 | Train Acc: 1.0000
 Site-Clipart   | Train Loss: 0.0431 | Train Acc: 0.9841
 Site-Clipart   | Train Loss: 0.0096 | Train Acc: 1.0000
 Site-Infograph | Train Loss: 0.2577 | Train Acc: 0.9048
 Site-Infograph | Train Loss: 0.1802 | Train Acc: 0.9683
 Site-Infograph | Train Loss: 0.1276 | Train Acc: 0.9683
 Site-Painting  | Train Loss: 0.0367 | Train Acc: 0.9841
 Site-Painting  | Train Loss: 0.0155 | Train Acc: 1.0000
 Site-QuickDraw | Train Loss: 0.4421 | Train Acc: 0.8889
 Site-Real      | Train Loss: 0.0568 | Train Acc: 0.9841
 Site-Sketch    | Train Loss: 0.0427 | Train Acc: 1.0000
 Site-Clipart   | Val  Loss: 0.0486 | Val  Acc: 0.9762
 Site-Clipart   | Val  Loss: 0.0504 | Val  Acc: 0.9762
 Site-Clipart   | Val  Loss: 0.0606 | Val  Acc: 1.0000
 Site-Clipart   | Val  Loss: 0.0342 | Val  Acc: 1.0000
 Site-Infograph | Val  Loss: 0.2011 | Val  Acc: 0.9286
 Site-Infograph | Val  Loss: 0.1342 | Val  Acc: 0.9762
 Site-Infograph | Val  Loss: 0.2823 | Val  Acc: 0.8810
 Site-Painting  | Val  Loss: 0.0421 | Val  Acc: 0.9762
 Site-Painting  | Val  Loss: 0.0315 | Val  Acc: 1.0000
 Site-QuickDraw | Val  Loss: 1.1101 | Val  Acc: 0.6667
 Site-Real      | Val  Loss: 0.2221 | Val  Acc: 0.9524
 Site-Sketch    | Val  Loss: 0.7923 | Val  Acc: 0.8095
Average Valid Accuracy: 0.9286
============ Train epoch 145 ============
============ Train epoch 146 ============
============ Train epoch 147 ============
============ Train epoch 148 ============
============ Train epoch 149 ============
client-0 is in G-0
client-1 is in G-0
client-2 is in G-1
client-3 is in G-1
client-4 is in G-1
client-5 is in G-0
client-6 is in G-1
client-7 is in G-2
client-8 is in G-1
client-9 is in G-1
client-10 is in G-2
client-11 is in G-2
cnt=[3, 6, 3, ]
 Site-Clipart   | Train Loss: 0.0180 | Train Acc: 1.0000
 Site-Clipart   | Train Loss: 0.0590 | Train Acc: 0.9841
 Site-Clipart   | Train Loss: 0.0258 | Train Acc: 1.0000
 Site-Clipart   | Train Loss: 0.0176 | Train Acc: 1.0000
 Site-Infograph | Train Loss: 0.1562 | Train Acc: 0.9683
 Site-Infograph | Train Loss: 0.1518 | Train Acc: 0.9683
 Site-Infograph | Train Loss: 0.0866 | Train Acc: 1.0000
 Site-Painting  | Train Loss: 0.0420 | Train Acc: 0.9841
 Site-Painting  | Train Loss: 0.0272 | Train Acc: 1.0000
 Site-QuickDraw | Train Loss: 0.5678 | Train Acc: 0.8889
 Site-Real      | Train Loss: 0.0312 | Train Acc: 0.9841
 Site-Sketch    | Train Loss: 0.0445 | Train Acc: 0.9841
 Site-Clipart   | Val  Loss: 0.0093 | Val  Acc: 1.0000
 Site-Clipart   | Val  Loss: 0.0306 | Val  Acc: 1.0000
 Site-Clipart   | Val  Loss: 0.0657 | Val  Acc: 0.9762
 Site-Clipart   | Val  Loss: 0.0363 | Val  Acc: 1.0000
 Site-Infograph | Val  Loss: 0.1134 | Val  Acc: 0.9762
 Site-Infograph | Val  Loss: 0.0761 | Val  Acc: 1.0000
 Site-Infograph | Val  Loss: 0.3481 | Val  Acc: 0.8810
 Site-Painting  | Val  Loss: 0.0140 | Val  Acc: 1.0000
 Site-Painting  | Val  Loss: 0.0573 | Val  Acc: 0.9762
 Site-QuickDraw | Val  Loss: 1.1506 | Val  Acc: 0.7381
 Site-Real      | Val  Loss: 0.3102 | Val  Acc: 0.9286
 Site-Sketch    | Val  Loss: 0.4662 | Val  Acc: 0.9048
Average Valid Accuracy: 0.9484
============ Train epoch 150 ============
============ Train epoch 151 ============
============ Train epoch 152 ============
============ Train epoch 153 ============
============ Train epoch 154 ============
client-0 is in G-0
client-1 is in G-0
client-2 is in G-1
client-3 is in G-1
client-4 is in G-1
client-5 is in G-0
client-6 is in G-1
client-7 is in G-2
client-8 is in G-1
client-9 is in G-1
client-10 is in G-2
client-11 is in G-2
cnt=[3, 6, 3, ]
 Site-Clipart   | Train Loss: 0.0152 | Train Acc: 1.0000
 Site-Clipart   | Train Loss: 0.0687 | Train Acc: 0.9841
 Site-Clipart   | Train Loss: 0.0428 | Train Acc: 0.9841
 Site-Clipart   | Train Loss: 0.0209 | Train Acc: 1.0000
 Site-Infograph | Train Loss: 0.2274 | Train Acc: 0.9524
 Site-Infograph | Train Loss: 0.1448 | Train Acc: 0.9683
 Site-Infograph | Train Loss: 0.1887 | Train Acc: 0.9524
 Site-Painting  | Train Loss: 0.0215 | Train Acc: 1.0000
 Site-Painting  | Train Loss: 0.0154 | Train Acc: 1.0000
 Site-QuickDraw | Train Loss: 0.5567 | Train Acc: 0.8095
 Site-Real      | Train Loss: 0.0338 | Train Acc: 0.9841
 Site-Sketch    | Train Loss: 0.0362 | Train Acc: 0.9841
 Site-Clipart   | Val  Loss: 0.0151 | Val  Acc: 1.0000
 Site-Clipart   | Val  Loss: 0.0493 | Val  Acc: 0.9762
 Site-Clipart   | Val  Loss: 0.0629 | Val  Acc: 1.0000
 Site-Clipart   | Val  Loss: 0.0251 | Val  Acc: 1.0000
 Site-Infograph | Val  Loss: 0.0692 | Val  Acc: 1.0000
 Site-Infograph | Val  Loss: 0.0973 | Val  Acc: 0.9762
 Site-Infograph | Val  Loss: 0.2742 | Val  Acc: 0.9048
 Site-Painting  | Val  Loss: 0.0115 | Val  Acc: 1.0000
 Site-Painting  | Val  Loss: 0.0444 | Val  Acc: 0.9762
 Site-QuickDraw | Val  Loss: 0.9708 | Val  Acc: 0.7381
 Site-Real      | Val  Loss: 0.2673 | Val  Acc: 0.9524
 Site-Sketch    | Val  Loss: 0.5973 | Val  Acc: 0.9048
Average Valid Accuracy: 0.9524
============ Train epoch 155 ============
============ Train epoch 156 ============
============ Train epoch 157 ============
============ Train epoch 158 ============
============ Train epoch 159 ============
client-0 is in G-0
client-1 is in G-0
client-2 is in G-1
client-3 is in G-1
client-4 is in G-1
client-5 is in G-0
client-6 is in G-1
client-7 is in G-2
client-8 is in G-1
client-9 is in G-1
client-10 is in G-2
client-11 is in G-2
cnt=[3, 6, 3, ]
 Site-Clipart   | Train Loss: 0.0114 | Train Acc: 1.0000
 Site-Clipart   | Train Loss: 0.0513 | Train Acc: 0.9841
 Site-Clipart   | Train Loss: 0.0414 | Train Acc: 0.9841
 Site-Clipart   | Train Loss: 0.0112 | Train Acc: 1.0000
 Site-Infograph | Train Loss: 0.1822 | Train Acc: 0.9683
 Site-Infograph | Train Loss: 0.1514 | Train Acc: 0.9841
 Site-Infograph | Train Loss: 0.1317 | Train Acc: 0.9683
 Site-Painting  | Train Loss: 0.0182 | Train Acc: 1.0000
 Site-Painting  | Train Loss: 0.0112 | Train Acc: 1.0000
 Site-QuickDraw | Train Loss: 0.4009 | Train Acc: 0.9206
 Site-Real      | Train Loss: 0.0416 | Train Acc: 1.0000
 Site-Sketch    | Train Loss: 0.0372 | Train Acc: 0.9841
 Site-Clipart   | Val  Loss: 0.0080 | Val  Acc: 1.0000
 Site-Clipart   | Val  Loss: 0.0372 | Val  Acc: 0.9762
 Site-Clipart   | Val  Loss: 0.0456 | Val  Acc: 0.9762
 Site-Clipart   | Val  Loss: 0.0238 | Val  Acc: 1.0000
 Site-Infograph | Val  Loss: 0.0732 | Val  Acc: 1.0000
 Site-Infograph | Val  Loss: 0.1456 | Val  Acc: 1.0000
 Site-Infograph | Val  Loss: 0.1996 | Val  Acc: 0.9286
 Site-Painting  | Val  Loss: 0.0149 | Val  Acc: 1.0000
 Site-Painting  | Val  Loss: 0.0290 | Val  Acc: 1.0000
 Site-QuickDraw | Val  Loss: 1.1067 | Val  Acc: 0.6190
 Site-Real      | Val  Loss: 0.3447 | Val  Acc: 0.9048
 Site-Sketch    | Val  Loss: 0.6947 | Val  Acc: 0.8810
Average Valid Accuracy: 0.9405
============ Train epoch 160 ============
============ Train epoch 161 ============
============ Train epoch 162 ============
============ Train epoch 163 ============
============ Train epoch 164 ============
client-0 is in G-0
client-1 is in G-0
client-2 is in G-1
client-3 is in G-1
client-4 is in G-1
client-5 is in G-0
client-6 is in G-1
client-7 is in G-2
client-8 is in G-1
client-9 is in G-1
client-10 is in G-2
client-11 is in G-2
cnt=[3, 6, 3, ]
 Site-Clipart   | Train Loss: 0.0140 | Train Acc: 1.0000
 Site-Clipart   | Train Loss: 0.0401 | Train Acc: 1.0000
 Site-Clipart   | Train Loss: 0.0487 | Train Acc: 0.9841
 Site-Clipart   | Train Loss: 0.0143 | Train Acc: 1.0000
 Site-Infograph | Train Loss: 0.2382 | Train Acc: 0.9206
 Site-Infograph | Train Loss: 0.1244 | Train Acc: 0.9683
 Site-Infograph | Train Loss: 0.1040 | Train Acc: 1.0000
 Site-Painting  | Train Loss: 0.0151 | Train Acc: 1.0000
 Site-Painting  | Train Loss: 0.0235 | Train Acc: 1.0000
 Site-QuickDraw | Train Loss: 0.4441 | Train Acc: 0.8413
 Site-Real      | Train Loss: 0.0494 | Train Acc: 0.9841
 Site-Sketch    | Train Loss: 0.0304 | Train Acc: 0.9841
 Site-Clipart   | Val  Loss: 0.0134 | Val  Acc: 1.0000
 Site-Clipart   | Val  Loss: 0.0607 | Val  Acc: 0.9762
 Site-Clipart   | Val  Loss: 0.0360 | Val  Acc: 1.0000
 Site-Clipart   | Val  Loss: 0.0101 | Val  Acc: 1.0000
 Site-Infograph | Val  Loss: 0.0915 | Val  Acc: 1.0000
 Site-Infograph | Val  Loss: 0.0967 | Val  Acc: 0.9762
 Site-Infograph | Val  Loss: 0.1903 | Val  Acc: 0.9524
 Site-Painting  | Val  Loss: 0.0223 | Val  Acc: 1.0000
 Site-Painting  | Val  Loss: 0.0389 | Val  Acc: 0.9762
 Site-QuickDraw | Val  Loss: 1.0342 | Val  Acc: 0.7619
 Site-Real      | Val  Loss: 0.2546 | Val  Acc: 0.9524
 Site-Sketch    | Val  Loss: 0.4016 | Val  Acc: 0.9286
Average Valid Accuracy: 0.9603
 Best site-Clipart    | Epoch:32 | Val Acc: 1.0000
 Best site-Clipart    | Epoch:32 | Val Acc: 0.9762
 Best site-Clipart    | Epoch:32 | Val Acc: 1.0000
 Best site-Clipart    | Epoch:32 | Val Acc: 1.0000
 Best site-Infograph  | Epoch:32 | Val Acc: 1.0000
 Best site-Infograph  | Epoch:32 | Val Acc: 0.9762
 Best site-Infograph  | Epoch:32 | Val Acc: 0.9524
 Best site-Painting   | Epoch:32 | Val Acc: 1.0000
 Best site-Painting   | Epoch:32 | Val Acc: 0.9762
 Best site-QuickDraw  | Epoch:32 | Val Acc: 0.7619
 Best site-Real       | Epoch:32 | Val Acc: 0.9524
 Best site-Sketch     | Epoch:32 | Val Acc: 0.9286
 Saving the local and server checkpoint to ../checkpoint/fed_domainnet_uneven-1-sqrt_1/FedPrompt...
============ Train epoch 165 ============
============ Train epoch 166 ============
============ Train epoch 167 ============
============ Train epoch 168 ============
============ Train epoch 169 ============
client-0 is in G-0
client-1 is in G-0
client-2 is in G-1
client-3 is in G-1
client-4 is in G-1
client-5 is in G-0
client-6 is in G-1
client-7 is in G-2
client-8 is in G-1
client-9 is in G-1
client-10 is in G-2
client-11 is in G-2
cnt=[3, 6, 3, ]
 Site-Clipart   | Train Loss: 0.0109 | Train Acc: 1.0000
 Site-Clipart   | Train Loss: 0.0358 | Train Acc: 1.0000
 Site-Clipart   | Train Loss: 0.0323 | Train Acc: 0.9841
 Site-Clipart   | Train Loss: 0.0103 | Train Acc: 1.0000
 Site-Infograph | Train Loss: 0.1797 | Train Acc: 0.9365
 Site-Infograph | Train Loss: 0.1320 | Train Acc: 0.9683
 Site-Infograph | Train Loss: 0.0798 | Train Acc: 1.0000
 Site-Painting  | Train Loss: 0.0476 | Train Acc: 0.9524
 Site-Painting  | Train Loss: 0.0195 | Train Acc: 1.0000
 Site-QuickDraw | Train Loss: 0.4373 | Train Acc: 0.8889
 Site-Real      | Train Loss: 0.0481 | Train Acc: 0.9841
 Site-Sketch    | Train Loss: 0.0319 | Train Acc: 1.0000
 Site-Clipart   | Val  Loss: 0.0117 | Val  Acc: 1.0000
 Site-Clipart   | Val  Loss: 0.0405 | Val  Acc: 0.9762
 Site-Clipart   | Val  Loss: 0.0643 | Val  Acc: 0.9762
 Site-Clipart   | Val  Loss: 0.0262 | Val  Acc: 1.0000
 Site-Infograph | Val  Loss: 0.0756 | Val  Acc: 1.0000
 Site-Infograph | Val  Loss: 0.0997 | Val  Acc: 1.0000
 Site-Infograph | Val  Loss: 0.1678 | Val  Acc: 0.9762
 Site-Painting  | Val  Loss: 0.0130 | Val  Acc: 1.0000
 Site-Painting  | Val  Loss: 0.0280 | Val  Acc: 1.0000
 Site-QuickDraw | Val  Loss: 0.9191 | Val  Acc: 0.7857
 Site-Real      | Val  Loss: 0.3471 | Val  Acc: 0.9286
 Site-Sketch    | Val  Loss: 0.5300 | Val  Acc: 0.9048
Average Valid Accuracy: 0.9623
 Best site-Clipart    | Epoch:33 | Val Acc: 1.0000
 Best site-Clipart    | Epoch:33 | Val Acc: 0.9762
 Best site-Clipart    | Epoch:33 | Val Acc: 0.9762
 Best site-Clipart    | Epoch:33 | Val Acc: 1.0000
 Best site-Infograph  | Epoch:33 | Val Acc: 1.0000
 Best site-Infograph  | Epoch:33 | Val Acc: 1.0000
 Best site-Infograph  | Epoch:33 | Val Acc: 0.9762
 Best site-Painting   | Epoch:33 | Val Acc: 1.0000
 Best site-Painting   | Epoch:33 | Val Acc: 1.0000
 Best site-QuickDraw  | Epoch:33 | Val Acc: 0.7857
 Best site-Real       | Epoch:33 | Val Acc: 0.9286
 Best site-Sketch     | Epoch:33 | Val Acc: 0.9048
 Saving the local and server checkpoint to ../checkpoint/fed_domainnet_uneven-1-sqrt_1/FedPrompt...
============ Train epoch 170 ============
============ Train epoch 171 ============
============ Train epoch 172 ============
============ Train epoch 173 ============
============ Train epoch 174 ============
client-0 is in G-0
client-1 is in G-0
client-2 is in G-1
client-3 is in G-1
client-4 is in G-1
client-5 is in G-0
client-6 is in G-1
client-7 is in G-2
client-8 is in G-1
client-9 is in G-1
client-10 is in G-2
client-11 is in G-2
cnt=[3, 6, 3, ]
 Site-Clipart   | Train Loss: 0.0081 | Train Acc: 1.0000
 Site-Clipart   | Train Loss: 0.0297 | Train Acc: 1.0000
 Site-Clipart   | Train Loss: 0.0479 | Train Acc: 0.9841
 Site-Clipart   | Train Loss: 0.0099 | Train Acc: 1.0000
 Site-Infograph | Train Loss: 0.1755 | Train Acc: 0.9683
 Site-Infograph | Train Loss: 0.1468 | Train Acc: 0.9683
 Site-Infograph | Train Loss: 0.0829 | Train Acc: 0.9841
 Site-Painting  | Train Loss: 0.0201 | Train Acc: 1.0000
 Site-Painting  | Train Loss: 0.0126 | Train Acc: 1.0000
 Site-QuickDraw | Train Loss: 0.4278 | Train Acc: 0.9048
 Site-Real      | Train Loss: 0.0445 | Train Acc: 0.9841
 Site-Sketch    | Train Loss: 0.0287 | Train Acc: 1.0000
 Site-Clipart   | Val  Loss: 0.0057 | Val  Acc: 1.0000
 Site-Clipart   | Val  Loss: 0.0557 | Val  Acc: 0.9762
 Site-Clipart   | Val  Loss: 0.0427 | Val  Acc: 1.0000
 Site-Clipart   | Val  Loss: 0.0130 | Val  Acc: 1.0000
 Site-Infograph | Val  Loss: 0.1205 | Val  Acc: 0.9762
 Site-Infograph | Val  Loss: 0.0867 | Val  Acc: 0.9762
 Site-Infograph | Val  Loss: 0.1953 | Val  Acc: 0.9524
 Site-Painting  | Val  Loss: 0.0188 | Val  Acc: 1.0000
 Site-Painting  | Val  Loss: 0.0296 | Val  Acc: 1.0000
 Site-QuickDraw | Val  Loss: 0.8836 | Val  Acc: 0.7857
 Site-Real      | Val  Loss: 0.2993 | Val  Acc: 0.9524
 Site-Sketch    | Val  Loss: 0.6865 | Val  Acc: 0.8810
Average Valid Accuracy: 0.9583
============ Train epoch 175 ============
============ Train epoch 176 ============
============ Train epoch 177 ============
============ Train epoch 178 ============
============ Train epoch 179 ============
client-0 is in G-0
client-1 is in G-0
client-2 is in G-1
client-3 is in G-1
client-4 is in G-1
client-5 is in G-0
client-6 is in G-1
client-7 is in G-2
client-8 is in G-1
client-9 is in G-1
client-10 is in G-2
client-11 is in G-2
cnt=[3, 6, 3, ]
 Site-Clipart   | Train Loss: 0.0131 | Train Acc: 1.0000
 Site-Clipart   | Train Loss: 0.0522 | Train Acc: 0.9841
 Site-Clipart   | Train Loss: 0.0351 | Train Acc: 0.9841
 Site-Clipart   | Train Loss: 0.0120 | Train Acc: 1.0000
 Site-Infograph | Train Loss: 0.1509 | Train Acc: 1.0000
 Site-Infograph | Train Loss: 0.1660 | Train Acc: 0.9841
 Site-Infograph | Train Loss: 0.0882 | Train Acc: 0.9841
 Site-Painting  | Train Loss: 0.0300 | Train Acc: 0.9841
 Site-Painting  | Train Loss: 0.0276 | Train Acc: 1.0000
 Site-QuickDraw | Train Loss: 0.4177 | Train Acc: 0.9048
 Site-Real      | Train Loss: 0.0434 | Train Acc: 1.0000
 Site-Sketch    | Train Loss: 0.0240 | Train Acc: 1.0000
 Site-Clipart   | Val  Loss: 0.0070 | Val  Acc: 1.0000
 Site-Clipart   | Val  Loss: 0.0399 | Val  Acc: 0.9762
 Site-Clipart   | Val  Loss: 0.0610 | Val  Acc: 0.9762
 Site-Clipart   | Val  Loss: 0.0142 | Val  Acc: 1.0000
 Site-Infograph | Val  Loss: 0.0993 | Val  Acc: 0.9762
 Site-Infograph | Val  Loss: 0.1115 | Val  Acc: 1.0000
 Site-Infograph | Val  Loss: 0.2565 | Val  Acc: 0.9048
 Site-Painting  | Val  Loss: 0.0179 | Val  Acc: 1.0000
 Site-Painting  | Val  Loss: 0.0208 | Val  Acc: 1.0000
 Site-QuickDraw | Val  Loss: 1.1822 | Val  Acc: 0.6190
 Site-Real      | Val  Loss: 0.3322 | Val  Acc: 0.9524
 Site-Sketch    | Val  Loss: 0.6612 | Val  Acc: 0.9048
Average Valid Accuracy: 0.9425
============ Train epoch 180 ============
============ Train epoch 181 ============
============ Train epoch 182 ============
============ Train epoch 183 ============
============ Train epoch 184 ============
client-0 is in G-0
client-1 is in G-0
client-2 is in G-1
client-3 is in G-1
client-4 is in G-1
client-5 is in G-0
client-6 is in G-1
client-7 is in G-2
client-8 is in G-1
client-9 is in G-1
client-10 is in G-2
client-11 is in G-2
cnt=[3, 6, 3, ]
 Site-Clipart   | Train Loss: 0.0154 | Train Acc: 1.0000
 Site-Clipart   | Train Loss: 0.0304 | Train Acc: 1.0000
 Site-Clipart   | Train Loss: 0.0316 | Train Acc: 0.9841
 Site-Clipart   | Train Loss: 0.0131 | Train Acc: 1.0000
 Site-Infograph | Train Loss: 0.1708 | Train Acc: 0.9524
 Site-Infograph | Train Loss: 0.0998 | Train Acc: 0.9841
 Site-Infograph | Train Loss: 0.0578 | Train Acc: 1.0000
 Site-Painting  | Train Loss: 0.0149 | Train Acc: 1.0000
 Site-Painting  | Train Loss: 0.0126 | Train Acc: 1.0000
 Site-QuickDraw | Train Loss: 0.3966 | Train Acc: 0.8889
 Site-Real      | Train Loss: 0.0475 | Train Acc: 0.9841
 Site-Sketch    | Train Loss: 0.0286 | Train Acc: 1.0000
 Site-Clipart   | Val  Loss: 0.0060 | Val  Acc: 1.0000
 Site-Clipart   | Val  Loss: 0.0434 | Val  Acc: 0.9762
 Site-Clipart   | Val  Loss: 0.0347 | Val  Acc: 1.0000
 Site-Clipart   | Val  Loss: 0.0138 | Val  Acc: 1.0000
 Site-Infograph | Val  Loss: 0.0813 | Val  Acc: 0.9762
 Site-Infograph | Val  Loss: 0.0638 | Val  Acc: 1.0000
 Site-Infograph | Val  Loss: 0.1860 | Val  Acc: 0.9286
 Site-Painting  | Val  Loss: 0.0059 | Val  Acc: 1.0000
 Site-Painting  | Val  Loss: 0.0142 | Val  Acc: 1.0000
 Site-QuickDraw | Val  Loss: 1.2360 | Val  Acc: 0.6905
 Site-Real      | Val  Loss: 0.2315 | Val  Acc: 0.9524
 Site-Sketch    | Val  Loss: 0.4309 | Val  Acc: 0.9286
Average Valid Accuracy: 0.9544
============ Train epoch 185 ============
============ Train epoch 186 ============
============ Train epoch 187 ============
============ Train epoch 188 ============
============ Train epoch 189 ============
client-0 is in G-0
client-1 is in G-0
client-2 is in G-1
client-3 is in G-1
client-4 is in G-1
client-5 is in G-0
client-6 is in G-1
client-7 is in G-2
client-8 is in G-1
client-9 is in G-1
client-10 is in G-2
client-11 is in G-2
cnt=[3, 6, 3, ]
 Site-Clipart   | Train Loss: 0.0085 | Train Acc: 1.0000
 Site-Clipart   | Train Loss: 0.0443 | Train Acc: 0.9841
 Site-Clipart   | Train Loss: 0.0290 | Train Acc: 0.9841
 Site-Clipart   | Train Loss: 0.0078 | Train Acc: 1.0000
 Site-Infograph | Train Loss: 0.1581 | Train Acc: 0.9683
 Site-Infograph | Train Loss: 0.1480 | Train Acc: 0.9683
 Site-Infograph | Train Loss: 0.0783 | Train Acc: 0.9841
 Site-Painting  | Train Loss: 0.0228 | Train Acc: 1.0000
 Site-Painting  | Train Loss: 0.0125 | Train Acc: 1.0000
 Site-QuickDraw | Train Loss: 0.4116 | Train Acc: 0.8571
 Site-Real      | Train Loss: 0.0273 | Train Acc: 1.0000
 Site-Sketch    | Train Loss: 0.0166 | Train Acc: 1.0000
 Site-Clipart   | Val  Loss: 0.0073 | Val  Acc: 1.0000
 Site-Clipart   | Val  Loss: 0.0378 | Val  Acc: 0.9762
 Site-Clipart   | Val  Loss: 0.1168 | Val  Acc: 0.9524
 Site-Clipart   | Val  Loss: 0.0163 | Val  Acc: 1.0000
 Site-Infograph | Val  Loss: 0.0636 | Val  Acc: 1.0000
 Site-Infograph | Val  Loss: 0.1265 | Val  Acc: 1.0000
 Site-Infograph | Val  Loss: 0.1603 | Val  Acc: 0.9762
 Site-Painting  | Val  Loss: 0.0722 | Val  Acc: 0.9762
 Site-Painting  | Val  Loss: 0.0207 | Val  Acc: 1.0000
 Site-QuickDraw | Val  Loss: 1.0880 | Val  Acc: 0.6429
 Site-Real      | Val  Loss: 0.2686 | Val  Acc: 0.9524
 Site-Sketch    | Val  Loss: 0.6235 | Val  Acc: 0.9048
Average Valid Accuracy: 0.9484
============ Train epoch 190 ============
============ Train epoch 191 ============
============ Train epoch 192 ============
============ Train epoch 193 ============
============ Train epoch 194 ============
client-0 is in G-0
client-1 is in G-0
client-2 is in G-1
client-3 is in G-1
client-4 is in G-1
client-5 is in G-0
client-6 is in G-1
client-7 is in G-2
client-8 is in G-1
client-9 is in G-1
client-10 is in G-2
client-11 is in G-2
cnt=[3, 6, 3, ]
 Site-Clipart   | Train Loss: 0.0079 | Train Acc: 1.0000
 Site-Clipart   | Train Loss: 0.0281 | Train Acc: 1.0000
 Site-Clipart   | Train Loss: 0.0344 | Train Acc: 0.9841
 Site-Clipart   | Train Loss: 0.0110 | Train Acc: 1.0000
 Site-Infograph | Train Loss: 0.1551 | Train Acc: 0.9683
 Site-Infograph | Train Loss: 0.1178 | Train Acc: 0.9683
 Site-Infograph | Train Loss: 0.0838 | Train Acc: 0.9841
 Site-Painting  | Train Loss: 0.0120 | Train Acc: 1.0000
 Site-Painting  | Train Loss: 0.0242 | Train Acc: 1.0000
 Site-QuickDraw | Train Loss: 0.4065 | Train Acc: 0.8889
 Site-Real      | Train Loss: 0.0421 | Train Acc: 0.9841
 Site-Sketch    | Train Loss: 0.0278 | Train Acc: 0.9841
 Site-Clipart   | Val  Loss: 0.0056 | Val  Acc: 1.0000
 Site-Clipart   | Val  Loss: 0.0472 | Val  Acc: 0.9762
 Site-Clipart   | Val  Loss: 0.0490 | Val  Acc: 1.0000
 Site-Clipart   | Val  Loss: 0.0156 | Val  Acc: 1.0000
 Site-Infograph | Val  Loss: 0.1166 | Val  Acc: 0.9762
 Site-Infograph | Val  Loss: 0.0923 | Val  Acc: 1.0000
 Site-Infograph | Val  Loss: 0.1963 | Val  Acc: 0.9048
 Site-Painting  | Val  Loss: 0.0155 | Val  Acc: 1.0000
 Site-Painting  | Val  Loss: 0.0390 | Val  Acc: 0.9762
 Site-QuickDraw | Val  Loss: 1.2170 | Val  Acc: 0.6905
 Site-Real      | Val  Loss: 0.2451 | Val  Acc: 0.9762
 Site-Sketch    | Val  Loss: 0.4761 | Val  Acc: 0.9048
Average Valid Accuracy: 0.9504
============ Train epoch 195 ============
============ Train epoch 196 ============
============ Train epoch 197 ============
============ Train epoch 198 ============
============ Train epoch 199 ============
client-0 is in G-0
client-1 is in G-0
client-2 is in G-1
client-3 is in G-1
client-4 is in G-1
client-5 is in G-0
client-6 is in G-1
client-7 is in G-2
client-8 is in G-1
client-9 is in G-1
client-10 is in G-2
client-11 is in G-2
cnt=[3, 6, 3, ]
 Site-Clipart   | Train Loss: 0.0113 | Train Acc: 1.0000
 Site-Clipart   | Train Loss: 0.0403 | Train Acc: 0.9841
 Site-Clipart   | Train Loss: 0.0347 | Train Acc: 0.9841
 Site-Clipart   | Train Loss: 0.0126 | Train Acc: 1.0000
 Site-Infograph | Train Loss: 0.1058 | Train Acc: 0.9841
 Site-Infograph | Train Loss: 0.1135 | Train Acc: 0.9683
 Site-Infograph | Train Loss: 0.1006 | Train Acc: 0.9683
 Site-Painting  | Train Loss: 0.0141 | Train Acc: 1.0000
 Site-Painting  | Train Loss: 0.0213 | Train Acc: 0.9841
 Site-QuickDraw | Train Loss: 0.3774 | Train Acc: 0.8730
 Site-Real      | Train Loss: 0.0292 | Train Acc: 1.0000
 Site-Sketch    | Train Loss: 0.0122 | Train Acc: 1.0000
 Site-Clipart   | Val  Loss: 0.0063 | Val  Acc: 1.0000
 Site-Clipart   | Val  Loss: 0.0357 | Val  Acc: 0.9762
 Site-Clipart   | Val  Loss: 0.0390 | Val  Acc: 0.9762
 Site-Clipart   | Val  Loss: 0.0237 | Val  Acc: 1.0000
 Site-Infograph | Val  Loss: 0.0919 | Val  Acc: 0.9762
 Site-Infograph | Val  Loss: 0.0722 | Val  Acc: 1.0000
 Site-Infograph | Val  Loss: 0.1405 | Val  Acc: 0.9762
 Site-Painting  | Val  Loss: 0.0103 | Val  Acc: 1.0000
 Site-Painting  | Val  Loss: 0.0201 | Val  Acc: 1.0000
 Site-QuickDraw | Val  Loss: 0.9011 | Val  Acc: 0.7143
 Site-Real      | Val  Loss: 0.3199 | Val  Acc: 0.9524
 Site-Sketch    | Val  Loss: 0.5300 | Val  Acc: 0.9048
Average Valid Accuracy: 0.9563
===2023-03-31 18:31:11===
===2023-03-31 18:31:13===
===Setting===
    dataset: domainnet
    lr: 0.01
    batch: 8
    iters: 10
    wk_iters: 5
    tune: False
    lambda for constrastive: 0.5
domain number = 3
Loading snapshots...
 Test site-Clipart   | Epoch:33 | Test Acc: 0.8574
 Test site-Infograph | Epoch:33 | Test Acc: 0.5129
 Test site-Painting  | Epoch:33 | Test Acc: 0.8514
 Test site-QuickDraw | Epoch:33 | Test Acc: 0.5760
 Test site-Real      | Epoch:33 | Test Acc: 0.9104
 Test site-Sketch    | Epoch:33 | Test Acc: 0.8231
Average Test Accuracy: 0.7552
