===2023-08-15 02:10:55===
===Setting===
    dataset: digit
    lr: 0.01
    batch: 32
    iters: 10
    wk_iters: 1
    si: False
    domain_num: 3
    quantile: 0
    power_cs: 1
    std_rw: False
    gender_label: False
    binary_race: False
    save_iter: -1
    mix5: False
    power_relu: 1
    Ea_val: False
data_number=[22,66,22,66,22,66,22,66,22,66,
client_nums=[2,2,2,2,2,]
len_dataset=[743,743,743,743,743,]
domain number = 3
Loading snapshots...
 Test site-MNIST-0                   (1)| Epoch:44 | Test Acc: 0.9186
 Test site-MNIST-1                   (1)| Epoch:44 | Test Acc: 0.9448
 Test site-USPS-0                    (1)| Epoch:44 | Test Acc: 0.9247
 Test site-USPS-1                    (1)| Epoch:44 | Test Acc: 0.8961
 Test site-SynthDigits-0             (0)| Epoch:44 | Test Acc: 0.9018
 Test site-SynthDigits-1             (0)| Epoch:44 | Test Acc: 0.9076
 Test site-MNIST-M-0                 (2)| Epoch:44 | Test Acc: 0.7843
 Test site-MNIST-M-1                 (2)| Epoch:44 | Test Acc: 0.7829
 Test site-SVHN-0                    (0)| Epoch:44 | Test Acc: 0.7046
 Test site-SVHN-1                    (0)| Epoch:44 | Test Acc: 0.7213
MNIST-0: 0.9186, MNIST-1: 0.9448, USPS-0: 0.9247, USPS-1: 0.8961, SynthDigits-0: 0.9018, SynthDigits-1: 0.9076, MNIST-M-0: 0.7843, MNIST-M-1: 0.7829, SVHN-0: 0.7046, SVHN-1: 0.7213, 
Average Test Accuracy(group): 0.8487, Average Test Accuracy(individual): 0.8487,
domain std=0.0860, cluster std=0.0597, individual std=0.0860, 
