===2023-03-19 23:40:01===
===Setting===
    lr: 0.001
    batch: 16
    iters: 10
    wk_iters: 5
============ Train epoch 0 ============
============ Train epoch 1 ============
============ Train epoch 2 ============
============ Train epoch 3 ============
============ Train epoch 4 ============
 MNIST      | Train Loss: 1.2743 | Train Acc: 0.6351
 SVHN       | Train Loss: 1.9780 | Train Acc: 0.3446
 USPS       | Train Loss: 1.2510 | Train Acc: 0.7027
 SynthDigits| Train Loss: 1.7258 | Train Acc: 0.4797
 MNIST-M    | Train Loss: 2.0026 | Train Acc: 0.2838
 MNIST      | Valid  Loss: 1.3496 | Valid  Acc: 0.5878
 SVHN       | Valid  Loss: 2.0805 | Valid  Acc: 0.2500
 USPS       | Valid  Loss: 1.3220 | Valid  Acc: 0.5946
 SynthDigits| Valid  Loss: 1.8055 | Valid  Acc: 0.3446
 MNIST-M    | Valid  Loss: 1.9419 | Valid  Acc: 0.2838
Average Valid Accuracy: 0.4122
 Saving checkpoints to ../checkpoint/digits/federated_digits_0.01data/DoPrompt_lsim=False...
============ Train epoch 5 ============
============ Train epoch 6 ============
============ Train epoch 7 ============
============ Train epoch 8 ============
============ Train epoch 9 ============
 MNIST      | Train Loss: 0.4677 | Train Acc: 0.8378
 SVHN       | Train Loss: 1.6003 | Train Acc: 0.4797
 USPS       | Train Loss: 0.5014 | Train Acc: 0.8446
 SynthDigits| Train Loss: 1.2145 | Train Acc: 0.5338
 MNIST-M    | Train Loss: 1.3892 | Train Acc: 0.5743
 MNIST      | Valid  Loss: 0.6299 | Valid  Acc: 0.7635
 SVHN       | Valid  Loss: 1.9366 | Valid  Acc: 0.3176
 USPS       | Valid  Loss: 0.5807 | Valid  Acc: 0.7973
 SynthDigits| Valid  Loss: 1.4854 | Valid  Acc: 0.4797
 MNIST-M    | Valid  Loss: 1.2584 | Valid  Acc: 0.5743
Average Valid Accuracy: 0.5865
 Saving checkpoints to ../checkpoint/digits/federated_digits_0.01data/DoPrompt_lsim=False...
============ Train epoch 10 ============
============ Train epoch 11 ============
============ Train epoch 12 ============
============ Train epoch 13 ============
============ Train epoch 14 ============
 MNIST      | Train Loss: 0.2900 | Train Acc: 0.8919
 SVHN       | Train Loss: 1.4619 | Train Acc: 0.5068
 USPS       | Train Loss: 0.3003 | Train Acc: 0.8919
 SynthDigits| Train Loss: 0.7652 | Train Acc: 0.7432
 MNIST-M    | Train Loss: 0.9960 | Train Acc: 0.6757
 MNIST      | Valid  Loss: 0.5291 | Valid  Acc: 0.8041
 SVHN       | Valid  Loss: 2.0475 | Valid  Acc: 0.3716
 USPS       | Valid  Loss: 0.4671 | Valid  Acc: 0.8514
 SynthDigits| Valid  Loss: 1.2427 | Valid  Acc: 0.5946
 MNIST-M    | Valid  Loss: 0.9498 | Valid  Acc: 0.6757
Average Valid Accuracy: 0.6595
 Saving checkpoints to ../checkpoint/digits/federated_digits_0.01data/DoPrompt_lsim=False...
============ Train epoch 15 ============
============ Train epoch 16 ============
============ Train epoch 17 ============
============ Train epoch 18 ============
============ Train epoch 19 ============
 MNIST      | Train Loss: 0.1836 | Train Acc: 0.9459
 SVHN       | Train Loss: 1.0895 | Train Acc: 0.5473
 USPS       | Train Loss: 0.2112 | Train Acc: 0.8986
 SynthDigits| Train Loss: 0.7693 | Train Acc: 0.7500
 MNIST-M    | Train Loss: 0.6579 | Train Acc: 0.7703
 MNIST      | Valid  Loss: 0.4923 | Valid  Acc: 0.8514
 SVHN       | Valid  Loss: 2.1504 | Valid  Acc: 0.3378
 USPS       | Valid  Loss: 0.4301 | Valid  Acc: 0.8716
 SynthDigits| Valid  Loss: 1.3503 | Valid  Acc: 0.5946
 MNIST-M    | Valid  Loss: 0.6289 | Valid  Acc: 0.7703
Average Valid Accuracy: 0.6851
 Saving checkpoints to ../checkpoint/digits/federated_digits_0.01data/DoPrompt_lsim=False...
============ Train epoch 20 ============
============ Train epoch 21 ============
============ Train epoch 22 ============
============ Train epoch 23 ============
============ Train epoch 24 ============
 MNIST      | Train Loss: 0.1573 | Train Acc: 0.9459
 SVHN       | Train Loss: 1.0236 | Train Acc: 0.6284
 USPS       | Train Loss: 0.1772 | Train Acc: 0.9122
 SynthDigits| Train Loss: 0.4714 | Train Acc: 0.8514
 MNIST-M    | Train Loss: 0.5609 | Train Acc: 0.8581
 MNIST      | Valid  Loss: 0.5923 | Valid  Acc: 0.8176
 SVHN       | Valid  Loss: 2.2647 | Valid  Acc: 0.3243
 USPS       | Valid  Loss: 0.4442 | Valid  Acc: 0.8649
 SynthDigits| Valid  Loss: 1.1946 | Valid  Acc: 0.6284
 MNIST-M    | Valid  Loss: 0.4476 | Valid  Acc: 0.8581
Average Valid Accuracy: 0.6986
 Saving checkpoints to ../checkpoint/digits/federated_digits_0.01data/DoPrompt_lsim=False...
============ Train epoch 25 ============
============ Train epoch 26 ============
============ Train epoch 27 ============
============ Train epoch 28 ============
============ Train epoch 29 ============
 MNIST      | Train Loss: 0.0831 | Train Acc: 0.9662
 SVHN       | Train Loss: 0.7456 | Train Acc: 0.6959
 USPS       | Train Loss: 0.1673 | Train Acc: 0.9122
 SynthDigits| Train Loss: 0.3863 | Train Acc: 0.8986
 MNIST-M    | Train Loss: 0.3046 | Train Acc: 0.9189
 MNIST      | Valid  Loss: 0.5669 | Valid  Acc: 0.8649
 SVHN       | Valid  Loss: 2.2489 | Valid  Acc: 0.3649
 USPS       | Valid  Loss: 0.4277 | Valid  Acc: 0.8716
 SynthDigits| Valid  Loss: 1.2046 | Valid  Acc: 0.6554
 MNIST-M    | Valid  Loss: 0.3058 | Valid  Acc: 0.9189
Average Valid Accuracy: 0.7351
 Saving checkpoints to ../checkpoint/digits/federated_digits_0.01data/DoPrompt_lsim=False...
============ Train epoch 30 ============
============ Train epoch 31 ============
============ Train epoch 32 ============
============ Train epoch 33 ============
============ Train epoch 34 ============
 MNIST      | Train Loss: 0.0699 | Train Acc: 0.9865
 SVHN       | Train Loss: 0.6488 | Train Acc: 0.7973
 USPS       | Train Loss: 0.1333 | Train Acc: 0.9459
 SynthDigits| Train Loss: 0.2165 | Train Acc: 0.9730
 MNIST-M    | Train Loss: 0.2274 | Train Acc: 0.9324
 MNIST      | Valid  Loss: 0.5083 | Valid  Acc: 0.8581
 SVHN       | Valid  Loss: 2.4472 | Valid  Acc: 0.3311
 USPS       | Valid  Loss: 0.4876 | Valid  Acc: 0.8649
 SynthDigits| Valid  Loss: 1.2932 | Valid  Acc: 0.6689
 MNIST-M    | Valid  Loss: 0.2376 | Valid  Acc: 0.9324
Average Valid Accuracy: 0.7311
============ Train epoch 35 ============
============ Train epoch 36 ============
============ Train epoch 37 ============
============ Train epoch 38 ============
============ Train epoch 39 ============
 MNIST      | Train Loss: 0.0297 | Train Acc: 0.9865
 SVHN       | Train Loss: 0.3642 | Train Acc: 0.8784
 USPS       | Train Loss: 0.0999 | Train Acc: 0.9459
 SynthDigits| Train Loss: 0.2255 | Train Acc: 0.9122
 MNIST-M    | Train Loss: 0.1436 | Train Acc: 0.9527
 MNIST      | Valid  Loss: 0.5042 | Valid  Acc: 0.8649
 SVHN       | Valid  Loss: 2.5097 | Valid  Acc: 0.3581
 USPS       | Valid  Loss: 0.4628 | Valid  Acc: 0.8716
 SynthDigits| Valid  Loss: 1.3583 | Valid  Acc: 0.6757
 MNIST-M    | Valid  Loss: 0.1408 | Valid  Acc: 0.9527
Average Valid Accuracy: 0.7446
 Saving checkpoints to ../checkpoint/digits/federated_digits_0.01data/DoPrompt_lsim=False...
============ Train epoch 40 ============
============ Train epoch 41 ============
============ Train epoch 42 ============
============ Train epoch 43 ============
============ Train epoch 44 ============
 MNIST      | Train Loss: 0.0211 | Train Acc: 0.9865
 SVHN       | Train Loss: 0.4566 | Train Acc: 0.8581
 USPS       | Train Loss: 0.0816 | Train Acc: 0.9730
 SynthDigits| Train Loss: 0.0936 | Train Acc: 0.9797
 MNIST-M    | Train Loss: 0.1100 | Train Acc: 0.9730
 MNIST      | Valid  Loss: 0.5429 | Valid  Acc: 0.8446
 SVHN       | Valid  Loss: 2.6131 | Valid  Acc: 0.3176
 USPS       | Valid  Loss: 0.4429 | Valid  Acc: 0.8986
 SynthDigits| Valid  Loss: 1.3066 | Valid  Acc: 0.6892
 MNIST-M    | Valid  Loss: 0.1198 | Valid  Acc: 0.9730
Average Valid Accuracy: 0.7446
============ Train epoch 45 ============
============ Train epoch 46 ============
============ Train epoch 47 ============
============ Train epoch 48 ============
============ Train epoch 49 ============
 MNIST      | Train Loss: 0.0132 | Train Acc: 1.0000
 SVHN       | Train Loss: 0.2748 | Train Acc: 0.9189
 USPS       | Train Loss: 0.0433 | Train Acc: 0.9797
 SynthDigits| Train Loss: 0.0992 | Train Acc: 0.9865
 MNIST-M    | Train Loss: 0.0499 | Train Acc: 0.9932
 MNIST      | Valid  Loss: 0.5773 | Valid  Acc: 0.8649
 SVHN       | Valid  Loss: 2.7600 | Valid  Acc: 0.3378
 USPS       | Valid  Loss: 0.4464 | Valid  Acc: 0.8986
 SynthDigits| Valid  Loss: 1.3476 | Valid  Acc: 0.6892
 MNIST-M    | Valid  Loss: 0.0494 | Valid  Acc: 0.9932
Average Valid Accuracy: 0.7568
 Saving checkpoints to ../checkpoint/digits/federated_digits_0.01data/DoPrompt_lsim=False...
===2023-03-20 00:08:23===
===2023-03-20 01:32:53===
===Setting===
    lr: 0.001
    batch: 16
    iters: 10
    wk_iters: 5
 MNIST      | Test  Acc: 0.8757
 SVHN       | Test  Acc: 0.3033
 USPS       | Test  Acc: 0.8839
 SynthDigits| Test  Acc: 0.6501
 MNIST-M    | Test  Acc: 0.3894
Average Test Accuracy: 0.6205
===2023-03-20 02:09:52===
===2023-03-20 10:53:54===
===Setting===
    lr: 0.001
    batch: 16
    iters: 10
    wk_iters: 5
============ Train epoch 0 ============
============ Train epoch 1 ============
============ Train epoch 2 ============
============ Train epoch 3 ============
============ Train epoch 4 ============
 MNIST      | Train Loss: 1.3408 | Train Acc: 0.6014
 SVHN       | Train Loss: 2.0854 | Train Acc: 0.2703
 USPS       | Train Loss: 1.2865 | Train Acc: 0.7770
 SynthDigits| Train Loss: 1.8317 | Train Acc: 0.3986
 MNIST-M    | Train Loss: 1.9399 | Train Acc: 0.2568
 MNIST      | Valid  Loss: 1.4067 | Valid  Acc: 0.5068
 SVHN       | Valid  Loss: 2.1471 | Valid  Acc: 0.2500
 USPS       | Valid  Loss: 1.3526 | Valid  Acc: 0.6757
 SynthDigits| Valid  Loss: 1.8475 | Valid  Acc: 0.3108
 MNIST-M    | Valid  Loss: 1.9605 | Valid  Acc: 0.2568
Average Valid Accuracy: 0.4000
 Saving checkpoints to ../checkpoint/digits/federated_digits_0.01data/DoPrompt_lsim=False...
============ Train epoch 5 ============
============ Train epoch 6 ============
============ Train epoch 7 ============
============ Train epoch 8 ============
============ Train epoch 9 ============
 MNIST      | Train Loss: 0.9171 | Train Acc: 0.7770
 SVHN       | Train Loss: 1.8768 | Train Acc: 0.3243
 USPS       | Train Loss: 0.8534 | Train Acc: 0.8514
 SynthDigits| Train Loss: 1.5720 | Train Acc: 0.4662
 MNIST-M    | Train Loss: 1.7310 | Train Acc: 0.4122
 MNIST      | Valid  Loss: 1.0383 | Valid  Acc: 0.6689
 SVHN       | Valid  Loss: 2.0812 | Valid  Acc: 0.2905
 USPS       | Valid  Loss: 0.9588 | Valid  Acc: 0.7838
 SynthDigits| Valid  Loss: 1.6690 | Valid  Acc: 0.4122
 MNIST-M    | Valid  Loss: 1.7095 | Valid  Acc: 0.4122
Average Valid Accuracy: 0.5135
 Saving checkpoints to ../checkpoint/digits/federated_digits_0.01data/DoPrompt_lsim=False...
============ Train epoch 10 ============
============ Train epoch 11 ============
============ Train epoch 12 ============
============ Train epoch 13 ============
============ Train epoch 14 ============
 MNIST      | Train Loss: 0.6982 | Train Acc: 0.8243
 SVHN       | Train Loss: 1.8593 | Train Acc: 0.3784
 USPS       | Train Loss: 0.6607 | Train Acc: 0.8784
 SynthDigits| Train Loss: 1.3650 | Train Acc: 0.5338
 MNIST-M    | Train Loss: 1.5423 | Train Acc: 0.4730
 MNIST      | Valid  Loss: 0.8737 | Valid  Acc: 0.7162
 SVHN       | Valid  Loss: 2.0476 | Valid  Acc: 0.3243
 USPS       | Valid  Loss: 0.7782 | Valid  Acc: 0.8446
 SynthDigits| Valid  Loss: 1.5608 | Valid  Acc: 0.4459
 MNIST-M    | Valid  Loss: 1.5003 | Valid  Acc: 0.4730
Average Valid Accuracy: 0.5608
 Saving checkpoints to ../checkpoint/digits/federated_digits_0.01data/DoPrompt_lsim=False...
============ Train epoch 15 ============
============ Train epoch 16 ============
============ Train epoch 17 ============
============ Train epoch 18 ============
============ Train epoch 19 ============
 MNIST      | Train Loss: 0.5574 | Train Acc: 0.8514
 SVHN       | Train Loss: 1.7579 | Train Acc: 0.3986
 USPS       | Train Loss: 0.5257 | Train Acc: 0.8851
 SynthDigits| Train Loss: 1.2500 | Train Acc: 0.5811
 MNIST-M    | Train Loss: 1.3615 | Train Acc: 0.6284
 MNIST      | Valid  Loss: 0.7894 | Valid  Acc: 0.7297
 SVHN       | Valid  Loss: 2.0411 | Valid  Acc: 0.3311
 USPS       | Valid  Loss: 0.6715 | Valid  Acc: 0.8446
 SynthDigits| Valid  Loss: 1.4795 | Valid  Acc: 0.4595
 MNIST-M    | Valid  Loss: 1.3125 | Valid  Acc: 0.6284
Average Valid Accuracy: 0.5986
 Saving checkpoints to ../checkpoint/digits/federated_digits_0.01data/DoPrompt_lsim=False...
============ Train epoch 20 ============
============ Train epoch 21 ============
============ Train epoch 22 ============
============ Train epoch 23 ============
============ Train epoch 24 ============
 MNIST      | Train Loss: 0.4604 | Train Acc: 0.8919
 SVHN       | Train Loss: 1.5829 | Train Acc: 0.4392
 USPS       | Train Loss: 0.4907 | Train Acc: 0.8851
 SynthDigits| Train Loss: 1.1623 | Train Acc: 0.6419
 MNIST-M    | Train Loss: 1.1833 | Train Acc: 0.6689
 MNIST      | Valid  Loss: 0.7280 | Valid  Acc: 0.7432
 SVHN       | Valid  Loss: 2.0383 | Valid  Acc: 0.3311
 USPS       | Valid  Loss: 0.5984 | Valid  Acc: 0.8378
 SynthDigits| Valid  Loss: 1.4007 | Valid  Acc: 0.5000
 MNIST-M    | Valid  Loss: 1.1747 | Valid  Acc: 0.6689
Average Valid Accuracy: 0.6162
 Saving checkpoints to ../checkpoint/digits/federated_digits_0.01data/DoPrompt_lsim=False...
============ Train epoch 25 ============
============ Train epoch 26 ============
============ Train epoch 27 ============
============ Train epoch 28 ============
============ Train epoch 29 ============
 MNIST      | Train Loss: 0.4455 | Train Acc: 0.8986
 SVHN       | Train Loss: 1.5753 | Train Acc: 0.4932
 USPS       | Train Loss: 0.4104 | Train Acc: 0.8986
 SynthDigits| Train Loss: 1.0379 | Train Acc: 0.7027
 MNIST-M    | Train Loss: 1.0363 | Train Acc: 0.7500
 MNIST      | Valid  Loss: 0.6545 | Valid  Acc: 0.7770
 SVHN       | Valid  Loss: 2.0421 | Valid  Acc: 0.3311
 USPS       | Valid  Loss: 0.5342 | Valid  Acc: 0.8514
 SynthDigits| Valid  Loss: 1.3394 | Valid  Acc: 0.5405
 MNIST-M    | Valid  Loss: 1.0503 | Valid  Acc: 0.7500
Average Valid Accuracy: 0.6500
 Saving checkpoints to ../checkpoint/digits/federated_digits_0.01data/DoPrompt_lsim=False...
============ Train epoch 30 ============
============ Train epoch 31 ============
============ Train epoch 32 ============
============ Train epoch 33 ============
============ Train epoch 34 ============
 MNIST      | Train Loss: 0.3060 | Train Acc: 0.9257
 SVHN       | Train Loss: 1.3876 | Train Acc: 0.5608
 USPS       | Train Loss: 0.3864 | Train Acc: 0.8986
 SynthDigits| Train Loss: 0.9916 | Train Acc: 0.7297
 MNIST-M    | Train Loss: 0.9634 | Train Acc: 0.7703
 MNIST      | Valid  Loss: 0.6029 | Valid  Acc: 0.8041
 SVHN       | Valid  Loss: 2.0531 | Valid  Acc: 0.3311
 USPS       | Valid  Loss: 0.5121 | Valid  Acc: 0.8649
 SynthDigits| Valid  Loss: 1.3107 | Valid  Acc: 0.5405
 MNIST-M    | Valid  Loss: 0.9288 | Valid  Acc: 0.7703
Average Valid Accuracy: 0.6622
 Saving checkpoints to ../checkpoint/digits/federated_digits_0.01data/DoPrompt_lsim=False...
============ Train epoch 35 ============
============ Train epoch 36 ============
============ Train epoch 37 ============
============ Train epoch 38 ============
============ Train epoch 39 ============
 MNIST      | Train Loss: 0.2696 | Train Acc: 0.9392
 SVHN       | Train Loss: 1.3744 | Train Acc: 0.5541
 USPS       | Train Loss: 0.3306 | Train Acc: 0.9189
 SynthDigits| Train Loss: 0.9131 | Train Acc: 0.7297
 MNIST-M    | Train Loss: 0.8655 | Train Acc: 0.8108
 MNIST      | Valid  Loss: 0.5728 | Valid  Acc: 0.8311
 SVHN       | Valid  Loss: 2.0781 | Valid  Acc: 0.3108
 USPS       | Valid  Loss: 0.4511 | Valid  Acc: 0.8716
 SynthDigits| Valid  Loss: 1.2766 | Valid  Acc: 0.5811
 MNIST-M    | Valid  Loss: 0.8289 | Valid  Acc: 0.8108
Average Valid Accuracy: 0.6811
 Saving checkpoints to ../checkpoint/digits/federated_digits_0.01data/DoPrompt_lsim=False...
============ Train epoch 40 ============
============ Train epoch 41 ============
============ Train epoch 42 ============
============ Train epoch 43 ============
============ Train epoch 44 ============
 MNIST      | Train Loss: 0.2239 | Train Acc: 0.9595
 SVHN       | Train Loss: 1.1706 | Train Acc: 0.6216
 USPS       | Train Loss: 0.3157 | Train Acc: 0.8986
 SynthDigits| Train Loss: 0.8320 | Train Acc: 0.7770
 MNIST-M    | Train Loss: 0.7641 | Train Acc: 0.8378
 MNIST      | Valid  Loss: 0.5333 | Valid  Acc: 0.8446
 SVHN       | Valid  Loss: 2.0749 | Valid  Acc: 0.3176
 USPS       | Valid  Loss: 0.4736 | Valid  Acc: 0.8649
 SynthDigits| Valid  Loss: 1.2836 | Valid  Acc: 0.5676
 MNIST-M    | Valid  Loss: 0.7251 | Valid  Acc: 0.8378
Average Valid Accuracy: 0.6865
 Saving checkpoints to ../checkpoint/digits/federated_digits_0.01data/DoPrompt_lsim=False...
============ Train epoch 45 ============
============ Train epoch 46 ============
============ Train epoch 47 ============
============ Train epoch 48 ============
============ Train epoch 49 ============
 MNIST      | Train Loss: 0.1902 | Train Acc: 0.9595
 SVHN       | Train Loss: 1.4175 | Train Acc: 0.5135
 USPS       | Train Loss: 0.2356 | Train Acc: 0.9392
 SynthDigits| Train Loss: 0.7425 | Train Acc: 0.8243
 MNIST-M    | Train Loss: 0.6275 | Train Acc: 0.8514
 MNIST      | Valid  Loss: 0.5103 | Valid  Acc: 0.8581
 SVHN       | Valid  Loss: 2.1193 | Valid  Acc: 0.3108
 USPS       | Valid  Loss: 0.4089 | Valid  Acc: 0.8784
 SynthDigits| Valid  Loss: 1.2372 | Valid  Acc: 0.6081
 MNIST-M    | Valid  Loss: 0.6503 | Valid  Acc: 0.8514
Average Valid Accuracy: 0.7014
 Saving checkpoints to ../checkpoint/digits/federated_digits_0.01data/DoPrompt_lsim=False...
===2023-03-20 11:22:30===
===2023-03-20 11:29:39===
===Setting===
    lr: 0.001
    batch: 16
    iters: 10
    wk_iters: 5
===2023-03-20 12:01:19===
===Setting===
    lr: 0.001
    batch: 16
    iters: 5
    wk_iters: 10
============ Train epoch 0 ============
============ Train epoch 1 ============
============ Train epoch 2 ============
============ Train epoch 3 ============
============ Train epoch 4 ============
============ Train epoch 5 ============
============ Train epoch 6 ============
============ Train epoch 7 ============
============ Train epoch 8 ============
============ Train epoch 9 ============
 MNIST      | Train Loss: 1.0809 | Train Acc: 0.6689
 SVHN       | Train Loss: 1.9199 | Train Acc: 0.3243
 USPS       | Train Loss: 0.9922 | Train Acc: 0.8243
 SynthDigits| Train Loss: 1.6356 | Train Acc: 0.4730
 MNIST-M    | Train Loss: 1.8124 | Train Acc: 0.3716
 MNIST      | Valid  Loss: 1.1696 | Valid  Acc: 0.6081
 SVHN       | Valid  Loss: 2.0838 | Valid  Acc: 0.3041
 USPS       | Valid  Loss: 1.0930 | Valid  Acc: 0.7500
 SynthDigits| Valid  Loss: 1.7092 | Valid  Acc: 0.3784
 MNIST-M    | Valid  Loss: 1.7824 | Valid  Acc: 0.3716
Average Valid Accuracy: 0.4824
 Saving checkpoints to ../checkpoint/digits/federated_digits_0.01data/DoPrompt_lsim=False...
============ Train epoch 10 ============
============ Train epoch 11 ============
============ Train epoch 12 ============
============ Train epoch 13 ============
============ Train epoch 14 ============
============ Train epoch 15 ============
============ Train epoch 16 ============
============ Train epoch 17 ============
============ Train epoch 18 ============
============ Train epoch 19 ============
 MNIST      | Train Loss: 0.6729 | Train Acc: 0.7838
 SVHN       | Train Loss: 1.7289 | Train Acc: 0.3919
 USPS       | Train Loss: 0.6075 | Train Acc: 0.8784
 SynthDigits| Train Loss: 1.3968 | Train Acc: 0.5405
 MNIST-M    | Train Loss: 1.4835 | Train Acc: 0.5338
 MNIST      | Valid  Loss: 0.8837 | Valid  Acc: 0.6757
 SVHN       | Valid  Loss: 2.0528 | Valid  Acc: 0.3311
 USPS       | Valid  Loss: 0.7708 | Valid  Acc: 0.8041
 SynthDigits| Valid  Loss: 1.5354 | Valid  Acc: 0.4257
 MNIST-M    | Valid  Loss: 1.4547 | Valid  Acc: 0.5338
Average Valid Accuracy: 0.5541
 Saving checkpoints to ../checkpoint/digits/federated_digits_0.01data/DoPrompt_lsim=False...
============ Train epoch 20 ============
============ Train epoch 21 ============
============ Train epoch 22 ============
============ Train epoch 23 ============
============ Train epoch 24 ============
============ Train epoch 25 ============
============ Train epoch 26 ============
============ Train epoch 27 ============
============ Train epoch 28 ============
============ Train epoch 29 ============
 MNIST      | Train Loss: 0.4904 | Train Acc: 0.8514
 SVHN       | Train Loss: 1.6796 | Train Acc: 0.4122
 USPS       | Train Loss: 0.4873 | Train Acc: 0.8784
 SynthDigits| Train Loss: 1.1261 | Train Acc: 0.6014
 MNIST-M    | Train Loss: 1.1952 | Train Acc: 0.6554
 MNIST      | Valid  Loss: 0.7476 | Valid  Acc: 0.7365
 SVHN       | Valid  Loss: 2.0574 | Valid  Acc: 0.3378
 USPS       | Valid  Loss: 0.6172 | Valid  Acc: 0.8581
 SynthDigits| Valid  Loss: 1.4087 | Valid  Acc: 0.5068
 MNIST-M    | Valid  Loss: 1.2027 | Valid  Acc: 0.6554
Average Valid Accuracy: 0.6189
 Saving checkpoints to ../checkpoint/digits/federated_digits_0.01data/DoPrompt_lsim=False...
============ Train epoch 30 ============
============ Train epoch 31 ============
============ Train epoch 32 ============
============ Train epoch 33 ============
============ Train epoch 34 ============
============ Train epoch 35 ============
============ Train epoch 36 ============
============ Train epoch 37 ============
============ Train epoch 38 ============
============ Train epoch 39 ============
 MNIST      | Train Loss: 0.3467 | Train Acc: 0.9122
 SVHN       | Train Loss: 1.5654 | Train Acc: 0.4527
 USPS       | Train Loss: 0.3866 | Train Acc: 0.8919
 SynthDigits| Train Loss: 0.9350 | Train Acc: 0.6959
 MNIST-M    | Train Loss: 1.0253 | Train Acc: 0.7500
 MNIST      | Valid  Loss: 0.6502 | Valid  Acc: 0.7568
 SVHN       | Valid  Loss: 2.0678 | Valid  Acc: 0.3243
 USPS       | Valid  Loss: 0.5400 | Valid  Acc: 0.8581
 SynthDigits| Valid  Loss: 1.3344 | Valid  Acc: 0.5338
 MNIST-M    | Valid  Loss: 1.0148 | Valid  Acc: 0.7500
Average Valid Accuracy: 0.6446
 Saving checkpoints to ../checkpoint/digits/federated_digits_0.01data/DoPrompt_lsim=False...
============ Train epoch 40 ============
============ Train epoch 41 ============
============ Train epoch 42 ============
============ Train epoch 43 ============
============ Train epoch 44 ============
============ Train epoch 45 ============
============ Train epoch 46 ============
============ Train epoch 47 ============
============ Train epoch 48 ============
============ Train epoch 49 ============
 MNIST      | Train Loss: 0.3059 | Train Acc: 0.9324
 SVHN       | Train Loss: 1.3522 | Train Acc: 0.5338
 USPS       | Train Loss: 0.3422 | Train Acc: 0.9054
 SynthDigits| Train Loss: 0.8428 | Train Acc: 0.7432
 MNIST-M    | Train Loss: 0.8105 | Train Acc: 0.8041
 MNIST      | Valid  Loss: 0.6040 | Valid  Acc: 0.7838
 SVHN       | Valid  Loss: 2.0683 | Valid  Acc: 0.3311
 USPS       | Valid  Loss: 0.4816 | Valid  Acc: 0.8581
 SynthDigits| Valid  Loss: 1.2730 | Valid  Acc: 0.5541
 MNIST-M    | Valid  Loss: 0.8046 | Valid  Acc: 0.8041
Average Valid Accuracy: 0.6662
 Saving checkpoints to ../checkpoint/digits/federated_digits_0.01data/DoPrompt_lsim=False...
===2023-03-20 12:27:56===
===2023-03-20 13:05:40===
===Setting===
    lr: 0.001
    batch: 16
    iters: 10
    wk_iters: 5
 MNIST      | Test  Acc: 0.8164
 SVHN       | Test  Acc: 0.2900
 USPS       | Test  Acc: 0.8602
 SynthDigits| Test  Acc: 0.5591
 MNIST-M    | Test  Acc: 0.3862
Average Test Accuracy: 0.5824
===2023-03-20 13:43:13===
