===2023-08-03 16:24:27===
===Setting===
    dataset: domainnet
    lr: 0.01
    batch: 64
    iters: 3
    wk_iters: 1
    si: False
    domain_num: 6
    quantile: 0
    power_cs: 1
    std_rw: False
    gender_label: False
    binary_race: False
    save_iter: -1
    mix5: False
    power_relu: 1
    Ea_val: False
data_number=[6,11,17,28,45,72,116,186,298,477,18,29,46,74,119,191,306,53,85,136,217,59,95,152,73,118,120,
client_nums=[10,7,4,3,2,1,]
len_dataset=[2103,1314,821,513,320,200,]
domain number = 6
multiply 100 for Ea!
use train loss for Ea
============ Train epoch 0 ============
