===2023-06-16 21:54:49===
===Setting===
    dataset: fairface
    lr: 0.01
    batch: 64
    iters: 10
    wk_iters: 1
    si: False
    domain_num: 5
    quantile: 0
    std_rw: False
    gender_label: False
    binary_race: False
    save_iter: -1
    mix: False
    mix2: False
    mix3: False
    mix4: False
data_number=[27,39,58,86,128,188,277,407,599,881,60,89,132,194,285,235,347,270,]
client_nums=[10,5,2,1,]
len_dataset=[7712,2184,1668,775,]
domain number = 5
Loading snapshots...
 Test site-White-0                   (3)| Epoch:48 | Test Acc: 0.3944
 Test site-White-1                   (1)| Epoch:48 | Test Acc: 0.4085
 Test site-White-2                   (4)| Epoch:48 | Test Acc: 0.3239
 Test site-White-3                   (4)| Epoch:48 | Test Acc: 0.3803
 Test site-White-4                   (4)| Epoch:48 | Test Acc: 0.3521
 Test site-White-5                   (4)| Epoch:48 | Test Acc: 0.3521
 Test site-White-6                   (4)| Epoch:48 | Test Acc: 0.4085
 Test site-White-7                   (4)| Epoch:48 | Test Acc: 0.3662
 Test site-White-8                   (4)| Epoch:48 | Test Acc: 0.4507
 Test site-White-9                   (4)| Epoch:48 | Test Acc: 0.4225
 Test site-Indian-0                  (0)| Epoch:48 | Test Acc: 0.2759
 Test site-Indian-1                  (0)| Epoch:48 | Test Acc: 0.2586
 Test site-Indian-2                  (0)| Epoch:48 | Test Acc: 0.2069
 Test site-Indian-3                  (0)| Epoch:48 | Test Acc: 0.2931
 Test site-Indian-4                  (0)| Epoch:48 | Test Acc: 0.2931
 Test site-Middle_Eastern-0          (4)| Epoch:48 | Test Acc: 0.4040
 Test site-Middle_Eastern-1          (4)| Epoch:48 | Test Acc: 0.3232
 Test site-Black_utk-0               (2)| Epoch:48 | Test Acc: 0.4184
White: 0.3859, Indian: 0.2655, Middle_Eastern: 0.3636, Black_utk: 0.4184, 
Average Test Accuracy(group): 0.3584, Average Test Accuracy(individual): 0.3518,
domain std=0.0570, cluster std=0.0554, individual std=0.0646, 
