===2023-08-17 02:53:53===
===Setting===
    dataset: pacs
    lr: 0.01
    batch: 32
    iters: 50
    wk_iters: 1
    domain_num: 4
===2023-08-17 06:38:44===
===Setting===
    dataset: pacs
    lr: 0.01
    batch: 32
    iters: 50
    wk_iters: 1
    domain_num: 4
data_number=[150,450,150,450,150,450,150,450,
client_nums=[2,2,2,2,]
len_dataset=[1000,1000,1000,1000,]
domain number = 4
Loading snapshots...
 Test site-photo-0                   | Epoch:47 | Test Acc: 0.9940
 Test site-photo-1                   | Epoch:47 | Test Acc: 1.0000
 Test site-art_painting-0            | Epoch:47 | Test Acc: 0.9512
 Test site-art_painting-1            | Epoch:47 | Test Acc: 0.9154
 Test site-cartoon-0                 | Epoch:47 | Test Acc: 0.8638
 Test site-cartoon-1                 | Epoch:47 | Test Acc: 0.8638
 Test site-sketch-0                  | Epoch:47 | Test Acc: 0.7812
 Test site-sketch-1                  | Epoch:47 | Test Acc: 0.7814
photo-0: 0.9940, photo-1: 1.0000, art_painting-0: 0.9512, art_painting-1: 0.9154, cartoon-0: 0.8638, cartoon-1: 0.8638, sketch-0: 0.7812, sketch-1: 0.7814, 
Average Test Accuracy(group): 0.8939, Average Test Accuracy(individual): 0.8939,
domain std=0.0808, cluster std=-1.0000, individual std=0.0808, 
