===2023-03-26 22:25:31===
===Setting===
    dataset: domainnet
    lr: 0.01
    batch: 16
    iters: 10
    wk_iters: 5
domain number = 3
============ Train epoch 0 ============
============ Train epoch 1 ============
============ Train epoch 2 ============
============ Train epoch 3 ============
============ Train epoch 4 ============
 Site-Infograph | Train Loss: 2.1683 | Train Acc: 0.2222
 Site-Infograph | Train Loss: 2.1077 | Train Acc: 0.2381
 Site-Painting  | Train Loss: 1.8868 | Train Acc: 0.5397
 Site-Painting  | Train Loss: 1.9296 | Train Acc: 0.5556
 Site-QuickDraw | Train Loss: 2.2466 | Train Acc: 0.2698
 Site-QuickDraw | Train Loss: 2.1850 | Train Acc: 0.2857
 Site-Real      | Train Loss: 1.7958 | Train Acc: 0.6190
 Site-Real      | Train Loss: 1.8923 | Train Acc: 0.5238
 Site-Sketch    | Train Loss: 1.9154 | Train Acc: 0.4921
 Site-Sketch    | Train Loss: 1.9177 | Train Acc: 0.5238
 Site-Infograph | Val  Loss: 2.1785 | Val  Acc: 0.3095
 Site-Infograph | Val  Loss: 2.1054 | Val  Acc: 0.2619
 Site-Painting  | Val  Loss: 1.8650 | Val  Acc: 0.5238
 Site-Painting  | Val  Loss: 1.9848 | Val  Acc: 0.4524
 Site-QuickDraw | Val  Loss: 2.1416 | Val  Acc: 0.3095
 Site-QuickDraw | Val  Loss: 2.2127 | Val  Acc: 0.2381
 Site-Real      | Val  Loss: 1.8208 | Val  Acc: 0.5952
 Site-Real      | Val  Loss: 1.9337 | Val  Acc: 0.5476
 Site-Sketch    | Val  Loss: 1.9193 | Val  Acc: 0.4762
 Site-Sketch    | Val  Loss: 1.9447 | Val  Acc: 0.5000
Average Valid Accuracy: 0.4214
 Best site-Infograph  | Epoch:0 | Val Acc: 0.3095
 Best site-Infograph  | Epoch:0 | Val Acc: 0.2619
 Best site-Painting   | Epoch:0 | Val Acc: 0.5238
 Best site-Painting   | Epoch:0 | Val Acc: 0.4524
 Best site-QuickDraw  | Epoch:0 | Val Acc: 0.3095
 Best site-QuickDraw  | Epoch:0 | Val Acc: 0.2381
 Best site-Real       | Epoch:0 | Val Acc: 0.5952
 Best site-Real       | Epoch:0 | Val Acc: 0.5476
 Best site-Sketch     | Epoch:0 | Val Acc: 0.4762
 Best site-Sketch     | Epoch:0 | Val Acc: 0.5000
 Saving the local and server checkpoint to ../checkpoint/fed_domainnet_even-sqrt/CoCoOP_Clipart...
============ Train epoch 5 ============
============ Train epoch 6 ============
============ Train epoch 7 ============
============ Train epoch 8 ============
============ Train epoch 9 ============
 Site-Infograph | Train Loss: 1.9792 | Train Acc: 0.3651
 Site-Infograph | Train Loss: 1.8406 | Train Acc: 0.4921
 Site-Painting  | Train Loss: 1.3815 | Train Acc: 0.7778
 Site-Painting  | Train Loss: 1.3879 | Train Acc: 0.6825
 Site-QuickDraw | Train Loss: 2.0811 | Train Acc: 0.3175
 Site-QuickDraw | Train Loss: 1.9268 | Train Acc: 0.4921
 Site-Real      | Train Loss: 1.2657 | Train Acc: 0.8095
 Site-Real      | Train Loss: 1.3477 | Train Acc: 0.7937
 Site-Sketch    | Train Loss: 1.4430 | Train Acc: 0.6667
 Site-Sketch    | Train Loss: 1.5460 | Train Acc: 0.6508
 Site-Infograph | Val  Loss: 1.9034 | Val  Acc: 0.3810
 Site-Infograph | Val  Loss: 1.8607 | Val  Acc: 0.4048
 Site-Painting  | Val  Loss: 1.2545 | Val  Acc: 0.8095
 Site-Painting  | Val  Loss: 1.6222 | Val  Acc: 0.5952
 Site-QuickDraw | Val  Loss: 1.8998 | Val  Acc: 0.4048
 Site-QuickDraw | Val  Loss: 2.0378 | Val  Acc: 0.4048
 Site-Real      | Val  Loss: 1.2705 | Val  Acc: 0.8333
 Site-Real      | Val  Loss: 1.3991 | Val  Acc: 0.7143
 Site-Sketch    | Val  Loss: 1.5413 | Val  Acc: 0.6905
 Site-Sketch    | Val  Loss: 1.6745 | Val  Acc: 0.5952
Average Valid Accuracy: 0.5833
 Best site-Infograph  | Epoch:1 | Val Acc: 0.3810
 Best site-Infograph  | Epoch:1 | Val Acc: 0.4048
 Best site-Painting   | Epoch:1 | Val Acc: 0.8095
 Best site-Painting   | Epoch:1 | Val Acc: 0.5952
 Best site-QuickDraw  | Epoch:1 | Val Acc: 0.4048
 Best site-QuickDraw  | Epoch:1 | Val Acc: 0.4048
 Best site-Real       | Epoch:1 | Val Acc: 0.8333
 Best site-Real       | Epoch:1 | Val Acc: 0.7143
 Best site-Sketch     | Epoch:1 | Val Acc: 0.6905
 Best site-Sketch     | Epoch:1 | Val Acc: 0.5952
 Saving the local and server checkpoint to ../checkpoint/fed_domainnet_even-sqrt/CoCoOP_Clipart...
============ Train epoch 10 ============
============ Train epoch 11 ============
============ Train epoch 12 ============
============ Train epoch 13 ============
============ Train epoch 14 ============
 Site-Infograph | Train Loss: 1.8120 | Train Acc: 0.4127
 Site-Infograph | Train Loss: 1.6447 | Train Acc: 0.5397
 Site-Painting  | Train Loss: 1.0417 | Train Acc: 0.8254
 Site-Painting  | Train Loss: 1.1039 | Train Acc: 0.7619
 Site-QuickDraw | Train Loss: 1.9663 | Train Acc: 0.3333
 Site-QuickDraw | Train Loss: 1.8269 | Train Acc: 0.4921
 Site-Real      | Train Loss: 0.9141 | Train Acc: 0.8730
 Site-Real      | Train Loss: 0.9140 | Train Acc: 0.9206
 Site-Sketch    | Train Loss: 1.1198 | Train Acc: 0.7143
 Site-Sketch    | Train Loss: 1.2460 | Train Acc: 0.6667
 Site-Infograph | Val  Loss: 1.5574 | Val  Acc: 0.6429
 Site-Infograph | Val  Loss: 1.7565 | Val  Acc: 0.4524
 Site-Painting  | Val  Loss: 0.9394 | Val  Acc: 0.8333
 Site-Painting  | Val  Loss: 1.1542 | Val  Acc: 0.7857
 Site-QuickDraw | Val  Loss: 1.6505 | Val  Acc: 0.5952
 Site-QuickDraw | Val  Loss: 1.9077 | Val  Acc: 0.3571
 Site-Real      | Val  Loss: 0.8209 | Val  Acc: 0.9048
 Site-Real      | Val  Loss: 0.9828 | Val  Acc: 0.8571
 Site-Sketch    | Val  Loss: 1.2201 | Val  Acc: 0.7381
 Site-Sketch    | Val  Loss: 1.2146 | Val  Acc: 0.7619
Average Valid Accuracy: 0.6929
 Best site-Infograph  | Epoch:2 | Val Acc: 0.6429
 Best site-Infograph  | Epoch:2 | Val Acc: 0.4524
 Best site-Painting   | Epoch:2 | Val Acc: 0.8333
 Best site-Painting   | Epoch:2 | Val Acc: 0.7857
 Best site-QuickDraw  | Epoch:2 | Val Acc: 0.5952
 Best site-QuickDraw  | Epoch:2 | Val Acc: 0.3571
 Best site-Real       | Epoch:2 | Val Acc: 0.9048
 Best site-Real       | Epoch:2 | Val Acc: 0.8571
 Best site-Sketch     | Epoch:2 | Val Acc: 0.7381
 Best site-Sketch     | Epoch:2 | Val Acc: 0.7619
 Saving the local and server checkpoint to ../checkpoint/fed_domainnet_even-sqrt/CoCoOP_Clipart...
============ Train epoch 15 ============
============ Train epoch 16 ============
============ Train epoch 17 ============
============ Train epoch 18 ============
============ Train epoch 19 ============
 Site-Infograph | Train Loss: 1.6317 | Train Acc: 0.4603
 Site-Infograph | Train Loss: 1.4865 | Train Acc: 0.5714
 Site-Painting  | Train Loss: 0.8309 | Train Acc: 0.8571
 Site-Painting  | Train Loss: 0.8271 | Train Acc: 0.8095
 Site-QuickDraw | Train Loss: 1.7904 | Train Acc: 0.4603
 Site-QuickDraw | Train Loss: 1.5810 | Train Acc: 0.5714
 Site-Real      | Train Loss: 0.6532 | Train Acc: 0.9365
 Site-Real      | Train Loss: 0.6830 | Train Acc: 0.9048
 Site-Sketch    | Train Loss: 0.9214 | Train Acc: 0.7937
 Site-Sketch    | Train Loss: 1.0838 | Train Acc: 0.7937
 Site-Infograph | Val  Loss: 1.4052 | Val  Acc: 0.5952
 Site-Infograph | Val  Loss: 1.5958 | Val  Acc: 0.4286
 Site-Painting  | Val  Loss: 0.7342 | Val  Acc: 0.8571
 Site-Painting  | Val  Loss: 0.9701 | Val  Acc: 0.7857
 Site-QuickDraw | Val  Loss: 1.5271 | Val  Acc: 0.5952
 Site-QuickDraw | Val  Loss: 1.7146 | Val  Acc: 0.4762
 Site-Real      | Val  Loss: 0.5644 | Val  Acc: 0.9286
 Site-Real      | Val  Loss: 0.7479 | Val  Acc: 0.9048
 Site-Sketch    | Val  Loss: 1.0166 | Val  Acc: 0.7619
 Site-Sketch    | Val  Loss: 1.0698 | Val  Acc: 0.7143
Average Valid Accuracy: 0.7048
 Best site-Infograph  | Epoch:3 | Val Acc: 0.5952
 Best site-Infograph  | Epoch:3 | Val Acc: 0.4286
 Best site-Painting   | Epoch:3 | Val Acc: 0.8571
 Best site-Painting   | Epoch:3 | Val Acc: 0.7857
 Best site-QuickDraw  | Epoch:3 | Val Acc: 0.5952
 Best site-QuickDraw  | Epoch:3 | Val Acc: 0.4762
 Best site-Real       | Epoch:3 | Val Acc: 0.9286
 Best site-Real       | Epoch:3 | Val Acc: 0.9048
 Best site-Sketch     | Epoch:3 | Val Acc: 0.7619
 Best site-Sketch     | Epoch:3 | Val Acc: 0.7143
 Saving the local and server checkpoint to ../checkpoint/fed_domainnet_even-sqrt/CoCoOP_Clipart...
============ Train epoch 20 ============
============ Train epoch 21 ============
============ Train epoch 22 ============
============ Train epoch 23 ============
============ Train epoch 24 ============
 Site-Infograph | Train Loss: 1.4207 | Train Acc: 0.6349
 Site-Infograph | Train Loss: 1.3407 | Train Acc: 0.6032
 Site-Painting  | Train Loss: 0.5896 | Train Acc: 0.9365
 Site-Painting  | Train Loss: 0.6610 | Train Acc: 0.8413
 Site-QuickDraw | Train Loss: 1.5059 | Train Acc: 0.5397
 Site-QuickDraw | Train Loss: 1.4441 | Train Acc: 0.6349
 Site-Real      | Train Loss: 0.4403 | Train Acc: 0.9524
 Site-Real      | Train Loss: 0.4455 | Train Acc: 0.9365
 Site-Sketch    | Train Loss: 0.7671 | Train Acc: 0.8413
 Site-Sketch    | Train Loss: 0.7957 | Train Acc: 0.8571
 Site-Infograph | Val  Loss: 1.2196 | Val  Acc: 0.6429
 Site-Infograph | Val  Loss: 1.3880 | Val  Acc: 0.5714
 Site-Painting  | Val  Loss: 0.5135 | Val  Acc: 0.9524
 Site-Painting  | Val  Loss: 0.7601 | Val  Acc: 0.8333
 Site-QuickDraw | Val  Loss: 1.2298 | Val  Acc: 0.6429
 Site-QuickDraw | Val  Loss: 1.5619 | Val  Acc: 0.5476
 Site-Real      | Val  Loss: 0.3905 | Val  Acc: 0.9524
 Site-Real      | Val  Loss: 0.4884 | Val  Acc: 0.9286
 Site-Sketch    | Val  Loss: 0.7541 | Val  Acc: 0.8810
 Site-Sketch    | Val  Loss: 0.7677 | Val  Acc: 0.9286
Average Valid Accuracy: 0.7881
 Best site-Infograph  | Epoch:4 | Val Acc: 0.6429
 Best site-Infograph  | Epoch:4 | Val Acc: 0.5714
 Best site-Painting   | Epoch:4 | Val Acc: 0.9524
 Best site-Painting   | Epoch:4 | Val Acc: 0.8333
 Best site-QuickDraw  | Epoch:4 | Val Acc: 0.6429
 Best site-QuickDraw  | Epoch:4 | Val Acc: 0.5476
 Best site-Real       | Epoch:4 | Val Acc: 0.9524
 Best site-Real       | Epoch:4 | Val Acc: 0.9286
 Best site-Sketch     | Epoch:4 | Val Acc: 0.8810
 Best site-Sketch     | Epoch:4 | Val Acc: 0.9286
 Saving the local and server checkpoint to ../checkpoint/fed_domainnet_even-sqrt/CoCoOP_Clipart...
============ Train epoch 25 ============
============ Train epoch 26 ============
============ Train epoch 27 ============
============ Train epoch 28 ============
============ Train epoch 29 ============
 Site-Infograph | Train Loss: 1.2744 | Train Acc: 0.6190
 Site-Infograph | Train Loss: 1.2058 | Train Acc: 0.6508
 Site-Painting  | Train Loss: 0.5853 | Train Acc: 0.8730
 Site-Painting  | Train Loss: 0.5126 | Train Acc: 0.8889
 Site-QuickDraw | Train Loss: 1.5500 | Train Acc: 0.5714
 Site-QuickDraw | Train Loss: 1.3468 | Train Acc: 0.6508
 Site-Real      | Train Loss: 0.3648 | Train Acc: 0.9683
 Site-Real      | Train Loss: 0.3386 | Train Acc: 0.9683
 Site-Sketch    | Train Loss: 0.5394 | Train Acc: 0.8730
 Site-Sketch    | Train Loss: 0.6643 | Train Acc: 0.8571
 Site-Infograph | Val  Loss: 0.9981 | Val  Acc: 0.7857
 Site-Infograph | Val  Loss: 1.1810 | Val  Acc: 0.6667
 Site-Painting  | Val  Loss: 0.4500 | Val  Acc: 0.9048
 Site-Painting  | Val  Loss: 0.6937 | Val  Acc: 0.8333
 Site-QuickDraw | Val  Loss: 1.1527 | Val  Acc: 0.6905
 Site-QuickDraw | Val  Loss: 1.5550 | Val  Acc: 0.5000
 Site-Real      | Val  Loss: 0.2790 | Val  Acc: 0.9762
 Site-Real      | Val  Loss: 0.3730 | Val  Acc: 0.9762
 Site-Sketch    | Val  Loss: 0.6391 | Val  Acc: 0.8810
 Site-Sketch    | Val  Loss: 0.8012 | Val  Acc: 0.8810
Average Valid Accuracy: 0.8095
 Best site-Infograph  | Epoch:5 | Val Acc: 0.7857
 Best site-Infograph  | Epoch:5 | Val Acc: 0.6667
 Best site-Painting   | Epoch:5 | Val Acc: 0.9048
 Best site-Painting   | Epoch:5 | Val Acc: 0.8333
 Best site-QuickDraw  | Epoch:5 | Val Acc: 0.6905
 Best site-QuickDraw  | Epoch:5 | Val Acc: 0.5000
 Best site-Real       | Epoch:5 | Val Acc: 0.9762
 Best site-Real       | Epoch:5 | Val Acc: 0.9762
 Best site-Sketch     | Epoch:5 | Val Acc: 0.8810
 Best site-Sketch     | Epoch:5 | Val Acc: 0.8810
 Saving the local and server checkpoint to ../checkpoint/fed_domainnet_even-sqrt/CoCoOP_Clipart...
============ Train epoch 30 ============
============ Train epoch 31 ============
============ Train epoch 32 ============
============ Train epoch 33 ============
============ Train epoch 34 ============
 Site-Infograph | Train Loss: 1.1845 | Train Acc: 0.6667
 Site-Infograph | Train Loss: 0.9926 | Train Acc: 0.7619
 Site-Painting  | Train Loss: 0.3967 | Train Acc: 0.9524
 Site-Painting  | Train Loss: 0.4558 | Train Acc: 0.8889
 Site-QuickDraw | Train Loss: 1.3545 | Train Acc: 0.6190
 Site-QuickDraw | Train Loss: 1.1062 | Train Acc: 0.6984
 Site-Real      | Train Loss: 0.2680 | Train Acc: 0.9841
 Site-Real      | Train Loss: 0.2245 | Train Acc: 0.9841
 Site-Sketch    | Train Loss: 0.5395 | Train Acc: 0.8730
 Site-Sketch    | Train Loss: 0.5220 | Train Acc: 0.9524
 Site-Infograph | Val  Loss: 0.8769 | Val  Acc: 0.7619
 Site-Infograph | Val  Loss: 1.1813 | Val  Acc: 0.6429
 Site-Painting  | Val  Loss: 0.3070 | Val  Acc: 0.9524
 Site-Painting  | Val  Loss: 0.4939 | Val  Acc: 0.9286
 Site-QuickDraw | Val  Loss: 1.0103 | Val  Acc: 0.6667
 Site-QuickDraw | Val  Loss: 1.3379 | Val  Acc: 0.6429
 Site-Real      | Val  Loss: 0.2018 | Val  Acc: 0.9762
 Site-Real      | Val  Loss: 0.3365 | Val  Acc: 0.9524
 Site-Sketch    | Val  Loss: 0.4695 | Val  Acc: 0.9524
 Site-Sketch    | Val  Loss: 0.5882 | Val  Acc: 0.9048
Average Valid Accuracy: 0.8381
 Best site-Infograph  | Epoch:6 | Val Acc: 0.7619
 Best site-Infograph  | Epoch:6 | Val Acc: 0.6429
 Best site-Painting   | Epoch:6 | Val Acc: 0.9524
 Best site-Painting   | Epoch:6 | Val Acc: 0.9286
 Best site-QuickDraw  | Epoch:6 | Val Acc: 0.6667
 Best site-QuickDraw  | Epoch:6 | Val Acc: 0.6429
 Best site-Real       | Epoch:6 | Val Acc: 0.9762
 Best site-Real       | Epoch:6 | Val Acc: 0.9524
 Best site-Sketch     | Epoch:6 | Val Acc: 0.9524
 Best site-Sketch     | Epoch:6 | Val Acc: 0.9048
 Saving the local and server checkpoint to ../checkpoint/fed_domainnet_even-sqrt/CoCoOP_Clipart...
============ Train epoch 35 ============
============ Train epoch 36 ============
============ Train epoch 37 ============
============ Train epoch 38 ============
============ Train epoch 39 ============
 Site-Infograph | Train Loss: 1.0883 | Train Acc: 0.7143
 Site-Infograph | Train Loss: 0.9198 | Train Acc: 0.7619
 Site-Painting  | Train Loss: 0.3673 | Train Acc: 0.9206
 Site-Painting  | Train Loss: 0.3168 | Train Acc: 0.9524
 Site-QuickDraw | Train Loss: 1.2483 | Train Acc: 0.6349
 Site-QuickDraw | Train Loss: 1.1401 | Train Acc: 0.6825
 Site-Real      | Train Loss: 0.2407 | Train Acc: 0.9841
 Site-Real      | Train Loss: 0.1929 | Train Acc: 0.9683
 Site-Sketch    | Train Loss: 0.4307 | Train Acc: 0.9206
 Site-Sketch    | Train Loss: 0.4069 | Train Acc: 0.9206
 Site-Infograph | Val  Loss: 0.8267 | Val  Acc: 0.7857
 Site-Infograph | Val  Loss: 0.9806 | Val  Acc: 0.7143
 Site-Painting  | Val  Loss: 0.2263 | Val  Acc: 1.0000
 Site-Painting  | Val  Loss: 0.4229 | Val  Acc: 0.9524
 Site-QuickDraw | Val  Loss: 0.9012 | Val  Acc: 0.7857
 Site-QuickDraw | Val  Loss: 1.2968 | Val  Acc: 0.6190
 Site-Real      | Val  Loss: 0.1569 | Val  Acc: 0.9762
 Site-Real      | Val  Loss: 0.2129 | Val  Acc: 0.9762
 Site-Sketch    | Val  Loss: 0.4213 | Val  Acc: 0.9286
 Site-Sketch    | Val  Loss: 0.4657 | Val  Acc: 0.9048
Average Valid Accuracy: 0.8643
 Best site-Infograph  | Epoch:7 | Val Acc: 0.7857
 Best site-Infograph  | Epoch:7 | Val Acc: 0.7143
 Best site-Painting   | Epoch:7 | Val Acc: 1.0000
 Best site-Painting   | Epoch:7 | Val Acc: 0.9524
 Best site-QuickDraw  | Epoch:7 | Val Acc: 0.7857
 Best site-QuickDraw  | Epoch:7 | Val Acc: 0.6190
 Best site-Real       | Epoch:7 | Val Acc: 0.9762
 Best site-Real       | Epoch:7 | Val Acc: 0.9762
 Best site-Sketch     | Epoch:7 | Val Acc: 0.9286
 Best site-Sketch     | Epoch:7 | Val Acc: 0.9048
 Saving the local and server checkpoint to ../checkpoint/fed_domainnet_even-sqrt/CoCoOP_Clipart...
============ Train epoch 40 ============
============ Train epoch 41 ============
============ Train epoch 42 ============
============ Train epoch 43 ============
============ Train epoch 44 ============
 Site-Infograph | Train Loss: 0.9286 | Train Acc: 0.7619
 Site-Infograph | Train Loss: 0.7561 | Train Acc: 0.7778
 Site-Painting  | Train Loss: 0.2594 | Train Acc: 0.9524
 Site-Painting  | Train Loss: 0.2534 | Train Acc: 0.9841
 Site-QuickDraw | Train Loss: 1.2538 | Train Acc: 0.5397
 Site-QuickDraw | Train Loss: 1.0215 | Train Acc: 0.6984
 Site-Real      | Train Loss: 0.1765 | Train Acc: 0.9841
 Site-Real      | Train Loss: 0.1106 | Train Acc: 1.0000
 Site-Sketch    | Train Loss: 0.4171 | Train Acc: 0.8571
 Site-Sketch    | Train Loss: 0.3226 | Train Acc: 0.9524
 Site-Infograph | Val  Loss: 0.7782 | Val  Acc: 0.7857
 Site-Infograph | Val  Loss: 0.9459 | Val  Acc: 0.7143
 Site-Painting  | Val  Loss: 0.1687 | Val  Acc: 0.9762
 Site-Painting  | Val  Loss: 0.3650 | Val  Acc: 0.9286
 Site-QuickDraw | Val  Loss: 0.8138 | Val  Acc: 0.7857
 Site-QuickDraw | Val  Loss: 1.2075 | Val  Acc: 0.6429
 Site-Real      | Val  Loss: 0.1163 | Val  Acc: 1.0000
 Site-Real      | Val  Loss: 0.1791 | Val  Acc: 0.9762
 Site-Sketch    | Val  Loss: 0.2507 | Val  Acc: 0.9762
 Site-Sketch    | Val  Loss: 0.4707 | Val  Acc: 0.9048
Average Valid Accuracy: 0.8690
 Best site-Infograph  | Epoch:8 | Val Acc: 0.7857
 Best site-Infograph  | Epoch:8 | Val Acc: 0.7143
 Best site-Painting   | Epoch:8 | Val Acc: 0.9762
 Best site-Painting   | Epoch:8 | Val Acc: 0.9286
 Best site-QuickDraw  | Epoch:8 | Val Acc: 0.7857
 Best site-QuickDraw  | Epoch:8 | Val Acc: 0.6429
 Best site-Real       | Epoch:8 | Val Acc: 1.0000
 Best site-Real       | Epoch:8 | Val Acc: 0.9762
 Best site-Sketch     | Epoch:8 | Val Acc: 0.9762
 Best site-Sketch     | Epoch:8 | Val Acc: 0.9048
 Saving the local and server checkpoint to ../checkpoint/fed_domainnet_even-sqrt/CoCoOP_Clipart...
============ Train epoch 45 ============
============ Train epoch 46 ============
============ Train epoch 47 ============
============ Train epoch 48 ============
============ Train epoch 49 ============
 Site-Infograph | Train Loss: 0.7713 | Train Acc: 0.7937
 Site-Infograph | Train Loss: 0.7547 | Train Acc: 0.7460
 Site-Painting  | Train Loss: 0.2439 | Train Acc: 0.9365
 Site-Painting  | Train Loss: 0.2417 | Train Acc: 0.9365
 Site-QuickDraw | Train Loss: 1.1255 | Train Acc: 0.7143
 Site-QuickDraw | Train Loss: 0.9043 | Train Acc: 0.7619
 Site-Real      | Train Loss: 0.1601 | Train Acc: 0.9841
 Site-Real      | Train Loss: 0.1167 | Train Acc: 0.9841
 Site-Sketch    | Train Loss: 0.2436 | Train Acc: 0.9683
 Site-Sketch    | Train Loss: 0.2918 | Train Acc: 0.9524
 Site-Infograph | Val  Loss: 0.6353 | Val  Acc: 0.8571
 Site-Infograph | Val  Loss: 0.9230 | Val  Acc: 0.7143
 Site-Painting  | Val  Loss: 0.1603 | Val  Acc: 1.0000
 Site-Painting  | Val  Loss: 0.2186 | Val  Acc: 0.9762
 Site-QuickDraw | Val  Loss: 0.7416 | Val  Acc: 0.8095
 Site-QuickDraw | Val  Loss: 1.1997 | Val  Acc: 0.5952
 Site-Real      | Val  Loss: 0.0993 | Val  Acc: 1.0000
 Site-Real      | Val  Loss: 0.1924 | Val  Acc: 0.9762
 Site-Sketch    | Val  Loss: 0.2869 | Val  Acc: 0.9524
 Site-Sketch    | Val  Loss: 0.3165 | Val  Acc: 0.9286
Average Valid Accuracy: 0.8810
 Best site-Infograph  | Epoch:9 | Val Acc: 0.8571
 Best site-Infograph  | Epoch:9 | Val Acc: 0.7143
 Best site-Painting   | Epoch:9 | Val Acc: 1.0000
 Best site-Painting   | Epoch:9 | Val Acc: 0.9762
 Best site-QuickDraw  | Epoch:9 | Val Acc: 0.8095
 Best site-QuickDraw  | Epoch:9 | Val Acc: 0.5952
 Best site-Real       | Epoch:9 | Val Acc: 1.0000
 Best site-Real       | Epoch:9 | Val Acc: 0.9762
 Best site-Sketch     | Epoch:9 | Val Acc: 0.9524
 Best site-Sketch     | Epoch:9 | Val Acc: 0.9286
 Saving the local and server checkpoint to ../checkpoint/fed_domainnet_even-sqrt/CoCoOP_Clipart...
===2023-03-26 22:51:12===
===2023-03-26 22:51:13===
===Setting===
    dataset: domainnet
    lr: 0.01
    batch: 8
    iters: 10
    wk_iters: 5
domain number = 3
Loading snapshots...
Test Accuracy of Clipart: 0.7452
Average Test Accuracy: 0.7452
