===2023-03-26 19:45:08===
===Setting===
    dataset: domainnet
    lr: 0.01
    batch: 16
    iters: 10
    wk_iters: 5
domain number = 3
============ Train epoch 0 ============
============ Train epoch 1 ============
============ Train epoch 2 ============
============ Train epoch 3 ============
============ Train epoch 4 ============
 Site-Infograph | Train Loss: 2.1689 | Train Acc: 0.2222
 Site-Infograph | Train Loss: 2.1950 | Train Acc: 0.2540
 Site-Painting  | Train Loss: 2.0330 | Train Acc: 0.4286
 Site-Painting  | Train Loss: 2.0840 | Train Acc: 0.3175
 Site-QuickDraw | Train Loss: 2.2427 | Train Acc: 0.2540
 Site-QuickDraw | Train Loss: 2.1818 | Train Acc: 0.3175
 Site-Real      | Train Loss: 1.9716 | Train Acc: 0.4603
 Site-Real      | Train Loss: 2.0081 | Train Acc: 0.3492
 Site-Sketch    | Train Loss: 2.0017 | Train Acc: 0.4127
 Site-Sketch    | Train Loss: 1.9851 | Train Acc: 0.3333
 Site-Infograph | Val  Loss: 2.1750 | Val  Acc: 0.2619
 Site-Infograph | Val  Loss: 2.1617 | Val  Acc: 0.2143
 Site-Painting  | Val  Loss: 2.0251 | Val  Acc: 0.3333
 Site-Painting  | Val  Loss: 2.1000 | Val  Acc: 0.3333
 Site-QuickDraw | Val  Loss: 2.1441 | Val  Acc: 0.2857
 Site-QuickDraw | Val  Loss: 2.2448 | Val  Acc: 0.3095
 Site-Real      | Val  Loss: 1.9127 | Val  Acc: 0.5238
 Site-Real      | Val  Loss: 2.0841 | Val  Acc: 0.3571
 Site-Sketch    | Val  Loss: 2.0518 | Val  Acc: 0.3810
 Site-Sketch    | Val  Loss: 2.0519 | Val  Acc: 0.3571
Average Valid Accuracy: 0.3357
 Best site-Infograph  | Epoch:0 | Val Acc: 0.2619
 Best site-Infograph  | Epoch:0 | Val Acc: 0.2143
 Best site-Painting   | Epoch:0 | Val Acc: 0.3333
 Best site-Painting   | Epoch:0 | Val Acc: 0.3333
 Best site-QuickDraw  | Epoch:0 | Val Acc: 0.2857
 Best site-QuickDraw  | Epoch:0 | Val Acc: 0.3095
 Best site-Real       | Epoch:0 | Val Acc: 0.5238
 Best site-Real       | Epoch:0 | Val Acc: 0.3571
 Best site-Sketch     | Epoch:0 | Val Acc: 0.3810
 Best site-Sketch     | Epoch:0 | Val Acc: 0.3571
 Saving the local and server checkpoint to ../checkpoint/fed_domainnet_even-sqrt/DoPrompt_Clipart...
============ Train epoch 5 ============
============ Train epoch 6 ============
============ Train epoch 7 ============
============ Train epoch 8 ============
============ Train epoch 9 ============
 Site-Infograph | Train Loss: 2.0678 | Train Acc: 0.2698
 Site-Infograph | Train Loss: 2.0265 | Train Acc: 0.3651
 Site-Painting  | Train Loss: 1.6807 | Train Acc: 0.6190
 Site-Painting  | Train Loss: 1.7317 | Train Acc: 0.6190
 Site-QuickDraw | Train Loss: 2.1493 | Train Acc: 0.2857
 Site-QuickDraw | Train Loss: 2.0721 | Train Acc: 0.4127
 Site-Real      | Train Loss: 1.5424 | Train Acc: 0.7778
 Site-Real      | Train Loss: 1.6826 | Train Acc: 0.6825
 Site-Sketch    | Train Loss: 1.6446 | Train Acc: 0.6349
 Site-Sketch    | Train Loss: 1.7238 | Train Acc: 0.5714
 Site-Infograph | Val  Loss: 2.0364 | Val  Acc: 0.3095
 Site-Infograph | Val  Loss: 2.0371 | Val  Acc: 0.2619
 Site-Painting  | Val  Loss: 1.6853 | Val  Acc: 0.5714
 Site-Painting  | Val  Loss: 1.7576 | Val  Acc: 0.4524
 Site-QuickDraw | Val  Loss: 1.9988 | Val  Acc: 0.4524
 Site-QuickDraw | Val  Loss: 2.1253 | Val  Acc: 0.3095
 Site-Real      | Val  Loss: 1.5865 | Val  Acc: 0.7381
 Site-Real      | Val  Loss: 1.6828 | Val  Acc: 0.6905
 Site-Sketch    | Val  Loss: 1.6822 | Val  Acc: 0.6190
 Site-Sketch    | Val  Loss: 1.7154 | Val  Acc: 0.6190
Average Valid Accuracy: 0.5024
 Best site-Infograph  | Epoch:1 | Val Acc: 0.3095
 Best site-Infograph  | Epoch:1 | Val Acc: 0.2619
 Best site-Painting   | Epoch:1 | Val Acc: 0.5714
 Best site-Painting   | Epoch:1 | Val Acc: 0.4524
 Best site-QuickDraw  | Epoch:1 | Val Acc: 0.4524
 Best site-QuickDraw  | Epoch:1 | Val Acc: 0.3095
 Best site-Real       | Epoch:1 | Val Acc: 0.7381
 Best site-Real       | Epoch:1 | Val Acc: 0.6905
 Best site-Sketch     | Epoch:1 | Val Acc: 0.6190
 Best site-Sketch     | Epoch:1 | Val Acc: 0.6190
 Saving the local and server checkpoint to ../checkpoint/fed_domainnet_even-sqrt/DoPrompt_Clipart...
============ Train epoch 10 ============
============ Train epoch 11 ============
============ Train epoch 12 ============
============ Train epoch 13 ============
============ Train epoch 14 ============
 Site-Infograph | Train Loss: 1.9698 | Train Acc: 0.3175
 Site-Infograph | Train Loss: 1.8782 | Train Acc: 0.3968
 Site-Painting  | Train Loss: 1.4060 | Train Acc: 0.8254
 Site-Painting  | Train Loss: 1.4676 | Train Acc: 0.7302
 Site-QuickDraw | Train Loss: 2.0551 | Train Acc: 0.3968
 Site-QuickDraw | Train Loss: 1.9532 | Train Acc: 0.4921
 Site-Real      | Train Loss: 1.2565 | Train Acc: 0.8413
 Site-Real      | Train Loss: 1.3661 | Train Acc: 0.8095
 Site-Sketch    | Train Loss: 1.4445 | Train Acc: 0.6667
 Site-Sketch    | Train Loss: 1.5022 | Train Acc: 0.6349
 Site-Infograph | Val  Loss: 1.8143 | Val  Acc: 0.5000
 Site-Infograph | Val  Loss: 1.9630 | Val  Acc: 0.3095
 Site-Painting  | Val  Loss: 1.3542 | Val  Acc: 0.7619
 Site-Painting  | Val  Loss: 1.5331 | Val  Acc: 0.6190
 Site-QuickDraw | Val  Loss: 1.8857 | Val  Acc: 0.5000
 Site-QuickDraw | Val  Loss: 2.0412 | Val  Acc: 0.3810
 Site-Real      | Val  Loss: 1.2815 | Val  Acc: 0.8333
 Site-Real      | Val  Loss: 1.3359 | Val  Acc: 0.8333
 Site-Sketch    | Val  Loss: 1.5045 | Val  Acc: 0.7143
 Site-Sketch    | Val  Loss: 1.5538 | Val  Acc: 0.6429
Average Valid Accuracy: 0.6095
 Best site-Infograph  | Epoch:2 | Val Acc: 0.5000
 Best site-Infograph  | Epoch:2 | Val Acc: 0.3095
 Best site-Painting   | Epoch:2 | Val Acc: 0.7619
 Best site-Painting   | Epoch:2 | Val Acc: 0.6190
 Best site-QuickDraw  | Epoch:2 | Val Acc: 0.5000
 Best site-QuickDraw  | Epoch:2 | Val Acc: 0.3810
 Best site-Real       | Epoch:2 | Val Acc: 0.8333
 Best site-Real       | Epoch:2 | Val Acc: 0.8333
 Best site-Sketch     | Epoch:2 | Val Acc: 0.7143
 Best site-Sketch     | Epoch:2 | Val Acc: 0.6429
 Saving the local and server checkpoint to ../checkpoint/fed_domainnet_even-sqrt/DoPrompt_Clipart...
============ Train epoch 15 ============
============ Train epoch 16 ============
============ Train epoch 17 ============
============ Train epoch 18 ============
============ Train epoch 19 ============
 Site-Infograph | Train Loss: 1.9198 | Train Acc: 0.4127
 Site-Infograph | Train Loss: 1.7660 | Train Acc: 0.4762
 Site-Painting  | Train Loss: 1.2081 | Train Acc: 0.7937
 Site-Painting  | Train Loss: 1.2847 | Train Acc: 0.7143
 Site-QuickDraw | Train Loss: 1.9664 | Train Acc: 0.3333
 Site-QuickDraw | Train Loss: 1.8642 | Train Acc: 0.5079
 Site-Real      | Train Loss: 1.0837 | Train Acc: 0.8730
 Site-Real      | Train Loss: 1.0686 | Train Acc: 0.9048
 Site-Sketch    | Train Loss: 1.2301 | Train Acc: 0.7619
 Site-Sketch    | Train Loss: 1.3588 | Train Acc: 0.6984
 Site-Infograph | Val  Loss: 1.7343 | Val  Acc: 0.4524
 Site-Infograph | Val  Loss: 1.9069 | Val  Acc: 0.3810
 Site-Painting  | Val  Loss: 1.1255 | Val  Acc: 0.7857
 Site-Painting  | Val  Loss: 1.3932 | Val  Acc: 0.6429
 Site-QuickDraw | Val  Loss: 1.7742 | Val  Acc: 0.4286
 Site-QuickDraw | Val  Loss: 1.9492 | Val  Acc: 0.4524
 Site-Real      | Val  Loss: 1.0128 | Val  Acc: 0.9048
 Site-Real      | Val  Loss: 1.1414 | Val  Acc: 0.8571
 Site-Sketch    | Val  Loss: 1.2869 | Val  Acc: 0.7381
 Site-Sketch    | Val  Loss: 1.3535 | Val  Acc: 0.7619
Average Valid Accuracy: 0.6405
 Best site-Infograph  | Epoch:3 | Val Acc: 0.4524
 Best site-Infograph  | Epoch:3 | Val Acc: 0.3810
 Best site-Painting   | Epoch:3 | Val Acc: 0.7857
 Best site-Painting   | Epoch:3 | Val Acc: 0.6429
 Best site-QuickDraw  | Epoch:3 | Val Acc: 0.4286
 Best site-QuickDraw  | Epoch:3 | Val Acc: 0.4524
 Best site-Real       | Epoch:3 | Val Acc: 0.9048
 Best site-Real       | Epoch:3 | Val Acc: 0.8571
 Best site-Sketch     | Epoch:3 | Val Acc: 0.7381
 Best site-Sketch     | Epoch:3 | Val Acc: 0.7619
 Saving the local and server checkpoint to ../checkpoint/fed_domainnet_even-sqrt/DoPrompt_Clipart...
============ Train epoch 20 ============
============ Train epoch 21 ============
============ Train epoch 22 ============
============ Train epoch 23 ============
============ Train epoch 24 ============
 Site-Infograph | Train Loss: 1.8243 | Train Acc: 0.4286
 Site-Infograph | Train Loss: 1.7122 | Train Acc: 0.5397
 Site-Painting  | Train Loss: 1.0456 | Train Acc: 0.8095
 Site-Painting  | Train Loss: 1.0885 | Train Acc: 0.7937
 Site-QuickDraw | Train Loss: 1.9312 | Train Acc: 0.3333
 Site-QuickDraw | Train Loss: 1.7767 | Train Acc: 0.5238
 Site-Real      | Train Loss: 0.8756 | Train Acc: 0.9365
 Site-Real      | Train Loss: 0.9107 | Train Acc: 0.8889
 Site-Sketch    | Train Loss: 1.0588 | Train Acc: 0.7460
 Site-Sketch    | Train Loss: 1.1460 | Train Acc: 0.7302
 Site-Infograph | Val  Loss: 1.5840 | Val  Acc: 0.5238
 Site-Infograph | Val  Loss: 1.7449 | Val  Acc: 0.3810
 Site-Painting  | Val  Loss: 1.0005 | Val  Acc: 0.8571
 Site-Painting  | Val  Loss: 1.1514 | Val  Acc: 0.8095
 Site-QuickDraw | Val  Loss: 1.6783 | Val  Acc: 0.6190
 Site-QuickDraw | Val  Loss: 1.8856 | Val  Acc: 0.4048
 Site-Real      | Val  Loss: 0.8897 | Val  Acc: 0.9286
 Site-Real      | Val  Loss: 0.9482 | Val  Acc: 0.8810
 Site-Sketch    | Val  Loss: 1.1688 | Val  Acc: 0.7619
 Site-Sketch    | Val  Loss: 1.2192 | Val  Acc: 0.7857
Average Valid Accuracy: 0.6952
 Best site-Infograph  | Epoch:4 | Val Acc: 0.5238
 Best site-Infograph  | Epoch:4 | Val Acc: 0.3810
 Best site-Painting   | Epoch:4 | Val Acc: 0.8571
 Best site-Painting   | Epoch:4 | Val Acc: 0.8095
 Best site-QuickDraw  | Epoch:4 | Val Acc: 0.6190
 Best site-QuickDraw  | Epoch:4 | Val Acc: 0.4048
 Best site-Real       | Epoch:4 | Val Acc: 0.9286
 Best site-Real       | Epoch:4 | Val Acc: 0.8810
 Best site-Sketch     | Epoch:4 | Val Acc: 0.7619
 Best site-Sketch     | Epoch:4 | Val Acc: 0.7857
 Saving the local and server checkpoint to ../checkpoint/fed_domainnet_even-sqrt/DoPrompt_Clipart...
============ Train epoch 25 ============
============ Train epoch 26 ============
============ Train epoch 27 ============
============ Train epoch 28 ============
============ Train epoch 29 ============
 Site-Infograph | Train Loss: 1.6935 | Train Acc: 0.5079
 Site-Infograph | Train Loss: 1.5957 | Train Acc: 0.5714
 Site-Painting  | Train Loss: 0.9350 | Train Acc: 0.8413
 Site-Painting  | Train Loss: 0.9089 | Train Acc: 0.8571
 Site-QuickDraw | Train Loss: 1.8858 | Train Acc: 0.4286
 Site-QuickDraw | Train Loss: 1.6894 | Train Acc: 0.4921
 Site-Real      | Train Loss: 0.7590 | Train Acc: 0.8889
 Site-Real      | Train Loss: 0.8067 | Train Acc: 0.9048
 Site-Sketch    | Train Loss: 1.0031 | Train Acc: 0.7937
 Site-Sketch    | Train Loss: 1.0673 | Train Acc: 0.7460
 Site-Infograph | Val  Loss: 1.5206 | Val  Acc: 0.5714
 Site-Infograph | Val  Loss: 1.7983 | Val  Acc: 0.4048
 Site-Painting  | Val  Loss: 0.8546 | Val  Acc: 0.9048
 Site-Painting  | Val  Loss: 1.0762 | Val  Acc: 0.7381
 Site-QuickDraw | Val  Loss: 1.5612 | Val  Acc: 0.5952
 Site-QuickDraw | Val  Loss: 1.8374 | Val  Acc: 0.3571
 Site-Real      | Val  Loss: 0.8061 | Val  Acc: 0.9048
 Site-Real      | Val  Loss: 0.8395 | Val  Acc: 0.8810
 Site-Sketch    | Val  Loss: 1.0128 | Val  Acc: 0.7619
 Site-Sketch    | Val  Loss: 1.0973 | Val  Acc: 0.8095
Average Valid Accuracy: 0.6929
============ Train epoch 30 ============
============ Train epoch 31 ============
============ Train epoch 32 ============
============ Train epoch 33 ============
============ Train epoch 34 ============
 Site-Infograph | Train Loss: 1.6954 | Train Acc: 0.4603
 Site-Infograph | Train Loss: 1.5202 | Train Acc: 0.5397
 Site-Painting  | Train Loss: 0.7983 | Train Acc: 0.8730
 Site-Painting  | Train Loss: 0.8993 | Train Acc: 0.8095
 Site-QuickDraw | Train Loss: 1.7848 | Train Acc: 0.4286
 Site-QuickDraw | Train Loss: 1.6170 | Train Acc: 0.5079
 Site-Real      | Train Loss: 0.6809 | Train Acc: 0.8730
 Site-Real      | Train Loss: 0.6772 | Train Acc: 0.9206
 Site-Sketch    | Train Loss: 0.8802 | Train Acc: 0.8095
 Site-Sketch    | Train Loss: 0.9836 | Train Acc: 0.8254
 Site-Infograph | Val  Loss: 1.5041 | Val  Acc: 0.6190
 Site-Infograph | Val  Loss: 1.6994 | Val  Acc: 0.5000
 Site-Painting  | Val  Loss: 0.7920 | Val  Acc: 0.9286
 Site-Painting  | Val  Loss: 1.0231 | Val  Acc: 0.7619
 Site-QuickDraw | Val  Loss: 1.5114 | Val  Acc: 0.5952
 Site-QuickDraw | Val  Loss: 1.7046 | Val  Acc: 0.5000
 Site-Real      | Val  Loss: 0.6923 | Val  Acc: 0.9048
 Site-Real      | Val  Loss: 0.7041 | Val  Acc: 0.8810
 Site-Sketch    | Val  Loss: 1.0421 | Val  Acc: 0.7857
 Site-Sketch    | Val  Loss: 1.0216 | Val  Acc: 0.7143
Average Valid Accuracy: 0.7190
 Best site-Infograph  | Epoch:6 | Val Acc: 0.6190
 Best site-Infograph  | Epoch:6 | Val Acc: 0.5000
 Best site-Painting   | Epoch:6 | Val Acc: 0.9286
 Best site-Painting   | Epoch:6 | Val Acc: 0.7619
 Best site-QuickDraw  | Epoch:6 | Val Acc: 0.5952
 Best site-QuickDraw  | Epoch:6 | Val Acc: 0.5000
 Best site-Real       | Epoch:6 | Val Acc: 0.9048
 Best site-Real       | Epoch:6 | Val Acc: 0.8810
 Best site-Sketch     | Epoch:6 | Val Acc: 0.7857
 Best site-Sketch     | Epoch:6 | Val Acc: 0.7143
 Saving the local and server checkpoint to ../checkpoint/fed_domainnet_even-sqrt/DoPrompt_Clipart...
============ Train epoch 35 ============
============ Train epoch 36 ============
============ Train epoch 37 ============
============ Train epoch 38 ============
============ Train epoch 39 ============
 Site-Infograph | Train Loss: 1.6636 | Train Acc: 0.5238
 Site-Infograph | Train Loss: 1.4839 | Train Acc: 0.6190
 Site-Painting  | Train Loss: 0.7945 | Train Acc: 0.8571
 Site-Painting  | Train Loss: 0.8373 | Train Acc: 0.8571
 Site-QuickDraw | Train Loss: 1.6703 | Train Acc: 0.4921
 Site-QuickDraw | Train Loss: 1.5200 | Train Acc: 0.5873
 Site-Real      | Train Loss: 0.6167 | Train Acc: 0.9048
 Site-Real      | Train Loss: 0.5622 | Train Acc: 0.9206
 Site-Sketch    | Train Loss: 0.9222 | Train Acc: 0.7143
 Site-Sketch    | Train Loss: 0.9435 | Train Acc: 0.7619
 Site-Infograph | Val  Loss: 1.3699 | Val  Acc: 0.5714
 Site-Infograph | Val  Loss: 1.6488 | Val  Acc: 0.5476
 Site-Painting  | Val  Loss: 0.7567 | Val  Acc: 0.8810
 Site-Painting  | Val  Loss: 0.8413 | Val  Acc: 0.8571
 Site-QuickDraw | Val  Loss: 1.3969 | Val  Acc: 0.5952
 Site-QuickDraw | Val  Loss: 1.6617 | Val  Acc: 0.5476
 Site-Real      | Val  Loss: 0.5488 | Val  Acc: 0.9524
 Site-Real      | Val  Loss: 0.6068 | Val  Acc: 0.9286
 Site-Sketch    | Val  Loss: 0.9861 | Val  Acc: 0.7857
 Site-Sketch    | Val  Loss: 1.0281 | Val  Acc: 0.7619
Average Valid Accuracy: 0.7429
 Best site-Infograph  | Epoch:7 | Val Acc: 0.5714
 Best site-Infograph  | Epoch:7 | Val Acc: 0.5476
 Best site-Painting   | Epoch:7 | Val Acc: 0.8810
 Best site-Painting   | Epoch:7 | Val Acc: 0.8571
 Best site-QuickDraw  | Epoch:7 | Val Acc: 0.5952
 Best site-QuickDraw  | Epoch:7 | Val Acc: 0.5476
 Best site-Real       | Epoch:7 | Val Acc: 0.9524
 Best site-Real       | Epoch:7 | Val Acc: 0.9286
 Best site-Sketch     | Epoch:7 | Val Acc: 0.7857
 Best site-Sketch     | Epoch:7 | Val Acc: 0.7619
 Saving the local and server checkpoint to ../checkpoint/fed_domainnet_even-sqrt/DoPrompt_Clipart...
============ Train epoch 40 ============
============ Train epoch 41 ============
============ Train epoch 42 ============
============ Train epoch 43 ============
============ Train epoch 44 ============
 Site-Infograph | Train Loss: 1.5659 | Train Acc: 0.6190
 Site-Infograph | Train Loss: 1.3917 | Train Acc: 0.6190
 Site-Painting  | Train Loss: 0.6985 | Train Acc: 0.8730
 Site-Painting  | Train Loss: 0.7085 | Train Acc: 0.9206
 Site-QuickDraw | Train Loss: 1.5857 | Train Acc: 0.5873
 Site-QuickDraw | Train Loss: 1.4939 | Train Acc: 0.6032
 Site-Real      | Train Loss: 0.5504 | Train Acc: 0.9048
 Site-Real      | Train Loss: 0.5255 | Train Acc: 0.9524
 Site-Sketch    | Train Loss: 0.8583 | Train Acc: 0.7619
 Site-Sketch    | Train Loss: 0.8649 | Train Acc: 0.7937
 Site-Infograph | Val  Loss: 1.3538 | Val  Acc: 0.5714
 Site-Infograph | Val  Loss: 1.5988 | Val  Acc: 0.5238
 Site-Painting  | Val  Loss: 0.6080 | Val  Acc: 0.9286
 Site-Painting  | Val  Loss: 0.7673 | Val  Acc: 0.8810
 Site-QuickDraw | Val  Loss: 1.3094 | Val  Acc: 0.6429
 Site-QuickDraw | Val  Loss: 1.5770 | Val  Acc: 0.5714
 Site-Real      | Val  Loss: 0.4654 | Val  Acc: 0.9524
 Site-Real      | Val  Loss: 0.5738 | Val  Acc: 0.9048
 Site-Sketch    | Val  Loss: 0.8752 | Val  Acc: 0.8095
 Site-Sketch    | Val  Loss: 0.9132 | Val  Acc: 0.7857
Average Valid Accuracy: 0.7571
 Best site-Infograph  | Epoch:8 | Val Acc: 0.5714
 Best site-Infograph  | Epoch:8 | Val Acc: 0.5238
 Best site-Painting   | Epoch:8 | Val Acc: 0.9286
 Best site-Painting   | Epoch:8 | Val Acc: 0.8810
 Best site-QuickDraw  | Epoch:8 | Val Acc: 0.6429
 Best site-QuickDraw  | Epoch:8 | Val Acc: 0.5714
 Best site-Real       | Epoch:8 | Val Acc: 0.9524
 Best site-Real       | Epoch:8 | Val Acc: 0.9048
 Best site-Sketch     | Epoch:8 | Val Acc: 0.8095
 Best site-Sketch     | Epoch:8 | Val Acc: 0.7857
 Saving the local and server checkpoint to ../checkpoint/fed_domainnet_even-sqrt/DoPrompt_Clipart...
============ Train epoch 45 ============
============ Train epoch 46 ============
============ Train epoch 47 ============
============ Train epoch 48 ============
============ Train epoch 49 ============
 Site-Infograph | Train Loss: 1.5763 | Train Acc: 0.5556
 Site-Infograph | Train Loss: 1.3666 | Train Acc: 0.6667
 Site-Painting  | Train Loss: 0.6748 | Train Acc: 0.8889
 Site-Painting  | Train Loss: 0.6836 | Train Acc: 0.8571
 Site-QuickDraw | Train Loss: 1.5609 | Train Acc: 0.5873
 Site-QuickDraw | Train Loss: 1.4380 | Train Acc: 0.6032
 Site-Real      | Train Loss: 0.4442 | Train Acc: 0.9524
 Site-Real      | Train Loss: 0.4877 | Train Acc: 0.9365
 Site-Sketch    | Train Loss: 0.8527 | Train Acc: 0.7460
 Site-Sketch    | Train Loss: 0.8220 | Train Acc: 0.8413
 Site-Infograph | Val  Loss: 1.3497 | Val  Acc: 0.5476
 Site-Infograph | Val  Loss: 1.5000 | Val  Acc: 0.5952
 Site-Painting  | Val  Loss: 0.6543 | Val  Acc: 0.9048
 Site-Painting  | Val  Loss: 0.7552 | Val  Acc: 0.8571
 Site-QuickDraw | Val  Loss: 1.2798 | Val  Acc: 0.7143
 Site-QuickDraw | Val  Loss: 1.6014 | Val  Acc: 0.4762
 Site-Real      | Val  Loss: 0.4435 | Val  Acc: 0.9524
 Site-Real      | Val  Loss: 0.5111 | Val  Acc: 0.9286
 Site-Sketch    | Val  Loss: 0.7850 | Val  Acc: 0.9048
 Site-Sketch    | Val  Loss: 0.9561 | Val  Acc: 0.7619
Average Valid Accuracy: 0.7643
 Best site-Infograph  | Epoch:9 | Val Acc: 0.5476
 Best site-Infograph  | Epoch:9 | Val Acc: 0.5952
 Best site-Painting   | Epoch:9 | Val Acc: 0.9048
 Best site-Painting   | Epoch:9 | Val Acc: 0.8571
 Best site-QuickDraw  | Epoch:9 | Val Acc: 0.7143
 Best site-QuickDraw  | Epoch:9 | Val Acc: 0.4762
 Best site-Real       | Epoch:9 | Val Acc: 0.9524
 Best site-Real       | Epoch:9 | Val Acc: 0.9286
 Best site-Sketch     | Epoch:9 | Val Acc: 0.9048
 Best site-Sketch     | Epoch:9 | Val Acc: 0.7619
 Saving the local and server checkpoint to ../checkpoint/fed_domainnet_even-sqrt/DoPrompt_Clipart...
===2023-03-26 20:11:23===
===2023-03-26 20:11:24===
===Setting===
    dataset: domainnet
    lr: 0.01
    batch: 8
    iters: 10
    wk_iters: 5
domain number = 3
Loading snapshots...
Test Accuracy of Clipart: 0.7548
Average Test Accuracy: 0.7548
