===2023-03-27 01:01:27===
===Setting===
    dataset: domainnet
    lr: 0.01
    batch: 16
    iters: 10
    wk_iters: 5
domain number = 3
============ Train epoch 0 ============
============ Train epoch 1 ============
============ Train epoch 2 ============
============ Train epoch 3 ============
============ Train epoch 4 ============
 Site-Infograph | Train Loss: 2.2768 | Train Acc: 0.1429
 Site-Infograph | Train Loss: 2.2662 | Train Acc: 0.1270
 Site-Painting  | Train Loss: 2.1985 | Train Acc: 0.3651
 Site-Painting  | Train Loss: 2.2069 | Train Acc: 0.4444
 Site-QuickDraw | Train Loss: 2.2783 | Train Acc: 0.1111
 Site-QuickDraw | Train Loss: 2.2963 | Train Acc: 0.1270
 Site-Real      | Train Loss: 2.2175 | Train Acc: 0.3651
 Site-Real      | Train Loss: 2.2228 | Train Acc: 0.4127
 Site-Sketch    | Train Loss: 2.2393 | Train Acc: 0.2222
 Site-Sketch    | Train Loss: 2.2696 | Train Acc: 0.2063
 Site-Infograph | Val  Loss: 2.2718 | Val  Acc: 0.1190
 Site-Infograph | Val  Loss: 2.2588 | Val  Acc: 0.1429
 Site-Painting  | Val  Loss: 2.1847 | Val  Acc: 0.4524
 Site-Painting  | Val  Loss: 2.2010 | Val  Acc: 0.3810
 Site-QuickDraw | Val  Loss: 2.2822 | Val  Acc: 0.0952
 Site-QuickDraw | Val  Loss: 2.3285 | Val  Acc: 0.0476
 Site-Real      | Val  Loss: 2.2182 | Val  Acc: 0.3571
 Site-Real      | Val  Loss: 2.2128 | Val  Acc: 0.4762
 Site-Sketch    | Val  Loss: 2.2461 | Val  Acc: 0.2381
 Site-Sketch    | Val  Loss: 2.2834 | Val  Acc: 0.0714
Average Valid Accuracy: 0.2381
 Best site-Infograph  | Epoch:0 | Val Acc: 0.1190
 Best site-Infograph  | Epoch:0 | Val Acc: 0.1429
 Best site-Painting   | Epoch:0 | Val Acc: 0.4524
 Best site-Painting   | Epoch:0 | Val Acc: 0.3810
 Best site-QuickDraw  | Epoch:0 | Val Acc: 0.0952
 Best site-QuickDraw  | Epoch:0 | Val Acc: 0.0476
 Best site-Real       | Epoch:0 | Val Acc: 0.3571
 Best site-Real       | Epoch:0 | Val Acc: 0.4762
 Best site-Sketch     | Epoch:0 | Val Acc: 0.2381
 Best site-Sketch     | Epoch:0 | Val Acc: 0.0714
 Saving the local and server checkpoint to ../checkpoint/fed_domainnet_even-sqrt/PromptFL_Clipart...
============ Train epoch 5 ============
============ Train epoch 6 ============
============ Train epoch 7 ============
============ Train epoch 8 ============
============ Train epoch 9 ============
 Site-Infograph | Train Loss: 2.2660 | Train Acc: 0.2063
 Site-Infograph | Train Loss: 2.2330 | Train Acc: 0.3016
 Site-Painting  | Train Loss: 2.1391 | Train Acc: 0.5714
 Site-Painting  | Train Loss: 2.1481 | Train Acc: 0.5238
 Site-QuickDraw | Train Loss: 2.2654 | Train Acc: 0.2698
 Site-QuickDraw | Train Loss: 2.2655 | Train Acc: 0.1429
 Site-Real      | Train Loss: 2.1362 | Train Acc: 0.6349
 Site-Real      | Train Loss: 2.1649 | Train Acc: 0.5556
 Site-Sketch    | Train Loss: 2.1891 | Train Acc: 0.4603
 Site-Sketch    | Train Loss: 2.2233 | Train Acc: 0.3968
 Site-Infograph | Val  Loss: 2.2453 | Val  Acc: 0.2857
 Site-Infograph | Val  Loss: 2.2477 | Val  Acc: 0.1667
 Site-Painting  | Val  Loss: 2.1262 | Val  Acc: 0.5952
 Site-Painting  | Val  Loss: 2.1528 | Val  Acc: 0.5476
 Site-QuickDraw | Val  Loss: 2.2626 | Val  Acc: 0.0952
 Site-QuickDraw | Val  Loss: 2.2980 | Val  Acc: 0.0952
 Site-Real      | Val  Loss: 2.1535 | Val  Acc: 0.5952
 Site-Real      | Val  Loss: 2.1704 | Val  Acc: 0.5238
 Site-Sketch    | Val  Loss: 2.2052 | Val  Acc: 0.3571
 Site-Sketch    | Val  Loss: 2.2367 | Val  Acc: 0.3571
Average Valid Accuracy: 0.3619
 Best site-Infograph  | Epoch:1 | Val Acc: 0.2857
 Best site-Infograph  | Epoch:1 | Val Acc: 0.1667
 Best site-Painting   | Epoch:1 | Val Acc: 0.5952
 Best site-Painting   | Epoch:1 | Val Acc: 0.5476
 Best site-QuickDraw  | Epoch:1 | Val Acc: 0.0952
 Best site-QuickDraw  | Epoch:1 | Val Acc: 0.0952
 Best site-Real       | Epoch:1 | Val Acc: 0.5952
 Best site-Real       | Epoch:1 | Val Acc: 0.5238
 Best site-Sketch     | Epoch:1 | Val Acc: 0.3571
 Best site-Sketch     | Epoch:1 | Val Acc: 0.3571
 Saving the local and server checkpoint to ../checkpoint/fed_domainnet_even-sqrt/PromptFL_Clipart...
============ Train epoch 10 ============
============ Train epoch 11 ============
============ Train epoch 12 ============
============ Train epoch 13 ============
============ Train epoch 14 ============
 Site-Infograph | Train Loss: 2.2466 | Train Acc: 0.1905
 Site-Infograph | Train Loss: 2.2113 | Train Acc: 0.3175
 Site-Painting  | Train Loss: 2.0835 | Train Acc: 0.6667
 Site-Painting  | Train Loss: 2.0912 | Train Acc: 0.6667
 Site-QuickDraw | Train Loss: 2.2316 | Train Acc: 0.2698
 Site-QuickDraw | Train Loss: 2.2485 | Train Acc: 0.2222
 Site-Real      | Train Loss: 2.0874 | Train Acc: 0.6984
 Site-Real      | Train Loss: 2.1078 | Train Acc: 0.6825
 Site-Sketch    | Train Loss: 2.1263 | Train Acc: 0.6667
 Site-Sketch    | Train Loss: 2.1613 | Train Acc: 0.4921
 Site-Infograph | Val  Loss: 2.2171 | Val  Acc: 0.3333
 Site-Infograph | Val  Loss: 2.2149 | Val  Acc: 0.2381
 Site-Painting  | Val  Loss: 2.0656 | Val  Acc: 0.6905
 Site-Painting  | Val  Loss: 2.1100 | Val  Acc: 0.5714
 Site-QuickDraw | Val  Loss: 2.2306 | Val  Acc: 0.2381
 Site-QuickDraw | Val  Loss: 2.2777 | Val  Acc: 0.1190
 Site-Real      | Val  Loss: 2.1015 | Val  Acc: 0.6905
 Site-Real      | Val  Loss: 2.0967 | Val  Acc: 0.7143
 Site-Sketch    | Val  Loss: 2.1681 | Val  Acc: 0.4524
 Site-Sketch    | Val  Loss: 2.1838 | Val  Acc: 0.5000
Average Valid Accuracy: 0.4548
 Best site-Infograph  | Epoch:2 | Val Acc: 0.3333
 Best site-Infograph  | Epoch:2 | Val Acc: 0.2381
 Best site-Painting   | Epoch:2 | Val Acc: 0.6905
 Best site-Painting   | Epoch:2 | Val Acc: 0.5714
 Best site-QuickDraw  | Epoch:2 | Val Acc: 0.2381
 Best site-QuickDraw  | Epoch:2 | Val Acc: 0.1190
 Best site-Real       | Epoch:2 | Val Acc: 0.6905
 Best site-Real       | Epoch:2 | Val Acc: 0.7143
 Best site-Sketch     | Epoch:2 | Val Acc: 0.4524
 Best site-Sketch     | Epoch:2 | Val Acc: 0.5000
 Saving the local and server checkpoint to ../checkpoint/fed_domainnet_even-sqrt/PromptFL_Clipart...
============ Train epoch 15 ============
============ Train epoch 16 ============
============ Train epoch 17 ============
============ Train epoch 18 ============
============ Train epoch 19 ============
 Site-Infograph | Train Loss: 2.2275 | Train Acc: 0.2540
 Site-Infograph | Train Loss: 2.1877 | Train Acc: 0.4127
 Site-Painting  | Train Loss: 2.0408 | Train Acc: 0.7778
 Site-Painting  | Train Loss: 2.0291 | Train Acc: 0.7302
 Site-QuickDraw | Train Loss: 2.2219 | Train Acc: 0.2857
 Site-QuickDraw | Train Loss: 2.2299 | Train Acc: 0.2222
 Site-Real      | Train Loss: 2.0123 | Train Acc: 0.8095
 Site-Real      | Train Loss: 2.0513 | Train Acc: 0.7619
 Site-Sketch    | Train Loss: 2.0915 | Train Acc: 0.6508
 Site-Sketch    | Train Loss: 2.1196 | Train Acc: 0.4921
 Site-Infograph | Val  Loss: 2.2028 | Val  Acc: 0.3571
 Site-Infograph | Val  Loss: 2.2119 | Val  Acc: 0.3095
 Site-Painting  | Val  Loss: 2.0077 | Val  Acc: 0.8333
 Site-Painting  | Val  Loss: 2.0544 | Val  Acc: 0.6667
 Site-QuickDraw | Val  Loss: 2.2075 | Val  Acc: 0.1905
 Site-QuickDraw | Val  Loss: 2.2580 | Val  Acc: 0.1429
 Site-Real      | Val  Loss: 2.0447 | Val  Acc: 0.8095
 Site-Real      | Val  Loss: 2.0527 | Val  Acc: 0.7143
 Site-Sketch    | Val  Loss: 2.1163 | Val  Acc: 0.5238
 Site-Sketch    | Val  Loss: 2.1530 | Val  Acc: 0.5714
Average Valid Accuracy: 0.5119
 Best site-Infograph  | Epoch:3 | Val Acc: 0.3571
 Best site-Infograph  | Epoch:3 | Val Acc: 0.3095
 Best site-Painting   | Epoch:3 | Val Acc: 0.8333
 Best site-Painting   | Epoch:3 | Val Acc: 0.6667
 Best site-QuickDraw  | Epoch:3 | Val Acc: 0.1905
 Best site-QuickDraw  | Epoch:3 | Val Acc: 0.1429
 Best site-Real       | Epoch:3 | Val Acc: 0.8095
 Best site-Real       | Epoch:3 | Val Acc: 0.7143
 Best site-Sketch     | Epoch:3 | Val Acc: 0.5238
 Best site-Sketch     | Epoch:3 | Val Acc: 0.5714
 Saving the local and server checkpoint to ../checkpoint/fed_domainnet_even-sqrt/PromptFL_Clipart...
============ Train epoch 20 ============
============ Train epoch 21 ============
============ Train epoch 22 ============
============ Train epoch 23 ============
============ Train epoch 24 ============
 Site-Infograph | Train Loss: 2.2176 | Train Acc: 0.2698
 Site-Infograph | Train Loss: 2.1670 | Train Acc: 0.3968
 Site-Painting  | Train Loss: 1.9595 | Train Acc: 0.7937
 Site-Painting  | Train Loss: 1.9920 | Train Acc: 0.7302
 Site-QuickDraw | Train Loss: 2.2035 | Train Acc: 0.3016
 Site-QuickDraw | Train Loss: 2.2149 | Train Acc: 0.2540
 Site-Real      | Train Loss: 1.9655 | Train Acc: 0.7937
 Site-Real      | Train Loss: 1.9947 | Train Acc: 0.7778
 Site-Sketch    | Train Loss: 2.0404 | Train Acc: 0.7143
 Site-Sketch    | Train Loss: 2.0667 | Train Acc: 0.6032
 Site-Infograph | Val  Loss: 2.1681 | Val  Acc: 0.3810
 Site-Infograph | Val  Loss: 2.1845 | Val  Acc: 0.3095
 Site-Painting  | Val  Loss: 1.9415 | Val  Acc: 0.8571
 Site-Painting  | Val  Loss: 2.0258 | Val  Acc: 0.6429
 Site-QuickDraw | Val  Loss: 2.1886 | Val  Acc: 0.2619
 Site-QuickDraw | Val  Loss: 2.2396 | Val  Acc: 0.1905
 Site-Real      | Val  Loss: 1.9751 | Val  Acc: 0.8333
 Site-Real      | Val  Loss: 1.9957 | Val  Acc: 0.7381
 Site-Sketch    | Val  Loss: 2.0642 | Val  Acc: 0.6667
 Site-Sketch    | Val  Loss: 2.1044 | Val  Acc: 0.5238
Average Valid Accuracy: 0.5405
 Best site-Infograph  | Epoch:4 | Val Acc: 0.3810
 Best site-Infograph  | Epoch:4 | Val Acc: 0.3095
 Best site-Painting   | Epoch:4 | Val Acc: 0.8571
 Best site-Painting   | Epoch:4 | Val Acc: 0.6429
 Best site-QuickDraw  | Epoch:4 | Val Acc: 0.2619
 Best site-QuickDraw  | Epoch:4 | Val Acc: 0.1905
 Best site-Real       | Epoch:4 | Val Acc: 0.8333
 Best site-Real       | Epoch:4 | Val Acc: 0.7381
 Best site-Sketch     | Epoch:4 | Val Acc: 0.6667
 Best site-Sketch     | Epoch:4 | Val Acc: 0.5238
 Saving the local and server checkpoint to ../checkpoint/fed_domainnet_even-sqrt/PromptFL_Clipart...
============ Train epoch 25 ============
============ Train epoch 26 ============
============ Train epoch 27 ============
============ Train epoch 28 ============
============ Train epoch 29 ============
 Site-Infograph | Train Loss: 2.2030 | Train Acc: 0.3333
 Site-Infograph | Train Loss: 2.1394 | Train Acc: 0.4444
 Site-Painting  | Train Loss: 1.9409 | Train Acc: 0.7778
 Site-Painting  | Train Loss: 1.9124 | Train Acc: 0.8095
 Site-QuickDraw | Train Loss: 2.1877 | Train Acc: 0.3175
 Site-QuickDraw | Train Loss: 2.1807 | Train Acc: 0.3492
 Site-Real      | Train Loss: 1.9053 | Train Acc: 0.8095
 Site-Real      | Train Loss: 1.9326 | Train Acc: 0.8571
 Site-Sketch    | Train Loss: 1.9963 | Train Acc: 0.7302
 Site-Sketch    | Train Loss: 2.0382 | Train Acc: 0.5873
 Site-Infograph | Val  Loss: 2.1616 | Val  Acc: 0.4286
 Site-Infograph | Val  Loss: 2.1666 | Val  Acc: 0.3095
 Site-Painting  | Val  Loss: 1.8751 | Val  Acc: 0.9286
 Site-Painting  | Val  Loss: 1.9842 | Val  Acc: 0.7143
 Site-QuickDraw | Val  Loss: 2.1597 | Val  Acc: 0.4048
 Site-QuickDraw | Val  Loss: 2.2397 | Val  Acc: 0.2143
 Site-Real      | Val  Loss: 1.9121 | Val  Acc: 0.9048
 Site-Real      | Val  Loss: 1.9536 | Val  Acc: 0.7619
 Site-Sketch    | Val  Loss: 2.0152 | Val  Acc: 0.6667
 Site-Sketch    | Val  Loss: 2.0625 | Val  Acc: 0.5952
Average Valid Accuracy: 0.5929
 Best site-Infograph  | Epoch:5 | Val Acc: 0.4286
 Best site-Infograph  | Epoch:5 | Val Acc: 0.3095
 Best site-Painting   | Epoch:5 | Val Acc: 0.9286
 Best site-Painting   | Epoch:5 | Val Acc: 0.7143
 Best site-QuickDraw  | Epoch:5 | Val Acc: 0.4048
 Best site-QuickDraw  | Epoch:5 | Val Acc: 0.2143
 Best site-Real       | Epoch:5 | Val Acc: 0.9048
 Best site-Real       | Epoch:5 | Val Acc: 0.7619
 Best site-Sketch     | Epoch:5 | Val Acc: 0.6667
 Best site-Sketch     | Epoch:5 | Val Acc: 0.5952
 Saving the local and server checkpoint to ../checkpoint/fed_domainnet_even-sqrt/PromptFL_Clipart...
============ Train epoch 30 ============
============ Train epoch 31 ============
============ Train epoch 32 ============
============ Train epoch 33 ============
============ Train epoch 34 ============
 Site-Infograph | Train Loss: 2.1770 | Train Acc: 0.3492
 Site-Infograph | Train Loss: 2.1285 | Train Acc: 0.4127
 Site-Painting  | Train Loss: 1.8865 | Train Acc: 0.7778
 Site-Painting  | Train Loss: 1.8483 | Train Acc: 0.8571
 Site-QuickDraw | Train Loss: 2.1699 | Train Acc: 0.3492
 Site-QuickDraw | Train Loss: 2.1642 | Train Acc: 0.3492
 Site-Real      | Train Loss: 1.8558 | Train Acc: 0.8095
 Site-Real      | Train Loss: 1.8930 | Train Acc: 0.8730
 Site-Sketch    | Train Loss: 1.9433 | Train Acc: 0.7937
 Site-Sketch    | Train Loss: 1.9966 | Train Acc: 0.5714
 Site-Infograph | Val  Loss: 2.1221 | Val  Acc: 0.4048
 Site-Infograph | Val  Loss: 2.1387 | Val  Acc: 0.3095
 Site-Painting  | Val  Loss: 1.8075 | Val  Acc: 0.8810
 Site-Painting  | Val  Loss: 1.9264 | Val  Acc: 0.7381
 Site-QuickDraw | Val  Loss: 2.1364 | Val  Acc: 0.3571
 Site-QuickDraw | Val  Loss: 2.1935 | Val  Acc: 0.3571
 Site-Real      | Val  Loss: 1.8735 | Val  Acc: 0.8571
 Site-Real      | Val  Loss: 1.8897 | Val  Acc: 0.8333
 Site-Sketch    | Val  Loss: 2.0004 | Val  Acc: 0.6429
 Site-Sketch    | Val  Loss: 2.0115 | Val  Acc: 0.6905
Average Valid Accuracy: 0.6071
 Best site-Infograph  | Epoch:6 | Val Acc: 0.4048
 Best site-Infograph  | Epoch:6 | Val Acc: 0.3095
 Best site-Painting   | Epoch:6 | Val Acc: 0.8810
 Best site-Painting   | Epoch:6 | Val Acc: 0.7381
 Best site-QuickDraw  | Epoch:6 | Val Acc: 0.3571
 Best site-QuickDraw  | Epoch:6 | Val Acc: 0.3571
 Best site-Real       | Epoch:6 | Val Acc: 0.8571
 Best site-Real       | Epoch:6 | Val Acc: 0.8333
 Best site-Sketch     | Epoch:6 | Val Acc: 0.6429
 Best site-Sketch     | Epoch:6 | Val Acc: 0.6905
 Saving the local and server checkpoint to ../checkpoint/fed_domainnet_even-sqrt/PromptFL_Clipart...
============ Train epoch 35 ============
============ Train epoch 36 ============
============ Train epoch 37 ============
============ Train epoch 38 ============
============ Train epoch 39 ============
 Site-Infograph | Train Loss: 2.1422 | Train Acc: 0.3175
 Site-Infograph | Train Loss: 2.1072 | Train Acc: 0.4127
 Site-Painting  | Train Loss: 1.8576 | Train Acc: 0.8095
 Site-Painting  | Train Loss: 1.8174 | Train Acc: 0.8095
 Site-QuickDraw | Train Loss: 2.1464 | Train Acc: 0.3810
 Site-QuickDraw | Train Loss: 2.1418 | Train Acc: 0.3651
 Site-Real      | Train Loss: 1.7943 | Train Acc: 0.8254
 Site-Real      | Train Loss: 1.8338 | Train Acc: 0.8730
 Site-Sketch    | Train Loss: 1.8925 | Train Acc: 0.7460
 Site-Sketch    | Train Loss: 1.9622 | Train Acc: 0.6508
 Site-Infograph | Val  Loss: 2.1022 | Val  Acc: 0.3810
 Site-Infograph | Val  Loss: 2.1469 | Val  Acc: 0.3095
 Site-Painting  | Val  Loss: 1.7766 | Val  Acc: 0.8810
 Site-Painting  | Val  Loss: 1.8936 | Val  Acc: 0.7143
 Site-QuickDraw | Val  Loss: 2.1189 | Val  Acc: 0.3333
 Site-QuickDraw | Val  Loss: 2.1634 | Val  Acc: 0.3810
 Site-Real      | Val  Loss: 1.8172 | Val  Acc: 0.8810
 Site-Real      | Val  Loss: 1.8586 | Val  Acc: 0.7857
 Site-Sketch    | Val  Loss: 1.9475 | Val  Acc: 0.7143
 Site-Sketch    | Val  Loss: 1.9696 | Val  Acc: 0.6667
Average Valid Accuracy: 0.6048
============ Train epoch 40 ============
============ Train epoch 41 ============
============ Train epoch 42 ============
============ Train epoch 43 ============
============ Train epoch 44 ============
 Site-Infograph | Train Loss: 2.1512 | Train Acc: 0.3333
 Site-Infograph | Train Loss: 2.0777 | Train Acc: 0.4127
 Site-Painting  | Train Loss: 1.7919 | Train Acc: 0.8095
 Site-Painting  | Train Loss: 1.7611 | Train Acc: 0.8254
 Site-QuickDraw | Train Loss: 2.1374 | Train Acc: 0.3810
 Site-QuickDraw | Train Loss: 2.1359 | Train Acc: 0.3968
 Site-Real      | Train Loss: 1.7423 | Train Acc: 0.8571
 Site-Real      | Train Loss: 1.7872 | Train Acc: 0.8730
 Site-Sketch    | Train Loss: 1.8557 | Train Acc: 0.8254
 Site-Sketch    | Train Loss: 1.9175 | Train Acc: 0.6984
 Site-Infograph | Val  Loss: 2.0845 | Val  Acc: 0.4048
 Site-Infograph | Val  Loss: 2.1022 | Val  Acc: 0.3810
 Site-Painting  | Val  Loss: 1.7201 | Val  Acc: 0.9286
 Site-Painting  | Val  Loss: 1.8648 | Val  Acc: 0.7619
 Site-QuickDraw | Val  Loss: 2.0986 | Val  Acc: 0.4524
 Site-QuickDraw | Val  Loss: 2.1705 | Val  Acc: 0.3095
 Site-Real      | Val  Loss: 1.7688 | Val  Acc: 0.8810
 Site-Real      | Val  Loss: 1.7939 | Val  Acc: 0.8333
 Site-Sketch    | Val  Loss: 1.8868 | Val  Acc: 0.7381
 Site-Sketch    | Val  Loss: 1.9188 | Val  Acc: 0.7381
Average Valid Accuracy: 0.6429
 Best site-Infograph  | Epoch:8 | Val Acc: 0.4048
 Best site-Infograph  | Epoch:8 | Val Acc: 0.3810
 Best site-Painting   | Epoch:8 | Val Acc: 0.9286
 Best site-Painting   | Epoch:8 | Val Acc: 0.7619
 Best site-QuickDraw  | Epoch:8 | Val Acc: 0.4524
 Best site-QuickDraw  | Epoch:8 | Val Acc: 0.3095
 Best site-Real       | Epoch:8 | Val Acc: 0.8810
 Best site-Real       | Epoch:8 | Val Acc: 0.8333
 Best site-Sketch     | Epoch:8 | Val Acc: 0.7381
 Best site-Sketch     | Epoch:8 | Val Acc: 0.7381
 Saving the local and server checkpoint to ../checkpoint/fed_domainnet_even-sqrt/PromptFL_Clipart...
============ Train epoch 45 ============
============ Train epoch 46 ============
============ Train epoch 47 ============
============ Train epoch 48 ============
============ Train epoch 49 ============
 Site-Infograph | Train Loss: 2.1460 | Train Acc: 0.3651
 Site-Infograph | Train Loss: 2.0537 | Train Acc: 0.4286
 Site-Painting  | Train Loss: 1.7535 | Train Acc: 0.8413
 Site-Painting  | Train Loss: 1.7349 | Train Acc: 0.8254
 Site-QuickDraw | Train Loss: 2.1123 | Train Acc: 0.4286
 Site-QuickDraw | Train Loss: 2.1056 | Train Acc: 0.4444
 Site-Real      | Train Loss: 1.6948 | Train Acc: 0.8571
 Site-Real      | Train Loss: 1.7426 | Train Acc: 0.8889
 Site-Sketch    | Train Loss: 1.8093 | Train Acc: 0.8095
 Site-Sketch    | Train Loss: 1.8726 | Train Acc: 0.6667
 Site-Infograph | Val  Loss: 2.0585 | Val  Acc: 0.4048
 Site-Infograph | Val  Loss: 2.1178 | Val  Acc: 0.3095
 Site-Painting  | Val  Loss: 1.6733 | Val  Acc: 0.8571
 Site-Painting  | Val  Loss: 1.8157 | Val  Acc: 0.8333
 Site-QuickDraw | Val  Loss: 2.0793 | Val  Acc: 0.4524
 Site-QuickDraw | Val  Loss: 2.1539 | Val  Acc: 0.2857
 Site-Real      | Val  Loss: 1.7202 | Val  Acc: 0.9286
 Site-Real      | Val  Loss: 1.7491 | Val  Acc: 0.8810
 Site-Sketch    | Val  Loss: 1.8409 | Val  Acc: 0.6905
 Site-Sketch    | Val  Loss: 1.9051 | Val  Acc: 0.6905
Average Valid Accuracy: 0.6333
===2023-03-27 01:14:10===
===2023-03-27 01:14:11===
===Setting===
    dataset: domainnet
    lr: 0.01
    batch: 8
    iters: 10
    wk_iters: 5
domain number = 3
Loading snapshots...
Test Accuracy of Clipart: 0.7471
Average Test Accuracy: 0.7471
