===2023-08-14 11:21:29===
===Setting===
    dataset: domainnet
    lr: 0.01
    batch: 32
    iters: 10
    wk_iters: 1
    si: False
    domain_num: 6
    quantile: 0
    power_cs: 1
    std_rw: False
    gender_label: False
    binary_race: False
    save_iter: -1
    mix5: False
    power_relu: 1
    Ea_val: False
data_number=[63,189,63,189,63,189,63,189,63,189,63,189,
client_nums=[2,2,2,2,2,2,]
len_dataset=[2103,2103,2103,2103,2103,2103,]
domain number = 6
Loading snapshots...
 Test site-Clipart-0                 | Epoch:45 | Test Acc: 0.8855
 Test site-Clipart-1                 | Epoch:45 | Test Acc: 0.9086
 Test site-Real-0                    | Epoch:45 | Test Acc: 0.9342
 Test site-Real-1                    | Epoch:45 | Test Acc: 0.9594
 Test site-Painting-0                | Epoch:45 | Test Acc: 0.8701
 Test site-Painting-1                | Epoch:45 | Test Acc: 0.9310
 Test site-Sketch-0                  | Epoch:45 | Test Acc: 0.9275
 Test site-Sketch-1                  | Epoch:45 | Test Acc: 0.8675
 Test site-QuickDraw-0               | Epoch:45 | Test Acc: 0.7320
 Test site-QuickDraw-1               | Epoch:45 | Test Acc: 0.6787
 Test site-Infograph-0               | Epoch:45 | Test Acc: 0.4878
 Test site-Infograph-1               | Epoch:45 | Test Acc: 0.5854
Clipart-0: 0.8855, Clipart-1: 0.9086, Real-0: 0.9342, Real-1: 0.9594, Painting-0: 0.8701, Painting-1: 0.9310, Sketch-0: 0.9275, Sketch-1: 0.8675, QuickDraw-0: 0.7320, QuickDraw-1: 0.6787, Infograph-0: 0.4878, Infograph-1: 0.5854, 
Average Test Accuracy(group): 0.8140, Average Test Accuracy(individual): 0.8140,
domain std=0.1489, cluster std=-1.0000, individual std=0.1489, 
