===2023-08-14 11:22:43===
===Setting===
    dataset: domainnet
    lr: 0.01
    batch: 32
    iters: 10
    wk_iters: 1
    si: False
    domain_num: 6
    quantile: 0
    power_cs: 1
    std_rw: False
    gender_label: False
    binary_race: False
    save_iter: -1
    mix5: False
    power_relu: 1
    Ea_val: False
data_number=[63,189,63,189,63,189,63,189,63,189,63,189,
client_nums=[2,2,2,2,2,2,]
len_dataset=[2103,2103,2103,2103,2103,2103,]
domain number = 6
Loading snapshots...
 Test site-Clipart-0                 | Epoch:48 | Test Acc: 0.9084
 Test site-Clipart-1                 | Epoch:48 | Test Acc: 0.9137
 Test site-Real-0                    | Epoch:48 | Test Acc: 0.9441
 Test site-Real-1                    | Epoch:48 | Test Acc: 0.9594
 Test site-Painting-0                | Epoch:48 | Test Acc: 0.8766
 Test site-Painting-1                | Epoch:48 | Test Acc: 0.9224
 Test site-Sketch-0                  | Epoch:48 | Test Acc: 0.9203
 Test site-Sketch-1                  | Epoch:48 | Test Acc: 0.8819
 Test site-QuickDraw-0               | Epoch:48 | Test Acc: 0.7120
 Test site-QuickDraw-1               | Epoch:48 | Test Acc: 0.6600
 Test site-Infograph-0               | Epoch:48 | Test Acc: 0.5000
 Test site-Infograph-1               | Epoch:48 | Test Acc: 0.5732
Clipart-0: 0.9084, Clipart-1: 0.9137, Real-0: 0.9441, Real-1: 0.9594, Painting-0: 0.8766, Painting-1: 0.9224, Sketch-0: 0.9203, Sketch-1: 0.8819, QuickDraw-0: 0.7120, QuickDraw-1: 0.6600, Infograph-0: 0.5000, Infograph-1: 0.5732, 
Average Test Accuracy(group): 0.8143, Average Test Accuracy(individual): 0.8143,
domain std=0.1525, cluster std=-1.0000, individual std=0.1525, 
