===2023-06-07 16:02:05===
===Setting===
    dataset: fairface
    lr: 0.01
    batch: 32
    iters: 10
    wk_iters: 1
    si: False
    domain_num: -1
    quantile: 0
    std_rw: False
    gender_label: False
    binary_race: False
    save_iter: -1
data_number=[18,26,39,57,85,125,183,270,397,584,41,60,89,131,192,283,416,66,97,143,210,309,121,178,262,154,227,259,176,]
client_nums=[10,7,5,3,2,1,1,]
len_dataset=[2980,2027,1378,937,637,433,294,]
domain number = -1
Loading snapshots...
===2023-06-07 16:26:47===
===Setting===
    dataset: fairface
    lr: 0.01
    batch: 32
    iters: 10
    wk_iters: 1
    si: False
    domain_num: -1
    quantile: 0
    std_rw: False
    gender_label: False
    binary_race: False
    save_iter: -1
data_number=[18,26,39,57,85,125,183,270,397,584,41,60,89,131,192,283,416,66,97,143,210,309,121,178,262,154,227,259,176,]
client_nums=[10,7,5,3,2,1,1,]
len_dataset=[2980,2027,1378,937,637,433,294,]
domain number = -1
Loading snapshots...
===2023-06-07 17:01:38===
===Setting===
    dataset: fairface
    lr: 0.01
    batch: 32
    iters: 10
    wk_iters: 1
    si: False
    domain_num: -1
    quantile: 0
    std_rw: False
    gender_label: False
    binary_race: False
    save_iter: -1
data_number=[18,26,39,57,85,125,183,270,397,584,41,60,89,131,192,283,416,66,97,143,210,309,121,178,262,154,227,259,176,]
client_nums=[10,7,5,3,2,1,1,]
len_dataset=[2980,2027,1378,937,637,433,294,]
domain number = -1
Loading snapshots...
 Test site-White                     | Epoch:49 | Test Acc: 0.4519
 Test site-Latino_Hispanic           | Epoch:49 | Test Acc: 0.3639
 Test site-Black                     | Epoch:49 | Test Acc: 0.3500
 Test site-East_Asian                | Epoch:49 | Test Acc: 0.4903
 Test site-Indian                    | Epoch:49 | Test Acc: 0.3565
 Test site-Southeast_Asian           | Epoch:49 | Test Acc: 0.4259
 Test site-Middle_Eastern            | Epoch:49 | Test Acc: 0.4253
White: 0.4519, Latino_Hispanic: 0.3639, Black: 0.3500, East_Asian: 0.4903, Indian: 0.3565, Southeast_Asian: 0.4259, Middle_Eastern: 0.4253, 
Average Test Accuracy(group): 0.4091, Average Test Accuracy(individual): 0.4087,
domain std=0.0497, cluster std=-1.0000, individual std=0.0512, 
