===2023-03-16 03:44:41===
===Setting===
    lr: 0.01
    batch: 16
    iters: 3
    wk_iters: 10
===2023-03-16 05:14:19===
===Setting===
    lr: 0.01
    batch: 16
    iters: 3
    wk_iters: 10
============ Train epoch 0 ============
============ Train epoch 1 ============
============ Train epoch 2 ============
============ Train epoch 3 ============
============ Train epoch 4 ============
============ Train epoch 5 ============
============ Train epoch 6 ============
============ Train epoch 7 ============
============ Train epoch 8 ============
============ Train epoch 9 ============
 Site-MNIST     | Train Loss: 0.9027 | Train Acc: 0.7770
 Site-USPS      | Train Loss: 0.8873 | Train Acc: 0.8581
 Site-SynthDigits| Train Loss: 1.5387 | Train Acc: 0.5203
 Site-MNIST-M   | Train Loss: 1.7093 | Train Acc: 0.4797
 Site-MNIST     | Val  Loss: 1.0509 | Val  Acc: 0.6959
 Site-USPS      | Val  Loss: 1.0165 | Val  Acc: 0.7635
 Site-SynthDigits| Val  Loss: 1.8116 | Val  Acc: 0.3108
 Site-MNIST-M   | Val  Loss: 1.6955 | Val  Acc: 0.4797
 Best site-MNIST      | Epoch:0 | Val Acc: 0.6959
 Best site-USPS       | Epoch:0 | Val Acc: 0.7635
 Best site-SynthDigits | Epoch:0 | Val Acc: 0.3108
 Best site-MNIST-M    | Epoch:0 | Val Acc: 0.4797
 Saving the local and server checkpoint to ../checkpoint/digits/fed_digits/DoPrompt_lsim=False_target_idx=1...
 SVHN        | Test Acc On Target Domain: 0.2190
============ Train epoch 10 ============
============ Train epoch 11 ============
============ Train epoch 12 ============
============ Train epoch 13 ============
============ Train epoch 14 ============
============ Train epoch 15 ============
============ Train epoch 16 ============
============ Train epoch 17 ============
============ Train epoch 18 ============
============ Train epoch 19 ============
 Site-MNIST     | Train Loss: 0.6018 | Train Acc: 0.8649
 Site-USPS      | Train Loss: 0.5292 | Train Acc: 0.8851
 Site-SynthDigits| Train Loss: 1.2606 | Train Acc: 0.6216
 Site-MNIST-M   | Train Loss: 1.3554 | Train Acc: 0.6081
 Site-MNIST     | Val  Loss: 0.7135 | Val  Acc: 0.7703
 Site-USPS      | Val  Loss: 0.7098 | Val  Acc: 0.8108
 Site-SynthDigits| Val  Loss: 1.6304 | Val  Acc: 0.4189
 Site-MNIST-M   | Val  Loss: 1.3199 | Val  Acc: 0.6081
 Best site-MNIST      | Epoch:1 | Val Acc: 0.7703
 Best site-USPS       | Epoch:1 | Val Acc: 0.8108
 Best site-SynthDigits | Epoch:1 | Val Acc: 0.4189
 Best site-MNIST-M    | Epoch:1 | Val Acc: 0.6081
 Saving the local and server checkpoint to ../checkpoint/digits/fed_digits/DoPrompt_lsim=False_target_idx=1...
 SVHN        | Test Acc On Target Domain: 0.2415
============ Train epoch 20 ============
============ Train epoch 21 ============
============ Train epoch 22 ============
============ Train epoch 23 ============
============ Train epoch 24 ============
============ Train epoch 25 ============
============ Train epoch 26 ============
============ Train epoch 27 ============
============ Train epoch 28 ============
============ Train epoch 29 ============
 Site-MNIST     | Train Loss: 0.3637 | Train Acc: 0.9324
 Site-USPS      | Train Loss: 0.4210 | Train Acc: 0.9054
 Site-SynthDigits| Train Loss: 1.0233 | Train Acc: 0.6959
 Site-MNIST-M   | Train Loss: 1.0067 | Train Acc: 0.7432
 Site-MNIST     | Val  Loss: 0.5235 | Val  Acc: 0.8176
 Site-USPS      | Val  Loss: 0.5652 | Val  Acc: 0.8514
 Site-SynthDigits| Val  Loss: 1.4986 | Val  Acc: 0.4527
 Site-MNIST-M   | Val  Loss: 0.9870 | Val  Acc: 0.7432
 Best site-MNIST      | Epoch:2 | Val Acc: 0.8176
 Best site-USPS       | Epoch:2 | Val Acc: 0.8514
 Best site-SynthDigits | Epoch:2 | Val Acc: 0.4527
 Best site-MNIST-M    | Epoch:2 | Val Acc: 0.7432
 Saving the local and server checkpoint to ../checkpoint/digits/fed_digits/DoPrompt_lsim=False_target_idx=1...
 SVHN        | Test Acc On Target Domain: 0.2533
