===2023-03-16 03:44:39===
===Setting===
    lr: 0.01
    batch: 16
    iters: 3
    wk_iters: 10
===2023-03-16 04:14:27===
===Setting===
    lr: 0.01
    batch: 16
    iters: 3
    wk_iters: 10
============ Train epoch 0 ============
============ Train epoch 1 ============
============ Train epoch 2 ============
============ Train epoch 3 ============
============ Train epoch 4 ============
============ Train epoch 5 ============
============ Train epoch 6 ============
============ Train epoch 7 ============
============ Train epoch 8 ============
============ Train epoch 9 ============
 Site-SVHN      | Train Loss: 1.8687 | Train Acc: 0.3446
 Site-USPS      | Train Loss: 1.1300 | Train Acc: 0.7027
 Site-SynthDigits| Train Loss: 1.5723 | Train Acc: 0.5338
 Site-MNIST-M   | Train Loss: 1.7414 | Train Acc: 0.4730
 Site-SVHN      | Val  Loss: 2.1114 | Val  Acc: 0.2568
 Site-USPS      | Val  Loss: 1.3510 | Val  Acc: 0.5473
 Site-SynthDigits| Val  Loss: 1.7825 | Val  Acc: 0.3784
 Site-MNIST-M   | Val  Loss: 1.7243 | Val  Acc: 0.4730
 Best site-SVHN       | Epoch:0 | Val Acc: 0.2568
 Best site-USPS       | Epoch:0 | Val Acc: 0.5473
 Best site-SynthDigits | Epoch:0 | Val Acc: 0.3784
 Best site-MNIST-M    | Epoch:0 | Val Acc: 0.4730
 Saving the local and server checkpoint to ../checkpoint/digits/fed_digits/DoPrompt_lsim=False_target_idx=0...
 MNIST       | Test Acc On Target Domain: 0.4699
============ Train epoch 10 ============
============ Train epoch 11 ============
============ Train epoch 12 ============
============ Train epoch 13 ============
============ Train epoch 14 ============
============ Train epoch 15 ============
============ Train epoch 16 ============
============ Train epoch 17 ============
============ Train epoch 18 ============
============ Train epoch 19 ============
 Site-SVHN      | Train Loss: 1.6988 | Train Acc: 0.3649
 Site-USPS      | Train Loss: 0.7094 | Train Acc: 0.8243
 Site-SynthDigits| Train Loss: 1.2281 | Train Acc: 0.6216
 Site-MNIST-M   | Train Loss: 1.4291 | Train Acc: 0.5676
 Site-SVHN      | Val  Loss: 2.1387 | Val  Acc: 0.2635
 Site-USPS      | Val  Loss: 0.9999 | Val  Acc: 0.6824
 Site-SynthDigits| Val  Loss: 1.5453 | Val  Acc: 0.4662
 Site-MNIST-M   | Val  Loss: 1.3733 | Val  Acc: 0.5676
 Best site-SVHN       | Epoch:1 | Val Acc: 0.2635
 Best site-USPS       | Epoch:1 | Val Acc: 0.6824
 Best site-SynthDigits | Epoch:1 | Val Acc: 0.4662
 Best site-MNIST-M    | Epoch:1 | Val Acc: 0.5676
 Saving the local and server checkpoint to ../checkpoint/digits/fed_digits/DoPrompt_lsim=False_target_idx=0...
 MNIST       | Test Acc On Target Domain: 0.5193
============ Train epoch 20 ============
============ Train epoch 21 ============
============ Train epoch 22 ============
============ Train epoch 23 ============
============ Train epoch 24 ============
============ Train epoch 25 ============
============ Train epoch 26 ============
============ Train epoch 27 ============
============ Train epoch 28 ============
============ Train epoch 29 ============
 Site-SVHN      | Train Loss: 1.5478 | Train Acc: 0.4595
 Site-USPS      | Train Loss: 0.5156 | Train Acc: 0.8649
 Site-SynthDigits| Train Loss: 0.9985 | Train Acc: 0.6892
 Site-MNIST-M   | Train Loss: 1.1080 | Train Acc: 0.7365
 Site-SVHN      | Val  Loss: 2.1529 | Val  Acc: 0.2635
 Site-USPS      | Val  Loss: 0.7896 | Val  Acc: 0.7770
 Site-SynthDigits| Val  Loss: 1.3781 | Val  Acc: 0.5270
 Site-MNIST-M   | Val  Loss: 1.0727 | Val  Acc: 0.7365
 Best site-SVHN       | Epoch:2 | Val Acc: 0.2635
 Best site-USPS       | Epoch:2 | Val Acc: 0.7770
 Best site-SynthDigits | Epoch:2 | Val Acc: 0.5270
 Best site-MNIST-M    | Epoch:2 | Val Acc: 0.7365
 Saving the local and server checkpoint to ../checkpoint/digits/fed_digits/DoPrompt_lsim=False_target_idx=0...
 MNIST       | Test Acc On Target Domain: 0.5636
