===2023-08-15 15:37:44===
===Setting===
    dataset: digit
    lr: 0.01
    batch: 32
    iters: 2
    wk_iters: 1
    si: False
    domain_num: 5
    quantile: 0
    power_cs: 1
    std_rw: False
    gender_label: False
    binary_race: False
    save_iter: -1
    mix5: False
    power_relu: 1
    Ea_val: False
data_number=[22,66,22,66,22,66,22,66,22,66,
client_nums=[2,2,2,2,2,]
len_dataset=[743,743,743,743,743,]
domain number = 5
============ Train epoch 0 ============
cnt=[2, 2, 2, 2, 2, ]
power_decay: 0.9, powerI: 0.9500, powerC: 0.0500
 Site-MNIST                     (2) | Train Loss: 2.2836 | Train Acc: 0.2273
 Site-MNIST                     (2) | Train Loss: 2.2019 | Train Acc: 0.1970
 Site-USPS                      (4) | Train Loss: 2.1073 | Train Acc: 0.2273
 Site-USPS                      (4) | Train Loss: 2.1541 | Train Acc: 0.1667
 Site-SynthDigits               (0) | Train Loss: 2.3809 | Train Acc: 0.0000
 Site-SynthDigits               (0) | Train Loss: 2.2143 | Train Acc: 0.1364
 Site-MNIST-M                   (3) | Train Loss: 2.3437 | Train Acc: 0.1818
 Site-MNIST-M                   (3) | Train Loss: 2.2594 | Train Acc: 0.1364
 Site-SVHN                      (1) | Train Loss: 2.3121 | Train Acc: 0.0909
 Site-SVHN                      (1) | Train Loss: 2.2342 | Train Acc: 0.1061
Average Train Accuracy: 0.1470
 Best site-MNIST                     | Epoch:0 | Val Acc: 0.2273
 Best site-MNIST                     | Epoch:0 | Val Acc: 0.1970
 Best site-USPS                      | Epoch:0 | Val Acc: 0.2273
 Best site-USPS                      | Epoch:0 | Val Acc: 0.1667
 Best site-SynthDigits               | Epoch:0 | Val Acc: 0.0000
 Best site-SynthDigits               | Epoch:0 | Val Acc: 0.1364
 Best site-MNIST-M                   | Epoch:0 | Val Acc: 0.1818
 Best site-MNIST-M                   | Epoch:0 | Val Acc: 0.1364
 Best site-SVHN                      | Epoch:0 | Val Acc: 0.0909
 Best site-SVHN                      | Epoch:0 | Val Acc: 0.1061
 Saving the gmap checkpoint to ../checkpoint/fed_digit_debug-even_1.0_1/ccop_q=1_gmap...
 Saving the local and server checkpoint to ../checkpoint/fed_digit_debug-even_1.0_1/ccop_q=1...
============ Train epoch 1 ============
cnt=[4, 1, 2, 2, 1, ]
power_decay: 0.9, powerI: 0.9050, powerC: 0.0950
 Site-MNIST                     (0) | Train Loss: 2.2359 | Train Acc: 0.2727
 Site-MNIST                     (0) | Train Loss: 2.0785 | Train Acc: 0.3333
 Site-USPS                      (0) | Train Loss: 2.0437 | Train Acc: 0.4545
 Site-USPS                      (0) | Train Loss: 2.1487 | Train Acc: 0.3485
 Site-SynthDigits               (3) | Train Loss: 2.3730 | Train Acc: 0.0909
 Site-SynthDigits               (3) | Train Loss: 2.3013 | Train Acc: 0.1818
 Site-MNIST-M                   (1) | Train Loss: 2.3451 | Train Acc: 0.2273
 Site-MNIST-M                   (4) | Train Loss: 2.3693 | Train Acc: 0.1515
 Site-SVHN                      (2) | Train Loss: 2.2505 | Train Acc: 0.0909
 Site-SVHN                      (2) | Train Loss: 2.2990 | Train Acc: 0.1212
Average Train Accuracy: 0.2273
 Best site-MNIST                     | Epoch:1 | Val Acc: 0.2727
 Best site-MNIST                     | Epoch:1 | Val Acc: 0.3333
 Best site-USPS                      | Epoch:1 | Val Acc: 0.4545
 Best site-USPS                      | Epoch:1 | Val Acc: 0.3485
 Best site-SynthDigits               | Epoch:1 | Val Acc: 0.0909
 Best site-SynthDigits               | Epoch:1 | Val Acc: 0.1818
 Best site-MNIST-M                   | Epoch:1 | Val Acc: 0.2273
 Best site-MNIST-M                   | Epoch:1 | Val Acc: 0.1515
 Best site-SVHN                      | Epoch:1 | Val Acc: 0.0909
 Best site-SVHN                      | Epoch:1 | Val Acc: 0.1212
 Saving the gmap checkpoint to ../checkpoint/fed_digit_debug-even_1.0_1/ccop_q=1_gmap...
 Saving the local and server checkpoint to ../checkpoint/fed_digit_debug-even_1.0_1/ccop_q=1...
===2023-08-15 15:38:52===
