===2023-03-27 02:06:10===
===Setting===
    dataset: domainnet
    lr: 0.01
    batch: 16
    iters: 10
    wk_iters: 5
domain number = 3
============ Train epoch 0 ============
============ Train epoch 1 ============
============ Train epoch 2 ============
============ Train epoch 3 ============
============ Train epoch 4 ============
 Site-Clipart   | Train Loss: 2.2395 | Train Acc: 0.2857
 Site-Clipart   | Train Loss: 2.2123 | Train Acc: 0.3651
 Site-Infograph | Train Loss: 2.2815 | Train Acc: 0.1111
 Site-Infograph | Train Loss: 2.2662 | Train Acc: 0.1746
 Site-Painting  | Train Loss: 2.1968 | Train Acc: 0.3175
 Site-Painting  | Train Loss: 2.2042 | Train Acc: 0.3968
 Site-QuickDraw | Train Loss: 2.2775 | Train Acc: 0.1270
 Site-QuickDraw | Train Loss: 2.2943 | Train Acc: 0.0794
 Site-Real      | Train Loss: 2.2213 | Train Acc: 0.3651
 Site-Real      | Train Loss: 2.2229 | Train Acc: 0.3651
 Site-Clipart   | Val  Loss: 2.2132 | Val  Acc: 0.3571
 Site-Clipart   | Val  Loss: 2.2437 | Val  Acc: 0.2381
 Site-Infograph | Val  Loss: 2.2774 | Val  Acc: 0.0952
 Site-Infograph | Val  Loss: 2.2532 | Val  Acc: 0.1667
 Site-Painting  | Val  Loss: 2.1791 | Val  Acc: 0.5238
 Site-Painting  | Val  Loss: 2.2093 | Val  Acc: 0.3810
 Site-QuickDraw | Val  Loss: 2.2796 | Val  Acc: 0.1429
 Site-QuickDraw | Val  Loss: 2.3178 | Val  Acc: 0.0238
 Site-Real      | Val  Loss: 2.2176 | Val  Acc: 0.3333
 Site-Real      | Val  Loss: 2.2269 | Val  Acc: 0.4524
Average Valid Accuracy: 0.2714
 Best site-Clipart    | Epoch:0 | Val Acc: 0.3571
 Best site-Clipart    | Epoch:0 | Val Acc: 0.2381
 Best site-Infograph  | Epoch:0 | Val Acc: 0.0952
 Best site-Infograph  | Epoch:0 | Val Acc: 0.1667
 Best site-Painting   | Epoch:0 | Val Acc: 0.5238
 Best site-Painting   | Epoch:0 | Val Acc: 0.3810
 Best site-QuickDraw  | Epoch:0 | Val Acc: 0.1429
 Best site-QuickDraw  | Epoch:0 | Val Acc: 0.0238
 Best site-Real       | Epoch:0 | Val Acc: 0.3333
 Best site-Real       | Epoch:0 | Val Acc: 0.4524
 Saving the local and server checkpoint to ../checkpoint/fed_domainnet_even-sqrt/PromptFL_Sketch...
============ Train epoch 5 ============
============ Train epoch 6 ============
============ Train epoch 7 ============
============ Train epoch 8 ============
============ Train epoch 9 ============
 Site-Clipart   | Train Loss: 2.1796 | Train Acc: 0.4127
 Site-Clipart   | Train Loss: 2.1610 | Train Acc: 0.4603
 Site-Infograph | Train Loss: 2.2562 | Train Acc: 0.2381
 Site-Infograph | Train Loss: 2.2316 | Train Acc: 0.3175
 Site-Painting  | Train Loss: 2.1406 | Train Acc: 0.5397
 Site-Painting  | Train Loss: 2.1421 | Train Acc: 0.5556
 Site-QuickDraw | Train Loss: 2.2621 | Train Acc: 0.2540
 Site-QuickDraw | Train Loss: 2.2649 | Train Acc: 0.1429
 Site-Real      | Train Loss: 2.1521 | Train Acc: 0.5873
 Site-Real      | Train Loss: 2.1610 | Train Acc: 0.5238
 Site-Clipart   | Val  Loss: 2.1603 | Val  Acc: 0.4524
 Site-Clipart   | Val  Loss: 2.1759 | Val  Acc: 0.5000
 Site-Infograph | Val  Loss: 2.2538 | Val  Acc: 0.2857
 Site-Infograph | Val  Loss: 2.2438 | Val  Acc: 0.2381
 Site-Painting  | Val  Loss: 2.1158 | Val  Acc: 0.6429
 Site-Painting  | Val  Loss: 2.1722 | Val  Acc: 0.5000
 Site-QuickDraw | Val  Loss: 2.2639 | Val  Acc: 0.0952
 Site-QuickDraw | Val  Loss: 2.2860 | Val  Acc: 0.1429
 Site-Real      | Val  Loss: 2.1496 | Val  Acc: 0.6667
 Site-Real      | Val  Loss: 2.1556 | Val  Acc: 0.6429
Average Valid Accuracy: 0.4167
 Best site-Clipart    | Epoch:1 | Val Acc: 0.4524
 Best site-Clipart    | Epoch:1 | Val Acc: 0.5000
 Best site-Infograph  | Epoch:1 | Val Acc: 0.2857
 Best site-Infograph  | Epoch:1 | Val Acc: 0.2381
 Best site-Painting   | Epoch:1 | Val Acc: 0.6429
 Best site-Painting   | Epoch:1 | Val Acc: 0.5000
 Best site-QuickDraw  | Epoch:1 | Val Acc: 0.0952
 Best site-QuickDraw  | Epoch:1 | Val Acc: 0.1429
 Best site-Real       | Epoch:1 | Val Acc: 0.6667
 Best site-Real       | Epoch:1 | Val Acc: 0.6429
 Saving the local and server checkpoint to ../checkpoint/fed_domainnet_even-sqrt/PromptFL_Sketch...
============ Train epoch 10 ============
============ Train epoch 11 ============
============ Train epoch 12 ============
============ Train epoch 13 ============
============ Train epoch 14 ============
 Site-Clipart   | Train Loss: 2.1217 | Train Acc: 0.5714
 Site-Clipart   | Train Loss: 2.1205 | Train Acc: 0.6032
 Site-Infograph | Train Loss: 2.2409 | Train Acc: 0.2381
 Site-Infograph | Train Loss: 2.2169 | Train Acc: 0.3333
 Site-Painting  | Train Loss: 2.0921 | Train Acc: 0.6349
 Site-Painting  | Train Loss: 2.0706 | Train Acc: 0.7143
 Site-QuickDraw | Train Loss: 2.2451 | Train Acc: 0.2698
 Site-QuickDraw | Train Loss: 2.2497 | Train Acc: 0.1746
 Site-Real      | Train Loss: 2.0928 | Train Acc: 0.6984
 Site-Real      | Train Loss: 2.1092 | Train Acc: 0.6349
 Site-Clipart   | Val  Loss: 2.1227 | Val  Acc: 0.5714
 Site-Clipart   | Val  Loss: 2.1222 | Val  Acc: 0.5952
 Site-Infograph | Val  Loss: 2.2227 | Val  Acc: 0.3095
 Site-Infograph | Val  Loss: 2.2111 | Val  Acc: 0.3095
 Site-Painting  | Val  Loss: 2.0576 | Val  Acc: 0.6905
 Site-Painting  | Val  Loss: 2.1211 | Val  Acc: 0.5952
 Site-QuickDraw | Val  Loss: 2.2240 | Val  Acc: 0.1667
 Site-QuickDraw | Val  Loss: 2.2689 | Val  Acc: 0.1190
 Site-Real      | Val  Loss: 2.0964 | Val  Acc: 0.7381
 Site-Real      | Val  Loss: 2.1114 | Val  Acc: 0.6667
Average Valid Accuracy: 0.4762
 Best site-Clipart    | Epoch:2 | Val Acc: 0.5714
 Best site-Clipart    | Epoch:2 | Val Acc: 0.5952
 Best site-Infograph  | Epoch:2 | Val Acc: 0.3095
 Best site-Infograph  | Epoch:2 | Val Acc: 0.3095
 Best site-Painting   | Epoch:2 | Val Acc: 0.6905
 Best site-Painting   | Epoch:2 | Val Acc: 0.5952
 Best site-QuickDraw  | Epoch:2 | Val Acc: 0.1667
 Best site-QuickDraw  | Epoch:2 | Val Acc: 0.1190
 Best site-Real       | Epoch:2 | Val Acc: 0.7381
 Best site-Real       | Epoch:2 | Val Acc: 0.6667
 Saving the local and server checkpoint to ../checkpoint/fed_domainnet_even-sqrt/PromptFL_Sketch...
============ Train epoch 15 ============
============ Train epoch 16 ============
============ Train epoch 17 ============
============ Train epoch 18 ============
============ Train epoch 19 ============
 Site-Clipart   | Train Loss: 2.1003 | Train Acc: 0.5556
 Site-Clipart   | Train Loss: 2.0704 | Train Acc: 0.6984
 Site-Infograph | Train Loss: 2.2263 | Train Acc: 0.2381
 Site-Infograph | Train Loss: 2.1886 | Train Acc: 0.3968
 Site-Painting  | Train Loss: 2.0227 | Train Acc: 0.7302
 Site-Painting  | Train Loss: 2.0380 | Train Acc: 0.6825
 Site-QuickDraw | Train Loss: 2.2203 | Train Acc: 0.2857
 Site-QuickDraw | Train Loss: 2.2187 | Train Acc: 0.3175
 Site-Real      | Train Loss: 2.0341 | Train Acc: 0.7619
 Site-Real      | Train Loss: 2.0477 | Train Acc: 0.7302
 Site-Clipart   | Val  Loss: 2.0852 | Val  Acc: 0.6429
 Site-Clipart   | Val  Loss: 2.0780 | Val  Acc: 0.6429
 Site-Infograph | Val  Loss: 2.1807 | Val  Acc: 0.3810
 Site-Infograph | Val  Loss: 2.2071 | Val  Acc: 0.3333
 Site-Painting  | Val  Loss: 2.0086 | Val  Acc: 0.7619
 Site-Painting  | Val  Loss: 2.0593 | Val  Acc: 0.5952
 Site-QuickDraw | Val  Loss: 2.1959 | Val  Acc: 0.3571
 Site-QuickDraw | Val  Loss: 2.2409 | Val  Acc: 0.1905
 Site-Real      | Val  Loss: 2.0448 | Val  Acc: 0.7857
 Site-Real      | Val  Loss: 2.0588 | Val  Acc: 0.6905
Average Valid Accuracy: 0.5381
 Best site-Clipart    | Epoch:3 | Val Acc: 0.6429
 Best site-Clipart    | Epoch:3 | Val Acc: 0.6429
 Best site-Infograph  | Epoch:3 | Val Acc: 0.3810
 Best site-Infograph  | Epoch:3 | Val Acc: 0.3333
 Best site-Painting   | Epoch:3 | Val Acc: 0.7619
 Best site-Painting   | Epoch:3 | Val Acc: 0.5952
 Best site-QuickDraw  | Epoch:3 | Val Acc: 0.3571
 Best site-QuickDraw  | Epoch:3 | Val Acc: 0.1905
 Best site-Real       | Epoch:3 | Val Acc: 0.7857
 Best site-Real       | Epoch:3 | Val Acc: 0.6905
 Saving the local and server checkpoint to ../checkpoint/fed_domainnet_even-sqrt/PromptFL_Sketch...
============ Train epoch 20 ============
============ Train epoch 21 ============
============ Train epoch 22 ============
============ Train epoch 23 ============
============ Train epoch 24 ============
 Site-Clipart   | Train Loss: 2.0347 | Train Acc: 0.6667
 Site-Clipart   | Train Loss: 2.0307 | Train Acc: 0.6825
 Site-Infograph | Train Loss: 2.2127 | Train Acc: 0.2222
 Site-Infograph | Train Loss: 2.1760 | Train Acc: 0.3810
 Site-Painting  | Train Loss: 2.0000 | Train Acc: 0.7460
 Site-Painting  | Train Loss: 1.9720 | Train Acc: 0.7778
 Site-QuickDraw | Train Loss: 2.2130 | Train Acc: 0.2857
 Site-QuickDraw | Train Loss: 2.1913 | Train Acc: 0.2857
 Site-Real      | Train Loss: 1.9619 | Train Acc: 0.7619
 Site-Real      | Train Loss: 1.9926 | Train Acc: 0.8254
 Site-Clipart   | Val  Loss: 2.0346 | Val  Acc: 0.6905
 Site-Clipart   | Val  Loss: 2.0363 | Val  Acc: 0.6429
 Site-Infograph | Val  Loss: 2.1803 | Val  Acc: 0.3571
 Site-Infograph | Val  Loss: 2.1920 | Val  Acc: 0.3095
 Site-Painting  | Val  Loss: 1.9445 | Val  Acc: 0.8333
 Site-Painting  | Val  Loss: 2.0185 | Val  Acc: 0.7143
 Site-QuickDraw | Val  Loss: 2.1844 | Val  Acc: 0.3333
 Site-QuickDraw | Val  Loss: 2.2373 | Val  Acc: 0.1905
 Site-Real      | Val  Loss: 1.9710 | Val  Acc: 0.8333
 Site-Real      | Val  Loss: 2.0021 | Val  Acc: 0.7857
Average Valid Accuracy: 0.5690
 Best site-Clipart    | Epoch:4 | Val Acc: 0.6905
 Best site-Clipart    | Epoch:4 | Val Acc: 0.6429
 Best site-Infograph  | Epoch:4 | Val Acc: 0.3571
 Best site-Infograph  | Epoch:4 | Val Acc: 0.3095
 Best site-Painting   | Epoch:4 | Val Acc: 0.8333
 Best site-Painting   | Epoch:4 | Val Acc: 0.7143
 Best site-QuickDraw  | Epoch:4 | Val Acc: 0.3333
 Best site-QuickDraw  | Epoch:4 | Val Acc: 0.1905
 Best site-Real       | Epoch:4 | Val Acc: 0.8333
 Best site-Real       | Epoch:4 | Val Acc: 0.7857
 Saving the local and server checkpoint to ../checkpoint/fed_domainnet_even-sqrt/PromptFL_Sketch...
============ Train epoch 25 ============
============ Train epoch 26 ============
============ Train epoch 27 ============
============ Train epoch 28 ============
============ Train epoch 29 ============
 Site-Clipart   | Train Loss: 1.9967 | Train Acc: 0.6984
 Site-Clipart   | Train Loss: 1.9854 | Train Acc: 0.8254
 Site-Infograph | Train Loss: 2.2011 | Train Acc: 0.2857
 Site-Infograph | Train Loss: 2.1390 | Train Acc: 0.4127
 Site-Painting  | Train Loss: 1.9338 | Train Acc: 0.8095
 Site-Painting  | Train Loss: 1.9481 | Train Acc: 0.7619
 Site-QuickDraw | Train Loss: 2.1889 | Train Acc: 0.3175
 Site-QuickDraw | Train Loss: 2.1832 | Train Acc: 0.3651
 Site-Real      | Train Loss: 1.9122 | Train Acc: 0.7778
 Site-Real      | Train Loss: 1.9427 | Train Acc: 0.8254
 Site-Clipart   | Val  Loss: 2.0135 | Val  Acc: 0.7381
 Site-Clipart   | Val  Loss: 1.9775 | Val  Acc: 0.7143
 Site-Infograph | Val  Loss: 2.1413 | Val  Acc: 0.4048
 Site-Infograph | Val  Loss: 2.1635 | Val  Acc: 0.2619
 Site-Painting  | Val  Loss: 1.8717 | Val  Acc: 0.9048
 Site-Painting  | Val  Loss: 1.9881 | Val  Acc: 0.6667
 Site-QuickDraw | Val  Loss: 2.1549 | Val  Acc: 0.4286
 Site-QuickDraw | Val  Loss: 2.1959 | Val  Acc: 0.3333
 Site-Real      | Val  Loss: 1.9226 | Val  Acc: 0.8095
 Site-Real      | Val  Loss: 1.9555 | Val  Acc: 0.7619
Average Valid Accuracy: 0.6024
 Best site-Clipart    | Epoch:5 | Val Acc: 0.7381
 Best site-Clipart    | Epoch:5 | Val Acc: 0.7143
 Best site-Infograph  | Epoch:5 | Val Acc: 0.4048
 Best site-Infograph  | Epoch:5 | Val Acc: 0.2619
 Best site-Painting   | Epoch:5 | Val Acc: 0.9048
 Best site-Painting   | Epoch:5 | Val Acc: 0.6667
 Best site-QuickDraw  | Epoch:5 | Val Acc: 0.4286
 Best site-QuickDraw  | Epoch:5 | Val Acc: 0.3333
 Best site-Real       | Epoch:5 | Val Acc: 0.8095
 Best site-Real       | Epoch:5 | Val Acc: 0.7619
 Saving the local and server checkpoint to ../checkpoint/fed_domainnet_even-sqrt/PromptFL_Sketch...
============ Train epoch 30 ============
============ Train epoch 31 ============
============ Train epoch 32 ============
============ Train epoch 33 ============
============ Train epoch 34 ============
 Site-Clipart   | Train Loss: 1.9445 | Train Acc: 0.7460
 Site-Clipart   | Train Loss: 1.9501 | Train Acc: 0.7778
 Site-Infograph | Train Loss: 2.1980 | Train Acc: 0.3016
 Site-Infograph | Train Loss: 2.1035 | Train Acc: 0.4444
 Site-Painting  | Train Loss: 1.8880 | Train Acc: 0.8254
 Site-Painting  | Train Loss: 1.8669 | Train Acc: 0.7937
 Site-QuickDraw | Train Loss: 2.1610 | Train Acc: 0.3333
 Site-QuickDraw | Train Loss: 2.1604 | Train Acc: 0.4286
 Site-Real      | Train Loss: 1.8586 | Train Acc: 0.7937
 Site-Real      | Train Loss: 1.8835 | Train Acc: 0.8095
 Site-Clipart   | Val  Loss: 1.9616 | Val  Acc: 0.7619
 Site-Clipart   | Val  Loss: 1.9395 | Val  Acc: 0.8095
 Site-Infograph | Val  Loss: 2.1245 | Val  Acc: 0.4286
 Site-Infograph | Val  Loss: 2.1323 | Val  Acc: 0.3571
 Site-Painting  | Val  Loss: 1.8200 | Val  Acc: 0.8571
 Site-Painting  | Val  Loss: 1.9374 | Val  Acc: 0.7143
 Site-QuickDraw | Val  Loss: 2.1262 | Val  Acc: 0.5000
 Site-QuickDraw | Val  Loss: 2.1962 | Val  Acc: 0.2857
 Site-Real      | Val  Loss: 1.8697 | Val  Acc: 0.9048
 Site-Real      | Val  Loss: 1.9051 | Val  Acc: 0.7857
Average Valid Accuracy: 0.6405
 Best site-Clipart    | Epoch:6 | Val Acc: 0.7619
 Best site-Clipart    | Epoch:6 | Val Acc: 0.8095
 Best site-Infograph  | Epoch:6 | Val Acc: 0.4286
 Best site-Infograph  | Epoch:6 | Val Acc: 0.3571
 Best site-Painting   | Epoch:6 | Val Acc: 0.8571
 Best site-Painting   | Epoch:6 | Val Acc: 0.7143
 Best site-QuickDraw  | Epoch:6 | Val Acc: 0.5000
 Best site-QuickDraw  | Epoch:6 | Val Acc: 0.2857
 Best site-Real       | Epoch:6 | Val Acc: 0.9048
 Best site-Real       | Epoch:6 | Val Acc: 0.7857
 Saving the local and server checkpoint to ../checkpoint/fed_domainnet_even-sqrt/PromptFL_Sketch...
============ Train epoch 35 ============
============ Train epoch 36 ============
============ Train epoch 37 ============
============ Train epoch 38 ============
============ Train epoch 39 ============
 Site-Clipart   | Train Loss: 1.9178 | Train Acc: 0.7619
 Site-Clipart   | Train Loss: 1.9148 | Train Acc: 0.8095
 Site-Infograph | Train Loss: 2.1619 | Train Acc: 0.3492
 Site-Infograph | Train Loss: 2.0839 | Train Acc: 0.4444
 Site-Painting  | Train Loss: 1.8541 | Train Acc: 0.7778
 Site-Painting  | Train Loss: 1.8357 | Train Acc: 0.7937
 Site-QuickDraw | Train Loss: 2.1469 | Train Acc: 0.3810
 Site-QuickDraw | Train Loss: 2.1361 | Train Acc: 0.4603
 Site-Real      | Train Loss: 1.8117 | Train Acc: 0.7778
 Site-Real      | Train Loss: 1.8337 | Train Acc: 0.8254
 Site-Clipart   | Val  Loss: 1.9034 | Val  Acc: 0.7857
 Site-Clipart   | Val  Loss: 1.8851 | Val  Acc: 0.7619
 Site-Infograph | Val  Loss: 2.0946 | Val  Acc: 0.4286
 Site-Infograph | Val  Loss: 2.1256 | Val  Acc: 0.3810
 Site-Painting  | Val  Loss: 1.7747 | Val  Acc: 0.8571
 Site-Painting  | Val  Loss: 1.8927 | Val  Acc: 0.7857
 Site-QuickDraw | Val  Loss: 2.1117 | Val  Acc: 0.5000
 Site-QuickDraw | Val  Loss: 2.1885 | Val  Acc: 0.2857
 Site-Real      | Val  Loss: 1.8061 | Val  Acc: 0.8333
 Site-Real      | Val  Loss: 1.8492 | Val  Acc: 0.7857
Average Valid Accuracy: 0.6405
============ Train epoch 40 ============
============ Train epoch 41 ============
============ Train epoch 42 ============
============ Train epoch 43 ============
============ Train epoch 44 ============
 Site-Clipart   | Train Loss: 1.8663 | Train Acc: 0.7460
 Site-Clipart   | Train Loss: 1.8813 | Train Acc: 0.8254
 Site-Infograph | Train Loss: 2.1607 | Train Acc: 0.2857
 Site-Infograph | Train Loss: 2.0652 | Train Acc: 0.4127
 Site-Painting  | Train Loss: 1.8070 | Train Acc: 0.7937
 Site-Painting  | Train Loss: 1.7730 | Train Acc: 0.8571
 Site-QuickDraw | Train Loss: 2.1469 | Train Acc: 0.4127
 Site-QuickDraw | Train Loss: 2.1102 | Train Acc: 0.4762
 Site-Real      | Train Loss: 1.7509 | Train Acc: 0.8095
 Site-Real      | Train Loss: 1.7900 | Train Acc: 0.8571
 Site-Clipart   | Val  Loss: 1.8854 | Val  Acc: 0.7381
 Site-Clipart   | Val  Loss: 1.8606 | Val  Acc: 0.7143
 Site-Infograph | Val  Loss: 2.0706 | Val  Acc: 0.4048
 Site-Infograph | Val  Loss: 2.1120 | Val  Acc: 0.3571
 Site-Painting  | Val  Loss: 1.7110 | Val  Acc: 0.9048
 Site-Painting  | Val  Loss: 1.8154 | Val  Acc: 0.8333
 Site-QuickDraw | Val  Loss: 2.0818 | Val  Acc: 0.5476
 Site-QuickDraw | Val  Loss: 2.1597 | Val  Acc: 0.2857
 Site-Real      | Val  Loss: 1.7604 | Val  Acc: 0.8571
 Site-Real      | Val  Loss: 1.8163 | Val  Acc: 0.7619
Average Valid Accuracy: 0.6405
============ Train epoch 45 ============
============ Train epoch 46 ============
============ Train epoch 47 ============
============ Train epoch 48 ============
============ Train epoch 49 ============
 Site-Clipart   | Train Loss: 1.8304 | Train Acc: 0.7937
 Site-Clipart   | Train Loss: 1.8278 | Train Acc: 0.8095
 Site-Infograph | Train Loss: 2.1523 | Train Acc: 0.3175
 Site-Infograph | Train Loss: 2.0460 | Train Acc: 0.4603
 Site-Painting  | Train Loss: 1.7550 | Train Acc: 0.8254
 Site-Painting  | Train Loss: 1.7195 | Train Acc: 0.8571
 Site-QuickDraw | Train Loss: 2.1183 | Train Acc: 0.4444
 Site-QuickDraw | Train Loss: 2.0992 | Train Acc: 0.4603
 Site-Real      | Train Loss: 1.7282 | Train Acc: 0.7937
 Site-Real      | Train Loss: 1.7368 | Train Acc: 0.8571
 Site-Clipart   | Val  Loss: 1.8676 | Val  Acc: 0.7619
 Site-Clipart   | Val  Loss: 1.8212 | Val  Acc: 0.7857
 Site-Infograph | Val  Loss: 2.0475 | Val  Acc: 0.4048
 Site-Infograph | Val  Loss: 2.1018 | Val  Acc: 0.4286
 Site-Painting  | Val  Loss: 1.6560 | Val  Acc: 0.9524
 Site-Painting  | Val  Loss: 1.8128 | Val  Acc: 0.7381
 Site-QuickDraw | Val  Loss: 2.0661 | Val  Acc: 0.5952
 Site-QuickDraw | Val  Loss: 2.1317 | Val  Acc: 0.4286
 Site-Real      | Val  Loss: 1.6874 | Val  Acc: 0.8810
 Site-Real      | Val  Loss: 1.7707 | Val  Acc: 0.7857
Average Valid Accuracy: 0.6762
 Best site-Clipart    | Epoch:9 | Val Acc: 0.7619
 Best site-Clipart    | Epoch:9 | Val Acc: 0.7857
 Best site-Infograph  | Epoch:9 | Val Acc: 0.4048
 Best site-Infograph  | Epoch:9 | Val Acc: 0.4286
 Best site-Painting   | Epoch:9 | Val Acc: 0.9524
 Best site-Painting   | Epoch:9 | Val Acc: 0.7381
 Best site-QuickDraw  | Epoch:9 | Val Acc: 0.5952
 Best site-QuickDraw  | Epoch:9 | Val Acc: 0.4286
 Best site-Real       | Epoch:9 | Val Acc: 0.8810
 Best site-Real       | Epoch:9 | Val Acc: 0.7857
 Saving the local and server checkpoint to ../checkpoint/fed_domainnet_even-sqrt/PromptFL_Sketch...
===2023-03-27 02:18:49===
===2023-03-27 02:18:51===
===Setting===
    dataset: domainnet
    lr: 0.01
    batch: 8
    iters: 10
    wk_iters: 5
domain number = 3
Loading snapshots...
Test Accuracy of Sketch: 0.6895
Average Test Accuracy: 0.6895
