===2023-03-23 13:01:43===
===Setting===
    dataset: domainnet
    lr: 0.01
    batch: 32
    iters: 10
    wk_iters: 5
============ Train epoch 0 ============
============ Train epoch 1 ============
============ Train epoch 2 ============
============ Train epoch 3 ============
============ Train epoch 4 ============
 Site-Clipart   | Train Loss: 2.1676 | Train Acc: 0.2381
 Site-Clipart   | Train Loss: 2.0715 | Train Acc: 0.3492
 Site-Clipart   | Train Loss: 2.0674 | Train Acc: 0.3175
 Site-Clipart   | Train Loss: 2.0637 | Train Acc: 0.3333
 Site-Infograph | Train Loss: 2.2469 | Train Acc: 0.1905
 Site-Infograph | Train Loss: 2.2760 | Train Acc: 0.1746
 Site-Infograph | Train Loss: 2.2019 | Train Acc: 0.2222
 Site-Painting  | Train Loss: 2.1671 | Train Acc: 0.3016
 Site-Painting  | Train Loss: 2.1974 | Train Acc: 0.2381
 Site-QuickDraw | Train Loss: 2.3348 | Train Acc: 0.1111
 Site-Real      | Train Loss: 2.1431 | Train Acc: 0.3175
 Site-Sketch    | Train Loss: 2.0835 | Train Acc: 0.3651
 Site-Clipart   | Val  Loss: 2.0199 | Val  Acc: 0.2857
 Site-Clipart   | Val  Loss: 2.0752 | Val  Acc: 0.2619
 Site-Clipart   | Val  Loss: 2.0667 | Val  Acc: 0.3333
 Site-Clipart   | Val  Loss: 2.1699 | Val  Acc: 0.3095
 Site-Infograph | Val  Loss: 2.2542 | Val  Acc: 0.1190
 Site-Infograph | Val  Loss: 2.2600 | Val  Acc: 0.1905
 Site-Infograph | Val  Loss: 2.2112 | Val  Acc: 0.1905
 Site-Painting  | Val  Loss: 2.0678 | Val  Acc: 0.3333
 Site-Painting  | Val  Loss: 2.2309 | Val  Acc: 0.2381
 Site-QuickDraw | Val  Loss: 2.3262 | Val  Acc: 0.1667
 Site-Real      | Val  Loss: 2.2077 | Val  Acc: 0.2381
 Site-Sketch    | Val  Loss: 2.2032 | Val  Acc: 0.1667
Average Valid Accuracy: 0.2361
 Best site-Clipart    | Epoch:0 | Val Acc: 0.2857
 Best site-Clipart    | Epoch:0 | Val Acc: 0.2619
 Best site-Clipart    | Epoch:0 | Val Acc: 0.3333
 Best site-Clipart    | Epoch:0 | Val Acc: 0.3095
 Best site-Infograph  | Epoch:0 | Val Acc: 0.1190
 Best site-Infograph  | Epoch:0 | Val Acc: 0.1905
 Best site-Infograph  | Epoch:0 | Val Acc: 0.1905
 Best site-Painting   | Epoch:0 | Val Acc: 0.3333
 Best site-Painting   | Epoch:0 | Val Acc: 0.2381
 Best site-QuickDraw  | Epoch:0 | Val Acc: 0.1667
 Best site-Real       | Epoch:0 | Val Acc: 0.2381
 Best site-Sketch     | Epoch:0 | Val Acc: 0.1667
 Saving the local and server checkpoint to ../checkpoint/fed_domainnet_uneven_align0.5/FedPrompt_lsim=False...
============ Train epoch 5 ============
============ Train epoch 6 ============
============ Train epoch 7 ============
============ Train epoch 8 ============
============ Train epoch 9 ============
 Site-Clipart   | Train Loss: 1.9797 | Train Acc: 0.3810
 Site-Clipart   | Train Loss: 1.9579 | Train Acc: 0.4603
 Site-Clipart   | Train Loss: 1.8641 | Train Acc: 0.4921
 Site-Clipart   | Train Loss: 1.8859 | Train Acc: 0.4921
 Site-Infograph | Train Loss: 2.2141 | Train Acc: 0.1905
 Site-Infograph | Train Loss: 2.1938 | Train Acc: 0.2857
 Site-Infograph | Train Loss: 2.1249 | Train Acc: 0.2540
 Site-Painting  | Train Loss: 1.9895 | Train Acc: 0.4444
 Site-Painting  | Train Loss: 2.0264 | Train Acc: 0.4286
 Site-QuickDraw | Train Loss: 2.2607 | Train Acc: 0.2063
 Site-Real      | Train Loss: 1.9156 | Train Acc: 0.5397
 Site-Sketch    | Train Loss: 1.8747 | Train Acc: 0.5238
 Site-Clipart   | Val  Loss: 1.7418 | Val  Acc: 0.5714
 Site-Clipart   | Val  Loss: 1.8528 | Val  Acc: 0.4524
 Site-Clipart   | Val  Loss: 1.8857 | Val  Acc: 0.5238
 Site-Clipart   | Val  Loss: 1.9614 | Val  Acc: 0.5000
 Site-Infograph | Val  Loss: 2.1011 | Val  Acc: 0.3333
 Site-Infograph | Val  Loss: 2.1498 | Val  Acc: 0.3095
 Site-Infograph | Val  Loss: 2.1565 | Val  Acc: 0.1905
 Site-Painting  | Val  Loss: 1.8595 | Val  Acc: 0.5238
 Site-Painting  | Val  Loss: 2.0859 | Val  Acc: 0.3810
 Site-QuickDraw | Val  Loss: 2.2632 | Val  Acc: 0.1667
 Site-Real      | Val  Loss: 1.9835 | Val  Acc: 0.5000
 Site-Sketch    | Val  Loss: 2.0633 | Val  Acc: 0.3810
Average Valid Accuracy: 0.4028
 Best site-Clipart    | Epoch:1 | Val Acc: 0.5714
 Best site-Clipart    | Epoch:1 | Val Acc: 0.4524
 Best site-Clipart    | Epoch:1 | Val Acc: 0.5238
 Best site-Clipart    | Epoch:1 | Val Acc: 0.5000
 Best site-Infograph  | Epoch:1 | Val Acc: 0.3333
 Best site-Infograph  | Epoch:1 | Val Acc: 0.3095
 Best site-Infograph  | Epoch:1 | Val Acc: 0.1905
 Best site-Painting   | Epoch:1 | Val Acc: 0.5238
 Best site-Painting   | Epoch:1 | Val Acc: 0.3810
 Best site-QuickDraw  | Epoch:1 | Val Acc: 0.1667
 Best site-Real       | Epoch:1 | Val Acc: 0.5000
 Best site-Sketch     | Epoch:1 | Val Acc: 0.3810
 Saving the local and server checkpoint to ../checkpoint/fed_domainnet_uneven_align0.5/FedPrompt_lsim=False...
============ Train epoch 10 ============
============ Train epoch 11 ============
============ Train epoch 12 ============
============ Train epoch 13 ============
============ Train epoch 14 ============
 Site-Clipart   | Train Loss: 1.8091 | Train Acc: 0.4921
 Site-Clipart   | Train Loss: 1.7988 | Train Acc: 0.5556
 Site-Clipart   | Train Loss: 1.7414 | Train Acc: 0.6190
 Site-Clipart   | Train Loss: 1.7137 | Train Acc: 0.6349
 Site-Infograph | Train Loss: 2.1211 | Train Acc: 0.2063
 Site-Infograph | Train Loss: 2.0927 | Train Acc: 0.3016
 Site-Infograph | Train Loss: 2.0068 | Train Acc: 0.3651
 Site-Painting  | Train Loss: 1.8104 | Train Acc: 0.5397
 Site-Painting  | Train Loss: 1.8178 | Train Acc: 0.5556
 Site-QuickDraw | Train Loss: 2.2130 | Train Acc: 0.2381
 Site-Real      | Train Loss: 1.7017 | Train Acc: 0.6349
 Site-Sketch    | Train Loss: 1.7163 | Train Acc: 0.6667
 Site-Clipart   | Val  Loss: 1.6279 | Val  Acc: 0.5476
 Site-Clipart   | Val  Loss: 1.6606 | Val  Acc: 0.6429
 Site-Clipart   | Val  Loss: 1.7196 | Val  Acc: 0.6667
 Site-Clipart   | Val  Loss: 1.7670 | Val  Acc: 0.6190
 Site-Infograph | Val  Loss: 2.0413 | Val  Acc: 0.3810
 Site-Infograph | Val  Loss: 2.0889 | Val  Acc: 0.3095
 Site-Infograph | Val  Loss: 2.1494 | Val  Acc: 0.2381
 Site-Painting  | Val  Loss: 1.7027 | Val  Acc: 0.5238
 Site-Painting  | Val  Loss: 1.9781 | Val  Acc: 0.4524
 Site-QuickDraw | Val  Loss: 2.2155 | Val  Acc: 0.2143
 Site-Real      | Val  Loss: 1.8740 | Val  Acc: 0.5952
 Site-Sketch    | Val  Loss: 1.9210 | Val  Acc: 0.4762
Average Valid Accuracy: 0.4722
 Best site-Clipart    | Epoch:2 | Val Acc: 0.5476
 Best site-Clipart    | Epoch:2 | Val Acc: 0.6429
 Best site-Clipart    | Epoch:2 | Val Acc: 0.6667
 Best site-Clipart    | Epoch:2 | Val Acc: 0.6190
 Best site-Infograph  | Epoch:2 | Val Acc: 0.3810
 Best site-Infograph  | Epoch:2 | Val Acc: 0.3095
 Best site-Infograph  | Epoch:2 | Val Acc: 0.2381
 Best site-Painting   | Epoch:2 | Val Acc: 0.5238
 Best site-Painting   | Epoch:2 | Val Acc: 0.4524
 Best site-QuickDraw  | Epoch:2 | Val Acc: 0.2143
 Best site-Real       | Epoch:2 | Val Acc: 0.5952
 Best site-Sketch     | Epoch:2 | Val Acc: 0.4762
 Saving the local and server checkpoint to ../checkpoint/fed_domainnet_uneven_align0.5/FedPrompt_lsim=False...
============ Train epoch 15 ============
============ Train epoch 16 ============
============ Train epoch 17 ============
============ Train epoch 18 ============
============ Train epoch 19 ============
 Site-Clipart   | Train Loss: 1.6774 | Train Acc: 0.5556
 Site-Clipart   | Train Loss: 1.6279 | Train Acc: 0.7302
 Site-Clipart   | Train Loss: 1.5428 | Train Acc: 0.6349
 Site-Clipart   | Train Loss: 1.5487 | Train Acc: 0.6825
 Site-Infograph | Train Loss: 2.0584 | Train Acc: 0.3016
 Site-Infograph | Train Loss: 2.0284 | Train Acc: 0.3333
 Site-Infograph | Train Loss: 1.8745 | Train Acc: 0.4921
 Site-Painting  | Train Loss: 1.6989 | Train Acc: 0.6032
 Site-Painting  | Train Loss: 1.7365 | Train Acc: 0.5397
 Site-QuickDraw | Train Loss: 2.2034 | Train Acc: 0.1905
 Site-Real      | Train Loss: 1.6235 | Train Acc: 0.6190
 Site-Sketch    | Train Loss: 1.5863 | Train Acc: 0.6667
 Site-Clipart   | Val  Loss: 1.4913 | Val  Acc: 0.6190
 Site-Clipart   | Val  Loss: 1.4550 | Val  Acc: 0.6190
 Site-Clipart   | Val  Loss: 1.6270 | Val  Acc: 0.6429
 Site-Clipart   | Val  Loss: 1.6825 | Val  Acc: 0.5476
 Site-Infograph | Val  Loss: 1.9615 | Val  Acc: 0.4762
 Site-Infograph | Val  Loss: 1.9865 | Val  Acc: 0.4048
 Site-Infograph | Val  Loss: 2.0352 | Val  Acc: 0.2857
 Site-Painting  | Val  Loss: 1.6040 | Val  Acc: 0.6190
 Site-Painting  | Val  Loss: 1.7625 | Val  Acc: 0.5238
 Site-QuickDraw | Val  Loss: 2.1734 | Val  Acc: 0.2619
 Site-Real      | Val  Loss: 1.7271 | Val  Acc: 0.6190
 Site-Sketch    | Val  Loss: 1.8137 | Val  Acc: 0.5714
Average Valid Accuracy: 0.5159
 Best site-Clipart    | Epoch:3 | Val Acc: 0.6190
 Best site-Clipart    | Epoch:3 | Val Acc: 0.6190
 Best site-Clipart    | Epoch:3 | Val Acc: 0.6429
 Best site-Clipart    | Epoch:3 | Val Acc: 0.5476
 Best site-Infograph  | Epoch:3 | Val Acc: 0.4762
 Best site-Infograph  | Epoch:3 | Val Acc: 0.4048
 Best site-Infograph  | Epoch:3 | Val Acc: 0.2857
 Best site-Painting   | Epoch:3 | Val Acc: 0.6190
 Best site-Painting   | Epoch:3 | Val Acc: 0.5238
 Best site-QuickDraw  | Epoch:3 | Val Acc: 0.2619
 Best site-Real       | Epoch:3 | Val Acc: 0.6190
 Best site-Sketch     | Epoch:3 | Val Acc: 0.5714
 Saving the local and server checkpoint to ../checkpoint/fed_domainnet_uneven_align0.5/FedPrompt_lsim=False...
============ Train epoch 20 ============
============ Train epoch 21 ============
============ Train epoch 22 ============
============ Train epoch 23 ============
============ Train epoch 24 ============
 Site-Clipart   | Train Loss: 1.5489 | Train Acc: 0.6032
 Site-Clipart   | Train Loss: 1.5061 | Train Acc: 0.7460
 Site-Clipart   | Train Loss: 1.4178 | Train Acc: 0.7143
 Site-Clipart   | Train Loss: 1.4519 | Train Acc: 0.6984
 Site-Infograph | Train Loss: 2.0214 | Train Acc: 0.2698
 Site-Infograph | Train Loss: 1.9097 | Train Acc: 0.3810
 Site-Infograph | Train Loss: 1.8045 | Train Acc: 0.4762
 Site-Painting  | Train Loss: 1.5215 | Train Acc: 0.6508
 Site-Painting  | Train Loss: 1.5787 | Train Acc: 0.5714
 Site-QuickDraw | Train Loss: 2.1531 | Train Acc: 0.3016
 Site-Real      | Train Loss: 1.4216 | Train Acc: 0.7937
 Site-Sketch    | Train Loss: 1.4193 | Train Acc: 0.7619
 Site-Clipart   | Val  Loss: 1.3348 | Val  Acc: 0.7381
 Site-Clipart   | Val  Loss: 1.2988 | Val  Acc: 0.8095
 Site-Clipart   | Val  Loss: 1.4694 | Val  Acc: 0.7381
 Site-Clipart   | Val  Loss: 1.4839 | Val  Acc: 0.7857
 Site-Infograph | Val  Loss: 1.9270 | Val  Acc: 0.5000
 Site-Infograph | Val  Loss: 1.9292 | Val  Acc: 0.4048
 Site-Infograph | Val  Loss: 2.0274 | Val  Acc: 0.3571
 Site-Painting  | Val  Loss: 1.3942 | Val  Acc: 0.7381
 Site-Painting  | Val  Loss: 1.5836 | Val  Acc: 0.5714
 Site-QuickDraw | Val  Loss: 2.1182 | Val  Acc: 0.3571
 Site-Real      | Val  Loss: 1.6266 | Val  Acc: 0.6905
 Site-Sketch    | Val  Loss: 1.6714 | Val  Acc: 0.6190
Average Valid Accuracy: 0.6091
 Best site-Clipart    | Epoch:4 | Val Acc: 0.7381
 Best site-Clipart    | Epoch:4 | Val Acc: 0.8095
 Best site-Clipart    | Epoch:4 | Val Acc: 0.7381
 Best site-Clipart    | Epoch:4 | Val Acc: 0.7857
 Best site-Infograph  | Epoch:4 | Val Acc: 0.5000
 Best site-Infograph  | Epoch:4 | Val Acc: 0.4048
 Best site-Infograph  | Epoch:4 | Val Acc: 0.3571
 Best site-Painting   | Epoch:4 | Val Acc: 0.7381
 Best site-Painting   | Epoch:4 | Val Acc: 0.5714
 Best site-QuickDraw  | Epoch:4 | Val Acc: 0.3571
 Best site-Real       | Epoch:4 | Val Acc: 0.6905
 Best site-Sketch     | Epoch:4 | Val Acc: 0.6190
 Saving the local and server checkpoint to ../checkpoint/fed_domainnet_uneven_align0.5/FedPrompt_lsim=False...
============ Train epoch 25 ============
============ Train epoch 26 ============
============ Train epoch 27 ============
============ Train epoch 28 ============
============ Train epoch 29 ============
 Site-Clipart   | Train Loss: 1.4556 | Train Acc: 0.5714
 Site-Clipart   | Train Loss: 1.4322 | Train Acc: 0.7302
 Site-Clipart   | Train Loss: 1.2857 | Train Acc: 0.7778
 Site-Clipart   | Train Loss: 1.3022 | Train Acc: 0.8095
 Site-Infograph | Train Loss: 1.9400 | Train Acc: 0.3333
 Site-Infograph | Train Loss: 1.8885 | Train Acc: 0.4127
 Site-Infograph | Train Loss: 1.7161 | Train Acc: 0.4921
 Site-Painting  | Train Loss: 1.4711 | Train Acc: 0.6825
 Site-Painting  | Train Loss: 1.4598 | Train Acc: 0.6984
 Site-QuickDraw | Train Loss: 2.1271 | Train Acc: 0.2698
 Site-Real      | Train Loss: 1.3303 | Train Acc: 0.7778
 Site-Sketch    | Train Loss: 1.3549 | Train Acc: 0.7302
 Site-Clipart   | Val  Loss: 1.1825 | Val  Acc: 0.6905
 Site-Clipart   | Val  Loss: 1.1630 | Val  Acc: 0.7857
 Site-Clipart   | Val  Loss: 1.3671 | Val  Acc: 0.7619
 Site-Clipart   | Val  Loss: 1.4195 | Val  Acc: 0.6667
 Site-Infograph | Val  Loss: 1.8887 | Val  Acc: 0.4524
 Site-Infograph | Val  Loss: 1.8710 | Val  Acc: 0.4048
 Site-Infograph | Val  Loss: 1.9787 | Val  Acc: 0.3333
 Site-Painting  | Val  Loss: 1.3221 | Val  Acc: 0.7619
 Site-Painting  | Val  Loss: 1.4789 | Val  Acc: 0.5952
 Site-QuickDraw | Val  Loss: 2.0870 | Val  Acc: 0.3333
 Site-Real      | Val  Loss: 1.4356 | Val  Acc: 0.7619
 Site-Sketch    | Val  Loss: 1.6258 | Val  Acc: 0.5952
Average Valid Accuracy: 0.5952
============ Train epoch 30 ============
============ Train epoch 31 ============
============ Train epoch 32 ============
============ Train epoch 33 ============
============ Train epoch 34 ============
 Site-Clipart   | Train Loss: 1.3524 | Train Acc: 0.6190
 Site-Clipart   | Train Loss: 1.3104 | Train Acc: 0.7778
 Site-Clipart   | Train Loss: 1.1759 | Train Acc: 0.8095
 Site-Clipart   | Train Loss: 1.2400 | Train Acc: 0.8095
 Site-Infograph | Train Loss: 1.9209 | Train Acc: 0.3016
 Site-Infograph | Train Loss: 1.8455 | Train Acc: 0.4444
 Site-Infograph | Train Loss: 1.6217 | Train Acc: 0.5397
 Site-Painting  | Train Loss: 1.3269 | Train Acc: 0.7302
 Site-Painting  | Train Loss: 1.3328 | Train Acc: 0.7302
 Site-QuickDraw | Train Loss: 2.0530 | Train Acc: 0.3333
 Site-Real      | Train Loss: 1.2051 | Train Acc: 0.7778
 Site-Sketch    | Train Loss: 1.2321 | Train Acc: 0.7619
 Site-Clipart   | Val  Loss: 1.0289 | Val  Acc: 0.7857
 Site-Clipart   | Val  Loss: 1.1111 | Val  Acc: 0.7857
 Site-Clipart   | Val  Loss: 1.1711 | Val  Acc: 0.7619
 Site-Clipart   | Val  Loss: 1.3489 | Val  Acc: 0.7143
 Site-Infograph | Val  Loss: 1.7504 | Val  Acc: 0.5476
 Site-Infograph | Val  Loss: 1.7791 | Val  Acc: 0.5000
 Site-Infograph | Val  Loss: 1.9024 | Val  Acc: 0.3810
 Site-Painting  | Val  Loss: 1.1662 | Val  Acc: 0.8095
 Site-Painting  | Val  Loss: 1.4107 | Val  Acc: 0.5952
 Site-QuickDraw | Val  Loss: 2.0449 | Val  Acc: 0.3810
 Site-Real      | Val  Loss: 1.2970 | Val  Acc: 0.7857
 Site-Sketch    | Val  Loss: 1.5009 | Val  Acc: 0.6429
Average Valid Accuracy: 0.6409
 Best site-Clipart    | Epoch:6 | Val Acc: 0.7857
 Best site-Clipart    | Epoch:6 | Val Acc: 0.7857
 Best site-Clipart    | Epoch:6 | Val Acc: 0.7619
 Best site-Clipart    | Epoch:6 | Val Acc: 0.7143
 Best site-Infograph  | Epoch:6 | Val Acc: 0.5476
 Best site-Infograph  | Epoch:6 | Val Acc: 0.5000
 Best site-Infograph  | Epoch:6 | Val Acc: 0.3810
 Best site-Painting   | Epoch:6 | Val Acc: 0.8095
 Best site-Painting   | Epoch:6 | Val Acc: 0.5952
 Best site-QuickDraw  | Epoch:6 | Val Acc: 0.3810
 Best site-Real       | Epoch:6 | Val Acc: 0.7857
 Best site-Sketch     | Epoch:6 | Val Acc: 0.6429
 Saving the local and server checkpoint to ../checkpoint/fed_domainnet_uneven_align0.5/FedPrompt_lsim=False...
============ Train epoch 35 ============
============ Train epoch 36 ============
============ Train epoch 37 ============
============ Train epoch 38 ============
============ Train epoch 39 ============
 Site-Clipart   | Train Loss: 1.1531 | Train Acc: 0.7937
 Site-Clipart   | Train Loss: 1.2419 | Train Acc: 0.7619
 Site-Clipart   | Train Loss: 1.1219 | Train Acc: 0.7619
 Site-Clipart   | Train Loss: 1.1338 | Train Acc: 0.8571
 Site-Infograph | Train Loss: 1.8736 | Train Acc: 0.3492
 Site-Infograph | Train Loss: 1.7605 | Train Acc: 0.4286
 Site-Infograph | Train Loss: 1.5790 | Train Acc: 0.5238
 Site-Painting  | Train Loss: 1.2809 | Train Acc: 0.7778
 Site-Painting  | Train Loss: 1.2265 | Train Acc: 0.7460
 Site-QuickDraw | Train Loss: 2.0464 | Train Acc: 0.3016
 Site-Real      | Train Loss: 1.1809 | Train Acc: 0.7937
 Site-Sketch    | Train Loss: 1.1735 | Train Acc: 0.7619
 Site-Clipart   | Val  Loss: 1.0423 | Val  Acc: 0.7857
 Site-Clipart   | Val  Loss: 1.0608 | Val  Acc: 0.8095
 Site-Clipart   | Val  Loss: 1.2273 | Val  Acc: 0.7143
 Site-Clipart   | Val  Loss: 1.2821 | Val  Acc: 0.7381
 Site-Infograph | Val  Loss: 1.7284 | Val  Acc: 0.4762
 Site-Infograph | Val  Loss: 1.7527 | Val  Acc: 0.5238
 Site-Infograph | Val  Loss: 1.8732 | Val  Acc: 0.3810
 Site-Painting  | Val  Loss: 1.1310 | Val  Acc: 0.8333
 Site-Painting  | Val  Loss: 1.3252 | Val  Acc: 0.6905
 Site-QuickDraw | Val  Loss: 2.0192 | Val  Acc: 0.3571
 Site-Real      | Val  Loss: 1.2113 | Val  Acc: 0.7857
 Site-Sketch    | Val  Loss: 1.4649 | Val  Acc: 0.6190
Average Valid Accuracy: 0.6429
 Best site-Clipart    | Epoch:7 | Val Acc: 0.7857
 Best site-Clipart    | Epoch:7 | Val Acc: 0.8095
 Best site-Clipart    | Epoch:7 | Val Acc: 0.7143
 Best site-Clipart    | Epoch:7 | Val Acc: 0.7381
 Best site-Infograph  | Epoch:7 | Val Acc: 0.4762
 Best site-Infograph  | Epoch:7 | Val Acc: 0.5238
 Best site-Infograph  | Epoch:7 | Val Acc: 0.3810
 Best site-Painting   | Epoch:7 | Val Acc: 0.8333
 Best site-Painting   | Epoch:7 | Val Acc: 0.6905
 Best site-QuickDraw  | Epoch:7 | Val Acc: 0.3571
 Best site-Real       | Epoch:7 | Val Acc: 0.7857
 Best site-Sketch     | Epoch:7 | Val Acc: 0.6190
 Saving the local and server checkpoint to ../checkpoint/fed_domainnet_uneven_align0.5/FedPrompt_lsim=False...
============ Train epoch 40 ============
============ Train epoch 41 ============
============ Train epoch 42 ============
============ Train epoch 43 ============
============ Train epoch 44 ============
 Site-Clipart   | Train Loss: 1.1484 | Train Acc: 0.7778
 Site-Clipart   | Train Loss: 1.1038 | Train Acc: 0.8254
 Site-Clipart   | Train Loss: 0.9764 | Train Acc: 0.7937
 Site-Clipart   | Train Loss: 1.0202 | Train Acc: 0.8254
 Site-Infograph | Train Loss: 1.8787 | Train Acc: 0.3333
 Site-Infograph | Train Loss: 1.7388 | Train Acc: 0.4444
 Site-Infograph | Train Loss: 1.4895 | Train Acc: 0.5873
 Site-Painting  | Train Loss: 1.0709 | Train Acc: 0.7778
 Site-Painting  | Train Loss: 1.1515 | Train Acc: 0.7460
 Site-QuickDraw | Train Loss: 1.9708 | Train Acc: 0.3651
 Site-Real      | Train Loss: 0.9756 | Train Acc: 0.8730
 Site-Sketch    | Train Loss: 1.0857 | Train Acc: 0.7778
 Site-Clipart   | Val  Loss: 0.8282 | Val  Acc: 0.8571
 Site-Clipart   | Val  Loss: 0.9095 | Val  Acc: 0.8571
 Site-Clipart   | Val  Loss: 1.1310 | Val  Acc: 0.7619
 Site-Clipart   | Val  Loss: 1.2063 | Val  Acc: 0.7143
 Site-Infograph | Val  Loss: 1.6755 | Val  Acc: 0.5238
 Site-Infograph | Val  Loss: 1.6352 | Val  Acc: 0.5000
 Site-Infograph | Val  Loss: 1.8218 | Val  Acc: 0.3333
 Site-Painting  | Val  Loss: 0.9642 | Val  Acc: 0.8095
 Site-Painting  | Val  Loss: 1.2363 | Val  Acc: 0.7143
 Site-QuickDraw | Val  Loss: 1.9783 | Val  Acc: 0.4048
 Site-Real      | Val  Loss: 1.0549 | Val  Acc: 0.8333
 Site-Sketch    | Val  Loss: 1.4280 | Val  Acc: 0.7381
Average Valid Accuracy: 0.6706
 Best site-Clipart    | Epoch:8 | Val Acc: 0.8571
 Best site-Clipart    | Epoch:8 | Val Acc: 0.8571
 Best site-Clipart    | Epoch:8 | Val Acc: 0.7619
 Best site-Clipart    | Epoch:8 | Val Acc: 0.7143
 Best site-Infograph  | Epoch:8 | Val Acc: 0.5238
 Best site-Infograph  | Epoch:8 | Val Acc: 0.5000
 Best site-Infograph  | Epoch:8 | Val Acc: 0.3333
 Best site-Painting   | Epoch:8 | Val Acc: 0.8095
 Best site-Painting   | Epoch:8 | Val Acc: 0.7143
 Best site-QuickDraw  | Epoch:8 | Val Acc: 0.4048
 Best site-Real       | Epoch:8 | Val Acc: 0.8333
 Best site-Sketch     | Epoch:8 | Val Acc: 0.7381
 Saving the local and server checkpoint to ../checkpoint/fed_domainnet_uneven_align0.5/FedPrompt_lsim=False...
============ Train epoch 45 ============
============ Train epoch 46 ============
============ Train epoch 47 ============
============ Train epoch 48 ============
============ Train epoch 49 ============
 Site-Clipart   | Train Loss: 1.0464 | Train Acc: 0.7937
 Site-Clipart   | Train Loss: 1.0947 | Train Acc: 0.8413
 Site-Clipart   | Train Loss: 0.9801 | Train Acc: 0.8413
 Site-Clipart   | Train Loss: 0.9560 | Train Acc: 0.8413
 Site-Infograph | Train Loss: 1.8071 | Train Acc: 0.4444
 Site-Infograph | Train Loss: 1.6894 | Train Acc: 0.5079
 Site-Infograph | Train Loss: 1.5118 | Train Acc: 0.5714
 Site-Painting  | Train Loss: 1.0631 | Train Acc: 0.8254
 Site-Painting  | Train Loss: 1.0782 | Train Acc: 0.7460
 Site-QuickDraw | Train Loss: 2.0582 | Train Acc: 0.3333
 Site-Real      | Train Loss: 1.0244 | Train Acc: 0.8254
 Site-Sketch    | Train Loss: 1.0462 | Train Acc: 0.8095
 Site-Clipart   | Val  Loss: 0.8437 | Val  Acc: 0.9048
 Site-Clipart   | Val  Loss: 0.8731 | Val  Acc: 0.7857
 Site-Clipart   | Val  Loss: 1.1326 | Val  Acc: 0.7619
 Site-Clipart   | Val  Loss: 1.0525 | Val  Acc: 0.8333
 Site-Infograph | Val  Loss: 1.7080 | Val  Acc: 0.5000
 Site-Infograph | Val  Loss: 1.6899 | Val  Acc: 0.5000
 Site-Infograph | Val  Loss: 1.7383 | Val  Acc: 0.4524
 Site-Painting  | Val  Loss: 0.9656 | Val  Acc: 0.8571
 Site-Painting  | Val  Loss: 1.2472 | Val  Acc: 0.7381
 Site-QuickDraw | Val  Loss: 2.0070 | Val  Acc: 0.3095
 Site-Real      | Val  Loss: 1.1089 | Val  Acc: 0.8333
 Site-Sketch    | Val  Loss: 1.4316 | Val  Acc: 0.6429
Average Valid Accuracy: 0.6766
 Best site-Clipart    | Epoch:9 | Val Acc: 0.9048
 Best site-Clipart    | Epoch:9 | Val Acc: 0.7857
 Best site-Clipart    | Epoch:9 | Val Acc: 0.7619
 Best site-Clipart    | Epoch:9 | Val Acc: 0.8333
 Best site-Infograph  | Epoch:9 | Val Acc: 0.5000
 Best site-Infograph  | Epoch:9 | Val Acc: 0.5000
 Best site-Infograph  | Epoch:9 | Val Acc: 0.4524
 Best site-Painting   | Epoch:9 | Val Acc: 0.8571
 Best site-Painting   | Epoch:9 | Val Acc: 0.7381
 Best site-QuickDraw  | Epoch:9 | Val Acc: 0.3095
 Best site-Real       | Epoch:9 | Val Acc: 0.8333
 Best site-Sketch     | Epoch:9 | Val Acc: 0.6429
 Saving the local and server checkpoint to ../checkpoint/fed_domainnet_uneven_align0.5/FedPrompt_lsim=False...
===2023-03-23 13:24:52===
===2023-03-23 13:24:54===
===Setting===
    dataset: domainnet
    lr: 0.01
    batch: 8
    iters: 300
    wk_iters: 1
Loading snapshots...
 Test site-Clipart   | Epoch:9 | Test Acc: 0.7757
 Test site-Infograph | Epoch:9 | Test Acc: 0.4033
 Test site-Painting  | Epoch:9 | Test Acc: 0.7674
 Test site-QuickDraw | Epoch:9 | Test Acc: 0.3660
 Test site-Real      | Epoch:9 | Test Acc: 0.8562
 Test site-Sketch    | Epoch:9 | Test Acc: 0.7292
Average Test Accuracy: 0.6496
