===2023-05-24 23:16:19===
===Setting===
    dataset: fairface
    lr: 0.01
    batch: 64
    iters: 10
    wk_iters: 1
    si: False
    lambda for constrastive: 0.5
data_number=[182,239,314,411,538,205,268,352,461,243,319,418,324,425,247,324,436,333,]
client_nums=[5,4,3,2,2,1,1,]
len_dataset=[2812,2146,1638,1250,954,728,555,]
domain number = 7
Loading snapshots...
 Test site-White                    | Epoch:49 | Test Acc: 0.3712
 Test site-Latino_Hispanic          | Epoch:49 | Test Acc: 0.3278
 Test site-Black                    | Epoch:49 | Test Acc: 0.3792
 Test site-East_Asian               | Epoch:49 | Test Acc: 0.5290
 Test site-Indian                   | Epoch:49 | Test Acc: 0.3305
 Test site-Southeast_Asian          | Epoch:49 | Test Acc: 0.4353
 Test site-Middle_Eastern           | Epoch:49 | Test Acc: 0.3648
Average Test Accuracy: 0.3911, domain std=0.0654, individual std=0.0596
