===2023-08-03 15:30:51===
===Setting===
    dataset: pacs
    lr: 0.01
    batch: 64
    iters: 50
    wk_iters: 1
    si: False
    domain_num: 4
    quantile: 0
    power_cs: 1
    std_rw: False
    gender_label: False
    binary_race: False
    save_iter: -1
    mix5: False
    power_relu: 1
    Ea_val: False
data_number=[56,84,125,188,281,52,117,262,42,211,149,
client_nums=[5,3,2,1,]
len_dataset=[1227,721,424,249,]
domain number = 4
============ Train epoch 0 ============
 Site-art_painting                  | Train Loss: 1.9018 | Train Acc: 0.1786
 Site-art_painting                  | Train Loss: 1.8931 | Train Acc: 0.2619
 Site-art_painting                  | Train Loss: 1.9083 | Train Acc: 0.1920
 Site-art_painting                  | Train Loss: 1.9024 | Train Acc: 0.1968
 Site-art_painting                  | Train Loss: 1.9013 | Train Acc: 0.2491
 Site-cartoon                       | Train Loss: 1.8069 | Train Acc: 0.6538
 Site-cartoon                       | Train Loss: 1.8141 | Train Acc: 0.5726
 Site-cartoon                       | Train Loss: 1.9258 | Train Acc: 0.1679
 Site-photo                         | Train Loss: 1.8578 | Train Acc: 0.5476
 Site-photo                         | Train Loss: 1.8958 | Train Acc: 0.2275
 Site-sketch                        | Train Loss: 1.8434 | Train Acc: 0.1812
Average Train Accuracy: 0.3117
 Site-art_painting                  | Val  Loss: 1.8723 | Val  Acc: 0.2973
 Site-art_painting                  | Val  Loss: 1.8460 | Val  Acc: 0.4464
 Site-art_painting                  | Val  Loss: 1.8444 | Val  Acc: 0.4096
 Site-art_painting                  | Val  Loss: 1.8981 | Val  Acc: 0.1920
 Site-art_painting                  | Val  Loss: 1.9169 | Val  Acc: 0.1604
 Site-cartoon                       | Val  Loss: 1.9679 | Val  Acc: 0.0000
 Site-cartoon                       | Val  Loss: 1.9726 | Val  Acc: 0.0641
 Site-cartoon                       | Val  Loss: 1.9174 | Val  Acc: 0.2241
 Site-photo                         | Val  Loss: 1.9227 | Val  Acc: 0.0357
 Site-photo                         | Val  Loss: 1.9377 | Val  Acc: 0.0429
 Site-sketch                        | Val  Loss: 1.8330 | Val  Acc: 0.2626
Average Valid Accuracy: 0.1941
 Best site-art_painting              | Epoch:0 | Val Acc: 0.2973
 Best site-art_painting              | Epoch:0 | Val Acc: 0.4464
 Best site-art_painting              | Epoch:0 | Val Acc: 0.4096
 Best site-art_painting              | Epoch:0 | Val Acc: 0.1920
 Best site-art_painting              | Epoch:0 | Val Acc: 0.1604
 Best site-cartoon                   | Epoch:0 | Val Acc: 0.0000
 Best site-cartoon                   | Epoch:0 | Val Acc: 0.0641
 Best site-cartoon                   | Epoch:0 | Val Acc: 0.2241
 Best site-photo                     | Epoch:0 | Val Acc: 0.0357
 Best site-photo                     | Epoch:0 | Val Acc: 0.0429
 Best site-sketch                    | Epoch:0 | Val Acc: 0.2626
 Saving the local and server checkpoint to ../checkpoint/fed_pacs_uneven_1.7_1/fedavg...
============ Train epoch 1 ============
 Site-art_painting                  | Train Loss: 1.8329 | Train Acc: 0.3571
 Site-art_painting                  | Train Loss: 1.8130 | Train Acc: 0.4524
 Site-art_painting                  | Train Loss: 1.8273 | Train Acc: 0.3280
 Site-art_painting                  | Train Loss: 1.8153 | Train Acc: 0.3830
 Site-art_painting                  | Train Loss: 1.8635 | Train Acc: 0.3025
 Site-cartoon                       | Train Loss: 1.7001 | Train Acc: 0.9231
 Site-cartoon                       | Train Loss: 1.7048 | Train Acc: 0.8120
 Site-cartoon                       | Train Loss: 1.8367 | Train Acc: 0.2748
 Site-photo                         | Train Loss: 1.7849 | Train Acc: 0.7619
 Site-photo                         | Train Loss: 1.8115 | Train Acc: 0.4739
 Site-sketch                        | Train Loss: 1.7493 | Train Acc: 0.5369
Average Train Accuracy: 0.5096
 Site-art_painting                  | Val  Loss: 1.7841 | Val  Acc: 0.4865
 Site-art_painting                  | Val  Loss: 1.7859 | Val  Acc: 0.5714
 Site-art_painting                  | Val  Loss: 1.7619 | Val  Acc: 0.5783
 Site-art_painting                  | Val  Loss: 1.8194 | Val  Acc: 0.3920
 Site-art_painting                  | Val  Loss: 1.8307 | Val  Acc: 0.2995
 Site-cartoon                       | Val  Loss: 1.8542 | Val  Acc: 0.0882
 Site-cartoon                       | Val  Loss: 1.8704 | Val  Acc: 0.0897
 Site-cartoon                       | Val  Loss: 1.8208 | Val  Acc: 0.3161
 Site-photo                         | Val  Loss: 1.8287 | Val  Acc: 0.2143
 Site-photo                         | Val  Loss: 1.8363 | Val  Acc: 0.3429
 Site-sketch                        | Val  Loss: 1.7372 | Val  Acc: 0.5556
Average Valid Accuracy: 0.3577
 Best site-art_painting              | Epoch:1 | Val Acc: 0.4865
 Best site-art_painting              | Epoch:1 | Val Acc: 0.5714
 Best site-art_painting              | Epoch:1 | Val Acc: 0.5783
 Best site-art_painting              | Epoch:1 | Val Acc: 0.3920
 Best site-art_painting              | Epoch:1 | Val Acc: 0.2995
 Best site-cartoon                   | Epoch:1 | Val Acc: 0.0882
 Best site-cartoon                   | Epoch:1 | Val Acc: 0.0897
 Best site-cartoon                   | Epoch:1 | Val Acc: 0.3161
 Best site-photo                     | Epoch:1 | Val Acc: 0.2143
 Best site-photo                     | Epoch:1 | Val Acc: 0.3429
 Best site-sketch                    | Epoch:1 | Val Acc: 0.5556
 Saving the local and server checkpoint to ../checkpoint/fed_pacs_uneven_1.7_1/fedavg...
============ Train epoch 2 ============
 Site-art_painting                  | Train Loss: 1.7654 | Train Acc: 0.4821
 Site-art_painting                  | Train Loss: 1.7551 | Train Acc: 0.4643
 Site-art_painting                  | Train Loss: 1.7608 | Train Acc: 0.5200
 Site-art_painting                  | Train Loss: 1.7379 | Train Acc: 0.5904
 Site-art_painting                  | Train Loss: 1.8284 | Train Acc: 0.3559
 Site-cartoon                       | Train Loss: 1.6128 | Train Acc: 1.0000
 Site-cartoon                       | Train Loss: 1.6159 | Train Acc: 0.9145
 Site-cartoon                       | Train Loss: 1.7201 | Train Acc: 0.3702
 Site-photo                         | Train Loss: 1.7342 | Train Acc: 0.8333
 Site-photo                         | Train Loss: 1.7246 | Train Acc: 0.8673
 Site-sketch                        | Train Loss: 1.6717 | Train Acc: 0.7785
Average Train Accuracy: 0.6524
 Site-art_painting                  | Val  Loss: 1.7238 | Val  Acc: 0.6757
 Site-art_painting                  | Val  Loss: 1.7175 | Val  Acc: 0.6964
 Site-art_painting                  | Val  Loss: 1.7113 | Val  Acc: 0.7108
 Site-art_painting                  | Val  Loss: 1.7375 | Val  Acc: 0.5360
 Site-art_painting                  | Val  Loss: 1.7545 | Val  Acc: 0.4866
 Site-cartoon                       | Val  Loss: 1.7659 | Val  Acc: 0.0882
 Site-cartoon                       | Val  Loss: 1.7778 | Val  Acc: 0.1538
 Site-cartoon                       | Val  Loss: 1.7296 | Val  Acc: 0.3678
 Site-photo                         | Val  Loss: 1.7250 | Val  Acc: 0.7500
 Site-photo                         | Val  Loss: 1.7407 | Val  Acc: 0.8571
 Site-sketch                        | Val  Loss: 1.6583 | Val  Acc: 0.8182
Average Valid Accuracy: 0.5583
 Best site-art_painting              | Epoch:2 | Val Acc: 0.6757
 Best site-art_painting              | Epoch:2 | Val Acc: 0.6964
 Best site-art_painting              | Epoch:2 | Val Acc: 0.7108
 Best site-art_painting              | Epoch:2 | Val Acc: 0.5360
 Best site-art_painting              | Epoch:2 | Val Acc: 0.4866
 Best site-cartoon                   | Epoch:2 | Val Acc: 0.0882
 Best site-cartoon                   | Epoch:2 | Val Acc: 0.1538
 Best site-cartoon                   | Epoch:2 | Val Acc: 0.3678
 Best site-photo                     | Epoch:2 | Val Acc: 0.7500
 Best site-photo                     | Epoch:2 | Val Acc: 0.8571
 Best site-sketch                    | Epoch:2 | Val Acc: 0.8182
 Saving the local and server checkpoint to ../checkpoint/fed_pacs_uneven_1.7_1/fedavg...
============ Train epoch 3 ============
 Site-art_painting                  | Train Loss: 1.6928 | Train Acc: 0.5536
 Site-art_painting                  | Train Loss: 1.7045 | Train Acc: 0.5952
 Site-art_painting                  | Train Loss: 1.6851 | Train Acc: 0.6480
 Site-art_painting                  | Train Loss: 1.6662 | Train Acc: 0.6330
 Site-art_painting                  | Train Loss: 1.7807 | Train Acc: 0.4377
 Site-cartoon                       | Train Loss: 1.5190 | Train Acc: 0.9615
 Site-cartoon                       | Train Loss: 1.5355 | Train Acc: 0.9145
 Site-cartoon                       | Train Loss: 1.6211 | Train Acc: 0.4084
 Site-photo                         | Train Loss: 1.6658 | Train Acc: 0.9286
 Site-photo                         | Train Loss: 1.6494 | Train Acc: 0.9431
 Site-sketch                        | Train Loss: 1.5924 | Train Acc: 0.8322
Average Train Accuracy: 0.7142
 Site-art_painting                  | Val  Loss: 1.6439 | Val  Acc: 0.7838
 Site-art_painting                  | Val  Loss: 1.6476 | Val  Acc: 0.7143
 Site-art_painting                  | Val  Loss: 1.6427 | Val  Acc: 0.7229
 Site-art_painting                  | Val  Loss: 1.6659 | Val  Acc: 0.6800
 Site-art_painting                  | Val  Loss: 1.6780 | Val  Acc: 0.5348
 Site-cartoon                       | Val  Loss: 1.6809 | Val  Acc: 0.2353
 Site-cartoon                       | Val  Loss: 1.6921 | Val  Acc: 0.1538
 Site-cartoon                       | Val  Loss: 1.6327 | Val  Acc: 0.5000
 Site-photo                         | Val  Loss: 1.6319 | Val  Acc: 0.9643
 Site-photo                         | Val  Loss: 1.6519 | Val  Acc: 0.9714
 Site-sketch                        | Val  Loss: 1.5886 | Val  Acc: 0.8889
Average Valid Accuracy: 0.6500
 Best site-art_painting              | Epoch:3 | Val Acc: 0.7838
 Best site-art_painting              | Epoch:3 | Val Acc: 0.7143
 Best site-art_painting              | Epoch:3 | Val Acc: 0.7229
 Best site-art_painting              | Epoch:3 | Val Acc: 0.6800
 Best site-art_painting              | Epoch:3 | Val Acc: 0.5348
 Best site-cartoon                   | Epoch:3 | Val Acc: 0.2353
 Best site-cartoon                   | Epoch:3 | Val Acc: 0.1538
 Best site-cartoon                   | Epoch:3 | Val Acc: 0.5000
 Best site-photo                     | Epoch:3 | Val Acc: 0.9643
 Best site-photo                     | Epoch:3 | Val Acc: 0.9714
 Best site-sketch                    | Epoch:3 | Val Acc: 0.8889
 Saving the local and server checkpoint to ../checkpoint/fed_pacs_uneven_1.7_1/fedavg...
============ Train epoch 4 ============
 Site-art_painting                  | Train Loss: 1.6599 | Train Acc: 0.6429
 Site-art_painting                  | Train Loss: 1.6564 | Train Acc: 0.6667
 Site-art_painting                  | Train Loss: 1.6339 | Train Acc: 0.6880
 Site-art_painting                  | Train Loss: 1.6034 | Train Acc: 0.6702
 Site-art_painting                  | Train Loss: 1.7494 | Train Acc: 0.4698
 Site-cartoon                       | Train Loss: 1.4458 | Train Acc: 0.9808
 Site-cartoon                       | Train Loss: 1.4492 | Train Acc: 0.9658
 Site-cartoon                       | Train Loss: 1.5642 | Train Acc: 0.4351
 Site-photo                         | Train Loss: 1.6148 | Train Acc: 0.9762
 Site-photo                         | Train Loss: 1.5731 | Train Acc: 0.9526
 Site-sketch                        | Train Loss: 1.5140 | Train Acc: 0.9128
Average Train Accuracy: 0.7601
 Site-art_painting                  | Val  Loss: 1.5724 | Val  Acc: 0.8919
 Site-art_painting                  | Val  Loss: 1.5871 | Val  Acc: 0.8214
 Site-art_painting                  | Val  Loss: 1.5890 | Val  Acc: 0.7711
 Site-art_painting                  | Val  Loss: 1.6000 | Val  Acc: 0.6480
 Site-art_painting                  | Val  Loss: 1.6041 | Val  Acc: 0.6578
 Site-cartoon                       | Val  Loss: 1.5882 | Val  Acc: 0.2647
 Site-cartoon                       | Val  Loss: 1.6159 | Val  Acc: 0.2436
 Site-cartoon                       | Val  Loss: 1.5534 | Val  Acc: 0.5000
 Site-photo                         | Val  Loss: 1.5341 | Val  Acc: 0.9643
 Site-photo                         | Val  Loss: 1.5645 | Val  Acc: 0.9786
 Site-sketch                        | Val  Loss: 1.4980 | Val  Acc: 0.9596
Average Valid Accuracy: 0.7001
 Best site-art_painting              | Epoch:4 | Val Acc: 0.8919
 Best site-art_painting              | Epoch:4 | Val Acc: 0.8214
 Best site-art_painting              | Epoch:4 | Val Acc: 0.7711
 Best site-art_painting              | Epoch:4 | Val Acc: 0.6480
 Best site-art_painting              | Epoch:4 | Val Acc: 0.6578
 Best site-cartoon                   | Epoch:4 | Val Acc: 0.2647
 Best site-cartoon                   | Epoch:4 | Val Acc: 0.2436
 Best site-cartoon                   | Epoch:4 | Val Acc: 0.5000
 Best site-photo                     | Epoch:4 | Val Acc: 0.9643
 Best site-photo                     | Epoch:4 | Val Acc: 0.9786
 Best site-sketch                    | Epoch:4 | Val Acc: 0.9596
 Saving the local and server checkpoint to ../checkpoint/fed_pacs_uneven_1.7_1/fedavg...
============ Train epoch 5 ============
 Site-art_painting                  | Train Loss: 1.6034 | Train Acc: 0.6071
 Site-art_painting                  | Train Loss: 1.6245 | Train Acc: 0.5714
 Site-art_painting                  | Train Loss: 1.5695 | Train Acc: 0.7520
 Site-art_painting                  | Train Loss: 1.5310 | Train Acc: 0.6862
 Site-art_painting                  | Train Loss: 1.7161 | Train Acc: 0.4982
 Site-cartoon                       | Train Loss: 1.3778 | Train Acc: 0.9231
 Site-cartoon                       | Train Loss: 1.3829 | Train Acc: 0.9487
 Site-cartoon                       | Train Loss: 1.4661 | Train Acc: 0.5305
 Site-photo                         | Train Loss: 1.5635 | Train Acc: 0.9286
 Site-photo                         | Train Loss: 1.4976 | Train Acc: 0.9526
 Site-sketch                        | Train Loss: 1.4510 | Train Acc: 0.9060
Average Train Accuracy: 0.7550
 Site-art_painting                  | Val  Loss: 1.5118 | Val  Acc: 0.8919
 Site-art_painting                  | Val  Loss: 1.5244 | Val  Acc: 0.7679
 Site-art_painting                  | Val  Loss: 1.5354 | Val  Acc: 0.7590
 Site-art_painting                  | Val  Loss: 1.5309 | Val  Acc: 0.7360
 Site-art_painting                  | Val  Loss: 1.5446 | Val  Acc: 0.6898
 Site-cartoon                       | Val  Loss: 1.5300 | Val  Acc: 0.1471
 Site-cartoon                       | Val  Loss: 1.5317 | Val  Acc: 0.4103
 Site-cartoon                       | Val  Loss: 1.4748 | Val  Acc: 0.5690
 Site-photo                         | Val  Loss: 1.4422 | Val  Acc: 0.9643
 Site-photo                         | Val  Loss: 1.4775 | Val  Acc: 0.9857
 Site-sketch                        | Val  Loss: 1.4417 | Val  Acc: 0.9091
Average Valid Accuracy: 0.7118
 Best site-art_painting              | Epoch:5 | Val Acc: 0.8919
 Best site-art_painting              | Epoch:5 | Val Acc: 0.7679
 Best site-art_painting              | Epoch:5 | Val Acc: 0.7590
 Best site-art_painting              | Epoch:5 | Val Acc: 0.7360
 Best site-art_painting              | Epoch:5 | Val Acc: 0.6898
 Best site-cartoon                   | Epoch:5 | Val Acc: 0.1471
 Best site-cartoon                   | Epoch:5 | Val Acc: 0.4103
 Best site-cartoon                   | Epoch:5 | Val Acc: 0.5690
 Best site-photo                     | Epoch:5 | Val Acc: 0.9643
 Best site-photo                     | Epoch:5 | Val Acc: 0.9857
 Best site-sketch                    | Epoch:5 | Val Acc: 0.9091
 Saving the local and server checkpoint to ../checkpoint/fed_pacs_uneven_1.7_1/fedavg...
============ Train epoch 6 ============
 Site-art_painting                  | Train Loss: 1.5642 | Train Acc: 0.6250
 Site-art_painting                  | Train Loss: 1.5429 | Train Acc: 0.6071
 Site-art_painting                  | Train Loss: 1.5254 | Train Acc: 0.7200
 Site-art_painting                  | Train Loss: 1.4649 | Train Acc: 0.7713
 Site-art_painting                  | Train Loss: 1.6805 | Train Acc: 0.5053
 Site-cartoon                       | Train Loss: 1.3016 | Train Acc: 0.9423
 Site-cartoon                       | Train Loss: 1.3154 | Train Acc: 0.9573
 Site-cartoon                       | Train Loss: 1.4091 | Train Acc: 0.6107
 Site-photo                         | Train Loss: 1.5145 | Train Acc: 0.9286
 Site-photo                         | Train Loss: 1.4246 | Train Acc: 0.9431
 Site-sketch                        | Train Loss: 1.3928 | Train Acc: 0.8993
Average Train Accuracy: 0.7736
 Site-art_painting                  | Val  Loss: 1.4468 | Val  Acc: 0.8919
 Site-art_painting                  | Val  Loss: 1.4772 | Val  Acc: 0.7857
 Site-art_painting                  | Val  Loss: 1.4721 | Val  Acc: 0.8193
 Site-art_painting                  | Val  Loss: 1.4544 | Val  Acc: 0.7680
 Site-art_painting                  | Val  Loss: 1.4830 | Val  Acc: 0.7219
 Site-cartoon                       | Val  Loss: 1.4396 | Val  Acc: 0.3824
 Site-cartoon                       | Val  Loss: 1.4375 | Val  Acc: 0.5000
 Site-cartoon                       | Val  Loss: 1.4072 | Val  Acc: 0.6437
 Site-photo                         | Val  Loss: 1.3647 | Val  Acc: 0.9643
 Site-photo                         | Val  Loss: 1.3954 | Val  Acc: 0.9857
 Site-sketch                        | Val  Loss: 1.3766 | Val  Acc: 0.8990
Average Valid Accuracy: 0.7602
 Best site-art_painting              | Epoch:6 | Val Acc: 0.8919
 Best site-art_painting              | Epoch:6 | Val Acc: 0.7857
 Best site-art_painting              | Epoch:6 | Val Acc: 0.8193
 Best site-art_painting              | Epoch:6 | Val Acc: 0.7680
 Best site-art_painting              | Epoch:6 | Val Acc: 0.7219
 Best site-cartoon                   | Epoch:6 | Val Acc: 0.3824
 Best site-cartoon                   | Epoch:6 | Val Acc: 0.5000
 Best site-cartoon                   | Epoch:6 | Val Acc: 0.6437
 Best site-photo                     | Epoch:6 | Val Acc: 0.9643
 Best site-photo                     | Epoch:6 | Val Acc: 0.9857
 Best site-sketch                    | Epoch:6 | Val Acc: 0.8990
 Saving the local and server checkpoint to ../checkpoint/fed_pacs_uneven_1.7_1/fedavg...
============ Train epoch 7 ============
 Site-art_painting                  | Train Loss: 1.5084 | Train Acc: 0.7321
 Site-art_painting                  | Train Loss: 1.5366 | Train Acc: 0.6905
 Site-art_painting                  | Train Loss: 1.4593 | Train Acc: 0.7600
 Site-art_painting                  | Train Loss: 1.4107 | Train Acc: 0.7606
 Site-art_painting                  | Train Loss: 1.6511 | Train Acc: 0.5480
 Site-cartoon                       | Train Loss: 1.2483 | Train Acc: 0.9423
 Site-cartoon                       | Train Loss: 1.2460 | Train Acc: 0.9915
 Site-cartoon                       | Train Loss: 1.3508 | Train Acc: 0.6794
 Site-photo                         | Train Loss: 1.4429 | Train Acc: 0.9762
 Site-photo                         | Train Loss: 1.3441 | Train Acc: 0.9668
 Site-sketch                        | Train Loss: 1.3326 | Train Acc: 0.9329
Average Train Accuracy: 0.8164
 Site-art_painting                  | Val  Loss: 1.4100 | Val  Acc: 0.8649
 Site-art_painting                  | Val  Loss: 1.4201 | Val  Acc: 0.8036
 Site-art_painting                  | Val  Loss: 1.4079 | Val  Acc: 0.7711
 Site-art_painting                  | Val  Loss: 1.4141 | Val  Acc: 0.7680
 Site-art_painting                  | Val  Loss: 1.4033 | Val  Acc: 0.7968
 Site-cartoon                       | Val  Loss: 1.3600 | Val  Acc: 0.6176
 Site-cartoon                       | Val  Loss: 1.3893 | Val  Acc: 0.5513
 Site-cartoon                       | Val  Loss: 1.3342 | Val  Acc: 0.6839
 Site-photo                         | Val  Loss: 1.2785 | Val  Acc: 0.9643
 Site-photo                         | Val  Loss: 1.3239 | Val  Acc: 0.9786
 Site-sketch                        | Val  Loss: 1.3310 | Val  Acc: 0.9091
Average Valid Accuracy: 0.7917
 Best site-art_painting              | Epoch:7 | Val Acc: 0.8649
 Best site-art_painting              | Epoch:7 | Val Acc: 0.8036
 Best site-art_painting              | Epoch:7 | Val Acc: 0.7711
 Best site-art_painting              | Epoch:7 | Val Acc: 0.7680
 Best site-art_painting              | Epoch:7 | Val Acc: 0.7968
 Best site-cartoon                   | Epoch:7 | Val Acc: 0.6176
 Best site-cartoon                   | Epoch:7 | Val Acc: 0.5513
 Best site-cartoon                   | Epoch:7 | Val Acc: 0.6839
 Best site-photo                     | Epoch:7 | Val Acc: 0.9643
 Best site-photo                     | Epoch:7 | Val Acc: 0.9786
 Best site-sketch                    | Epoch:7 | Val Acc: 0.9091
 Saving the local and server checkpoint to ../checkpoint/fed_pacs_uneven_1.7_1/fedavg...
============ Train epoch 8 ============
 Site-art_painting                  | Train Loss: 1.4753 | Train Acc: 0.7143
 Site-art_painting                  | Train Loss: 1.4553 | Train Acc: 0.7857
 Site-art_painting                  | Train Loss: 1.4031 | Train Acc: 0.7760
 Site-art_painting                  | Train Loss: 1.3489 | Train Acc: 0.7660
 Site-art_painting                  | Train Loss: 1.6405 | Train Acc: 0.5480
 Site-cartoon                       | Train Loss: 1.2038 | Train Acc: 0.9038
 Site-cartoon                       | Train Loss: 1.2223 | Train Acc: 0.9402
 Site-cartoon                       | Train Loss: 1.2580 | Train Acc: 0.7672
 Site-photo                         | Train Loss: 1.3973 | Train Acc: 0.9762
 Site-photo                         | Train Loss: 1.2598 | Train Acc: 0.9573
 Site-sketch                        | Train Loss: 1.2849 | Train Acc: 0.8926
Average Train Accuracy: 0.8207
 Site-art_painting                  | Val  Loss: 1.3237 | Val  Acc: 0.8649
 Site-art_painting                  | Val  Loss: 1.3782 | Val  Acc: 0.8036
 Site-art_painting                  | Val  Loss: 1.3614 | Val  Acc: 0.8193
 Site-art_painting                  | Val  Loss: 1.3504 | Val  Acc: 0.8400
 Site-art_painting                  | Val  Loss: 1.3642 | Val  Acc: 0.8182
 Site-cartoon                       | Val  Loss: 1.3043 | Val  Acc: 0.5882
 Site-cartoon                       | Val  Loss: 1.3141 | Val  Acc: 0.7179
 Site-cartoon                       | Val  Loss: 1.2705 | Val  Acc: 0.7644
 Site-photo                         | Val  Loss: 1.2066 | Val  Acc: 0.9643
 Site-photo                         | Val  Loss: 1.2318 | Val  Acc: 0.9929
 Site-sketch                        | Val  Loss: 1.2806 | Val  Acc: 0.8889
Average Valid Accuracy: 0.8239
 Best site-art_painting              | Epoch:8 | Val Acc: 0.8649
 Best site-art_painting              | Epoch:8 | Val Acc: 0.8036
 Best site-art_painting              | Epoch:8 | Val Acc: 0.8193
 Best site-art_painting              | Epoch:8 | Val Acc: 0.8400
 Best site-art_painting              | Epoch:8 | Val Acc: 0.8182
 Best site-cartoon                   | Epoch:8 | Val Acc: 0.5882
 Best site-cartoon                   | Epoch:8 | Val Acc: 0.7179
 Best site-cartoon                   | Epoch:8 | Val Acc: 0.7644
 Best site-photo                     | Epoch:8 | Val Acc: 0.9643
 Best site-photo                     | Epoch:8 | Val Acc: 0.9929
 Best site-sketch                    | Epoch:8 | Val Acc: 0.8889
 Saving the local and server checkpoint to ../checkpoint/fed_pacs_uneven_1.7_1/fedavg...
============ Train epoch 9 ============
 Site-art_painting                  | Train Loss: 1.4284 | Train Acc: 0.7143
 Site-art_painting                  | Train Loss: 1.4049 | Train Acc: 0.7619
 Site-art_painting                  | Train Loss: 1.3735 | Train Acc: 0.7600
 Site-art_painting                  | Train Loss: 1.3006 | Train Acc: 0.8245
 Site-art_painting                  | Train Loss: 1.6008 | Train Acc: 0.5552
 Site-cartoon                       | Train Loss: 1.1527 | Train Acc: 0.8462
 Site-cartoon                       | Train Loss: 1.1756 | Train Acc: 0.8547
 Site-cartoon                       | Train Loss: 1.2146 | Train Acc: 0.8282
 Site-photo                         | Train Loss: 1.3609 | Train Acc: 0.9524
 Site-photo                         | Train Loss: 1.1960 | Train Acc: 0.9810
 Site-sketch                        | Train Loss: 1.2463 | Train Acc: 0.8523
Average Train Accuracy: 0.8119
 Site-art_painting                  | Val  Loss: 1.2915 | Val  Acc: 0.8378
 Site-art_painting                  | Val  Loss: 1.3502 | Val  Acc: 0.7857
 Site-art_painting                  | Val  Loss: 1.3257 | Val  Acc: 0.8193
 Site-art_painting                  | Val  Loss: 1.2975 | Val  Acc: 0.8080
 Site-art_painting                  | Val  Loss: 1.3107 | Val  Acc: 0.7968
 Site-cartoon                       | Val  Loss: 1.2377 | Val  Acc: 0.7647
 Site-cartoon                       | Val  Loss: 1.2566 | Val  Acc: 0.7436
 Site-cartoon                       | Val  Loss: 1.2207 | Val  Acc: 0.8276
 Site-photo                         | Val  Loss: 1.1355 | Val  Acc: 0.9643
 Site-photo                         | Val  Loss: 1.1648 | Val  Acc: 0.9786
 Site-sketch                        | Val  Loss: 1.2378 | Val  Acc: 0.9192
Average Valid Accuracy: 0.8405
 Best site-art_painting              | Epoch:9 | Val Acc: 0.8378
 Best site-art_painting              | Epoch:9 | Val Acc: 0.7857
 Best site-art_painting              | Epoch:9 | Val Acc: 0.8193
 Best site-art_painting              | Epoch:9 | Val Acc: 0.8080
 Best site-art_painting              | Epoch:9 | Val Acc: 0.7968
 Best site-cartoon                   | Epoch:9 | Val Acc: 0.7647
 Best site-cartoon                   | Epoch:9 | Val Acc: 0.7436
 Best site-cartoon                   | Epoch:9 | Val Acc: 0.8276
 Best site-photo                     | Epoch:9 | Val Acc: 0.9643
 Best site-photo                     | Epoch:9 | Val Acc: 0.9786
 Best site-sketch                    | Epoch:9 | Val Acc: 0.9192
 Saving the local and server checkpoint to ../checkpoint/fed_pacs_uneven_1.7_1/fedavg...
============ Train epoch 10 ============
