===2023-03-16 16:57:19===
===Setting===
    lr: 0.01
    batch: 16
    iters: 5
    wk_iters: 10
============ Train epoch 0 ============
============ Train epoch 1 ============
============ Train epoch 2 ============
============ Train epoch 3 ============
============ Train epoch 4 ============
============ Train epoch 5 ============
============ Train epoch 6 ============
============ Train epoch 7 ============
============ Train epoch 8 ============
============ Train epoch 9 ============
 Site-Clipart   | Train Loss: 0.6210 | Train Acc: 0.8286
 Site-Infograph | Train Loss: 1.5561 | Train Acc: 0.4968
 Site-Painting  | Train Loss: 0.4866 | Train Acc: 0.8794
 Site-Quickdraw | Train Loss: 1.7985 | Train Acc: 0.3810
 Site-Real      | Train Loss: 0.3747 | Train Acc: 0.9206
 Site-Sketch    | Train Loss: 0.6644 | Train Acc: 0.7841
 Site-Clipart   | Val  Loss: 0.8121 | Val  Acc: 0.7667
 Site-Infograph | Val  Loss: 1.6958 | Val  Acc: 0.4762
 Site-Painting  | Val  Loss: 0.5746 | Val  Acc: 0.8381
 Site-Quickdraw | Val  Loss: 1.8766 | Val  Acc: 0.3952
 Site-Real      | Val  Loss: 0.4742 | Val  Acc: 0.8952
 Site-Sketch    | Val  Loss: 0.7196 | Val  Acc: 0.7810
Average Valid Accuracy: 0.6921
 Best site-Clipart    | Epoch:0 | Val Acc: 0.7667
 Best site-Infograph  | Epoch:0 | Val Acc: 0.4762
 Best site-Painting   | Epoch:0 | Val Acc: 0.8381
 Best site-Quickdraw  | Epoch:0 | Val Acc: 0.3952
 Best site-Real       | Epoch:0 | Val Acc: 0.8952
 Best site-Sketch     | Epoch:0 | Val Acc: 0.7810
 Saving the local and server checkpoint to ../checkpoint/domainnet/fed_domainnet/DoPrompt_lsim=False...
 Test site-Clipart   | Epoch:0 | Test Acc: 0.8441
 Test site-Infograph | Epoch:0 | Test Acc: 0.5342
 Test site-Painting  | Epoch:0 | Test Acc: 0.8918
 Test site-Quickdraw | Epoch:0 | Test Acc: 0.4550
 Test site-Real      | Epoch:0 | Test Acc: 0.9318
 Test site-Sketch    | Epoch:0 | Test Acc: 0.8195
Average Test Accuracy: 0.7461
============ Train epoch 10 ============
============ Train epoch 11 ============
============ Train epoch 12 ============
============ Train epoch 13 ============
============ Train epoch 14 ============
============ Train epoch 15 ============
============ Train epoch 16 ============
============ Train epoch 17 ============
============ Train epoch 18 ============
============ Train epoch 19 ============
 Site-Clipart   | Train Loss: 0.3059 | Train Acc: 0.8968
 Site-Infograph | Train Loss: 1.3234 | Train Acc: 0.5540
 Site-Painting  | Train Loss: 0.2394 | Train Acc: 0.9302
 Site-Quickdraw | Train Loss: 1.4464 | Train Acc: 0.5349
 Site-Real      | Train Loss: 0.1238 | Train Acc: 0.9635
 Site-Sketch    | Train Loss: 0.3905 | Train Acc: 0.8587
 Site-Clipart   | Val  Loss: 0.5039 | Val  Acc: 0.8238
 Site-Infograph | Val  Loss: 1.6292 | Val  Acc: 0.4714
 Site-Painting  | Val  Loss: 0.3962 | Val  Acc: 0.8857
 Site-Quickdraw | Val  Loss: 1.6335 | Val  Acc: 0.5143
 Site-Real      | Val  Loss: 0.2787 | Val  Acc: 0.9238
 Site-Sketch    | Val  Loss: 0.4169 | Val  Acc: 0.8571
Average Valid Accuracy: 0.7460
 Best site-Clipart    | Epoch:1 | Val Acc: 0.8238
 Best site-Infograph  | Epoch:1 | Val Acc: 0.4714
 Best site-Painting   | Epoch:1 | Val Acc: 0.8857
 Best site-Quickdraw  | Epoch:1 | Val Acc: 0.5143
 Best site-Real       | Epoch:1 | Val Acc: 0.9238
 Best site-Sketch     | Epoch:1 | Val Acc: 0.8571
 Saving the local and server checkpoint to ../checkpoint/domainnet/fed_domainnet/DoPrompt_lsim=False...
 Test site-Clipart   | Epoch:1 | Test Acc: 0.8897
 Test site-Infograph | Epoch:1 | Test Acc: 0.5419
 Test site-Painting  | Epoch:1 | Test Acc: 0.9111
 Test site-Quickdraw | Epoch:1 | Test Acc: 0.5980
 Test site-Real      | Epoch:1 | Test Acc: 0.9392
 Test site-Sketch    | Epoch:1 | Test Acc: 0.8556
Average Test Accuracy: 0.7893
============ Train epoch 20 ============
============ Train epoch 21 ============
============ Train epoch 22 ============
============ Train epoch 23 ============
============ Train epoch 24 ============
============ Train epoch 25 ============
============ Train epoch 26 ============
============ Train epoch 27 ============
============ Train epoch 28 ============
============ Train epoch 29 ============
 Site-Clipart   | Train Loss: 0.2392 | Train Acc: 0.9286
 Site-Infograph | Train Loss: 1.2155 | Train Acc: 0.6063
 Site-Painting  | Train Loss: 0.1407 | Train Acc: 0.9571
 Site-Quickdraw | Train Loss: 1.2545 | Train Acc: 0.5794
 Site-Real      | Train Loss: 0.0837 | Train Acc: 0.9746
 Site-Sketch    | Train Loss: 0.3096 | Train Acc: 0.8937
 Site-Clipart   | Val  Loss: 0.4139 | Val  Acc: 0.8857
 Site-Infograph | Val  Loss: 1.7384 | Val  Acc: 0.5238
 Site-Painting  | Val  Loss: 0.3074 | Val  Acc: 0.8952
 Site-Quickdraw | Val  Loss: 1.5275 | Val  Acc: 0.5333
 Site-Real      | Val  Loss: 0.2481 | Val  Acc: 0.9286
 Site-Sketch    | Val  Loss: 0.4070 | Val  Acc: 0.8619
Average Valid Accuracy: 0.7714
 Best site-Clipart    | Epoch:2 | Val Acc: 0.8857
 Best site-Infograph  | Epoch:2 | Val Acc: 0.5238
 Best site-Painting   | Epoch:2 | Val Acc: 0.8952
 Best site-Quickdraw  | Epoch:2 | Val Acc: 0.5333
 Best site-Real       | Epoch:2 | Val Acc: 0.9286
 Best site-Sketch     | Epoch:2 | Val Acc: 0.8619
 Saving the local and server checkpoint to ../checkpoint/domainnet/fed_domainnet/DoPrompt_lsim=False...
 Test site-Clipart   | Epoch:2 | Test Acc: 0.9087
 Test site-Infograph | Epoch:2 | Test Acc: 0.5495
 Test site-Painting  | Epoch:2 | Test Acc: 0.9241
 Test site-Quickdraw | Epoch:2 | Test Acc: 0.6370
 Test site-Real      | Epoch:2 | Test Acc: 0.9425
 Test site-Sketch    | Epoch:2 | Test Acc: 0.8664
Average Test Accuracy: 0.8047
============ Train epoch 30 ============
============ Train epoch 31 ============
============ Train epoch 32 ============
============ Train epoch 33 ============
============ Train epoch 34 ============
============ Train epoch 35 ============
============ Train epoch 36 ============
============ Train epoch 37 ============
============ Train epoch 38 ============
============ Train epoch 39 ============
 Site-Clipart   | Train Loss: 0.2258 | Train Acc: 0.9238
 Site-Infograph | Train Loss: 1.1101 | Train Acc: 0.6508
 Site-Painting  | Train Loss: 0.1419 | Train Acc: 0.9556
 Site-Quickdraw | Train Loss: 1.0440 | Train Acc: 0.7063
 Site-Real      | Train Loss: 0.0704 | Train Acc: 0.9762
 Site-Sketch    | Train Loss: 0.3026 | Train Acc: 0.8905
 Site-Clipart   | Val  Loss: 0.5020 | Val  Acc: 0.8571
 Site-Infograph | Val  Loss: 1.8004 | Val  Acc: 0.5381
 Site-Painting  | Val  Loss: 0.3723 | Val  Acc: 0.8905
 Site-Quickdraw | Val  Loss: 1.3751 | Val  Acc: 0.6381
 Site-Real      | Val  Loss: 0.3186 | Val  Acc: 0.8857
 Site-Sketch    | Val  Loss: 0.4092 | Val  Acc: 0.8619
Average Valid Accuracy: 0.7786
 Best site-Clipart    | Epoch:3 | Val Acc: 0.8571
 Best site-Infograph  | Epoch:3 | Val Acc: 0.5381
 Best site-Painting   | Epoch:3 | Val Acc: 0.8905
 Best site-Quickdraw  | Epoch:3 | Val Acc: 0.6381
 Best site-Real       | Epoch:3 | Val Acc: 0.8857
 Best site-Sketch     | Epoch:3 | Val Acc: 0.8619
 Saving the local and server checkpoint to ../checkpoint/domainnet/fed_domainnet/DoPrompt_lsim=False...
 Test site-Clipart   | Epoch:3 | Test Acc: 0.8897
 Test site-Infograph | Epoch:3 | Test Acc: 0.5540
 Test site-Painting  | Epoch:3 | Test Acc: 0.9176
 Test site-Quickdraw | Epoch:3 | Test Acc: 0.7010
 Test site-Real      | Epoch:3 | Test Acc: 0.9417
 Test site-Sketch    | Epoch:3 | Test Acc: 0.8736
Average Test Accuracy: 0.8129
============ Train epoch 40 ============
============ Train epoch 41 ============
============ Train epoch 42 ============
============ Train epoch 43 ============
============ Train epoch 44 ============
============ Train epoch 45 ============
============ Train epoch 46 ============
============ Train epoch 47 ============
============ Train epoch 48 ============
============ Train epoch 49 ============
 Site-Clipart   | Train Loss: 0.1771 | Train Acc: 0.9397
 Site-Infograph | Train Loss: 1.0459 | Train Acc: 0.6540
 Site-Painting  | Train Loss: 0.0984 | Train Acc: 0.9714
 Site-Quickdraw | Train Loss: 1.0785 | Train Acc: 0.6730
 Site-Real      | Train Loss: 0.0480 | Train Acc: 0.9889
 Site-Sketch    | Train Loss: 0.2844 | Train Acc: 0.9000
 Site-Clipart   | Val  Loss: 0.4497 | Val  Acc: 0.8619
 Site-Infograph | Val  Loss: 1.8080 | Val  Acc: 0.5095
 Site-Painting  | Val  Loss: 0.3437 | Val  Acc: 0.8810
 Site-Quickdraw | Val  Loss: 1.4744 | Val  Acc: 0.6048
 Site-Real      | Val  Loss: 0.2420 | Val  Acc: 0.9381
 Site-Sketch    | Val  Loss: 0.3692 | Val  Acc: 0.8762
Average Valid Accuracy: 0.7786
===2023-03-16 20:06:03===
===2023-03-18 01:37:33===
===Setting===
    lr: 0.01
    batch: 16
    iters: 5
    wk_iters: 10
===2023-03-18 04:04:11===
===Setting===
    lr: 0.001
    batch: 16
    iters: 5
    wk_iters: 10
============ Train epoch 0 ============
============ Train epoch 1 ============
============ Train epoch 2 ============
============ Train epoch 3 ============
============ Train epoch 4 ============
============ Train epoch 5 ============
============ Train epoch 6 ============
============ Train epoch 7 ============
============ Train epoch 8 ============
============ Train epoch 9 ============
 Site-Clipart   | Train Loss: 4.7710 | Train Acc: 0.4143
 Site-Infograph | Train Loss: 5.1690 | Train Acc: 0.2635
 Site-Painting  | Train Loss: 4.5680 | Train Acc: 0.5429
 Site-Quickdraw | Train Loss: 5.3512 | Train Acc: 0.1206
 Site-Real      | Train Loss: 4.2184 | Train Acc: 0.6016
 Site-Sketch    | Train Loss: 4.7398 | Train Acc: 0.4540
 Site-Clipart   | Val  Loss: 4.8937 | Val  Acc: 0.4000
 Site-Infograph | Val  Loss: 5.1738 | Val  Acc: 0.2476
 Site-Painting  | Val  Loss: 4.6564 | Val  Acc: 0.5524
 Site-Quickdraw | Val  Loss: 5.3612 | Val  Acc: 0.1095
 Site-Real      | Val  Loss: 4.3787 | Val  Acc: 0.5429
 Site-Sketch    | Val  Loss: 4.8146 | Val  Acc: 0.3571
Average Valid Accuracy: 0.3683
 Best site-Clipart    | Epoch:0 | Val Acc: 0.4000
 Best site-Infograph  | Epoch:0 | Val Acc: 0.2476
 Best site-Painting   | Epoch:0 | Val Acc: 0.5524
 Best site-Quickdraw  | Epoch:0 | Val Acc: 0.1095
 Best site-Real       | Epoch:0 | Val Acc: 0.5429
 Best site-Sketch     | Epoch:0 | Val Acc: 0.3571
 Saving the local and server checkpoint to ../checkpoint/domainnet/fed_domainnet_0.3data/DoPrompt_lsim=False...
 Test site-Clipart   | Epoch:0 | Test Acc: 0.6407
 Test site-Infograph | Epoch:0 | Test Acc: 0.3196
 Test site-Painting  | Epoch:0 | Test Acc: 0.7237
 Test site-Quickdraw | Epoch:0 | Test Acc: 0.2590
 Test site-Real      | Epoch:0 | Test Acc: 0.7781
 Test site-Sketch    | Epoch:0 | Test Acc: 0.6588
Average Test Accuracy: 0.5633
============ Train epoch 10 ============
============ Train epoch 11 ============
============ Train epoch 12 ============
============ Train epoch 13 ============
============ Train epoch 14 ============
============ Train epoch 15 ============
============ Train epoch 16 ============
============ Train epoch 17 ============
============ Train epoch 18 ============
============ Train epoch 19 ============
 Site-Clipart   | Train Loss: 0.8262 | Train Acc: 0.8159
 Site-Infograph | Train Loss: 1.8216 | Train Acc: 0.4651
 Site-Painting  | Train Loss: 0.6324 | Train Acc: 0.8492
 Site-Quickdraw | Train Loss: 1.9411 | Train Acc: 0.3524
 Site-Real      | Train Loss: 0.3976 | Train Acc: 0.9238
 Site-Sketch    | Train Loss: 0.9057 | Train Acc: 0.7873
 Site-Clipart   | Val  Loss: 0.9643 | Val  Acc: 0.8048
 Site-Infograph | Val  Loss: 1.8875 | Val  Acc: 0.4476
 Site-Painting  | Val  Loss: 0.7687 | Val  Acc: 0.8095
 Site-Quickdraw | Val  Loss: 1.9255 | Val  Acc: 0.3762
 Site-Real      | Val  Loss: 0.5057 | Val  Acc: 0.9333
 Site-Sketch    | Val  Loss: 0.9509 | Val  Acc: 0.7667
Average Valid Accuracy: 0.6897
 Best site-Clipart    | Epoch:1 | Val Acc: 0.8048
 Best site-Infograph  | Epoch:1 | Val Acc: 0.4476
 Best site-Painting   | Epoch:1 | Val Acc: 0.8095
 Best site-Quickdraw  | Epoch:1 | Val Acc: 0.3762
 Best site-Real       | Epoch:1 | Val Acc: 0.9333
 Best site-Sketch     | Epoch:1 | Val Acc: 0.7667
 Saving the local and server checkpoint to ../checkpoint/domainnet/fed_domainnet_0.3data/DoPrompt_lsim=False...
 Test site-Clipart   | Epoch:1 | Test Acc: 0.8460
 Test site-Infograph | Epoch:1 | Test Acc: 0.4855
 Test site-Painting  | Epoch:1 | Test Acc: 0.8837
 Test site-Quickdraw | Epoch:1 | Test Acc: 0.3780
 Test site-Real      | Epoch:1 | Test Acc: 0.9334
 Test site-Sketch    | Epoch:1 | Test Acc: 0.8394
Average Test Accuracy: 0.7277
============ Train epoch 20 ============
============ Train epoch 21 ============
============ Train epoch 22 ============
============ Train epoch 23 ============
============ Train epoch 24 ============
============ Train epoch 25 ============
============ Train epoch 26 ============
============ Train epoch 27 ============
============ Train epoch 28 ============
============ Train epoch 29 ============
 Site-Clipart   | Train Loss: 0.5417 | Train Acc: 0.8365
 Site-Infograph | Train Loss: 1.4989 | Train Acc: 0.4889
 Site-Painting  | Train Loss: 0.4436 | Train Acc: 0.8698
 Site-Quickdraw | Train Loss: 1.7815 | Train Acc: 0.4683
 Site-Real      | Train Loss: 0.2577 | Train Acc: 0.9254
 Site-Sketch    | Train Loss: 0.5192 | Train Acc: 0.8460
 Site-Clipart   | Val  Loss: 0.6909 | Val  Acc: 0.7905
 Site-Infograph | Val  Loss: 1.7292 | Val  Acc: 0.4048
 Site-Painting  | Val  Loss: 0.6048 | Val  Acc: 0.8190
 Site-Quickdraw | Val  Loss: 1.9361 | Val  Acc: 0.4381
 Site-Real      | Val  Loss: 0.3390 | Val  Acc: 0.9238
 Site-Sketch    | Val  Loss: 0.6037 | Val  Acc: 0.8190
Average Valid Accuracy: 0.6992
 Best site-Clipart    | Epoch:2 | Val Acc: 0.7905
 Best site-Infograph  | Epoch:2 | Val Acc: 0.4048
 Best site-Painting   | Epoch:2 | Val Acc: 0.8190
 Best site-Quickdraw  | Epoch:2 | Val Acc: 0.4381
 Best site-Real       | Epoch:2 | Val Acc: 0.9238
 Best site-Sketch     | Epoch:2 | Val Acc: 0.8190
 Saving the local and server checkpoint to ../checkpoint/domainnet/fed_domainnet_0.3data/DoPrompt_lsim=False...
 Test site-Clipart   | Epoch:2 | Test Acc: 0.8536
 Test site-Infograph | Epoch:2 | Test Acc: 0.4932
 Test site-Painting  | Epoch:2 | Test Acc: 0.8869
 Test site-Quickdraw | Epoch:2 | Test Acc: 0.5110
 Test site-Real      | Epoch:2 | Test Acc: 0.9376
 Test site-Sketch    | Epoch:2 | Test Acc: 0.8466
Average Test Accuracy: 0.7548
============ Train epoch 30 ============
============ Train epoch 31 ============
============ Train epoch 32 ============
============ Train epoch 33 ============
============ Train epoch 34 ============
============ Train epoch 35 ============
============ Train epoch 36 ============
============ Train epoch 37 ============
============ Train epoch 38 ============
============ Train epoch 39 ============
 Site-Clipart   | Train Loss: 0.4319 | Train Acc: 0.8698
 Site-Infograph | Train Loss: 1.4432 | Train Acc: 0.5524
 Site-Painting  | Train Loss: 0.3092 | Train Acc: 0.9111
 Site-Quickdraw | Train Loss: 1.3652 | Train Acc: 0.5905
 Site-Real      | Train Loss: 0.1424 | Train Acc: 0.9667
 Site-Sketch    | Train Loss: 0.5473 | Train Acc: 0.8302
 Site-Clipart   | Val  Loss: 0.7160 | Val  Acc: 0.8000
 Site-Infograph | Val  Loss: 1.8507 | Val  Acc: 0.4333
 Site-Painting  | Val  Loss: 0.5628 | Val  Acc: 0.8476
 Site-Quickdraw | Val  Loss: 1.5723 | Val  Acc: 0.5524
 Site-Real      | Val  Loss: 0.3835 | Val  Acc: 0.9143
 Site-Sketch    | Val  Loss: 0.5144 | Val  Acc: 0.8286
Average Valid Accuracy: 0.7294
 Best site-Clipart    | Epoch:3 | Val Acc: 0.8000
 Best site-Infograph  | Epoch:3 | Val Acc: 0.4333
 Best site-Painting   | Epoch:3 | Val Acc: 0.8476
 Best site-Quickdraw  | Epoch:3 | Val Acc: 0.5524
 Best site-Real       | Epoch:3 | Val Acc: 0.9143
 Best site-Sketch     | Epoch:3 | Val Acc: 0.8286
 Saving the local and server checkpoint to ../checkpoint/domainnet/fed_domainnet_0.3data/DoPrompt_lsim=False...
 Test site-Clipart   | Epoch:3 | Test Acc: 0.8631
 Test site-Infograph | Epoch:3 | Test Acc: 0.5114
 Test site-Painting  | Epoch:3 | Test Acc: 0.9015
 Test site-Quickdraw | Epoch:3 | Test Acc: 0.6070
 Test site-Real      | Epoch:3 | Test Acc: 0.9441
 Test site-Sketch    | Epoch:3 | Test Acc: 0.8646
Average Test Accuracy: 0.7820
============ Train epoch 40 ============
============ Train epoch 41 ============
============ Train epoch 42 ============
============ Train epoch 43 ============
============ Train epoch 44 ============
============ Train epoch 45 ============
============ Train epoch 46 ============
============ Train epoch 47 ============
============ Train epoch 48 ============
============ Train epoch 49 ============
 Site-Clipart   | Train Loss: 0.4073 | Train Acc: 0.8810
 Site-Infograph | Train Loss: 1.3797 | Train Acc: 0.5571
 Site-Painting  | Train Loss: 0.3158 | Train Acc: 0.9143
 Site-Quickdraw | Train Loss: 1.0897 | Train Acc: 0.6810
 Site-Real      | Train Loss: 0.1110 | Train Acc: 0.9714
 Site-Sketch    | Train Loss: 0.5156 | Train Acc: 0.8476
 Site-Clipart   | Val  Loss: 0.6335 | Val  Acc: 0.8190
 Site-Infograph | Val  Loss: 1.7787 | Val  Acc: 0.4286
 Site-Painting  | Val  Loss: 0.5817 | Val  Acc: 0.8810
 Site-Quickdraw | Val  Loss: 1.3591 | Val  Acc: 0.6238
 Site-Real      | Val  Loss: 0.3331 | Val  Acc: 0.9333
 Site-Sketch    | Val  Loss: 0.5170 | Val  Acc: 0.8571
Average Valid Accuracy: 0.7571
 Best site-Clipart    | Epoch:4 | Val Acc: 0.8190
 Best site-Infograph  | Epoch:4 | Val Acc: 0.4286
 Best site-Painting   | Epoch:4 | Val Acc: 0.8810
 Best site-Quickdraw  | Epoch:4 | Val Acc: 0.6238
 Best site-Real       | Epoch:4 | Val Acc: 0.9333
 Best site-Sketch     | Epoch:4 | Val Acc: 0.8571
 Saving the local and server checkpoint to ../checkpoint/domainnet/fed_domainnet_0.3data/DoPrompt_lsim=False...
 Test site-Clipart   | Epoch:4 | Test Acc: 0.8764
 Test site-Infograph | Epoch:4 | Test Acc: 0.5312
 Test site-Painting  | Epoch:4 | Test Acc: 0.9031
 Test site-Quickdraw | Epoch:4 | Test Acc: 0.6810
 Test site-Real      | Epoch:4 | Test Acc: 0.9392
 Test site-Sketch    | Epoch:4 | Test Acc: 0.8592
Average Test Accuracy: 0.7983
===2023-03-18 07:05:23===
