===2023-03-14 15:23:29===
===Setting===
    lr: 0.01
    batch: 16
    iters: 10
    wk_iters: 5
============ Train epoch 0 ============
============ Train epoch 1 ============
============ Train epoch 2 ============
============ Train epoch 3 ============
============ Train epoch 4 ============
 Site-Clipart   | Train Loss: 2.0662 | Train Acc: 0.5238
 Site-Infograph | Train Loss: 2.3374 | Train Acc: 0.3238
 Site-Painting  | Train Loss: 2.0865 | Train Acc: 0.4857
 Site-Quickdraw | Train Loss: 2.4494 | Train Acc: 0.2000
 Site-Real      | Train Loss: 2.0538 | Train Acc: 0.6381
 Site-Sketch    | Train Loss: 1.9481 | Train Acc: 0.6571
 Site-Clipart   | Val  Loss: 2.1894 | Val  Acc: 0.4000
 Site-Infograph | Val  Loss: 2.4316 | Val  Acc: 0.2476
 Site-Painting  | Val  Loss: 2.1783 | Val  Acc: 0.5238
 Site-Quickdraw | Val  Loss: 2.3695 | Val  Acc: 0.2476
 Site-Real      | Val  Loss: 2.1344 | Val  Acc: 0.5524
 Site-Sketch    | Val  Loss: 2.0708 | Val  Acc: 0.5905
 Best site-Clipart    | Epoch:0 | Val Acc: 0.4000
 Best site-Infograph  | Epoch:0 | Val Acc: 0.2476
 Best site-Painting   | Epoch:0 | Val Acc: 0.5238
 Best site-Quickdraw  | Epoch:0 | Val Acc: 0.2476
 Best site-Real       | Epoch:0 | Val Acc: 0.5524
 Best site-Sketch     | Epoch:0 | Val Acc: 0.5905
 Saving the local and server checkpoint to ../checkpoint/domainnet/fed_domainnet/DoPrompt_lsim=True...
 Test site-Clipart   | Epoch:0 | Test Acc: 0.4772
 Test site-Infograph | Epoch:0 | Test Acc: 0.2801
 Test site-Painting  | Epoch:0 | Test Acc: 0.5121
 Test site-Quickdraw | Epoch:0 | Test Acc: 0.2650
 Test site-Real      | Epoch:0 | Test Acc: 0.5834
 Test site-Sketch    | Epoch:0 | Test Acc: 0.5325
============ Train epoch 5 ============
============ Train epoch 6 ============
============ Train epoch 7 ============
============ Train epoch 8 ============
============ Train epoch 9 ============
 Site-Clipart   | Train Loss: 1.4927 | Train Acc: 0.7143
 Site-Infograph | Train Loss: 2.0490 | Train Acc: 0.4476
 Site-Painting  | Train Loss: 1.4720 | Train Acc: 0.7333
 Site-Quickdraw | Train Loss: 2.0118 | Train Acc: 0.3238
 Site-Real      | Train Loss: 1.3470 | Train Acc: 0.8857
 Site-Sketch    | Train Loss: 1.5196 | Train Acc: 0.7619
 Site-Clipart   | Val  Loss: 1.6072 | Val  Acc: 0.5714
 Site-Infograph | Val  Loss: 2.0709 | Val  Acc: 0.3619
 Site-Painting  | Val  Loss: 1.5314 | Val  Acc: 0.7333
 Site-Quickdraw | Val  Loss: 2.1415 | Val  Acc: 0.3429
 Site-Real      | Val  Loss: 1.3974 | Val  Acc: 0.8381
 Site-Sketch    | Val  Loss: 1.4783 | Val  Acc: 0.7238
 Best site-Clipart    | Epoch:1 | Val Acc: 0.5714
 Best site-Infograph  | Epoch:1 | Val Acc: 0.3619
 Best site-Painting   | Epoch:1 | Val Acc: 0.7333
 Best site-Quickdraw  | Epoch:1 | Val Acc: 0.3429
 Best site-Real       | Epoch:1 | Val Acc: 0.8381
 Best site-Sketch     | Epoch:1 | Val Acc: 0.7238
 Saving the local and server checkpoint to ../checkpoint/domainnet/fed_domainnet/DoPrompt_lsim=True...
 Test site-Clipart   | Epoch:1 | Test Acc: 0.6920
 Test site-Infograph | Epoch:1 | Test Acc: 0.3912
 Test site-Painting  | Epoch:1 | Test Acc: 0.7496
 Test site-Quickdraw | Epoch:1 | Test Acc: 0.4000
 Test site-Real      | Epoch:1 | Test Acc: 0.8537
 Test site-Sketch    | Epoch:1 | Test Acc: 0.7004
============ Train epoch 10 ============
============ Train epoch 11 ============
============ Train epoch 12 ============
============ Train epoch 13 ============
============ Train epoch 14 ============
 Site-Clipart   | Train Loss: 1.1719 | Train Acc: 0.8381
 Site-Infograph | Train Loss: 1.8551 | Train Acc: 0.4286
 Site-Painting  | Train Loss: 1.1346 | Train Acc: 0.8000
 Site-Quickdraw | Train Loss: 1.9477 | Train Acc: 0.3238
 Site-Real      | Train Loss: 0.9089 | Train Acc: 0.9143
 Site-Sketch    | Train Loss: 1.0658 | Train Acc: 0.7905
 Site-Clipart   | Val  Loss: 1.3358 | Val  Acc: 0.6476
 Site-Infograph | Val  Loss: 1.9921 | Val  Acc: 0.4476
 Site-Painting  | Val  Loss: 1.1847 | Val  Acc: 0.8381
 Site-Quickdraw | Val  Loss: 2.0186 | Val  Acc: 0.2952
 Site-Real      | Val  Loss: 1.0034 | Val  Acc: 0.9048
 Site-Sketch    | Val  Loss: 1.2553 | Val  Acc: 0.7333
 Best site-Clipart    | Epoch:2 | Val Acc: 0.6476
 Best site-Infograph  | Epoch:2 | Val Acc: 0.4476
 Best site-Painting   | Epoch:2 | Val Acc: 0.8381
 Best site-Quickdraw  | Epoch:2 | Val Acc: 0.2952
 Best site-Real       | Epoch:2 | Val Acc: 0.9048
 Best site-Sketch     | Epoch:2 | Val Acc: 0.7333
 Saving the local and server checkpoint to ../checkpoint/domainnet/fed_domainnet/DoPrompt_lsim=True...
 Test site-Clipart   | Epoch:2 | Test Acc: 0.7490
 Test site-Infograph | Epoch:2 | Test Acc: 0.4262
 Test site-Painting  | Epoch:2 | Test Acc: 0.8142
 Test site-Quickdraw | Epoch:2 | Test Acc: 0.4030
 Test site-Real      | Epoch:2 | Test Acc: 0.9104
 Test site-Sketch    | Epoch:2 | Test Acc: 0.7527
============ Train epoch 15 ============
============ Train epoch 16 ============
============ Train epoch 17 ============
============ Train epoch 18 ============
============ Train epoch 19 ============
 Site-Clipart   | Train Loss: 1.0683 | Train Acc: 0.8095
 Site-Infograph | Train Loss: 1.6500 | Train Acc: 0.4762
 Site-Painting  | Train Loss: 0.8813 | Train Acc: 0.8476
 Site-Quickdraw | Train Loss: 1.7327 | Train Acc: 0.4476
 Site-Real      | Train Loss: 0.6283 | Train Acc: 0.9143
 Site-Sketch    | Train Loss: 0.8670 | Train Acc: 0.8000
 Site-Clipart   | Val  Loss: 1.1923 | Val  Acc: 0.6952
 Site-Infograph | Val  Loss: 1.8974 | Val  Acc: 0.4667
 Site-Painting  | Val  Loss: 1.0058 | Val  Acc: 0.7810
 Site-Quickdraw | Val  Loss: 1.9259 | Val  Acc: 0.3905
 Site-Real      | Val  Loss: 0.7720 | Val  Acc: 0.9048
 Site-Sketch    | Val  Loss: 1.0742 | Val  Acc: 0.7714
 Best site-Clipart    | Epoch:3 | Val Acc: 0.6952
 Best site-Infograph  | Epoch:3 | Val Acc: 0.4667
 Best site-Painting   | Epoch:3 | Val Acc: 0.7810
 Best site-Quickdraw  | Epoch:3 | Val Acc: 0.3905
 Best site-Real       | Epoch:3 | Val Acc: 0.9048
 Best site-Sketch     | Epoch:3 | Val Acc: 0.7714
 Saving the local and server checkpoint to ../checkpoint/domainnet/fed_domainnet/DoPrompt_lsim=True...
 Test site-Clipart   | Epoch:3 | Test Acc: 0.7738
 Test site-Infograph | Epoch:3 | Test Acc: 0.4399
 Test site-Painting  | Epoch:3 | Test Acc: 0.8481
 Test site-Quickdraw | Epoch:3 | Test Acc: 0.4590
 Test site-Real      | Epoch:3 | Test Acc: 0.9318
 Test site-Sketch    | Epoch:3 | Test Acc: 0.7617
============ Train epoch 20 ============
============ Train epoch 21 ============
============ Train epoch 22 ============
============ Train epoch 23 ============
============ Train epoch 24 ============
 Site-Clipart   | Train Loss: 0.8750 | Train Acc: 0.8381
 Site-Infograph | Train Loss: 1.6732 | Train Acc: 0.5143
 Site-Painting  | Train Loss: 0.7454 | Train Acc: 0.8571
 Site-Quickdraw | Train Loss: 1.7377 | Train Acc: 0.4095
 Site-Real      | Train Loss: 0.4643 | Train Acc: 0.9238
 Site-Sketch    | Train Loss: 0.7666 | Train Acc: 0.8571
 Site-Clipart   | Val  Loss: 1.0812 | Val  Acc: 0.7143
 Site-Infograph | Val  Loss: 1.8712 | Val  Acc: 0.5143
 Site-Painting  | Val  Loss: 0.9188 | Val  Acc: 0.8286
 Site-Quickdraw | Val  Loss: 1.8790 | Val  Acc: 0.4095
 Site-Real      | Val  Loss: 0.6420 | Val  Acc: 0.9238
 Site-Sketch    | Val  Loss: 0.9137 | Val  Acc: 0.7333
 Best site-Clipart    | Epoch:4 | Val Acc: 0.7143
 Best site-Infograph  | Epoch:4 | Val Acc: 0.5143
 Best site-Painting   | Epoch:4 | Val Acc: 0.8286
 Best site-Quickdraw  | Epoch:4 | Val Acc: 0.4095
 Best site-Real       | Epoch:4 | Val Acc: 0.9238
 Best site-Sketch     | Epoch:4 | Val Acc: 0.7333
 Saving the local and server checkpoint to ../checkpoint/domainnet/fed_domainnet/DoPrompt_lsim=True...
 Test site-Clipart   | Epoch:4 | Test Acc: 0.7966
 Test site-Infograph | Epoch:4 | Test Acc: 0.4703
 Test site-Painting  | Epoch:4 | Test Acc: 0.8643
 Test site-Quickdraw | Epoch:4 | Test Acc: 0.4720
 Test site-Real      | Epoch:4 | Test Acc: 0.9351
 Test site-Sketch    | Epoch:4 | Test Acc: 0.7762
============ Train epoch 25 ============
============ Train epoch 26 ============
============ Train epoch 27 ============
============ Train epoch 28 ============
============ Train epoch 29 ============
 Site-Clipart   | Train Loss: 0.7689 | Train Acc: 0.8762
 Site-Infograph | Train Loss: 1.6061 | Train Acc: 0.5048
 Site-Painting  | Train Loss: 0.5705 | Train Acc: 0.8571
 Site-Quickdraw | Train Loss: 1.6199 | Train Acc: 0.4952
 Site-Real      | Train Loss: 0.3582 | Train Acc: 0.9524
 Site-Sketch    | Train Loss: 0.6621 | Train Acc: 0.8952
 Site-Clipart   | Val  Loss: 1.0136 | Val  Acc: 0.6667
 Site-Infograph | Val  Loss: 1.8596 | Val  Acc: 0.4952
 Site-Painting  | Val  Loss: 0.7780 | Val  Acc: 0.8381
 Site-Quickdraw | Val  Loss: 1.7769 | Val  Acc: 0.4667
 Site-Real      | Val  Loss: 0.5317 | Val  Acc: 0.8857
 Site-Sketch    | Val  Loss: 0.8882 | Val  Acc: 0.8000
 Best site-Clipart    | Epoch:5 | Val Acc: 0.6667
 Best site-Infograph  | Epoch:5 | Val Acc: 0.4952
 Best site-Painting   | Epoch:5 | Val Acc: 0.8381
 Best site-Quickdraw  | Epoch:5 | Val Acc: 0.4667
 Best site-Real       | Epoch:5 | Val Acc: 0.8857
 Best site-Sketch     | Epoch:5 | Val Acc: 0.8000
 Saving the local and server checkpoint to ../checkpoint/domainnet/fed_domainnet/DoPrompt_lsim=True...
 Test site-Clipart   | Epoch:5 | Test Acc: 0.8080
 Test site-Infograph | Epoch:5 | Test Acc: 0.4673
 Test site-Painting  | Epoch:5 | Test Acc: 0.8708
 Test site-Quickdraw | Epoch:5 | Test Acc: 0.4810
 Test site-Real      | Epoch:5 | Test Acc: 0.9408
 Test site-Sketch    | Epoch:5 | Test Acc: 0.7870
============ Train epoch 30 ============
============ Train epoch 31 ============
============ Train epoch 32 ============
============ Train epoch 33 ============
============ Train epoch 34 ============
 Site-Clipart   | Train Loss: 0.7626 | Train Acc: 0.8190
 Site-Infograph | Train Loss: 1.4787 | Train Acc: 0.5810
 Site-Painting  | Train Loss: 0.5446 | Train Acc: 0.8952
 Site-Quickdraw | Train Loss: 1.4652 | Train Acc: 0.5524
 Site-Real      | Train Loss: 0.3497 | Train Acc: 0.9429
 Site-Sketch    | Train Loss: 0.6179 | Train Acc: 0.8667
 Site-Clipart   | Val  Loss: 0.9376 | Val  Acc: 0.7333
 Site-Infograph | Val  Loss: 1.7472 | Val  Acc: 0.5238
 Site-Painting  | Val  Loss: 0.6978 | Val  Acc: 0.8762
 Site-Quickdraw | Val  Loss: 1.6780 | Val  Acc: 0.4667
 Site-Real      | Val  Loss: 0.5032 | Val  Acc: 0.9238
 Site-Sketch    | Val  Loss: 0.8179 | Val  Acc: 0.8190
 Best site-Clipart    | Epoch:6 | Val Acc: 0.7333
 Best site-Infograph  | Epoch:6 | Val Acc: 0.5238
 Best site-Painting   | Epoch:6 | Val Acc: 0.8762
 Best site-Quickdraw  | Epoch:6 | Val Acc: 0.4667
 Best site-Real       | Epoch:6 | Val Acc: 0.9238
 Best site-Sketch     | Epoch:6 | Val Acc: 0.8190
 Saving the local and server checkpoint to ../checkpoint/domainnet/fed_domainnet/DoPrompt_lsim=True...
 Test site-Clipart   | Epoch:6 | Test Acc: 0.8099
 Test site-Infograph | Epoch:6 | Test Acc: 0.4688
 Test site-Painting  | Epoch:6 | Test Acc: 0.8724
 Test site-Quickdraw | Epoch:6 | Test Acc: 0.5030
 Test site-Real      | Epoch:6 | Test Acc: 0.9433
 Test site-Sketch    | Epoch:6 | Test Acc: 0.7942
============ Train epoch 35 ============
============ Train epoch 36 ============
============ Train epoch 37 ============
============ Train epoch 38 ============
============ Train epoch 39 ============
 Site-Clipart   | Train Loss: 0.5867 | Train Acc: 0.9048
 Site-Infograph | Train Loss: 1.4550 | Train Acc: 0.5619
 Site-Painting  | Train Loss: 0.4592 | Train Acc: 0.8952
 Site-Quickdraw | Train Loss: 1.4635 | Train Acc: 0.5619
 Site-Real      | Train Loss: 0.3161 | Train Acc: 0.9619
 Site-Sketch    | Train Loss: 0.5396 | Train Acc: 0.8857
 Site-Clipart   | Val  Loss: 0.8811 | Val  Acc: 0.7429
 Site-Infograph | Val  Loss: 1.8470 | Val  Acc: 0.4952
 Site-Painting  | Val  Loss: 0.6190 | Val  Acc: 0.8571
 Site-Quickdraw | Val  Loss: 1.6537 | Val  Acc: 0.4952
 Site-Real      | Val  Loss: 0.4583 | Val  Acc: 0.9048
 Site-Sketch    | Val  Loss: 0.7592 | Val  Acc: 0.7810
============ Train epoch 40 ============
============ Train epoch 41 ============
============ Train epoch 42 ============
============ Train epoch 43 ============
============ Train epoch 44 ============
 Site-Clipart   | Train Loss: 0.5822 | Train Acc: 0.9238
 Site-Infograph | Train Loss: 1.3027 | Train Acc: 0.6190
 Site-Painting  | Train Loss: 0.4762 | Train Acc: 0.9143
 Site-Quickdraw | Train Loss: 1.3421 | Train Acc: 0.6190
 Site-Real      | Train Loss: 0.2839 | Train Acc: 0.9619
 Site-Sketch    | Train Loss: 0.4890 | Train Acc: 0.8762
 Site-Clipart   | Val  Loss: 0.8974 | Val  Acc: 0.7143
 Site-Infograph | Val  Loss: 1.7940 | Val  Acc: 0.5238
 Site-Painting  | Val  Loss: 0.6769 | Val  Acc: 0.8381
 Site-Quickdraw | Val  Loss: 1.5864 | Val  Acc: 0.5048
 Site-Real      | Val  Loss: 0.3966 | Val  Acc: 0.9238
 Site-Sketch    | Val  Loss: 0.7728 | Val  Acc: 0.8000
============ Train epoch 45 ============
============ Train epoch 46 ============
============ Train epoch 47 ============
============ Train epoch 48 ============
============ Train epoch 49 ============
 Site-Clipart   | Train Loss: 0.5352 | Train Acc: 0.9524
 Site-Infograph | Train Loss: 1.4219 | Train Acc: 0.5619
 Site-Painting  | Train Loss: 0.3715 | Train Acc: 0.9333
 Site-Quickdraw | Train Loss: 1.2600 | Train Acc: 0.6190
 Site-Real      | Train Loss: 0.1967 | Train Acc: 0.9524
 Site-Sketch    | Train Loss: 0.5701 | Train Acc: 0.9048
 Site-Clipart   | Val  Loss: 0.7882 | Val  Acc: 0.7714
 Site-Infograph | Val  Loss: 1.7099 | Val  Acc: 0.5048
 Site-Painting  | Val  Loss: 0.6820 | Val  Acc: 0.8667
 Site-Quickdraw | Val  Loss: 1.5362 | Val  Acc: 0.5143
 Site-Real      | Val  Loss: 0.4101 | Val  Acc: 0.9238
 Site-Sketch    | Val  Loss: 0.7314 | Val  Acc: 0.8095
 Best site-Clipart    | Epoch:9 | Val Acc: 0.7714
 Best site-Infograph  | Epoch:9 | Val Acc: 0.5048
 Best site-Painting   | Epoch:9 | Val Acc: 0.8667
 Best site-Quickdraw  | Epoch:9 | Val Acc: 0.5143
 Best site-Real       | Epoch:9 | Val Acc: 0.9238
 Best site-Sketch     | Epoch:9 | Val Acc: 0.8095
 Saving the local and server checkpoint to ../checkpoint/domainnet/fed_domainnet/DoPrompt_lsim=True...
 Test site-Clipart   | Epoch:9 | Test Acc: 0.8365
 Test site-Infograph | Epoch:9 | Test Acc: 0.4734
 Test site-Painting  | Epoch:9 | Test Acc: 0.8837
 Test site-Quickdraw | Epoch:9 | Test Acc: 0.5400
 Test site-Real      | Epoch:9 | Test Acc: 0.9433
 Test site-Sketch    | Epoch:9 | Test Acc: 0.8051
===2023-03-15 00:55:42===
===Setting===
    lr: 0.01
    batch: 16
    iters: 5
    wk_iters: 10
============ Train epoch 0 ============
============ Train epoch 1 ============
============ Train epoch 2 ============
============ Train epoch 3 ============
============ Train epoch 4 ============
============ Train epoch 5 ============
============ Train epoch 6 ============
============ Train epoch 7 ============
============ Train epoch 8 ============
============ Train epoch 9 ============
 Site-Clipart   | Train Loss: 1.2158 | Train Acc: 0.7476
 Site-Infograph | Train Loss: 1.9159 | Train Acc: 0.4810
 Site-Painting  | Train Loss: 1.1969 | Train Acc: 0.8048
 Site-Quickdraw | Train Loss: 2.0857 | Train Acc: 0.2333
 Site-Real      | Train Loss: 0.9717 | Train Acc: 0.9048
 Site-Sketch    | Train Loss: 1.1636 | Train Acc: 0.7429
 Site-Clipart   | Val  Loss: 1.4225 | Val  Acc: 0.6762
 Site-Infograph | Val  Loss: 2.0272 | Val  Acc: 0.4524
 Site-Painting  | Val  Loss: 1.1942 | Val  Acc: 0.8095
 Site-Quickdraw | Val  Loss: 2.0923 | Val  Acc: 0.2619
 Site-Real      | Val  Loss: 1.1474 | Val  Acc: 0.8952
 Site-Sketch    | Val  Loss: 1.2271 | Val  Acc: 0.7238
 Best site-Clipart    | Epoch:0 | Val Acc: 0.6762
 Best site-Infograph  | Epoch:0 | Val Acc: 0.4524
 Best site-Painting   | Epoch:0 | Val Acc: 0.8095
 Best site-Quickdraw  | Epoch:0 | Val Acc: 0.2619
 Best site-Real       | Epoch:0 | Val Acc: 0.8952
 Best site-Sketch     | Epoch:0 | Val Acc: 0.7238
 Saving the local and server checkpoint to ../checkpoint/domainnet/fed_domainnet/DoPrompt_lsim=True...
 Test site-Clipart   | Epoch:0 | Test Acc: 0.7510
 Test site-Infograph | Epoch:0 | Test Acc: 0.4323
 Test site-Painting  | Epoch:0 | Test Acc: 0.8498
 Test site-Quickdraw | Epoch:0 | Test Acc: 0.3530
 Test site-Real      | Epoch:0 | Test Acc: 0.9006
 Test site-Sketch    | Epoch:0 | Test Acc: 0.7599
Average Test Accuracy: 0.6744
============ Train epoch 10 ============
============ Train epoch 11 ============
============ Train epoch 12 ============
============ Train epoch 13 ============
============ Train epoch 14 ============
============ Train epoch 15 ============
============ Train epoch 16 ============
============ Train epoch 17 ============
============ Train epoch 18 ============
============ Train epoch 19 ============
 Site-Clipart   | Train Loss: 0.7590 | Train Acc: 0.8143
 Site-Infograph | Train Loss: 1.5229 | Train Acc: 0.5381
 Site-Painting  | Train Loss: 0.6497 | Train Acc: 0.8810
 Site-Quickdraw | Train Loss: 1.8339 | Train Acc: 0.3476
 Site-Real      | Train Loss: 0.4450 | Train Acc: 0.9381
 Site-Sketch    | Train Loss: 0.7158 | Train Acc: 0.8429
 Site-Clipart   | Val  Loss: 0.9205 | Val  Acc: 0.7810
 Site-Infograph | Val  Loss: 1.8265 | Val  Acc: 0.4048
 Site-Painting  | Val  Loss: 0.7522 | Val  Acc: 0.8476
 Site-Quickdraw | Val  Loss: 1.9067 | Val  Acc: 0.3143
 Site-Real      | Val  Loss: 0.5192 | Val  Acc: 0.9143
 Site-Sketch    | Val  Loss: 0.7898 | Val  Acc: 0.8095
 Best site-Clipart    | Epoch:1 | Val Acc: 0.7810
 Best site-Infograph  | Epoch:1 | Val Acc: 0.4048
 Best site-Painting   | Epoch:1 | Val Acc: 0.8476
 Best site-Quickdraw  | Epoch:1 | Val Acc: 0.3143
 Best site-Real       | Epoch:1 | Val Acc: 0.9143
 Best site-Sketch     | Epoch:1 | Val Acc: 0.8095
 Saving the local and server checkpoint to ../checkpoint/domainnet/fed_domainnet/DoPrompt_lsim=True...
 Test site-Clipart   | Epoch:1 | Test Acc: 0.8156
 Test site-Infograph | Epoch:1 | Test Acc: 0.4734
 Test site-Painting  | Epoch:1 | Test Acc: 0.8950
 Test site-Quickdraw | Epoch:1 | Test Acc: 0.4540
 Test site-Real      | Epoch:1 | Test Acc: 0.9351
 Test site-Sketch    | Epoch:1 | Test Acc: 0.8159
Average Test Accuracy: 0.7315
============ Train epoch 20 ============
============ Train epoch 21 ============
============ Train epoch 22 ============
============ Train epoch 23 ============
============ Train epoch 24 ============
============ Train epoch 25 ============
============ Train epoch 26 ============
============ Train epoch 27 ============
============ Train epoch 28 ============
============ Train epoch 29 ============
 Site-Clipart   | Train Loss: 0.5948 | Train Acc: 0.8524
 Site-Infograph | Train Loss: 1.4174 | Train Acc: 0.5667
 Site-Painting  | Train Loss: 0.4167 | Train Acc: 0.9429
 Site-Quickdraw | Train Loss: 1.6996 | Train Acc: 0.3905
 Site-Real      | Train Loss: 0.2779 | Train Acc: 0.9381
 Site-Sketch    | Train Loss: 0.5657 | Train Acc: 0.8952
 Site-Clipart   | Val  Loss: 0.8333 | Val  Acc: 0.7667
 Site-Infograph | Val  Loss: 1.7017 | Val  Acc: 0.4476
 Site-Painting  | Val  Loss: 0.6230 | Val  Acc: 0.8524
 Site-Quickdraw | Val  Loss: 1.7085 | Val  Acc: 0.4190
 Site-Real      | Val  Loss: 0.4152 | Val  Acc: 0.9333
 Site-Sketch    | Val  Loss: 0.7200 | Val  Acc: 0.7619
 Best site-Clipart    | Epoch:2 | Val Acc: 0.7667
 Best site-Infograph  | Epoch:2 | Val Acc: 0.4476
 Best site-Painting   | Epoch:2 | Val Acc: 0.8524
 Best site-Quickdraw  | Epoch:2 | Val Acc: 0.4190
 Best site-Real       | Epoch:2 | Val Acc: 0.9333
 Best site-Sketch     | Epoch:2 | Val Acc: 0.7619
 Saving the local and server checkpoint to ../checkpoint/domainnet/fed_domainnet/DoPrompt_lsim=True...
 Test site-Clipart   | Epoch:2 | Test Acc: 0.8422
 Test site-Infograph | Epoch:2 | Test Acc: 0.4977
 Test site-Painting  | Epoch:2 | Test Acc: 0.8918
 Test site-Quickdraw | Epoch:2 | Test Acc: 0.4970
 Test site-Real      | Epoch:2 | Test Acc: 0.9433
 Test site-Sketch    | Epoch:2 | Test Acc: 0.8231
Average Test Accuracy: 0.7492
============ Train epoch 30 ============
============ Train epoch 31 ============
============ Train epoch 32 ============
============ Train epoch 33 ============
============ Train epoch 34 ============
============ Train epoch 35 ============
============ Train epoch 36 ============
============ Train epoch 37 ============
============ Train epoch 38 ============
============ Train epoch 39 ============
 Site-Clipart   | Train Loss: 0.4638 | Train Acc: 0.9048
 Site-Infograph | Train Loss: 1.2565 | Train Acc: 0.5952
 Site-Painting  | Train Loss: 0.3553 | Train Acc: 0.9190
 Site-Quickdraw | Train Loss: 1.5015 | Train Acc: 0.4810
 Site-Real      | Train Loss: 0.1979 | Train Acc: 0.9524
 Site-Sketch    | Train Loss: 0.4928 | Train Acc: 0.8952
 Site-Clipart   | Val  Loss: 0.7016 | Val  Acc: 0.7857
 Site-Infograph | Val  Loss: 1.6220 | Val  Acc: 0.5048
 Site-Painting  | Val  Loss: 0.5515 | Val  Acc: 0.8429
 Site-Quickdraw | Val  Loss: 1.6050 | Val  Acc: 0.4857
 Site-Real      | Val  Loss: 0.3274 | Val  Acc: 0.9571
 Site-Sketch    | Val  Loss: 0.6219 | Val  Acc: 0.8095
 Best site-Clipart    | Epoch:3 | Val Acc: 0.7857
 Best site-Infograph  | Epoch:3 | Val Acc: 0.5048
 Best site-Painting   | Epoch:3 | Val Acc: 0.8429
 Best site-Quickdraw  | Epoch:3 | Val Acc: 0.4857
 Best site-Real       | Epoch:3 | Val Acc: 0.9571
 Best site-Sketch     | Epoch:3 | Val Acc: 0.8095
 Saving the local and server checkpoint to ../checkpoint/domainnet/fed_domainnet/DoPrompt_lsim=True...
 Test site-Clipart   | Epoch:3 | Test Acc: 0.8517
 Test site-Infograph | Epoch:3 | Test Acc: 0.5053
 Test site-Painting  | Epoch:3 | Test Acc: 0.8982
 Test site-Quickdraw | Epoch:3 | Test Acc: 0.5230
 Test site-Real      | Epoch:3 | Test Acc: 0.9433
 Test site-Sketch    | Epoch:3 | Test Acc: 0.8394
Average Test Accuracy: 0.7602
============ Train epoch 40 ============
============ Train epoch 41 ============
============ Train epoch 42 ============
============ Train epoch 43 ============
============ Train epoch 44 ============
============ Train epoch 45 ============
============ Train epoch 46 ============
============ Train epoch 47 ============
============ Train epoch 48 ============
============ Train epoch 49 ============
 Site-Clipart   | Train Loss: 0.4321 | Train Acc: 0.8810
 Site-Infograph | Train Loss: 1.2067 | Train Acc: 0.5952
 Site-Painting  | Train Loss: 0.3090 | Train Acc: 0.9286
 Site-Quickdraw | Train Loss: 1.3400 | Train Acc: 0.5381
 Site-Real      | Train Loss: 0.1763 | Train Acc: 0.9524
 Site-Sketch    | Train Loss: 0.4383 | Train Acc: 0.9048
 Site-Clipart   | Val  Loss: 0.6730 | Val  Acc: 0.7905
 Site-Infograph | Val  Loss: 1.5787 | Val  Acc: 0.4905
 Site-Painting  | Val  Loss: 0.5483 | Val  Acc: 0.8381
 Site-Quickdraw | Val  Loss: 1.5290 | Val  Acc: 0.4810
 Site-Real      | Val  Loss: 0.2661 | Val  Acc: 0.9429
 Site-Sketch    | Val  Loss: 0.5794 | Val  Acc: 0.8333
Average Test Accuracy: 0.7601

===2023-03-15 03:23:56===
===Setting===
    lr: 0.01
    batch: 8
    iters: 6
    wk_iters: 10
============ Train epoch 40 ============
============ Train epoch 41 ============
============ Train epoch 42 ============
============ Train epoch 43 ============
============ Train epoch 44 ============
============ Train epoch 45 ============
============ Train epoch 46 ============
============ Train epoch 47 ============
============ Train epoch 48 ============
============ Train epoch 49 ============
 Site-Clipart   | Train Loss: 0.3566 | Train Acc: 0.8857
 Site-Infograph | Train Loss: 1.3667 | Train Acc: 0.5143
 Site-Painting  | Train Loss: 0.2904 | Train Acc: 0.9238
 Site-Quickdraw | Train Loss: 1.2834 | Train Acc: 0.5905
 Site-Real      | Train Loss: 0.2461 | Train Acc: 0.9429
 Site-Sketch    | Train Loss: 0.3510 | Train Acc: 0.9238
 Site-Clipart   | Val  Loss: 0.7318 | Val  Acc: 0.7429
 Site-Infograph | Val  Loss: 1.7812 | Val  Acc: 0.4476
 Site-Painting  | Val  Loss: 0.5768 | Val  Acc: 0.8667
 Site-Quickdraw | Val  Loss: 1.6549 | Val  Acc: 0.4952
 Site-Real      | Val  Loss: 0.2855 | Val  Acc: 0.9524
 Site-Sketch    | Val  Loss: 0.6391 | Val  Acc: 0.8571
============ Train epoch 50 ============
============ Train epoch 51 ============
============ Train epoch 52 ============
============ Train epoch 53 ============
============ Train epoch 54 ============
============ Train epoch 55 ============
============ Train epoch 56 ============
============ Train epoch 57 ============
============ Train epoch 58 ============
============ Train epoch 59 ============
 Site-Clipart   | Train Loss: 0.3115 | Train Acc: 0.9238
 Site-Infograph | Train Loss: 1.2512 | Train Acc: 0.5810
 Site-Painting  | Train Loss: 0.2294 | Train Acc: 0.9429
 Site-Quickdraw | Train Loss: 1.2759 | Train Acc: 0.6190
 Site-Real      | Train Loss: 0.1639 | Train Acc: 0.9714
 Site-Sketch    | Train Loss: 0.3794 | Train Acc: 0.9333
 Site-Clipart   | Val  Loss: 0.6431 | Val  Acc: 0.7619
 Site-Infograph | Val  Loss: 1.7686 | Val  Acc: 0.4667
 Site-Painting  | Val  Loss: 0.4229 | Val  Acc: 0.8857
 Site-Quickdraw | Val  Loss: 1.7167 | Val  Acc: 0.5524
 Site-Real      | Val  Loss: 0.2644 | Val  Acc: 0.9238
 Site-Sketch    | Val  Loss: 0.6362 | Val  Acc: 0.8476
 Best site-Clipart    | Epoch:5 | Val Acc: 0.7619
 Best site-Infograph  | Epoch:5 | Val Acc: 0.4667
 Best site-Painting   | Epoch:5 | Val Acc: 0.8857
 Best site-Quickdraw  | Epoch:5 | Val Acc: 0.5524
 Best site-Real       | Epoch:5 | Val Acc: 0.9238
 Best site-Sketch     | Epoch:5 | Val Acc: 0.8476
 Saving the local and server checkpoint to ../checkpoint/domainnet/fed_domainnet/DoPrompt_lsim=True...
 Test site-Clipart   | Epoch:5 | Test Acc: 0.8574
 Test site-Infograph | Epoch:5 | Test Acc: 0.5053
 Test site-Painting  | Epoch:5 | Test Acc: 0.8998
 Test site-Quickdraw | Epoch:5 | Test Acc: 0.5460
 Test site-Real      | Epoch:5 | Test Acc: 0.9499
 Test site-Sketch    | Epoch:5 | Test Acc: 0.8339
Average Test Accuracy: 0.7654
