===2023-03-27 12:23:19===
===Setting===
    dataset: domainnet
    lr: 0.01
    batch: 16
    iters: 10
    wk_iters: 5
    tune: True
    lambda for constrastive: 0.5
domain number = 3
============ Train epoch 0 ============
============ Train epoch 1 ============
============ Train epoch 2 ============
============ Train epoch 3 ============
============ Train epoch 4 ============
 Site-Clipart   | Train Loss: 1.9751 | Train Acc: 0.4127
 Site-Clipart   | Train Loss: 1.9138 | Train Acc: 0.4603
 Site-Clipart   | Train Loss: 1.8524 | Train Acc: 0.5079
 Site-Clipart   | Train Loss: 1.8480 | Train Acc: 0.4762
 Site-Clipart   | Train Loss: 2.0777 | Train Acc: 0.3492
 Site-Clipart   | Train Loss: 2.0391 | Train Acc: 0.3492
 Site-Infograph | Train Loss: 2.1874 | Train Acc: 0.2063
 Site-Infograph | Train Loss: 2.1644 | Train Acc: 0.2857
 Site-Infograph | Train Loss: 2.0652 | Train Acc: 0.3651
 Site-Painting  | Train Loss: 1.9817 | Train Acc: 0.4286
 Site-QuickDraw | Train Loss: 2.2714 | Train Acc: 0.1587
 Site-Real      | Train Loss: 1.8653 | Train Acc: 0.5238
 Site-Sketch    | Train Loss: 1.8296 | Train Acc: 0.6190
 Site-Clipart   | Val  Loss: 2.0587 | Val  Acc: 0.3333
 Site-Clipart   | Val  Loss: 1.8267 | Val  Acc: 0.4286
 Site-Clipart   | Val  Loss: 1.8288 | Val  Acc: 0.5238
 Site-Clipart   | Val  Loss: 1.8739 | Val  Acc: 0.5476
 Site-Clipart   | Val  Loss: 1.8671 | Val  Acc: 0.4762
 Site-Clipart   | Val  Loss: 1.9512 | Val  Acc: 0.4286
 Site-Infograph | Val  Loss: 2.1552 | Val  Acc: 0.3095
 Site-Infograph | Val  Loss: 2.1523 | Val  Acc: 0.2619
 Site-Infograph | Val  Loss: 2.1658 | Val  Acc: 0.2381
 Site-Painting  | Val  Loss: 2.0599 | Val  Acc: 0.4286
 Site-QuickDraw | Val  Loss: 2.2267 | Val  Acc: 0.1667
 Site-Real      | Val  Loss: 1.9443 | Val  Acc: 0.4286
 Site-Sketch    | Val  Loss: 1.9870 | Val  Acc: 0.4048
Average Valid Accuracy: 0.3828
 Best site-Clipart    | Epoch:0 | Val Acc: 0.3333
 Best site-Clipart    | Epoch:0 | Val Acc: 0.4286
 Best site-Clipart    | Epoch:0 | Val Acc: 0.5238
 Best site-Clipart    | Epoch:0 | Val Acc: 0.5476
 Best site-Clipart    | Epoch:0 | Val Acc: 0.4762
 Best site-Clipart    | Epoch:0 | Val Acc: 0.4286
 Best site-Infograph  | Epoch:0 | Val Acc: 0.3095
 Best site-Infograph  | Epoch:0 | Val Acc: 0.2619
 Best site-Infograph  | Epoch:0 | Val Acc: 0.2381
 Best site-Painting   | Epoch:0 | Val Acc: 0.4286
 Best site-QuickDraw  | Epoch:0 | Val Acc: 0.1667
 Best site-Real       | Epoch:0 | Val Acc: 0.4286
 Best site-Sketch     | Epoch:0 | Val Acc: 0.4048
 Saving the local and server checkpoint to ../checkpoint/fed_domainnet_uneven-2-sqrt_tune/FedPrompt_tune_0.5...
============ Train epoch 5 ============
============ Train epoch 6 ============
============ Train epoch 7 ============
============ Train epoch 8 ============
============ Train epoch 9 ============
 Site-Clipart   | Train Loss: 1.5307 | Train Acc: 0.6190
 Site-Clipart   | Train Loss: 1.6081 | Train Acc: 0.5714
 Site-Clipart   | Train Loss: 1.4218 | Train Acc: 0.7460
 Site-Clipart   | Train Loss: 1.4587 | Train Acc: 0.7619
 Site-Clipart   | Train Loss: 1.6344 | Train Acc: 0.6032
 Site-Clipart   | Train Loss: 1.6191 | Train Acc: 0.5556
 Site-Infograph | Train Loss: 2.0792 | Train Acc: 0.3492
 Site-Infograph | Train Loss: 1.9488 | Train Acc: 0.4127
 Site-Infograph | Train Loss: 1.8286 | Train Acc: 0.4921
 Site-Painting  | Train Loss: 1.5395 | Train Acc: 0.6349
 Site-QuickDraw | Train Loss: 2.2557 | Train Acc: 0.1429
 Site-Real      | Train Loss: 1.3965 | Train Acc: 0.7619
 Site-Sketch    | Train Loss: 1.4177 | Train Acc: 0.7143
 Site-Clipart   | Val  Loss: 1.6420 | Val  Acc: 0.5714
 Site-Clipart   | Val  Loss: 1.3730 | Val  Acc: 0.7619
 Site-Clipart   | Val  Loss: 1.3750 | Val  Acc: 0.7143
 Site-Clipart   | Val  Loss: 1.3291 | Val  Acc: 0.8333
 Site-Clipart   | Val  Loss: 1.5768 | Val  Acc: 0.6190
 Site-Clipart   | Val  Loss: 1.5952 | Val  Acc: 0.5476
 Site-Infograph | Val  Loss: 1.9660 | Val  Acc: 0.3571
 Site-Infograph | Val  Loss: 1.9085 | Val  Acc: 0.5000
 Site-Infograph | Val  Loss: 2.1062 | Val  Acc: 0.3095
 Site-Painting  | Val  Loss: 1.7316 | Val  Acc: 0.5238
 Site-QuickDraw | Val  Loss: 2.1527 | Val  Acc: 0.2619
 Site-Real      | Val  Loss: 1.4297 | Val  Acc: 0.7619
 Site-Sketch    | Val  Loss: 1.6353 | Val  Acc: 0.5952
Average Valid Accuracy: 0.5659
 Best site-Clipart    | Epoch:1 | Val Acc: 0.5714
 Best site-Clipart    | Epoch:1 | Val Acc: 0.7619
 Best site-Clipart    | Epoch:1 | Val Acc: 0.7143
 Best site-Clipart    | Epoch:1 | Val Acc: 0.8333
 Best site-Clipart    | Epoch:1 | Val Acc: 0.6190
 Best site-Clipart    | Epoch:1 | Val Acc: 0.5476
 Best site-Infograph  | Epoch:1 | Val Acc: 0.3571
 Best site-Infograph  | Epoch:1 | Val Acc: 0.5000
 Best site-Infograph  | Epoch:1 | Val Acc: 0.3095
 Best site-Painting   | Epoch:1 | Val Acc: 0.5238
 Best site-QuickDraw  | Epoch:1 | Val Acc: 0.2619
 Best site-Real       | Epoch:1 | Val Acc: 0.7619
 Best site-Sketch     | Epoch:1 | Val Acc: 0.5952
 Saving the local and server checkpoint to ../checkpoint/fed_domainnet_uneven-2-sqrt_tune/FedPrompt_tune_0.5...
============ Train epoch 10 ============
============ Train epoch 11 ============
============ Train epoch 12 ============
============ Train epoch 13 ============
============ Train epoch 14 ============
 Site-Clipart   | Train Loss: 1.1736 | Train Acc: 0.7778
 Site-Clipart   | Train Loss: 1.2933 | Train Acc: 0.7302
 Site-Clipart   | Train Loss: 1.0372 | Train Acc: 0.8413
 Site-Clipart   | Train Loss: 1.0231 | Train Acc: 0.8413
 Site-Clipart   | Train Loss: 1.2353 | Train Acc: 0.7460
 Site-Clipart   | Train Loss: 1.2628 | Train Acc: 0.7619
 Site-Infograph | Train Loss: 2.0010 | Train Acc: 0.2698
 Site-Infograph | Train Loss: 1.8085 | Train Acc: 0.3968
 Site-Infograph | Train Loss: 1.6389 | Train Acc: 0.5079
 Site-Painting  | Train Loss: 1.2035 | Train Acc: 0.7460
 Site-QuickDraw | Train Loss: 2.1322 | Train Acc: 0.2540
 Site-Real      | Train Loss: 1.0085 | Train Acc: 0.8571
 Site-Sketch    | Train Loss: 1.1204 | Train Acc: 0.8095
 Site-Clipart   | Val  Loss: 1.2365 | Val  Acc: 0.7619
 Site-Clipart   | Val  Loss: 1.1049 | Val  Acc: 0.8095
 Site-Clipart   | Val  Loss: 0.9768 | Val  Acc: 0.8333
 Site-Clipart   | Val  Loss: 1.0197 | Val  Acc: 0.9286
 Site-Clipart   | Val  Loss: 1.2201 | Val  Acc: 0.6905
 Site-Clipart   | Val  Loss: 1.2510 | Val  Acc: 0.7857
 Site-Infograph | Val  Loss: 1.6126 | Val  Acc: 0.6190
 Site-Infograph | Val  Loss: 1.6716 | Val  Acc: 0.5000
 Site-Infograph | Val  Loss: 2.0195 | Val  Acc: 0.2381
 Site-Painting  | Val  Loss: 1.3835 | Val  Acc: 0.6190
 Site-QuickDraw | Val  Loss: 2.0940 | Val  Acc: 0.2619
 Site-Real      | Val  Loss: 0.9324 | Val  Acc: 0.8810
 Site-Sketch    | Val  Loss: 1.2358 | Val  Acc: 0.7381
Average Valid Accuracy: 0.6667
 Best site-Clipart    | Epoch:2 | Val Acc: 0.7619
 Best site-Clipart    | Epoch:2 | Val Acc: 0.8095
 Best site-Clipart    | Epoch:2 | Val Acc: 0.8333
 Best site-Clipart    | Epoch:2 | Val Acc: 0.9286
 Best site-Clipart    | Epoch:2 | Val Acc: 0.6905
 Best site-Clipart    | Epoch:2 | Val Acc: 0.7857
 Best site-Infograph  | Epoch:2 | Val Acc: 0.6190
 Best site-Infograph  | Epoch:2 | Val Acc: 0.5000
 Best site-Infograph  | Epoch:2 | Val Acc: 0.2381
 Best site-Painting   | Epoch:2 | Val Acc: 0.6190
 Best site-QuickDraw  | Epoch:2 | Val Acc: 0.2619
 Best site-Real       | Epoch:2 | Val Acc: 0.8810
 Best site-Sketch     | Epoch:2 | Val Acc: 0.7381
 Saving the local and server checkpoint to ../checkpoint/fed_domainnet_uneven-2-sqrt_tune/FedPrompt_tune_0.5...
============ Train epoch 15 ============
============ Train epoch 16 ============
============ Train epoch 17 ============
============ Train epoch 18 ============
============ Train epoch 19 ============
 Site-Clipart   | Train Loss: 0.9293 | Train Acc: 0.7778
 Site-Clipart   | Train Loss: 0.9981 | Train Acc: 0.8095
 Site-Clipart   | Train Loss: 0.7693 | Train Acc: 0.9206
 Site-Clipart   | Train Loss: 0.6842 | Train Acc: 0.9048
 Site-Clipart   | Train Loss: 0.9388 | Train Acc: 0.8571
 Site-Clipart   | Train Loss: 0.9832 | Train Acc: 0.8413
 Site-Infograph | Train Loss: 1.7882 | Train Acc: 0.4127
 Site-Infograph | Train Loss: 1.5797 | Train Acc: 0.5238
 Site-Infograph | Train Loss: 1.4190 | Train Acc: 0.5714
 Site-Painting  | Train Loss: 0.9795 | Train Acc: 0.8095
 Site-QuickDraw | Train Loss: 2.0283 | Train Acc: 0.3492
 Site-Real      | Train Loss: 0.6939 | Train Acc: 0.9365
 Site-Sketch    | Train Loss: 0.8941 | Train Acc: 0.8095
 Site-Clipart   | Val  Loss: 0.9029 | Val  Acc: 0.9048
 Site-Clipart   | Val  Loss: 0.6674 | Val  Acc: 0.9286
 Site-Clipart   | Val  Loss: 0.6605 | Val  Acc: 0.9762
 Site-Clipart   | Val  Loss: 0.7505 | Val  Acc: 0.9048
 Site-Clipart   | Val  Loss: 0.9951 | Val  Acc: 0.8095
 Site-Clipart   | Val  Loss: 0.9566 | Val  Acc: 0.8095
 Site-Infograph | Val  Loss: 1.4917 | Val  Acc: 0.5476
 Site-Infograph | Val  Loss: 1.3705 | Val  Acc: 0.6190
 Site-Infograph | Val  Loss: 1.8795 | Val  Acc: 0.3571
 Site-Painting  | Val  Loss: 1.1736 | Val  Acc: 0.7619
 Site-QuickDraw | Val  Loss: 2.1213 | Val  Acc: 0.3333
 Site-Real      | Val  Loss: 0.6756 | Val  Acc: 0.9286
 Site-Sketch    | Val  Loss: 0.9880 | Val  Acc: 0.8095
Average Valid Accuracy: 0.7454
 Best site-Clipart    | Epoch:3 | Val Acc: 0.9048
 Best site-Clipart    | Epoch:3 | Val Acc: 0.9286
 Best site-Clipart    | Epoch:3 | Val Acc: 0.9762
 Best site-Clipart    | Epoch:3 | Val Acc: 0.9048
 Best site-Clipart    | Epoch:3 | Val Acc: 0.8095
 Best site-Clipart    | Epoch:3 | Val Acc: 0.8095
 Best site-Infograph  | Epoch:3 | Val Acc: 0.5476
 Best site-Infograph  | Epoch:3 | Val Acc: 0.6190
 Best site-Infograph  | Epoch:3 | Val Acc: 0.3571
 Best site-Painting   | Epoch:3 | Val Acc: 0.7619
 Best site-QuickDraw  | Epoch:3 | Val Acc: 0.3333
 Best site-Real       | Epoch:3 | Val Acc: 0.9286
 Best site-Sketch     | Epoch:3 | Val Acc: 0.8095
 Saving the local and server checkpoint to ../checkpoint/fed_domainnet_uneven-2-sqrt_tune/FedPrompt_tune_0.5...
============ Train epoch 20 ============
============ Train epoch 21 ============
============ Train epoch 22 ============
============ Train epoch 23 ============
============ Train epoch 24 ============
 Site-Clipart   | Train Loss: 0.6756 | Train Acc: 0.8889
 Site-Clipart   | Train Loss: 0.7689 | Train Acc: 0.7937
 Site-Clipart   | Train Loss: 0.5808 | Train Acc: 0.9206
 Site-Clipart   | Train Loss: 0.5155 | Train Acc: 0.9365
 Site-Clipart   | Train Loss: 0.6990 | Train Acc: 0.9048
 Site-Clipart   | Train Loss: 0.8222 | Train Acc: 0.8095
 Site-Infograph | Train Loss: 1.5533 | Train Acc: 0.6032
 Site-Infograph | Train Loss: 1.3574 | Train Acc: 0.6667
 Site-Infograph | Train Loss: 1.1403 | Train Acc: 0.6984
 Site-Painting  | Train Loss: 0.8532 | Train Acc: 0.8095
 Site-QuickDraw | Train Loss: 1.9679 | Train Acc: 0.4127
 Site-Real      | Train Loss: 0.6232 | Train Acc: 0.8571
 Site-Sketch    | Train Loss: 0.7453 | Train Acc: 0.7937
 Site-Clipart   | Val  Loss: 0.7393 | Val  Acc: 0.8095
 Site-Clipart   | Val  Loss: 0.5665 | Val  Acc: 0.8810
 Site-Clipart   | Val  Loss: 0.5122 | Val  Acc: 0.9524
 Site-Clipart   | Val  Loss: 0.5185 | Val  Acc: 0.9286
 Site-Clipart   | Val  Loss: 0.7804 | Val  Acc: 0.8095
 Site-Clipart   | Val  Loss: 0.7393 | Val  Acc: 0.8333
 Site-Infograph | Val  Loss: 1.2421 | Val  Acc: 0.6667
 Site-Infograph | Val  Loss: 1.2104 | Val  Acc: 0.7619
 Site-Infograph | Val  Loss: 1.6558 | Val  Acc: 0.4762
 Site-Painting  | Val  Loss: 1.0148 | Val  Acc: 0.7857
 Site-QuickDraw | Val  Loss: 2.1426 | Val  Acc: 0.2857
 Site-Real      | Val  Loss: 0.5663 | Val  Acc: 0.8810
 Site-Sketch    | Val  Loss: 0.9726 | Val  Acc: 0.8095
Average Valid Accuracy: 0.7601
 Best site-Clipart    | Epoch:4 | Val Acc: 0.8095
 Best site-Clipart    | Epoch:4 | Val Acc: 0.8810
 Best site-Clipart    | Epoch:4 | Val Acc: 0.9524
 Best site-Clipart    | Epoch:4 | Val Acc: 0.9286
 Best site-Clipart    | Epoch:4 | Val Acc: 0.8095
 Best site-Clipart    | Epoch:4 | Val Acc: 0.8333
 Best site-Infograph  | Epoch:4 | Val Acc: 0.6667
 Best site-Infograph  | Epoch:4 | Val Acc: 0.7619
 Best site-Infograph  | Epoch:4 | Val Acc: 0.4762
 Best site-Painting   | Epoch:4 | Val Acc: 0.7857
 Best site-QuickDraw  | Epoch:4 | Val Acc: 0.2857
 Best site-Real       | Epoch:4 | Val Acc: 0.8810
 Best site-Sketch     | Epoch:4 | Val Acc: 0.8095
 Saving the local and server checkpoint to ../checkpoint/fed_domainnet_uneven-2-sqrt_tune/FedPrompt_tune_0.5...
============ Train epoch 25 ============
============ Train epoch 26 ============
============ Train epoch 27 ============
============ Train epoch 28 ============
============ Train epoch 29 ============
 Site-Clipart   | Train Loss: 0.4925 | Train Acc: 0.9365
 Site-Clipart   | Train Loss: 0.6281 | Train Acc: 0.8095
 Site-Clipart   | Train Loss: 0.4840 | Train Acc: 0.9524
 Site-Clipart   | Train Loss: 0.3878 | Train Acc: 0.9365
 Site-Clipart   | Train Loss: 0.6223 | Train Acc: 0.8889
 Site-Clipart   | Train Loss: 0.6400 | Train Acc: 0.8413
 Site-Infograph | Train Loss: 1.5896 | Train Acc: 0.4603
 Site-Infograph | Train Loss: 1.2761 | Train Acc: 0.5238
 Site-Infograph | Train Loss: 1.1015 | Train Acc: 0.6825
 Site-Painting  | Train Loss: 0.5603 | Train Acc: 0.9048
 Site-QuickDraw | Train Loss: 1.7848 | Train Acc: 0.3810
 Site-Real      | Train Loss: 0.3577 | Train Acc: 0.9524
 Site-Sketch    | Train Loss: 0.5308 | Train Acc: 0.8889
 Site-Clipart   | Val  Loss: 0.5780 | Val  Acc: 0.8810
 Site-Clipart   | Val  Loss: 0.3827 | Val  Acc: 0.9762
 Site-Clipart   | Val  Loss: 0.3929 | Val  Acc: 0.9524
 Site-Clipart   | Val  Loss: 0.4377 | Val  Acc: 0.9286
 Site-Clipart   | Val  Loss: 0.7525 | Val  Acc: 0.8333
 Site-Clipart   | Val  Loss: 0.6037 | Val  Acc: 0.9048
 Site-Infograph | Val  Loss: 1.1692 | Val  Acc: 0.6667
 Site-Infograph | Val  Loss: 1.2948 | Val  Acc: 0.5952
 Site-Infograph | Val  Loss: 1.5775 | Val  Acc: 0.4524
 Site-Painting  | Val  Loss: 0.8225 | Val  Acc: 0.8095
 Site-QuickDraw | Val  Loss: 2.0672 | Val  Acc: 0.3571
 Site-Real      | Val  Loss: 0.3792 | Val  Acc: 0.9524
 Site-Sketch    | Val  Loss: 0.7450 | Val  Acc: 0.8333
Average Valid Accuracy: 0.7802
 Best site-Clipart    | Epoch:5 | Val Acc: 0.8810
 Best site-Clipart    | Epoch:5 | Val Acc: 0.9762
 Best site-Clipart    | Epoch:5 | Val Acc: 0.9524
 Best site-Clipart    | Epoch:5 | Val Acc: 0.9286
 Best site-Clipart    | Epoch:5 | Val Acc: 0.8333
 Best site-Clipart    | Epoch:5 | Val Acc: 0.9048
 Best site-Infograph  | Epoch:5 | Val Acc: 0.6667
 Best site-Infograph  | Epoch:5 | Val Acc: 0.5952
 Best site-Infograph  | Epoch:5 | Val Acc: 0.4524
 Best site-Painting   | Epoch:5 | Val Acc: 0.8095
 Best site-QuickDraw  | Epoch:5 | Val Acc: 0.3571
 Best site-Real       | Epoch:5 | Val Acc: 0.9524
 Best site-Sketch     | Epoch:5 | Val Acc: 0.8333
 Saving the local and server checkpoint to ../checkpoint/fed_domainnet_uneven-2-sqrt_tune/FedPrompt_tune_0.5...
============ Train epoch 30 ============
============ Train epoch 31 ============
============ Train epoch 32 ============
============ Train epoch 33 ============
============ Train epoch 34 ============
 Site-Clipart   | Train Loss: 0.3611 | Train Acc: 0.9524
 Site-Clipart   | Train Loss: 0.5801 | Train Acc: 0.8889
 Site-Clipart   | Train Loss: 0.3806 | Train Acc: 0.9524
 Site-Clipart   | Train Loss: 0.2693 | Train Acc: 0.9841
 Site-Clipart   | Train Loss: 0.4980 | Train Acc: 0.9048
 Site-Clipart   | Train Loss: 0.4983 | Train Acc: 0.8730
 Site-Infograph | Train Loss: 1.3624 | Train Acc: 0.5714
 Site-Infograph | Train Loss: 1.1186 | Train Acc: 0.6190
 Site-Infograph | Train Loss: 1.0368 | Train Acc: 0.6984
 Site-Painting  | Train Loss: 0.4918 | Train Acc: 0.8889
 Site-QuickDraw | Train Loss: 1.5128 | Train Acc: 0.5714
 Site-Real      | Train Loss: 0.2816 | Train Acc: 0.9365
 Site-Sketch    | Train Loss: 0.4983 | Train Acc: 0.8889
 Site-Clipart   | Val  Loss: 0.4320 | Val  Acc: 0.9048
 Site-Clipart   | Val  Loss: 0.2387 | Val  Acc: 0.9762
 Site-Clipart   | Val  Loss: 0.2682 | Val  Acc: 0.9524
 Site-Clipart   | Val  Loss: 0.2496 | Val  Acc: 1.0000
 Site-Clipart   | Val  Loss: 0.5881 | Val  Acc: 0.8810
 Site-Clipart   | Val  Loss: 0.5145 | Val  Acc: 0.8810
 Site-Infograph | Val  Loss: 1.0110 | Val  Acc: 0.7381
 Site-Infograph | Val  Loss: 1.0967 | Val  Acc: 0.7381
 Site-Infograph | Val  Loss: 1.4003 | Val  Acc: 0.5714
 Site-Painting  | Val  Loss: 0.7428 | Val  Acc: 0.8333
 Site-QuickDraw | Val  Loss: 1.7139 | Val  Acc: 0.4524
 Site-Real      | Val  Loss: 0.3484 | Val  Acc: 0.9286
 Site-Sketch    | Val  Loss: 0.7941 | Val  Acc: 0.7857
Average Valid Accuracy: 0.8187
 Best site-Clipart    | Epoch:6 | Val Acc: 0.9048
 Best site-Clipart    | Epoch:6 | Val Acc: 0.9762
 Best site-Clipart    | Epoch:6 | Val Acc: 0.9524
 Best site-Clipart    | Epoch:6 | Val Acc: 1.0000
 Best site-Clipart    | Epoch:6 | Val Acc: 0.8810
 Best site-Clipart    | Epoch:6 | Val Acc: 0.8810
 Best site-Infograph  | Epoch:6 | Val Acc: 0.7381
 Best site-Infograph  | Epoch:6 | Val Acc: 0.7381
 Best site-Infograph  | Epoch:6 | Val Acc: 0.5714
 Best site-Painting   | Epoch:6 | Val Acc: 0.8333
 Best site-QuickDraw  | Epoch:6 | Val Acc: 0.4524
 Best site-Real       | Epoch:6 | Val Acc: 0.9286
 Best site-Sketch     | Epoch:6 | Val Acc: 0.7857
 Saving the local and server checkpoint to ../checkpoint/fed_domainnet_uneven-2-sqrt_tune/FedPrompt_tune_0.5...
============ Train epoch 35 ============
============ Train epoch 36 ============
============ Train epoch 37 ============
============ Train epoch 38 ============
============ Train epoch 39 ============
 Site-Clipart   | Train Loss: 0.3335 | Train Acc: 0.9683
 Site-Clipart   | Train Loss: 0.4211 | Train Acc: 0.9048
 Site-Clipart   | Train Loss: 0.2214 | Train Acc: 0.9524
 Site-Clipart   | Train Loss: 0.1620 | Train Acc: 1.0000
 Site-Clipart   | Train Loss: 0.3568 | Train Acc: 0.9524
 Site-Clipart   | Train Loss: 0.4565 | Train Acc: 0.8889
 Site-Infograph | Train Loss: 1.2070 | Train Acc: 0.6190
 Site-Infograph | Train Loss: 0.9090 | Train Acc: 0.7302
 Site-Infograph | Train Loss: 0.9014 | Train Acc: 0.7143
 Site-Painting  | Train Loss: 0.4005 | Train Acc: 0.9365
 Site-QuickDraw | Train Loss: 1.6459 | Train Acc: 0.4286
 Site-Real      | Train Loss: 0.2531 | Train Acc: 0.9524
 Site-Sketch    | Train Loss: 0.3117 | Train Acc: 0.9524
 Site-Clipart   | Val  Loss: 0.3342 | Val  Acc: 0.9048
 Site-Clipart   | Val  Loss: 0.1833 | Val  Acc: 1.0000
 Site-Clipart   | Val  Loss: 0.1841 | Val  Acc: 1.0000
 Site-Clipart   | Val  Loss: 0.2290 | Val  Acc: 1.0000
 Site-Clipart   | Val  Loss: 0.4424 | Val  Acc: 0.9048
 Site-Clipart   | Val  Loss: 0.4369 | Val  Acc: 0.8810
 Site-Infograph | Val  Loss: 0.8949 | Val  Acc: 0.6905
 Site-Infograph | Val  Loss: 0.8353 | Val  Acc: 0.8333
 Site-Infograph | Val  Loss: 1.3453 | Val  Acc: 0.5000
 Site-Painting  | Val  Loss: 0.7941 | Val  Acc: 0.7143
 Site-QuickDraw | Val  Loss: 1.7928 | Val  Acc: 0.4524
 Site-Real      | Val  Loss: 0.3279 | Val  Acc: 0.9048
 Site-Sketch    | Val  Loss: 0.6824 | Val  Acc: 0.8571
Average Valid Accuracy: 0.8187
============ Train epoch 40 ============
============ Train epoch 41 ============
============ Train epoch 42 ============
============ Train epoch 43 ============
============ Train epoch 44 ============
 Site-Clipart   | Train Loss: 0.2615 | Train Acc: 0.9524
 Site-Clipart   | Train Loss: 0.3513 | Train Acc: 0.8889
 Site-Clipart   | Train Loss: 0.1990 | Train Acc: 1.0000
 Site-Clipart   | Train Loss: 0.1846 | Train Acc: 0.9683
 Site-Clipart   | Train Loss: 0.3115 | Train Acc: 0.9683
 Site-Clipart   | Train Loss: 0.3505 | Train Acc: 0.9048
 Site-Infograph | Train Loss: 1.4205 | Train Acc: 0.5397
 Site-Infograph | Train Loss: 1.0165 | Train Acc: 0.6825
 Site-Infograph | Train Loss: 0.7556 | Train Acc: 0.7778
 Site-Painting  | Train Loss: 0.3779 | Train Acc: 0.9365
 Site-QuickDraw | Train Loss: 1.5350 | Train Acc: 0.5079
 Site-Real      | Train Loss: 0.2157 | Train Acc: 0.9365
 Site-Sketch    | Train Loss: 0.3238 | Train Acc: 0.9365
 Site-Clipart   | Val  Loss: 0.3598 | Val  Acc: 0.9286
 Site-Clipart   | Val  Loss: 0.2601 | Val  Acc: 0.9524
 Site-Clipart   | Val  Loss: 0.1959 | Val  Acc: 0.9286
 Site-Clipart   | Val  Loss: 0.1666 | Val  Acc: 1.0000
 Site-Clipart   | Val  Loss: 0.3736 | Val  Acc: 0.8810
 Site-Clipart   | Val  Loss: 0.3218 | Val  Acc: 0.9524
 Site-Infograph | Val  Loss: 0.7414 | Val  Acc: 0.8333
 Site-Infograph | Val  Loss: 0.9447 | Val  Acc: 0.7381
 Site-Infograph | Val  Loss: 1.3667 | Val  Acc: 0.4762
 Site-Painting  | Val  Loss: 0.5229 | Val  Acc: 0.8810
 Site-QuickDraw | Val  Loss: 1.7944 | Val  Acc: 0.4286
 Site-Real      | Val  Loss: 0.2941 | Val  Acc: 0.9286
 Site-Sketch    | Val  Loss: 0.5593 | Val  Acc: 0.8810
Average Valid Accuracy: 0.8315
 Best site-Clipart    | Epoch:8 | Val Acc: 0.9286
 Best site-Clipart    | Epoch:8 | Val Acc: 0.9524
 Best site-Clipart    | Epoch:8 | Val Acc: 0.9286
 Best site-Clipart    | Epoch:8 | Val Acc: 1.0000
 Best site-Clipart    | Epoch:8 | Val Acc: 0.8810
 Best site-Clipart    | Epoch:8 | Val Acc: 0.9524
 Best site-Infograph  | Epoch:8 | Val Acc: 0.8333
 Best site-Infograph  | Epoch:8 | Val Acc: 0.7381
 Best site-Infograph  | Epoch:8 | Val Acc: 0.4762
 Best site-Painting   | Epoch:8 | Val Acc: 0.8810
 Best site-QuickDraw  | Epoch:8 | Val Acc: 0.4286
 Best site-Real       | Epoch:8 | Val Acc: 0.9286
 Best site-Sketch     | Epoch:8 | Val Acc: 0.8810
 Saving the local and server checkpoint to ../checkpoint/fed_domainnet_uneven-2-sqrt_tune/FedPrompt_tune_0.5...
============ Train epoch 45 ============
============ Train epoch 46 ============
============ Train epoch 47 ============
============ Train epoch 48 ============
============ Train epoch 49 ============
 Site-Clipart   | Train Loss: 0.1881 | Train Acc: 0.9683
 Site-Clipart   | Train Loss: 0.2398 | Train Acc: 0.9524
 Site-Clipart   | Train Loss: 0.2141 | Train Acc: 0.9365
 Site-Clipart   | Train Loss: 0.1400 | Train Acc: 0.9683
 Site-Clipart   | Train Loss: 0.2260 | Train Acc: 0.9841
 Site-Clipart   | Train Loss: 0.3776 | Train Acc: 0.9048
 Site-Infograph | Train Loss: 0.9596 | Train Acc: 0.6825
 Site-Infograph | Train Loss: 0.8995 | Train Acc: 0.6984
 Site-Infograph | Train Loss: 0.6534 | Train Acc: 0.7619
 Site-Painting  | Train Loss: 0.2591 | Train Acc: 0.9206
 Site-QuickDraw | Train Loss: 1.4430 | Train Acc: 0.5238
 Site-Real      | Train Loss: 0.2062 | Train Acc: 0.9683
 Site-Sketch    | Train Loss: 0.2869 | Train Acc: 0.9365
 Site-Clipart   | Val  Loss: 0.1911 | Val  Acc: 0.9762
 Site-Clipart   | Val  Loss: 0.1492 | Val  Acc: 0.9524
 Site-Clipart   | Val  Loss: 0.1139 | Val  Acc: 1.0000
 Site-Clipart   | Val  Loss: 0.1814 | Val  Acc: 0.9762
 Site-Clipart   | Val  Loss: 0.2653 | Val  Acc: 0.9524
 Site-Clipart   | Val  Loss: 0.2652 | Val  Acc: 0.9286
 Site-Infograph | Val  Loss: 0.6935 | Val  Acc: 0.7619
 Site-Infograph | Val  Loss: 0.7805 | Val  Acc: 0.7619
 Site-Infograph | Val  Loss: 1.0654 | Val  Acc: 0.6667
 Site-Painting  | Val  Loss: 0.4874 | Val  Acc: 0.9048
 Site-QuickDraw | Val  Loss: 1.7826 | Val  Acc: 0.4048
 Site-Real      | Val  Loss: 0.2345 | Val  Acc: 0.9524
 Site-Sketch    | Val  Loss: 0.7022 | Val  Acc: 0.8571
Average Valid Accuracy: 0.8535
 Best site-Clipart    | Epoch:9 | Val Acc: 0.9762
 Best site-Clipart    | Epoch:9 | Val Acc: 0.9524
 Best site-Clipart    | Epoch:9 | Val Acc: 1.0000
 Best site-Clipart    | Epoch:9 | Val Acc: 0.9762
 Best site-Clipart    | Epoch:9 | Val Acc: 0.9524
 Best site-Clipart    | Epoch:9 | Val Acc: 0.9286
 Best site-Infograph  | Epoch:9 | Val Acc: 0.7619
 Best site-Infograph  | Epoch:9 | Val Acc: 0.7619
 Best site-Infograph  | Epoch:9 | Val Acc: 0.6667
 Best site-Painting   | Epoch:9 | Val Acc: 0.9048
 Best site-QuickDraw  | Epoch:9 | Val Acc: 0.4048
 Best site-Real       | Epoch:9 | Val Acc: 0.9524
 Best site-Sketch     | Epoch:9 | Val Acc: 0.8571
 Saving the local and server checkpoint to ../checkpoint/fed_domainnet_uneven-2-sqrt_tune/FedPrompt_tune_0.5...
===2023-03-27 12:59:08===
===2023-03-27 12:59:09===
===Setting===
    dataset: domainnet
    lr: 0.01
    batch: 8
    iters: 10
    wk_iters: 5
    tune: True
    lambda for constrastive: 0.5
domain number = 3
Loading snapshots...
 Test site-Clipart   | Epoch:9 | Test Acc: 0.8783
 Test site-Infograph | Epoch:9 | Test Acc: 0.5266
 Test site-Painting  | Epoch:9 | Test Acc: 0.8595
 Test site-QuickDraw | Epoch:9 | Test Acc: 0.4670
 Test site-Real      | Epoch:9 | Test Acc: 0.9219
 Test site-Sketch    | Epoch:9 | Test Acc: 0.8051
Average Test Accuracy: 0.7431
