===2023-03-27 11:46:12===
===Setting===
    dataset: domainnet
    lr: 0.01
    batch: 16
    iters: 10
    wk_iters: 5
    tune: True
    lambda for constrastive: 0.1
domain number = 3
============ Train epoch 0 ============
============ Train epoch 1 ============
============ Train epoch 2 ============
============ Train epoch 3 ============
============ Train epoch 4 ============
 Site-Clipart   | Train Loss: 1.9610 | Train Acc: 0.4127
 Site-Clipart   | Train Loss: 1.9115 | Train Acc: 0.4603
 Site-Clipart   | Train Loss: 1.8580 | Train Acc: 0.5238
 Site-Clipart   | Train Loss: 1.8369 | Train Acc: 0.4762
 Site-Clipart   | Train Loss: 2.0590 | Train Acc: 0.3810
 Site-Clipart   | Train Loss: 2.0206 | Train Acc: 0.3016
 Site-Infograph | Train Loss: 2.1693 | Train Acc: 0.2063
 Site-Infograph | Train Loss: 2.1593 | Train Acc: 0.2857
 Site-Infograph | Train Loss: 2.0790 | Train Acc: 0.3492
 Site-Painting  | Train Loss: 1.9916 | Train Acc: 0.4762
 Site-QuickDraw | Train Loss: 2.2504 | Train Acc: 0.1746
 Site-Real      | Train Loss: 1.8643 | Train Acc: 0.5079
 Site-Sketch    | Train Loss: 1.8266 | Train Acc: 0.5397
 Site-Clipart   | Val  Loss: 2.0312 | Val  Acc: 0.3571
 Site-Clipart   | Val  Loss: 1.8084 | Val  Acc: 0.4762
 Site-Clipart   | Val  Loss: 1.8100 | Val  Acc: 0.5476
 Site-Clipart   | Val  Loss: 1.8847 | Val  Acc: 0.5238
 Site-Clipart   | Val  Loss: 1.8716 | Val  Acc: 0.4524
 Site-Clipart   | Val  Loss: 1.9575 | Val  Acc: 0.4524
 Site-Infograph | Val  Loss: 2.1811 | Val  Acc: 0.3095
 Site-Infograph | Val  Loss: 2.1650 | Val  Acc: 0.2143
 Site-Infograph | Val  Loss: 2.1739 | Val  Acc: 0.2857
 Site-Painting  | Val  Loss: 2.0510 | Val  Acc: 0.4286
 Site-QuickDraw | Val  Loss: 2.2570 | Val  Acc: 0.1429
 Site-Real      | Val  Loss: 1.9365 | Val  Acc: 0.4524
 Site-Sketch    | Val  Loss: 1.9874 | Val  Acc: 0.4048
Average Valid Accuracy: 0.3883
 Best site-Clipart    | Epoch:0 | Val Acc: 0.3571
 Best site-Clipart    | Epoch:0 | Val Acc: 0.4762
 Best site-Clipart    | Epoch:0 | Val Acc: 0.5476
 Best site-Clipart    | Epoch:0 | Val Acc: 0.5238
 Best site-Clipart    | Epoch:0 | Val Acc: 0.4524
 Best site-Clipart    | Epoch:0 | Val Acc: 0.4524
 Best site-Infograph  | Epoch:0 | Val Acc: 0.3095
 Best site-Infograph  | Epoch:0 | Val Acc: 0.2143
 Best site-Infograph  | Epoch:0 | Val Acc: 0.2857
 Best site-Painting   | Epoch:0 | Val Acc: 0.4286
 Best site-QuickDraw  | Epoch:0 | Val Acc: 0.1429
 Best site-Real       | Epoch:0 | Val Acc: 0.4524
 Best site-Sketch     | Epoch:0 | Val Acc: 0.4048
 Saving the local and server checkpoint to ../checkpoint/fed_domainnet_uneven-2-sqrt_tune/FedPrompt_tune_0.1...
============ Train epoch 5 ============
============ Train epoch 6 ============
============ Train epoch 7 ============
============ Train epoch 8 ============
============ Train epoch 9 ============
 Site-Clipart   | Train Loss: 1.4887 | Train Acc: 0.6825
 Site-Clipart   | Train Loss: 1.5819 | Train Acc: 0.6032
 Site-Clipart   | Train Loss: 1.4025 | Train Acc: 0.7143
 Site-Clipart   | Train Loss: 1.3765 | Train Acc: 0.7302
 Site-Clipart   | Train Loss: 1.5836 | Train Acc: 0.6667
 Site-Clipart   | Train Loss: 1.5845 | Train Acc: 0.6032
 Site-Infograph | Train Loss: 2.0587 | Train Acc: 0.3175
 Site-Infograph | Train Loss: 1.8871 | Train Acc: 0.4762
 Site-Infograph | Train Loss: 1.7959 | Train Acc: 0.4762
 Site-Painting  | Train Loss: 1.5286 | Train Acc: 0.6190
 Site-QuickDraw | Train Loss: 2.2285 | Train Acc: 0.2222
 Site-Real      | Train Loss: 1.3435 | Train Acc: 0.7778
 Site-Sketch    | Train Loss: 1.3841 | Train Acc: 0.7302
 Site-Clipart   | Val  Loss: 1.5240 | Val  Acc: 0.7143
 Site-Clipart   | Val  Loss: 1.3336 | Val  Acc: 0.8095
 Site-Clipart   | Val  Loss: 1.3132 | Val  Acc: 0.8095
 Site-Clipart   | Val  Loss: 1.3166 | Val  Acc: 0.7619
 Site-Clipart   | Val  Loss: 1.5322 | Val  Acc: 0.5952
 Site-Clipart   | Val  Loss: 1.5667 | Val  Acc: 0.6667
 Site-Infograph | Val  Loss: 1.9623 | Val  Acc: 0.4762
 Site-Infograph | Val  Loss: 1.8826 | Val  Acc: 0.5714
 Site-Infograph | Val  Loss: 2.0478 | Val  Acc: 0.3810
 Site-Painting  | Val  Loss: 1.6936 | Val  Acc: 0.5238
 Site-QuickDraw | Val  Loss: 2.1303 | Val  Acc: 0.2857
 Site-Real      | Val  Loss: 1.3899 | Val  Acc: 0.7619
 Site-Sketch    | Val  Loss: 1.6064 | Val  Acc: 0.5476
Average Valid Accuracy: 0.6081
 Best site-Clipart    | Epoch:1 | Val Acc: 0.7143
 Best site-Clipart    | Epoch:1 | Val Acc: 0.8095
 Best site-Clipart    | Epoch:1 | Val Acc: 0.8095
 Best site-Clipart    | Epoch:1 | Val Acc: 0.7619
 Best site-Clipart    | Epoch:1 | Val Acc: 0.5952
 Best site-Clipart    | Epoch:1 | Val Acc: 0.6667
 Best site-Infograph  | Epoch:1 | Val Acc: 0.4762
 Best site-Infograph  | Epoch:1 | Val Acc: 0.5714
 Best site-Infograph  | Epoch:1 | Val Acc: 0.3810
 Best site-Painting   | Epoch:1 | Val Acc: 0.5238
 Best site-QuickDraw  | Epoch:1 | Val Acc: 0.2857
 Best site-Real       | Epoch:1 | Val Acc: 0.7619
 Best site-Sketch     | Epoch:1 | Val Acc: 0.5476
 Saving the local and server checkpoint to ../checkpoint/fed_domainnet_uneven-2-sqrt_tune/FedPrompt_tune_0.1...
============ Train epoch 10 ============
============ Train epoch 11 ============
============ Train epoch 12 ============
============ Train epoch 13 ============
============ Train epoch 14 ============
 Site-Clipart   | Train Loss: 1.1046 | Train Acc: 0.7937
 Site-Clipart   | Train Loss: 1.1934 | Train Acc: 0.7937
 Site-Clipart   | Train Loss: 0.9818 | Train Acc: 0.8889
 Site-Clipart   | Train Loss: 0.9376 | Train Acc: 0.8889
 Site-Clipart   | Train Loss: 1.1318 | Train Acc: 0.7937
 Site-Clipart   | Train Loss: 1.2765 | Train Acc: 0.6825
 Site-Infograph | Train Loss: 1.9877 | Train Acc: 0.3016
 Site-Infograph | Train Loss: 1.6797 | Train Acc: 0.5079
 Site-Infograph | Train Loss: 1.6358 | Train Acc: 0.4921
 Site-Painting  | Train Loss: 1.1617 | Train Acc: 0.7619
 Site-QuickDraw | Train Loss: 2.1305 | Train Acc: 0.2222
 Site-Real      | Train Loss: 0.9946 | Train Acc: 0.8254
 Site-Sketch    | Train Loss: 1.0797 | Train Acc: 0.8095
 Site-Clipart   | Val  Loss: 1.1455 | Val  Acc: 0.8333
 Site-Clipart   | Val  Loss: 0.9959 | Val  Acc: 0.8571
 Site-Clipart   | Val  Loss: 0.9072 | Val  Acc: 0.9048
 Site-Clipart   | Val  Loss: 1.0010 | Val  Acc: 0.8810
 Site-Clipart   | Val  Loss: 1.1652 | Val  Acc: 0.7619
 Site-Clipart   | Val  Loss: 1.1458 | Val  Acc: 0.7857
 Site-Infograph | Val  Loss: 1.6096 | Val  Acc: 0.5714
 Site-Infograph | Val  Loss: 1.6225 | Val  Acc: 0.5238
 Site-Infograph | Val  Loss: 1.8649 | Val  Acc: 0.3810
 Site-Painting  | Val  Loss: 1.3938 | Val  Acc: 0.5714
 Site-QuickDraw | Val  Loss: 2.0029 | Val  Acc: 0.3333
 Site-Real      | Val  Loss: 0.9516 | Val  Acc: 0.9048
 Site-Sketch    | Val  Loss: 1.1901 | Val  Acc: 0.7619
Average Valid Accuracy: 0.6978
 Best site-Clipart    | Epoch:2 | Val Acc: 0.8333
 Best site-Clipart    | Epoch:2 | Val Acc: 0.8571
 Best site-Clipart    | Epoch:2 | Val Acc: 0.9048
 Best site-Clipart    | Epoch:2 | Val Acc: 0.8810
 Best site-Clipart    | Epoch:2 | Val Acc: 0.7619
 Best site-Clipart    | Epoch:2 | Val Acc: 0.7857
 Best site-Infograph  | Epoch:2 | Val Acc: 0.5714
 Best site-Infograph  | Epoch:2 | Val Acc: 0.5238
 Best site-Infograph  | Epoch:2 | Val Acc: 0.3810
 Best site-Painting   | Epoch:2 | Val Acc: 0.5714
 Best site-QuickDraw  | Epoch:2 | Val Acc: 0.3333
 Best site-Real       | Epoch:2 | Val Acc: 0.9048
 Best site-Sketch     | Epoch:2 | Val Acc: 0.7619
 Saving the local and server checkpoint to ../checkpoint/fed_domainnet_uneven-2-sqrt_tune/FedPrompt_tune_0.1...
============ Train epoch 15 ============
============ Train epoch 16 ============
============ Train epoch 17 ============
============ Train epoch 18 ============
============ Train epoch 19 ============
 Site-Clipart   | Train Loss: 0.8889 | Train Acc: 0.7937
 Site-Clipart   | Train Loss: 0.8885 | Train Acc: 0.8413
 Site-Clipart   | Train Loss: 0.7083 | Train Acc: 0.8889
 Site-Clipart   | Train Loss: 0.6095 | Train Acc: 0.9841
 Site-Clipart   | Train Loss: 0.8308 | Train Acc: 0.8730
 Site-Clipart   | Train Loss: 0.9708 | Train Acc: 0.7619
 Site-Infograph | Train Loss: 1.7522 | Train Acc: 0.4127
 Site-Infograph | Train Loss: 1.4447 | Train Acc: 0.5873
 Site-Infograph | Train Loss: 1.3700 | Train Acc: 0.6032
 Site-Painting  | Train Loss: 0.9041 | Train Acc: 0.8571
 Site-QuickDraw | Train Loss: 2.0360 | Train Acc: 0.3651
 Site-Real      | Train Loss: 0.6920 | Train Acc: 0.9048
 Site-Sketch    | Train Loss: 0.8272 | Train Acc: 0.8413
 Site-Clipart   | Val  Loss: 0.8093 | Val  Acc: 0.9286
 Site-Clipart   | Val  Loss: 0.5987 | Val  Acc: 0.9762
 Site-Clipart   | Val  Loss: 0.5862 | Val  Acc: 0.9524
 Site-Clipart   | Val  Loss: 0.7246 | Val  Acc: 0.9048
 Site-Clipart   | Val  Loss: 0.8495 | Val  Acc: 0.8810
 Site-Clipart   | Val  Loss: 0.8898 | Val  Acc: 0.7857
 Site-Infograph | Val  Loss: 1.3755 | Val  Acc: 0.6667
 Site-Infograph | Val  Loss: 1.2641 | Val  Acc: 0.7143
 Site-Infograph | Val  Loss: 1.7055 | Val  Acc: 0.3810
 Site-Painting  | Val  Loss: 1.1681 | Val  Acc: 0.7619
 Site-QuickDraw | Val  Loss: 2.0213 | Val  Acc: 0.3095
 Site-Real      | Val  Loss: 0.6440 | Val  Acc: 0.9524
 Site-Sketch    | Val  Loss: 0.9829 | Val  Acc: 0.8095
Average Valid Accuracy: 0.7711
 Best site-Clipart    | Epoch:3 | Val Acc: 0.9286
 Best site-Clipart    | Epoch:3 | Val Acc: 0.9762
 Best site-Clipart    | Epoch:3 | Val Acc: 0.9524
 Best site-Clipart    | Epoch:3 | Val Acc: 0.9048
 Best site-Clipart    | Epoch:3 | Val Acc: 0.8810
 Best site-Clipart    | Epoch:3 | Val Acc: 0.7857
 Best site-Infograph  | Epoch:3 | Val Acc: 0.6667
 Best site-Infograph  | Epoch:3 | Val Acc: 0.7143
 Best site-Infograph  | Epoch:3 | Val Acc: 0.3810
 Best site-Painting   | Epoch:3 | Val Acc: 0.7619
 Best site-QuickDraw  | Epoch:3 | Val Acc: 0.3095
 Best site-Real       | Epoch:3 | Val Acc: 0.9524
 Best site-Sketch     | Epoch:3 | Val Acc: 0.8095
 Saving the local and server checkpoint to ../checkpoint/fed_domainnet_uneven-2-sqrt_tune/FedPrompt_tune_0.1...
============ Train epoch 20 ============
============ Train epoch 21 ============
============ Train epoch 22 ============
============ Train epoch 23 ============
============ Train epoch 24 ============
 Site-Clipart   | Train Loss: 0.5991 | Train Acc: 0.8889
 Site-Clipart   | Train Loss: 0.7161 | Train Acc: 0.8254
 Site-Clipart   | Train Loss: 0.4786 | Train Acc: 0.9524
 Site-Clipart   | Train Loss: 0.4292 | Train Acc: 0.9841
 Site-Clipart   | Train Loss: 0.5741 | Train Acc: 0.9524
 Site-Clipart   | Train Loss: 0.7523 | Train Acc: 0.7937
 Site-Infograph | Train Loss: 1.5874 | Train Acc: 0.5556
 Site-Infograph | Train Loss: 1.2424 | Train Acc: 0.6349
 Site-Infograph | Train Loss: 1.1282 | Train Acc: 0.7143
 Site-Painting  | Train Loss: 0.7376 | Train Acc: 0.8413
 Site-QuickDraw | Train Loss: 1.9163 | Train Acc: 0.3651
 Site-Real      | Train Loss: 0.4868 | Train Acc: 0.9365
 Site-Sketch    | Train Loss: 0.6575 | Train Acc: 0.8413
 Site-Clipart   | Val  Loss: 0.6117 | Val  Acc: 0.9048
 Site-Clipart   | Val  Loss: 0.4437 | Val  Acc: 0.9762
 Site-Clipart   | Val  Loss: 0.4211 | Val  Acc: 0.9524
 Site-Clipart   | Val  Loss: 0.4409 | Val  Acc: 0.9762
 Site-Clipart   | Val  Loss: 0.7200 | Val  Acc: 0.8095
 Site-Clipart   | Val  Loss: 0.6213 | Val  Acc: 0.8095
 Site-Infograph | Val  Loss: 1.2597 | Val  Acc: 0.6429
 Site-Infograph | Val  Loss: 1.1578 | Val  Acc: 0.6429
 Site-Infograph | Val  Loss: 1.5159 | Val  Acc: 0.5476
 Site-Painting  | Val  Loss: 1.0025 | Val  Acc: 0.7619
 Site-QuickDraw | Val  Loss: 2.0843 | Val  Acc: 0.3810
 Site-Real      | Val  Loss: 0.4737 | Val  Acc: 0.9048
 Site-Sketch    | Val  Loss: 0.8537 | Val  Acc: 0.8571
Average Valid Accuracy: 0.7821
 Best site-Clipart    | Epoch:4 | Val Acc: 0.9048
 Best site-Clipart    | Epoch:4 | Val Acc: 0.9762
 Best site-Clipart    | Epoch:4 | Val Acc: 0.9524
 Best site-Clipart    | Epoch:4 | Val Acc: 0.9762
 Best site-Clipart    | Epoch:4 | Val Acc: 0.8095
 Best site-Clipart    | Epoch:4 | Val Acc: 0.8095
 Best site-Infograph  | Epoch:4 | Val Acc: 0.6429
 Best site-Infograph  | Epoch:4 | Val Acc: 0.6429
 Best site-Infograph  | Epoch:4 | Val Acc: 0.5476
 Best site-Painting   | Epoch:4 | Val Acc: 0.7619
 Best site-QuickDraw  | Epoch:4 | Val Acc: 0.3810
 Best site-Real       | Epoch:4 | Val Acc: 0.9048
 Best site-Sketch     | Epoch:4 | Val Acc: 0.8571
 Saving the local and server checkpoint to ../checkpoint/fed_domainnet_uneven-2-sqrt_tune/FedPrompt_tune_0.1...
============ Train epoch 25 ============
============ Train epoch 26 ============
============ Train epoch 27 ============
============ Train epoch 28 ============
============ Train epoch 29 ============
 Site-Clipart   | Train Loss: 0.4555 | Train Acc: 0.9365
 Site-Clipart   | Train Loss: 0.4816 | Train Acc: 0.9048
 Site-Clipart   | Train Loss: 0.4300 | Train Acc: 0.9683
 Site-Clipart   | Train Loss: 0.3303 | Train Acc: 0.9683
 Site-Clipart   | Train Loss: 0.5233 | Train Acc: 0.9048
 Site-Clipart   | Train Loss: 0.6072 | Train Acc: 0.8571
 Site-Infograph | Train Loss: 1.4745 | Train Acc: 0.5397
 Site-Infograph | Train Loss: 1.0932 | Train Acc: 0.6667
 Site-Infograph | Train Loss: 1.0625 | Train Acc: 0.6667
 Site-Painting  | Train Loss: 0.5076 | Train Acc: 0.9206
 Site-QuickDraw | Train Loss: 1.7815 | Train Acc: 0.3810
 Site-Real      | Train Loss: 0.3344 | Train Acc: 0.9841
 Site-Sketch    | Train Loss: 0.4805 | Train Acc: 0.9206
 Site-Clipart   | Val  Loss: 0.4494 | Val  Acc: 0.9048
 Site-Clipart   | Val  Loss: 0.3207 | Val  Acc: 1.0000
 Site-Clipart   | Val  Loss: 0.3604 | Val  Acc: 0.9524
 Site-Clipart   | Val  Loss: 0.3627 | Val  Acc: 1.0000
 Site-Clipart   | Val  Loss: 0.5450 | Val  Acc: 0.9048
 Site-Clipart   | Val  Loss: 0.5418 | Val  Acc: 0.9048
 Site-Infograph | Val  Loss: 1.0846 | Val  Acc: 0.7143
 Site-Infograph | Val  Loss: 1.0538 | Val  Acc: 0.7143
 Site-Infograph | Val  Loss: 1.2785 | Val  Acc: 0.5238
 Site-Painting  | Val  Loss: 0.7734 | Val  Acc: 0.7857
 Site-QuickDraw | Val  Loss: 2.0341 | Val  Acc: 0.3571
 Site-Real      | Val  Loss: 0.3717 | Val  Acc: 0.9286
 Site-Sketch    | Val  Loss: 0.8113 | Val  Acc: 0.8095
Average Valid Accuracy: 0.8077
 Best site-Clipart    | Epoch:5 | Val Acc: 0.9048
 Best site-Clipart    | Epoch:5 | Val Acc: 1.0000
 Best site-Clipart    | Epoch:5 | Val Acc: 0.9524
 Best site-Clipart    | Epoch:5 | Val Acc: 1.0000
 Best site-Clipart    | Epoch:5 | Val Acc: 0.9048
 Best site-Clipart    | Epoch:5 | Val Acc: 0.9048
 Best site-Infograph  | Epoch:5 | Val Acc: 0.7143
 Best site-Infograph  | Epoch:5 | Val Acc: 0.7143
 Best site-Infograph  | Epoch:5 | Val Acc: 0.5238
 Best site-Painting   | Epoch:5 | Val Acc: 0.7857
 Best site-QuickDraw  | Epoch:5 | Val Acc: 0.3571
 Best site-Real       | Epoch:5 | Val Acc: 0.9286
 Best site-Sketch     | Epoch:5 | Val Acc: 0.8095
 Saving the local and server checkpoint to ../checkpoint/fed_domainnet_uneven-2-sqrt_tune/FedPrompt_tune_0.1...
============ Train epoch 30 ============
============ Train epoch 31 ============
============ Train epoch 32 ============
============ Train epoch 33 ============
============ Train epoch 34 ============
 Site-Clipart   | Train Loss: 0.3495 | Train Acc: 0.9524
 Site-Clipart   | Train Loss: 0.4960 | Train Acc: 0.9206
 Site-Clipart   | Train Loss: 0.3480 | Train Acc: 0.9365
 Site-Clipart   | Train Loss: 0.2355 | Train Acc: 0.9841
 Site-Clipart   | Train Loss: 0.4186 | Train Acc: 0.9206
 Site-Clipart   | Train Loss: 0.4993 | Train Acc: 0.8571
 Site-Infograph | Train Loss: 1.3870 | Train Acc: 0.5556
 Site-Infograph | Train Loss: 1.0206 | Train Acc: 0.7143
 Site-Infograph | Train Loss: 1.0054 | Train Acc: 0.6984
 Site-Painting  | Train Loss: 0.4217 | Train Acc: 0.9206
 Site-QuickDraw | Train Loss: 1.5162 | Train Acc: 0.5079
 Site-Real      | Train Loss: 0.2212 | Train Acc: 0.9841
 Site-Sketch    | Train Loss: 0.4778 | Train Acc: 0.8889
 Site-Clipart   | Val  Loss: 0.3514 | Val  Acc: 0.9524
 Site-Clipart   | Val  Loss: 0.1935 | Val  Acc: 1.0000
 Site-Clipart   | Val  Loss: 0.2322 | Val  Acc: 0.9524
 Site-Clipart   | Val  Loss: 0.2429 | Val  Acc: 1.0000
 Site-Clipart   | Val  Loss: 0.5276 | Val  Acc: 0.9286
 Site-Clipart   | Val  Loss: 0.4181 | Val  Acc: 0.9524
 Site-Infograph | Val  Loss: 1.0895 | Val  Acc: 0.6905
 Site-Infograph | Val  Loss: 1.0164 | Val  Acc: 0.7619
 Site-Infograph | Val  Loss: 1.2731 | Val  Acc: 0.5238
 Site-Painting  | Val  Loss: 0.7622 | Val  Acc: 0.8095
 Site-QuickDraw | Val  Loss: 1.7266 | Val  Acc: 0.4762
 Site-Real      | Val  Loss: 0.3382 | Val  Acc: 0.9286
 Site-Sketch    | Val  Loss: 0.7640 | Val  Acc: 0.7857
Average Valid Accuracy: 0.8278
 Best site-Clipart    | Epoch:6 | Val Acc: 0.9524
 Best site-Clipart    | Epoch:6 | Val Acc: 1.0000
 Best site-Clipart    | Epoch:6 | Val Acc: 0.9524
 Best site-Clipart    | Epoch:6 | Val Acc: 1.0000
 Best site-Clipart    | Epoch:6 | Val Acc: 0.9286
 Best site-Clipart    | Epoch:6 | Val Acc: 0.9524
 Best site-Infograph  | Epoch:6 | Val Acc: 0.6905
 Best site-Infograph  | Epoch:6 | Val Acc: 0.7619
 Best site-Infograph  | Epoch:6 | Val Acc: 0.5238
 Best site-Painting   | Epoch:6 | Val Acc: 0.8095
 Best site-QuickDraw  | Epoch:6 | Val Acc: 0.4762
 Best site-Real       | Epoch:6 | Val Acc: 0.9286
 Best site-Sketch     | Epoch:6 | Val Acc: 0.7857
 Saving the local and server checkpoint to ../checkpoint/fed_domainnet_uneven-2-sqrt_tune/FedPrompt_tune_0.1...
============ Train epoch 35 ============
============ Train epoch 36 ============
============ Train epoch 37 ============
============ Train epoch 38 ============
============ Train epoch 39 ============
 Site-Clipart   | Train Loss: 0.3104 | Train Acc: 0.9683
 Site-Clipart   | Train Loss: 0.3403 | Train Acc: 0.9365
 Site-Clipart   | Train Loss: 0.2071 | Train Acc: 0.9841
 Site-Clipart   | Train Loss: 0.1329 | Train Acc: 1.0000
 Site-Clipart   | Train Loss: 0.3054 | Train Acc: 0.9524
 Site-Clipart   | Train Loss: 0.4143 | Train Acc: 0.9048
 Site-Infograph | Train Loss: 1.2195 | Train Acc: 0.6032
 Site-Infograph | Train Loss: 0.8180 | Train Acc: 0.8254
 Site-Infograph | Train Loss: 0.8157 | Train Acc: 0.7143
 Site-Painting  | Train Loss: 0.3532 | Train Acc: 0.9365
 Site-QuickDraw | Train Loss: 1.6662 | Train Acc: 0.4286
 Site-Real      | Train Loss: 0.2513 | Train Acc: 0.9365
 Site-Sketch    | Train Loss: 0.3268 | Train Acc: 0.9365
 Site-Clipart   | Val  Loss: 0.2972 | Val  Acc: 0.9286
 Site-Clipart   | Val  Loss: 0.1599 | Val  Acc: 1.0000
 Site-Clipart   | Val  Loss: 0.1755 | Val  Acc: 1.0000
 Site-Clipart   | Val  Loss: 0.2005 | Val  Acc: 0.9762
 Site-Clipart   | Val  Loss: 0.3640 | Val  Acc: 0.9524
 Site-Clipart   | Val  Loss: 0.4306 | Val  Acc: 0.8810
 Site-Infograph | Val  Loss: 0.8735 | Val  Acc: 0.6905
 Site-Infograph | Val  Loss: 0.7914 | Val  Acc: 0.8095
 Site-Infograph | Val  Loss: 1.0881 | Val  Acc: 0.6429
 Site-Painting  | Val  Loss: 0.8576 | Val  Acc: 0.7381
 Site-QuickDraw | Val  Loss: 1.7920 | Val  Acc: 0.4524
 Site-Real      | Val  Loss: 0.3128 | Val  Acc: 0.9048
 Site-Sketch    | Val  Loss: 0.8099 | Val  Acc: 0.8095
Average Valid Accuracy: 0.8297
 Best site-Clipart    | Epoch:7 | Val Acc: 0.9286
 Best site-Clipart    | Epoch:7 | Val Acc: 1.0000
 Best site-Clipart    | Epoch:7 | Val Acc: 1.0000
 Best site-Clipart    | Epoch:7 | Val Acc: 0.9762
 Best site-Clipart    | Epoch:7 | Val Acc: 0.9524
 Best site-Clipart    | Epoch:7 | Val Acc: 0.8810
 Best site-Infograph  | Epoch:7 | Val Acc: 0.6905
 Best site-Infograph  | Epoch:7 | Val Acc: 0.8095
 Best site-Infograph  | Epoch:7 | Val Acc: 0.6429
 Best site-Painting   | Epoch:7 | Val Acc: 0.7381
 Best site-QuickDraw  | Epoch:7 | Val Acc: 0.4524
 Best site-Real       | Epoch:7 | Val Acc: 0.9048
 Best site-Sketch     | Epoch:7 | Val Acc: 0.8095
 Saving the local and server checkpoint to ../checkpoint/fed_domainnet_uneven-2-sqrt_tune/FedPrompt_tune_0.1...
============ Train epoch 40 ============
============ Train epoch 41 ============
============ Train epoch 42 ============
============ Train epoch 43 ============
============ Train epoch 44 ============
 Site-Clipart   | Train Loss: 0.2298 | Train Acc: 0.9524
 Site-Clipart   | Train Loss: 0.2968 | Train Acc: 0.9365
 Site-Clipart   | Train Loss: 0.1743 | Train Acc: 1.0000
 Site-Clipart   | Train Loss: 0.1058 | Train Acc: 1.0000
 Site-Clipart   | Train Loss: 0.2489 | Train Acc: 0.9683
 Site-Clipart   | Train Loss: 0.3575 | Train Acc: 0.8889
 Site-Infograph | Train Loss: 1.2889 | Train Acc: 0.5714
 Site-Infograph | Train Loss: 0.9182 | Train Acc: 0.7143
 Site-Infograph | Train Loss: 0.7162 | Train Acc: 0.7778
 Site-Painting  | Train Loss: 0.3291 | Train Acc: 0.9524
 Site-QuickDraw | Train Loss: 1.4271 | Train Acc: 0.5556
 Site-Real      | Train Loss: 0.1994 | Train Acc: 0.9683
 Site-Sketch    | Train Loss: 0.2782 | Train Acc: 0.9524
 Site-Clipart   | Val  Loss: 0.2278 | Val  Acc: 0.9762
 Site-Clipart   | Val  Loss: 0.1366 | Val  Acc: 0.9762
 Site-Clipart   | Val  Loss: 0.1800 | Val  Acc: 0.9762
 Site-Clipart   | Val  Loss: 0.1503 | Val  Acc: 1.0000
 Site-Clipart   | Val  Loss: 0.3341 | Val  Acc: 0.9524
 Site-Clipart   | Val  Loss: 0.2518 | Val  Acc: 0.9524
 Site-Infograph | Val  Loss: 0.7721 | Val  Acc: 0.8095
 Site-Infograph | Val  Loss: 0.7802 | Val  Acc: 0.7857
 Site-Infograph | Val  Loss: 1.0882 | Val  Acc: 0.6190
 Site-Painting  | Val  Loss: 0.5768 | Val  Acc: 0.8333
 Site-QuickDraw | Val  Loss: 1.6884 | Val  Acc: 0.4524
 Site-Real      | Val  Loss: 0.3017 | Val  Acc: 0.9286
 Site-Sketch    | Val  Loss: 0.5803 | Val  Acc: 0.8810
Average Valid Accuracy: 0.8571
 Best site-Clipart    | Epoch:8 | Val Acc: 0.9762
 Best site-Clipart    | Epoch:8 | Val Acc: 0.9762
 Best site-Clipart    | Epoch:8 | Val Acc: 0.9762
 Best site-Clipart    | Epoch:8 | Val Acc: 1.0000
 Best site-Clipart    | Epoch:8 | Val Acc: 0.9524
 Best site-Clipart    | Epoch:8 | Val Acc: 0.9524
 Best site-Infograph  | Epoch:8 | Val Acc: 0.8095
 Best site-Infograph  | Epoch:8 | Val Acc: 0.7857
 Best site-Infograph  | Epoch:8 | Val Acc: 0.6190
 Best site-Painting   | Epoch:8 | Val Acc: 0.8333
 Best site-QuickDraw  | Epoch:8 | Val Acc: 0.4524
 Best site-Real       | Epoch:8 | Val Acc: 0.9286
 Best site-Sketch     | Epoch:8 | Val Acc: 0.8810
 Saving the local and server checkpoint to ../checkpoint/fed_domainnet_uneven-2-sqrt_tune/FedPrompt_tune_0.1...
============ Train epoch 45 ============
============ Train epoch 46 ============
============ Train epoch 47 ============
============ Train epoch 48 ============
============ Train epoch 49 ============
 Site-Clipart   | Train Loss: 0.1798 | Train Acc: 0.9841
 Site-Clipart   | Train Loss: 0.2248 | Train Acc: 0.9683
 Site-Clipart   | Train Loss: 0.1888 | Train Acc: 0.9683
 Site-Clipart   | Train Loss: 0.1142 | Train Acc: 0.9841
 Site-Clipart   | Train Loss: 0.2184 | Train Acc: 0.9841
 Site-Clipart   | Train Loss: 0.3653 | Train Acc: 0.8889
 Site-Infograph | Train Loss: 1.0478 | Train Acc: 0.6667
 Site-Infograph | Train Loss: 0.7543 | Train Acc: 0.7937
 Site-Infograph | Train Loss: 0.6014 | Train Acc: 0.8254
 Site-Painting  | Train Loss: 0.2403 | Train Acc: 0.9524
 Site-QuickDraw | Train Loss: 1.3665 | Train Acc: 0.5556
 Site-Real      | Train Loss: 0.1954 | Train Acc: 0.9683
 Site-Sketch    | Train Loss: 0.3060 | Train Acc: 0.9206
 Site-Clipart   | Val  Loss: 0.1848 | Val  Acc: 0.9762
 Site-Clipart   | Val  Loss: 0.1390 | Val  Acc: 0.9762
 Site-Clipart   | Val  Loss: 0.0906 | Val  Acc: 1.0000
 Site-Clipart   | Val  Loss: 0.1511 | Val  Acc: 0.9762
 Site-Clipart   | Val  Loss: 0.2343 | Val  Acc: 0.9762
 Site-Clipart   | Val  Loss: 0.2311 | Val  Acc: 0.9762
 Site-Infograph | Val  Loss: 0.6141 | Val  Acc: 0.8571
 Site-Infograph | Val  Loss: 0.6752 | Val  Acc: 0.8333
 Site-Infograph | Val  Loss: 0.9811 | Val  Acc: 0.6667
 Site-Painting  | Val  Loss: 0.5661 | Val  Acc: 0.8571
 Site-QuickDraw | Val  Loss: 1.7111 | Val  Acc: 0.4524
 Site-Real      | Val  Loss: 0.2389 | Val  Acc: 0.9524
 Site-Sketch    | Val  Loss: 0.7156 | Val  Acc: 0.8333
Average Valid Accuracy: 0.8718
 Best site-Clipart    | Epoch:9 | Val Acc: 0.9762
 Best site-Clipart    | Epoch:9 | Val Acc: 0.9762
 Best site-Clipart    | Epoch:9 | Val Acc: 1.0000
 Best site-Clipart    | Epoch:9 | Val Acc: 0.9762
 Best site-Clipart    | Epoch:9 | Val Acc: 0.9762
 Best site-Clipart    | Epoch:9 | Val Acc: 0.9762
 Best site-Infograph  | Epoch:9 | Val Acc: 0.8571
 Best site-Infograph  | Epoch:9 | Val Acc: 0.8333
 Best site-Infograph  | Epoch:9 | Val Acc: 0.6667
 Best site-Painting   | Epoch:9 | Val Acc: 0.8571
 Best site-QuickDraw  | Epoch:9 | Val Acc: 0.4524
 Best site-Real       | Epoch:9 | Val Acc: 0.9524
 Best site-Sketch     | Epoch:9 | Val Acc: 0.8333
 Saving the local and server checkpoint to ../checkpoint/fed_domainnet_uneven-2-sqrt_tune/FedPrompt_tune_0.1...
===2023-03-27 12:21:49===
===2023-03-27 12:21:50===
===Setting===
    dataset: domainnet
    lr: 0.01
    batch: 8
    iters: 10
    wk_iters: 5
    tune: True
    lambda for constrastive: 0.1
domain number = 3
Loading snapshots...
 Test site-Clipart   | Epoch:9 | Test Acc: 0.8783
 Test site-Infograph | Epoch:9 | Test Acc: 0.5114
 Test site-Painting  | Epoch:9 | Test Acc: 0.8465
 Test site-QuickDraw | Epoch:9 | Test Acc: 0.4510
 Test site-Real      | Epoch:9 | Test Acc: 0.9236
 Test site-Sketch    | Epoch:9 | Test Acc: 0.7924
Average Test Accuracy: 0.7339
