===2023-07-02 02:17:54===
===Setting===
    dataset: digit
    lr: 0.01
    batch: 64
    iters: 50
    wk_iters: 1
    si: False
    domain_num: 5
    quantile: 0
    power_cs: 1
    std_rw: False
    gender_label: False
    binary_race: False
    save_iter: -1
    mix5: False
    power_relu: 1
    Ea_val: False
data_number=[1189,660,366,203,112,
client_nums=[1,1,1,1,1,]
len_dataset=[1487,826,458,254,141,]
domain number = 5
============ Train epoch 0 ============
 Site-MNIST                         | Train Loss: 0.9773 | Train Acc: 0.7847
 Site-USPS                          | Train Loss: 0.9718 | Train Acc: 0.7288
 Site-SynthDigits                   | Train Loss: 2.0323 | Train Acc: 0.2322
 Site-MNIST_M                       | Train Loss: 2.0869 | Train Acc: 0.3153
 Site-SVHN                          | Train Loss: 2.2725 | Train Acc: 0.1607
Average Train Accuracy: 0.4443
 Site-MNIST                         | Val  Loss: 0.9566 | Val  Acc: 0.7912
 Site-USPS                          | Val  Loss: 0.9260 | Val  Acc: 0.7333
 Site-SynthDigits                   | Val  Loss: 2.0256 | Val  Acc: 0.2198
 Site-MNIST_M                       | Val  Loss: 2.0940 | Val  Acc: 0.2800
 Site-SVHN                          | Val  Loss: 2.3175 | Val  Acc: 0.1429
Average Valid Accuracy: 0.4334
 Best site-MNIST                     | Epoch:0 | Val Acc: 0.7912
 Best site-USPS                      | Epoch:0 | Val Acc: 0.7333
 Best site-SynthDigits               | Epoch:0 | Val Acc: 0.2198
 Best site-MNIST_M                   | Epoch:0 | Val Acc: 0.2800
 Best site-SVHN                      | Epoch:0 | Val Acc: 0.1429
 Saving the local and server checkpoint to ../checkpoint/fed_digit_uneven_1.8_1_distinct/harmo-fl...
============ Train epoch 1 ============
 Site-MNIST                         | Train Loss: 0.5697 | Train Acc: 0.8553
 Site-USPS                          | Train Loss: 0.6204 | Train Acc: 0.8212
 Site-SynthDigits                   | Train Loss: 1.9205 | Train Acc: 0.3142
 Site-MNIST_M                       | Train Loss: 1.8761 | Train Acc: 0.3251
 Site-SVHN                          | Train Loss: 2.2389 | Train Acc: 0.1518
Average Train Accuracy: 0.4935
 Site-MNIST                         | Val  Loss: 0.5444 | Val  Acc: 0.8620
 Site-USPS                          | Val  Loss: 0.6134 | Val  Acc: 0.8303
 Site-SynthDigits                   | Val  Loss: 1.8920 | Val  Acc: 0.2967
 Site-MNIST_M                       | Val  Loss: 1.8289 | Val  Acc: 0.3600
 Site-SVHN                          | Val  Loss: 2.2690 | Val  Acc: 0.1071
Average Valid Accuracy: 0.4912
 Best site-MNIST                     | Epoch:1 | Val Acc: 0.8620
 Best site-USPS                      | Epoch:1 | Val Acc: 0.8303
 Best site-SynthDigits               | Epoch:1 | Val Acc: 0.2967
 Best site-MNIST_M                   | Epoch:1 | Val Acc: 0.3600
 Best site-SVHN                      | Epoch:1 | Val Acc: 0.1071
 Saving the local and server checkpoint to ../checkpoint/fed_digit_uneven_1.8_1_distinct/harmo-fl...
============ Train epoch 2 ============
 Site-MNIST                         | Train Loss: 0.4009 | Train Acc: 0.8966
 Site-USPS                          | Train Loss: 0.4294 | Train Acc: 0.8848
 Site-SynthDigits                   | Train Loss: 1.8319 | Train Acc: 0.3962
 Site-MNIST_M                       | Train Loss: 1.8308 | Train Acc: 0.3350
 Site-SVHN                          | Train Loss: 2.2454 | Train Acc: 0.1429
Average Train Accuracy: 0.5311
 Site-MNIST                         | Val  Loss: 0.3764 | Val  Acc: 0.8889
 Site-USPS                          | Val  Loss: 0.4154 | Val  Acc: 0.8848
 Site-SynthDigits                   | Val  Loss: 1.8067 | Val  Acc: 0.3846
 Site-MNIST_M                       | Val  Loss: 1.7643 | Val  Acc: 0.3600
 Site-SVHN                          | Val  Loss: 2.3010 | Val  Acc: 0.1071
Average Valid Accuracy: 0.5251
 Best site-MNIST                     | Epoch:2 | Val Acc: 0.8889
 Best site-USPS                      | Epoch:2 | Val Acc: 0.8848
 Best site-SynthDigits               | Epoch:2 | Val Acc: 0.3846
 Best site-MNIST_M                   | Epoch:2 | Val Acc: 0.3600
 Best site-SVHN                      | Epoch:2 | Val Acc: 0.1071
 Saving the local and server checkpoint to ../checkpoint/fed_digit_uneven_1.8_1_distinct/harmo-fl...
============ Train epoch 3 ============
 Site-MNIST                         | Train Loss: 0.2973 | Train Acc: 0.9294
 Site-USPS                          | Train Loss: 0.4177 | Train Acc: 0.8758
 Site-SynthDigits                   | Train Loss: 1.7834 | Train Acc: 0.4235
 Site-MNIST_M                       | Train Loss: 1.8497 | Train Acc: 0.3399
 Site-SVHN                          | Train Loss: 2.2406 | Train Acc: 0.1518
Average Train Accuracy: 0.5441
 Site-MNIST                         | Val  Loss: 0.2770 | Val  Acc: 0.9293
 Site-USPS                          | Val  Loss: 0.4279 | Val  Acc: 0.8667
 Site-SynthDigits                   | Val  Loss: 1.7826 | Val  Acc: 0.4286
 Site-MNIST_M                       | Val  Loss: 1.7581 | Val  Acc: 0.3600
 Site-SVHN                          | Val  Loss: 2.2957 | Val  Acc: 0.1071
Average Valid Accuracy: 0.5383
 Best site-MNIST                     | Epoch:3 | Val Acc: 0.9293
 Best site-USPS                      | Epoch:3 | Val Acc: 0.8667
 Best site-SynthDigits               | Epoch:3 | Val Acc: 0.4286
 Best site-MNIST_M                   | Epoch:3 | Val Acc: 0.3600
 Best site-SVHN                      | Epoch:3 | Val Acc: 0.1071
 Saving the local and server checkpoint to ../checkpoint/fed_digit_uneven_1.8_1_distinct/harmo-fl...
============ Train epoch 4 ============
 Site-MNIST                         | Train Loss: 0.2499 | Train Acc: 0.9411
 Site-USPS                          | Train Loss: 0.3604 | Train Acc: 0.8970
 Site-SynthDigits                   | Train Loss: 1.7379 | Train Acc: 0.4399
 Site-MNIST_M                       | Train Loss: 1.7966 | Train Acc: 0.4039
 Site-SVHN                          | Train Loss: 2.2058 | Train Acc: 0.1964
Average Train Accuracy: 0.5757
 Site-MNIST                         | Val  Loss: 0.2314 | Val  Acc: 0.9428
 Site-USPS                          | Val  Loss: 0.3648 | Val  Acc: 0.8727
 Site-SynthDigits                   | Val  Loss: 1.7291 | Val  Acc: 0.4505
 Site-MNIST_M                       | Val  Loss: 1.6335 | Val  Acc: 0.3800
 Site-SVHN                          | Val  Loss: 2.2012 | Val  Acc: 0.2143
Average Valid Accuracy: 0.5721
 Best site-MNIST                     | Epoch:4 | Val Acc: 0.9428
 Best site-USPS                      | Epoch:4 | Val Acc: 0.8727
 Best site-SynthDigits               | Epoch:4 | Val Acc: 0.4505
 Best site-MNIST_M                   | Epoch:4 | Val Acc: 0.3800
 Best site-SVHN                      | Epoch:4 | Val Acc: 0.2143
 Saving the local and server checkpoint to ../checkpoint/fed_digit_uneven_1.8_1_distinct/harmo-fl...
============ Train epoch 5 ============
 Site-MNIST                         | Train Loss: 0.2056 | Train Acc: 0.9529
 Site-USPS                          | Train Loss: 0.3218 | Train Acc: 0.9076
 Site-SynthDigits                   | Train Loss: 1.6916 | Train Acc: 0.4754
 Site-MNIST_M                       | Train Loss: 1.6486 | Train Acc: 0.4039
 Site-SVHN                          | Train Loss: 2.2294 | Train Acc: 0.2143
Average Train Accuracy: 0.5908
 Site-MNIST                         | Val  Loss: 0.1776 | Val  Acc: 0.9764
 Site-USPS                          | Val  Loss: 0.3307 | Val  Acc: 0.8909
 Site-SynthDigits                   | Val  Loss: 1.6629 | Val  Acc: 0.4945
 Site-MNIST_M                       | Val  Loss: 1.5625 | Val  Acc: 0.4200
 Site-SVHN                          | Val  Loss: 2.2640 | Val  Acc: 0.2143
Average Valid Accuracy: 0.5992
 Best site-MNIST                     | Epoch:5 | Val Acc: 0.9764
 Best site-USPS                      | Epoch:5 | Val Acc: 0.8909
 Best site-SynthDigits               | Epoch:5 | Val Acc: 0.4945
 Best site-MNIST_M                   | Epoch:5 | Val Acc: 0.4200
 Best site-SVHN                      | Epoch:5 | Val Acc: 0.2143
 Saving the local and server checkpoint to ../checkpoint/fed_digit_uneven_1.8_1_distinct/harmo-fl...
============ Train epoch 6 ============
 Site-MNIST                         | Train Loss: 0.1751 | Train Acc: 0.9563
 Site-USPS                          | Train Loss: 0.2931 | Train Acc: 0.9076
 Site-SynthDigits                   | Train Loss: 1.7029 | Train Acc: 0.4727
 Site-MNIST_M                       | Train Loss: 1.7338 | Train Acc: 0.4089
 Site-SVHN                          | Train Loss: 2.2913 | Train Acc: 0.2054
Average Train Accuracy: 0.5901
 Site-MNIST                         | Val  Loss: 0.1479 | Val  Acc: 0.9798
 Site-USPS                          | Val  Loss: 0.3016 | Val  Acc: 0.9030
 Site-SynthDigits                   | Val  Loss: 1.6573 | Val  Acc: 0.5275
 Site-MNIST_M                       | Val  Loss: 1.5611 | Val  Acc: 0.4600
 Site-SVHN                          | Val  Loss: 2.2996 | Val  Acc: 0.1786
Average Valid Accuracy: 0.6098
 Best site-MNIST                     | Epoch:6 | Val Acc: 0.9798
 Best site-USPS                      | Epoch:6 | Val Acc: 0.9030
 Best site-SynthDigits               | Epoch:6 | Val Acc: 0.5275
 Best site-MNIST_M                   | Epoch:6 | Val Acc: 0.4600
 Best site-SVHN                      | Epoch:6 | Val Acc: 0.1786
 Saving the local and server checkpoint to ../checkpoint/fed_digit_uneven_1.8_1_distinct/harmo-fl...
============ Train epoch 7 ============
 Site-MNIST                         | Train Loss: 0.1495 | Train Acc: 0.9664
 Site-USPS                          | Train Loss: 0.2528 | Train Acc: 0.9242
 Site-SynthDigits                   | Train Loss: 1.6737 | Train Acc: 0.4727
 Site-MNIST_M                       | Train Loss: 1.7001 | Train Acc: 0.4335
 Site-SVHN                          | Train Loss: 2.2588 | Train Acc: 0.2411
Average Train Accuracy: 0.6076
 Site-MNIST                         | Val  Loss: 0.1175 | Val  Acc: 0.9865
 Site-USPS                          | Val  Loss: 0.2781 | Val  Acc: 0.9152
 Site-SynthDigits                   | Val  Loss: 1.6222 | Val  Acc: 0.5495
 Site-MNIST_M                       | Val  Loss: 1.5018 | Val  Acc: 0.4800
 Site-SVHN                          | Val  Loss: 2.2440 | Val  Acc: 0.1786
Average Valid Accuracy: 0.6219
 Best site-MNIST                     | Epoch:7 | Val Acc: 0.9865
 Best site-USPS                      | Epoch:7 | Val Acc: 0.9152
 Best site-SynthDigits               | Epoch:7 | Val Acc: 0.5495
 Best site-MNIST_M                   | Epoch:7 | Val Acc: 0.4800
 Best site-SVHN                      | Epoch:7 | Val Acc: 0.1786
 Saving the local and server checkpoint to ../checkpoint/fed_digit_uneven_1.8_1_distinct/harmo-fl...
============ Train epoch 8 ============
 Site-MNIST                         | Train Loss: 0.1370 | Train Acc: 0.9680
 Site-USPS                          | Train Loss: 0.2258 | Train Acc: 0.9318
 Site-SynthDigits                   | Train Loss: 1.6243 | Train Acc: 0.5000
 Site-MNIST_M                       | Train Loss: 1.5912 | Train Acc: 0.4483
 Site-SVHN                          | Train Loss: 2.2588 | Train Acc: 0.2143
Average Train Accuracy: 0.6125
 Site-MNIST                         | Val  Loss: 0.1125 | Val  Acc: 0.9798
 Site-USPS                          | Val  Loss: 0.2506 | Val  Acc: 0.9212
 Site-SynthDigits                   | Val  Loss: 1.5807 | Val  Acc: 0.5934
 Site-MNIST_M                       | Val  Loss: 1.4670 | Val  Acc: 0.5000
 Site-SVHN                          | Val  Loss: 2.2795 | Val  Acc: 0.2500
Average Valid Accuracy: 0.6489
 Best site-MNIST                     | Epoch:8 | Val Acc: 0.9798
 Best site-USPS                      | Epoch:8 | Val Acc: 0.9212
 Best site-SynthDigits               | Epoch:8 | Val Acc: 0.5934
 Best site-MNIST_M                   | Epoch:8 | Val Acc: 0.5000
 Best site-SVHN                      | Epoch:8 | Val Acc: 0.2500
 Saving the local and server checkpoint to ../checkpoint/fed_digit_uneven_1.8_1_distinct/harmo-fl...
============ Train epoch 9 ============
 Site-MNIST                         | Train Loss: 0.1131 | Train Acc: 0.9798
 Site-USPS                          | Train Loss: 0.2231 | Train Acc: 0.9333
 Site-SynthDigits                   | Train Loss: 1.6317 | Train Acc: 0.5000
 Site-MNIST_M                       | Train Loss: 1.7430 | Train Acc: 0.4335
 Site-SVHN                          | Train Loss: 2.2867 | Train Acc: 0.1875
Average Train Accuracy: 0.6068
 Site-MNIST                         | Val  Loss: 0.0927 | Val  Acc: 0.9865
 Site-USPS                          | Val  Loss: 0.2257 | Val  Acc: 0.9273
 Site-SynthDigits                   | Val  Loss: 1.5783 | Val  Acc: 0.5824
 Site-MNIST_M                       | Val  Loss: 1.4333 | Val  Acc: 0.4600
 Site-SVHN                          | Val  Loss: 2.2753 | Val  Acc: 0.1786
Average Valid Accuracy: 0.6270
============ Train epoch 10 ============
 Site-MNIST                         | Train Loss: 0.1132 | Train Acc: 0.9748
 Site-USPS                          | Train Loss: 0.1864 | Train Acc: 0.9379
 Site-SynthDigits                   | Train Loss: 1.5380 | Train Acc: 0.5273
 Site-MNIST_M                       | Train Loss: 1.6411 | Train Acc: 0.4384
 Site-SVHN                          | Train Loss: 2.3095 | Train Acc: 0.1875
Average Train Accuracy: 0.6132
 Site-MNIST                         | Val  Loss: 0.0937 | Val  Acc: 0.9865
 Site-USPS                          | Val  Loss: 0.2111 | Val  Acc: 0.9273
 Site-SynthDigits                   | Val  Loss: 1.4719 | Val  Acc: 0.5824
 Site-MNIST_M                       | Val  Loss: 1.4058 | Val  Acc: 0.4600
 Site-SVHN                          | Val  Loss: 2.2679 | Val  Acc: 0.2143
Average Valid Accuracy: 0.6341
============ Train epoch 11 ============
 Site-MNIST                         | Train Loss: 0.0899 | Train Acc: 0.9840
 Site-USPS                          | Train Loss: 0.1928 | Train Acc: 0.9409
 Site-SynthDigits                   | Train Loss: 1.5424 | Train Acc: 0.5055
 Site-MNIST_M                       | Train Loss: 1.6390 | Train Acc: 0.4335
 Site-SVHN                          | Train Loss: 2.2797 | Train Acc: 0.2232
Average Train Accuracy: 0.6174
 Site-MNIST                         | Val  Loss: 0.0767 | Val  Acc: 0.9865
 Site-USPS                          | Val  Loss: 0.1864 | Val  Acc: 0.9455
 Site-SynthDigits                   | Val  Loss: 1.4979 | Val  Acc: 0.5385
 Site-MNIST_M                       | Val  Loss: 1.4086 | Val  Acc: 0.4600
 Site-SVHN                          | Val  Loss: 2.2274 | Val  Acc: 0.2143
Average Valid Accuracy: 0.6289
============ Train epoch 12 ============
 Site-MNIST                         | Train Loss: 0.0834 | Train Acc: 0.9907
 Site-USPS                          | Train Loss: 0.1770 | Train Acc: 0.9439
 Site-SynthDigits                   | Train Loss: 1.5518 | Train Acc: 0.5301
 Site-MNIST_M                       | Train Loss: 1.4778 | Train Acc: 0.4581
 Site-SVHN                          | Train Loss: 2.2944 | Train Acc: 0.2143
Average Train Accuracy: 0.6274
 Site-MNIST                         | Val  Loss: 0.0726 | Val  Acc: 0.9966
 Site-USPS                          | Val  Loss: 0.1620 | Val  Acc: 0.9394
 Site-SynthDigits                   | Val  Loss: 1.4818 | Val  Acc: 0.6154
 Site-MNIST_M                       | Val  Loss: 1.3925 | Val  Acc: 0.5400
 Site-SVHN                          | Val  Loss: 2.1874 | Val  Acc: 0.2500
Average Valid Accuracy: 0.6683
 Best site-MNIST                     | Epoch:12 | Val Acc: 0.9966
 Best site-USPS                      | Epoch:12 | Val Acc: 0.9394
 Best site-SynthDigits               | Epoch:12 | Val Acc: 0.6154
 Best site-MNIST_M                   | Epoch:12 | Val Acc: 0.5400
 Best site-SVHN                      | Epoch:12 | Val Acc: 0.2500
 Saving the local and server checkpoint to ../checkpoint/fed_digit_uneven_1.8_1_distinct/harmo-fl...
============ Train epoch 13 ============
 Site-MNIST                         | Train Loss: 0.0837 | Train Acc: 0.9865
 Site-USPS                          | Train Loss: 0.1541 | Train Acc: 0.9500
 Site-SynthDigits                   | Train Loss: 1.4857 | Train Acc: 0.5383
 Site-MNIST_M                       | Train Loss: 1.6120 | Train Acc: 0.4089
 Site-SVHN                          | Train Loss: 2.2833 | Train Acc: 0.2589
Average Train Accuracy: 0.6285
 Site-MNIST                         | Val  Loss: 0.0711 | Val  Acc: 0.9933
 Site-USPS                          | Val  Loss: 0.1430 | Val  Acc: 0.9515
 Site-SynthDigits                   | Val  Loss: 1.4553 | Val  Acc: 0.5824
 Site-MNIST_M                       | Val  Loss: 1.4193 | Val  Acc: 0.4400
 Site-SVHN                          | Val  Loss: 2.2004 | Val  Acc: 0.3214
Average Valid Accuracy: 0.6577
============ Train epoch 14 ============
 Site-MNIST                         | Train Loss: 0.0694 | Train Acc: 0.9882
 Site-USPS                          | Train Loss: 0.1544 | Train Acc: 0.9545
 Site-SynthDigits                   | Train Loss: 1.4754 | Train Acc: 0.5437
 Site-MNIST_M                       | Train Loss: 1.5361 | Train Acc: 0.4581
 Site-SVHN                          | Train Loss: 2.3231 | Train Acc: 0.2232
Average Train Accuracy: 0.6336
 Site-MNIST                         | Val  Loss: 0.0564 | Val  Acc: 0.9933
 Site-USPS                          | Val  Loss: 0.1495 | Val  Acc: 0.9455
 Site-SynthDigits                   | Val  Loss: 1.4393 | Val  Acc: 0.6044
 Site-MNIST_M                       | Val  Loss: 1.4068 | Val  Acc: 0.4600
 Site-SVHN                          | Val  Loss: 2.2437 | Val  Acc: 0.2500
Average Valid Accuracy: 0.6506
============ Train epoch 15 ============
 Site-MNIST                         | Train Loss: 0.0605 | Train Acc: 0.9958
 Site-USPS                          | Train Loss: 0.1479 | Train Acc: 0.9606
 Site-SynthDigits                   | Train Loss: 1.4518 | Train Acc: 0.5519
 Site-MNIST_M                       | Train Loss: 1.5494 | Train Acc: 0.4828
 Site-SVHN                          | Train Loss: 2.3483 | Train Acc: 0.2411
Average Train Accuracy: 0.6464
 Site-MNIST                         | Val  Loss: 0.0530 | Val  Acc: 1.0000
 Site-USPS                          | Val  Loss: 0.1458 | Val  Acc: 0.9515
 Site-SynthDigits                   | Val  Loss: 1.4063 | Val  Acc: 0.6264
 Site-MNIST_M                       | Val  Loss: 1.3677 | Val  Acc: 0.5000
 Site-SVHN                          | Val  Loss: 2.2938 | Val  Acc: 0.2857
Average Valid Accuracy: 0.6727
 Best site-MNIST                     | Epoch:15 | Val Acc: 1.0000
 Best site-USPS                      | Epoch:15 | Val Acc: 0.9515
 Best site-SynthDigits               | Epoch:15 | Val Acc: 0.6264
 Best site-MNIST_M                   | Epoch:15 | Val Acc: 0.5000
 Best site-SVHN                      | Epoch:15 | Val Acc: 0.2857
 Saving the local and server checkpoint to ../checkpoint/fed_digit_uneven_1.8_1_distinct/harmo-fl...
============ Train epoch 16 ============
 Site-MNIST                         | Train Loss: 0.0525 | Train Acc: 0.9950
 Site-USPS                          | Train Loss: 0.1433 | Train Acc: 0.9561
 Site-SynthDigits                   | Train Loss: 1.4762 | Train Acc: 0.5109
 Site-MNIST_M                       | Train Loss: 1.5155 | Train Acc: 0.4926
 Site-SVHN                          | Train Loss: 2.3099 | Train Acc: 0.1964
Average Train Accuracy: 0.6302
 Site-MNIST                         | Val  Loss: 0.0418 | Val  Acc: 1.0000
 Site-USPS                          | Val  Loss: 0.1459 | Val  Acc: 0.9455
 Site-SynthDigits                   | Val  Loss: 1.4459 | Val  Acc: 0.5824
 Site-MNIST_M                       | Val  Loss: 1.3895 | Val  Acc: 0.4800
 Site-SVHN                          | Val  Loss: 2.2717 | Val  Acc: 0.2500
Average Valid Accuracy: 0.6516
============ Train epoch 17 ============
 Site-MNIST                         | Train Loss: 0.0550 | Train Acc: 0.9933
 Site-USPS                          | Train Loss: 0.1205 | Train Acc: 0.9727
 Site-SynthDigits                   | Train Loss: 1.3852 | Train Acc: 0.5546
 Site-MNIST_M                       | Train Loss: 1.4557 | Train Acc: 0.5025
 Site-SVHN                          | Train Loss: 2.3135 | Train Acc: 0.2321
Average Train Accuracy: 0.6510
 Site-MNIST                         | Val  Loss: 0.0464 | Val  Acc: 0.9933
 Site-USPS                          | Val  Loss: 0.1204 | Val  Acc: 0.9636
 Site-SynthDigits                   | Val  Loss: 1.3747 | Val  Acc: 0.6264
 Site-MNIST_M                       | Val  Loss: 1.3539 | Val  Acc: 0.4800
 Site-SVHN                          | Val  Loss: 2.2425 | Val  Acc: 0.2500
Average Valid Accuracy: 0.6627
============ Train epoch 18 ============
 Site-MNIST                         | Train Loss: 0.0545 | Train Acc: 0.9907
 Site-USPS                          | Train Loss: 0.1148 | Train Acc: 0.9667
 Site-SynthDigits                   | Train Loss: 1.3546 | Train Acc: 0.5601
 Site-MNIST_M                       | Train Loss: 1.4592 | Train Acc: 0.5172
 Site-SVHN                          | Train Loss: 2.3004 | Train Acc: 0.2232
Average Train Accuracy: 0.6516
 Site-MNIST                         | Val  Loss: 0.0450 | Val  Acc: 0.9933
 Site-USPS                          | Val  Loss: 0.1145 | Val  Acc: 0.9758
 Site-SynthDigits                   | Val  Loss: 1.3166 | Val  Acc: 0.5824
 Site-MNIST_M                       | Val  Loss: 1.3616 | Val  Acc: 0.5200
 Site-SVHN                          | Val  Loss: 2.1990 | Val  Acc: 0.3214
Average Valid Accuracy: 0.6786
 Best site-MNIST                     | Epoch:18 | Val Acc: 0.9933
 Best site-USPS                      | Epoch:18 | Val Acc: 0.9758
 Best site-SynthDigits               | Epoch:18 | Val Acc: 0.5824
 Best site-MNIST_M                   | Epoch:18 | Val Acc: 0.5200
 Best site-SVHN                      | Epoch:18 | Val Acc: 0.3214
 Saving the local and server checkpoint to ../checkpoint/fed_digit_uneven_1.8_1_distinct/harmo-fl...
============ Train epoch 19 ============
 Site-MNIST                         | Train Loss: 0.0445 | Train Acc: 0.9966
 Site-USPS                          | Train Loss: 0.1135 | Train Acc: 0.9712
 Site-SynthDigits                   | Train Loss: 1.3364 | Train Acc: 0.5601
 Site-MNIST_M                       | Train Loss: 1.3982 | Train Acc: 0.4926
 Site-SVHN                          | Train Loss: 2.3455 | Train Acc: 0.2411
Average Train Accuracy: 0.6523
 Site-MNIST                         | Val  Loss: 0.0363 | Val  Acc: 1.0000
 Site-USPS                          | Val  Loss: 0.1139 | Val  Acc: 0.9697
 Site-SynthDigits                   | Val  Loss: 1.3136 | Val  Acc: 0.5714
 Site-MNIST_M                       | Val  Loss: 1.3465 | Val  Acc: 0.5000
 Site-SVHN                          | Val  Loss: 2.2524 | Val  Acc: 0.3571
Average Valid Accuracy: 0.6797
 Best site-MNIST                     | Epoch:19 | Val Acc: 1.0000
 Best site-USPS                      | Epoch:19 | Val Acc: 0.9697
 Best site-SynthDigits               | Epoch:19 | Val Acc: 0.5714
 Best site-MNIST_M                   | Epoch:19 | Val Acc: 0.5000
 Best site-SVHN                      | Epoch:19 | Val Acc: 0.3571
 Saving the local and server checkpoint to ../checkpoint/fed_digit_uneven_1.8_1_distinct/harmo-fl...
============ Train epoch 20 ============
 Site-MNIST                         | Train Loss: 0.0453 | Train Acc: 0.9958
 Site-USPS                          | Train Loss: 0.1052 | Train Acc: 0.9682
 Site-SynthDigits                   | Train Loss: 1.3481 | Train Acc: 0.5792
 Site-MNIST_M                       | Train Loss: 1.5565 | Train Acc: 0.4877
 Site-SVHN                          | Train Loss: 2.3704 | Train Acc: 0.2679
Average Train Accuracy: 0.6598
 Site-MNIST                         | Val  Loss: 0.0328 | Val  Acc: 1.0000
 Site-USPS                          | Val  Loss: 0.1068 | Val  Acc: 0.9758
 Site-SynthDigits                   | Val  Loss: 1.3178 | Val  Acc: 0.6154
 Site-MNIST_M                       | Val  Loss: 1.3433 | Val  Acc: 0.4400
 Site-SVHN                          | Val  Loss: 2.2296 | Val  Acc: 0.3929
Average Valid Accuracy: 0.6848
 Best site-MNIST                     | Epoch:20 | Val Acc: 1.0000
 Best site-USPS                      | Epoch:20 | Val Acc: 0.9758
 Best site-SynthDigits               | Epoch:20 | Val Acc: 0.6154
 Best site-MNIST_M                   | Epoch:20 | Val Acc: 0.4400
 Best site-SVHN                      | Epoch:20 | Val Acc: 0.3929
 Saving the local and server checkpoint to ../checkpoint/fed_digit_uneven_1.8_1_distinct/harmo-fl...
============ Train epoch 21 ============
 Site-MNIST                         | Train Loss: 0.0363 | Train Acc: 0.9975
 Site-USPS                          | Train Loss: 0.1066 | Train Acc: 0.9712
 Site-SynthDigits                   | Train Loss: 1.3237 | Train Acc: 0.5710
 Site-MNIST_M                       | Train Loss: 1.4547 | Train Acc: 0.4877
 Site-SVHN                          | Train Loss: 2.2859 | Train Acc: 0.2411
Average Train Accuracy: 0.6537
 Site-MNIST                         | Val  Loss: 0.0312 | Val  Acc: 0.9966
 Site-USPS                          | Val  Loss: 0.1093 | Val  Acc: 0.9697
 Site-SynthDigits                   | Val  Loss: 1.2882 | Val  Acc: 0.6154
 Site-MNIST_M                       | Val  Loss: 1.4140 | Val  Acc: 0.4600
 Site-SVHN                          | Val  Loss: 2.2377 | Val  Acc: 0.3571
Average Valid Accuracy: 0.6798
============ Train epoch 22 ============
 Site-MNIST                         | Train Loss: 0.0369 | Train Acc: 0.9958
 Site-USPS                          | Train Loss: 0.1098 | Train Acc: 0.9727
 Site-SynthDigits                   | Train Loss: 1.3142 | Train Acc: 0.5820
 Site-MNIST_M                       | Train Loss: 1.5016 | Train Acc: 0.5222
 Site-SVHN                          | Train Loss: 2.2968 | Train Acc: 0.2143
Average Train Accuracy: 0.6574
 Site-MNIST                         | Val  Loss: 0.0303 | Val  Acc: 0.9966
 Site-USPS                          | Val  Loss: 0.1171 | Val  Acc: 0.9636
 Site-SynthDigits                   | Val  Loss: 1.2733 | Val  Acc: 0.6264
 Site-MNIST_M                       | Val  Loss: 1.3282 | Val  Acc: 0.5200
 Site-SVHN                          | Val  Loss: 2.2148 | Val  Acc: 0.3214
Average Valid Accuracy: 0.6856
 Best site-MNIST                     | Epoch:22 | Val Acc: 0.9966
 Best site-USPS                      | Epoch:22 | Val Acc: 0.9636
 Best site-SynthDigits               | Epoch:22 | Val Acc: 0.6264
 Best site-MNIST_M                   | Epoch:22 | Val Acc: 0.5200
 Best site-SVHN                      | Epoch:22 | Val Acc: 0.3214
 Saving the local and server checkpoint to ../checkpoint/fed_digit_uneven_1.8_1_distinct/harmo-fl...
============ Train epoch 23 ============
 Site-MNIST                         | Train Loss: 0.0358 | Train Acc: 0.9966
 Site-USPS                          | Train Loss: 0.1013 | Train Acc: 0.9727
 Site-SynthDigits                   | Train Loss: 1.2768 | Train Acc: 0.5792
 Site-MNIST_M                       | Train Loss: 1.5026 | Train Acc: 0.4926
 Site-SVHN                          | Train Loss: 2.3347 | Train Acc: 0.2321
Average Train Accuracy: 0.6547
 Site-MNIST                         | Val  Loss: 0.0287 | Val  Acc: 1.0000
 Site-USPS                          | Val  Loss: 0.0995 | Val  Acc: 0.9818
 Site-SynthDigits                   | Val  Loss: 1.1913 | Val  Acc: 0.6374
 Site-MNIST_M                       | Val  Loss: 1.3345 | Val  Acc: 0.4600
 Site-SVHN                          | Val  Loss: 2.1686 | Val  Acc: 0.3214
Average Valid Accuracy: 0.6801
============ Train epoch 24 ============
 Site-MNIST                         | Train Loss: 0.0407 | Train Acc: 0.9975
 Site-USPS                          | Train Loss: 0.0950 | Train Acc: 0.9773
 Site-SynthDigits                   | Train Loss: 1.2640 | Train Acc: 0.5929
 Site-MNIST_M                       | Train Loss: 1.3926 | Train Acc: 0.5271
 Site-SVHN                          | Train Loss: 2.3220 | Train Acc: 0.2411
Average Train Accuracy: 0.6672
 Site-MNIST                         | Val  Loss: 0.0351 | Val  Acc: 1.0000
 Site-USPS                          | Val  Loss: 0.0886 | Val  Acc: 0.9818
 Site-SynthDigits                   | Val  Loss: 1.2172 | Val  Acc: 0.6374
 Site-MNIST_M                       | Val  Loss: 1.2780 | Val  Acc: 0.4800
 Site-SVHN                          | Val  Loss: 2.1853 | Val  Acc: 0.3214
Average Valid Accuracy: 0.6841
============ Train epoch 25 ============
 Site-MNIST                         | Train Loss: 0.0311 | Train Acc: 0.9992
 Site-USPS                          | Train Loss: 0.0886 | Train Acc: 0.9818
 Site-SynthDigits                   | Train Loss: 1.2893 | Train Acc: 0.5820
 Site-MNIST_M                       | Train Loss: 1.3586 | Train Acc: 0.5222
 Site-SVHN                          | Train Loss: 2.3016 | Train Acc: 0.2321
Average Train Accuracy: 0.6635
 Site-MNIST                         | Val  Loss: 0.0251 | Val  Acc: 1.0000
 Site-USPS                          | Val  Loss: 0.0787 | Val  Acc: 0.9879
 Site-SynthDigits                   | Val  Loss: 1.2223 | Val  Acc: 0.6154
 Site-MNIST_M                       | Val  Loss: 1.2985 | Val  Acc: 0.5000
 Site-SVHN                          | Val  Loss: 2.1585 | Val  Acc: 0.3571
Average Valid Accuracy: 0.6921
 Best site-MNIST                     | Epoch:25 | Val Acc: 1.0000
 Best site-USPS                      | Epoch:25 | Val Acc: 0.9879
 Best site-SynthDigits               | Epoch:25 | Val Acc: 0.6154
 Best site-MNIST_M                   | Epoch:25 | Val Acc: 0.5000
 Best site-SVHN                      | Epoch:25 | Val Acc: 0.3571
 Saving the local and server checkpoint to ../checkpoint/fed_digit_uneven_1.8_1_distinct/harmo-fl...
============ Train epoch 26 ============
 Site-MNIST                         | Train Loss: 0.0369 | Train Acc: 0.9966
 Site-USPS                          | Train Loss: 0.0802 | Train Acc: 0.9864
 Site-SynthDigits                   | Train Loss: 1.2605 | Train Acc: 0.6011
 Site-MNIST_M                       | Train Loss: 1.4232 | Train Acc: 0.5369
 Site-SVHN                          | Train Loss: 2.2946 | Train Acc: 0.2321
Average Train Accuracy: 0.6706
 Site-MNIST                         | Val  Loss: 0.0259 | Val  Acc: 1.0000
 Site-USPS                          | Val  Loss: 0.0876 | Val  Acc: 0.9818
 Site-SynthDigits                   | Val  Loss: 1.2261 | Val  Acc: 0.6154
 Site-MNIST_M                       | Val  Loss: 1.3051 | Val  Acc: 0.5200
 Site-SVHN                          | Val  Loss: 2.1331 | Val  Acc: 0.3571
Average Valid Accuracy: 0.6949
 Best site-MNIST                     | Epoch:26 | Val Acc: 1.0000
 Best site-USPS                      | Epoch:26 | Val Acc: 0.9818
 Best site-SynthDigits               | Epoch:26 | Val Acc: 0.6154
 Best site-MNIST_M                   | Epoch:26 | Val Acc: 0.5200
 Best site-SVHN                      | Epoch:26 | Val Acc: 0.3571
 Saving the local and server checkpoint to ../checkpoint/fed_digit_uneven_1.8_1_distinct/harmo-fl...
============ Train epoch 27 ============
 Site-MNIST                         | Train Loss: 0.0280 | Train Acc: 0.9975
 Site-USPS                          | Train Loss: 0.0773 | Train Acc: 0.9818
 Site-SynthDigits                   | Train Loss: 1.3032 | Train Acc: 0.5820
 Site-MNIST_M                       | Train Loss: 1.3177 | Train Acc: 0.5369
 Site-SVHN                          | Train Loss: 2.3229 | Train Acc: 0.2321
Average Train Accuracy: 0.6661
 Site-MNIST                         | Val  Loss: 0.0215 | Val  Acc: 1.0000
 Site-USPS                          | Val  Loss: 0.0774 | Val  Acc: 0.9818
 Site-SynthDigits                   | Val  Loss: 1.2483 | Val  Acc: 0.6154
 Site-MNIST_M                       | Val  Loss: 1.2770 | Val  Acc: 0.5600
 Site-SVHN                          | Val  Loss: 2.1315 | Val  Acc: 0.3571
Average Valid Accuracy: 0.7029
 Best site-MNIST                     | Epoch:27 | Val Acc: 1.0000
 Best site-USPS                      | Epoch:27 | Val Acc: 0.9818
 Best site-SynthDigits               | Epoch:27 | Val Acc: 0.6154
 Best site-MNIST_M                   | Epoch:27 | Val Acc: 0.5600
 Best site-SVHN                      | Epoch:27 | Val Acc: 0.3571
 Saving the local and server checkpoint to ../checkpoint/fed_digit_uneven_1.8_1_distinct/harmo-fl...
============ Train epoch 28 ============
 Site-MNIST                         | Train Loss: 0.0290 | Train Acc: 0.9983
 Site-USPS                          | Train Loss: 0.0772 | Train Acc: 0.9879
 Site-SynthDigits                   | Train Loss: 1.2679 | Train Acc: 0.5765
 Site-MNIST_M                       | Train Loss: 1.3865 | Train Acc: 0.5419
 Site-SVHN                          | Train Loss: 2.3046 | Train Acc: 0.2679
Average Train Accuracy: 0.6745
 Site-MNIST                         | Val  Loss: 0.0228 | Val  Acc: 1.0000
 Site-USPS                          | Val  Loss: 0.0764 | Val  Acc: 0.9879
 Site-SynthDigits                   | Val  Loss: 1.2264 | Val  Acc: 0.6264
 Site-MNIST_M                       | Val  Loss: 1.2443 | Val  Acc: 0.5200
 Site-SVHN                          | Val  Loss: 2.1034 | Val  Acc: 0.3571
Average Valid Accuracy: 0.6983
============ Train epoch 29 ============
 Site-MNIST                         | Train Loss: 0.0280 | Train Acc: 0.9992
 Site-USPS                          | Train Loss: 0.0763 | Train Acc: 0.9879
 Site-SynthDigits                   | Train Loss: 1.2424 | Train Acc: 0.5847
 Site-MNIST_M                       | Train Loss: 1.3503 | Train Acc: 0.5419
 Site-SVHN                          | Train Loss: 2.3233 | Train Acc: 0.2589
Average Train Accuracy: 0.6745
 Site-MNIST                         | Val  Loss: 0.0229 | Val  Acc: 1.0000
 Site-USPS                          | Val  Loss: 0.0740 | Val  Acc: 0.9879
 Site-SynthDigits                   | Val  Loss: 1.2085 | Val  Acc: 0.6154
 Site-MNIST_M                       | Val  Loss: 1.2600 | Val  Acc: 0.5000
 Site-SVHN                          | Val  Loss: 2.1076 | Val  Acc: 0.3929
Average Valid Accuracy: 0.6992
============ Train epoch 30 ============
 Site-MNIST                         | Train Loss: 0.0225 | Train Acc: 1.0000
 Site-USPS                          | Train Loss: 0.0790 | Train Acc: 0.9833
 Site-SynthDigits                   | Train Loss: 1.2604 | Train Acc: 0.5574
 Site-MNIST_M                       | Train Loss: 1.3192 | Train Acc: 0.5468
 Site-SVHN                          | Train Loss: 2.3467 | Train Acc: 0.2500
Average Train Accuracy: 0.6675
 Site-MNIST                         | Val  Loss: 0.0206 | Val  Acc: 1.0000
 Site-USPS                          | Val  Loss: 0.0750 | Val  Acc: 0.9879
 Site-SynthDigits                   | Val  Loss: 1.2056 | Val  Acc: 0.6154
 Site-MNIST_M                       | Val  Loss: 1.2029 | Val  Acc: 0.5400
 Site-SVHN                          | Val  Loss: 2.1436 | Val  Acc: 0.3929
Average Valid Accuracy: 0.7072
 Best site-MNIST                     | Epoch:30 | Val Acc: 1.0000
 Best site-USPS                      | Epoch:30 | Val Acc: 0.9879
 Best site-SynthDigits               | Epoch:30 | Val Acc: 0.6154
 Best site-MNIST_M                   | Epoch:30 | Val Acc: 0.5400
 Best site-SVHN                      | Epoch:30 | Val Acc: 0.3929
 Saving the local and server checkpoint to ../checkpoint/fed_digit_uneven_1.8_1_distinct/harmo-fl...
============ Train epoch 31 ============
 Site-MNIST                         | Train Loss: 0.0209 | Train Acc: 1.0000
 Site-USPS                          | Train Loss: 0.0790 | Train Acc: 0.9818
 Site-SynthDigits                   | Train Loss: 1.2276 | Train Acc: 0.6011
 Site-MNIST_M                       | Train Loss: 1.5203 | Train Acc: 0.5468
 Site-SVHN                          | Train Loss: 2.3155 | Train Acc: 0.2679
Average Train Accuracy: 0.6795
 Site-MNIST                         | Val  Loss: 0.0187 | Val  Acc: 1.0000
 Site-USPS                          | Val  Loss: 0.0740 | Val  Acc: 0.9818
 Site-SynthDigits                   | Val  Loss: 1.1904 | Val  Acc: 0.6154
 Site-MNIST_M                       | Val  Loss: 1.2288 | Val  Acc: 0.5400
 Site-SVHN                          | Val  Loss: 2.1106 | Val  Acc: 0.3929
Average Valid Accuracy: 0.7060
============ Train epoch 32 ============
 Site-MNIST                         | Train Loss: 0.0223 | Train Acc: 1.0000
 Site-USPS                          | Train Loss: 0.0749 | Train Acc: 0.9879
 Site-SynthDigits                   | Train Loss: 1.1700 | Train Acc: 0.6202
 Site-MNIST_M                       | Train Loss: 1.4902 | Train Acc: 0.5468
 Site-SVHN                          | Train Loss: 2.2876 | Train Acc: 0.2589
Average Train Accuracy: 0.6828
 Site-MNIST                         | Val  Loss: 0.0188 | Val  Acc: 1.0000
 Site-USPS                          | Val  Loss: 0.0709 | Val  Acc: 0.9939
 Site-SynthDigits                   | Val  Loss: 1.1327 | Val  Acc: 0.6484
 Site-MNIST_M                       | Val  Loss: 1.2352 | Val  Acc: 0.5000
 Site-SVHN                          | Val  Loss: 2.1118 | Val  Acc: 0.3571
Average Valid Accuracy: 0.6999
============ Train epoch 33 ============
 Site-MNIST                         | Train Loss: 0.0210 | Train Acc: 1.0000
 Site-USPS                          | Train Loss: 0.0742 | Train Acc: 0.9879
 Site-SynthDigits                   | Train Loss: 1.1867 | Train Acc: 0.6148
 Site-MNIST_M                       | Train Loss: 1.4172 | Train Acc: 0.5517
 Site-SVHN                          | Train Loss: 2.3093 | Train Acc: 0.2411
Average Train Accuracy: 0.6791
 Site-MNIST                         | Val  Loss: 0.0185 | Val  Acc: 1.0000
 Site-USPS                          | Val  Loss: 0.0754 | Val  Acc: 0.9939
 Site-SynthDigits                   | Val  Loss: 1.1672 | Val  Acc: 0.6484
 Site-MNIST_M                       | Val  Loss: 1.2228 | Val  Acc: 0.5400
 Site-SVHN                          | Val  Loss: 2.0937 | Val  Acc: 0.3571
Average Valid Accuracy: 0.7079
 Best site-MNIST                     | Epoch:33 | Val Acc: 1.0000
 Best site-USPS                      | Epoch:33 | Val Acc: 0.9939
 Best site-SynthDigits               | Epoch:33 | Val Acc: 0.6484
 Best site-MNIST_M                   | Epoch:33 | Val Acc: 0.5400
 Best site-SVHN                      | Epoch:33 | Val Acc: 0.3571
 Saving the local and server checkpoint to ../checkpoint/fed_digit_uneven_1.8_1_distinct/harmo-fl...
============ Train epoch 34 ============
 Site-MNIST                         | Train Loss: 0.0192 | Train Acc: 1.0000
 Site-USPS                          | Train Loss: 0.0697 | Train Acc: 0.9894
 Site-SynthDigits                   | Train Loss: 1.2088 | Train Acc: 0.5984
 Site-MNIST_M                       | Train Loss: 1.2774 | Train Acc: 0.5419
 Site-SVHN                          | Train Loss: 2.2839 | Train Acc: 0.2857
Average Train Accuracy: 0.6831
 Site-MNIST                         | Val  Loss: 0.0179 | Val  Acc: 1.0000
 Site-USPS                          | Val  Loss: 0.0679 | Val  Acc: 0.9939
 Site-SynthDigits                   | Val  Loss: 1.1683 | Val  Acc: 0.6044
 Site-MNIST_M                       | Val  Loss: 1.2019 | Val  Acc: 0.5800
 Site-SVHN                          | Val  Loss: 2.0747 | Val  Acc: 0.3929
Average Valid Accuracy: 0.7142
 Best site-MNIST                     | Epoch:34 | Val Acc: 1.0000
 Best site-USPS                      | Epoch:34 | Val Acc: 0.9939
 Best site-SynthDigits               | Epoch:34 | Val Acc: 0.6044
 Best site-MNIST_M                   | Epoch:34 | Val Acc: 0.5800
 Best site-SVHN                      | Epoch:34 | Val Acc: 0.3929
 Saving the local and server checkpoint to ../checkpoint/fed_digit_uneven_1.8_1_distinct/harmo-fl...
============ Train epoch 35 ============
 Site-MNIST                         | Train Loss: 0.0173 | Train Acc: 1.0000
 Site-USPS                          | Train Loss: 0.0766 | Train Acc: 0.9894
 Site-SynthDigits                   | Train Loss: 1.2010 | Train Acc: 0.6011
 Site-MNIST_M                       | Train Loss: 1.4220 | Train Acc: 0.5369
 Site-SVHN                          | Train Loss: 2.2670 | Train Acc: 0.2321
Average Train Accuracy: 0.6719
 Site-MNIST                         | Val  Loss: 0.0156 | Val  Acc: 1.0000
 Site-USPS                          | Val  Loss: 0.0757 | Val  Acc: 0.9939
 Site-SynthDigits                   | Val  Loss: 1.1610 | Val  Acc: 0.6154
 Site-MNIST_M                       | Val  Loss: 1.1673 | Val  Acc: 0.5600
 Site-SVHN                          | Val  Loss: 2.1339 | Val  Acc: 0.3214
Average Valid Accuracy: 0.6982
============ Train epoch 36 ============
 Site-MNIST                         | Train Loss: 0.0179 | Train Acc: 1.0000
 Site-USPS                          | Train Loss: 0.0793 | Train Acc: 0.9833
 Site-SynthDigits                   | Train Loss: 1.2382 | Train Acc: 0.5874
 Site-MNIST_M                       | Train Loss: 1.4743 | Train Acc: 0.5419
 Site-SVHN                          | Train Loss: 2.2595 | Train Acc: 0.2500
Average Train Accuracy: 0.6725
 Site-MNIST                         | Val  Loss: 0.0144 | Val  Acc: 1.0000
 Site-USPS                          | Val  Loss: 0.0680 | Val  Acc: 0.9939
 Site-SynthDigits                   | Val  Loss: 1.1943 | Val  Acc: 0.5824
 Site-MNIST_M                       | Val  Loss: 1.1873 | Val  Acc: 0.5600
 Site-SVHN                          | Val  Loss: 2.1050 | Val  Acc: 0.3571
Average Valid Accuracy: 0.6987
============ Train epoch 37 ============
 Site-MNIST                         | Train Loss: 0.0181 | Train Acc: 1.0000
 Site-USPS                          | Train Loss: 0.0692 | Train Acc: 0.9939
 Site-SynthDigits                   | Train Loss: 1.1538 | Train Acc: 0.6202
 Site-MNIST_M                       | Train Loss: 1.3927 | Train Acc: 0.5419
 Site-SVHN                          | Train Loss: 2.2656 | Train Acc: 0.2589
Average Train Accuracy: 0.6830
 Site-MNIST                         | Val  Loss: 0.0148 | Val  Acc: 1.0000
 Site-USPS                          | Val  Loss: 0.0683 | Val  Acc: 1.0000
 Site-SynthDigits                   | Val  Loss: 1.1166 | Val  Acc: 0.6374
 Site-MNIST_M                       | Val  Loss: 1.1797 | Val  Acc: 0.5800
 Site-SVHN                          | Val  Loss: 2.0499 | Val  Acc: 0.3214
Average Valid Accuracy: 0.7078
============ Train epoch 38 ============
 Site-MNIST                         | Train Loss: 0.0155 | Train Acc: 1.0000
 Site-USPS                          | Train Loss: 0.0711 | Train Acc: 0.9924
 Site-SynthDigits                   | Train Loss: 1.1688 | Train Acc: 0.6175
 Site-MNIST_M                       | Train Loss: 1.4170 | Train Acc: 0.5517
 Site-SVHN                          | Train Loss: 2.2369 | Train Acc: 0.2589
Average Train Accuracy: 0.6841
 Site-MNIST                         | Val  Loss: 0.0146 | Val  Acc: 1.0000
 Site-USPS                          | Val  Loss: 0.0647 | Val  Acc: 0.9939
 Site-SynthDigits                   | Val  Loss: 1.1435 | Val  Acc: 0.5934
 Site-MNIST_M                       | Val  Loss: 1.1850 | Val  Acc: 0.6000
 Site-SVHN                          | Val  Loss: 2.0250 | Val  Acc: 0.3571
Average Valid Accuracy: 0.7089
============ Train epoch 39 ============
 Site-MNIST                         | Train Loss: 0.0185 | Train Acc: 1.0000
 Site-USPS                          | Train Loss: 0.0679 | Train Acc: 0.9939
 Site-SynthDigits                   | Train Loss: 1.1196 | Train Acc: 0.6393
 Site-MNIST_M                       | Train Loss: 1.4130 | Train Acc: 0.5567
 Site-SVHN                          | Train Loss: 2.2720 | Train Acc: 0.2679
Average Train Accuracy: 0.6916
 Site-MNIST                         | Val  Loss: 0.0150 | Val  Acc: 1.0000
 Site-USPS                          | Val  Loss: 0.0624 | Val  Acc: 1.0000
 Site-SynthDigits                   | Val  Loss: 1.0824 | Val  Acc: 0.6593
 Site-MNIST_M                       | Val  Loss: 1.1747 | Val  Acc: 0.5400
 Site-SVHN                          | Val  Loss: 2.0056 | Val  Acc: 0.3571
Average Valid Accuracy: 0.7113
============ Train epoch 40 ============
 Site-MNIST                         | Train Loss: 0.0164 | Train Acc: 1.0000
 Site-USPS                          | Train Loss: 0.0640 | Train Acc: 0.9939
 Site-SynthDigits                   | Train Loss: 1.1683 | Train Acc: 0.6257
 Site-MNIST_M                       | Train Loss: 1.3970 | Train Acc: 0.5813
 Site-SVHN                          | Train Loss: 2.2668 | Train Acc: 0.2143
Average Train Accuracy: 0.6830
 Site-MNIST                         | Val  Loss: 0.0136 | Val  Acc: 1.0000
 Site-USPS                          | Val  Loss: 0.0607 | Val  Acc: 1.0000
 Site-SynthDigits                   | Val  Loss: 1.1395 | Val  Acc: 0.6374
 Site-MNIST_M                       | Val  Loss: 1.1622 | Val  Acc: 0.6200
 Site-SVHN                          | Val  Loss: 2.0346 | Val  Acc: 0.3214
Average Valid Accuracy: 0.7158
 Best site-MNIST                     | Epoch:40 | Val Acc: 1.0000
 Best site-USPS                      | Epoch:40 | Val Acc: 1.0000
 Best site-SynthDigits               | Epoch:40 | Val Acc: 0.6374
 Best site-MNIST_M                   | Epoch:40 | Val Acc: 0.6200
 Best site-SVHN                      | Epoch:40 | Val Acc: 0.3214
 Saving the local and server checkpoint to ../checkpoint/fed_digit_uneven_1.8_1_distinct/harmo-fl...
============ Train epoch 41 ============
 Site-MNIST                         | Train Loss: 0.0160 | Train Acc: 1.0000
 Site-USPS                          | Train Loss: 0.0649 | Train Acc: 0.9924
 Site-SynthDigits                   | Train Loss: 1.1418 | Train Acc: 0.6202
 Site-MNIST_M                       | Train Loss: 1.4326 | Train Acc: 0.5616
 Site-SVHN                          | Train Loss: 2.2778 | Train Acc: 0.2232
Average Train Accuracy: 0.6795
 Site-MNIST                         | Val  Loss: 0.0149 | Val  Acc: 1.0000
 Site-USPS                          | Val  Loss: 0.0657 | Val  Acc: 1.0000
 Site-SynthDigits                   | Val  Loss: 1.1084 | Val  Acc: 0.6264
 Site-MNIST_M                       | Val  Loss: 1.1870 | Val  Acc: 0.5600
 Site-SVHN                          | Val  Loss: 2.0647 | Val  Acc: 0.3214
Average Valid Accuracy: 0.7016
============ Train epoch 42 ============
 Site-MNIST                         | Train Loss: 0.0138 | Train Acc: 1.0000
 Site-USPS                          | Train Loss: 0.0808 | Train Acc: 0.9909
 Site-SynthDigits                   | Train Loss: 1.1740 | Train Acc: 0.6257
 Site-MNIST_M                       | Train Loss: 1.3287 | Train Acc: 0.5665
 Site-SVHN                          | Train Loss: 2.2401 | Train Acc: 0.2321
Average Train Accuracy: 0.6830
 Site-MNIST                         | Val  Loss: 0.0129 | Val  Acc: 1.0000
 Site-USPS                          | Val  Loss: 0.0717 | Val  Acc: 0.9939
 Site-SynthDigits                   | Val  Loss: 1.1431 | Val  Acc: 0.6374
 Site-MNIST_M                       | Val  Loss: 1.1809 | Val  Acc: 0.6200
 Site-SVHN                          | Val  Loss: 2.0527 | Val  Acc: 0.3571
Average Valid Accuracy: 0.7217
 Best site-MNIST                     | Epoch:42 | Val Acc: 1.0000
 Best site-USPS                      | Epoch:42 | Val Acc: 0.9939
 Best site-SynthDigits               | Epoch:42 | Val Acc: 0.6374
 Best site-MNIST_M                   | Epoch:42 | Val Acc: 0.6200
 Best site-SVHN                      | Epoch:42 | Val Acc: 0.3571
 Saving the local and server checkpoint to ../checkpoint/fed_digit_uneven_1.8_1_distinct/harmo-fl...
============ Train epoch 43 ============
 Site-MNIST                         | Train Loss: 0.0144 | Train Acc: 1.0000
 Site-USPS                          | Train Loss: 0.0678 | Train Acc: 0.9924
 Site-SynthDigits                   | Train Loss: 1.1678 | Train Acc: 0.6585
 Site-MNIST_M                       | Train Loss: 1.3062 | Train Acc: 0.5813
 Site-SVHN                          | Train Loss: 2.2427 | Train Acc: 0.2411
Average Train Accuracy: 0.6946
 Site-MNIST                         | Val  Loss: 0.0134 | Val  Acc: 1.0000
 Site-USPS                          | Val  Loss: 0.0663 | Val  Acc: 0.9939
 Site-SynthDigits                   | Val  Loss: 1.1192 | Val  Acc: 0.6593
 Site-MNIST_M                       | Val  Loss: 1.2081 | Val  Acc: 0.6200
 Site-SVHN                          | Val  Loss: 2.0431 | Val  Acc: 0.3571
Average Valid Accuracy: 0.7261
 Best site-MNIST                     | Epoch:43 | Val Acc: 1.0000
 Best site-USPS                      | Epoch:43 | Val Acc: 0.9939
 Best site-SynthDigits               | Epoch:43 | Val Acc: 0.6593
 Best site-MNIST_M                   | Epoch:43 | Val Acc: 0.6200
 Best site-SVHN                      | Epoch:43 | Val Acc: 0.3571
 Saving the local and server checkpoint to ../checkpoint/fed_digit_uneven_1.8_1_distinct/harmo-fl...
============ Train epoch 44 ============
 Site-MNIST                         | Train Loss: 0.0160 | Train Acc: 1.0000
 Site-USPS                          | Train Loss: 0.0570 | Train Acc: 0.9924
 Site-SynthDigits                   | Train Loss: 1.1759 | Train Acc: 0.6421
 Site-MNIST_M                       | Train Loss: 1.3244 | Train Acc: 0.5616
 Site-SVHN                          | Train Loss: 2.2659 | Train Acc: 0.2411
Average Train Accuracy: 0.6874
 Site-MNIST                         | Val  Loss: 0.0134 | Val  Acc: 1.0000
 Site-USPS                          | Val  Loss: 0.0587 | Val  Acc: 1.0000
 Site-SynthDigits                   | Val  Loss: 1.1485 | Val  Acc: 0.6593
 Site-MNIST_M                       | Val  Loss: 1.1552 | Val  Acc: 0.6200
 Site-SVHN                          | Val  Loss: 2.0536 | Val  Acc: 0.3214
Average Valid Accuracy: 0.7202
============ Train epoch 45 ============
 Site-MNIST                         | Train Loss: 0.0136 | Train Acc: 1.0000
 Site-USPS                          | Train Loss: 0.0624 | Train Acc: 0.9955
 Site-SynthDigits                   | Train Loss: 1.1334 | Train Acc: 0.6202
 Site-MNIST_M                       | Train Loss: 1.4542 | Train Acc: 0.5764
 Site-SVHN                          | Train Loss: 2.2585 | Train Acc: 0.2232
Average Train Accuracy: 0.6830
 Site-MNIST                         | Val  Loss: 0.0129 | Val  Acc: 1.0000
 Site-USPS                          | Val  Loss: 0.0676 | Val  Acc: 1.0000
 Site-SynthDigits                   | Val  Loss: 1.0873 | Val  Acc: 0.6374
 Site-MNIST_M                       | Val  Loss: 1.1322 | Val  Acc: 0.6000
 Site-SVHN                          | Val  Loss: 2.0724 | Val  Acc: 0.3571
Average Valid Accuracy: 0.7189
============ Train epoch 46 ============
 Site-MNIST                         | Train Loss: 0.0139 | Train Acc: 1.0000
 Site-USPS                          | Train Loss: 0.0572 | Train Acc: 0.9970
 Site-SynthDigits                   | Train Loss: 1.1610 | Train Acc: 0.6284
 Site-MNIST_M                       | Train Loss: 1.4403 | Train Acc: 0.5714
 Site-SVHN                          | Train Loss: 2.2274 | Train Acc: 0.2143
Average Train Accuracy: 0.6822
 Site-MNIST                         | Val  Loss: 0.0124 | Val  Acc: 1.0000
 Site-USPS                          | Val  Loss: 0.0561 | Val  Acc: 1.0000
 Site-SynthDigits                   | Val  Loss: 1.1318 | Val  Acc: 0.6374
 Site-MNIST_M                       | Val  Loss: 1.1574 | Val  Acc: 0.6400
 Site-SVHN                          | Val  Loss: 2.0722 | Val  Acc: 0.3571
Average Valid Accuracy: 0.7269
 Best site-MNIST                     | Epoch:46 | Val Acc: 1.0000
 Best site-USPS                      | Epoch:46 | Val Acc: 1.0000
 Best site-SynthDigits               | Epoch:46 | Val Acc: 0.6374
 Best site-MNIST_M                   | Epoch:46 | Val Acc: 0.6400
 Best site-SVHN                      | Epoch:46 | Val Acc: 0.3571
 Saving the local and server checkpoint to ../checkpoint/fed_digit_uneven_1.8_1_distinct/harmo-fl...
============ Train epoch 47 ============
 Site-MNIST                         | Train Loss: 0.0139 | Train Acc: 1.0000
 Site-USPS                          | Train Loss: 0.0570 | Train Acc: 0.9970
 Site-SynthDigits                   | Train Loss: 1.1517 | Train Acc: 0.6202
 Site-MNIST_M                       | Train Loss: 1.5166 | Train Acc: 0.5862
 Site-SVHN                          | Train Loss: 2.2582 | Train Acc: 0.1964
Average Train Accuracy: 0.6800
 Site-MNIST                         | Val  Loss: 0.0121 | Val  Acc: 1.0000
 Site-USPS                          | Val  Loss: 0.0560 | Val  Acc: 1.0000
 Site-SynthDigits                   | Val  Loss: 1.1001 | Val  Acc: 0.6264
 Site-MNIST_M                       | Val  Loss: 1.1234 | Val  Acc: 0.6000
 Site-SVHN                          | Val  Loss: 2.0769 | Val  Acc: 0.3214
Average Valid Accuracy: 0.7096
============ Train epoch 48 ============
 Site-MNIST                         | Train Loss: 0.0141 | Train Acc: 1.0000
 Site-USPS                          | Train Loss: 0.0573 | Train Acc: 0.9955
 Site-SynthDigits                   | Train Loss: 1.1627 | Train Acc: 0.6339
 Site-MNIST_M                       | Train Loss: 1.3538 | Train Acc: 0.5764
 Site-SVHN                          | Train Loss: 2.2818 | Train Acc: 0.2232
Average Train Accuracy: 0.6858
 Site-MNIST                         | Val  Loss: 0.0119 | Val  Acc: 1.0000
 Site-USPS                          | Val  Loss: 0.0517 | Val  Acc: 1.0000
 Site-SynthDigits                   | Val  Loss: 1.1089 | Val  Acc: 0.6374
 Site-MNIST_M                       | Val  Loss: 1.1359 | Val  Acc: 0.6000
 Site-SVHN                          | Val  Loss: 2.0533 | Val  Acc: 0.3571
Average Valid Accuracy: 0.7189
============ Train epoch 49 ============
 Site-MNIST                         | Train Loss: 0.0147 | Train Acc: 1.0000
 Site-USPS                          | Train Loss: 0.0522 | Train Acc: 1.0000
 Site-SynthDigits                   | Train Loss: 1.1209 | Train Acc: 0.6421
 Site-MNIST_M                       | Train Loss: 1.3032 | Train Acc: 0.5862
 Site-SVHN                          | Train Loss: 2.2618 | Train Acc: 0.1875
Average Train Accuracy: 0.6832
 Site-MNIST                         | Val  Loss: 0.0135 | Val  Acc: 1.0000
 Site-USPS                          | Val  Loss: 0.0527 | Val  Acc: 1.0000
 Site-SynthDigits                   | Val  Loss: 1.0733 | Val  Acc: 0.6484
 Site-MNIST_M                       | Val  Loss: 1.1257 | Val  Acc: 0.6400
 Site-SVHN                          | Val  Loss: 2.0372 | Val  Acc: 0.3214
Average Valid Accuracy: 0.7220
===2023-07-02 04:19:00===
===2023-07-02 04:19:04===
===Setting===
    dataset: digit
    lr: 0.01
    batch: 64
    iters: 10
    wk_iters: 1
    si: False
    domain_num: 5
    quantile: 0
    power_cs: 1
    std_rw: False
    gender_label: False
    binary_race: False
    save_iter: -1
    mix5: False
    power_relu: 1
    Ea_val: False
data_number=[1189,660,366,203,112,
client_nums=[1,1,1,1,1,]
len_dataset=[1487,826,458,254,141,]
domain number = 5
Loading snapshots...
 Test site-MNIST                     | Epoch:46 | Test Acc: 0.9463
 Test site-USPS                      | Epoch:46 | Test Acc: 0.9376
 Test site-SynthDigits               | Epoch:46 | Test Acc: 0.5043
 Test site-MNIST_M                   | Epoch:46 | Test Acc: 0.3609
 Test site-SVHN                      | Epoch:46 | Test Acc: 0.2105
MNIST: 0.9463, USPS: 0.9376, SynthDigits: 0.5043, MNIST_M: 0.3609, SVHN: 0.2105, 
Average Test Accuracy(group): 0.5919, Average Test Accuracy(individual): 0.5919,
domain std=0.3005, cluster std=-1.0000, individual std=0.3005, 
