===2023-08-16 18:04:46===
===Setting===
    dataset: pacs
    lr: 0.01
    batch: 32
    iters: 50
    wk_iters: 1
    domain_num: 4
data_number=[150,450,150,450,150,450,150,450,
client_nums=[2,2,2,2,]
len_dataset=[1000,1000,1000,1000,]
domain number = 4
Loading snapshots...
 Test site-photo                     | Epoch:46 | Test Acc: 0.9985
 Test site-art_painting              | Epoch:46 | Test Acc: 0.9196
 Test site-cartoon                   | Epoch:46 | Test Acc: 0.8309
 Test site-sketch                    | Epoch:46 | Test Acc: 0.6887
photo: 0.9985, art_painting: 0.9196, cartoon: 0.8309, sketch: 0.6887, 
Average Test Accuracy(group): 0.8594, Average Test Accuracy(individual): 0.8594,
domain std=0.1150, cluster std=-1.0000, individual std=0.1150, 
