===2023-08-16 16:52:03===
===Setting===
    dataset: pacs
    lr: 0.01
    batch: 32
    iters: 50
    wk_iters: 1
    domain_num: 4
data_number=[150,450,150,450,150,450,150,450,
client_nums=[2,2,2,2,]
len_dataset=[1000,1000,1000,1000,]
domain number = 4
Loading snapshots...
 Test site-photo                     | Epoch:46 | Test Acc: 0.9985
 Test site-art_painting              | Epoch:46 | Test Acc: 0.9196
 Test site-cartoon                   | Epoch:46 | Test Acc: 0.8309
 Test site-sketch                    | Epoch:46 | Test Acc: 0.6887
photo: 0.9985, art_painting: 0.9196, cartoon: 0.8309, sketch: 0.6887, 
Average Test Accuracy(group): 0.8594, Average Test Accuracy(individual): 0.8594,
domain std=0.1150, cluster std=-1.0000, individual std=0.1150, 
===2023-08-16 17:05:08===
===Setting===
    dataset: pacs
    lr: 0.01
    batch: 32
    iters: 50
    wk_iters: 1
    domain_num: 4
===2023-08-16 17:05:32===
===Setting===
    dataset: pacs
    lr: 0.01
    batch: 32
    iters: 50
    wk_iters: 1
    domain_num: 4
data_number=[150,450,150,450,150,450,150,450,
client_nums=[2,2,2,2,]
len_dataset=[1000,1000,1000,1000,]
domain number = 4
Loading snapshots...
 Test site-photo-0                   | Epoch:46 | Test Acc: 1.0000
 Test site-photo-1                   | Epoch:46 | Test Acc: 0.9980
 Test site-art_painting-0            | Epoch:46 | Test Acc: 0.9024
 Test site-art_painting-1            | Epoch:46 | Test Acc: 0.9252
 Test site-cartoon-0                 | Epoch:46 | Test Acc: 0.8340
 Test site-cartoon-1                 | Epoch:46 | Test Acc: 0.8298
 Test site-sketch-0                  | Epoch:46 | Test Acc: 0.7303
 Test site-sketch-1                  | Epoch:46 | Test Acc: 0.6746
photo-0: 1.0000, photo-1: 0.9980, art_painting-0: 0.9024, art_painting-1: 0.9252, cartoon-0: 0.8340, cartoon-1: 0.8298, sketch-0: 0.7303, sketch-1: 0.6746, 
Average Test Accuracy(group): 0.8618, Average Test Accuracy(individual): 0.8618,
domain std=0.1104, cluster std=-1.0000, individual std=0.1104, 
===2023-08-16 18:05:39===
===Setting===
    dataset: pacs
    lr: 0.01
    batch: 32
    iters: 50
    wk_iters: 1
    domain_num: 4
data_number=[150,450,150,450,150,450,150,450,
client_nums=[2,2,2,2,]
len_dataset=[1000,1000,1000,1000,]
domain number = 4
============ Train epoch 0 ============
 Site-photo-0                       | Train Loss: 1.7089 | Train Acc: 0.8867
 Site-photo-1                       | Train Loss: 1.6989 | Train Acc: 0.8933
 Site-art_painting-0                | Train Loss: 1.7925 | Train Acc: 0.5800
 Site-art_painting-1                | Train Loss: 1.7749 | Train Acc: 0.5733
 Site-cartoon-0                     | Train Loss: 1.8075 | Train Acc: 0.5067
 Site-cartoon-1                     | Train Loss: 1.7971 | Train Acc: 0.5222
 Site-sketch-0                      | Train Loss: 1.8006 | Train Acc: 0.3467
 Site-sketch-1                      | Train Loss: 1.8159 | Train Acc: 0.3444
Average Train Accuracy: 0.5817
 Best site-photo-0                   | Epoch:0 | Val Acc: 0.8867
 Best site-photo-1                   | Epoch:0 | Val Acc: 0.8933
 Best site-art_painting-0            | Epoch:0 | Val Acc: 0.5800
 Best site-art_painting-1            | Epoch:0 | Val Acc: 0.5733
 Best site-cartoon-0                 | Epoch:0 | Val Acc: 0.5067
 Best site-cartoon-1                 | Epoch:0 | Val Acc: 0.5222
 Best site-sketch-0                  | Epoch:0 | Val Acc: 0.3467
 Best site-sketch-1                  | Epoch:0 | Val Acc: 0.3444
 Saving the local and server checkpoint to ../checkpoint/fed_pacs_even_1.0_1/fedavg...
============ Train epoch 1 ============
 Site-photo-0                       | Train Loss: 1.4964 | Train Acc: 0.9600
 Site-photo-1                       | Train Loss: 1.4643 | Train Acc: 0.9711
 Site-art_painting-0                | Train Loss: 1.6301 | Train Acc: 0.7733
 Site-art_painting-1                | Train Loss: 1.6378 | Train Acc: 0.7378
 Site-cartoon-0                     | Train Loss: 1.6790 | Train Acc: 0.6200
 Site-cartoon-1                     | Train Loss: 1.6694 | Train Acc: 0.6200
 Site-sketch-0                      | Train Loss: 1.7041 | Train Acc: 0.4467
 Site-sketch-1                      | Train Loss: 1.6983 | Train Acc: 0.4489
Average Train Accuracy: 0.6972
 Best site-photo-0                   | Epoch:1 | Val Acc: 0.9600
 Best site-photo-1                   | Epoch:1 | Val Acc: 0.9711
 Best site-art_painting-0            | Epoch:1 | Val Acc: 0.7733
 Best site-art_painting-1            | Epoch:1 | Val Acc: 0.7378
 Best site-cartoon-0                 | Epoch:1 | Val Acc: 0.6200
 Best site-cartoon-1                 | Epoch:1 | Val Acc: 0.6200
 Best site-sketch-0                  | Epoch:1 | Val Acc: 0.4467
 Best site-sketch-1                  | Epoch:1 | Val Acc: 0.4489
 Saving the local and server checkpoint to ../checkpoint/fed_pacs_even_1.0_1/fedavg...
============ Train epoch 2 ============
 Site-photo-0                       | Train Loss: 1.2759 | Train Acc: 0.9667
 Site-photo-1                       | Train Loss: 1.2428 | Train Acc: 0.9867
 Site-art_painting-0                | Train Loss: 1.5044 | Train Acc: 0.6867
 Site-art_painting-1                | Train Loss: 1.4701 | Train Acc: 0.7756
 Site-cartoon-0                     | Train Loss: 1.5432 | Train Acc: 0.7200
 Site-cartoon-1                     | Train Loss: 1.5272 | Train Acc: 0.7089
 Site-sketch-0                      | Train Loss: 1.6150 | Train Acc: 0.5200
 Site-sketch-1                      | Train Loss: 1.6017 | Train Acc: 0.4844
Average Train Accuracy: 0.7311
 Best site-photo-0                   | Epoch:2 | Val Acc: 0.9667
 Best site-photo-1                   | Epoch:2 | Val Acc: 0.9867
 Best site-art_painting-0            | Epoch:2 | Val Acc: 0.6867
 Best site-art_painting-1            | Epoch:2 | Val Acc: 0.7756
 Best site-cartoon-0                 | Epoch:2 | Val Acc: 0.7200
 Best site-cartoon-1                 | Epoch:2 | Val Acc: 0.7089
 Best site-sketch-0                  | Epoch:2 | Val Acc: 0.5200
 Best site-sketch-1                  | Epoch:2 | Val Acc: 0.4844
 Saving the local and server checkpoint to ../checkpoint/fed_pacs_even_1.0_1/fedavg...
============ Train epoch 3 ============
 Site-photo-0                       | Train Loss: 1.0934 | Train Acc: 0.9733
 Site-photo-1                       | Train Loss: 1.0625 | Train Acc: 0.9889
 Site-art_painting-0                | Train Loss: 1.3786 | Train Acc: 0.7400
 Site-art_painting-1                | Train Loss: 1.3845 | Train Acc: 0.7956
 Site-cartoon-0                     | Train Loss: 1.4336 | Train Acc: 0.7467
 Site-cartoon-1                     | Train Loss: 1.4288 | Train Acc: 0.7644
 Site-sketch-0                      | Train Loss: 1.5525 | Train Acc: 0.4933
 Site-sketch-1                      | Train Loss: 1.5293 | Train Acc: 0.5200
Average Train Accuracy: 0.7528
 Best site-photo-0                   | Epoch:3 | Val Acc: 0.9733
 Best site-photo-1                   | Epoch:3 | Val Acc: 0.9889
 Best site-art_painting-0            | Epoch:3 | Val Acc: 0.7400
 Best site-art_painting-1            | Epoch:3 | Val Acc: 0.7956
 Best site-cartoon-0                 | Epoch:3 | Val Acc: 0.7467
 Best site-cartoon-1                 | Epoch:3 | Val Acc: 0.7644
 Best site-sketch-0                  | Epoch:3 | Val Acc: 0.4933
 Best site-sketch-1                  | Epoch:3 | Val Acc: 0.5200
 Saving the local and server checkpoint to ../checkpoint/fed_pacs_even_1.0_1/fedavg...
============ Train epoch 4 ============
 Site-photo-0                       | Train Loss: 0.9105 | Train Acc: 0.9800
 Site-photo-1                       | Train Loss: 0.9141 | Train Acc: 0.9867
 Site-art_painting-0                | Train Loss: 1.2438 | Train Acc: 0.7733
 Site-art_painting-1                | Train Loss: 1.2334 | Train Acc: 0.8133
 Site-cartoon-0                     | Train Loss: 1.3399 | Train Acc: 0.7800
 Site-cartoon-1                     | Train Loss: 1.2791 | Train Acc: 0.7800
 Site-sketch-0                      | Train Loss: 1.4735 | Train Acc: 0.5333
 Site-sketch-1                      | Train Loss: 1.4543 | Train Acc: 0.5111
Average Train Accuracy: 0.7697
 Best site-photo-0                   | Epoch:4 | Val Acc: 0.9800
 Best site-photo-1                   | Epoch:4 | Val Acc: 0.9867
 Best site-art_painting-0            | Epoch:4 | Val Acc: 0.7733
 Best site-art_painting-1            | Epoch:4 | Val Acc: 0.8133
 Best site-cartoon-0                 | Epoch:4 | Val Acc: 0.7800
 Best site-cartoon-1                 | Epoch:4 | Val Acc: 0.7800
 Best site-sketch-0                  | Epoch:4 | Val Acc: 0.5333
 Best site-sketch-1                  | Epoch:4 | Val Acc: 0.5111
 Saving the local and server checkpoint to ../checkpoint/fed_pacs_even_1.0_1/fedavg...
============ Train epoch 5 ============
 Site-photo-0                       | Train Loss: 0.7567 | Train Acc: 0.9800
 Site-photo-1                       | Train Loss: 0.7397 | Train Acc: 0.9911
 Site-art_painting-0                | Train Loss: 1.1456 | Train Acc: 0.8267
 Site-art_painting-1                | Train Loss: 1.1049 | Train Acc: 0.8400
 Site-cartoon-0                     | Train Loss: 1.2593 | Train Acc: 0.7667
 Site-cartoon-1                     | Train Loss: 1.2030 | Train Acc: 0.7600
 Site-sketch-0                      | Train Loss: 1.4376 | Train Acc: 0.5667
 Site-sketch-1                      | Train Loss: 1.3909 | Train Acc: 0.5733
Average Train Accuracy: 0.7881
 Best site-photo-0                   | Epoch:5 | Val Acc: 0.9800
 Best site-photo-1                   | Epoch:5 | Val Acc: 0.9911
 Best site-art_painting-0            | Epoch:5 | Val Acc: 0.8267
 Best site-art_painting-1            | Epoch:5 | Val Acc: 0.8400
 Best site-cartoon-0                 | Epoch:5 | Val Acc: 0.7667
 Best site-cartoon-1                 | Epoch:5 | Val Acc: 0.7600
 Best site-sketch-0                  | Epoch:5 | Val Acc: 0.5667
 Best site-sketch-1                  | Epoch:5 | Val Acc: 0.5733
 Saving the local and server checkpoint to ../checkpoint/fed_pacs_even_1.0_1/fedavg...
============ Train epoch 6 ============
 Site-photo-0                       | Train Loss: 0.6649 | Train Acc: 0.9800
 Site-photo-1                       | Train Loss: 0.6022 | Train Acc: 0.9889
 Site-art_painting-0                | Train Loss: 1.0643 | Train Acc: 0.7933
 Site-art_painting-1                | Train Loss: 1.0198 | Train Acc: 0.8489
 Site-cartoon-0                     | Train Loss: 1.1530 | Train Acc: 0.7667
 Site-cartoon-1                     | Train Loss: 1.1560 | Train Acc: 0.7911
 Site-sketch-0                      | Train Loss: 1.3700 | Train Acc: 0.5800
 Site-sketch-1                      | Train Loss: 1.3596 | Train Acc: 0.5333
Average Train Accuracy: 0.7853
============ Train epoch 7 ============
 Site-photo-0                       | Train Loss: 0.5361 | Train Acc: 0.9800
 Site-photo-1                       | Train Loss: 0.5031 | Train Acc: 0.9889
 Site-art_painting-0                | Train Loss: 0.9720 | Train Acc: 0.8000
 Site-art_painting-1                | Train Loss: 0.9272 | Train Acc: 0.8556
 Site-cartoon-0                     | Train Loss: 1.1047 | Train Acc: 0.7733
 Site-cartoon-1                     | Train Loss: 1.0764 | Train Acc: 0.7956
 Site-sketch-0                      | Train Loss: 1.3413 | Train Acc: 0.6133
 Site-sketch-1                      | Train Loss: 1.2644 | Train Acc: 0.5844
Average Train Accuracy: 0.7989
 Best site-photo-0                   | Epoch:7 | Val Acc: 0.9800
 Best site-photo-1                   | Epoch:7 | Val Acc: 0.9889
 Best site-art_painting-0            | Epoch:7 | Val Acc: 0.8000
 Best site-art_painting-1            | Epoch:7 | Val Acc: 0.8556
 Best site-cartoon-0                 | Epoch:7 | Val Acc: 0.7733
 Best site-cartoon-1                 | Epoch:7 | Val Acc: 0.7956
 Best site-sketch-0                  | Epoch:7 | Val Acc: 0.6133
 Best site-sketch-1                  | Epoch:7 | Val Acc: 0.5844
 Saving the local and server checkpoint to ../checkpoint/fed_pacs_even_1.0_1/fedavg...
============ Train epoch 8 ============
 Site-photo-0                       | Train Loss: 0.4675 | Train Acc: 0.9733
 Site-photo-1                       | Train Loss: 0.4188 | Train Acc: 0.9867
 Site-art_painting-0                | Train Loss: 0.9040 | Train Acc: 0.8333
 Site-art_painting-1                | Train Loss: 0.8507 | Train Acc: 0.8622
 Site-cartoon-0                     | Train Loss: 1.0532 | Train Acc: 0.7800
 Site-cartoon-1                     | Train Loss: 0.9833 | Train Acc: 0.8022
 Site-sketch-0                      | Train Loss: 1.2838 | Train Acc: 0.5733
 Site-sketch-1                      | Train Loss: 1.2262 | Train Acc: 0.5822
Average Train Accuracy: 0.7992
 Best site-photo-0                   | Epoch:8 | Val Acc: 0.9733
 Best site-photo-1                   | Epoch:8 | Val Acc: 0.9867
 Best site-art_painting-0            | Epoch:8 | Val Acc: 0.8333
 Best site-art_painting-1            | Epoch:8 | Val Acc: 0.8622
 Best site-cartoon-0                 | Epoch:8 | Val Acc: 0.7800
 Best site-cartoon-1                 | Epoch:8 | Val Acc: 0.8022
 Best site-sketch-0                  | Epoch:8 | Val Acc: 0.5733
 Best site-sketch-1                  | Epoch:8 | Val Acc: 0.5822
 Saving the local and server checkpoint to ../checkpoint/fed_pacs_even_1.0_1/fedavg...
============ Train epoch 9 ============
 Site-photo-0                       | Train Loss: 0.3960 | Train Acc: 0.9800
 Site-photo-1                       | Train Loss: 0.3558 | Train Acc: 0.9889
 Site-art_painting-0                | Train Loss: 0.8490 | Train Acc: 0.8267
 Site-art_painting-1                | Train Loss: 0.7616 | Train Acc: 0.8733
 Site-cartoon-0                     | Train Loss: 0.9876 | Train Acc: 0.7800
 Site-cartoon-1                     | Train Loss: 0.9002 | Train Acc: 0.8200
 Site-sketch-0                      | Train Loss: 1.2267 | Train Acc: 0.5933
 Site-sketch-1                      | Train Loss: 1.2080 | Train Acc: 0.5911
Average Train Accuracy: 0.8067
 Best site-photo-0                   | Epoch:9 | Val Acc: 0.9800
 Best site-photo-1                   | Epoch:9 | Val Acc: 0.9889
 Best site-art_painting-0            | Epoch:9 | Val Acc: 0.8267
 Best site-art_painting-1            | Epoch:9 | Val Acc: 0.8733
 Best site-cartoon-0                 | Epoch:9 | Val Acc: 0.7800
 Best site-cartoon-1                 | Epoch:9 | Val Acc: 0.8200
 Best site-sketch-0                  | Epoch:9 | Val Acc: 0.5933
 Best site-sketch-1                  | Epoch:9 | Val Acc: 0.5911
 Test site-photo-0                   | Epoch:9 | Test Acc: 1.0000
 Test site-photo-1                   | Epoch:9 | Test Acc: 0.9980
 Test site-art_painting-0            | Epoch:9 | Test Acc: 0.8488
 Test site-art_painting-1            | Epoch:9 | Test Acc: 0.8748
 Test site-cartoon-0                 | Epoch:9 | Test Acc: 0.7915
 Test site-cartoon-1                 | Epoch:9 | Test Acc: 0.8043
 Test site-sketch-0                  | Epoch:9 | Test Acc: 0.6336
 Test site-sketch-1                  | Epoch:9 | Test Acc: 0.5890
photo-0: 1.0000, photo-1: 0.9980, art_painting-0: 0.8488, art_painting-1: 0.8748, cartoon-0: 0.7915, cartoon-1: 0.8043, sketch-0: 0.6336, sketch-1: 0.5890, 
Average Test Accuracy(group): 0.8175, Average Test Accuracy(individual): 0.8175,
domain std=0.1401, cluster std=-1.0000, individual std=0.1401, 
 Saving the local and server checkpoint to ../checkpoint/fed_pacs_even_1.0_1/fedavg...
============ Train epoch 10 ============
 Site-photo-0                       | Train Loss: 0.3320 | Train Acc: 0.9800
 Site-photo-1                       | Train Loss: 0.2945 | Train Acc: 0.9933
 Site-art_painting-0                | Train Loss: 0.7990 | Train Acc: 0.8533
 Site-art_painting-1                | Train Loss: 0.7226 | Train Acc: 0.8822
 Site-cartoon-0                     | Train Loss: 0.9424 | Train Acc: 0.8000
 Site-cartoon-1                     | Train Loss: 0.8306 | Train Acc: 0.8311
 Site-sketch-0                      | Train Loss: 1.1779 | Train Acc: 0.6267
 Site-sketch-1                      | Train Loss: 1.1527 | Train Acc: 0.6111
Average Train Accuracy: 0.8222
 Best site-photo-0                   | Epoch:10 | Val Acc: 0.9800
 Best site-photo-1                   | Epoch:10 | Val Acc: 0.9933
 Best site-art_painting-0            | Epoch:10 | Val Acc: 0.8533
 Best site-art_painting-1            | Epoch:10 | Val Acc: 0.8822
 Best site-cartoon-0                 | Epoch:10 | Val Acc: 0.8000
 Best site-cartoon-1                 | Epoch:10 | Val Acc: 0.8311
 Best site-sketch-0                  | Epoch:10 | Val Acc: 0.6267
 Best site-sketch-1                  | Epoch:10 | Val Acc: 0.6111
 Saving the local and server checkpoint to ../checkpoint/fed_pacs_even_1.0_1/fedavg...
============ Train epoch 11 ============
 Site-photo-0                       | Train Loss: 0.3015 | Train Acc: 0.9800
 Site-photo-1                       | Train Loss: 0.2502 | Train Acc: 0.9889
 Site-art_painting-0                | Train Loss: 0.7568 | Train Acc: 0.8133
 Site-art_painting-1                | Train Loss: 0.7424 | Train Acc: 0.8600
 Site-cartoon-0                     | Train Loss: 0.9198 | Train Acc: 0.7933
 Site-cartoon-1                     | Train Loss: 0.8545 | Train Acc: 0.8244
 Site-sketch-0                      | Train Loss: 1.1899 | Train Acc: 0.6200
 Site-sketch-1                      | Train Loss: 1.1351 | Train Acc: 0.6289
Average Train Accuracy: 0.8136
============ Train epoch 12 ============
 Site-photo-0                       | Train Loss: 0.2522 | Train Acc: 0.9867
 Site-photo-1                       | Train Loss: 0.2220 | Train Acc: 0.9889
 Site-art_painting-0                | Train Loss: 0.7279 | Train Acc: 0.8400
 Site-art_painting-1                | Train Loss: 0.7271 | Train Acc: 0.8600
 Site-cartoon-0                     | Train Loss: 0.8406 | Train Acc: 0.8200
 Site-cartoon-1                     | Train Loss: 0.8347 | Train Acc: 0.8511
 Site-sketch-0                      | Train Loss: 1.1255 | Train Acc: 0.6400
 Site-sketch-1                      | Train Loss: 1.1241 | Train Acc: 0.6289
Average Train Accuracy: 0.8269
 Best site-photo-0                   | Epoch:12 | Val Acc: 0.9867
 Best site-photo-1                   | Epoch:12 | Val Acc: 0.9889
 Best site-art_painting-0            | Epoch:12 | Val Acc: 0.8400
 Best site-art_painting-1            | Epoch:12 | Val Acc: 0.8600
 Best site-cartoon-0                 | Epoch:12 | Val Acc: 0.8200
 Best site-cartoon-1                 | Epoch:12 | Val Acc: 0.8511
 Best site-sketch-0                  | Epoch:12 | Val Acc: 0.6400
 Best site-sketch-1                  | Epoch:12 | Val Acc: 0.6289
 Saving the local and server checkpoint to ../checkpoint/fed_pacs_even_1.0_1/fedavg...
============ Train epoch 13 ============
 Site-photo-0                       | Train Loss: 0.2316 | Train Acc: 0.9800
 Site-photo-1                       | Train Loss: 0.1850 | Train Acc: 0.9867
 Site-art_painting-0                | Train Loss: 0.6967 | Train Acc: 0.8400
 Site-art_painting-1                | Train Loss: 0.6355 | Train Acc: 0.8778
 Site-cartoon-0                     | Train Loss: 0.8288 | Train Acc: 0.7933
 Site-cartoon-1                     | Train Loss: 0.7852 | Train Acc: 0.8111
 Site-sketch-0                      | Train Loss: 1.1372 | Train Acc: 0.6333
 Site-sketch-1                      | Train Loss: 1.0476 | Train Acc: 0.6422
Average Train Accuracy: 0.8206
============ Train epoch 14 ============
 Site-photo-0                       | Train Loss: 0.1973 | Train Acc: 0.9933
 Site-photo-1                       | Train Loss: 0.1629 | Train Acc: 0.9933
 Site-art_painting-0                | Train Loss: 0.6618 | Train Acc: 0.8467
 Site-art_painting-1                | Train Loss: 0.6347 | Train Acc: 0.8978
 Site-cartoon-0                     | Train Loss: 0.8332 | Train Acc: 0.8067
 Site-cartoon-1                     | Train Loss: 0.7590 | Train Acc: 0.8333
 Site-sketch-0                      | Train Loss: 1.0836 | Train Acc: 0.6467
 Site-sketch-1                      | Train Loss: 1.0477 | Train Acc: 0.6067
Average Train Accuracy: 0.8281
 Best site-photo-0                   | Epoch:14 | Val Acc: 0.9933
 Best site-photo-1                   | Epoch:14 | Val Acc: 0.9933
 Best site-art_painting-0            | Epoch:14 | Val Acc: 0.8467
 Best site-art_painting-1            | Epoch:14 | Val Acc: 0.8978
 Best site-cartoon-0                 | Epoch:14 | Val Acc: 0.8067
 Best site-cartoon-1                 | Epoch:14 | Val Acc: 0.8333
 Best site-sketch-0                  | Epoch:14 | Val Acc: 0.6467
 Best site-sketch-1                  | Epoch:14 | Val Acc: 0.6067
 Saving the local and server checkpoint to ../checkpoint/fed_pacs_even_1.0_1/fedavg...
============ Train epoch 15 ============
 Site-photo-0                       | Train Loss: 0.1768 | Train Acc: 0.9867
 Site-photo-1                       | Train Loss: 0.1371 | Train Acc: 0.9933
 Site-art_painting-0                | Train Loss: 0.6243 | Train Acc: 0.8533
 Site-art_painting-1                | Train Loss: 0.5321 | Train Acc: 0.8911
 Site-cartoon-0                     | Train Loss: 0.7427 | Train Acc: 0.8267
 Site-cartoon-1                     | Train Loss: 0.7404 | Train Acc: 0.8556
 Site-sketch-0                      | Train Loss: 1.0827 | Train Acc: 0.6667
 Site-sketch-1                      | Train Loss: 1.0869 | Train Acc: 0.6600
Average Train Accuracy: 0.8417
 Best site-photo-0                   | Epoch:15 | Val Acc: 0.9867
 Best site-photo-1                   | Epoch:15 | Val Acc: 0.9933
 Best site-art_painting-0            | Epoch:15 | Val Acc: 0.8533
 Best site-art_painting-1            | Epoch:15 | Val Acc: 0.8911
 Best site-cartoon-0                 | Epoch:15 | Val Acc: 0.8267
 Best site-cartoon-1                 | Epoch:15 | Val Acc: 0.8556
 Best site-sketch-0                  | Epoch:15 | Val Acc: 0.6667
 Best site-sketch-1                  | Epoch:15 | Val Acc: 0.6600
 Saving the local and server checkpoint to ../checkpoint/fed_pacs_even_1.0_1/fedavg...
============ Train epoch 16 ============
 Site-photo-0                       | Train Loss: 0.1641 | Train Acc: 0.9800
 Site-photo-1                       | Train Loss: 0.1265 | Train Acc: 0.9911
 Site-art_painting-0                | Train Loss: 0.6007 | Train Acc: 0.8733
 Site-art_painting-1                | Train Loss: 0.5237 | Train Acc: 0.8911
 Site-cartoon-0                     | Train Loss: 0.7602 | Train Acc: 0.8200
 Site-cartoon-1                     | Train Loss: 0.6653 | Train Acc: 0.8356
 Site-sketch-0                      | Train Loss: 1.0447 | Train Acc: 0.6733
 Site-sketch-1                      | Train Loss: 1.0266 | Train Acc: 0.6378
Average Train Accuracy: 0.8378
============ Train epoch 17 ============
 Site-photo-0                       | Train Loss: 0.1482 | Train Acc: 0.9867
 Site-photo-1                       | Train Loss: 0.0976 | Train Acc: 0.9978
 Site-art_painting-0                | Train Loss: 0.6232 | Train Acc: 0.8333
 Site-art_painting-1                | Train Loss: 0.5667 | Train Acc: 0.8978
 Site-cartoon-0                     | Train Loss: 0.7180 | Train Acc: 0.8067
 Site-cartoon-1                     | Train Loss: 0.6654 | Train Acc: 0.8400
 Site-sketch-0                      | Train Loss: 1.0092 | Train Acc: 0.6600
 Site-sketch-1                      | Train Loss: 1.0153 | Train Acc: 0.6867
Average Train Accuracy: 0.8386
============ Train epoch 18 ============
 Site-photo-0                       | Train Loss: 0.1372 | Train Acc: 0.9800
 Site-photo-1                       | Train Loss: 0.1101 | Train Acc: 0.9933
 Site-art_painting-0                | Train Loss: 0.5725 | Train Acc: 0.8667
 Site-art_painting-1                | Train Loss: 0.5195 | Train Acc: 0.8889
 Site-cartoon-0                     | Train Loss: 0.6898 | Train Acc: 0.8667
 Site-cartoon-1                     | Train Loss: 0.6208 | Train Acc: 0.8733
 Site-sketch-0                      | Train Loss: 1.0384 | Train Acc: 0.6600
 Site-sketch-1                      | Train Loss: 0.9339 | Train Acc: 0.6644
Average Train Accuracy: 0.8492
 Best site-photo-0                   | Epoch:18 | Val Acc: 0.9800
 Best site-photo-1                   | Epoch:18 | Val Acc: 0.9933
 Best site-art_painting-0            | Epoch:18 | Val Acc: 0.8667
 Best site-art_painting-1            | Epoch:18 | Val Acc: 0.8889
 Best site-cartoon-0                 | Epoch:18 | Val Acc: 0.8667
 Best site-cartoon-1                 | Epoch:18 | Val Acc: 0.8733
 Best site-sketch-0                  | Epoch:18 | Val Acc: 0.6600
 Best site-sketch-1                  | Epoch:18 | Val Acc: 0.6644
 Saving the local and server checkpoint to ../checkpoint/fed_pacs_even_1.0_1/fedavg...
============ Train epoch 19 ============
 Site-photo-0                       | Train Loss: 0.1428 | Train Acc: 0.9867
 Site-photo-1                       | Train Loss: 0.0903 | Train Acc: 0.9911
 Site-art_painting-0                | Train Loss: 0.5952 | Train Acc: 0.8400
 Site-art_painting-1                | Train Loss: 0.4634 | Train Acc: 0.9022
 Site-cartoon-0                     | Train Loss: 0.6794 | Train Acc: 0.8467
 Site-cartoon-1                     | Train Loss: 0.6263 | Train Acc: 0.8444
 Site-sketch-0                      | Train Loss: 0.9920 | Train Acc: 0.7267
 Site-sketch-1                      | Train Loss: 0.9872 | Train Acc: 0.6644
Average Train Accuracy: 0.8503
 Best site-photo-0                   | Epoch:19 | Val Acc: 0.9867
 Best site-photo-1                   | Epoch:19 | Val Acc: 0.9911
 Best site-art_painting-0            | Epoch:19 | Val Acc: 0.8400
 Best site-art_painting-1            | Epoch:19 | Val Acc: 0.9022
 Best site-cartoon-0                 | Epoch:19 | Val Acc: 0.8467
 Best site-cartoon-1                 | Epoch:19 | Val Acc: 0.8444
 Best site-sketch-0                  | Epoch:19 | Val Acc: 0.7267
 Best site-sketch-1                  | Epoch:19 | Val Acc: 0.6644
 Test site-photo-0                   | Epoch:19 | Test Acc: 1.0000
 Test site-photo-1                   | Epoch:19 | Test Acc: 0.9980
 Test site-art_painting-0            | Epoch:19 | Test Acc: 0.8683
 Test site-art_painting-1            | Epoch:19 | Test Acc: 0.9138
 Test site-cartoon-0                 | Epoch:19 | Test Acc: 0.8255
 Test site-cartoon-1                 | Epoch:19 | Test Acc: 0.8270
 Test site-sketch-0                  | Epoch:19 | Test Acc: 0.6896
 Test site-sketch-1                  | Epoch:19 | Test Acc: 0.6271
photo-0: 1.0000, photo-1: 0.9980, art_painting-0: 0.8683, art_painting-1: 0.9138, cartoon-0: 0.8255, cartoon-1: 0.8270, sketch-0: 0.6896, sketch-1: 0.6271, 
Average Test Accuracy(group): 0.8437, Average Test Accuracy(individual): 0.8437,
domain std=0.1250, cluster std=-1.0000, individual std=0.1250, 
 Saving the local and server checkpoint to ../checkpoint/fed_pacs_even_1.0_1/fedavg...
============ Train epoch 20 ============
 Site-photo-0                       | Train Loss: 0.1324 | Train Acc: 0.9867
 Site-photo-1                       | Train Loss: 0.0888 | Train Acc: 0.9933
 Site-art_painting-0                | Train Loss: 0.5902 | Train Acc: 0.8467
 Site-art_painting-1                | Train Loss: 0.4666 | Train Acc: 0.9022
 Site-cartoon-0                     | Train Loss: 0.6821 | Train Acc: 0.8333
 Site-cartoon-1                     | Train Loss: 0.5850 | Train Acc: 0.8444
 Site-sketch-0                      | Train Loss: 0.9973 | Train Acc: 0.6733
 Site-sketch-1                      | Train Loss: 0.9337 | Train Acc: 0.6867
Average Train Accuracy: 0.8458
============ Train epoch 21 ============
 Site-photo-0                       | Train Loss: 0.1143 | Train Acc: 0.9867
 Site-photo-1                       | Train Loss: 0.0746 | Train Acc: 0.9933
 Site-art_painting-0                | Train Loss: 0.5096 | Train Acc: 0.8800
 Site-art_painting-1                | Train Loss: 0.4249 | Train Acc: 0.9067
 Site-cartoon-0                     | Train Loss: 0.6510 | Train Acc: 0.8333
 Site-cartoon-1                     | Train Loss: 0.6675 | Train Acc: 0.8556
 Site-sketch-0                      | Train Loss: 0.9698 | Train Acc: 0.6800
 Site-sketch-1                      | Train Loss: 0.9718 | Train Acc: 0.6800
Average Train Accuracy: 0.8519
 Best site-photo-0                   | Epoch:21 | Val Acc: 0.9867
 Best site-photo-1                   | Epoch:21 | Val Acc: 0.9933
 Best site-art_painting-0            | Epoch:21 | Val Acc: 0.8800
 Best site-art_painting-1            | Epoch:21 | Val Acc: 0.9067
 Best site-cartoon-0                 | Epoch:21 | Val Acc: 0.8333
 Best site-cartoon-1                 | Epoch:21 | Val Acc: 0.8556
 Best site-sketch-0                  | Epoch:21 | Val Acc: 0.6800
 Best site-sketch-1                  | Epoch:21 | Val Acc: 0.6800
 Saving the local and server checkpoint to ../checkpoint/fed_pacs_even_1.0_1/fedavg...
============ Train epoch 22 ============
 Site-photo-0                       | Train Loss: 0.1072 | Train Acc: 0.9867
 Site-photo-1                       | Train Loss: 0.0693 | Train Acc: 0.9911
 Site-art_painting-0                | Train Loss: 0.5189 | Train Acc: 0.8600
 Site-art_painting-1                | Train Loss: 0.4385 | Train Acc: 0.8800
 Site-cartoon-0                     | Train Loss: 0.6768 | Train Acc: 0.8133
 Site-cartoon-1                     | Train Loss: 0.5834 | Train Acc: 0.8644
 Site-sketch-0                      | Train Loss: 0.9407 | Train Acc: 0.6667
 Site-sketch-1                      | Train Loss: 0.9341 | Train Acc: 0.7222
Average Train Accuracy: 0.8481
============ Train epoch 23 ============
 Site-photo-0                       | Train Loss: 0.0979 | Train Acc: 0.9800
 Site-photo-1                       | Train Loss: 0.0590 | Train Acc: 0.9978
 Site-art_painting-0                | Train Loss: 0.5137 | Train Acc: 0.8800
 Site-art_painting-1                | Train Loss: 0.4451 | Train Acc: 0.8844
 Site-cartoon-0                     | Train Loss: 0.6202 | Train Acc: 0.8400
 Site-cartoon-1                     | Train Loss: 0.5387 | Train Acc: 0.8667
 Site-sketch-0                      | Train Loss: 0.9414 | Train Acc: 0.6933
 Site-sketch-1                      | Train Loss: 0.8671 | Train Acc: 0.6956
Average Train Accuracy: 0.8547
 Best site-photo-0                   | Epoch:23 | Val Acc: 0.9800
 Best site-photo-1                   | Epoch:23 | Val Acc: 0.9978
 Best site-art_painting-0            | Epoch:23 | Val Acc: 0.8800
 Best site-art_painting-1            | Epoch:23 | Val Acc: 0.8844
 Best site-cartoon-0                 | Epoch:23 | Val Acc: 0.8400
 Best site-cartoon-1                 | Epoch:23 | Val Acc: 0.8667
 Best site-sketch-0                  | Epoch:23 | Val Acc: 0.6933
 Best site-sketch-1                  | Epoch:23 | Val Acc: 0.6956
 Saving the local and server checkpoint to ../checkpoint/fed_pacs_even_1.0_1/fedavg...
============ Train epoch 24 ============
 Site-photo-0                       | Train Loss: 0.1033 | Train Acc: 0.9867
 Site-photo-1                       | Train Loss: 0.0616 | Train Acc: 0.9911
 Site-art_painting-0                | Train Loss: 0.5238 | Train Acc: 0.8400
 Site-art_painting-1                | Train Loss: 0.3989 | Train Acc: 0.8956
 Site-cartoon-0                     | Train Loss: 0.6026 | Train Acc: 0.8667
 Site-cartoon-1                     | Train Loss: 0.5112 | Train Acc: 0.8711
 Site-sketch-0                      | Train Loss: 0.9319 | Train Acc: 0.6933
 Site-sketch-1                      | Train Loss: 0.9022 | Train Acc: 0.7022
Average Train Accuracy: 0.8558
 Best site-photo-0                   | Epoch:24 | Val Acc: 0.9867
 Best site-photo-1                   | Epoch:24 | Val Acc: 0.9911
 Best site-art_painting-0            | Epoch:24 | Val Acc: 0.8400
 Best site-art_painting-1            | Epoch:24 | Val Acc: 0.8956
 Best site-cartoon-0                 | Epoch:24 | Val Acc: 0.8667
 Best site-cartoon-1                 | Epoch:24 | Val Acc: 0.8711
 Best site-sketch-0                  | Epoch:24 | Val Acc: 0.6933
 Best site-sketch-1                  | Epoch:24 | Val Acc: 0.7022
 Saving the local and server checkpoint to ../checkpoint/fed_pacs_even_1.0_1/fedavg...
============ Train epoch 25 ============
 Site-photo-0                       | Train Loss: 0.0828 | Train Acc: 0.9867
 Site-photo-1                       | Train Loss: 0.0576 | Train Acc: 0.9933
 Site-art_painting-0                | Train Loss: 0.5106 | Train Acc: 0.8533
 Site-art_painting-1                | Train Loss: 0.4757 | Train Acc: 0.8911
 Site-cartoon-0                     | Train Loss: 0.6471 | Train Acc: 0.8333
 Site-cartoon-1                     | Train Loss: 0.5139 | Train Acc: 0.8867
 Site-sketch-0                      | Train Loss: 0.9100 | Train Acc: 0.6933
 Site-sketch-1                      | Train Loss: 0.8748 | Train Acc: 0.6756
Average Train Accuracy: 0.8517
============ Train epoch 26 ============
 Site-photo-0                       | Train Loss: 0.1108 | Train Acc: 0.9800
 Site-photo-1                       | Train Loss: 0.0374 | Train Acc: 1.0000
 Site-art_painting-0                | Train Loss: 0.4503 | Train Acc: 0.8933
 Site-art_painting-1                | Train Loss: 0.3879 | Train Acc: 0.9156
 Site-cartoon-0                     | Train Loss: 0.6313 | Train Acc: 0.8267
 Site-cartoon-1                     | Train Loss: 0.5588 | Train Acc: 0.8622
 Site-sketch-0                      | Train Loss: 0.9723 | Train Acc: 0.7133
 Site-sketch-1                      | Train Loss: 0.9154 | Train Acc: 0.6889
Average Train Accuracy: 0.8600
 Best site-photo-0                   | Epoch:26 | Val Acc: 0.9800
 Best site-photo-1                   | Epoch:26 | Val Acc: 1.0000
 Best site-art_painting-0            | Epoch:26 | Val Acc: 0.8933
 Best site-art_painting-1            | Epoch:26 | Val Acc: 0.9156
 Best site-cartoon-0                 | Epoch:26 | Val Acc: 0.8267
 Best site-cartoon-1                 | Epoch:26 | Val Acc: 0.8622
 Best site-sketch-0                  | Epoch:26 | Val Acc: 0.7133
 Best site-sketch-1                  | Epoch:26 | Val Acc: 0.6889
 Saving the local and server checkpoint to ../checkpoint/fed_pacs_even_1.0_1/fedavg...
============ Train epoch 27 ============
 Site-photo-0                       | Train Loss: 0.1111 | Train Acc: 0.9733
 Site-photo-1                       | Train Loss: 0.0499 | Train Acc: 0.9911
 Site-art_painting-0                | Train Loss: 0.4562 | Train Acc: 0.8733
 Site-art_painting-1                | Train Loss: 0.3792 | Train Acc: 0.8933
 Site-cartoon-0                     | Train Loss: 0.6470 | Train Acc: 0.8333
 Site-cartoon-1                     | Train Loss: 0.4793 | Train Acc: 0.8822
 Site-sketch-0                      | Train Loss: 0.9508 | Train Acc: 0.7000
 Site-sketch-1                      | Train Loss: 0.8493 | Train Acc: 0.6956
Average Train Accuracy: 0.8553
============ Train epoch 28 ============
 Site-photo-0                       | Train Loss: 0.1005 | Train Acc: 0.9800
 Site-photo-1                       | Train Loss: 0.0532 | Train Acc: 0.9911
 Site-art_painting-0                | Train Loss: 0.4676 | Train Acc: 0.8667
 Site-art_painting-1                | Train Loss: 0.3648 | Train Acc: 0.8911
 Site-cartoon-0                     | Train Loss: 0.5823 | Train Acc: 0.8533
 Site-cartoon-1                     | Train Loss: 0.5126 | Train Acc: 0.8778
 Site-sketch-0                      | Train Loss: 0.8477 | Train Acc: 0.7133
 Site-sketch-1                      | Train Loss: 0.8853 | Train Acc: 0.7000
Average Train Accuracy: 0.8592
============ Train epoch 29 ============
 Site-photo-0                       | Train Loss: 0.0931 | Train Acc: 0.9733
 Site-photo-1                       | Train Loss: 0.0417 | Train Acc: 0.9956
 Site-art_painting-0                | Train Loss: 0.4432 | Train Acc: 0.8933
 Site-art_painting-1                | Train Loss: 0.3680 | Train Acc: 0.8911
 Site-cartoon-0                     | Train Loss: 0.6083 | Train Acc: 0.8333
 Site-cartoon-1                     | Train Loss: 0.5737 | Train Acc: 0.8756
 Site-sketch-0                      | Train Loss: 0.9104 | Train Acc: 0.7067
 Site-sketch-1                      | Train Loss: 0.8444 | Train Acc: 0.7178
Average Train Accuracy: 0.8608
 Best site-photo-0                   | Epoch:29 | Val Acc: 0.9733
 Best site-photo-1                   | Epoch:29 | Val Acc: 0.9956
 Best site-art_painting-0            | Epoch:29 | Val Acc: 0.8933
 Best site-art_painting-1            | Epoch:29 | Val Acc: 0.8911
 Best site-cartoon-0                 | Epoch:29 | Val Acc: 0.8333
 Best site-cartoon-1                 | Epoch:29 | Val Acc: 0.8756
 Best site-sketch-0                  | Epoch:29 | Val Acc: 0.7067
 Best site-sketch-1                  | Epoch:29 | Val Acc: 0.7178
 Test site-photo-0                   | Epoch:29 | Test Acc: 1.0000
 Test site-photo-1                   | Epoch:29 | Test Acc: 0.9980
 Test site-art_painting-0            | Epoch:29 | Test Acc: 0.8878
 Test site-art_painting-1            | Epoch:29 | Test Acc: 0.9138
 Test site-cartoon-0                 | Epoch:29 | Test Acc: 0.8511
 Test site-cartoon-1                 | Epoch:29 | Test Acc: 0.8284
 Test site-sketch-0                  | Epoch:29 | Test Acc: 0.7125
 Test site-sketch-1                  | Epoch:29 | Test Acc: 0.6644
photo-0: 1.0000, photo-1: 0.9980, art_painting-0: 0.8878, art_painting-1: 0.9138, cartoon-0: 0.8511, cartoon-1: 0.8284, sketch-0: 0.7125, sketch-1: 0.6644, 
Average Test Accuracy(group): 0.8570, Average Test Accuracy(individual): 0.8570,
domain std=0.1137, cluster std=-1.0000, individual std=0.1137, 
 Saving the local and server checkpoint to ../checkpoint/fed_pacs_even_1.0_1/fedavg...
============ Train epoch 30 ============
 Site-photo-0                       | Train Loss: 0.0983 | Train Acc: 0.9800
 Site-photo-1                       | Train Loss: 0.0402 | Train Acc: 0.9956
 Site-art_painting-0                | Train Loss: 0.4091 | Train Acc: 0.8733
 Site-art_painting-1                | Train Loss: 0.3392 | Train Acc: 0.9156
 Site-cartoon-0                     | Train Loss: 0.5996 | Train Acc: 0.8133
 Site-cartoon-1                     | Train Loss: 0.5022 | Train Acc: 0.8778
 Site-sketch-0                      | Train Loss: 0.8488 | Train Acc: 0.7267
 Site-sketch-1                      | Train Loss: 0.8709 | Train Acc: 0.7200
Average Train Accuracy: 0.8628
 Best site-photo-0                   | Epoch:30 | Val Acc: 0.9800
 Best site-photo-1                   | Epoch:30 | Val Acc: 0.9956
 Best site-art_painting-0            | Epoch:30 | Val Acc: 0.8733
 Best site-art_painting-1            | Epoch:30 | Val Acc: 0.9156
 Best site-cartoon-0                 | Epoch:30 | Val Acc: 0.8133
 Best site-cartoon-1                 | Epoch:30 | Val Acc: 0.8778
 Best site-sketch-0                  | Epoch:30 | Val Acc: 0.7267
 Best site-sketch-1                  | Epoch:30 | Val Acc: 0.7200
 Saving the local and server checkpoint to ../checkpoint/fed_pacs_even_1.0_1/fedavg...
============ Train epoch 31 ============
 Site-photo-0                       | Train Loss: 0.0784 | Train Acc: 0.9867
 Site-photo-1                       | Train Loss: 0.0430 | Train Acc: 0.9911
 Site-art_painting-0                | Train Loss: 0.4158 | Train Acc: 0.8933
 Site-art_painting-1                | Train Loss: 0.3535 | Train Acc: 0.9022
 Site-cartoon-0                     | Train Loss: 0.5686 | Train Acc: 0.8467
 Site-cartoon-1                     | Train Loss: 0.4725 | Train Acc: 0.8933
 Site-sketch-0                      | Train Loss: 0.8744 | Train Acc: 0.6867
 Site-sketch-1                      | Train Loss: 0.8639 | Train Acc: 0.7356
Average Train Accuracy: 0.8669
 Best site-photo-0                   | Epoch:31 | Val Acc: 0.9867
 Best site-photo-1                   | Epoch:31 | Val Acc: 0.9911
 Best site-art_painting-0            | Epoch:31 | Val Acc: 0.8933
 Best site-art_painting-1            | Epoch:31 | Val Acc: 0.9022
 Best site-cartoon-0                 | Epoch:31 | Val Acc: 0.8467
 Best site-cartoon-1                 | Epoch:31 | Val Acc: 0.8933
 Best site-sketch-0                  | Epoch:31 | Val Acc: 0.6867
 Best site-sketch-1                  | Epoch:31 | Val Acc: 0.7356
 Saving the local and server checkpoint to ../checkpoint/fed_pacs_even_1.0_1/fedavg...
============ Train epoch 32 ============
 Site-photo-0                       | Train Loss: 0.0852 | Train Acc: 0.9867
 Site-photo-1                       | Train Loss: 0.0380 | Train Acc: 0.9978
 Site-art_painting-0                | Train Loss: 0.4419 | Train Acc: 0.8800
 Site-art_painting-1                | Train Loss: 0.3837 | Train Acc: 0.9156
 Site-cartoon-0                     | Train Loss: 0.5713 | Train Acc: 0.8533
 Site-cartoon-1                     | Train Loss: 0.4451 | Train Acc: 0.8889
 Site-sketch-0                      | Train Loss: 0.8804 | Train Acc: 0.7333
 Site-sketch-1                      | Train Loss: 0.8351 | Train Acc: 0.7422
Average Train Accuracy: 0.8747
 Best site-photo-0                   | Epoch:32 | Val Acc: 0.9867
 Best site-photo-1                   | Epoch:32 | Val Acc: 0.9978
 Best site-art_painting-0            | Epoch:32 | Val Acc: 0.8800
 Best site-art_painting-1            | Epoch:32 | Val Acc: 0.9156
 Best site-cartoon-0                 | Epoch:32 | Val Acc: 0.8533
 Best site-cartoon-1                 | Epoch:32 | Val Acc: 0.8889
 Best site-sketch-0                  | Epoch:32 | Val Acc: 0.7333
 Best site-sketch-1                  | Epoch:32 | Val Acc: 0.7422
 Saving the local and server checkpoint to ../checkpoint/fed_pacs_even_1.0_1/fedavg...
============ Train epoch 33 ============
 Site-photo-0                       | Train Loss: 0.0710 | Train Acc: 0.9800
 Site-photo-1                       | Train Loss: 0.0414 | Train Acc: 0.9933
 Site-art_painting-0                | Train Loss: 0.4909 | Train Acc: 0.8467
 Site-art_painting-1                | Train Loss: 0.3174 | Train Acc: 0.9111
 Site-cartoon-0                     | Train Loss: 0.5242 | Train Acc: 0.8467
 Site-cartoon-1                     | Train Loss: 0.4470 | Train Acc: 0.8956
 Site-sketch-0                      | Train Loss: 0.8605 | Train Acc: 0.6867
 Site-sketch-1                      | Train Loss: 0.8160 | Train Acc: 0.7444
Average Train Accuracy: 0.8631
============ Train epoch 34 ============
 Site-photo-0                       | Train Loss: 0.0698 | Train Acc: 0.9867
 Site-photo-1                       | Train Loss: 0.0409 | Train Acc: 0.9933
 Site-art_painting-0                | Train Loss: 0.4646 | Train Acc: 0.8800
 Site-art_painting-1                | Train Loss: 0.3420 | Train Acc: 0.9222
 Site-cartoon-0                     | Train Loss: 0.5491 | Train Acc: 0.8533
 Site-cartoon-1                     | Train Loss: 0.4232 | Train Acc: 0.8822
 Site-sketch-0                      | Train Loss: 0.8035 | Train Acc: 0.7133
 Site-sketch-1                      | Train Loss: 0.7998 | Train Acc: 0.7311
Average Train Accuracy: 0.8703
============ Train epoch 35 ============
 Site-photo-0                       | Train Loss: 0.0724 | Train Acc: 0.9800
 Site-photo-1                       | Train Loss: 0.0344 | Train Acc: 0.9933
 Site-art_painting-0                | Train Loss: 0.3981 | Train Acc: 0.9000
 Site-art_painting-1                | Train Loss: 0.3044 | Train Acc: 0.9222
 Site-cartoon-0                     | Train Loss: 0.5535 | Train Acc: 0.8400
 Site-cartoon-1                     | Train Loss: 0.4684 | Train Acc: 0.8756
 Site-sketch-0                      | Train Loss: 0.8138 | Train Acc: 0.7133
 Site-sketch-1                      | Train Loss: 0.8397 | Train Acc: 0.7222
Average Train Accuracy: 0.8683
============ Train epoch 36 ============
 Site-photo-0                       | Train Loss: 0.0898 | Train Acc: 0.9733
 Site-photo-1                       | Train Loss: 0.0327 | Train Acc: 0.9933
 Site-art_painting-0                | Train Loss: 0.4370 | Train Acc: 0.8667
 Site-art_painting-1                | Train Loss: 0.3830 | Train Acc: 0.9111
 Site-cartoon-0                     | Train Loss: 0.4975 | Train Acc: 0.8467
 Site-cartoon-1                     | Train Loss: 0.4357 | Train Acc: 0.8911
 Site-sketch-0                      | Train Loss: 0.8452 | Train Acc: 0.7267
 Site-sketch-1                      | Train Loss: 0.8029 | Train Acc: 0.7311
Average Train Accuracy: 0.8675
============ Train epoch 37 ============
 Site-photo-0                       | Train Loss: 0.0616 | Train Acc: 0.9933
 Site-photo-1                       | Train Loss: 0.0331 | Train Acc: 0.9911
 Site-art_painting-0                | Train Loss: 0.3924 | Train Acc: 0.9000
 Site-art_painting-1                | Train Loss: 0.2788 | Train Acc: 0.9333
 Site-cartoon-0                     | Train Loss: 0.4987 | Train Acc: 0.8533
 Site-cartoon-1                     | Train Loss: 0.4117 | Train Acc: 0.8933
 Site-sketch-0                      | Train Loss: 0.8181 | Train Acc: 0.7067
 Site-sketch-1                      | Train Loss: 0.7459 | Train Acc: 0.7489
Average Train Accuracy: 0.8775
 Best site-photo-0                   | Epoch:37 | Val Acc: 0.9933
 Best site-photo-1                   | Epoch:37 | Val Acc: 0.9911
 Best site-art_painting-0            | Epoch:37 | Val Acc: 0.9000
 Best site-art_painting-1            | Epoch:37 | Val Acc: 0.9333
 Best site-cartoon-0                 | Epoch:37 | Val Acc: 0.8533
 Best site-cartoon-1                 | Epoch:37 | Val Acc: 0.8933
 Best site-sketch-0                  | Epoch:37 | Val Acc: 0.7067
 Best site-sketch-1                  | Epoch:37 | Val Acc: 0.7489
 Saving the local and server checkpoint to ../checkpoint/fed_pacs_even_1.0_1/fedavg...
============ Train epoch 38 ============
 Site-photo-0                       | Train Loss: 0.0688 | Train Acc: 0.9800
 Site-photo-1                       | Train Loss: 0.0292 | Train Acc: 0.9978
 Site-art_painting-0                | Train Loss: 0.4240 | Train Acc: 0.8667
 Site-art_painting-1                | Train Loss: 0.3245 | Train Acc: 0.9267
 Site-cartoon-0                     | Train Loss: 0.5615 | Train Acc: 0.8067
 Site-cartoon-1                     | Train Loss: 0.4253 | Train Acc: 0.9000
 Site-sketch-0                      | Train Loss: 0.7852 | Train Acc: 0.7200
 Site-sketch-1                      | Train Loss: 0.7848 | Train Acc: 0.7556
Average Train Accuracy: 0.8692
============ Train epoch 39 ============
 Site-photo-0                       | Train Loss: 0.0614 | Train Acc: 0.9867
 Site-photo-1                       | Train Loss: 0.0260 | Train Acc: 0.9956
 Site-art_painting-0                | Train Loss: 0.3841 | Train Acc: 0.9000
 Site-art_painting-1                | Train Loss: 0.3304 | Train Acc: 0.9244
 Site-cartoon-0                     | Train Loss: 0.5196 | Train Acc: 0.8533
 Site-cartoon-1                     | Train Loss: 0.4059 | Train Acc: 0.8933
 Site-sketch-0                      | Train Loss: 0.8015 | Train Acc: 0.7600
 Site-sketch-1                      | Train Loss: 0.7912 | Train Acc: 0.7289
Average Train Accuracy: 0.8803
 Best site-photo-0                   | Epoch:39 | Val Acc: 0.9867
 Best site-photo-1                   | Epoch:39 | Val Acc: 0.9956
 Best site-art_painting-0            | Epoch:39 | Val Acc: 0.9000
 Best site-art_painting-1            | Epoch:39 | Val Acc: 0.9244
 Best site-cartoon-0                 | Epoch:39 | Val Acc: 0.8533
 Best site-cartoon-1                 | Epoch:39 | Val Acc: 0.8933
 Best site-sketch-0                  | Epoch:39 | Val Acc: 0.7600
 Best site-sketch-1                  | Epoch:39 | Val Acc: 0.7289
 Test site-photo-0                   | Epoch:39 | Test Acc: 1.0000
 Test site-photo-1                   | Epoch:39 | Test Acc: 1.0000
 Test site-art_painting-0            | Epoch:39 | Test Acc: 0.8878
 Test site-art_painting-1            | Epoch:39 | Test Acc: 0.9220
 Test site-cartoon-0                 | Epoch:39 | Test Acc: 0.8596
 Test site-cartoon-1                 | Epoch:39 | Test Acc: 0.8369
 Test site-sketch-0                  | Epoch:39 | Test Acc: 0.7328
 Test site-sketch-1                  | Epoch:39 | Test Acc: 0.6873
photo-0: 1.0000, photo-1: 1.0000, art_painting-0: 0.8878, art_painting-1: 0.9220, cartoon-0: 0.8596, cartoon-1: 0.8369, sketch-0: 0.7328, sketch-1: 0.6873, 
Average Test Accuracy(group): 0.8658, Average Test Accuracy(individual): 0.8658,
domain std=0.1061, cluster std=-1.0000, individual std=0.1061, 
 Saving the local and server checkpoint to ../checkpoint/fed_pacs_even_1.0_1/fedavg...
============ Train epoch 40 ============
 Site-photo-0                       | Train Loss: 0.0518 | Train Acc: 0.9867
 Site-photo-1                       | Train Loss: 0.0381 | Train Acc: 0.9933
 Site-art_painting-0                | Train Loss: 0.3585 | Train Acc: 0.9000
 Site-art_painting-1                | Train Loss: 0.2581 | Train Acc: 0.9378
 Site-cartoon-0                     | Train Loss: 0.4897 | Train Acc: 0.8800
 Site-cartoon-1                     | Train Loss: 0.4407 | Train Acc: 0.9067
 Site-sketch-0                      | Train Loss: 0.8059 | Train Acc: 0.7133
 Site-sketch-1                      | Train Loss: 0.7390 | Train Acc: 0.7244
Average Train Accuracy: 0.8803
============ Train epoch 41 ============
 Site-photo-0                       | Train Loss: 0.0553 | Train Acc: 0.9933
 Site-photo-1                       | Train Loss: 0.0222 | Train Acc: 0.9978
 Site-art_painting-0                | Train Loss: 0.4165 | Train Acc: 0.8800
 Site-art_painting-1                | Train Loss: 0.3005 | Train Acc: 0.9311
 Site-cartoon-0                     | Train Loss: 0.5613 | Train Acc: 0.8400
 Site-cartoon-1                     | Train Loss: 0.4064 | Train Acc: 0.8956
 Site-sketch-0                      | Train Loss: 0.7890 | Train Acc: 0.7333
 Site-sketch-1                      | Train Loss: 0.7434 | Train Acc: 0.7622
Average Train Accuracy: 0.8792
============ Train epoch 42 ============
 Site-photo-0                       | Train Loss: 0.0572 | Train Acc: 0.9800
 Site-photo-1                       | Train Loss: 0.0189 | Train Acc: 0.9978
 Site-art_painting-0                | Train Loss: 0.3620 | Train Acc: 0.8933
 Site-art_painting-1                | Train Loss: 0.2777 | Train Acc: 0.9267
 Site-cartoon-0                     | Train Loss: 0.5159 | Train Acc: 0.8467
 Site-cartoon-1                     | Train Loss: 0.3693 | Train Acc: 0.8933
 Site-sketch-0                      | Train Loss: 0.7716 | Train Acc: 0.7267
 Site-sketch-1                      | Train Loss: 0.7966 | Train Acc: 0.7267
Average Train Accuracy: 0.8739
============ Train epoch 43 ============
 Site-photo-0                       | Train Loss: 0.0433 | Train Acc: 0.9933
 Site-photo-1                       | Train Loss: 0.0260 | Train Acc: 0.9933
 Site-art_painting-0                | Train Loss: 0.3953 | Train Acc: 0.8800
 Site-art_painting-1                | Train Loss: 0.3653 | Train Acc: 0.9400
 Site-cartoon-0                     | Train Loss: 0.4879 | Train Acc: 0.9000
 Site-cartoon-1                     | Train Loss: 0.4315 | Train Acc: 0.8956
 Site-sketch-0                      | Train Loss: 0.7910 | Train Acc: 0.7133
 Site-sketch-1                      | Train Loss: 0.7121 | Train Acc: 0.7533
Average Train Accuracy: 0.8836
 Best site-photo-0                   | Epoch:43 | Val Acc: 0.9933
 Best site-photo-1                   | Epoch:43 | Val Acc: 0.9933
 Best site-art_painting-0            | Epoch:43 | Val Acc: 0.8800
 Best site-art_painting-1            | Epoch:43 | Val Acc: 0.9400
 Best site-cartoon-0                 | Epoch:43 | Val Acc: 0.9000
 Best site-cartoon-1                 | Epoch:43 | Val Acc: 0.8956
 Best site-sketch-0                  | Epoch:43 | Val Acc: 0.7133
 Best site-sketch-1                  | Epoch:43 | Val Acc: 0.7533
 Saving the local and server checkpoint to ../checkpoint/fed_pacs_even_1.0_1/fedavg...
============ Train epoch 44 ============
 Site-photo-0                       | Train Loss: 0.0593 | Train Acc: 0.9867
 Site-photo-1                       | Train Loss: 0.0272 | Train Acc: 0.9933
 Site-art_painting-0                | Train Loss: 0.3950 | Train Acc: 0.8800
 Site-art_painting-1                | Train Loss: 0.3051 | Train Acc: 0.9200
 Site-cartoon-0                     | Train Loss: 0.5205 | Train Acc: 0.8600
 Site-cartoon-1                     | Train Loss: 0.3856 | Train Acc: 0.9000
 Site-sketch-0                      | Train Loss: 0.8107 | Train Acc: 0.7267
 Site-sketch-1                      | Train Loss: 0.7309 | Train Acc: 0.7556
Average Train Accuracy: 0.8778
============ Train epoch 45 ============
 Site-photo-0                       | Train Loss: 0.0429 | Train Acc: 0.9933
 Site-photo-1                       | Train Loss: 0.0277 | Train Acc: 0.9911
 Site-art_painting-0                | Train Loss: 0.4288 | Train Acc: 0.8800
 Site-art_painting-1                | Train Loss: 0.2768 | Train Acc: 0.9289
 Site-cartoon-0                     | Train Loss: 0.4637 | Train Acc: 0.8600
 Site-cartoon-1                     | Train Loss: 0.3926 | Train Acc: 0.8889
 Site-sketch-0                      | Train Loss: 0.7434 | Train Acc: 0.7467
 Site-sketch-1                      | Train Loss: 0.6965 | Train Acc: 0.7622
Average Train Accuracy: 0.8814
============ Train epoch 46 ============
 Site-photo-0                       | Train Loss: 0.0601 | Train Acc: 0.9800
 Site-photo-1                       | Train Loss: 0.0229 | Train Acc: 0.9978
 Site-art_painting-0                | Train Loss: 0.3837 | Train Acc: 0.9067
 Site-art_painting-1                | Train Loss: 0.2688 | Train Acc: 0.9311
 Site-cartoon-0                     | Train Loss: 0.4746 | Train Acc: 0.8533
 Site-cartoon-1                     | Train Loss: 0.3731 | Train Acc: 0.9000
 Site-sketch-0                      | Train Loss: 0.7267 | Train Acc: 0.7467
 Site-sketch-1                      | Train Loss: 0.7790 | Train Acc: 0.7533
Average Train Accuracy: 0.8836
============ Train epoch 47 ============
 Site-photo-0                       | Train Loss: 0.0530 | Train Acc: 0.9867
 Site-photo-1                       | Train Loss: 0.0292 | Train Acc: 0.9911
 Site-art_painting-0                | Train Loss: 0.3922 | Train Acc: 0.8800
 Site-art_painting-1                | Train Loss: 0.2558 | Train Acc: 0.9200
 Site-cartoon-0                     | Train Loss: 0.4815 | Train Acc: 0.8733
 Site-cartoon-1                     | Train Loss: 0.3634 | Train Acc: 0.9067
 Site-sketch-0                      | Train Loss: 0.7772 | Train Acc: 0.7267
 Site-sketch-1                      | Train Loss: 0.7383 | Train Acc: 0.7644
Average Train Accuracy: 0.8811
============ Train epoch 48 ============
 Site-photo-0                       | Train Loss: 0.0724 | Train Acc: 0.9867
 Site-photo-1                       | Train Loss: 0.0313 | Train Acc: 0.9911
 Site-art_painting-0                | Train Loss: 0.3998 | Train Acc: 0.8867
 Site-art_painting-1                | Train Loss: 0.2609 | Train Acc: 0.9356
 Site-cartoon-0                     | Train Loss: 0.4900 | Train Acc: 0.8400
 Site-cartoon-1                     | Train Loss: 0.3778 | Train Acc: 0.9044
 Site-sketch-0                      | Train Loss: 0.7854 | Train Acc: 0.7400
 Site-sketch-1                      | Train Loss: 0.7374 | Train Acc: 0.7267
Average Train Accuracy: 0.8764
============ Train epoch 49 ============
 Site-photo-0                       | Train Loss: 0.0404 | Train Acc: 0.9867
 Site-photo-1                       | Train Loss: 0.0342 | Train Acc: 0.9911
 Site-art_painting-0                | Train Loss: 0.4370 | Train Acc: 0.8600
 Site-art_painting-1                | Train Loss: 0.2740 | Train Acc: 0.9356
 Site-cartoon-0                     | Train Loss: 0.4415 | Train Acc: 0.8867
 Site-cartoon-1                     | Train Loss: 0.3659 | Train Acc: 0.9000
 Site-sketch-0                      | Train Loss: 0.7595 | Train Acc: 0.7267
 Site-sketch-1                      | Train Loss: 0.6936 | Train Acc: 0.7844
Average Train Accuracy: 0.8839
 Best site-photo-0                   | Epoch:49 | Val Acc: 0.9867
 Best site-photo-1                   | Epoch:49 | Val Acc: 0.9911
 Best site-art_painting-0            | Epoch:49 | Val Acc: 0.8600
 Best site-art_painting-1            | Epoch:49 | Val Acc: 0.9356
 Best site-cartoon-0                 | Epoch:49 | Val Acc: 0.8867
 Best site-cartoon-1                 | Epoch:49 | Val Acc: 0.9000
 Best site-sketch-0                  | Epoch:49 | Val Acc: 0.7267
 Best site-sketch-1                  | Epoch:49 | Val Acc: 0.7844
 Test site-photo-0                   | Epoch:49 | Test Acc: 1.0000
 Test site-photo-1                   | Epoch:49 | Test Acc: 1.0000
 Test site-art_painting-0            | Epoch:49 | Test Acc: 0.9073
 Test site-art_painting-1            | Epoch:49 | Test Acc: 0.9301
 Test site-cartoon-0                 | Epoch:49 | Test Acc: 0.8681
 Test site-cartoon-1                 | Epoch:49 | Test Acc: 0.8482
 Test site-sketch-0                  | Epoch:49 | Test Acc: 0.7659
 Test site-sketch-1                  | Epoch:49 | Test Acc: 0.7153
photo-0: 1.0000, photo-1: 1.0000, art_painting-0: 0.9073, art_painting-1: 0.9301, cartoon-0: 0.8681, cartoon-1: 0.8482, sketch-0: 0.7659, sketch-1: 0.7153, 
Average Test Accuracy(group): 0.8794, Average Test Accuracy(individual): 0.8794,
domain std=0.0958, cluster std=-1.0000, individual std=0.0958, 
 Saving the local and server checkpoint to ../checkpoint/fed_pacs_even_1.0_1/fedavg...
===2023-08-16 18:42:07===
