===2023-08-16 16:58:15===
===Setting===
    dataset: pacs
    lr: 0.01
    batch: 32
    iters: 50
    wk_iters: 1
    domain_num: 4
data_number=[150,450,150,450,150,450,150,450,
client_nums=[2,2,2,2,]
len_dataset=[1000,1000,1000,1000,]
domain number = 4
Loading snapshots...
 Test site-photo                     | Epoch:42 | Test Acc: 0.9985
 Test site-art_painting              | Epoch:42 | Test Acc: 0.9342
 Test site-cartoon                   | Epoch:42 | Test Acc: 0.8936
 Test site-sketch                    | Epoch:42 | Test Acc: 0.7738
photo: 0.9985, art_painting: 0.9342, cartoon: 0.8936, sketch: 0.7738, 
Average Test Accuracy(group): 0.9000, Average Test Accuracy(individual): 0.9000,
domain std=0.0819, cluster std=-1.0000, individual std=0.0819, 
===2023-08-16 17:11:38===
===Setting===
    dataset: pacs
    lr: 0.01
    batch: 32
    iters: 50
    wk_iters: 1
    domain_num: 4
data_number=[150,450,150,450,150,450,150,450,
client_nums=[2,2,2,2,]
len_dataset=[1000,1000,1000,1000,]
domain number = 4
Loading snapshots...
 Test site-photo-0                   | Epoch:42 | Test Acc: 1.0000
 Test site-photo-1                   | Epoch:42 | Test Acc: 0.9980
 Test site-art_painting-0            | Epoch:42 | Test Acc: 0.9415
 Test site-art_painting-1            | Epoch:42 | Test Acc: 0.9317
 Test site-cartoon-0                 | Epoch:42 | Test Acc: 0.9106
 Test site-cartoon-1                 | Epoch:42 | Test Acc: 0.8879
 Test site-sketch-0                  | Epoch:42 | Test Acc: 0.7939
 Test site-sketch-1                  | Epoch:42 | Test Acc: 0.7669
photo-0: 1.0000, photo-1: 0.9980, art_painting-0: 0.9415, art_painting-1: 0.9317, cartoon-0: 0.9106, cartoon-1: 0.8879, sketch-0: 0.7939, sketch-1: 0.7669, 
Average Test Accuracy(group): 0.9038, Average Test Accuracy(individual): 0.9038,
domain std=0.0802, cluster std=-1.0000, individual std=0.0802, 
