===2023-08-16 16:54:01===
===Setting===
    dataset: pacs
    lr: 0.01
    batch: 32
    iters: 50
    wk_iters: 1
    domain_num: 4
data_number=[150,450,150,450,150,450,150,450,
client_nums=[2,2,2,2,]
len_dataset=[1000,1000,1000,1000,]
domain number = 4
Loading snapshots...
 Test site-photo                     | Epoch:45 | Test Acc: 1.0000
 Test site-art_painting              | Epoch:45 | Test Acc: 0.8977
 Test site-cartoon                   | Epoch:45 | Test Acc: 0.8234
 Test site-sketch                    | Epoch:45 | Test Acc: 0.6550
photo: 1.0000, art_painting: 0.8977, cartoon: 0.8234, sketch: 0.6550, 
Average Test Accuracy(group): 0.8440, Average Test Accuracy(individual): 0.8440,
domain std=0.1259, cluster std=-1.0000, individual std=0.1259, 
===2023-08-16 17:05:13===
===Setting===
    dataset: pacs
    lr: 0.01
    batch: 32
    iters: 50
    wk_iters: 1
    domain_num: 4
===2023-08-16 17:07:27===
===Setting===
    dataset: pacs
    lr: 0.01
    batch: 32
    iters: 50
    wk_iters: 1
    domain_num: 4
data_number=[150,450,150,450,150,450,150,450,
client_nums=[2,2,2,2,]
len_dataset=[1000,1000,1000,1000,]
domain number = 4
Loading snapshots...
 Test site-photo-0                   | Epoch:45 | Test Acc: 1.0000
 Test site-photo-1                   | Epoch:45 | Test Acc: 1.0000
 Test site-art_painting-0            | Epoch:45 | Test Acc: 0.8634
 Test site-art_painting-1            | Epoch:45 | Test Acc: 0.9089
 Test site-cartoon-0                 | Epoch:45 | Test Acc: 0.8255
 Test site-cartoon-1                 | Epoch:45 | Test Acc: 0.8227
 Test site-sketch-0                  | Epoch:45 | Test Acc: 0.7074
 Test site-sketch-1                  | Epoch:45 | Test Acc: 0.6381
photo-0: 1.0000, photo-1: 1.0000, art_painting-0: 0.8634, art_painting-1: 0.9089, cartoon-0: 0.8255, cartoon-1: 0.8227, sketch-0: 0.7074, sketch-1: 0.6381, 
Average Test Accuracy(group): 0.8458, Average Test Accuracy(individual): 0.8458,
domain std=0.1199, cluster std=-1.0000, individual std=0.1199, 
===2023-08-16 20:27:23===
===Setting===
    dataset: pacs
    lr: 0.01
    batch: 32
    iters: 50
    wk_iters: 1
    domain_num: 4
data_number=[150,450,150,450,150,450,150,450,
client_nums=[2,2,2,2,]
len_dataset=[1000,1000,1000,1000,]
domain number = 4
============ Train epoch 0 ============
denominator: 20346.125
 Site-photo-0                       | Train Loss: 1.8138 | Train Acc: 0.6000
 Site-photo-1                       | Train Loss: 1.8115 | Train Acc: 0.5933
 Site-art_painting-0                | Train Loss: 1.8641 | Train Acc: 0.3533
 Site-art_painting-1                | Train Loss: 1.8546 | Train Acc: 0.3733
 Site-cartoon-0                     | Train Loss: 1.8775 | Train Acc: 0.3467
 Site-cartoon-1                     | Train Loss: 1.8749 | Train Acc: 0.3711
 Site-sketch-0                      | Train Loss: 1.8571 | Train Acc: 0.2667
 Site-sketch-1                      | Train Loss: 1.8705 | Train Acc: 0.2556
Average Train Accuracy: 0.3950
 Best site-photo-0                   | Epoch:0 | Val Acc: 0.6000
 Best site-photo-1                   | Epoch:0 | Val Acc: 0.5933
 Best site-art_painting-0            | Epoch:0 | Val Acc: 0.3533
 Best site-art_painting-1            | Epoch:0 | Val Acc: 0.3733
 Best site-cartoon-0                 | Epoch:0 | Val Acc: 0.3467
 Best site-cartoon-1                 | Epoch:0 | Val Acc: 0.3711
 Best site-sketch-0                  | Epoch:0 | Val Acc: 0.2667
 Best site-sketch-1                  | Epoch:0 | Val Acc: 0.2556
 Saving the local and server checkpoint to ../checkpoint/fed_pacs_even_1.0_1/q-ffl...
============ Train epoch 1 ============
denominator: 19573.826171875
 Site-photo-0                       | Train Loss: 1.6979 | Train Acc: 0.8667
 Site-photo-1                       | Train Loss: 1.6789 | Train Acc: 0.9289
 Site-art_painting-0                | Train Loss: 1.7710 | Train Acc: 0.6400
 Site-art_painting-1                | Train Loss: 1.7790 | Train Acc: 0.6044
 Site-cartoon-0                     | Train Loss: 1.8034 | Train Acc: 0.4933
 Site-cartoon-1                     | Train Loss: 1.8009 | Train Acc: 0.5111
 Site-sketch-0                      | Train Loss: 1.7948 | Train Acc: 0.3867
 Site-sketch-1                      | Train Loss: 1.7966 | Train Acc: 0.3400
Average Train Accuracy: 0.5964
 Best site-photo-0                   | Epoch:1 | Val Acc: 0.8667
 Best site-photo-1                   | Epoch:1 | Val Acc: 0.9289
 Best site-art_painting-0            | Epoch:1 | Val Acc: 0.6400
 Best site-art_painting-1            | Epoch:1 | Val Acc: 0.6044
 Best site-cartoon-0                 | Epoch:1 | Val Acc: 0.4933
 Best site-cartoon-1                 | Epoch:1 | Val Acc: 0.5111
 Best site-sketch-0                  | Epoch:1 | Val Acc: 0.3867
 Best site-sketch-1                  | Epoch:1 | Val Acc: 0.3400
 Saving the local and server checkpoint to ../checkpoint/fed_pacs_even_1.0_1/q-ffl...
============ Train epoch 2 ============
denominator: 18948.490234375
 Site-photo-0                       | Train Loss: 1.5609 | Train Acc: 0.9667
 Site-photo-1                       | Train Loss: 1.5459 | Train Acc: 0.9622
 Site-art_painting-0                | Train Loss: 1.6937 | Train Acc: 0.6467
 Site-art_painting-1                | Train Loss: 1.6789 | Train Acc: 0.6889
 Site-cartoon-0                     | Train Loss: 1.7096 | Train Acc: 0.6333
 Site-cartoon-1                     | Train Loss: 1.7174 | Train Acc: 0.6111
 Site-sketch-0                      | Train Loss: 1.7307 | Train Acc: 0.4533
 Site-sketch-1                      | Train Loss: 1.7272 | Train Acc: 0.3911
Average Train Accuracy: 0.6692
 Best site-photo-0                   | Epoch:2 | Val Acc: 0.9667
 Best site-photo-1                   | Epoch:2 | Val Acc: 0.9622
 Best site-art_painting-0            | Epoch:2 | Val Acc: 0.6467
 Best site-art_painting-1            | Epoch:2 | Val Acc: 0.6889
 Best site-cartoon-0                 | Epoch:2 | Val Acc: 0.6333
 Best site-cartoon-1                 | Epoch:2 | Val Acc: 0.6111
 Best site-sketch-0                  | Epoch:2 | Val Acc: 0.4533
 Best site-sketch-1                  | Epoch:2 | Val Acc: 0.3911
 Saving the local and server checkpoint to ../checkpoint/fed_pacs_even_1.0_1/q-ffl...
============ Train epoch 3 ============
denominator: 18115.30078125
 Site-photo-0                       | Train Loss: 1.4402 | Train Acc: 0.9667
 Site-photo-1                       | Train Loss: 1.4277 | Train Acc: 0.9889
 Site-art_painting-0                | Train Loss: 1.6079 | Train Acc: 0.7067
 Site-art_painting-1                | Train Loss: 1.6217 | Train Acc: 0.7400
 Site-cartoon-0                     | Train Loss: 1.6337 | Train Acc: 0.6933
 Site-cartoon-1                     | Train Loss: 1.6447 | Train Acc: 0.6800
 Site-sketch-0                      | Train Loss: 1.6848 | Train Acc: 0.4800
 Site-sketch-1                      | Train Loss: 1.6788 | Train Acc: 0.4333
Average Train Accuracy: 0.7111
 Best site-photo-0                   | Epoch:3 | Val Acc: 0.9667
 Best site-photo-1                   | Epoch:3 | Val Acc: 0.9889
 Best site-art_painting-0            | Epoch:3 | Val Acc: 0.7067
 Best site-art_painting-1            | Epoch:3 | Val Acc: 0.7400
 Best site-cartoon-0                 | Epoch:3 | Val Acc: 0.6933
 Best site-cartoon-1                 | Epoch:3 | Val Acc: 0.6800
 Best site-sketch-0                  | Epoch:3 | Val Acc: 0.4800
 Best site-sketch-1                  | Epoch:3 | Val Acc: 0.4333
 Saving the local and server checkpoint to ../checkpoint/fed_pacs_even_1.0_1/q-ffl...
============ Train epoch 4 ============
denominator: 17453.494140625
 Site-photo-0                       | Train Loss: 1.3090 | Train Acc: 0.9733
 Site-photo-1                       | Train Loss: 1.3239 | Train Acc: 0.9800
 Site-art_painting-0                | Train Loss: 1.5247 | Train Acc: 0.7200
 Site-art_painting-1                | Train Loss: 1.5236 | Train Acc: 0.7689
 Site-cartoon-0                     | Train Loss: 1.5739 | Train Acc: 0.6933
 Site-cartoon-1                     | Train Loss: 1.5421 | Train Acc: 0.7333
 Site-sketch-0                      | Train Loss: 1.6256 | Train Acc: 0.4667
 Site-sketch-1                      | Train Loss: 1.6303 | Train Acc: 0.4667
Average Train Accuracy: 0.7253
 Best site-photo-0                   | Epoch:4 | Val Acc: 0.9733
 Best site-photo-1                   | Epoch:4 | Val Acc: 0.9800
 Best site-art_painting-0            | Epoch:4 | Val Acc: 0.7200
 Best site-art_painting-1            | Epoch:4 | Val Acc: 0.7689
 Best site-cartoon-0                 | Epoch:4 | Val Acc: 0.6933
 Best site-cartoon-1                 | Epoch:4 | Val Acc: 0.7333
 Best site-sketch-0                  | Epoch:4 | Val Acc: 0.4667
 Best site-sketch-1                  | Epoch:4 | Val Acc: 0.4667
 Saving the local and server checkpoint to ../checkpoint/fed_pacs_even_1.0_1/q-ffl...
============ Train epoch 5 ============
denominator: 16871.3046875
 Site-photo-0                       | Train Loss: 1.1915 | Train Acc: 0.9800
 Site-photo-1                       | Train Loss: 1.1848 | Train Acc: 0.9867
 Site-art_painting-0                | Train Loss: 1.4444 | Train Acc: 0.7733
 Site-art_painting-1                | Train Loss: 1.4449 | Train Acc: 0.7711
 Site-cartoon-0                     | Train Loss: 1.5087 | Train Acc: 0.7267
 Site-cartoon-1                     | Train Loss: 1.4820 | Train Acc: 0.7133
 Site-sketch-0                      | Train Loss: 1.6014 | Train Acc: 0.5067
 Site-sketch-1                      | Train Loss: 1.5810 | Train Acc: 0.5089
Average Train Accuracy: 0.7458
 Best site-photo-0                   | Epoch:5 | Val Acc: 0.9800
 Best site-photo-1                   | Epoch:5 | Val Acc: 0.9867
 Best site-art_painting-0            | Epoch:5 | Val Acc: 0.7733
 Best site-art_painting-1            | Epoch:5 | Val Acc: 0.7711
 Best site-cartoon-0                 | Epoch:5 | Val Acc: 0.7267
 Best site-cartoon-1                 | Epoch:5 | Val Acc: 0.7133
 Best site-sketch-0                  | Epoch:5 | Val Acc: 0.5067
 Best site-sketch-1                  | Epoch:5 | Val Acc: 0.5089
 Saving the local and server checkpoint to ../checkpoint/fed_pacs_even_1.0_1/q-ffl...
============ Train epoch 6 ============
denominator: 16337.6083984375
 Site-photo-0                       | Train Loss: 1.1001 | Train Acc: 0.9733
 Site-photo-1                       | Train Loss: 1.0623 | Train Acc: 0.9844
 Site-art_painting-0                | Train Loss: 1.3819 | Train Acc: 0.7333
 Site-art_painting-1                | Train Loss: 1.3616 | Train Acc: 0.7978
 Site-cartoon-0                     | Train Loss: 1.4278 | Train Acc: 0.7333
 Site-cartoon-1                     | Train Loss: 1.4408 | Train Acc: 0.7222
 Site-sketch-0                      | Train Loss: 1.5561 | Train Acc: 0.4667
 Site-sketch-1                      | Train Loss: 1.5486 | Train Acc: 0.5044
Average Train Accuracy: 0.7394
============ Train epoch 7 ============
denominator: 15772.5439453125
 Site-photo-0                       | Train Loss: 0.9797 | Train Acc: 0.9733
 Site-photo-1                       | Train Loss: 0.9616 | Train Acc: 0.9889
 Site-art_painting-0                | Train Loss: 1.3020 | Train Acc: 0.7800
 Site-art_painting-1                | Train Loss: 1.2786 | Train Acc: 0.8000
 Site-cartoon-0                     | Train Loss: 1.3844 | Train Acc: 0.7667
 Site-cartoon-1                     | Train Loss: 1.3671 | Train Acc: 0.7422
 Site-sketch-0                      | Train Loss: 1.5254 | Train Acc: 0.5200
 Site-sketch-1                      | Train Loss: 1.4841 | Train Acc: 0.4978
Average Train Accuracy: 0.7586
 Best site-photo-0                   | Epoch:7 | Val Acc: 0.9733
 Best site-photo-1                   | Epoch:7 | Val Acc: 0.9889
 Best site-art_painting-0            | Epoch:7 | Val Acc: 0.7800
 Best site-art_painting-1            | Epoch:7 | Val Acc: 0.8000
 Best site-cartoon-0                 | Epoch:7 | Val Acc: 0.7667
 Best site-cartoon-1                 | Epoch:7 | Val Acc: 0.7422
 Best site-sketch-0                  | Epoch:7 | Val Acc: 0.5200
 Best site-sketch-1                  | Epoch:7 | Val Acc: 0.4978
 Saving the local and server checkpoint to ../checkpoint/fed_pacs_even_1.0_1/q-ffl...
============ Train epoch 8 ============
denominator: 15222.7041015625
 Site-photo-0                       | Train Loss: 0.8958 | Train Acc: 0.9733
 Site-photo-1                       | Train Loss: 0.8600 | Train Acc: 0.9822
 Site-art_painting-0                | Train Loss: 1.2272 | Train Acc: 0.8000
 Site-art_painting-1                | Train Loss: 1.2092 | Train Acc: 0.8156
 Site-cartoon-0                     | Train Loss: 1.3295 | Train Acc: 0.7333
 Site-cartoon-1                     | Train Loss: 1.2953 | Train Acc: 0.7467
 Site-sketch-0                      | Train Loss: 1.4741 | Train Acc: 0.5333
 Site-sketch-1                      | Train Loss: 1.4385 | Train Acc: 0.4978
Average Train Accuracy: 0.7603
 Best site-photo-0                   | Epoch:8 | Val Acc: 0.9733
 Best site-photo-1                   | Epoch:8 | Val Acc: 0.9822
 Best site-art_painting-0            | Epoch:8 | Val Acc: 0.8000
 Best site-art_painting-1            | Epoch:8 | Val Acc: 0.8156
 Best site-cartoon-0                 | Epoch:8 | Val Acc: 0.7333
 Best site-cartoon-1                 | Epoch:8 | Val Acc: 0.7467
 Best site-sketch-0                  | Epoch:8 | Val Acc: 0.5333
 Best site-sketch-1                  | Epoch:8 | Val Acc: 0.4978
 Saving the local and server checkpoint to ../checkpoint/fed_pacs_even_1.0_1/q-ffl...
============ Train epoch 9 ============
denominator: 14491.5673828125
 Site-photo-0                       | Train Loss: 0.8051 | Train Acc: 0.9733
 Site-photo-1                       | Train Loss: 0.7783 | Train Acc: 0.9889
 Site-art_painting-0                | Train Loss: 1.1684 | Train Acc: 0.7733
 Site-art_painting-1                | Train Loss: 1.1302 | Train Acc: 0.8200
 Site-cartoon-0                     | Train Loss: 1.2710 | Train Acc: 0.7733
 Site-cartoon-1                     | Train Loss: 1.2189 | Train Acc: 0.7711
 Site-sketch-0                      | Train Loss: 1.4170 | Train Acc: 0.5000
 Site-sketch-1                      | Train Loss: 1.4170 | Train Acc: 0.5244
Average Train Accuracy: 0.7656
 Best site-photo-0                   | Epoch:9 | Val Acc: 0.9733
 Best site-photo-1                   | Epoch:9 | Val Acc: 0.9889
 Best site-art_painting-0            | Epoch:9 | Val Acc: 0.7733
 Best site-art_painting-1            | Epoch:9 | Val Acc: 0.8200
 Best site-cartoon-0                 | Epoch:9 | Val Acc: 0.7733
 Best site-cartoon-1                 | Epoch:9 | Val Acc: 0.7711
 Best site-sketch-0                  | Epoch:9 | Val Acc: 0.5000
 Best site-sketch-1                  | Epoch:9 | Val Acc: 0.5244
 Test site-photo-0                   | Epoch:9 | Test Acc: 1.0000
 Test site-photo-1                   | Epoch:9 | Test Acc: 0.9980
 Test site-art_painting-0            | Epoch:9 | Test Acc: 0.8244
 Test site-art_painting-1            | Epoch:9 | Test Acc: 0.8504
 Test site-cartoon-0                 | Epoch:9 | Test Acc: 0.7745
 Test site-cartoon-1                 | Epoch:9 | Test Acc: 0.7730
 Test site-sketch-0                  | Epoch:9 | Test Acc: 0.5623
 Test site-sketch-1                  | Epoch:9 | Test Acc: 0.5424
photo-0: 1.0000, photo-1: 0.9980, art_painting-0: 0.8244, art_painting-1: 0.8504, cartoon-0: 0.7745, cartoon-1: 0.7730, sketch-0: 0.5623, sketch-1: 0.5424, 
Average Test Accuracy(group): 0.7906, Average Test Accuracy(individual): 0.7906,
domain std=0.1604, cluster std=-1.0000, individual std=0.1604, 
 Saving the local and server checkpoint to ../checkpoint/fed_pacs_even_1.0_1/q-ffl...
============ Train epoch 10 ============
denominator: 14040.30859375
 Site-photo-0                       | Train Loss: 0.7167 | Train Acc: 0.9800
 Site-photo-1                       | Train Loss: 0.6917 | Train Acc: 0.9933
 Site-art_painting-0                | Train Loss: 1.1226 | Train Acc: 0.8133
 Site-art_painting-1                | Train Loss: 1.0721 | Train Acc: 0.8444
 Site-cartoon-0                     | Train Loss: 1.2174 | Train Acc: 0.7867
 Site-cartoon-1                     | Train Loss: 1.1362 | Train Acc: 0.7956
 Site-sketch-0                      | Train Loss: 1.3819 | Train Acc: 0.5933
 Site-sketch-1                      | Train Loss: 1.3564 | Train Acc: 0.5378
Average Train Accuracy: 0.7931
 Best site-photo-0                   | Epoch:10 | Val Acc: 0.9800
 Best site-photo-1                   | Epoch:10 | Val Acc: 0.9933
 Best site-art_painting-0            | Epoch:10 | Val Acc: 0.8133
 Best site-art_painting-1            | Epoch:10 | Val Acc: 0.8444
 Best site-cartoon-0                 | Epoch:10 | Val Acc: 0.7867
 Best site-cartoon-1                 | Epoch:10 | Val Acc: 0.7956
 Best site-sketch-0                  | Epoch:10 | Val Acc: 0.5933
 Best site-sketch-1                  | Epoch:10 | Val Acc: 0.5378
 Saving the local and server checkpoint to ../checkpoint/fed_pacs_even_1.0_1/q-ffl...
============ Train epoch 11 ============
denominator: 13648.5546875
 Site-photo-0                       | Train Loss: 0.6539 | Train Acc: 0.9800
 Site-photo-1                       | Train Loss: 0.6090 | Train Acc: 0.9889
 Site-art_painting-0                | Train Loss: 1.0561 | Train Acc: 0.7867
 Site-art_painting-1                | Train Loss: 1.0716 | Train Acc: 0.8333
 Site-cartoon-0                     | Train Loss: 1.1797 | Train Acc: 0.7533
 Site-cartoon-1                     | Train Loss: 1.1496 | Train Acc: 0.7867
 Site-sketch-0                      | Train Loss: 1.3811 | Train Acc: 0.5933
 Site-sketch-1                      | Train Loss: 1.3479 | Train Acc: 0.5533
Average Train Accuracy: 0.7844
============ Train epoch 12 ============
denominator: 13140.9287109375
 Site-photo-0                       | Train Loss: 0.5804 | Train Acc: 0.9800
 Site-photo-1                       | Train Loss: 0.5615 | Train Acc: 0.9889
 Site-art_painting-0                | Train Loss: 1.0021 | Train Acc: 0.8333
 Site-art_painting-1                | Train Loss: 1.0327 | Train Acc: 0.8311
 Site-cartoon-0                     | Train Loss: 1.1048 | Train Acc: 0.8000
 Site-cartoon-1                     | Train Loss: 1.1154 | Train Acc: 0.8000
 Site-sketch-0                      | Train Loss: 1.3246 | Train Acc: 0.5800
 Site-sketch-1                      | Train Loss: 1.3308 | Train Acc: 0.5622
Average Train Accuracy: 0.7969
 Best site-photo-0                   | Epoch:12 | Val Acc: 0.9800
 Best site-photo-1                   | Epoch:12 | Val Acc: 0.9889
 Best site-art_painting-0            | Epoch:12 | Val Acc: 0.8333
 Best site-art_painting-1            | Epoch:12 | Val Acc: 0.8311
 Best site-cartoon-0                 | Epoch:12 | Val Acc: 0.8000
 Best site-cartoon-1                 | Epoch:12 | Val Acc: 0.8000
 Best site-sketch-0                  | Epoch:12 | Val Acc: 0.5800
 Best site-sketch-1                  | Epoch:12 | Val Acc: 0.5622
 Saving the local and server checkpoint to ../checkpoint/fed_pacs_even_1.0_1/q-ffl...
============ Train epoch 13 ============
denominator: 12943.357421875
 Site-photo-0                       | Train Loss: 0.5343 | Train Acc: 0.9800
 Site-photo-1                       | Train Loss: 0.4862 | Train Acc: 0.9844
 Site-art_painting-0                | Train Loss: 0.9516 | Train Acc: 0.8200
 Site-art_painting-1                | Train Loss: 0.9403 | Train Acc: 0.8489
 Site-cartoon-0                     | Train Loss: 1.0887 | Train Acc: 0.7733
 Site-cartoon-1                     | Train Loss: 1.0564 | Train Acc: 0.7689
 Site-sketch-0                      | Train Loss: 1.3170 | Train Acc: 0.5733
 Site-sketch-1                      | Train Loss: 1.2542 | Train Acc: 0.5711
Average Train Accuracy: 0.7900
============ Train epoch 14 ============
denominator: 12523.357421875
 Site-photo-0                       | Train Loss: 0.4643 | Train Acc: 0.9933
 Site-photo-1                       | Train Loss: 0.4402 | Train Acc: 0.9911
 Site-art_painting-0                | Train Loss: 0.9161 | Train Acc: 0.8333
 Site-art_painting-1                | Train Loss: 0.9240 | Train Acc: 0.8600
 Site-cartoon-0                     | Train Loss: 1.0664 | Train Acc: 0.7600
 Site-cartoon-1                     | Train Loss: 1.0246 | Train Acc: 0.8044
 Site-sketch-0                      | Train Loss: 1.2720 | Train Acc: 0.6267
 Site-sketch-1                      | Train Loss: 1.2473 | Train Acc: 0.5844
Average Train Accuracy: 0.8067
 Best site-photo-0                   | Epoch:14 | Val Acc: 0.9933
 Best site-photo-1                   | Epoch:14 | Val Acc: 0.9911
 Best site-art_painting-0            | Epoch:14 | Val Acc: 0.8333
 Best site-art_painting-1            | Epoch:14 | Val Acc: 0.8600
 Best site-cartoon-0                 | Epoch:14 | Val Acc: 0.7600
 Best site-cartoon-1                 | Epoch:14 | Val Acc: 0.8044
 Best site-sketch-0                  | Epoch:14 | Val Acc: 0.6267
 Best site-sketch-1                  | Epoch:14 | Val Acc: 0.5844
 Saving the local and server checkpoint to ../checkpoint/fed_pacs_even_1.0_1/q-ffl...
============ Train epoch 15 ============
denominator: 12166.466796875
 Site-photo-0                       | Train Loss: 0.4266 | Train Acc: 0.9867
 Site-photo-1                       | Train Loss: 0.3914 | Train Acc: 0.9911
 Site-art_painting-0                | Train Loss: 0.8665 | Train Acc: 0.8333
 Site-art_painting-1                | Train Loss: 0.8180 | Train Acc: 0.8800
 Site-cartoon-0                     | Train Loss: 0.9875 | Train Acc: 0.8133
 Site-cartoon-1                     | Train Loss: 1.0058 | Train Acc: 0.7956
 Site-sketch-0                      | Train Loss: 1.2666 | Train Acc: 0.6067
 Site-sketch-1                      | Train Loss: 1.2621 | Train Acc: 0.5711
Average Train Accuracy: 0.8097
 Best site-photo-0                   | Epoch:15 | Val Acc: 0.9867
 Best site-photo-1                   | Epoch:15 | Val Acc: 0.9911
 Best site-art_painting-0            | Epoch:15 | Val Acc: 0.8333
 Best site-art_painting-1            | Epoch:15 | Val Acc: 0.8800
 Best site-cartoon-0                 | Epoch:15 | Val Acc: 0.8133
 Best site-cartoon-1                 | Epoch:15 | Val Acc: 0.7956
 Best site-sketch-0                  | Epoch:15 | Val Acc: 0.6067
 Best site-sketch-1                  | Epoch:15 | Val Acc: 0.5711
 Saving the local and server checkpoint to ../checkpoint/fed_pacs_even_1.0_1/q-ffl...
============ Train epoch 16 ============
denominator: 11837.296875
 Site-photo-0                       | Train Loss: 0.3884 | Train Acc: 0.9800
 Site-photo-1                       | Train Loss: 0.3488 | Train Acc: 0.9889
 Site-art_painting-0                | Train Loss: 0.8283 | Train Acc: 0.8600
 Site-art_painting-1                | Train Loss: 0.7859 | Train Acc: 0.8667
 Site-cartoon-0                     | Train Loss: 0.9834 | Train Acc: 0.7733
 Site-cartoon-1                     | Train Loss: 0.9145 | Train Acc: 0.8067
 Site-sketch-0                      | Train Loss: 1.2222 | Train Acc: 0.6467
 Site-sketch-1                      | Train Loss: 1.2191 | Train Acc: 0.5933
Average Train Accuracy: 0.8144
 Best site-photo-0                   | Epoch:16 | Val Acc: 0.9800
 Best site-photo-1                   | Epoch:16 | Val Acc: 0.9889
 Best site-art_painting-0            | Epoch:16 | Val Acc: 0.8600
 Best site-art_painting-1            | Epoch:16 | Val Acc: 0.8667
 Best site-cartoon-0                 | Epoch:16 | Val Acc: 0.7733
 Best site-cartoon-1                 | Epoch:16 | Val Acc: 0.8067
 Best site-sketch-0                  | Epoch:16 | Val Acc: 0.6467
 Best site-sketch-1                  | Epoch:16 | Val Acc: 0.5933
 Saving the local and server checkpoint to ../checkpoint/fed_pacs_even_1.0_1/q-ffl...
============ Train epoch 17 ============
denominator: 11569.6083984375
 Site-photo-0                       | Train Loss: 0.3488 | Train Acc: 0.9867
 Site-photo-1                       | Train Loss: 0.3045 | Train Acc: 0.9978
 Site-art_painting-0                | Train Loss: 0.8377 | Train Acc: 0.8067
 Site-art_painting-1                | Train Loss: 0.8036 | Train Acc: 0.8644
 Site-cartoon-0                     | Train Loss: 0.9445 | Train Acc: 0.7867
 Site-cartoon-1                     | Train Loss: 0.9110 | Train Acc: 0.8267
 Site-sketch-0                      | Train Loss: 1.2035 | Train Acc: 0.6067
 Site-sketch-1                      | Train Loss: 1.2018 | Train Acc: 0.5911
Average Train Accuracy: 0.8083
============ Train epoch 18 ============
denominator: 11323.6875
 Site-photo-0                       | Train Loss: 0.3164 | Train Acc: 0.9867
 Site-photo-1                       | Train Loss: 0.3031 | Train Acc: 0.9889
 Site-art_painting-0                | Train Loss: 0.7854 | Train Acc: 0.8667
 Site-art_painting-1                | Train Loss: 0.7588 | Train Acc: 0.8844
 Site-cartoon-0                     | Train Loss: 0.9086 | Train Acc: 0.8133
 Site-cartoon-1                     | Train Loss: 0.8620 | Train Acc: 0.8311
 Site-sketch-0                      | Train Loss: 1.2028 | Train Acc: 0.5933
 Site-sketch-1                      | Train Loss: 1.1165 | Train Acc: 0.6156
Average Train Accuracy: 0.8225
 Best site-photo-0                   | Epoch:18 | Val Acc: 0.9867
 Best site-photo-1                   | Epoch:18 | Val Acc: 0.9889
 Best site-art_painting-0            | Epoch:18 | Val Acc: 0.8667
 Best site-art_painting-1            | Epoch:18 | Val Acc: 0.8844
 Best site-cartoon-0                 | Epoch:18 | Val Acc: 0.8133
 Best site-cartoon-1                 | Epoch:18 | Val Acc: 0.8311
 Best site-sketch-0                  | Epoch:18 | Val Acc: 0.5933
 Best site-sketch-1                  | Epoch:18 | Val Acc: 0.6156
 Saving the local and server checkpoint to ../checkpoint/fed_pacs_even_1.0_1/q-ffl...
============ Train epoch 19 ============
denominator: 11037.8203125
 Site-photo-0                       | Train Loss: 0.3035 | Train Acc: 0.9867
 Site-photo-1                       | Train Loss: 0.2508 | Train Acc: 0.9911
 Site-art_painting-0                | Train Loss: 0.7646 | Train Acc: 0.8467
 Site-art_painting-1                | Train Loss: 0.6992 | Train Acc: 0.8911
 Site-cartoon-0                     | Train Loss: 0.8815 | Train Acc: 0.8133
 Site-cartoon-1                     | Train Loss: 0.8459 | Train Acc: 0.8111
 Site-sketch-0                      | Train Loss: 1.1658 | Train Acc: 0.6533
 Site-sketch-1                      | Train Loss: 1.1715 | Train Acc: 0.6022
Average Train Accuracy: 0.8244
 Best site-photo-0                   | Epoch:19 | Val Acc: 0.9867
 Best site-photo-1                   | Epoch:19 | Val Acc: 0.9911
 Best site-art_painting-0            | Epoch:19 | Val Acc: 0.8467
 Best site-art_painting-1            | Epoch:19 | Val Acc: 0.8911
 Best site-cartoon-0                 | Epoch:19 | Val Acc: 0.8133
 Best site-cartoon-1                 | Epoch:19 | Val Acc: 0.8111
 Best site-sketch-0                  | Epoch:19 | Val Acc: 0.6533
 Best site-sketch-1                  | Epoch:19 | Val Acc: 0.6022
 Test site-photo-0                   | Epoch:19 | Test Acc: 1.0000
 Test site-photo-1                   | Epoch:19 | Test Acc: 0.9980
 Test site-art_painting-0            | Epoch:19 | Test Acc: 0.8585
 Test site-art_painting-1            | Epoch:19 | Test Acc: 0.8911
 Test site-cartoon-0                 | Epoch:19 | Test Acc: 0.7872
 Test site-cartoon-1                 | Epoch:19 | Test Acc: 0.8071
 Test site-sketch-0                  | Epoch:19 | Test Acc: 0.6183
 Test site-sketch-1                  | Epoch:19 | Test Acc: 0.5924
photo-0: 1.0000, photo-1: 0.9980, art_painting-0: 0.8585, art_painting-1: 0.8911, cartoon-0: 0.7872, cartoon-1: 0.8071, sketch-0: 0.6183, sketch-1: 0.5924, 
Average Test Accuracy(group): 0.8191, Average Test Accuracy(individual): 0.8191,
domain std=0.1433, cluster std=-1.0000, individual std=0.1433, 
 Saving the local and server checkpoint to ../checkpoint/fed_pacs_even_1.0_1/q-ffl...
============ Train epoch 20 ============
denominator: 10869.623046875
 Site-photo-0                       | Train Loss: 0.2707 | Train Acc: 0.9867
 Site-photo-1                       | Train Loss: 0.2477 | Train Acc: 0.9911
 Site-art_painting-0                | Train Loss: 0.7656 | Train Acc: 0.8333
 Site-art_painting-1                | Train Loss: 0.6871 | Train Acc: 0.8689
 Site-cartoon-0                     | Train Loss: 0.8718 | Train Acc: 0.8133
 Site-cartoon-1                     | Train Loss: 0.8065 | Train Acc: 0.8133
 Site-sketch-0                      | Train Loss: 1.1636 | Train Acc: 0.6400
 Site-sketch-1                      | Train Loss: 1.1129 | Train Acc: 0.6200
Average Train Accuracy: 0.8208
============ Train epoch 21 ============
denominator: 10665.529296875
 Site-photo-0                       | Train Loss: 0.2416 | Train Acc: 0.9867
 Site-photo-1                       | Train Loss: 0.2026 | Train Acc: 0.9911
 Site-art_painting-0                | Train Loss: 0.6975 | Train Acc: 0.8733
 Site-art_painting-1                | Train Loss: 0.6387 | Train Acc: 0.8822
 Site-cartoon-0                     | Train Loss: 0.8447 | Train Acc: 0.7800
 Site-cartoon-1                     | Train Loss: 0.8839 | Train Acc: 0.8133
 Site-sketch-0                      | Train Loss: 1.1187 | Train Acc: 0.6333
 Site-sketch-1                      | Train Loss: 1.1306 | Train Acc: 0.6111
Average Train Accuracy: 0.8214
============ Train epoch 22 ============
denominator: 10436.43359375
 Site-photo-0                       | Train Loss: 0.2150 | Train Acc: 0.9800
 Site-photo-1                       | Train Loss: 0.1824 | Train Acc: 0.9889
 Site-art_painting-0                | Train Loss: 0.6824 | Train Acc: 0.8600
 Site-art_painting-1                | Train Loss: 0.6420 | Train Acc: 0.8667
 Site-cartoon-0                     | Train Loss: 0.8400 | Train Acc: 0.8133
 Site-cartoon-1                     | Train Loss: 0.7897 | Train Acc: 0.8289
 Site-sketch-0                      | Train Loss: 1.0975 | Train Acc: 0.6667
 Site-sketch-1                      | Train Loss: 1.0963 | Train Acc: 0.6333
Average Train Accuracy: 0.8297
 Best site-photo-0                   | Epoch:22 | Val Acc: 0.9800
 Best site-photo-1                   | Epoch:22 | Val Acc: 0.9889
 Best site-art_painting-0            | Epoch:22 | Val Acc: 0.8600
 Best site-art_painting-1            | Epoch:22 | Val Acc: 0.8667
 Best site-cartoon-0                 | Epoch:22 | Val Acc: 0.8133
 Best site-cartoon-1                 | Epoch:22 | Val Acc: 0.8289
 Best site-sketch-0                  | Epoch:22 | Val Acc: 0.6667
 Best site-sketch-1                  | Epoch:22 | Val Acc: 0.6333
 Saving the local and server checkpoint to ../checkpoint/fed_pacs_even_1.0_1/q-ffl...
============ Train epoch 23 ============
denominator: 10418.275390625
 Site-photo-0                       | Train Loss: 0.1975 | Train Acc: 0.9800
 Site-photo-1                       | Train Loss: 0.1734 | Train Acc: 0.9956
 Site-art_painting-0                | Train Loss: 0.6692 | Train Acc: 0.8467
 Site-art_painting-1                | Train Loss: 0.6275 | Train Acc: 0.8733
 Site-cartoon-0                     | Train Loss: 0.7971 | Train Acc: 0.8200
 Site-cartoon-1                     | Train Loss: 0.7396 | Train Acc: 0.8333
 Site-sketch-0                      | Train Loss: 1.0964 | Train Acc: 0.6467
 Site-sketch-1                      | Train Loss: 1.0402 | Train Acc: 0.6400
Average Train Accuracy: 0.8294
============ Train epoch 24 ============
denominator: 9988.134765625
 Site-photo-0                       | Train Loss: 0.1925 | Train Acc: 0.9867
 Site-photo-1                       | Train Loss: 0.1551 | Train Acc: 0.9889
 Site-art_painting-0                | Train Loss: 0.6726 | Train Acc: 0.8267
 Site-art_painting-1                | Train Loss: 0.5739 | Train Acc: 0.8733
 Site-cartoon-0                     | Train Loss: 0.7709 | Train Acc: 0.8533
 Site-cartoon-1                     | Train Loss: 0.6986 | Train Acc: 0.8511
 Site-sketch-0                      | Train Loss: 1.0783 | Train Acc: 0.6533
 Site-sketch-1                      | Train Loss: 1.0736 | Train Acc: 0.6156
Average Train Accuracy: 0.8311
 Best site-photo-0                   | Epoch:24 | Val Acc: 0.9867
 Best site-photo-1                   | Epoch:24 | Val Acc: 0.9889
 Best site-art_painting-0            | Epoch:24 | Val Acc: 0.8267
 Best site-art_painting-1            | Epoch:24 | Val Acc: 0.8733
 Best site-cartoon-0                 | Epoch:24 | Val Acc: 0.8533
 Best site-cartoon-1                 | Epoch:24 | Val Acc: 0.8511
 Best site-sketch-0                  | Epoch:24 | Val Acc: 0.6533
 Best site-sketch-1                  | Epoch:24 | Val Acc: 0.6156
 Saving the local and server checkpoint to ../checkpoint/fed_pacs_even_1.0_1/q-ffl...
============ Train epoch 25 ============
denominator: 10024.8515625
 Site-photo-0                       | Train Loss: 0.1678 | Train Acc: 0.9867
 Site-photo-1                       | Train Loss: 0.1451 | Train Acc: 0.9911
 Site-art_painting-0                | Train Loss: 0.6483 | Train Acc: 0.8400
 Site-art_painting-1                | Train Loss: 0.6393 | Train Acc: 0.8822
 Site-cartoon-0                     | Train Loss: 0.7826 | Train Acc: 0.8200
 Site-cartoon-1                     | Train Loss: 0.7159 | Train Acc: 0.8289
 Site-sketch-0                      | Train Loss: 1.0453 | Train Acc: 0.6733
 Site-sketch-1                      | Train Loss: 1.0223 | Train Acc: 0.6156
Average Train Accuracy: 0.8297
============ Train epoch 26 ============
denominator: 9726.74609375
 Site-photo-0                       | Train Loss: 0.1794 | Train Acc: 0.9800
 Site-photo-1                       | Train Loss: 0.1151 | Train Acc: 0.9978
 Site-art_painting-0                | Train Loss: 0.5970 | Train Acc: 0.8733
 Site-art_painting-1                | Train Loss: 0.5475 | Train Acc: 0.8844
 Site-cartoon-0                     | Train Loss: 0.7658 | Train Acc: 0.8067
 Site-cartoon-1                     | Train Loss: 0.7457 | Train Acc: 0.8311
 Site-sketch-0                      | Train Loss: 1.0855 | Train Acc: 0.6867
 Site-sketch-1                      | Train Loss: 1.0668 | Train Acc: 0.6333
Average Train Accuracy: 0.8367
 Best site-photo-0                   | Epoch:26 | Val Acc: 0.9800
 Best site-photo-1                   | Epoch:26 | Val Acc: 0.9978
 Best site-art_painting-0            | Epoch:26 | Val Acc: 0.8733
 Best site-art_painting-1            | Epoch:26 | Val Acc: 0.8844
 Best site-cartoon-0                 | Epoch:26 | Val Acc: 0.8067
 Best site-cartoon-1                 | Epoch:26 | Val Acc: 0.8311
 Best site-sketch-0                  | Epoch:26 | Val Acc: 0.6867
 Best site-sketch-1                  | Epoch:26 | Val Acc: 0.6333
 Saving the local and server checkpoint to ../checkpoint/fed_pacs_even_1.0_1/q-ffl...
============ Train epoch 27 ============
denominator: 9659.896484375
 Site-photo-0                       | Train Loss: 0.1789 | Train Acc: 0.9733
 Site-photo-1                       | Train Loss: 0.1159 | Train Acc: 0.9911
 Site-art_painting-0                | Train Loss: 0.5821 | Train Acc: 0.8600
 Site-art_painting-1                | Train Loss: 0.5338 | Train Acc: 0.8689
 Site-cartoon-0                     | Train Loss: 0.7769 | Train Acc: 0.8000
 Site-cartoon-1                     | Train Loss: 0.6616 | Train Acc: 0.8444
 Site-sketch-0                      | Train Loss: 1.0814 | Train Acc: 0.6200
 Site-sketch-1                      | Train Loss: 1.0087 | Train Acc: 0.6511
Average Train Accuracy: 0.8261
============ Train epoch 28 ============
denominator: 9525.908203125
 Site-photo-0                       | Train Loss: 0.1638 | Train Acc: 0.9800
 Site-photo-1                       | Train Loss: 0.1150 | Train Acc: 0.9911
 Site-art_painting-0                | Train Loss: 0.5805 | Train Acc: 0.8600
 Site-art_painting-1                | Train Loss: 0.5181 | Train Acc: 0.8778
 Site-cartoon-0                     | Train Loss: 0.7207 | Train Acc: 0.8200
 Site-cartoon-1                     | Train Loss: 0.6955 | Train Acc: 0.8178
 Site-sketch-0                      | Train Loss: 0.9858 | Train Acc: 0.6933
 Site-sketch-1                      | Train Loss: 1.0343 | Train Acc: 0.6556
Average Train Accuracy: 0.8369
 Best site-photo-0                   | Epoch:28 | Val Acc: 0.9800
 Best site-photo-1                   | Epoch:28 | Val Acc: 0.9911
 Best site-art_painting-0            | Epoch:28 | Val Acc: 0.8600
 Best site-art_painting-1            | Epoch:28 | Val Acc: 0.8778
 Best site-cartoon-0                 | Epoch:28 | Val Acc: 0.8200
 Best site-cartoon-1                 | Epoch:28 | Val Acc: 0.8178
 Best site-sketch-0                  | Epoch:28 | Val Acc: 0.6933
 Best site-sketch-1                  | Epoch:28 | Val Acc: 0.6556
 Saving the local and server checkpoint to ../checkpoint/fed_pacs_even_1.0_1/q-ffl...
============ Train epoch 29 ============
denominator: 9350.04296875
 Site-photo-0                       | Train Loss: 0.1423 | Train Acc: 0.9733
 Site-photo-1                       | Train Loss: 0.1056 | Train Acc: 0.9933
 Site-art_painting-0                | Train Loss: 0.5788 | Train Acc: 0.8733
 Site-art_painting-1                | Train Loss: 0.5151 | Train Acc: 0.8778
 Site-cartoon-0                     | Train Loss: 0.7186 | Train Acc: 0.8267
 Site-cartoon-1                     | Train Loss: 0.7343 | Train Acc: 0.8356
 Site-sketch-0                      | Train Loss: 1.0356 | Train Acc: 0.6733
 Site-sketch-1                      | Train Loss: 0.9996 | Train Acc: 0.6533
Average Train Accuracy: 0.8383
 Best site-photo-0                   | Epoch:29 | Val Acc: 0.9733
 Best site-photo-1                   | Epoch:29 | Val Acc: 0.9933
 Best site-art_painting-0            | Epoch:29 | Val Acc: 0.8733
 Best site-art_painting-1            | Epoch:29 | Val Acc: 0.8778
 Best site-cartoon-0                 | Epoch:29 | Val Acc: 0.8267
 Best site-cartoon-1                 | Epoch:29 | Val Acc: 0.8356
 Best site-sketch-0                  | Epoch:29 | Val Acc: 0.6733
 Best site-sketch-1                  | Epoch:29 | Val Acc: 0.6533
 Test site-photo-0                   | Epoch:29 | Test Acc: 1.0000
 Test site-photo-1                   | Epoch:29 | Test Acc: 0.9980
 Test site-art_painting-0            | Epoch:29 | Test Acc: 0.8585
 Test site-art_painting-1            | Epoch:29 | Test Acc: 0.9041
 Test site-cartoon-0                 | Epoch:29 | Test Acc: 0.8298
 Test site-cartoon-1                 | Epoch:29 | Test Acc: 0.8213
 Test site-sketch-0                  | Epoch:29 | Test Acc: 0.6768
 Test site-sketch-1                  | Epoch:29 | Test Acc: 0.6169
photo-0: 1.0000, photo-1: 0.9980, art_painting-0: 0.8585, art_painting-1: 0.9041, cartoon-0: 0.8298, cartoon-1: 0.8213, sketch-0: 0.6768, sketch-1: 0.6169, 
Average Test Accuracy(group): 0.8382, Average Test Accuracy(individual): 0.8382,
domain std=0.1284, cluster std=-1.0000, individual std=0.1284, 
 Saving the local and server checkpoint to ../checkpoint/fed_pacs_even_1.0_1/q-ffl...
============ Train epoch 30 ============
denominator: 9218.8056640625
 Site-photo-0                       | Train Loss: 0.1434 | Train Acc: 0.9800
 Site-photo-1                       | Train Loss: 0.0959 | Train Acc: 0.9911
 Site-art_painting-0                | Train Loss: 0.5209 | Train Acc: 0.8733
 Site-art_painting-1                | Train Loss: 0.4943 | Train Acc: 0.8911
 Site-cartoon-0                     | Train Loss: 0.7071 | Train Acc: 0.7933
 Site-cartoon-1                     | Train Loss: 0.6772 | Train Acc: 0.8600
 Site-sketch-0                      | Train Loss: 0.9759 | Train Acc: 0.7067
 Site-sketch-1                      | Train Loss: 1.0125 | Train Acc: 0.6556
Average Train Accuracy: 0.8439
 Best site-photo-0                   | Epoch:30 | Val Acc: 0.9800
 Best site-photo-1                   | Epoch:30 | Val Acc: 0.9911
 Best site-art_painting-0            | Epoch:30 | Val Acc: 0.8733
 Best site-art_painting-1            | Epoch:30 | Val Acc: 0.8911
 Best site-cartoon-0                 | Epoch:30 | Val Acc: 0.7933
 Best site-cartoon-1                 | Epoch:30 | Val Acc: 0.8600
 Best site-sketch-0                  | Epoch:30 | Val Acc: 0.7067
 Best site-sketch-1                  | Epoch:30 | Val Acc: 0.6556
 Saving the local and server checkpoint to ../checkpoint/fed_pacs_even_1.0_1/q-ffl...
============ Train epoch 31 ============
denominator: 9172.86328125
 Site-photo-0                       | Train Loss: 0.1234 | Train Acc: 0.9867
 Site-photo-1                       | Train Loss: 0.0972 | Train Acc: 0.9911
 Site-art_painting-0                | Train Loss: 0.5288 | Train Acc: 0.8800
 Site-art_painting-1                | Train Loss: 0.4790 | Train Acc: 0.8911
 Site-cartoon-0                     | Train Loss: 0.6797 | Train Acc: 0.8267
 Site-cartoon-1                     | Train Loss: 0.6335 | Train Acc: 0.8711
 Site-sketch-0                      | Train Loss: 1.0035 | Train Acc: 0.6600
 Site-sketch-1                      | Train Loss: 1.0058 | Train Acc: 0.6600
Average Train Accuracy: 0.8458
 Best site-photo-0                   | Epoch:31 | Val Acc: 0.9867
 Best site-photo-1                   | Epoch:31 | Val Acc: 0.9911
 Best site-art_painting-0            | Epoch:31 | Val Acc: 0.8800
 Best site-art_painting-1            | Epoch:31 | Val Acc: 0.8911
 Best site-cartoon-0                 | Epoch:31 | Val Acc: 0.8267
 Best site-cartoon-1                 | Epoch:31 | Val Acc: 0.8711
 Best site-sketch-0                  | Epoch:31 | Val Acc: 0.6600
 Best site-sketch-1                  | Epoch:31 | Val Acc: 0.6600
 Saving the local and server checkpoint to ../checkpoint/fed_pacs_even_1.0_1/q-ffl...
============ Train epoch 32 ============
denominator: 9099.2841796875
 Site-photo-0                       | Train Loss: 0.1272 | Train Acc: 0.9800
 Site-photo-1                       | Train Loss: 0.0839 | Train Acc: 0.9956
 Site-art_painting-0                | Train Loss: 0.5349 | Train Acc: 0.8733
 Site-art_painting-1                | Train Loss: 0.5331 | Train Acc: 0.8911
 Site-cartoon-0                     | Train Loss: 0.6755 | Train Acc: 0.8467
 Site-cartoon-1                     | Train Loss: 0.6016 | Train Acc: 0.8600
 Site-sketch-0                      | Train Loss: 0.9958 | Train Acc: 0.7400
 Site-sketch-1                      | Train Loss: 0.9713 | Train Acc: 0.6800
Average Train Accuracy: 0.8583
 Best site-photo-0                   | Epoch:32 | Val Acc: 0.9800
 Best site-photo-1                   | Epoch:32 | Val Acc: 0.9956
 Best site-art_painting-0            | Epoch:32 | Val Acc: 0.8733
 Best site-art_painting-1            | Epoch:32 | Val Acc: 0.8911
 Best site-cartoon-0                 | Epoch:32 | Val Acc: 0.8467
 Best site-cartoon-1                 | Epoch:32 | Val Acc: 0.8600
 Best site-sketch-0                  | Epoch:32 | Val Acc: 0.7400
 Best site-sketch-1                  | Epoch:32 | Val Acc: 0.6800
 Saving the local and server checkpoint to ../checkpoint/fed_pacs_even_1.0_1/q-ffl...
============ Train epoch 33 ============
denominator: 8863.8544921875
 Site-photo-0                       | Train Loss: 0.1059 | Train Acc: 0.9800
 Site-photo-1                       | Train Loss: 0.0876 | Train Acc: 0.9933
 Site-art_painting-0                | Train Loss: 0.5704 | Train Acc: 0.8333
 Site-art_painting-1                | Train Loss: 0.4408 | Train Acc: 0.8978
 Site-cartoon-0                     | Train Loss: 0.6385 | Train Acc: 0.8467
 Site-cartoon-1                     | Train Loss: 0.6047 | Train Acc: 0.8600
 Site-sketch-0                      | Train Loss: 0.9851 | Train Acc: 0.6800
 Site-sketch-1                      | Train Loss: 0.9592 | Train Acc: 0.6844
Average Train Accuracy: 0.8469
============ Train epoch 34 ============
denominator: 8874.08203125
 Site-photo-0                       | Train Loss: 0.1120 | Train Acc: 0.9867
 Site-photo-1                       | Train Loss: 0.0852 | Train Acc: 0.9911
 Site-art_painting-0                | Train Loss: 0.5592 | Train Acc: 0.8667
 Site-art_painting-1                | Train Loss: 0.4875 | Train Acc: 0.8933
 Site-cartoon-0                     | Train Loss: 0.6567 | Train Acc: 0.8267
 Site-cartoon-1                     | Train Loss: 0.5809 | Train Acc: 0.8578
 Site-sketch-0                      | Train Loss: 0.9188 | Train Acc: 0.6867
 Site-sketch-1                      | Train Loss: 0.9415 | Train Acc: 0.6911
Average Train Accuracy: 0.8500
============ Train epoch 35 ============
denominator: 8790.767578125
 Site-photo-0                       | Train Loss: 0.1096 | Train Acc: 0.9800
 Site-photo-1                       | Train Loss: 0.0730 | Train Acc: 0.9889
 Site-art_painting-0                | Train Loss: 0.4732 | Train Acc: 0.8733
 Site-art_painting-1                | Train Loss: 0.4245 | Train Acc: 0.8889
 Site-cartoon-0                     | Train Loss: 0.6541 | Train Acc: 0.8467
 Site-cartoon-1                     | Train Loss: 0.6155 | Train Acc: 0.8533
 Site-sketch-0                      | Train Loss: 0.9298 | Train Acc: 0.7067
 Site-sketch-1                      | Train Loss: 0.9595 | Train Acc: 0.6622
Average Train Accuracy: 0.8500
============ Train epoch 36 ============
denominator: 8853.2734375
 Site-photo-0                       | Train Loss: 0.1183 | Train Acc: 0.9733
 Site-photo-1                       | Train Loss: 0.0705 | Train Acc: 0.9933
 Site-art_painting-0                | Train Loss: 0.5229 | Train Acc: 0.8667
 Site-art_painting-1                | Train Loss: 0.5306 | Train Acc: 0.8844
 Site-cartoon-0                     | Train Loss: 0.5892 | Train Acc: 0.8533
 Site-cartoon-1                     | Train Loss: 0.5779 | Train Acc: 0.8578
 Site-sketch-0                      | Train Loss: 0.9488 | Train Acc: 0.7000
 Site-sketch-1                      | Train Loss: 0.9383 | Train Acc: 0.6644
Average Train Accuracy: 0.8492
============ Train epoch 37 ============
denominator: 8590.126953125
 Site-photo-0                       | Train Loss: 0.0959 | Train Acc: 0.9933
 Site-photo-1                       | Train Loss: 0.0660 | Train Acc: 0.9911
 Site-art_painting-0                | Train Loss: 0.4708 | Train Acc: 0.8800
 Site-art_painting-1                | Train Loss: 0.4018 | Train Acc: 0.9044
 Site-cartoon-0                     | Train Loss: 0.5909 | Train Acc: 0.8333
 Site-cartoon-1                     | Train Loss: 0.5359 | Train Acc: 0.8778
 Site-sketch-0                      | Train Loss: 0.9251 | Train Acc: 0.6933
 Site-sketch-1                      | Train Loss: 0.8934 | Train Acc: 0.6867
Average Train Accuracy: 0.8575
============ Train epoch 38 ============
denominator: 8616.15625
 Site-photo-0                       | Train Loss: 0.0915 | Train Acc: 0.9800
 Site-photo-1                       | Train Loss: 0.0649 | Train Acc: 0.9956
 Site-art_painting-0                | Train Loss: 0.5155 | Train Acc: 0.8667
 Site-art_painting-1                | Train Loss: 0.4526 | Train Acc: 0.8978
 Site-cartoon-0                     | Train Loss: 0.6365 | Train Acc: 0.8133
 Site-cartoon-1                     | Train Loss: 0.5632 | Train Acc: 0.8644
 Site-sketch-0                      | Train Loss: 0.8986 | Train Acc: 0.6933
 Site-sketch-1                      | Train Loss: 0.9223 | Train Acc: 0.6978
Average Train Accuracy: 0.8511
============ Train epoch 39 ============
denominator: 8506.2353515625
 Site-photo-0                       | Train Loss: 0.0857 | Train Acc: 0.9800
 Site-photo-1                       | Train Loss: 0.0587 | Train Acc: 0.9956
 Site-art_painting-0                | Train Loss: 0.4732 | Train Acc: 0.9067
 Site-art_painting-1                | Train Loss: 0.4547 | Train Acc: 0.8978
 Site-cartoon-0                     | Train Loss: 0.5945 | Train Acc: 0.8600
 Site-cartoon-1                     | Train Loss: 0.5371 | Train Acc: 0.8689
 Site-sketch-0                      | Train Loss: 0.8980 | Train Acc: 0.7200
 Site-sketch-1                      | Train Loss: 0.9102 | Train Acc: 0.7111
Average Train Accuracy: 0.8675
 Best site-photo-0                   | Epoch:39 | Val Acc: 0.9800
 Best site-photo-1                   | Epoch:39 | Val Acc: 0.9956
 Best site-art_painting-0            | Epoch:39 | Val Acc: 0.9067
 Best site-art_painting-1            | Epoch:39 | Val Acc: 0.8978
 Best site-cartoon-0                 | Epoch:39 | Val Acc: 0.8600
 Best site-cartoon-1                 | Epoch:39 | Val Acc: 0.8689
 Best site-sketch-0                  | Epoch:39 | Val Acc: 0.7200
 Best site-sketch-1                  | Epoch:39 | Val Acc: 0.7111
 Test site-photo-0                   | Epoch:39 | Test Acc: 1.0000
 Test site-photo-1                   | Epoch:39 | Test Acc: 0.9960
 Test site-art_painting-0            | Epoch:39 | Test Acc: 0.8780
 Test site-art_painting-1            | Epoch:39 | Test Acc: 0.9073
 Test site-cartoon-0                 | Epoch:39 | Test Acc: 0.8255
 Test site-cartoon-1                 | Epoch:39 | Test Acc: 0.8255
 Test site-sketch-0                  | Epoch:39 | Test Acc: 0.7150
 Test site-sketch-1                  | Epoch:39 | Test Acc: 0.6475
photo-0: 1.0000, photo-1: 0.9960, art_painting-0: 0.8780, art_painting-1: 0.9073, cartoon-0: 0.8255, cartoon-1: 0.8255, sketch-0: 0.7150, sketch-1: 0.6475, 
Average Test Accuracy(group): 0.8494, Average Test Accuracy(individual): 0.8494,
domain std=0.1164, cluster std=-1.0000, individual std=0.1164, 
 Saving the local and server checkpoint to ../checkpoint/fed_pacs_even_1.0_1/q-ffl...
============ Train epoch 40 ============
denominator: 8334.94140625
 Site-photo-0                       | Train Loss: 0.0764 | Train Acc: 0.9867
 Site-photo-1                       | Train Loss: 0.0687 | Train Acc: 0.9911
 Site-art_painting-0                | Train Loss: 0.4393 | Train Acc: 0.8733
 Site-art_painting-1                | Train Loss: 0.3664 | Train Acc: 0.9133
 Site-cartoon-0                     | Train Loss: 0.5674 | Train Acc: 0.8667
 Site-cartoon-1                     | Train Loss: 0.5644 | Train Acc: 0.8689
 Site-sketch-0                      | Train Loss: 0.9093 | Train Acc: 0.7133
 Site-sketch-1                      | Train Loss: 0.8722 | Train Acc: 0.7000
Average Train Accuracy: 0.8642
============ Train epoch 41 ============
denominator: 8370.015625
 Site-photo-0                       | Train Loss: 0.0780 | Train Acc: 0.9933
 Site-photo-1                       | Train Loss: 0.0529 | Train Acc: 0.9956
 Site-art_painting-0                | Train Loss: 0.4745 | Train Acc: 0.8867
 Site-art_painting-1                | Train Loss: 0.4222 | Train Acc: 0.9067
 Site-cartoon-0                     | Train Loss: 0.6291 | Train Acc: 0.8267
 Site-cartoon-1                     | Train Loss: 0.5439 | Train Acc: 0.8644
 Site-sketch-0                      | Train Loss: 0.8836 | Train Acc: 0.7200
 Site-sketch-1                      | Train Loss: 0.8773 | Train Acc: 0.7133
Average Train Accuracy: 0.8633
============ Train epoch 42 ============
denominator: 8334.6337890625
 Site-photo-0                       | Train Loss: 0.0769 | Train Acc: 0.9800
 Site-photo-1                       | Train Loss: 0.0458 | Train Acc: 0.9956
 Site-art_painting-0                | Train Loss: 0.4233 | Train Acc: 0.8933
 Site-art_painting-1                | Train Loss: 0.3734 | Train Acc: 0.9000
 Site-cartoon-0                     | Train Loss: 0.5946 | Train Acc: 0.8400
 Site-cartoon-1                     | Train Loss: 0.4930 | Train Acc: 0.8711
 Site-sketch-0                      | Train Loss: 0.8590 | Train Acc: 0.7400
 Site-sketch-1                      | Train Loss: 0.9129 | Train Acc: 0.6644
Average Train Accuracy: 0.8606
============ Train epoch 43 ============
denominator: 8219.5830078125
 Site-photo-0                       | Train Loss: 0.0649 | Train Acc: 0.9933
 Site-photo-1                       | Train Loss: 0.0538 | Train Acc: 0.9911
 Site-art_painting-0                | Train Loss: 0.4416 | Train Acc: 0.8800
 Site-art_painting-1                | Train Loss: 0.4698 | Train Acc: 0.9133
 Site-cartoon-0                     | Train Loss: 0.5558 | Train Acc: 0.9067
 Site-cartoon-1                     | Train Loss: 0.5514 | Train Acc: 0.8667
 Site-sketch-0                      | Train Loss: 0.8841 | Train Acc: 0.7000
 Site-sketch-1                      | Train Loss: 0.8380 | Train Acc: 0.7022
Average Train Accuracy: 0.8692
 Best site-photo-0                   | Epoch:43 | Val Acc: 0.9933
 Best site-photo-1                   | Epoch:43 | Val Acc: 0.9911
 Best site-art_painting-0            | Epoch:43 | Val Acc: 0.8800
 Best site-art_painting-1            | Epoch:43 | Val Acc: 0.9133
 Best site-cartoon-0                 | Epoch:43 | Val Acc: 0.9067
 Best site-cartoon-1                 | Epoch:43 | Val Acc: 0.8667
 Best site-sketch-0                  | Epoch:43 | Val Acc: 0.7000
 Best site-sketch-1                  | Epoch:43 | Val Acc: 0.7022
 Saving the local and server checkpoint to ../checkpoint/fed_pacs_even_1.0_1/q-ffl...
============ Train epoch 44 ============
denominator: 8312.2294921875
 Site-photo-0                       | Train Loss: 0.0741 | Train Acc: 0.9867
 Site-photo-1                       | Train Loss: 0.0552 | Train Acc: 0.9933
 Site-art_painting-0                | Train Loss: 0.4346 | Train Acc: 0.8867
 Site-art_painting-1                | Train Loss: 0.4162 | Train Acc: 0.8978
 Site-cartoon-0                     | Train Loss: 0.5879 | Train Acc: 0.8533
 Site-cartoon-1                     | Train Loss: 0.5030 | Train Acc: 0.8733
 Site-sketch-0                      | Train Loss: 0.8939 | Train Acc: 0.7267
 Site-sketch-1                      | Train Loss: 0.8654 | Train Acc: 0.6867
Average Train Accuracy: 0.8631
============ Train epoch 45 ============
denominator: 8230.2607421875
 Site-photo-0                       | Train Loss: 0.0615 | Train Acc: 0.9933
 Site-photo-1                       | Train Loss: 0.0549 | Train Acc: 0.9911
 Site-art_painting-0                | Train Loss: 0.4726 | Train Acc: 0.8933
 Site-art_painting-1                | Train Loss: 0.3865 | Train Acc: 0.9089
 Site-cartoon-0                     | Train Loss: 0.5331 | Train Acc: 0.8667
 Site-cartoon-1                     | Train Loss: 0.5142 | Train Acc: 0.8844
 Site-sketch-0                      | Train Loss: 0.8215 | Train Acc: 0.7267
 Site-sketch-1                      | Train Loss: 0.8249 | Train Acc: 0.6867
Average Train Accuracy: 0.8689
============ Train epoch 46 ============
denominator: 8056.81640625
 Site-photo-0                       | Train Loss: 0.0749 | Train Acc: 0.9800
 Site-photo-1                       | Train Loss: 0.0434 | Train Acc: 0.9956
 Site-art_painting-0                | Train Loss: 0.4184 | Train Acc: 0.8933
 Site-art_painting-1                | Train Loss: 0.3624 | Train Acc: 0.9089
 Site-cartoon-0                     | Train Loss: 0.5251 | Train Acc: 0.8600
 Site-cartoon-1                     | Train Loss: 0.4885 | Train Acc: 0.8800
 Site-sketch-0                      | Train Loss: 0.8278 | Train Acc: 0.7133
 Site-sketch-1                      | Train Loss: 0.9031 | Train Acc: 0.7156
Average Train Accuracy: 0.8683
============ Train epoch 47 ============
denominator: 8059.8662109375
 Site-photo-0                       | Train Loss: 0.0668 | Train Acc: 0.9867
 Site-photo-1                       | Train Loss: 0.0477 | Train Acc: 0.9933
 Site-art_painting-0                | Train Loss: 0.4458 | Train Acc: 0.8867
 Site-art_painting-1                | Train Loss: 0.3555 | Train Acc: 0.9067
 Site-cartoon-0                     | Train Loss: 0.5427 | Train Acc: 0.8600
 Site-cartoon-1                     | Train Loss: 0.4775 | Train Acc: 0.8867
 Site-sketch-0                      | Train Loss: 0.8650 | Train Acc: 0.7333
 Site-sketch-1                      | Train Loss: 0.8541 | Train Acc: 0.7133
Average Train Accuracy: 0.8708
 Best site-photo-0                   | Epoch:47 | Val Acc: 0.9867
 Best site-photo-1                   | Epoch:47 | Val Acc: 0.9933
 Best site-art_painting-0            | Epoch:47 | Val Acc: 0.8867
 Best site-art_painting-1            | Epoch:47 | Val Acc: 0.9067
 Best site-cartoon-0                 | Epoch:47 | Val Acc: 0.8600
 Best site-cartoon-1                 | Epoch:47 | Val Acc: 0.8867
 Best site-sketch-0                  | Epoch:47 | Val Acc: 0.7333
 Best site-sketch-1                  | Epoch:47 | Val Acc: 0.7133
 Saving the local and server checkpoint to ../checkpoint/fed_pacs_even_1.0_1/q-ffl...
============ Train epoch 48 ============
denominator: 7968.85302734375
 Site-photo-0                       | Train Loss: 0.0815 | Train Acc: 0.9867
 Site-photo-1                       | Train Loss: 0.0500 | Train Acc: 0.9911
 Site-art_painting-0                | Train Loss: 0.4549 | Train Acc: 0.8667
 Site-art_painting-1                | Train Loss: 0.3657 | Train Acc: 0.9178
 Site-cartoon-0                     | Train Loss: 0.5538 | Train Acc: 0.8600
 Site-cartoon-1                     | Train Loss: 0.4908 | Train Acc: 0.8800
 Site-sketch-0                      | Train Loss: 0.8643 | Train Acc: 0.7400
 Site-sketch-1                      | Train Loss: 0.8540 | Train Acc: 0.7089
Average Train Accuracy: 0.8689
============ Train epoch 49 ============
denominator: 8013.8662109375
 Site-photo-0                       | Train Loss: 0.0512 | Train Acc: 0.9867
 Site-photo-1                       | Train Loss: 0.0514 | Train Acc: 0.9911
 Site-art_painting-0                | Train Loss: 0.4740 | Train Acc: 0.8467
 Site-art_painting-1                | Train Loss: 0.3652 | Train Acc: 0.9244
 Site-cartoon-0                     | Train Loss: 0.5053 | Train Acc: 0.8667
 Site-cartoon-1                     | Train Loss: 0.4834 | Train Acc: 0.8756
 Site-sketch-0                      | Train Loss: 0.8204 | Train Acc: 0.7000
 Site-sketch-1                      | Train Loss: 0.8149 | Train Acc: 0.7378
Average Train Accuracy: 0.8661
 Test site-photo-0                   | Epoch:47 | Test Acc: 1.0000
 Test site-photo-1                   | Epoch:47 | Test Acc: 1.0000
 Test site-art_painting-0            | Epoch:47 | Test Acc: 0.8878
 Test site-art_painting-1            | Epoch:47 | Test Acc: 0.9154
 Test site-cartoon-0                 | Epoch:47 | Test Acc: 0.8298
 Test site-cartoon-1                 | Epoch:47 | Test Acc: 0.8326
 Test site-sketch-0                  | Epoch:47 | Test Acc: 0.7303
 Test site-sketch-1                  | Epoch:47 | Test Acc: 0.6771
photo-0: 1.0000, photo-1: 1.0000, art_painting-0: 0.8878, art_painting-1: 0.9154, cartoon-0: 0.8298, cartoon-1: 0.8326, sketch-0: 0.7303, sketch-1: 0.6771, 
Average Test Accuracy(group): 0.8591, Average Test Accuracy(individual): 0.8591,
domain std=0.1090, cluster std=-1.0000, individual std=0.1090, 
===2023-08-16 21:01:56===
