===2023-08-14 12:12:03===
===Setting===
    dataset: digit
    lr: 0.01
    batch: 32
    iters: 10
    wk_iters: 1
    si: False
    domain_num: 5
    quantile: 0
    power_cs: 1
    std_rw: False
    gender_label: False
    binary_race: False
    save_iter: -1
    mix5: False
    power_relu: 1
    Ea_val: False
data_number=[22,66,22,66,22,66,22,66,22,66,
client_nums=[2,2,2,2,2,]
len_dataset=[743,743,743,743,743,]
domain number = 5
Loading snapshots...
 Test site-MNIST-0                   (3)| Epoch:48 | Test Acc: 0.9300
 Test site-MNIST-1                   (3)| Epoch:48 | Test Acc: 0.9371
 Test site-USPS-0                    (0)| Epoch:48 | Test Acc: 0.9247
 Test site-USPS-1                    (0)| Epoch:48 | Test Acc: 0.9140
 Test site-SynthDigits-0             (4)| Epoch:48 | Test Acc: 0.7848
 Test site-SynthDigits-1             (4)| Epoch:48 | Test Acc: 0.7799
 Test site-MNIST-M-0                 (1)| Epoch:48 | Test Acc: 0.5543
 Test site-MNIST-M-1                 (1)| Epoch:48 | Test Acc: 0.5562
 Test site-SVHN-0                    (2)| Epoch:48 | Test Acc: 0.4395
 Test site-SVHN-1                    (2)| Epoch:48 | Test Acc: 0.4332
MNIST-0: 0.9300, MNIST-1: 0.9371, USPS-0: 0.9247, USPS-1: 0.9140, SynthDigits-0: 0.7848, SynthDigits-1: 0.7799, MNIST-M-0: 0.5543, MNIST-M-1: 0.5562, SVHN-0: 0.4395, SVHN-1: 0.4332, 
Average Test Accuracy(group): 0.7254, Average Test Accuracy(individual): 0.7254,
domain std=0.1984, cluster std=0.1983, individual std=0.1984, 
