===2023-03-27 04:37:44===
===Setting===
    dataset: domainnet
    lr: 0.01
    batch: 16
    iters: 10
    wk_iters: 5
domain number = 5
============ Train epoch 0 ============
============ Train epoch 1 ============
============ Train epoch 2 ============
============ Train epoch 3 ============
============ Train epoch 4 ============
 Site-Clipart   | Train Loss: 2.0419 | Train Acc: 0.3810
 Site-Clipart   | Train Loss: 1.9844 | Train Acc: 0.4762
 Site-Infograph | Train Loss: 2.1917 | Train Acc: 0.1905
 Site-Infograph | Train Loss: 2.1550 | Train Acc: 0.2857
 Site-Painting  | Train Loss: 1.9929 | Train Acc: 0.4603
 Site-Painting  | Train Loss: 2.0635 | Train Acc: 0.4127
 Site-QuickDraw | Train Loss: 2.2585 | Train Acc: 0.1905
 Site-QuickDraw | Train Loss: 2.1717 | Train Acc: 0.3016
 Site-Real      | Train Loss: 1.9205 | Train Acc: 0.5079
 Site-Real      | Train Loss: 1.9898 | Train Acc: 0.4286
 Site-Clipart   | Val  Loss: 2.0021 | Val  Acc: 0.3571
 Site-Clipart   | Val  Loss: 2.0359 | Val  Acc: 0.4048
 Site-Infograph | Val  Loss: 2.1749 | Val  Acc: 0.2381
 Site-Infograph | Val  Loss: 2.1904 | Val  Acc: 0.1429
 Site-Painting  | Val  Loss: 2.0020 | Val  Acc: 0.3810
 Site-Painting  | Val  Loss: 2.0724 | Val  Acc: 0.3333
 Site-QuickDraw | Val  Loss: 2.1591 | Val  Acc: 0.3095
 Site-QuickDraw | Val  Loss: 2.2437 | Val  Acc: 0.2619
 Site-Real      | Val  Loss: 1.9090 | Val  Acc: 0.5238
 Site-Real      | Val  Loss: 2.0154 | Val  Acc: 0.4524
Average Valid Accuracy: 0.3405
 Best site-Clipart    | Epoch:0 | Val Acc: 0.3571
 Best site-Clipart    | Epoch:0 | Val Acc: 0.4048
 Best site-Infograph  | Epoch:0 | Val Acc: 0.2381
 Best site-Infograph  | Epoch:0 | Val Acc: 0.1429
 Best site-Painting   | Epoch:0 | Val Acc: 0.3810
 Best site-Painting   | Epoch:0 | Val Acc: 0.3333
 Best site-QuickDraw  | Epoch:0 | Val Acc: 0.3095
 Best site-QuickDraw  | Epoch:0 | Val Acc: 0.2619
 Best site-Real       | Epoch:0 | Val Acc: 0.5238
 Best site-Real       | Epoch:0 | Val Acc: 0.4524
 Saving the local and server checkpoint to ../checkpoint/fed_domainnet_even/FedPrompt_Sketch...
============ Train epoch 5 ============
============ Train epoch 6 ============
============ Train epoch 7 ============
============ Train epoch 8 ============
============ Train epoch 9 ============
 Site-Clipart   | Train Loss: 1.7199 | Train Acc: 0.5397
 Site-Clipart   | Train Loss: 1.7627 | Train Acc: 0.5397
 Site-Infograph | Train Loss: 2.1044 | Train Acc: 0.3016
 Site-Infograph | Train Loss: 2.0695 | Train Acc: 0.3492
 Site-Painting  | Train Loss: 1.5314 | Train Acc: 0.6190
 Site-Painting  | Train Loss: 1.6245 | Train Acc: 0.6508
 Site-QuickDraw | Train Loss: 2.1088 | Train Acc: 0.3492
 Site-QuickDraw | Train Loss: 1.9875 | Train Acc: 0.4444
 Site-Real      | Train Loss: 1.4210 | Train Acc: 0.7619
 Site-Real      | Train Loss: 1.3973 | Train Acc: 0.8413
 Site-Clipart   | Val  Loss: 1.7531 | Val  Acc: 0.5952
 Site-Clipart   | Val  Loss: 1.7192 | Val  Acc: 0.5000
 Site-Infograph | Val  Loss: 2.0197 | Val  Acc: 0.3333
 Site-Infograph | Val  Loss: 2.1155 | Val  Acc: 0.3333
 Site-Painting  | Val  Loss: 1.5175 | Val  Acc: 0.6429
 Site-Painting  | Val  Loss: 1.7084 | Val  Acc: 0.6190
 Site-QuickDraw | Val  Loss: 1.9235 | Val  Acc: 0.5952
 Site-QuickDraw | Val  Loss: 2.0946 | Val  Acc: 0.3333
 Site-Real      | Val  Loss: 1.3463 | Val  Acc: 0.9048
 Site-Real      | Val  Loss: 1.4361 | Val  Acc: 0.8333
Average Valid Accuracy: 0.5690
 Best site-Clipart    | Epoch:1 | Val Acc: 0.5952
 Best site-Clipart    | Epoch:1 | Val Acc: 0.5000
 Best site-Infograph  | Epoch:1 | Val Acc: 0.3333
 Best site-Infograph  | Epoch:1 | Val Acc: 0.3333
 Best site-Painting   | Epoch:1 | Val Acc: 0.6429
 Best site-Painting   | Epoch:1 | Val Acc: 0.6190
 Best site-QuickDraw  | Epoch:1 | Val Acc: 0.5952
 Best site-QuickDraw  | Epoch:1 | Val Acc: 0.3333
 Best site-Real       | Epoch:1 | Val Acc: 0.9048
 Best site-Real       | Epoch:1 | Val Acc: 0.8333
 Saving the local and server checkpoint to ../checkpoint/fed_domainnet_even/FedPrompt_Sketch...
============ Train epoch 10 ============
============ Train epoch 11 ============
============ Train epoch 12 ============
============ Train epoch 13 ============
============ Train epoch 14 ============
 Site-Clipart   | Train Loss: 1.3678 | Train Acc: 0.6190
 Site-Clipart   | Train Loss: 1.4665 | Train Acc: 0.6667
 Site-Infograph | Train Loss: 1.9235 | Train Acc: 0.3810
 Site-Infograph | Train Loss: 1.8237 | Train Acc: 0.4921
 Site-Painting  | Train Loss: 1.1670 | Train Acc: 0.7937
 Site-Painting  | Train Loss: 1.2111 | Train Acc: 0.7302
 Site-QuickDraw | Train Loss: 1.9612 | Train Acc: 0.3968
 Site-QuickDraw | Train Loss: 1.7602 | Train Acc: 0.4921
 Site-Real      | Train Loss: 1.0265 | Train Acc: 0.8413
 Site-Real      | Train Loss: 1.0242 | Train Acc: 0.9048
 Site-Clipart   | Val  Loss: 1.4884 | Val  Acc: 0.5714
 Site-Clipart   | Val  Loss: 1.3667 | Val  Acc: 0.6905
 Site-Infograph | Val  Loss: 1.7999 | Val  Acc: 0.5238
 Site-Infograph | Val  Loss: 1.9995 | Val  Acc: 0.3571
 Site-Painting  | Val  Loss: 1.1416 | Val  Acc: 0.7857
 Site-Painting  | Val  Loss: 1.3082 | Val  Acc: 0.7619
 Site-QuickDraw | Val  Loss: 1.6607 | Val  Acc: 0.5476
 Site-QuickDraw | Val  Loss: 1.8669 | Val  Acc: 0.4524
 Site-Real      | Val  Loss: 1.0009 | Val  Acc: 0.9048
 Site-Real      | Val  Loss: 1.1562 | Val  Acc: 0.8095
Average Valid Accuracy: 0.6405
 Best site-Clipart    | Epoch:2 | Val Acc: 0.5714
 Best site-Clipart    | Epoch:2 | Val Acc: 0.6905
 Best site-Infograph  | Epoch:2 | Val Acc: 0.5238
 Best site-Infograph  | Epoch:2 | Val Acc: 0.3571
 Best site-Painting   | Epoch:2 | Val Acc: 0.7857
 Best site-Painting   | Epoch:2 | Val Acc: 0.7619
 Best site-QuickDraw  | Epoch:2 | Val Acc: 0.5476
 Best site-QuickDraw  | Epoch:2 | Val Acc: 0.4524
 Best site-Real       | Epoch:2 | Val Acc: 0.9048
 Best site-Real       | Epoch:2 | Val Acc: 0.8095
 Saving the local and server checkpoint to ../checkpoint/fed_domainnet_even/FedPrompt_Sketch...
============ Train epoch 15 ============
============ Train epoch 16 ============
============ Train epoch 17 ============
============ Train epoch 18 ============
============ Train epoch 19 ============
 Site-Clipart   | Train Loss: 1.0937 | Train Acc: 0.7302
 Site-Clipart   | Train Loss: 1.2224 | Train Acc: 0.6984
 Site-Infograph | Train Loss: 1.8202 | Train Acc: 0.3333
 Site-Infograph | Train Loss: 1.6661 | Train Acc: 0.4921
 Site-Painting  | Train Loss: 0.9717 | Train Acc: 0.8095
 Site-Painting  | Train Loss: 0.9951 | Train Acc: 0.7937
 Site-QuickDraw | Train Loss: 1.7595 | Train Acc: 0.4921
 Site-QuickDraw | Train Loss: 1.5366 | Train Acc: 0.6508
 Site-Real      | Train Loss: 0.7400 | Train Acc: 0.9524
 Site-Real      | Train Loss: 0.7496 | Train Acc: 0.9206
 Site-Clipart   | Val  Loss: 1.2734 | Val  Acc: 0.6905
 Site-Clipart   | Val  Loss: 1.1368 | Val  Acc: 0.6429
 Site-Infograph | Val  Loss: 1.5970 | Val  Acc: 0.5476
 Site-Infograph | Val  Loss: 1.8751 | Val  Acc: 0.3810
 Site-Painting  | Val  Loss: 0.7929 | Val  Acc: 0.9048
 Site-Painting  | Val  Loss: 1.0831 | Val  Acc: 0.6905
 Site-QuickDraw | Val  Loss: 1.4175 | Val  Acc: 0.7143
 Site-QuickDraw | Val  Loss: 1.6688 | Val  Acc: 0.5714
 Site-Real      | Val  Loss: 0.6428 | Val  Acc: 0.9286
 Site-Real      | Val  Loss: 0.8048 | Val  Acc: 0.9048
Average Valid Accuracy: 0.6976
 Best site-Clipart    | Epoch:3 | Val Acc: 0.6905
 Best site-Clipart    | Epoch:3 | Val Acc: 0.6429
 Best site-Infograph  | Epoch:3 | Val Acc: 0.5476
 Best site-Infograph  | Epoch:3 | Val Acc: 0.3810
 Best site-Painting   | Epoch:3 | Val Acc: 0.9048
 Best site-Painting   | Epoch:3 | Val Acc: 0.6905
 Best site-QuickDraw  | Epoch:3 | Val Acc: 0.7143
 Best site-QuickDraw  | Epoch:3 | Val Acc: 0.5714
 Best site-Real       | Epoch:3 | Val Acc: 0.9286
 Best site-Real       | Epoch:3 | Val Acc: 0.9048
 Saving the local and server checkpoint to ../checkpoint/fed_domainnet_even/FedPrompt_Sketch...
============ Train epoch 20 ============
============ Train epoch 21 ============
============ Train epoch 22 ============
============ Train epoch 23 ============
============ Train epoch 24 ============
 Site-Clipart   | Train Loss: 0.8834 | Train Acc: 0.8254
 Site-Clipart   | Train Loss: 1.0201 | Train Acc: 0.7143
 Site-Infograph | Train Loss: 1.6603 | Train Acc: 0.4921
 Site-Infograph | Train Loss: 1.4334 | Train Acc: 0.6190
 Site-Painting  | Train Loss: 0.7457 | Train Acc: 0.8571
 Site-Painting  | Train Loss: 0.7465 | Train Acc: 0.9048
 Site-QuickDraw | Train Loss: 1.5399 | Train Acc: 0.5556
 Site-QuickDraw | Train Loss: 1.3491 | Train Acc: 0.6032
 Site-Real      | Train Loss: 0.5309 | Train Acc: 0.9048
 Site-Real      | Train Loss: 0.5185 | Train Acc: 0.8889
 Site-Clipart   | Val  Loss: 1.0768 | Val  Acc: 0.6429
 Site-Clipart   | Val  Loss: 1.0357 | Val  Acc: 0.6429
 Site-Infograph | Val  Loss: 1.3334 | Val  Acc: 0.5952
 Site-Infograph | Val  Loss: 1.6394 | Val  Acc: 0.4524
 Site-Painting  | Val  Loss: 0.5818 | Val  Acc: 0.9286
 Site-Painting  | Val  Loss: 0.9090 | Val  Acc: 0.8333
 Site-QuickDraw | Val  Loss: 1.2014 | Val  Acc: 0.6667
 Site-QuickDraw | Val  Loss: 1.5176 | Val  Acc: 0.5476
 Site-Real      | Val  Loss: 0.4954 | Val  Acc: 0.9524
 Site-Real      | Val  Loss: 0.6250 | Val  Acc: 0.8571
Average Valid Accuracy: 0.7119
 Best site-Clipart    | Epoch:4 | Val Acc: 0.6429
 Best site-Clipart    | Epoch:4 | Val Acc: 0.6429
 Best site-Infograph  | Epoch:4 | Val Acc: 0.5952
 Best site-Infograph  | Epoch:4 | Val Acc: 0.4524
 Best site-Painting   | Epoch:4 | Val Acc: 0.9286
 Best site-Painting   | Epoch:4 | Val Acc: 0.8333
 Best site-QuickDraw  | Epoch:4 | Val Acc: 0.6667
 Best site-QuickDraw  | Epoch:4 | Val Acc: 0.5476
 Best site-Real       | Epoch:4 | Val Acc: 0.9524
 Best site-Real       | Epoch:4 | Val Acc: 0.8571
 Saving the local and server checkpoint to ../checkpoint/fed_domainnet_even/FedPrompt_Sketch...
============ Train epoch 25 ============
============ Train epoch 26 ============
============ Train epoch 27 ============
============ Train epoch 28 ============
============ Train epoch 29 ============
 Site-Clipart   | Train Loss: 0.7760 | Train Acc: 0.8413
 Site-Clipart   | Train Loss: 0.9585 | Train Acc: 0.6667
 Site-Infograph | Train Loss: 1.5995 | Train Acc: 0.4444
 Site-Infograph | Train Loss: 1.3849 | Train Acc: 0.5873
 Site-Painting  | Train Loss: 0.6180 | Train Acc: 0.8730
 Site-Painting  | Train Loss: 0.5788 | Train Acc: 0.8889
 Site-QuickDraw | Train Loss: 1.4664 | Train Acc: 0.6667
 Site-QuickDraw | Train Loss: 1.2745 | Train Acc: 0.6825
 Site-Real      | Train Loss: 0.4415 | Train Acc: 0.9206
 Site-Real      | Train Loss: 0.3745 | Train Acc: 0.9524
 Site-Clipart   | Val  Loss: 0.9918 | Val  Acc: 0.6905
 Site-Clipart   | Val  Loss: 0.8640 | Val  Acc: 0.8333
 Site-Infograph | Val  Loss: 1.3160 | Val  Acc: 0.5952
 Site-Infograph | Val  Loss: 1.6521 | Val  Acc: 0.4048
 Site-Painting  | Val  Loss: 0.5140 | Val  Acc: 0.9762
 Site-Painting  | Val  Loss: 0.6469 | Val  Acc: 0.8571
 Site-QuickDraw | Val  Loss: 1.0929 | Val  Acc: 0.6905
 Site-QuickDraw | Val  Loss: 1.4384 | Val  Acc: 0.5952
 Site-Real      | Val  Loss: 0.3438 | Val  Acc: 0.9762
 Site-Real      | Val  Loss: 0.4284 | Val  Acc: 0.9286
Average Valid Accuracy: 0.7548
 Best site-Clipart    | Epoch:5 | Val Acc: 0.6905
 Best site-Clipart    | Epoch:5 | Val Acc: 0.8333
 Best site-Infograph  | Epoch:5 | Val Acc: 0.5952
 Best site-Infograph  | Epoch:5 | Val Acc: 0.4048
 Best site-Painting   | Epoch:5 | Val Acc: 0.9762
 Best site-Painting   | Epoch:5 | Val Acc: 0.8571
 Best site-QuickDraw  | Epoch:5 | Val Acc: 0.6905
 Best site-QuickDraw  | Epoch:5 | Val Acc: 0.5952
 Best site-Real       | Epoch:5 | Val Acc: 0.9762
 Best site-Real       | Epoch:5 | Val Acc: 0.9286
 Saving the local and server checkpoint to ../checkpoint/fed_domainnet_even/FedPrompt_Sketch...
============ Train epoch 30 ============
============ Train epoch 31 ============
============ Train epoch 32 ============
============ Train epoch 33 ============
============ Train epoch 34 ============
 Site-Clipart   | Train Loss: 0.6973 | Train Acc: 0.8095
 Site-Clipart   | Train Loss: 0.8696 | Train Acc: 0.6984
 Site-Infograph | Train Loss: 1.5571 | Train Acc: 0.4603
 Site-Infograph | Train Loss: 1.3183 | Train Acc: 0.6349
 Site-Painting  | Train Loss: 0.6329 | Train Acc: 0.8254
 Site-Painting  | Train Loss: 0.5311 | Train Acc: 0.9048
 Site-QuickDraw | Train Loss: 1.3323 | Train Acc: 0.6508
 Site-QuickDraw | Train Loss: 1.0469 | Train Acc: 0.7143
 Site-Real      | Train Loss: 0.3671 | Train Acc: 0.9206
 Site-Real      | Train Loss: 0.3094 | Train Acc: 0.9841
 Site-Clipart   | Val  Loss: 0.9621 | Val  Acc: 0.6905
 Site-Clipart   | Val  Loss: 0.7670 | Val  Acc: 0.7619
 Site-Infograph | Val  Loss: 1.0556 | Val  Acc: 0.7143
 Site-Infograph | Val  Loss: 1.6940 | Val  Acc: 0.3810
 Site-Painting  | Val  Loss: 0.5032 | Val  Acc: 0.8810
 Site-Painting  | Val  Loss: 0.7420 | Val  Acc: 0.7857
 Site-QuickDraw | Val  Loss: 0.9904 | Val  Acc: 0.7619
 Site-QuickDraw | Val  Loss: 1.2246 | Val  Acc: 0.6429
 Site-Real      | Val  Loss: 0.2730 | Val  Acc: 0.9524
 Site-Real      | Val  Loss: 0.3509 | Val  Acc: 0.9286
Average Valid Accuracy: 0.7500
============ Train epoch 35 ============
============ Train epoch 36 ============
============ Train epoch 37 ============
============ Train epoch 38 ============
============ Train epoch 39 ============
 Site-Clipart   | Train Loss: 0.4779 | Train Acc: 0.9365
 Site-Clipart   | Train Loss: 0.6828 | Train Acc: 0.8254
 Site-Infograph | Train Loss: 1.5417 | Train Acc: 0.4603
 Site-Infograph | Train Loss: 1.1607 | Train Acc: 0.6508
 Site-Painting  | Train Loss: 0.4062 | Train Acc: 0.9365
 Site-Painting  | Train Loss: 0.3987 | Train Acc: 0.9365
 Site-QuickDraw | Train Loss: 1.1938 | Train Acc: 0.6984
 Site-QuickDraw | Train Loss: 0.9816 | Train Acc: 0.6984
 Site-Real      | Train Loss: 0.2978 | Train Acc: 0.9365
 Site-Real      | Train Loss: 0.2351 | Train Acc: 0.9683
 Site-Clipart   | Val  Loss: 0.7212 | Val  Acc: 0.8571
 Site-Clipart   | Val  Loss: 0.6919 | Val  Acc: 0.7857
 Site-Infograph | Val  Loss: 0.9817 | Val  Acc: 0.7857
 Site-Infograph | Val  Loss: 1.6847 | Val  Acc: 0.4524
 Site-Painting  | Val  Loss: 0.3738 | Val  Acc: 0.9524
 Site-Painting  | Val  Loss: 0.5148 | Val  Acc: 0.8810
 Site-QuickDraw | Val  Loss: 0.7861 | Val  Acc: 0.8333
 Site-QuickDraw | Val  Loss: 1.1557 | Val  Acc: 0.6667
 Site-Real      | Val  Loss: 0.2203 | Val  Acc: 0.9524
 Site-Real      | Val  Loss: 0.2865 | Val  Acc: 0.9286
Average Valid Accuracy: 0.8095
 Best site-Clipart    | Epoch:7 | Val Acc: 0.8571
 Best site-Clipart    | Epoch:7 | Val Acc: 0.7857
 Best site-Infograph  | Epoch:7 | Val Acc: 0.7857
 Best site-Infograph  | Epoch:7 | Val Acc: 0.4524
 Best site-Painting   | Epoch:7 | Val Acc: 0.9524
 Best site-Painting   | Epoch:7 | Val Acc: 0.8810
 Best site-QuickDraw  | Epoch:7 | Val Acc: 0.8333
 Best site-QuickDraw  | Epoch:7 | Val Acc: 0.6667
 Best site-Real       | Epoch:7 | Val Acc: 0.9524
 Best site-Real       | Epoch:7 | Val Acc: 0.9286
 Saving the local and server checkpoint to ../checkpoint/fed_domainnet_even/FedPrompt_Sketch...
============ Train epoch 40 ============
============ Train epoch 41 ============
============ Train epoch 42 ============
============ Train epoch 43 ============
============ Train epoch 44 ============
 Site-Clipart   | Train Loss: 0.3958 | Train Acc: 0.9048
 Site-Clipart   | Train Loss: 0.5572 | Train Acc: 0.9048
 Site-Infograph | Train Loss: 1.3510 | Train Acc: 0.5556
 Site-Infograph | Train Loss: 0.9807 | Train Acc: 0.6667
 Site-Painting  | Train Loss: 0.2836 | Train Acc: 0.9524
 Site-Painting  | Train Loss: 0.3092 | Train Acc: 0.9841
 Site-QuickDraw | Train Loss: 1.1190 | Train Acc: 0.6667
 Site-QuickDraw | Train Loss: 0.9610 | Train Acc: 0.7302
 Site-Real      | Train Loss: 0.2374 | Train Acc: 0.9524
 Site-Real      | Train Loss: 0.1579 | Train Acc: 0.9683
 Site-Clipart   | Val  Loss: 0.5477 | Val  Acc: 0.8810
 Site-Clipart   | Val  Loss: 0.4516 | Val  Acc: 0.8810
 Site-Infograph | Val  Loss: 0.8326 | Val  Acc: 0.8333
 Site-Infograph | Val  Loss: 1.4303 | Val  Acc: 0.4762
 Site-Painting  | Val  Loss: 0.2918 | Val  Acc: 0.9524
 Site-Painting  | Val  Loss: 0.4272 | Val  Acc: 0.8810
 Site-QuickDraw | Val  Loss: 0.7341 | Val  Acc: 0.8095
 Site-QuickDraw | Val  Loss: 1.0323 | Val  Acc: 0.6905
 Site-Real      | Val  Loss: 0.1494 | Val  Acc: 0.9762
 Site-Real      | Val  Loss: 0.2517 | Val  Acc: 0.9286
Average Valid Accuracy: 0.8310
 Best site-Clipart    | Epoch:8 | Val Acc: 0.8810
 Best site-Clipart    | Epoch:8 | Val Acc: 0.8810
 Best site-Infograph  | Epoch:8 | Val Acc: 0.8333
 Best site-Infograph  | Epoch:8 | Val Acc: 0.4762
 Best site-Painting   | Epoch:8 | Val Acc: 0.9524
 Best site-Painting   | Epoch:8 | Val Acc: 0.8810
 Best site-QuickDraw  | Epoch:8 | Val Acc: 0.8095
 Best site-QuickDraw  | Epoch:8 | Val Acc: 0.6905
 Best site-Real       | Epoch:8 | Val Acc: 0.9762
 Best site-Real       | Epoch:8 | Val Acc: 0.9286
 Saving the local and server checkpoint to ../checkpoint/fed_domainnet_even/FedPrompt_Sketch...
============ Train epoch 45 ============
============ Train epoch 46 ============
============ Train epoch 47 ============
============ Train epoch 48 ============
============ Train epoch 49 ============
 Site-Clipart   | Train Loss: 0.2759 | Train Acc: 0.9365
 Site-Clipart   | Train Loss: 0.4369 | Train Acc: 0.9206
 Site-Infograph | Train Loss: 1.3900 | Train Acc: 0.4921
 Site-Infograph | Train Loss: 0.9294 | Train Acc: 0.7143
 Site-Painting  | Train Loss: 0.2142 | Train Acc: 0.9841
 Site-Painting  | Train Loss: 0.2493 | Train Acc: 0.9683
 Site-QuickDraw | Train Loss: 1.0832 | Train Acc: 0.6825
 Site-QuickDraw | Train Loss: 0.8042 | Train Acc: 0.7302
 Site-Real      | Train Loss: 0.1946 | Train Acc: 0.9365
 Site-Real      | Train Loss: 0.1256 | Train Acc: 0.9841
 Site-Clipart   | Val  Loss: 0.4811 | Val  Acc: 0.8571
 Site-Clipart   | Val  Loss: 0.3954 | Val  Acc: 0.9524
 Site-Infograph | Val  Loss: 0.6228 | Val  Acc: 0.9048
 Site-Infograph | Val  Loss: 1.2897 | Val  Acc: 0.5000
 Site-Painting  | Val  Loss: 0.2064 | Val  Acc: 0.9762
 Site-Painting  | Val  Loss: 0.3078 | Val  Acc: 0.9524
 Site-QuickDraw | Val  Loss: 0.6660 | Val  Acc: 0.8333
 Site-QuickDraw | Val  Loss: 0.9784 | Val  Acc: 0.7381
 Site-Real      | Val  Loss: 0.1081 | Val  Acc: 0.9762
 Site-Real      | Val  Loss: 0.1749 | Val  Acc: 0.9762
Average Valid Accuracy: 0.8667
 Best site-Clipart    | Epoch:9 | Val Acc: 0.8571
 Best site-Clipart    | Epoch:9 | Val Acc: 0.9524
 Best site-Infograph  | Epoch:9 | Val Acc: 0.9048
 Best site-Infograph  | Epoch:9 | Val Acc: 0.5000
 Best site-Painting   | Epoch:9 | Val Acc: 0.9762
 Best site-Painting   | Epoch:9 | Val Acc: 0.9524
 Best site-QuickDraw  | Epoch:9 | Val Acc: 0.8333
 Best site-QuickDraw  | Epoch:9 | Val Acc: 0.7381
 Best site-Real       | Epoch:9 | Val Acc: 0.9762
 Best site-Real       | Epoch:9 | Val Acc: 0.9762
 Saving the local and server checkpoint to ../checkpoint/fed_domainnet_even/FedPrompt_Sketch...
===2023-03-27 05:04:57===
===2023-03-27 05:04:58===
===Setting===
    dataset: domainnet
    lr: 0.01
    batch: 8
    iters: 10
    wk_iters: 5
domain number = 5
Loading snapshots...
Test Accuracy of Sketch: 0.7274
Average Test Accuracy: 0.7274
