===2023-04-04 07:52:30===
===Setting===
    dataset: domainnet
    lr: 0.01
    batch: 16
    iters: 40
    wk_iters: 5
    tune: False
    lambda for constrastive: 0.5
domain number = 3
============ Train epoch 0 ============
============ Train epoch 1 ============
============ Train epoch 2 ============
============ Train epoch 3 ============
============ Train epoch 4 ============
client-0 is in G-2
client-1 is in G-1
client-2 is in G-1
client-3 is in G-2
client-4 is in G-0
client-5 is in G-0
client-6 is in G-1
client-7 is in G-1
client-8 is in G-0
client-9 is in G-2
client-10 is in G-0
client-11 is in G-2
cnt=[4, 4, 4, ]
 Site-Clipart   | Train Loss: 2.0564 | Train Acc: 0.3333
 Site-Clipart   | Train Loss: 1.9943 | Train Acc: 0.4127
 Site-Infograph | Train Loss: 2.1906 | Train Acc: 0.1905
 Site-Infograph | Train Loss: 2.2031 | Train Acc: 0.2698
 Site-Painting  | Train Loss: 1.9989 | Train Acc: 0.4127
 Site-Painting  | Train Loss: 2.1145 | Train Acc: 0.3175
 Site-QuickDraw | Train Loss: 2.2964 | Train Acc: 0.1111
 Site-QuickDraw | Train Loss: 2.2348 | Train Acc: 0.1905
 Site-Real      | Train Loss: 1.9878 | Train Acc: 0.4127
 Site-Real      | Train Loss: 2.0407 | Train Acc: 0.3651
 Site-Sketch    | Train Loss: 1.9547 | Train Acc: 0.4762
 Site-Sketch    | Train Loss: 1.9932 | Train Acc: 0.4286
 Site-Clipart   | Val  Loss: 1.9543 | Val  Acc: 0.4762
 Site-Clipart   | Val  Loss: 2.0147 | Val  Acc: 0.4048
 Site-Infograph | Val  Loss: 2.2274 | Val  Acc: 0.2143
 Site-Infograph | Val  Loss: 2.1854 | Val  Acc: 0.1905
 Site-Painting  | Val  Loss: 2.0057 | Val  Acc: 0.3571
 Site-Painting  | Val  Loss: 2.1152 | Val  Acc: 0.4286
 Site-QuickDraw | Val  Loss: 2.1880 | Val  Acc: 0.2857
 Site-QuickDraw | Val  Loss: 2.2488 | Val  Acc: 0.2381
 Site-Real      | Val  Loss: 2.0002 | Val  Acc: 0.3810
 Site-Real      | Val  Loss: 2.0556 | Val  Acc: 0.3810
 Site-Sketch    | Val  Loss: 2.0067 | Val  Acc: 0.4524
 Site-Sketch    | Val  Loss: 2.0580 | Val  Acc: 0.4286
Average Valid Accuracy: 0.3532
 Best site-Clipart    | Epoch:0 | Val Acc: 0.4762
 Best site-Clipart    | Epoch:0 | Val Acc: 0.4048
 Best site-Infograph  | Epoch:0 | Val Acc: 0.2143
 Best site-Infograph  | Epoch:0 | Val Acc: 0.1905
 Best site-Painting   | Epoch:0 | Val Acc: 0.3571
 Best site-Painting   | Epoch:0 | Val Acc: 0.4286
 Best site-QuickDraw  | Epoch:0 | Val Acc: 0.2857
 Best site-QuickDraw  | Epoch:0 | Val Acc: 0.2381
 Best site-Real       | Epoch:0 | Val Acc: 0.3810
 Best site-Real       | Epoch:0 | Val Acc: 0.3810
 Best site-Sketch     | Epoch:0 | Val Acc: 0.4524
 Best site-Sketch     | Epoch:0 | Val Acc: 0.4286
 Saving the local and server checkpoint to ../checkpoint/fed_domainnet_even-sqrt_1/Nova...
============ Train epoch 5 ============
============ Train epoch 6 ============
============ Train epoch 7 ============
============ Train epoch 8 ============
============ Train epoch 9 ============
client-0 is in G-1
client-1 is in G-0
client-2 is in G-0
client-3 is in G-2
client-4 is in G-2
client-5 is in G-0
client-6 is in G-1
client-7 is in G-1
client-8 is in G-0
client-9 is in G-2
client-10 is in G-0
client-11 is in G-2
cnt=[5, 3, 4, ]
 Site-Clipart   | Train Loss: 1.8024 | Train Acc: 0.4921
 Site-Clipart   | Train Loss: 1.7514 | Train Acc: 0.6349
 Site-Infograph | Train Loss: 2.0924 | Train Acc: 0.3175
 Site-Infograph | Train Loss: 2.0422 | Train Acc: 0.4603
 Site-Painting  | Train Loss: 1.7182 | Train Acc: 0.5873
 Site-Painting  | Train Loss: 1.7089 | Train Acc: 0.6190
 Site-QuickDraw | Train Loss: 2.1687 | Train Acc: 0.2381
 Site-QuickDraw | Train Loss: 2.0863 | Train Acc: 0.3333
 Site-Real      | Train Loss: 1.5908 | Train Acc: 0.6984
 Site-Real      | Train Loss: 1.6612 | Train Acc: 0.7302
 Site-Sketch    | Train Loss: 1.6566 | Train Acc: 0.6825
 Site-Sketch    | Train Loss: 1.7330 | Train Acc: 0.6190
 Site-Clipart   | Val  Loss: 1.7597 | Val  Acc: 0.6190
 Site-Clipart   | Val  Loss: 1.7991 | Val  Acc: 0.5000
 Site-Infograph | Val  Loss: 2.0373 | Val  Acc: 0.3810
 Site-Infograph | Val  Loss: 2.1166 | Val  Acc: 0.3095
 Site-Painting  | Val  Loss: 1.5913 | Val  Acc: 0.7857
 Site-Painting  | Val  Loss: 1.8955 | Val  Acc: 0.4524
 Site-QuickDraw | Val  Loss: 2.0633 | Val  Acc: 0.3571
 Site-QuickDraw | Val  Loss: 2.1340 | Val  Acc: 0.3095
 Site-Real      | Val  Loss: 1.6633 | Val  Acc: 0.6429
 Site-Real      | Val  Loss: 1.6753 | Val  Acc: 0.6905
 Site-Sketch    | Val  Loss: 1.7100 | Val  Acc: 0.6190
 Site-Sketch    | Val  Loss: 1.7523 | Val  Acc: 0.6190
Average Valid Accuracy: 0.5238
 Best site-Clipart    | Epoch:1 | Val Acc: 0.6190
 Best site-Clipart    | Epoch:1 | Val Acc: 0.5000
 Best site-Infograph  | Epoch:1 | Val Acc: 0.3810
 Best site-Infograph  | Epoch:1 | Val Acc: 0.3095
 Best site-Painting   | Epoch:1 | Val Acc: 0.7857
 Best site-Painting   | Epoch:1 | Val Acc: 0.4524
 Best site-QuickDraw  | Epoch:1 | Val Acc: 0.3571
 Best site-QuickDraw  | Epoch:1 | Val Acc: 0.3095
 Best site-Real       | Epoch:1 | Val Acc: 0.6429
 Best site-Real       | Epoch:1 | Val Acc: 0.6905
 Best site-Sketch     | Epoch:1 | Val Acc: 0.6190
 Best site-Sketch     | Epoch:1 | Val Acc: 0.6190
 Saving the local and server checkpoint to ../checkpoint/fed_domainnet_even-sqrt_1/Nova...
============ Train epoch 10 ============
============ Train epoch 11 ============
============ Train epoch 12 ============
============ Train epoch 13 ============
============ Train epoch 14 ============
client-0 is in G-1
client-1 is in G-0
client-2 is in G-0
client-3 is in G-1
client-4 is in G-1
client-5 is in G-0
client-6 is in G-2
client-7 is in G-2
client-8 is in G-0
client-9 is in G-1
client-10 is in G-1
client-11 is in G-1
cnt=[4, 6, 2, ]
 Site-Clipart   | Train Loss: 1.5269 | Train Acc: 0.6190
 Site-Clipart   | Train Loss: 1.5220 | Train Acc: 0.6667
 Site-Infograph | Train Loss: 2.0484 | Train Acc: 0.3016
 Site-Infograph | Train Loss: 1.9269 | Train Acc: 0.4286
 Site-Painting  | Train Loss: 1.4449 | Train Acc: 0.6825
 Site-Painting  | Train Loss: 1.4148 | Train Acc: 0.7460
 Site-QuickDraw | Train Loss: 2.1076 | Train Acc: 0.3016
 Site-QuickDraw | Train Loss: 1.9907 | Train Acc: 0.4286
 Site-Real      | Train Loss: 1.3026 | Train Acc: 0.8730
 Site-Real      | Train Loss: 1.2951 | Train Acc: 0.8730
 Site-Sketch    | Train Loss: 1.4363 | Train Acc: 0.6349
 Site-Sketch    | Train Loss: 1.4941 | Train Acc: 0.6825
 Site-Clipart   | Val  Loss: 1.5153 | Val  Acc: 0.6905
 Site-Clipart   | Val  Loss: 1.5166 | Val  Acc: 0.6905
 Site-Infograph | Val  Loss: 1.8722 | Val  Acc: 0.4524
 Site-Infograph | Val  Loss: 1.9981 | Val  Acc: 0.3333
 Site-Painting  | Val  Loss: 1.3048 | Val  Acc: 0.7857
 Site-Painting  | Val  Loss: 1.5780 | Val  Acc: 0.6667
 Site-QuickDraw | Val  Loss: 1.9340 | Val  Acc: 0.4286
 Site-QuickDraw | Val  Loss: 2.0293 | Val  Acc: 0.4286
 Site-Real      | Val  Loss: 1.2980 | Val  Acc: 0.8571
 Site-Real      | Val  Loss: 1.3570 | Val  Acc: 0.8333
 Site-Sketch    | Val  Loss: 1.4585 | Val  Acc: 0.6905
 Site-Sketch    | Val  Loss: 1.4926 | Val  Acc: 0.6429
Average Valid Accuracy: 0.6250
 Best site-Clipart    | Epoch:2 | Val Acc: 0.6905
 Best site-Clipart    | Epoch:2 | Val Acc: 0.6905
 Best site-Infograph  | Epoch:2 | Val Acc: 0.4524
 Best site-Infograph  | Epoch:2 | Val Acc: 0.3333
 Best site-Painting   | Epoch:2 | Val Acc: 0.7857
 Best site-Painting   | Epoch:2 | Val Acc: 0.6667
 Best site-QuickDraw  | Epoch:2 | Val Acc: 0.4286
 Best site-QuickDraw  | Epoch:2 | Val Acc: 0.4286
 Best site-Real       | Epoch:2 | Val Acc: 0.8571
 Best site-Real       | Epoch:2 | Val Acc: 0.8333
 Best site-Sketch     | Epoch:2 | Val Acc: 0.6905
 Best site-Sketch     | Epoch:2 | Val Acc: 0.6429
 Saving the local and server checkpoint to ../checkpoint/fed_domainnet_even-sqrt_1/Nova...
============ Train epoch 15 ============
============ Train epoch 16 ============
============ Train epoch 17 ============
============ Train epoch 18 ============
============ Train epoch 19 ============
client-0 is in G-0
client-1 is in G-0
client-2 is in G-0
client-3 is in G-2
client-4 is in G-2
client-5 is in G-0
client-6 is in G-1
client-7 is in G-1
client-8 is in G-0
client-9 is in G-2
client-10 is in G-2
client-11 is in G-2
cnt=[5, 2, 5, ]
 Site-Clipart   | Train Loss: 1.2596 | Train Acc: 0.7302
 Site-Clipart   | Train Loss: 1.3095 | Train Acc: 0.7778
 Site-Infograph | Train Loss: 1.8897 | Train Acc: 0.3810
 Site-Infograph | Train Loss: 1.7445 | Train Acc: 0.4603
 Site-Painting  | Train Loss: 1.1977 | Train Acc: 0.7778
 Site-Painting  | Train Loss: 1.1717 | Train Acc: 0.8095
 Site-QuickDraw | Train Loss: 1.9837 | Train Acc: 0.3810
 Site-QuickDraw | Train Loss: 1.8550 | Train Acc: 0.4603
 Site-Real      | Train Loss: 1.0347 | Train Acc: 0.8889
 Site-Real      | Train Loss: 1.0405 | Train Acc: 0.9365
 Site-Sketch    | Train Loss: 1.1867 | Train Acc: 0.7778
 Site-Sketch    | Train Loss: 1.2835 | Train Acc: 0.6984
 Site-Clipart   | Val  Loss: 1.3812 | Val  Acc: 0.7381
 Site-Clipart   | Val  Loss: 1.3513 | Val  Acc: 0.6667
 Site-Infograph | Val  Loss: 1.7366 | Val  Acc: 0.4762
 Site-Infograph | Val  Loss: 1.9313 | Val  Acc: 0.3810
 Site-Painting  | Val  Loss: 1.0649 | Val  Acc: 0.8571
 Site-Painting  | Val  Loss: 1.3178 | Val  Acc: 0.6667
 Site-QuickDraw | Val  Loss: 1.7985 | Val  Acc: 0.4524
 Site-QuickDraw | Val  Loss: 1.9494 | Val  Acc: 0.3571
 Site-Real      | Val  Loss: 1.0367 | Val  Acc: 0.9048
 Site-Real      | Val  Loss: 1.1259 | Val  Acc: 0.8810
 Site-Sketch    | Val  Loss: 1.2522 | Val  Acc: 0.7143
 Site-Sketch    | Val  Loss: 1.4132 | Val  Acc: 0.6667
Average Valid Accuracy: 0.6468
 Best site-Clipart    | Epoch:3 | Val Acc: 0.7381
 Best site-Clipart    | Epoch:3 | Val Acc: 0.6667
 Best site-Infograph  | Epoch:3 | Val Acc: 0.4762
 Best site-Infograph  | Epoch:3 | Val Acc: 0.3810
 Best site-Painting   | Epoch:3 | Val Acc: 0.8571
 Best site-Painting   | Epoch:3 | Val Acc: 0.6667
 Best site-QuickDraw  | Epoch:3 | Val Acc: 0.4524
 Best site-QuickDraw  | Epoch:3 | Val Acc: 0.3571
 Best site-Real       | Epoch:3 | Val Acc: 0.9048
 Best site-Real       | Epoch:3 | Val Acc: 0.8810
 Best site-Sketch     | Epoch:3 | Val Acc: 0.7143
 Best site-Sketch     | Epoch:3 | Val Acc: 0.6667
 Saving the local and server checkpoint to ../checkpoint/fed_domainnet_even-sqrt_1/Nova...
============ Train epoch 20 ============
============ Train epoch 21 ============
============ Train epoch 22 ============
============ Train epoch 23 ============
============ Train epoch 24 ============
client-0 is in G-1
client-1 is in G-1
client-2 is in G-0
client-3 is in G-0
client-4 is in G-0
client-5 is in G-0
client-6 is in G-2
client-7 is in G-2
client-8 is in G-0
client-9 is in G-0
client-10 is in G-1
client-11 is in G-1
cnt=[6, 4, 2, ]
 Site-Clipart   | Train Loss: 1.2181 | Train Acc: 0.6508
 Site-Clipart   | Train Loss: 1.1618 | Train Acc: 0.7937
 Site-Infograph | Train Loss: 1.8534 | Train Acc: 0.3651
 Site-Infograph | Train Loss: 1.6431 | Train Acc: 0.4921
 Site-Painting  | Train Loss: 1.0197 | Train Acc: 0.8571
 Site-Painting  | Train Loss: 1.0027 | Train Acc: 0.8413
 Site-QuickDraw | Train Loss: 1.8800 | Train Acc: 0.3968
 Site-QuickDraw | Train Loss: 1.7112 | Train Acc: 0.4921
 Site-Real      | Train Loss: 0.8480 | Train Acc: 0.8571
 Site-Real      | Train Loss: 0.8861 | Train Acc: 0.8730
 Site-Sketch    | Train Loss: 0.9953 | Train Acc: 0.8254
 Site-Sketch    | Train Loss: 1.1084 | Train Acc: 0.7778
 Site-Clipart   | Val  Loss: 1.1333 | Val  Acc: 0.8333
 Site-Clipart   | Val  Loss: 1.1455 | Val  Acc: 0.7143
 Site-Infograph | Val  Loss: 1.6620 | Val  Acc: 0.4762
 Site-Infograph | Val  Loss: 1.8095 | Val  Acc: 0.4286
 Site-Painting  | Val  Loss: 0.9220 | Val  Acc: 0.8571
 Site-Painting  | Val  Loss: 1.1077 | Val  Acc: 0.8095
 Site-QuickDraw | Val  Loss: 1.6846 | Val  Acc: 0.4762
 Site-QuickDraw | Val  Loss: 1.8572 | Val  Acc: 0.4048
 Site-Real      | Val  Loss: 0.8136 | Val  Acc: 0.9524
 Site-Real      | Val  Loss: 0.9063 | Val  Acc: 0.8810
 Site-Sketch    | Val  Loss: 1.1114 | Val  Acc: 0.7381
 Site-Sketch    | Val  Loss: 1.2313 | Val  Acc: 0.7857
Average Valid Accuracy: 0.6964
 Best site-Clipart    | Epoch:4 | Val Acc: 0.8333
 Best site-Clipart    | Epoch:4 | Val Acc: 0.7143
 Best site-Infograph  | Epoch:4 | Val Acc: 0.4762
 Best site-Infograph  | Epoch:4 | Val Acc: 0.4286
 Best site-Painting   | Epoch:4 | Val Acc: 0.8571
 Best site-Painting   | Epoch:4 | Val Acc: 0.8095
 Best site-QuickDraw  | Epoch:4 | Val Acc: 0.4762
 Best site-QuickDraw  | Epoch:4 | Val Acc: 0.4048
 Best site-Real       | Epoch:4 | Val Acc: 0.9524
 Best site-Real       | Epoch:4 | Val Acc: 0.8810
 Best site-Sketch     | Epoch:4 | Val Acc: 0.7381
 Best site-Sketch     | Epoch:4 | Val Acc: 0.7857
 Saving the local and server checkpoint to ../checkpoint/fed_domainnet_even-sqrt_1/Nova...
 Test site-Clipart   | Epoch:4 | Test Acc: 0.7395
 Test site-Infograph | Epoch:4 | Test Acc: 0.4170
 Test site-Painting  | Epoch:4 | Test Acc: 0.8061
 Test site-QuickDraw | Epoch:4 | Test Acc: 0.4240
 Test site-Real      | Epoch:4 | Test Acc: 0.8809
 Test site-Sketch    | Epoch:4 | Test Acc: 0.7383
Average Test Accuracy: 0.6676
============ Train epoch 25 ============
============ Train epoch 26 ============
============ Train epoch 27 ============
============ Train epoch 28 ============
============ Train epoch 29 ============
client-0 is in G-2
client-1 is in G-2
client-2 is in G-0
client-3 is in G-0
client-4 is in G-0
client-5 is in G-0
client-6 is in G-1
client-7 is in G-1
client-8 is in G-0
client-9 is in G-0
client-10 is in G-2
client-11 is in G-2
cnt=[6, 2, 4, ]
 Site-Clipart   | Train Loss: 1.0534 | Train Acc: 0.6984
 Site-Clipart   | Train Loss: 1.0574 | Train Acc: 0.8254
 Site-Infograph | Train Loss: 1.7510 | Train Acc: 0.3810
 Site-Infograph | Train Loss: 1.5849 | Train Acc: 0.4921
 Site-Painting  | Train Loss: 0.8755 | Train Acc: 0.8254
 Site-Painting  | Train Loss: 0.8775 | Train Acc: 0.8413
 Site-QuickDraw | Train Loss: 1.8340 | Train Acc: 0.3968
 Site-QuickDraw | Train Loss: 1.6898 | Train Acc: 0.4762
 Site-Real      | Train Loss: 0.7555 | Train Acc: 0.9048
 Site-Real      | Train Loss: 0.7567 | Train Acc: 0.9048
 Site-Sketch    | Train Loss: 0.8673 | Train Acc: 0.8730
 Site-Sketch    | Train Loss: 0.9546 | Train Acc: 0.8254
 Site-Clipart   | Val  Loss: 1.0705 | Val  Acc: 0.8333
 Site-Clipart   | Val  Loss: 1.0049 | Val  Acc: 0.8095
 Site-Infograph | Val  Loss: 1.5866 | Val  Acc: 0.4524
 Site-Infograph | Val  Loss: 1.7759 | Val  Acc: 0.3810
 Site-Painting  | Val  Loss: 0.7368 | Val  Acc: 0.8810
 Site-Painting  | Val  Loss: 1.0238 | Val  Acc: 0.7381
 Site-QuickDraw | Val  Loss: 1.5528 | Val  Acc: 0.5952
 Site-QuickDraw | Val  Loss: 1.7225 | Val  Acc: 0.4524
 Site-Real      | Val  Loss: 0.7053 | Val  Acc: 0.9286
 Site-Real      | Val  Loss: 0.7733 | Val  Acc: 0.9048
 Site-Sketch    | Val  Loss: 0.9264 | Val  Acc: 0.8571
 Site-Sketch    | Val  Loss: 1.0821 | Val  Acc: 0.7619
Average Valid Accuracy: 0.7163
 Best site-Clipart    | Epoch:5 | Val Acc: 0.8333
 Best site-Clipart    | Epoch:5 | Val Acc: 0.8095
 Best site-Infograph  | Epoch:5 | Val Acc: 0.4524
 Best site-Infograph  | Epoch:5 | Val Acc: 0.3810
 Best site-Painting   | Epoch:5 | Val Acc: 0.8810
 Best site-Painting   | Epoch:5 | Val Acc: 0.7381
 Best site-QuickDraw  | Epoch:5 | Val Acc: 0.5952
 Best site-QuickDraw  | Epoch:5 | Val Acc: 0.4524
 Best site-Real       | Epoch:5 | Val Acc: 0.9286
 Best site-Real       | Epoch:5 | Val Acc: 0.9048
 Best site-Sketch     | Epoch:5 | Val Acc: 0.8571
 Best site-Sketch     | Epoch:5 | Val Acc: 0.7619
 Saving the local and server checkpoint to ../checkpoint/fed_domainnet_even-sqrt_1/Nova...
============ Train epoch 30 ============
============ Train epoch 31 ============
============ Train epoch 32 ============
============ Train epoch 33 ============
============ Train epoch 34 ============
client-0 is in G-1
client-1 is in G-1
client-2 is in G-0
client-3 is in G-0
client-4 is in G-0
client-5 is in G-0
client-6 is in G-2
client-7 is in G-2
client-8 is in G-0
client-9 is in G-0
client-10 is in G-1
client-11 is in G-1
cnt=[6, 4, 2, ]
 Site-Clipart   | Train Loss: 0.8987 | Train Acc: 0.7937
 Site-Clipart   | Train Loss: 0.9068 | Train Acc: 0.8889
 Site-Infograph | Train Loss: 1.7155 | Train Acc: 0.3810
 Site-Infograph | Train Loss: 1.5146 | Train Acc: 0.4921
 Site-Painting  | Train Loss: 0.8003 | Train Acc: 0.8254
 Site-Painting  | Train Loss: 0.7535 | Train Acc: 0.8889
 Site-QuickDraw | Train Loss: 1.6378 | Train Acc: 0.5079
 Site-QuickDraw | Train Loss: 1.5402 | Train Acc: 0.5556
 Site-Real      | Train Loss: 0.6390 | Train Acc: 0.9048
 Site-Real      | Train Loss: 0.6002 | Train Acc: 0.9524
 Site-Sketch    | Train Loss: 0.8106 | Train Acc: 0.7619
 Site-Sketch    | Train Loss: 0.8654 | Train Acc: 0.8730
 Site-Clipart   | Val  Loss: 0.9673 | Val  Acc: 0.8571
 Site-Clipart   | Val  Loss: 0.9326 | Val  Acc: 0.7143
 Site-Infograph | Val  Loss: 1.4538 | Val  Acc: 0.5476
 Site-Infograph | Val  Loss: 1.6840 | Val  Acc: 0.3810
 Site-Painting  | Val  Loss: 0.6580 | Val  Acc: 0.9048
 Site-Painting  | Val  Loss: 0.9235 | Val  Acc: 0.7619
 Site-QuickDraw | Val  Loss: 1.4260 | Val  Acc: 0.5952
 Site-QuickDraw | Val  Loss: 1.5868 | Val  Acc: 0.5476
 Site-Real      | Val  Loss: 0.6372 | Val  Acc: 0.9048
 Site-Real      | Val  Loss: 0.6724 | Val  Acc: 0.8571
 Site-Sketch    | Val  Loss: 0.9527 | Val  Acc: 0.8333
 Site-Sketch    | Val  Loss: 0.9678 | Val  Acc: 0.8333
Average Valid Accuracy: 0.7282
 Best site-Clipart    | Epoch:6 | Val Acc: 0.8571
 Best site-Clipart    | Epoch:6 | Val Acc: 0.7143
 Best site-Infograph  | Epoch:6 | Val Acc: 0.5476
 Best site-Infograph  | Epoch:6 | Val Acc: 0.3810
 Best site-Painting   | Epoch:6 | Val Acc: 0.9048
 Best site-Painting   | Epoch:6 | Val Acc: 0.7619
 Best site-QuickDraw  | Epoch:6 | Val Acc: 0.5952
 Best site-QuickDraw  | Epoch:6 | Val Acc: 0.5476
 Best site-Real       | Epoch:6 | Val Acc: 0.9048
 Best site-Real       | Epoch:6 | Val Acc: 0.8571
 Best site-Sketch     | Epoch:6 | Val Acc: 0.8333
 Best site-Sketch     | Epoch:6 | Val Acc: 0.8333
 Saving the local and server checkpoint to ../checkpoint/fed_domainnet_even-sqrt_1/Nova...
============ Train epoch 35 ============
============ Train epoch 36 ============
============ Train epoch 37 ============
============ Train epoch 38 ============
============ Train epoch 39 ============
client-0 is in G-1
client-1 is in G-1
client-2 is in G-0
client-3 is in G-0
client-4 is in G-0
client-5 is in G-0
client-6 is in G-2
client-7 is in G-2
client-8 is in G-0
client-9 is in G-0
client-10 is in G-1
client-11 is in G-1
cnt=[6, 4, 2, ]
 Site-Clipart   | Train Loss: 0.8214 | Train Acc: 0.8095
 Site-Clipart   | Train Loss: 0.8257 | Train Acc: 0.8730
 Site-Infograph | Train Loss: 1.6907 | Train Acc: 0.3968
 Site-Infograph | Train Loss: 1.4385 | Train Acc: 0.5079
 Site-Painting  | Train Loss: 0.6999 | Train Acc: 0.8730
 Site-Painting  | Train Loss: 0.6877 | Train Acc: 0.8730
 Site-QuickDraw | Train Loss: 1.6011 | Train Acc: 0.4921
 Site-QuickDraw | Train Loss: 1.4504 | Train Acc: 0.5556
 Site-Real      | Train Loss: 0.5537 | Train Acc: 0.9206
 Site-Real      | Train Loss: 0.5333 | Train Acc: 0.9206
 Site-Sketch    | Train Loss: 0.7072 | Train Acc: 0.8413
 Site-Sketch    | Train Loss: 0.7943 | Train Acc: 0.8413
 Site-Clipart   | Val  Loss: 0.8893 | Val  Acc: 0.9048
 Site-Clipart   | Val  Loss: 0.8682 | Val  Acc: 0.8095
 Site-Infograph | Val  Loss: 1.4164 | Val  Acc: 0.5476
 Site-Infograph | Val  Loss: 1.6567 | Val  Acc: 0.4286
 Site-Painting  | Val  Loss: 0.5549 | Val  Acc: 0.9524
 Site-Painting  | Val  Loss: 0.9089 | Val  Acc: 0.8095
 Site-QuickDraw | Val  Loss: 1.3430 | Val  Acc: 0.6190
 Site-QuickDraw | Val  Loss: 1.5253 | Val  Acc: 0.5000
 Site-Real      | Val  Loss: 0.5957 | Val  Acc: 0.9286
 Site-Real      | Val  Loss: 0.5178 | Val  Acc: 0.9286
 Site-Sketch    | Val  Loss: 0.7731 | Val  Acc: 0.9048
 Site-Sketch    | Val  Loss: 0.9790 | Val  Acc: 0.7143
Average Valid Accuracy: 0.7540
 Best site-Clipart    | Epoch:7 | Val Acc: 0.9048
 Best site-Clipart    | Epoch:7 | Val Acc: 0.8095
 Best site-Infograph  | Epoch:7 | Val Acc: 0.5476
 Best site-Infograph  | Epoch:7 | Val Acc: 0.4286
 Best site-Painting   | Epoch:7 | Val Acc: 0.9524
 Best site-Painting   | Epoch:7 | Val Acc: 0.8095
 Best site-QuickDraw  | Epoch:7 | Val Acc: 0.6190
 Best site-QuickDraw  | Epoch:7 | Val Acc: 0.5000
 Best site-Real       | Epoch:7 | Val Acc: 0.9286
 Best site-Real       | Epoch:7 | Val Acc: 0.9286
 Best site-Sketch     | Epoch:7 | Val Acc: 0.9048
 Best site-Sketch     | Epoch:7 | Val Acc: 0.7143
 Saving the local and server checkpoint to ../checkpoint/fed_domainnet_even-sqrt_1/Nova...
============ Train epoch 40 ============
============ Train epoch 41 ============
============ Train epoch 42 ============
============ Train epoch 43 ============
============ Train epoch 44 ============
client-0 is in G-0
client-1 is in G-2
client-2 is in G-0
client-3 is in G-0
client-4 is in G-0
client-5 is in G-0
client-6 is in G-1
client-7 is in G-1
client-8 is in G-0
client-9 is in G-0
client-10 is in G-2
client-11 is in G-2
cnt=[7, 2, 3, ]
 Site-Clipart   | Train Loss: 0.7615 | Train Acc: 0.7937
 Site-Clipart   | Train Loss: 0.7940 | Train Acc: 0.9048
 Site-Infograph | Train Loss: 1.6464 | Train Acc: 0.4127
 Site-Infograph | Train Loss: 1.3836 | Train Acc: 0.5556
 Site-Painting  | Train Loss: 0.7033 | Train Acc: 0.8413
 Site-Painting  | Train Loss: 0.6617 | Train Acc: 0.8571
 Site-QuickDraw | Train Loss: 1.4648 | Train Acc: 0.6190
 Site-QuickDraw | Train Loss: 1.3924 | Train Acc: 0.5556
 Site-Real      | Train Loss: 0.5116 | Train Acc: 0.9365
 Site-Real      | Train Loss: 0.4862 | Train Acc: 0.9365
 Site-Sketch    | Train Loss: 0.6915 | Train Acc: 0.8413
 Site-Sketch    | Train Loss: 0.7499 | Train Acc: 0.8571
 Site-Clipart   | Val  Loss: 0.8066 | Val  Acc: 0.8571
 Site-Clipart   | Val  Loss: 0.7874 | Val  Acc: 0.7857
 Site-Infograph | Val  Loss: 1.3945 | Val  Acc: 0.5476
 Site-Infograph | Val  Loss: 1.5541 | Val  Acc: 0.5000
 Site-Painting  | Val  Loss: 0.5336 | Val  Acc: 0.9524
 Site-Painting  | Val  Loss: 0.8010 | Val  Acc: 0.8333
 Site-QuickDraw | Val  Loss: 1.2683 | Val  Acc: 0.5952
 Site-QuickDraw | Val  Loss: 1.4583 | Val  Acc: 0.6190
 Site-Real      | Val  Loss: 0.4988 | Val  Acc: 0.9524
 Site-Real      | Val  Loss: 0.5370 | Val  Acc: 0.9286
 Site-Sketch    | Val  Loss: 0.7246 | Val  Acc: 0.9286
 Site-Sketch    | Val  Loss: 0.8286 | Val  Acc: 0.8571
Average Valid Accuracy: 0.7798
 Best site-Clipart    | Epoch:8 | Val Acc: 0.8571
 Best site-Clipart    | Epoch:8 | Val Acc: 0.7857
 Best site-Infograph  | Epoch:8 | Val Acc: 0.5476
 Best site-Infograph  | Epoch:8 | Val Acc: 0.5000
 Best site-Painting   | Epoch:8 | Val Acc: 0.9524
 Best site-Painting   | Epoch:8 | Val Acc: 0.8333
 Best site-QuickDraw  | Epoch:8 | Val Acc: 0.5952
 Best site-QuickDraw  | Epoch:8 | Val Acc: 0.6190
 Best site-Real       | Epoch:8 | Val Acc: 0.9524
 Best site-Real       | Epoch:8 | Val Acc: 0.9286
 Best site-Sketch     | Epoch:8 | Val Acc: 0.9286
 Best site-Sketch     | Epoch:8 | Val Acc: 0.8571
 Saving the local and server checkpoint to ../checkpoint/fed_domainnet_even-sqrt_1/Nova...
============ Train epoch 45 ============
============ Train epoch 46 ============
============ Train epoch 47 ============
============ Train epoch 48 ============
============ Train epoch 49 ============
client-0 is in G-2
client-1 is in G-2
client-2 is in G-0
client-3 is in G-0
client-4 is in G-0
client-5 is in G-0
client-6 is in G-1
client-7 is in G-1
client-8 is in G-0
client-9 is in G-0
client-10 is in G-2
client-11 is in G-2
cnt=[6, 2, 4, ]
 Site-Clipart   | Train Loss: 0.7306 | Train Acc: 0.8095
 Site-Clipart   | Train Loss: 0.7489 | Train Acc: 0.8730
 Site-Infograph | Train Loss: 1.6163 | Train Acc: 0.4286
 Site-Infograph | Train Loss: 1.3662 | Train Acc: 0.5714
 Site-Painting  | Train Loss: 0.5801 | Train Acc: 0.9365
 Site-Painting  | Train Loss: 0.6063 | Train Acc: 0.8730
 Site-QuickDraw | Train Loss: 1.3921 | Train Acc: 0.6349
 Site-QuickDraw | Train Loss: 1.3064 | Train Acc: 0.5873
 Site-Real      | Train Loss: 0.4739 | Train Acc: 0.9048
 Site-Real      | Train Loss: 0.4242 | Train Acc: 0.9524
 Site-Sketch    | Train Loss: 0.6212 | Train Acc: 0.9048
 Site-Sketch    | Train Loss: 0.7102 | Train Acc: 0.8095
 Site-Clipart   | Val  Loss: 0.7711 | Val  Acc: 0.8571
 Site-Clipart   | Val  Loss: 0.8303 | Val  Acc: 0.7619
 Site-Infograph | Val  Loss: 1.2957 | Val  Acc: 0.5238
 Site-Infograph | Val  Loss: 1.4800 | Val  Acc: 0.5952
 Site-Painting  | Val  Loss: 0.5056 | Val  Acc: 0.9286
 Site-Painting  | Val  Loss: 0.6705 | Val  Acc: 0.8571
 Site-QuickDraw | Val  Loss: 1.2135 | Val  Acc: 0.6667
 Site-QuickDraw | Val  Loss: 1.3998 | Val  Acc: 0.5238
 Site-Real      | Val  Loss: 0.4271 | Val  Acc: 0.9286
 Site-Real      | Val  Loss: 0.4558 | Val  Acc: 0.8810
 Site-Sketch    | Val  Loss: 0.7190 | Val  Acc: 0.8810
 Site-Sketch    | Val  Loss: 0.7532 | Val  Acc: 0.8810
Average Valid Accuracy: 0.7738
============ Train epoch 50 ============
============ Train epoch 51 ============
============ Train epoch 52 ============
============ Train epoch 53 ============
============ Train epoch 54 ============
client-0 is in G-1
client-1 is in G-2
client-2 is in G-0
client-3 is in G-0
client-4 is in G-0
client-5 is in G-0
client-6 is in G-1
client-7 is in G-1
client-8 is in G-0
client-9 is in G-0
client-10 is in G-2
client-11 is in G-2
cnt=[6, 3, 3, ]
 Site-Clipart   | Train Loss: 0.6723 | Train Acc: 0.8889
 Site-Clipart   | Train Loss: 0.6706 | Train Acc: 0.9048
 Site-Infograph | Train Loss: 1.5539 | Train Acc: 0.4762
 Site-Infograph | Train Loss: 1.3336 | Train Acc: 0.5714
 Site-Painting  | Train Loss: 0.5576 | Train Acc: 0.9365
 Site-Painting  | Train Loss: 0.5045 | Train Acc: 0.9206
 Site-QuickDraw | Train Loss: 1.4056 | Train Acc: 0.6032
 Site-QuickDraw | Train Loss: 1.2449 | Train Acc: 0.6508
 Site-Real      | Train Loss: 0.3907 | Train Acc: 0.9524
 Site-Real      | Train Loss: 0.4176 | Train Acc: 0.9365
 Site-Sketch    | Train Loss: 0.6202 | Train Acc: 0.8889
 Site-Sketch    | Train Loss: 0.6084 | Train Acc: 0.9048
 Site-Clipart   | Val  Loss: 0.7226 | Val  Acc: 0.8333
 Site-Clipart   | Val  Loss: 0.7921 | Val  Acc: 0.8095
 Site-Infograph | Val  Loss: 1.2379 | Val  Acc: 0.6429
 Site-Infograph | Val  Loss: 1.4471 | Val  Acc: 0.5952
 Site-Painting  | Val  Loss: 0.4358 | Val  Acc: 0.9524
 Site-Painting  | Val  Loss: 0.6282 | Val  Acc: 0.8571
 Site-QuickDraw | Val  Loss: 1.1453 | Val  Acc: 0.6667
 Site-QuickDraw | Val  Loss: 1.3371 | Val  Acc: 0.6190
 Site-Real      | Val  Loss: 0.4570 | Val  Acc: 0.9286
 Site-Real      | Val  Loss: 0.4121 | Val  Acc: 0.9286
 Site-Sketch    | Val  Loss: 0.6079 | Val  Acc: 0.9048
 Site-Sketch    | Val  Loss: 0.6748 | Val  Acc: 0.8571
Average Valid Accuracy: 0.7996
 Best site-Clipart    | Epoch:10 | Val Acc: 0.8333
 Best site-Clipart    | Epoch:10 | Val Acc: 0.8095
 Best site-Infograph  | Epoch:10 | Val Acc: 0.6429
 Best site-Infograph  | Epoch:10 | Val Acc: 0.5952
 Best site-Painting   | Epoch:10 | Val Acc: 0.9524
 Best site-Painting   | Epoch:10 | Val Acc: 0.8571
 Best site-QuickDraw  | Epoch:10 | Val Acc: 0.6667
 Best site-QuickDraw  | Epoch:10 | Val Acc: 0.6190
 Best site-Real       | Epoch:10 | Val Acc: 0.9286
 Best site-Real       | Epoch:10 | Val Acc: 0.9286
 Best site-Sketch     | Epoch:10 | Val Acc: 0.9048
 Best site-Sketch     | Epoch:10 | Val Acc: 0.8571
 Saving the local and server checkpoint to ../checkpoint/fed_domainnet_even-sqrt_1/Nova...
============ Train epoch 55 ============
============ Train epoch 56 ============
============ Train epoch 57 ============
============ Train epoch 58 ============
============ Train epoch 59 ============
client-0 is in G-1
client-1 is in G-2
client-2 is in G-0
client-3 is in G-0
client-4 is in G-0
client-5 is in G-0
client-6 is in G-1
client-7 is in G-1
client-8 is in G-0
client-9 is in G-0
client-10 is in G-2
client-11 is in G-2
cnt=[6, 3, 3, ]
 Site-Clipart   | Train Loss: 0.6992 | Train Acc: 0.8413
 Site-Clipart   | Train Loss: 0.6854 | Train Acc: 0.8571
 Site-Infograph | Train Loss: 1.4950 | Train Acc: 0.5556
 Site-Infograph | Train Loss: 1.2124 | Train Acc: 0.6508
 Site-Painting  | Train Loss: 0.4985 | Train Acc: 0.9524
 Site-Painting  | Train Loss: 0.4734 | Train Acc: 0.8730
 Site-QuickDraw | Train Loss: 1.3230 | Train Acc: 0.6349
 Site-QuickDraw | Train Loss: 1.2094 | Train Acc: 0.6190
 Site-Real      | Train Loss: 0.3600 | Train Acc: 0.9683
 Site-Real      | Train Loss: 0.3749 | Train Acc: 0.9365
 Site-Sketch    | Train Loss: 0.5787 | Train Acc: 0.8889
 Site-Sketch    | Train Loss: 0.5865 | Train Acc: 0.8730
 Site-Clipart   | Val  Loss: 0.7172 | Val  Acc: 0.8333
 Site-Clipart   | Val  Loss: 0.5869 | Val  Acc: 0.8810
 Site-Infograph | Val  Loss: 1.1970 | Val  Acc: 0.6905
 Site-Infograph | Val  Loss: 1.4857 | Val  Acc: 0.5476
 Site-Painting  | Val  Loss: 0.3689 | Val  Acc: 0.9524
 Site-Painting  | Val  Loss: 0.6287 | Val  Acc: 0.9048
 Site-QuickDraw | Val  Loss: 1.0198 | Val  Acc: 0.6667
 Site-QuickDraw | Val  Loss: 1.3104 | Val  Acc: 0.5714
 Site-Real      | Val  Loss: 0.3535 | Val  Acc: 0.9524
 Site-Real      | Val  Loss: 0.3741 | Val  Acc: 0.9286
 Site-Sketch    | Val  Loss: 0.5653 | Val  Acc: 0.9048
 Site-Sketch    | Val  Loss: 0.6420 | Val  Acc: 0.8333
Average Valid Accuracy: 0.8056
 Best site-Clipart    | Epoch:11 | Val Acc: 0.8333
 Best site-Clipart    | Epoch:11 | Val Acc: 0.8810
 Best site-Infograph  | Epoch:11 | Val Acc: 0.6905
 Best site-Infograph  | Epoch:11 | Val Acc: 0.5476
 Best site-Painting   | Epoch:11 | Val Acc: 0.9524
 Best site-Painting   | Epoch:11 | Val Acc: 0.9048
 Best site-QuickDraw  | Epoch:11 | Val Acc: 0.6667
 Best site-QuickDraw  | Epoch:11 | Val Acc: 0.5714
 Best site-Real       | Epoch:11 | Val Acc: 0.9524
 Best site-Real       | Epoch:11 | Val Acc: 0.9286
 Best site-Sketch     | Epoch:11 | Val Acc: 0.9048
 Best site-Sketch     | Epoch:11 | Val Acc: 0.8333
 Saving the local and server checkpoint to ../checkpoint/fed_domainnet_even-sqrt_1/Nova...
============ Train epoch 60 ============
============ Train epoch 61 ============
============ Train epoch 62 ============
============ Train epoch 63 ============
============ Train epoch 64 ============
client-0 is in G-1
client-1 is in G-2
client-2 is in G-0
client-3 is in G-0
client-4 is in G-0
client-5 is in G-0
client-6 is in G-1
client-7 is in G-1
client-8 is in G-0
client-9 is in G-0
client-10 is in G-2
client-11 is in G-1
cnt=[6, 4, 2, ]
 Site-Clipart   | Train Loss: 0.4915 | Train Acc: 0.9048
 Site-Clipart   | Train Loss: 0.5822 | Train Acc: 0.9048
 Site-Infograph | Train Loss: 1.4906 | Train Acc: 0.5714
 Site-Infograph | Train Loss: 1.2133 | Train Acc: 0.6349
 Site-Painting  | Train Loss: 0.4407 | Train Acc: 0.9683
 Site-Painting  | Train Loss: 0.4952 | Train Acc: 0.8889
 Site-QuickDraw | Train Loss: 1.3243 | Train Acc: 0.6190
 Site-QuickDraw | Train Loss: 1.1919 | Train Acc: 0.6190
 Site-Real      | Train Loss: 0.3755 | Train Acc: 0.9206
 Site-Real      | Train Loss: 0.3230 | Train Acc: 0.9524
 Site-Sketch    | Train Loss: 0.4535 | Train Acc: 0.9524
 Site-Sketch    | Train Loss: 0.5636 | Train Acc: 0.8889
 Site-Clipart   | Val  Loss: 0.6331 | Val  Acc: 0.8333
 Site-Clipart   | Val  Loss: 0.5704 | Val  Acc: 0.8810
 Site-Infograph | Val  Loss: 1.2036 | Val  Acc: 0.6667
 Site-Infograph | Val  Loss: 1.3654 | Val  Acc: 0.5952
 Site-Painting  | Val  Loss: 0.3711 | Val  Acc: 0.9524
 Site-Painting  | Val  Loss: 0.6162 | Val  Acc: 0.8571
 Site-QuickDraw | Val  Loss: 1.0487 | Val  Acc: 0.6905
 Site-QuickDraw | Val  Loss: 1.2303 | Val  Acc: 0.6429
 Site-Real      | Val  Loss: 0.3382 | Val  Acc: 0.9524
 Site-Real      | Val  Loss: 0.3551 | Val  Acc: 0.9524
 Site-Sketch    | Val  Loss: 0.6116 | Val  Acc: 0.9048
 Site-Sketch    | Val  Loss: 0.5931 | Val  Acc: 0.9048
Average Valid Accuracy: 0.8194
 Best site-Clipart    | Epoch:12 | Val Acc: 0.8333
 Best site-Clipart    | Epoch:12 | Val Acc: 0.8810
 Best site-Infograph  | Epoch:12 | Val Acc: 0.6667
 Best site-Infograph  | Epoch:12 | Val Acc: 0.5952
 Best site-Painting   | Epoch:12 | Val Acc: 0.9524
 Best site-Painting   | Epoch:12 | Val Acc: 0.8571
 Best site-QuickDraw  | Epoch:12 | Val Acc: 0.6905
 Best site-QuickDraw  | Epoch:12 | Val Acc: 0.6429
 Best site-Real       | Epoch:12 | Val Acc: 0.9524
 Best site-Real       | Epoch:12 | Val Acc: 0.9524
 Best site-Sketch     | Epoch:12 | Val Acc: 0.9048
 Best site-Sketch     | Epoch:12 | Val Acc: 0.9048
 Saving the local and server checkpoint to ../checkpoint/fed_domainnet_even-sqrt_1/Nova...
============ Train epoch 65 ============
============ Train epoch 66 ============
============ Train epoch 67 ============
============ Train epoch 68 ============
============ Train epoch 69 ============
client-0 is in G-1
client-1 is in G-2
client-2 is in G-0
client-3 is in G-0
client-4 is in G-0
client-5 is in G-0
client-6 is in G-1
client-7 is in G-1
client-8 is in G-0
client-9 is in G-0
client-10 is in G-2
client-11 is in G-2
cnt=[6, 3, 3, ]
 Site-Clipart   | Train Loss: 0.5499 | Train Acc: 0.8413
 Site-Clipart   | Train Loss: 0.6204 | Train Acc: 0.8889
 Site-Infograph | Train Loss: 1.4781 | Train Acc: 0.5556
 Site-Infograph | Train Loss: 1.1734 | Train Acc: 0.6190
 Site-Painting  | Train Loss: 0.4525 | Train Acc: 0.9206
 Site-Painting  | Train Loss: 0.3912 | Train Acc: 0.9524
 Site-QuickDraw | Train Loss: 1.2122 | Train Acc: 0.6667
 Site-QuickDraw | Train Loss: 1.0622 | Train Acc: 0.6508
 Site-Real      | Train Loss: 0.3728 | Train Acc: 0.9365
 Site-Real      | Train Loss: 0.3200 | Train Acc: 0.9683
 Site-Sketch    | Train Loss: 0.5330 | Train Acc: 0.9048
 Site-Sketch    | Train Loss: 0.5559 | Train Acc: 0.8889
 Site-Clipart   | Val  Loss: 0.6941 | Val  Acc: 0.8095
 Site-Clipart   | Val  Loss: 0.5421 | Val  Acc: 0.8810
 Site-Infograph | Val  Loss: 1.1428 | Val  Acc: 0.7143
 Site-Infograph | Val  Loss: 1.3567 | Val  Acc: 0.5714
 Site-Painting  | Val  Loss: 0.3518 | Val  Acc: 0.9286
 Site-Painting  | Val  Loss: 0.6305 | Val  Acc: 0.8571
 Site-QuickDraw | Val  Loss: 1.0066 | Val  Acc: 0.7143
 Site-QuickDraw | Val  Loss: 1.2168 | Val  Acc: 0.6667
 Site-Real      | Val  Loss: 0.3466 | Val  Acc: 0.9286
 Site-Real      | Val  Loss: 0.3570 | Val  Acc: 0.9048
 Site-Sketch    | Val  Loss: 0.4804 | Val  Acc: 0.9286
 Site-Sketch    | Val  Loss: 0.6515 | Val  Acc: 0.8571
Average Valid Accuracy: 0.8135
============ Train epoch 70 ============
============ Train epoch 71 ============
============ Train epoch 72 ============
============ Train epoch 73 ============
============ Train epoch 74 ============
client-0 is in G-2
client-1 is in G-0
client-2 is in G-2
client-3 is in G-2
client-4 is in G-2
client-5 is in G-2
client-6 is in G-1
client-7 is in G-1
client-8 is in G-0
client-9 is in G-2
client-10 is in G-0
client-11 is in G-0
cnt=[4, 2, 6, ]
 Site-Clipart   | Train Loss: 0.5003 | Train Acc: 0.8730
 Site-Clipart   | Train Loss: 0.5407 | Train Acc: 0.9048
 Site-Infograph | Train Loss: 1.4003 | Train Acc: 0.5556
 Site-Infograph | Train Loss: 1.1137 | Train Acc: 0.6984
 Site-Painting  | Train Loss: 0.4312 | Train Acc: 0.9206
 Site-Painting  | Train Loss: 0.4361 | Train Acc: 0.9048
 Site-QuickDraw | Train Loss: 1.2232 | Train Acc: 0.6667
 Site-QuickDraw | Train Loss: 1.0572 | Train Acc: 0.6349
 Site-Real      | Train Loss: 0.3298 | Train Acc: 0.9683
 Site-Real      | Train Loss: 0.2810 | Train Acc: 0.9524
 Site-Sketch    | Train Loss: 0.4786 | Train Acc: 0.9206
 Site-Sketch    | Train Loss: 0.4444 | Train Acc: 0.9206
 Site-Clipart   | Val  Loss: 0.6031 | Val  Acc: 0.8810
 Site-Clipart   | Val  Loss: 0.4993 | Val  Acc: 0.8810
 Site-Infograph | Val  Loss: 1.1294 | Val  Acc: 0.6667
 Site-Infograph | Val  Loss: 1.3414 | Val  Acc: 0.5952
 Site-Painting  | Val  Loss: 0.2882 | Val  Acc: 0.9762
 Site-Painting  | Val  Loss: 0.5826 | Val  Acc: 0.9048
 Site-QuickDraw | Val  Loss: 1.0074 | Val  Acc: 0.6667
 Site-QuickDraw | Val  Loss: 1.1638 | Val  Acc: 0.6905
 Site-Real      | Val  Loss: 0.3170 | Val  Acc: 0.9524
 Site-Real      | Val  Loss: 0.2944 | Val  Acc: 0.9286
 Site-Sketch    | Val  Loss: 0.4381 | Val  Acc: 0.9286
 Site-Sketch    | Val  Loss: 0.5714 | Val  Acc: 0.8810
Average Valid Accuracy: 0.8294
 Best site-Clipart    | Epoch:14 | Val Acc: 0.8810
 Best site-Clipart    | Epoch:14 | Val Acc: 0.8810
 Best site-Infograph  | Epoch:14 | Val Acc: 0.6667
 Best site-Infograph  | Epoch:14 | Val Acc: 0.5952
 Best site-Painting   | Epoch:14 | Val Acc: 0.9762
 Best site-Painting   | Epoch:14 | Val Acc: 0.9048
 Best site-QuickDraw  | Epoch:14 | Val Acc: 0.6667
 Best site-QuickDraw  | Epoch:14 | Val Acc: 0.6905
 Best site-Real       | Epoch:14 | Val Acc: 0.9524
 Best site-Real       | Epoch:14 | Val Acc: 0.9286
 Best site-Sketch     | Epoch:14 | Val Acc: 0.9286
 Best site-Sketch     | Epoch:14 | Val Acc: 0.8810
 Saving the local and server checkpoint to ../checkpoint/fed_domainnet_even-sqrt_1/Nova...
 Test site-Clipart   | Epoch:14 | Test Acc: 0.8232
 Test site-Infograph | Epoch:14 | Test Acc: 0.4947
 Test site-Painting  | Epoch:14 | Test Acc: 0.8788
 Test site-QuickDraw | Epoch:14 | Test Acc: 0.5780
 Test site-Real      | Epoch:14 | Test Acc: 0.9334
 Test site-Sketch    | Epoch:14 | Test Acc: 0.8502
Average Test Accuracy: 0.7597
============ Train epoch 75 ============
============ Train epoch 76 ============
============ Train epoch 77 ============
============ Train epoch 78 ============
============ Train epoch 79 ============
client-0 is in G-2
client-1 is in G-0
client-2 is in G-1
client-3 is in G-1
client-4 is in G-1
client-5 is in G-1
client-6 is in G-2
client-7 is in G-2
client-8 is in G-0
client-9 is in G-0
client-10 is in G-0
client-11 is in G-0
cnt=[5, 4, 3, ]
 Site-Clipart   | Train Loss: 0.4830 | Train Acc: 0.8730
 Site-Clipart   | Train Loss: 0.5027 | Train Acc: 0.9048
 Site-Infograph | Train Loss: 1.4216 | Train Acc: 0.5238
 Site-Infograph | Train Loss: 1.0917 | Train Acc: 0.6825
 Site-Painting  | Train Loss: 0.3808 | Train Acc: 0.9206
 Site-Painting  | Train Loss: 0.4284 | Train Acc: 0.8889
 Site-QuickDraw | Train Loss: 1.0922 | Train Acc: 0.6984
 Site-QuickDraw | Train Loss: 1.0087 | Train Acc: 0.6984
 Site-Real      | Train Loss: 0.3051 | Train Acc: 0.9524
 Site-Real      | Train Loss: 0.2466 | Train Acc: 0.9683
 Site-Sketch    | Train Loss: 0.4756 | Train Acc: 0.9524
 Site-Sketch    | Train Loss: 0.4991 | Train Acc: 0.8730
 Site-Clipart   | Val  Loss: 0.5533 | Val  Acc: 0.8810
 Site-Clipart   | Val  Loss: 0.5396 | Val  Acc: 0.8571
 Site-Infograph | Val  Loss: 1.0734 | Val  Acc: 0.6429
 Site-Infograph | Val  Loss: 1.2692 | Val  Acc: 0.5952
 Site-Painting  | Val  Loss: 0.3080 | Val  Acc: 1.0000
 Site-Painting  | Val  Loss: 0.4113 | Val  Acc: 0.9286
 Site-QuickDraw | Val  Loss: 0.9059 | Val  Acc: 0.6905
 Site-QuickDraw | Val  Loss: 1.0935 | Val  Acc: 0.6667
 Site-Real      | Val  Loss: 0.3162 | Val  Acc: 0.9286
 Site-Real      | Val  Loss: 0.2675 | Val  Acc: 0.9762
 Site-Sketch    | Val  Loss: 0.4665 | Val  Acc: 0.9048
 Site-Sketch    | Val  Loss: 0.4808 | Val  Acc: 0.9286
Average Valid Accuracy: 0.8333
 Best site-Clipart    | Epoch:15 | Val Acc: 0.8810
 Best site-Clipart    | Epoch:15 | Val Acc: 0.8571
 Best site-Infograph  | Epoch:15 | Val Acc: 0.6429
 Best site-Infograph  | Epoch:15 | Val Acc: 0.5952
 Best site-Painting   | Epoch:15 | Val Acc: 1.0000
 Best site-Painting   | Epoch:15 | Val Acc: 0.9286
 Best site-QuickDraw  | Epoch:15 | Val Acc: 0.6905
 Best site-QuickDraw  | Epoch:15 | Val Acc: 0.6667
 Best site-Real       | Epoch:15 | Val Acc: 0.9286
 Best site-Real       | Epoch:15 | Val Acc: 0.9762
 Best site-Sketch     | Epoch:15 | Val Acc: 0.9048
 Best site-Sketch     | Epoch:15 | Val Acc: 0.9286
 Saving the local and server checkpoint to ../checkpoint/fed_domainnet_even-sqrt_1/Nova...
============ Train epoch 80 ============
============ Train epoch 81 ============
============ Train epoch 82 ============
============ Train epoch 83 ============
============ Train epoch 84 ============
client-0 is in G-1
client-1 is in G-0
client-2 is in G-2
client-3 is in G-2
client-4 is in G-2
client-5 is in G-2
client-6 is in G-1
client-7 is in G-1
client-8 is in G-0
client-9 is in G-2
client-10 is in G-0
client-11 is in G-0
cnt=[4, 3, 5, ]
 Site-Clipart   | Train Loss: 0.4826 | Train Acc: 0.8730
 Site-Clipart   | Train Loss: 0.5171 | Train Acc: 0.8571
 Site-Infograph | Train Loss: 1.4010 | Train Acc: 0.6032
 Site-Infograph | Train Loss: 1.0409 | Train Acc: 0.6984
 Site-Painting  | Train Loss: 0.3731 | Train Acc: 0.9524
 Site-Painting  | Train Loss: 0.3576 | Train Acc: 0.9365
 Site-QuickDraw | Train Loss: 1.1788 | Train Acc: 0.6825
 Site-QuickDraw | Train Loss: 0.9520 | Train Acc: 0.6984
 Site-Real      | Train Loss: 0.2711 | Train Acc: 0.9683
 Site-Real      | Train Loss: 0.2707 | Train Acc: 0.9841
 Site-Sketch    | Train Loss: 0.4694 | Train Acc: 0.9048
 Site-Sketch    | Train Loss: 0.4388 | Train Acc: 0.8889
 Site-Clipart   | Val  Loss: 0.5885 | Val  Acc: 0.8571
 Site-Clipart   | Val  Loss: 0.5220 | Val  Acc: 0.8571
 Site-Infograph | Val  Loss: 1.1156 | Val  Acc: 0.6667
 Site-Infograph | Val  Loss: 1.2489 | Val  Acc: 0.7143
 Site-Painting  | Val  Loss: 0.2905 | Val  Acc: 1.0000
 Site-Painting  | Val  Loss: 0.4210 | Val  Acc: 0.9524
 Site-QuickDraw | Val  Loss: 0.9385 | Val  Acc: 0.7143
 Site-QuickDraw | Val  Loss: 1.1182 | Val  Acc: 0.6667
 Site-Real      | Val  Loss: 0.2574 | Val  Acc: 0.9524
 Site-Real      | Val  Loss: 0.2511 | Val  Acc: 0.9286
 Site-Sketch    | Val  Loss: 0.3830 | Val  Acc: 0.9286
 Site-Sketch    | Val  Loss: 0.6084 | Val  Acc: 0.8571
Average Valid Accuracy: 0.8413
 Best site-Clipart    | Epoch:16 | Val Acc: 0.8571
 Best site-Clipart    | Epoch:16 | Val Acc: 0.8571
 Best site-Infograph  | Epoch:16 | Val Acc: 0.6667
 Best site-Infograph  | Epoch:16 | Val Acc: 0.7143
 Best site-Painting   | Epoch:16 | Val Acc: 1.0000
 Best site-Painting   | Epoch:16 | Val Acc: 0.9524
 Best site-QuickDraw  | Epoch:16 | Val Acc: 0.7143
 Best site-QuickDraw  | Epoch:16 | Val Acc: 0.6667
 Best site-Real       | Epoch:16 | Val Acc: 0.9524
 Best site-Real       | Epoch:16 | Val Acc: 0.9286
 Best site-Sketch     | Epoch:16 | Val Acc: 0.9286
 Best site-Sketch     | Epoch:16 | Val Acc: 0.8571
 Saving the local and server checkpoint to ../checkpoint/fed_domainnet_even-sqrt_1/Nova...
============ Train epoch 85 ============
============ Train epoch 86 ============
============ Train epoch 87 ============
============ Train epoch 88 ============
============ Train epoch 89 ============
client-0 is in G-2
client-1 is in G-0
client-2 is in G-2
client-3 is in G-0
client-4 is in G-2
client-5 is in G-2
client-6 is in G-1
client-7 is in G-1
client-8 is in G-0
client-9 is in G-2
client-10 is in G-0
client-11 is in G-0
cnt=[5, 2, 5, ]
 Site-Clipart   | Train Loss: 0.3743 | Train Acc: 0.9365
 Site-Clipart   | Train Loss: 0.5187 | Train Acc: 0.9048
 Site-Infograph | Train Loss: 1.2987 | Train Acc: 0.6349
 Site-Infograph | Train Loss: 1.0568 | Train Acc: 0.6825
 Site-Painting  | Train Loss: 0.3590 | Train Acc: 0.9683
 Site-Painting  | Train Loss: 0.3134 | Train Acc: 0.9524
 Site-QuickDraw | Train Loss: 1.0501 | Train Acc: 0.6825
 Site-QuickDraw | Train Loss: 0.9267 | Train Acc: 0.6984
 Site-Real      | Train Loss: 0.2607 | Train Acc: 0.9365
 Site-Real      | Train Loss: 0.2633 | Train Acc: 0.9524
 Site-Sketch    | Train Loss: 0.4225 | Train Acc: 0.9524
 Site-Sketch    | Train Loss: 0.4165 | Train Acc: 0.9048
 Site-Clipart   | Val  Loss: 0.5993 | Val  Acc: 0.8571
 Site-Clipart   | Val  Loss: 0.4167 | Val  Acc: 0.8571
 Site-Infograph | Val  Loss: 1.0793 | Val  Acc: 0.6905
 Site-Infograph | Val  Loss: 1.1521 | Val  Acc: 0.7381
 Site-Painting  | Val  Loss: 0.3034 | Val  Acc: 0.9286
 Site-Painting  | Val  Loss: 0.3817 | Val  Acc: 0.9762
 Site-QuickDraw | Val  Loss: 0.7897 | Val  Acc: 0.7381
 Site-QuickDraw | Val  Loss: 1.0351 | Val  Acc: 0.7143
 Site-Real      | Val  Loss: 0.2507 | Val  Acc: 0.9762
 Site-Real      | Val  Loss: 0.2033 | Val  Acc: 0.9524
 Site-Sketch    | Val  Loss: 0.4128 | Val  Acc: 0.9286
 Site-Sketch    | Val  Loss: 0.4768 | Val  Acc: 0.8810
Average Valid Accuracy: 0.8532
 Best site-Clipart    | Epoch:17 | Val Acc: 0.8571
 Best site-Clipart    | Epoch:17 | Val Acc: 0.8571
 Best site-Infograph  | Epoch:17 | Val Acc: 0.6905
 Best site-Infograph  | Epoch:17 | Val Acc: 0.7381
 Best site-Painting   | Epoch:17 | Val Acc: 0.9286
 Best site-Painting   | Epoch:17 | Val Acc: 0.9762
 Best site-QuickDraw  | Epoch:17 | Val Acc: 0.7381
 Best site-QuickDraw  | Epoch:17 | Val Acc: 0.7143
 Best site-Real       | Epoch:17 | Val Acc: 0.9762
 Best site-Real       | Epoch:17 | Val Acc: 0.9524
 Best site-Sketch     | Epoch:17 | Val Acc: 0.9286
 Best site-Sketch     | Epoch:17 | Val Acc: 0.8810
 Saving the local and server checkpoint to ../checkpoint/fed_domainnet_even-sqrt_1/Nova...
============ Train epoch 90 ============
============ Train epoch 91 ============
============ Train epoch 92 ============
============ Train epoch 93 ============
============ Train epoch 94 ============
client-0 is in G-2
client-1 is in G-0
client-2 is in G-1
client-3 is in G-1
client-4 is in G-1
client-5 is in G-1
client-6 is in G-2
client-7 is in G-2
client-8 is in G-0
client-9 is in G-1
client-10 is in G-0
client-11 is in G-0
cnt=[4, 5, 3, ]
 Site-Clipart   | Train Loss: 0.3924 | Train Acc: 0.8889
 Site-Clipart   | Train Loss: 0.4732 | Train Acc: 0.9048
 Site-Infograph | Train Loss: 1.3315 | Train Acc: 0.6032
 Site-Infograph | Train Loss: 1.0367 | Train Acc: 0.6349
 Site-Painting  | Train Loss: 0.3900 | Train Acc: 0.9365
 Site-Painting  | Train Loss: 0.3315 | Train Acc: 0.9683
 Site-QuickDraw | Train Loss: 1.0233 | Train Acc: 0.6825
 Site-QuickDraw | Train Loss: 0.9006 | Train Acc: 0.6984
 Site-Real      | Train Loss: 0.2416 | Train Acc: 0.9683
 Site-Real      | Train Loss: 0.2296 | Train Acc: 0.9841
 Site-Sketch    | Train Loss: 0.4172 | Train Acc: 0.9206
 Site-Sketch    | Train Loss: 0.4405 | Train Acc: 0.8889
 Site-Clipart   | Val  Loss: 0.5008 | Val  Acc: 0.9048
 Site-Clipart   | Val  Loss: 0.4111 | Val  Acc: 0.8571
 Site-Infograph | Val  Loss: 1.0408 | Val  Acc: 0.7143
 Site-Infograph | Val  Loss: 1.2155 | Val  Acc: 0.6667
 Site-Painting  | Val  Loss: 0.2219 | Val  Acc: 1.0000
 Site-Painting  | Val  Loss: 0.3892 | Val  Acc: 0.9524
 Site-QuickDraw | Val  Loss: 0.7625 | Val  Acc: 0.7143
 Site-QuickDraw | Val  Loss: 1.0547 | Val  Acc: 0.6429
 Site-Real      | Val  Loss: 0.2482 | Val  Acc: 0.9524
 Site-Real      | Val  Loss: 0.2706 | Val  Acc: 0.9048
 Site-Sketch    | Val  Loss: 0.4184 | Val  Acc: 0.9524
 Site-Sketch    | Val  Loss: 0.5081 | Val  Acc: 0.9048
Average Valid Accuracy: 0.8472
============ Train epoch 95 ============
============ Train epoch 96 ============
============ Train epoch 97 ============
============ Train epoch 98 ============
============ Train epoch 99 ============
client-0 is in G-2
client-1 is in G-0
client-2 is in G-1
client-3 is in G-1
client-4 is in G-1
client-5 is in G-1
client-6 is in G-2
client-7 is in G-2
client-8 is in G-0
client-9 is in G-1
client-10 is in G-0
client-11 is in G-0
cnt=[4, 5, 3, ]
 Site-Clipart   | Train Loss: 0.3682 | Train Acc: 0.9048
 Site-Clipart   | Train Loss: 0.4204 | Train Acc: 0.9365
 Site-Infograph | Train Loss: 1.2916 | Train Acc: 0.6190
 Site-Infograph | Train Loss: 0.9690 | Train Acc: 0.7778
 Site-Painting  | Train Loss: 0.2958 | Train Acc: 0.9365
 Site-Painting  | Train Loss: 0.2969 | Train Acc: 0.9206
 Site-QuickDraw | Train Loss: 0.9496 | Train Acc: 0.7302
 Site-QuickDraw | Train Loss: 0.8729 | Train Acc: 0.7460
 Site-Real      | Train Loss: 0.1957 | Train Acc: 0.9841
 Site-Real      | Train Loss: 0.2134 | Train Acc: 0.9841
 Site-Sketch    | Train Loss: 0.3182 | Train Acc: 0.9683
 Site-Sketch    | Train Loss: 0.3968 | Train Acc: 0.9048
 Site-Clipart   | Val  Loss: 0.5103 | Val  Acc: 0.8810
 Site-Clipart   | Val  Loss: 0.4112 | Val  Acc: 0.8810
 Site-Infograph | Val  Loss: 1.0203 | Val  Acc: 0.6429
 Site-Infograph | Val  Loss: 1.0440 | Val  Acc: 0.8095
 Site-Painting  | Val  Loss: 0.1971 | Val  Acc: 0.9762
 Site-Painting  | Val  Loss: 0.4361 | Val  Acc: 0.9048
 Site-QuickDraw | Val  Loss: 0.8528 | Val  Acc: 0.7381
 Site-QuickDraw | Val  Loss: 0.9896 | Val  Acc: 0.7381
 Site-Real      | Val  Loss: 0.2413 | Val  Acc: 0.9762
 Site-Real      | Val  Loss: 0.2408 | Val  Acc: 0.9286
 Site-Sketch    | Val  Loss: 0.3571 | Val  Acc: 0.9048
 Site-Sketch    | Val  Loss: 0.4721 | Val  Acc: 0.8571
Average Valid Accuracy: 0.8532
============ Train epoch 100 ============
============ Train epoch 101 ============
============ Train epoch 102 ============
============ Train epoch 103 ============
============ Train epoch 104 ============
client-0 is in G-1
client-1 is in G-1
client-2 is in G-0
client-3 is in G-0
client-4 is in G-0
client-5 is in G-0
client-6 is in G-2
client-7 is in G-2
client-8 is in G-0
client-9 is in G-0
client-10 is in G-1
client-11 is in G-1
cnt=[6, 4, 2, ]
 Site-Clipart   | Train Loss: 0.3485 | Train Acc: 0.9206
 Site-Clipart   | Train Loss: 0.4466 | Train Acc: 0.8730
 Site-Infograph | Train Loss: 1.2317 | Train Acc: 0.6349
 Site-Infograph | Train Loss: 1.0051 | Train Acc: 0.6825
 Site-Painting  | Train Loss: 0.2761 | Train Acc: 0.9524
 Site-Painting  | Train Loss: 0.2665 | Train Acc: 0.9841
 Site-QuickDraw | Train Loss: 0.9293 | Train Acc: 0.7302
 Site-QuickDraw | Train Loss: 0.8995 | Train Acc: 0.7143
 Site-Real      | Train Loss: 0.2199 | Train Acc: 0.9841
 Site-Real      | Train Loss: 0.2066 | Train Acc: 0.9841
 Site-Sketch    | Train Loss: 0.3170 | Train Acc: 0.9524
 Site-Sketch    | Train Loss: 0.3841 | Train Acc: 0.9048
 Site-Clipart   | Val  Loss: 0.4562 | Val  Acc: 0.8571
 Site-Clipart   | Val  Loss: 0.4383 | Val  Acc: 0.9048
 Site-Infograph | Val  Loss: 0.9613 | Val  Acc: 0.7381
 Site-Infograph | Val  Loss: 1.1190 | Val  Acc: 0.7381
 Site-Painting  | Val  Loss: 0.2277 | Val  Acc: 0.9762
 Site-Painting  | Val  Loss: 0.3374 | Val  Acc: 0.9524
 Site-QuickDraw | Val  Loss: 0.8195 | Val  Acc: 0.6905
 Site-QuickDraw | Val  Loss: 1.0317 | Val  Acc: 0.6905
 Site-Real      | Val  Loss: 0.2196 | Val  Acc: 0.9524
 Site-Real      | Val  Loss: 0.2461 | Val  Acc: 0.9286
 Site-Sketch    | Val  Loss: 0.3806 | Val  Acc: 0.9286
 Site-Sketch    | Val  Loss: 0.4442 | Val  Acc: 0.8810
Average Valid Accuracy: 0.8532
============ Train epoch 105 ============
============ Train epoch 106 ============
============ Train epoch 107 ============
============ Train epoch 108 ============
============ Train epoch 109 ============
client-0 is in G-1
client-1 is in G-0
client-2 is in G-2
client-3 is in G-2
client-4 is in G-2
client-5 is in G-2
client-6 is in G-1
client-7 is in G-1
client-8 is in G-0
client-9 is in G-2
client-10 is in G-0
client-11 is in G-1
cnt=[3, 4, 5, ]
 Site-Clipart   | Train Loss: 0.4005 | Train Acc: 0.8730
 Site-Clipart   | Train Loss: 0.3991 | Train Acc: 0.9048
 Site-Infograph | Train Loss: 1.1806 | Train Acc: 0.6984
 Site-Infograph | Train Loss: 0.9864 | Train Acc: 0.7143
 Site-Painting  | Train Loss: 0.2813 | Train Acc: 0.9365
 Site-Painting  | Train Loss: 0.2950 | Train Acc: 0.9683
 Site-QuickDraw | Train Loss: 0.9029 | Train Acc: 0.7778
 Site-QuickDraw | Train Loss: 0.8365 | Train Acc: 0.7619
 Site-Real      | Train Loss: 0.1741 | Train Acc: 0.9841
 Site-Real      | Train Loss: 0.1693 | Train Acc: 0.9841
 Site-Sketch    | Train Loss: 0.3181 | Train Acc: 0.9683
 Site-Sketch    | Train Loss: 0.3653 | Train Acc: 0.9048
 Site-Clipart   | Val  Loss: 0.4378 | Val  Acc: 0.9524
 Site-Clipart   | Val  Loss: 0.4503 | Val  Acc: 0.9286
 Site-Infograph | Val  Loss: 0.9237 | Val  Acc: 0.7143
 Site-Infograph | Val  Loss: 1.1333 | Val  Acc: 0.6905
 Site-Painting  | Val  Loss: 0.2405 | Val  Acc: 0.9524
 Site-Painting  | Val  Loss: 0.2675 | Val  Acc: 1.0000
 Site-QuickDraw | Val  Loss: 0.7837 | Val  Acc: 0.7619
 Site-QuickDraw | Val  Loss: 0.9506 | Val  Acc: 0.7381
 Site-Real      | Val  Loss: 0.2004 | Val  Acc: 0.9762
 Site-Real      | Val  Loss: 0.1578 | Val  Acc: 0.9762
 Site-Sketch    | Val  Loss: 0.3331 | Val  Acc: 0.9286
 Site-Sketch    | Val  Loss: 0.4486 | Val  Acc: 0.8571
Average Valid Accuracy: 0.8730
 Best site-Clipart    | Epoch:21 | Val Acc: 0.9524
 Best site-Clipart    | Epoch:21 | Val Acc: 0.9286
 Best site-Infograph  | Epoch:21 | Val Acc: 0.7143
 Best site-Infograph  | Epoch:21 | Val Acc: 0.6905
 Best site-Painting   | Epoch:21 | Val Acc: 0.9524
 Best site-Painting   | Epoch:21 | Val Acc: 1.0000
 Best site-QuickDraw  | Epoch:21 | Val Acc: 0.7619
 Best site-QuickDraw  | Epoch:21 | Val Acc: 0.7381
 Best site-Real       | Epoch:21 | Val Acc: 0.9762
 Best site-Real       | Epoch:21 | Val Acc: 0.9762
 Best site-Sketch     | Epoch:21 | Val Acc: 0.9286
 Best site-Sketch     | Epoch:21 | Val Acc: 0.8571
 Saving the local and server checkpoint to ../checkpoint/fed_domainnet_even-sqrt_1/Nova...
============ Train epoch 110 ============
============ Train epoch 111 ============
============ Train epoch 112 ============
============ Train epoch 113 ============
============ Train epoch 114 ============
client-0 is in G-2
client-1 is in G-0
client-2 is in G-1
client-3 is in G-0
client-4 is in G-1
client-5 is in G-1
client-6 is in G-2
client-7 is in G-2
client-8 is in G-0
client-9 is in G-1
client-10 is in G-0
client-11 is in G-0
cnt=[5, 4, 3, ]
 Site-Clipart   | Train Loss: 0.3476 | Train Acc: 0.8889
 Site-Clipart   | Train Loss: 0.4136 | Train Acc: 0.9048
 Site-Infograph | Train Loss: 1.2509 | Train Acc: 0.6349
 Site-Infograph | Train Loss: 0.9167 | Train Acc: 0.7778
 Site-Painting  | Train Loss: 0.2953 | Train Acc: 0.9683
 Site-Painting  | Train Loss: 0.2739 | Train Acc: 0.9206
 Site-QuickDraw | Train Loss: 0.8906 | Train Acc: 0.7619
 Site-QuickDraw | Train Loss: 0.8636 | Train Acc: 0.7143
 Site-Real      | Train Loss: 0.2004 | Train Acc: 0.9683
 Site-Real      | Train Loss: 0.1974 | Train Acc: 0.9524
 Site-Sketch    | Train Loss: 0.3011 | Train Acc: 0.9206
 Site-Sketch    | Train Loss: 0.3898 | Train Acc: 0.8889
 Site-Clipart   | Val  Loss: 0.3863 | Val  Acc: 0.9048
 Site-Clipart   | Val  Loss: 0.2861 | Val  Acc: 0.9286
 Site-Infograph | Val  Loss: 0.8765 | Val  Acc: 0.7381
 Site-Infograph | Val  Loss: 1.1355 | Val  Acc: 0.6905
 Site-Painting  | Val  Loss: 0.1804 | Val  Acc: 0.9762
 Site-Painting  | Val  Loss: 0.2637 | Val  Acc: 0.9762
 Site-QuickDraw | Val  Loss: 0.7191 | Val  Acc: 0.7619
 Site-QuickDraw | Val  Loss: 1.1013 | Val  Acc: 0.5952
 Site-Real      | Val  Loss: 0.2002 | Val  Acc: 1.0000
 Site-Real      | Val  Loss: 0.1819 | Val  Acc: 0.9762
 Site-Sketch    | Val  Loss: 0.3038 | Val  Acc: 0.9286
 Site-Sketch    | Val  Loss: 0.3734 | Val  Acc: 0.9286
Average Valid Accuracy: 0.8671
============ Train epoch 115 ============
============ Train epoch 116 ============
============ Train epoch 117 ============
============ Train epoch 118 ============
============ Train epoch 119 ============
client-0 is in G-1
client-1 is in G-0
client-2 is in G-2
client-3 is in G-0
client-4 is in G-2
client-5 is in G-2
client-6 is in G-1
client-7 is in G-1
client-8 is in G-0
client-9 is in G-2
client-10 is in G-0
client-11 is in G-0
cnt=[5, 3, 4, ]
 Site-Clipart   | Train Loss: 0.3384 | Train Acc: 0.9048
 Site-Clipart   | Train Loss: 0.3475 | Train Acc: 0.9524
 Site-Infograph | Train Loss: 1.1969 | Train Acc: 0.6667
 Site-Infograph | Train Loss: 0.8971 | Train Acc: 0.7778
 Site-Painting  | Train Loss: 0.2116 | Train Acc: 0.9683
 Site-Painting  | Train Loss: 0.2265 | Train Acc: 1.0000
 Site-QuickDraw | Train Loss: 0.8602 | Train Acc: 0.7778
 Site-QuickDraw | Train Loss: 0.8330 | Train Acc: 0.6984
 Site-Real      | Train Loss: 0.1816 | Train Acc: 0.9841
 Site-Real      | Train Loss: 0.1546 | Train Acc: 1.0000
 Site-Sketch    | Train Loss: 0.3172 | Train Acc: 0.9365
 Site-Sketch    | Train Loss: 0.3721 | Train Acc: 0.9048
 Site-Clipart   | Val  Loss: 0.3880 | Val  Acc: 0.9286
 Site-Clipart   | Val  Loss: 0.3610 | Val  Acc: 0.9048
 Site-Infograph | Val  Loss: 0.8401 | Val  Acc: 0.8333
 Site-Infograph | Val  Loss: 1.1303 | Val  Acc: 0.6667
 Site-Painting  | Val  Loss: 0.1560 | Val  Acc: 0.9762
 Site-Painting  | Val  Loss: 0.2823 | Val  Acc: 0.9524
 Site-QuickDraw | Val  Loss: 0.6408 | Val  Acc: 0.7857
 Site-QuickDraw | Val  Loss: 0.9961 | Val  Acc: 0.6667
 Site-Real      | Val  Loss: 0.1719 | Val  Acc: 1.0000
 Site-Real      | Val  Loss: 0.1897 | Val  Acc: 0.9524
 Site-Sketch    | Val  Loss: 0.3345 | Val  Acc: 0.9286
 Site-Sketch    | Val  Loss: 0.3841 | Val  Acc: 0.9286
Average Valid Accuracy: 0.8770
 Best site-Clipart    | Epoch:23 | Val Acc: 0.9286
 Best site-Clipart    | Epoch:23 | Val Acc: 0.9048
 Best site-Infograph  | Epoch:23 | Val Acc: 0.8333
 Best site-Infograph  | Epoch:23 | Val Acc: 0.6667
 Best site-Painting   | Epoch:23 | Val Acc: 0.9762
 Best site-Painting   | Epoch:23 | Val Acc: 0.9524
 Best site-QuickDraw  | Epoch:23 | Val Acc: 0.7857
 Best site-QuickDraw  | Epoch:23 | Val Acc: 0.6667
 Best site-Real       | Epoch:23 | Val Acc: 1.0000
 Best site-Real       | Epoch:23 | Val Acc: 0.9524
 Best site-Sketch     | Epoch:23 | Val Acc: 0.9286
 Best site-Sketch     | Epoch:23 | Val Acc: 0.9286
 Saving the local and server checkpoint to ../checkpoint/fed_domainnet_even-sqrt_1/Nova...
============ Train epoch 120 ============
============ Train epoch 121 ============
============ Train epoch 122 ============
============ Train epoch 123 ============
============ Train epoch 124 ============
client-0 is in G-1
client-1 is in G-0
client-2 is in G-2
client-3 is in G-2
client-4 is in G-2
client-5 is in G-2
client-6 is in G-1
client-7 is in G-1
client-8 is in G-0
client-9 is in G-2
client-10 is in G-0
client-11 is in G-0
cnt=[4, 3, 5, ]
 Site-Clipart   | Train Loss: 0.2867 | Train Acc: 0.9206
 Site-Clipart   | Train Loss: 0.3500 | Train Acc: 0.9365
 Site-Infograph | Train Loss: 1.1554 | Train Acc: 0.6667
 Site-Infograph | Train Loss: 0.9331 | Train Acc: 0.7302
 Site-Painting  | Train Loss: 0.2125 | Train Acc: 0.9683
 Site-Painting  | Train Loss: 0.1967 | Train Acc: 0.9841
 Site-QuickDraw | Train Loss: 0.9149 | Train Acc: 0.7302
 Site-QuickDraw | Train Loss: 0.8436 | Train Acc: 0.7460
 Site-Real      | Train Loss: 0.1762 | Train Acc: 0.9683
 Site-Real      | Train Loss: 0.1568 | Train Acc: 0.9841
 Site-Sketch    | Train Loss: 0.3160 | Train Acc: 0.9206
 Site-Sketch    | Train Loss: 0.3363 | Train Acc: 0.9206
 Site-Clipart   | Val  Loss: 0.3979 | Val  Acc: 0.9048
 Site-Clipart   | Val  Loss: 0.3525 | Val  Acc: 0.9048
 Site-Infograph | Val  Loss: 0.8418 | Val  Acc: 0.7619
 Site-Infograph | Val  Loss: 1.0215 | Val  Acc: 0.7143
 Site-Painting  | Val  Loss: 0.2114 | Val  Acc: 0.9286
 Site-Painting  | Val  Loss: 0.3757 | Val  Acc: 0.9048
 Site-QuickDraw | Val  Loss: 0.7018 | Val  Acc: 0.7381
 Site-QuickDraw | Val  Loss: 1.0193 | Val  Acc: 0.6905
 Site-Real      | Val  Loss: 0.1479 | Val  Acc: 0.9762
 Site-Real      | Val  Loss: 0.1795 | Val  Acc: 0.9762
 Site-Sketch    | Val  Loss: 0.2951 | Val  Acc: 0.9286
 Site-Sketch    | Val  Loss: 0.3364 | Val  Acc: 0.9286
Average Valid Accuracy: 0.8631
============ Train epoch 125 ============
============ Train epoch 126 ============
============ Train epoch 127 ============
============ Train epoch 128 ============
============ Train epoch 129 ============
client-0 is in G-2
client-1 is in G-2
client-2 is in G-0
client-3 is in G-0
client-4 is in G-0
client-5 is in G-0
client-6 is in G-1
client-7 is in G-1
client-8 is in G-0
client-9 is in G-0
client-10 is in G-2
client-11 is in G-2
cnt=[6, 2, 4, ]
 Site-Clipart   | Train Loss: 0.2890 | Train Acc: 0.9048
 Site-Clipart   | Train Loss: 0.3386 | Train Acc: 0.9365
 Site-Infograph | Train Loss: 1.1495 | Train Acc: 0.6825
 Site-Infograph | Train Loss: 0.8479 | Train Acc: 0.7302
 Site-Painting  | Train Loss: 0.2201 | Train Acc: 0.9841
 Site-Painting  | Train Loss: 0.2080 | Train Acc: 0.9683
 Site-QuickDraw | Train Loss: 0.8938 | Train Acc: 0.7460
 Site-QuickDraw | Train Loss: 0.8751 | Train Acc: 0.7302
 Site-Real      | Train Loss: 0.1743 | Train Acc: 1.0000
 Site-Real      | Train Loss: 0.1813 | Train Acc: 0.9683
 Site-Sketch    | Train Loss: 0.3142 | Train Acc: 0.9524
 Site-Sketch    | Train Loss: 0.2901 | Train Acc: 0.8889
 Site-Clipart   | Val  Loss: 0.4440 | Val  Acc: 0.8810
 Site-Clipart   | Val  Loss: 0.3734 | Val  Acc: 0.9048
 Site-Infograph | Val  Loss: 0.9105 | Val  Acc: 0.7857
 Site-Infograph | Val  Loss: 1.0035 | Val  Acc: 0.7619
 Site-Painting  | Val  Loss: 0.2189 | Val  Acc: 0.9524
 Site-Painting  | Val  Loss: 0.2554 | Val  Acc: 0.9524
 Site-QuickDraw | Val  Loss: 0.7328 | Val  Acc: 0.7619
 Site-QuickDraw | Val  Loss: 0.9999 | Val  Acc: 0.7143
 Site-Real      | Val  Loss: 0.1593 | Val  Acc: 1.0000
 Site-Real      | Val  Loss: 0.1551 | Val  Acc: 0.9762
 Site-Sketch    | Val  Loss: 0.2970 | Val  Acc: 0.9762
 Site-Sketch    | Val  Loss: 0.3594 | Val  Acc: 0.9048
Average Valid Accuracy: 0.8810
 Best site-Clipart    | Epoch:25 | Val Acc: 0.8810
 Best site-Clipart    | Epoch:25 | Val Acc: 0.9048
 Best site-Infograph  | Epoch:25 | Val Acc: 0.7857
 Best site-Infograph  | Epoch:25 | Val Acc: 0.7619
 Best site-Painting   | Epoch:25 | Val Acc: 0.9524
 Best site-Painting   | Epoch:25 | Val Acc: 0.9524
 Best site-QuickDraw  | Epoch:25 | Val Acc: 0.7619
 Best site-QuickDraw  | Epoch:25 | Val Acc: 0.7143
 Best site-Real       | Epoch:25 | Val Acc: 1.0000
 Best site-Real       | Epoch:25 | Val Acc: 0.9762
 Best site-Sketch     | Epoch:25 | Val Acc: 0.9762
 Best site-Sketch     | Epoch:25 | Val Acc: 0.9048
 Saving the local and server checkpoint to ../checkpoint/fed_domainnet_even-sqrt_1/Nova...
============ Train epoch 130 ============
============ Train epoch 131 ============
============ Train epoch 132 ============
============ Train epoch 133 ============
============ Train epoch 134 ============
client-0 is in G-2
client-1 is in G-0
client-2 is in G-2
client-3 is in G-2
client-4 is in G-2
client-5 is in G-0
client-6 is in G-1
client-7 is in G-1
client-8 is in G-0
client-9 is in G-0
client-10 is in G-0
client-11 is in G-1
cnt=[5, 3, 4, ]
 Site-Clipart   | Train Loss: 0.2567 | Train Acc: 0.9048
 Site-Clipart   | Train Loss: 0.3649 | Train Acc: 0.9206
 Site-Infograph | Train Loss: 1.1066 | Train Acc: 0.6349
 Site-Infograph | Train Loss: 0.7948 | Train Acc: 0.7302
 Site-Painting  | Train Loss: 0.2241 | Train Acc: 0.9841
 Site-Painting  | Train Loss: 0.1862 | Train Acc: 0.9841
 Site-QuickDraw | Train Loss: 0.8187 | Train Acc: 0.8095
 Site-QuickDraw | Train Loss: 0.7643 | Train Acc: 0.7937
 Site-Real      | Train Loss: 0.1549 | Train Acc: 0.9683
 Site-Real      | Train Loss: 0.1485 | Train Acc: 1.0000
 Site-Sketch    | Train Loss: 0.2484 | Train Acc: 0.9524
 Site-Sketch    | Train Loss: 0.3118 | Train Acc: 0.9206
 Site-Clipart   | Val  Loss: 0.4321 | Val  Acc: 0.9286
 Site-Clipart   | Val  Loss: 0.3029 | Val  Acc: 0.8810
 Site-Infograph | Val  Loss: 0.9007 | Val  Acc: 0.7381
 Site-Infograph | Val  Loss: 0.9442 | Val  Acc: 0.7143
 Site-Painting  | Val  Loss: 0.2022 | Val  Acc: 0.9286
 Site-Painting  | Val  Loss: 0.2297 | Val  Acc: 0.9762
 Site-QuickDraw | Val  Loss: 0.6334 | Val  Acc: 0.8333
 Site-QuickDraw | Val  Loss: 0.8392 | Val  Acc: 0.7619
 Site-Real      | Val  Loss: 0.1681 | Val  Acc: 0.9762
 Site-Real      | Val  Loss: 0.1898 | Val  Acc: 0.9762
 Site-Sketch    | Val  Loss: 0.2927 | Val  Acc: 0.9762
 Site-Sketch    | Val  Loss: 0.3760 | Val  Acc: 0.8810
Average Valid Accuracy: 0.8810
============ Train epoch 135 ============
============ Train epoch 136 ============
============ Train epoch 137 ============
============ Train epoch 138 ============
============ Train epoch 139 ============
client-0 is in G-0
client-1 is in G-0
client-2 is in G-2
client-3 is in G-0
client-4 is in G-2
client-5 is in G-2
client-6 is in G-1
client-7 is in G-1
client-8 is in G-0
client-9 is in G-2
client-10 is in G-0
client-11 is in G-1
cnt=[5, 3, 4, ]
 Site-Clipart   | Train Loss: 0.2695 | Train Acc: 0.9206
 Site-Clipart   | Train Loss: 0.3233 | Train Acc: 0.9524
 Site-Infograph | Train Loss: 1.1234 | Train Acc: 0.6508
 Site-Infograph | Train Loss: 0.8562 | Train Acc: 0.6984
 Site-Painting  | Train Loss: 0.2097 | Train Acc: 1.0000
 Site-Painting  | Train Loss: 0.2010 | Train Acc: 0.9841
 Site-QuickDraw | Train Loss: 0.8714 | Train Acc: 0.7460
 Site-QuickDraw | Train Loss: 0.7469 | Train Acc: 0.7778
 Site-Real      | Train Loss: 0.1575 | Train Acc: 0.9683
 Site-Real      | Train Loss: 0.1564 | Train Acc: 0.9683
 Site-Sketch    | Train Loss: 0.2226 | Train Acc: 0.9841
 Site-Sketch    | Train Loss: 0.3080 | Train Acc: 0.8889
 Site-Clipart   | Val  Loss: 0.4031 | Val  Acc: 0.8810
 Site-Clipart   | Val  Loss: 0.3081 | Val  Acc: 0.8810
 Site-Infograph | Val  Loss: 0.8880 | Val  Acc: 0.7857
 Site-Infograph | Val  Loss: 0.9344 | Val  Acc: 0.7619
 Site-Painting  | Val  Loss: 0.1231 | Val  Acc: 1.0000
 Site-Painting  | Val  Loss: 0.2190 | Val  Acc: 0.9762
 Site-QuickDraw | Val  Loss: 0.6099 | Val  Acc: 0.7857
 Site-QuickDraw | Val  Loss: 0.8453 | Val  Acc: 0.7619
 Site-Real      | Val  Loss: 0.1667 | Val  Acc: 0.9762
 Site-Real      | Val  Loss: 0.1842 | Val  Acc: 0.9762
 Site-Sketch    | Val  Loss: 0.2799 | Val  Acc: 0.9286
 Site-Sketch    | Val  Loss: 0.3455 | Val  Acc: 0.9286
Average Valid Accuracy: 0.8869
 Best site-Clipart    | Epoch:27 | Val Acc: 0.8810
 Best site-Clipart    | Epoch:27 | Val Acc: 0.8810
 Best site-Infograph  | Epoch:27 | Val Acc: 0.7857
 Best site-Infograph  | Epoch:27 | Val Acc: 0.7619
 Best site-Painting   | Epoch:27 | Val Acc: 1.0000
 Best site-Painting   | Epoch:27 | Val Acc: 0.9762
 Best site-QuickDraw  | Epoch:27 | Val Acc: 0.7857
 Best site-QuickDraw  | Epoch:27 | Val Acc: 0.7619
 Best site-Real       | Epoch:27 | Val Acc: 0.9762
 Best site-Real       | Epoch:27 | Val Acc: 0.9762
 Best site-Sketch     | Epoch:27 | Val Acc: 0.9286
 Best site-Sketch     | Epoch:27 | Val Acc: 0.9286
 Saving the local and server checkpoint to ../checkpoint/fed_domainnet_even-sqrt_1/Nova...
============ Train epoch 140 ============
============ Train epoch 141 ============
============ Train epoch 142 ============
============ Train epoch 143 ============
============ Train epoch 144 ============
client-0 is in G-1
client-1 is in G-1
client-2 is in G-0
client-3 is in G-0
client-4 is in G-0
client-5 is in G-0
client-6 is in G-2
client-7 is in G-2
client-8 is in G-0
client-9 is in G-0
client-10 is in G-1
client-11 is in G-1
cnt=[6, 4, 2, ]
 Site-Clipart   | Train Loss: 0.2589 | Train Acc: 0.9206
 Site-Clipart   | Train Loss: 0.3224 | Train Acc: 0.9206
 Site-Infograph | Train Loss: 1.1411 | Train Acc: 0.6508
 Site-Infograph | Train Loss: 0.8049 | Train Acc: 0.7619
 Site-Painting  | Train Loss: 0.2348 | Train Acc: 0.9524
 Site-Painting  | Train Loss: 0.2072 | Train Acc: 0.9683
 Site-QuickDraw | Train Loss: 0.7932 | Train Acc: 0.7778
 Site-QuickDraw | Train Loss: 0.7288 | Train Acc: 0.7937
 Site-Real      | Train Loss: 0.1378 | Train Acc: 1.0000
 Site-Real      | Train Loss: 0.1308 | Train Acc: 1.0000
 Site-Sketch    | Train Loss: 0.2907 | Train Acc: 0.9365
 Site-Sketch    | Train Loss: 0.3384 | Train Acc: 0.8889
 Site-Clipart   | Val  Loss: 0.3260 | Val  Acc: 0.9286
 Site-Clipart   | Val  Loss: 0.2887 | Val  Acc: 0.9048
 Site-Infograph | Val  Loss: 0.8174 | Val  Acc: 0.8095
 Site-Infograph | Val  Loss: 0.9469 | Val  Acc: 0.7857
 Site-Painting  | Val  Loss: 0.1580 | Val  Acc: 1.0000
 Site-Painting  | Val  Loss: 0.2093 | Val  Acc: 1.0000
 Site-QuickDraw | Val  Loss: 0.6246 | Val  Acc: 0.8095
 Site-QuickDraw | Val  Loss: 0.8128 | Val  Acc: 0.7619
 Site-Real      | Val  Loss: 0.1514 | Val  Acc: 0.9762
 Site-Real      | Val  Loss: 0.1666 | Val  Acc: 0.9762
 Site-Sketch    | Val  Loss: 0.2783 | Val  Acc: 0.9286
 Site-Sketch    | Val  Loss: 0.3342 | Val  Acc: 0.9048
Average Valid Accuracy: 0.8988
 Best site-Clipart    | Epoch:28 | Val Acc: 0.9286
 Best site-Clipart    | Epoch:28 | Val Acc: 0.9048
 Best site-Infograph  | Epoch:28 | Val Acc: 0.8095
 Best site-Infograph  | Epoch:28 | Val Acc: 0.7857
 Best site-Painting   | Epoch:28 | Val Acc: 1.0000
 Best site-Painting   | Epoch:28 | Val Acc: 1.0000
 Best site-QuickDraw  | Epoch:28 | Val Acc: 0.8095
 Best site-QuickDraw  | Epoch:28 | Val Acc: 0.7619
 Best site-Real       | Epoch:28 | Val Acc: 0.9762
 Best site-Real       | Epoch:28 | Val Acc: 0.9762
 Best site-Sketch     | Epoch:28 | Val Acc: 0.9286
 Best site-Sketch     | Epoch:28 | Val Acc: 0.9048
 Saving the local and server checkpoint to ../checkpoint/fed_domainnet_even-sqrt_1/Nova...
============ Train epoch 145 ============
============ Train epoch 146 ============
============ Train epoch 147 ============
============ Train epoch 148 ============
============ Train epoch 149 ============
client-0 is in G-0
client-1 is in G-1
client-2 is in G-0
client-3 is in G-0
client-4 is in G-0
client-5 is in G-0
client-6 is in G-2
client-7 is in G-2
client-8 is in G-0
client-9 is in G-0
client-10 is in G-1
client-11 is in G-1
cnt=[7, 3, 2, ]
 Site-Clipart   | Train Loss: 0.3143 | Train Acc: 0.8889
 Site-Clipart   | Train Loss: 0.3064 | Train Acc: 0.9206
 Site-Infograph | Train Loss: 1.1213 | Train Acc: 0.7302
 Site-Infograph | Train Loss: 0.7837 | Train Acc: 0.7302
 Site-Painting  | Train Loss: 0.2161 | Train Acc: 0.9841
 Site-Painting  | Train Loss: 0.2268 | Train Acc: 0.9365
 Site-QuickDraw | Train Loss: 0.6987 | Train Acc: 0.8095
 Site-QuickDraw | Train Loss: 0.7153 | Train Acc: 0.7619
 Site-Real      | Train Loss: 0.1313 | Train Acc: 1.0000
 Site-Real      | Train Loss: 0.1217 | Train Acc: 0.9841
 Site-Sketch    | Train Loss: 0.2125 | Train Acc: 0.9683
 Site-Sketch    | Train Loss: 0.3349 | Train Acc: 0.8889
 Site-Clipart   | Val  Loss: 0.3292 | Val  Acc: 0.9286
 Site-Clipart   | Val  Loss: 0.2927 | Val  Acc: 0.9524
 Site-Infograph | Val  Loss: 0.8411 | Val  Acc: 0.7857
 Site-Infograph | Val  Loss: 0.9808 | Val  Acc: 0.7143
 Site-Painting  | Val  Loss: 0.1193 | Val  Acc: 1.0000
 Site-Painting  | Val  Loss: 0.2538 | Val  Acc: 0.9524
 Site-QuickDraw | Val  Loss: 0.6282 | Val  Acc: 0.7857
 Site-QuickDraw | Val  Loss: 0.8204 | Val  Acc: 0.7381
 Site-Real      | Val  Loss: 0.1517 | Val  Acc: 1.0000
 Site-Real      | Val  Loss: 0.1601 | Val  Acc: 0.9762
 Site-Sketch    | Val  Loss: 0.2115 | Val  Acc: 0.9762
 Site-Sketch    | Val  Loss: 0.2837 | Val  Acc: 0.9286
Average Valid Accuracy: 0.8948
============ Train epoch 150 ============
============ Train epoch 151 ============
============ Train epoch 152 ============
============ Train epoch 153 ============
============ Train epoch 154 ============
client-0 is in G-1
client-1 is in G-0
client-2 is in G-2
client-3 is in G-0
client-4 is in G-2
client-5 is in G-0
client-6 is in G-1
client-7 is in G-1
client-8 is in G-0
client-9 is in G-0
client-10 is in G-0
client-11 is in G-0
cnt=[7, 3, 2, ]
 Site-Clipart   | Train Loss: 0.2665 | Train Acc: 0.8889
 Site-Clipart   | Train Loss: 0.3443 | Train Acc: 0.9048
 Site-Infograph | Train Loss: 1.0872 | Train Acc: 0.6349
 Site-Infograph | Train Loss: 0.7802 | Train Acc: 0.7302
 Site-Painting  | Train Loss: 0.1943 | Train Acc: 0.9683
 Site-Painting  | Train Loss: 0.2140 | Train Acc: 0.9841
 Site-QuickDraw | Train Loss: 0.7504 | Train Acc: 0.7619
 Site-QuickDraw | Train Loss: 0.7006 | Train Acc: 0.8413
 Site-Real      | Train Loss: 0.1478 | Train Acc: 0.9841
 Site-Real      | Train Loss: 0.1349 | Train Acc: 0.9841
 Site-Sketch    | Train Loss: 0.2853 | Train Acc: 0.9365
 Site-Sketch    | Train Loss: 0.2327 | Train Acc: 0.9365
 Site-Clipart   | Val  Loss: 0.4299 | Val  Acc: 0.9286
 Site-Clipart   | Val  Loss: 0.2571 | Val  Acc: 0.9286
 Site-Infograph | Val  Loss: 0.8327 | Val  Acc: 0.7381
 Site-Infograph | Val  Loss: 0.9115 | Val  Acc: 0.7381
 Site-Painting  | Val  Loss: 0.1562 | Val  Acc: 0.9762
 Site-Painting  | Val  Loss: 0.2143 | Val  Acc: 1.0000
 Site-QuickDraw | Val  Loss: 0.6235 | Val  Acc: 0.8333
 Site-QuickDraw | Val  Loss: 0.7199 | Val  Acc: 0.7381
 Site-Real      | Val  Loss: 0.1314 | Val  Acc: 0.9762
 Site-Real      | Val  Loss: 0.1411 | Val  Acc: 1.0000
 Site-Sketch    | Val  Loss: 0.3111 | Val  Acc: 0.9286
 Site-Sketch    | Val  Loss: 0.3469 | Val  Acc: 0.9048
Average Valid Accuracy: 0.8909
============ Train epoch 155 ============
============ Train epoch 156 ============
============ Train epoch 157 ============
============ Train epoch 158 ============
============ Train epoch 159 ============
client-0 is in G-1
client-1 is in G-0
client-2 is in G-0
client-3 is in G-2
client-4 is in G-2
client-5 is in G-0
client-6 is in G-1
client-7 is in G-1
client-8 is in G-0
client-9 is in G-0
client-10 is in G-0
client-11 is in G-1
cnt=[6, 4, 2, ]
 Site-Clipart   | Train Loss: 0.2372 | Train Acc: 0.9206
 Site-Clipart   | Train Loss: 0.2730 | Train Acc: 0.9524
 Site-Infograph | Train Loss: 1.0675 | Train Acc: 0.6825
 Site-Infograph | Train Loss: 0.8096 | Train Acc: 0.7619
 Site-Painting  | Train Loss: 0.1760 | Train Acc: 0.9683
 Site-Painting  | Train Loss: 0.1969 | Train Acc: 0.9683
 Site-QuickDraw | Train Loss: 0.7257 | Train Acc: 0.7937
 Site-QuickDraw | Train Loss: 0.6595 | Train Acc: 0.8571
 Site-Real      | Train Loss: 0.1342 | Train Acc: 1.0000
 Site-Real      | Train Loss: 0.1277 | Train Acc: 0.9841
 Site-Sketch    | Train Loss: 0.2397 | Train Acc: 0.9206
 Site-Sketch    | Train Loss: 0.2963 | Train Acc: 0.9206
 Site-Clipart   | Val  Loss: 0.3538 | Val  Acc: 0.8810
 Site-Clipart   | Val  Loss: 0.2597 | Val  Acc: 0.9048
 Site-Infograph | Val  Loss: 0.8084 | Val  Acc: 0.7619
 Site-Infograph | Val  Loss: 0.9367 | Val  Acc: 0.7857
 Site-Painting  | Val  Loss: 0.0969 | Val  Acc: 1.0000
 Site-Painting  | Val  Loss: 0.2060 | Val  Acc: 0.9762
 Site-QuickDraw | Val  Loss: 0.6049 | Val  Acc: 0.8095
 Site-QuickDraw | Val  Loss: 0.8554 | Val  Acc: 0.7857
 Site-Real      | Val  Loss: 0.1224 | Val  Acc: 1.0000
 Site-Real      | Val  Loss: 0.1160 | Val  Acc: 1.0000
 Site-Sketch    | Val  Loss: 0.2867 | Val  Acc: 0.9286
 Site-Sketch    | Val  Loss: 0.2819 | Val  Acc: 0.9286
Average Valid Accuracy: 0.8968
============ Train epoch 160 ============
============ Train epoch 161 ============
============ Train epoch 162 ============
============ Train epoch 163 ============
============ Train epoch 164 ============
client-0 is in G-1
client-1 is in G-0
client-2 is in G-2
client-3 is in G-2
client-4 is in G-2
client-5 is in G-2
client-6 is in G-1
client-7 is in G-1
client-8 is in G-0
client-9 is in G-2
client-10 is in G-0
client-11 is in G-1
cnt=[3, 4, 5, ]
 Site-Clipart   | Train Loss: 0.2480 | Train Acc: 0.8889
 Site-Clipart   | Train Loss: 0.2680 | Train Acc: 0.9206
 Site-Infograph | Train Loss: 1.1107 | Train Acc: 0.6032
 Site-Infograph | Train Loss: 0.7715 | Train Acc: 0.7460
 Site-Painting  | Train Loss: 0.1992 | Train Acc: 0.9841
 Site-Painting  | Train Loss: 0.1942 | Train Acc: 0.9524
 Site-QuickDraw | Train Loss: 0.8180 | Train Acc: 0.7619
 Site-QuickDraw | Train Loss: 0.7015 | Train Acc: 0.7302
 Site-Real      | Train Loss: 0.1122 | Train Acc: 1.0000
 Site-Real      | Train Loss: 0.1065 | Train Acc: 1.0000
 Site-Sketch    | Train Loss: 0.2229 | Train Acc: 0.9683
 Site-Sketch    | Train Loss: 0.2277 | Train Acc: 0.9524
 Site-Clipart   | Val  Loss: 0.2718 | Val  Acc: 0.9286
 Site-Clipart   | Val  Loss: 0.2004 | Val  Acc: 0.9762
 Site-Infograph | Val  Loss: 0.6365 | Val  Acc: 0.8095
 Site-Infograph | Val  Loss: 0.9882 | Val  Acc: 0.7143
 Site-Painting  | Val  Loss: 0.1460 | Val  Acc: 0.9762
 Site-Painting  | Val  Loss: 0.2180 | Val  Acc: 0.9762
 Site-QuickDraw | Val  Loss: 0.7031 | Val  Acc: 0.7381
 Site-QuickDraw | Val  Loss: 0.8265 | Val  Acc: 0.7143
 Site-Real      | Val  Loss: 0.1129 | Val  Acc: 0.9762
 Site-Real      | Val  Loss: 0.0981 | Val  Acc: 1.0000
 Site-Sketch    | Val  Loss: 0.2111 | Val  Acc: 0.9286
 Site-Sketch    | Val  Loss: 0.2666 | Val  Acc: 0.9286
Average Valid Accuracy: 0.8889
============ Train epoch 165 ============
============ Train epoch 166 ============
============ Train epoch 167 ============
============ Train epoch 168 ============
============ Train epoch 169 ============
client-0 is in G-0
client-1 is in G-0
client-2 is in G-0
client-3 is in G-0
client-4 is in G-2
client-5 is in G-2
client-6 is in G-1
client-7 is in G-1
client-8 is in G-0
client-9 is in G-2
client-10 is in G-0
client-11 is in G-0
cnt=[7, 2, 3, ]
 Site-Clipart   | Train Loss: 0.2419 | Train Acc: 0.8889
 Site-Clipart   | Train Loss: 0.3017 | Train Acc: 0.9206
 Site-Infograph | Train Loss: 1.0882 | Train Acc: 0.7143
 Site-Infograph | Train Loss: 0.7150 | Train Acc: 0.7778
 Site-Painting  | Train Loss: 0.1558 | Train Acc: 0.9683
 Site-Painting  | Train Loss: 0.1398 | Train Acc: 1.0000
 Site-QuickDraw | Train Loss: 0.7558 | Train Acc: 0.7619
 Site-QuickDraw | Train Loss: 0.6607 | Train Acc: 0.7937
 Site-Real      | Train Loss: 0.1074 | Train Acc: 0.9841
 Site-Real      | Train Loss: 0.1084 | Train Acc: 1.0000
 Site-Sketch    | Train Loss: 0.1619 | Train Acc: 1.0000
 Site-Sketch    | Train Loss: 0.2457 | Train Acc: 0.9365
 Site-Clipart   | Val  Loss: 0.3546 | Val  Acc: 0.9286
 Site-Clipart   | Val  Loss: 0.2214 | Val  Acc: 0.9048
 Site-Infograph | Val  Loss: 0.7453 | Val  Acc: 0.8333
 Site-Infograph | Val  Loss: 0.8831 | Val  Acc: 0.8571
 Site-Painting  | Val  Loss: 0.2072 | Val  Acc: 0.9524
 Site-Painting  | Val  Loss: 0.1755 | Val  Acc: 1.0000
 Site-QuickDraw | Val  Loss: 0.6115 | Val  Acc: 0.8095
 Site-QuickDraw | Val  Loss: 0.7590 | Val  Acc: 0.7619
 Site-Real      | Val  Loss: 0.1635 | Val  Acc: 0.9762
 Site-Real      | Val  Loss: 0.0801 | Val  Acc: 1.0000
 Site-Sketch    | Val  Loss: 0.2410 | Val  Acc: 0.9286
 Site-Sketch    | Val  Loss: 0.3080 | Val  Acc: 0.9286
Average Valid Accuracy: 0.9067
 Best site-Clipart    | Epoch:33 | Val Acc: 0.9286
 Best site-Clipart    | Epoch:33 | Val Acc: 0.9048
 Best site-Infograph  | Epoch:33 | Val Acc: 0.8333
 Best site-Infograph  | Epoch:33 | Val Acc: 0.8571
 Best site-Painting   | Epoch:33 | Val Acc: 0.9524
 Best site-Painting   | Epoch:33 | Val Acc: 1.0000
 Best site-QuickDraw  | Epoch:33 | Val Acc: 0.8095
 Best site-QuickDraw  | Epoch:33 | Val Acc: 0.7619
 Best site-Real       | Epoch:33 | Val Acc: 0.9762
 Best site-Real       | Epoch:33 | Val Acc: 1.0000
 Best site-Sketch     | Epoch:33 | Val Acc: 0.9286
 Best site-Sketch     | Epoch:33 | Val Acc: 0.9286
 Saving the local and server checkpoint to ../checkpoint/fed_domainnet_even-sqrt_1/Nova...
============ Train epoch 170 ============
============ Train epoch 171 ============
============ Train epoch 172 ============
============ Train epoch 173 ============
============ Train epoch 174 ============
client-0 is in G-1
client-1 is in G-1
client-2 is in G-0
client-3 is in G-1
client-4 is in G-0
client-5 is in G-0
client-6 is in G-2
client-7 is in G-2
client-8 is in G-0
client-9 is in G-0
client-10 is in G-1
client-11 is in G-1
cnt=[5, 5, 2, ]
 Site-Clipart   | Train Loss: 0.2253 | Train Acc: 0.9365
 Site-Clipart   | Train Loss: 0.2302 | Train Acc: 0.9683
 Site-Infograph | Train Loss: 1.0977 | Train Acc: 0.6667
 Site-Infograph | Train Loss: 0.7537 | Train Acc: 0.7619
 Site-Painting  | Train Loss: 0.1701 | Train Acc: 0.9524
 Site-Painting  | Train Loss: 0.1530 | Train Acc: 0.9841
 Site-QuickDraw | Train Loss: 0.8150 | Train Acc: 0.8254
 Site-QuickDraw | Train Loss: 0.6871 | Train Acc: 0.7619
 Site-Real      | Train Loss: 0.1152 | Train Acc: 0.9841
 Site-Real      | Train Loss: 0.1228 | Train Acc: 0.9841
 Site-Sketch    | Train Loss: 0.2761 | Train Acc: 0.9365
 Site-Sketch    | Train Loss: 0.2709 | Train Acc: 0.9365
 Site-Clipart   | Val  Loss: 0.3509 | Val  Acc: 0.8810
 Site-Clipart   | Val  Loss: 0.1679 | Val  Acc: 0.9762
 Site-Infograph | Val  Loss: 0.8420 | Val  Acc: 0.7857
 Site-Infograph | Val  Loss: 0.8657 | Val  Acc: 0.7857
 Site-Painting  | Val  Loss: 0.1117 | Val  Acc: 1.0000
 Site-Painting  | Val  Loss: 0.1869 | Val  Acc: 0.9762
 Site-QuickDraw | Val  Loss: 0.6021 | Val  Acc: 0.8333
 Site-QuickDraw | Val  Loss: 0.7091 | Val  Acc: 0.8095
 Site-Real      | Val  Loss: 0.1130 | Val  Acc: 0.9762
 Site-Real      | Val  Loss: 0.0907 | Val  Acc: 1.0000
 Site-Sketch    | Val  Loss: 0.2334 | Val  Acc: 0.9524
 Site-Sketch    | Val  Loss: 0.3388 | Val  Acc: 0.9048
Average Valid Accuracy: 0.9067
============ Train epoch 175 ============
============ Train epoch 176 ============
============ Train epoch 177 ============
============ Train epoch 178 ============
============ Train epoch 179 ============
client-0 is in G-0
client-1 is in G-0
client-2 is in G-1
client-3 is in G-1
client-4 is in G-1
client-5 is in G-0
client-6 is in G-2
client-7 is in G-2
client-8 is in G-0
client-9 is in G-1
client-10 is in G-0
client-11 is in G-0
cnt=[6, 4, 2, ]
 Site-Clipart   | Train Loss: 0.2342 | Train Acc: 0.9524
 Site-Clipart   | Train Loss: 0.3102 | Train Acc: 0.9206
 Site-Infograph | Train Loss: 1.0945 | Train Acc: 0.6508
 Site-Infograph | Train Loss: 0.7262 | Train Acc: 0.8095
 Site-Painting  | Train Loss: 0.1705 | Train Acc: 0.9683
 Site-Painting  | Train Loss: 0.0987 | Train Acc: 1.0000
 Site-QuickDraw | Train Loss: 0.6889 | Train Acc: 0.8413
 Site-QuickDraw | Train Loss: 0.6789 | Train Acc: 0.7778
 Site-Real      | Train Loss: 0.1246 | Train Acc: 0.9841
 Site-Real      | Train Loss: 0.1136 | Train Acc: 0.9841
 Site-Sketch    | Train Loss: 0.2619 | Train Acc: 0.9206
 Site-Sketch    | Train Loss: 0.2832 | Train Acc: 0.9206
 Site-Clipart   | Val  Loss: 0.2879 | Val  Acc: 0.9286
 Site-Clipart   | Val  Loss: 0.2206 | Val  Acc: 0.9286
 Site-Infograph | Val  Loss: 0.6746 | Val  Acc: 0.8095
 Site-Infograph | Val  Loss: 0.7734 | Val  Acc: 0.7381
 Site-Painting  | Val  Loss: 0.1363 | Val  Acc: 0.9286
 Site-Painting  | Val  Loss: 0.1620 | Val  Acc: 0.9762
 Site-QuickDraw | Val  Loss: 0.5041 | Val  Acc: 0.8333
 Site-QuickDraw | Val  Loss: 0.7883 | Val  Acc: 0.7381
 Site-Real      | Val  Loss: 0.1182 | Val  Acc: 0.9762
 Site-Real      | Val  Loss: 0.1060 | Val  Acc: 0.9762
 Site-Sketch    | Val  Loss: 0.2092 | Val  Acc: 0.9524
 Site-Sketch    | Val  Loss: 0.2986 | Val  Acc: 0.9524
Average Valid Accuracy: 0.8948
============ Train epoch 180 ============
============ Train epoch 181 ============
============ Train epoch 182 ============
============ Train epoch 183 ============
============ Train epoch 184 ============
client-0 is in G-0
client-1 is in G-0
client-2 is in G-2
client-3 is in G-0
client-4 is in G-2
client-5 is in G-2
client-6 is in G-1
client-7 is in G-1
client-8 is in G-0
client-9 is in G-2
client-10 is in G-0
client-11 is in G-0
cnt=[6, 2, 4, ]
 Site-Clipart   | Train Loss: 0.2934 | Train Acc: 0.8730
 Site-Clipart   | Train Loss: 0.2690 | Train Acc: 0.9365
 Site-Infograph | Train Loss: 0.9926 | Train Acc: 0.7143
 Site-Infograph | Train Loss: 0.7696 | Train Acc: 0.8095
 Site-Painting  | Train Loss: 0.1626 | Train Acc: 0.9683
 Site-Painting  | Train Loss: 0.1918 | Train Acc: 0.9365
 Site-QuickDraw | Train Loss: 0.6211 | Train Acc: 0.8730
 Site-QuickDraw | Train Loss: 0.6381 | Train Acc: 0.8095
 Site-Real      | Train Loss: 0.1327 | Train Acc: 0.9841
 Site-Real      | Train Loss: 0.1148 | Train Acc: 1.0000
 Site-Sketch    | Train Loss: 0.2007 | Train Acc: 0.9841
 Site-Sketch    | Train Loss: 0.2792 | Train Acc: 0.9365
 Site-Clipart   | Val  Loss: 0.3719 | Val  Acc: 0.9048
 Site-Clipart   | Val  Loss: 0.2311 | Val  Acc: 0.9762
 Site-Infograph | Val  Loss: 0.7270 | Val  Acc: 0.8095
 Site-Infograph | Val  Loss: 0.7782 | Val  Acc: 0.8095
 Site-Painting  | Val  Loss: 0.1007 | Val  Acc: 1.0000
 Site-Painting  | Val  Loss: 0.1940 | Val  Acc: 0.9524
 Site-QuickDraw | Val  Loss: 0.5873 | Val  Acc: 0.8095
 Site-QuickDraw | Val  Loss: 0.7444 | Val  Acc: 0.8095
 Site-Real      | Val  Loss: 0.1173 | Val  Acc: 1.0000
 Site-Real      | Val  Loss: 0.0991 | Val  Acc: 0.9762
 Site-Sketch    | Val  Loss: 0.2574 | Val  Acc: 0.9286
 Site-Sketch    | Val  Loss: 0.3620 | Val  Acc: 0.8810
Average Valid Accuracy: 0.9048
============ Train epoch 185 ============
============ Train epoch 186 ============
============ Train epoch 187 ============
============ Train epoch 188 ============
============ Train epoch 189 ============
client-0 is in G-2
client-1 is in G-2
client-2 is in G-0
client-3 is in G-0
client-4 is in G-0
client-5 is in G-0
client-6 is in G-1
client-7 is in G-1
client-8 is in G-0
client-9 is in G-0
client-10 is in G-2
client-11 is in G-2
cnt=[6, 2, 4, ]
 Site-Clipart   | Train Loss: 0.1739 | Train Acc: 0.9524
 Site-Clipart   | Train Loss: 0.2732 | Train Acc: 0.9206
 Site-Infograph | Train Loss: 0.9734 | Train Acc: 0.6984
 Site-Infograph | Train Loss: 0.6776 | Train Acc: 0.7937
 Site-Painting  | Train Loss: 0.1580 | Train Acc: 0.9841
 Site-Painting  | Train Loss: 0.1609 | Train Acc: 0.9841
 Site-QuickDraw | Train Loss: 0.7149 | Train Acc: 0.8095
 Site-QuickDraw | Train Loss: 0.6581 | Train Acc: 0.7937
 Site-Real      | Train Loss: 0.1049 | Train Acc: 1.0000
 Site-Real      | Train Loss: 0.1329 | Train Acc: 0.9683
 Site-Sketch    | Train Loss: 0.2226 | Train Acc: 0.9683
 Site-Sketch    | Train Loss: 0.2310 | Train Acc: 0.9524
 Site-Clipart   | Val  Loss: 0.2983 | Val  Acc: 0.9048
 Site-Clipart   | Val  Loss: 0.2070 | Val  Acc: 0.9524
 Site-Infograph | Val  Loss: 0.7147 | Val  Acc: 0.8333
 Site-Infograph | Val  Loss: 0.8473 | Val  Acc: 0.7857
 Site-Painting  | Val  Loss: 0.0517 | Val  Acc: 1.0000
 Site-Painting  | Val  Loss: 0.1339 | Val  Acc: 1.0000
 Site-QuickDraw | Val  Loss: 0.5475 | Val  Acc: 0.8333
 Site-QuickDraw | Val  Loss: 0.7435 | Val  Acc: 0.8095
 Site-Real      | Val  Loss: 0.1009 | Val  Acc: 0.9762
 Site-Real      | Val  Loss: 0.1094 | Val  Acc: 0.9762
 Site-Sketch    | Val  Loss: 0.2317 | Val  Acc: 0.9286
 Site-Sketch    | Val  Loss: 0.2010 | Val  Acc: 0.9524
Average Valid Accuracy: 0.9127
 Best site-Clipart    | Epoch:37 | Val Acc: 0.9048
 Best site-Clipart    | Epoch:37 | Val Acc: 0.9524
 Best site-Infograph  | Epoch:37 | Val Acc: 0.8333
 Best site-Infograph  | Epoch:37 | Val Acc: 0.7857
 Best site-Painting   | Epoch:37 | Val Acc: 1.0000
 Best site-Painting   | Epoch:37 | Val Acc: 1.0000
 Best site-QuickDraw  | Epoch:37 | Val Acc: 0.8333
 Best site-QuickDraw  | Epoch:37 | Val Acc: 0.8095
 Best site-Real       | Epoch:37 | Val Acc: 0.9762
 Best site-Real       | Epoch:37 | Val Acc: 0.9762
 Best site-Sketch     | Epoch:37 | Val Acc: 0.9286
 Best site-Sketch     | Epoch:37 | Val Acc: 0.9524
 Saving the local and server checkpoint to ../checkpoint/fed_domainnet_even-sqrt_1/Nova...
============ Train epoch 190 ============
============ Train epoch 191 ============
============ Train epoch 192 ============
============ Train epoch 193 ============
============ Train epoch 194 ============
client-0 is in G-1
client-1 is in G-1
client-2 is in G-0
client-3 is in G-1
client-4 is in G-0
client-5 is in G-1
client-6 is in G-2
client-7 is in G-2
client-8 is in G-0
client-9 is in G-0
client-10 is in G-1
client-11 is in G-1
cnt=[4, 6, 2, ]
 Site-Clipart   | Train Loss: 0.1802 | Train Acc: 0.9524
 Site-Clipart   | Train Loss: 0.2750 | Train Acc: 0.9683
 Site-Infograph | Train Loss: 1.0272 | Train Acc: 0.6825
 Site-Infograph | Train Loss: 0.6857 | Train Acc: 0.7937
 Site-Painting  | Train Loss: 0.1582 | Train Acc: 0.9841
 Site-Painting  | Train Loss: 0.1588 | Train Acc: 0.9524
 Site-QuickDraw | Train Loss: 0.6374 | Train Acc: 0.8413
 Site-QuickDraw | Train Loss: 0.5904 | Train Acc: 0.8413
 Site-Real      | Train Loss: 0.1193 | Train Acc: 1.0000
 Site-Real      | Train Loss: 0.0935 | Train Acc: 1.0000
 Site-Sketch    | Train Loss: 0.1865 | Train Acc: 0.9841
 Site-Sketch    | Train Loss: 0.2394 | Train Acc: 0.9206
 Site-Clipart   | Val  Loss: 0.3453 | Val  Acc: 0.9048
 Site-Clipart   | Val  Loss: 0.2440 | Val  Acc: 0.9762
 Site-Infograph | Val  Loss: 0.5756 | Val  Acc: 0.8810
 Site-Infograph | Val  Loss: 0.7995 | Val  Acc: 0.8095
 Site-Painting  | Val  Loss: 0.0762 | Val  Acc: 1.0000
 Site-Painting  | Val  Loss: 0.1468 | Val  Acc: 1.0000
 Site-QuickDraw | Val  Loss: 0.5327 | Val  Acc: 0.7857
 Site-QuickDraw | Val  Loss: 0.6486 | Val  Acc: 0.7857
 Site-Real      | Val  Loss: 0.1037 | Val  Acc: 1.0000
 Site-Real      | Val  Loss: 0.0990 | Val  Acc: 1.0000
 Site-Sketch    | Val  Loss: 0.1747 | Val  Acc: 0.9524
 Site-Sketch    | Val  Loss: 0.2013 | Val  Acc: 0.9762
Average Valid Accuracy: 0.9226
 Best site-Clipart    | Epoch:38 | Val Acc: 0.9048
 Best site-Clipart    | Epoch:38 | Val Acc: 0.9762
 Best site-Infograph  | Epoch:38 | Val Acc: 0.8810
 Best site-Infograph  | Epoch:38 | Val Acc: 0.8095
 Best site-Painting   | Epoch:38 | Val Acc: 1.0000
 Best site-Painting   | Epoch:38 | Val Acc: 1.0000
 Best site-QuickDraw  | Epoch:38 | Val Acc: 0.7857
 Best site-QuickDraw  | Epoch:38 | Val Acc: 0.7857
 Best site-Real       | Epoch:38 | Val Acc: 1.0000
 Best site-Real       | Epoch:38 | Val Acc: 1.0000
 Best site-Sketch     | Epoch:38 | Val Acc: 0.9524
 Best site-Sketch     | Epoch:38 | Val Acc: 0.9762
 Saving the local and server checkpoint to ../checkpoint/fed_domainnet_even-sqrt_1/Nova...
============ Train epoch 195 ============
============ Train epoch 196 ============
============ Train epoch 197 ============
============ Train epoch 198 ============
============ Train epoch 199 ============
client-0 is in G-0
client-1 is in G-0
client-2 is in G-1
client-3 is in G-1
client-4 is in G-1
client-5 is in G-1
client-6 is in G-2
client-7 is in G-2
client-8 is in G-0
client-9 is in G-1
client-10 is in G-0
client-11 is in G-0
cnt=[5, 5, 2, ]
 Site-Clipart   | Train Loss: 0.2123 | Train Acc: 0.9524
 Site-Clipart   | Train Loss: 0.2622 | Train Acc: 0.9206
 Site-Infograph | Train Loss: 0.9890 | Train Acc: 0.6984
 Site-Infograph | Train Loss: 0.7260 | Train Acc: 0.7778
 Site-Painting  | Train Loss: 0.1835 | Train Acc: 0.9524
 Site-Painting  | Train Loss: 0.1662 | Train Acc: 0.9841
 Site-QuickDraw | Train Loss: 0.7147 | Train Acc: 0.8095
 Site-QuickDraw | Train Loss: 0.5888 | Train Acc: 0.7937
 Site-Real      | Train Loss: 0.1071 | Train Acc: 1.0000
 Site-Real      | Train Loss: 0.1041 | Train Acc: 0.9841
 Site-Sketch    | Train Loss: 0.2125 | Train Acc: 0.9365
 Site-Sketch    | Train Loss: 0.1808 | Train Acc: 0.9524
 Site-Clipart   | Val  Loss: 0.2975 | Val  Acc: 0.9524
 Site-Clipart   | Val  Loss: 0.2353 | Val  Acc: 0.9048
 Site-Infograph | Val  Loss: 0.5890 | Val  Acc: 0.8333
 Site-Infograph | Val  Loss: 0.8100 | Val  Acc: 0.7381
 Site-Painting  | Val  Loss: 0.0777 | Val  Acc: 1.0000
 Site-Painting  | Val  Loss: 0.1599 | Val  Acc: 0.9762
 Site-QuickDraw | Val  Loss: 0.5088 | Val  Acc: 0.7619
 Site-QuickDraw | Val  Loss: 0.6306 | Val  Acc: 0.7857
 Site-Real      | Val  Loss: 0.1006 | Val  Acc: 1.0000
 Site-Real      | Val  Loss: 0.0946 | Val  Acc: 1.0000
 Site-Sketch    | Val  Loss: 0.1773 | Val  Acc: 0.9524
 Site-Sketch    | Val  Loss: 0.2387 | Val  Acc: 0.9524
Average Valid Accuracy: 0.9048
===2023-04-04 10:01:57===
===2023-04-04 10:01:59===
===Setting===
    dataset: domainnet
    lr: 0.01
    batch: 8
    iters: 10
    wk_iters: 5
    tune: False
    lambda for constrastive: 0.5
domain number = 3
Loading snapshots...
 Test site-Clipart   | Epoch:38 | Test Acc: 0.8498
 Test site-Infograph | Epoch:38 | Test Acc: 0.5327
 Test site-Painting  | Epoch:38 | Test Acc: 0.9095
 Test site-QuickDraw | Epoch:38 | Test Acc: 0.6780
 Test site-Real      | Epoch:38 | Test Acc: 0.9458
 Test site-Sketch    | Epoch:38 | Test Acc: 0.8682
Average Test Accuracy: 0.7973
