===2023-03-23 14:13:42===
===Setting===
    dataset: digit
    lr: 0.01
    batch: 32
    iters: 10
    wk_iters: 5
===2023-03-23 14:13:45===
===Setting===
    dataset: digit
    lr: 0.01
    batch: 8
    iters: 300
    wk_iters: 1
Loading snapshots...
===2023-03-23 14:16:57===
===Setting===
    dataset: digit
    lr: 0.01
    batch: 32
    iters: 10
    wk_iters: 5
===2023-03-23 14:17:33===
===Setting===
    dataset: digit
    lr: 0.01
    batch: 32
    iters: 10
    wk_iters: 5
============ Train epoch 0 ============
============ Train epoch 1 ============
============ Train epoch 2 ============
============ Train epoch 3 ============
============ Train epoch 4 ============
===2023-03-23 14:19:47===
===Setting===
    dataset: digit
    lr: 0.01
    batch: 8
    iters: 300
    wk_iters: 1
Loading snapshots...
===2023-03-23 14:23:00===
===Setting===
    dataset: digit
    lr: 0.01
    batch: 32
    iters: 10
    wk_iters: 5
============ Train epoch 0 ============
============ Train epoch 1 ============
============ Train epoch 2 ============
============ Train epoch 3 ============
============ Train epoch 4 ============
===2023-03-23 14:25:12===
===Setting===
    dataset: digit
    lr: 0.01
    batch: 8
    iters: 300
    wk_iters: 1
Loading snapshots...
===2023-03-23 14:25:16===
===Setting===
    dataset: digit
    lr: 0.01
    batch: 32
    iters: 10
    wk_iters: 5
============ Train epoch 0 ============
============ Train epoch 1 ============
============ Train epoch 2 ============
============ Train epoch 3 ============
============ Train epoch 4 ============
===2023-03-23 14:27:30===
===Setting===
    dataset: digit
    lr: 0.01
    batch: 8
    iters: 300
    wk_iters: 1
Loading snapshots...
===2023-03-23 14:28:39===
===Setting===
    dataset: digit
    lr: 0.01
    batch: 32
    iters: 10
    wk_iters: 5
============ Train epoch 0 ============
============ Train epoch 1 ============
============ Train epoch 2 ============
============ Train epoch 3 ============
============ Train epoch 4 ============
 Site-MNIST     | Train Loss: 1.8098 | Train Acc: 0.5315
 Site-MNIST     | Train Loss: 1.8367 | Train Acc: 0.5045
 Site-MNIST     | Train Loss: 1.7833 | Train Acc: 0.5315
 Site-MNIST     | Train Loss: 1.8046 | Train Acc: 0.5946
 Site-SVHN      | Train Loss: 2.0902 | Train Acc: 0.3423
 Site-SVHN      | Train Loss: 2.1527 | Train Acc: 0.2162
 Site-SVHN      | Train Loss: 2.1046 | Train Acc: 0.2703
 Site-USPS      | Train Loss: 1.8469 | Train Acc: 0.5045
 Site-SynthDigits| Train Loss: 2.0887 | Train Acc: 0.3423
 Site-MNIST-M   | Train Loss: 2.1997 | Train Acc: 0.1712
 Site-MNIST     | Val  Loss: 1.7599 | Val  Acc: 0.6351
 Site-MNIST     | Val  Loss: 1.7566 | Val  Acc: 0.5270
 Site-MNIST     | Val  Loss: 1.8240 | Val  Acc: 0.5000
 Site-MNIST     | Val  Loss: 1.7841 | Val  Acc: 0.5676
 Site-SVHN      | Val  Loss: 2.1052 | Val  Acc: 0.2973
 Site-SVHN      | Val  Loss: 2.1520 | Val  Acc: 0.1757
 Site-SVHN      | Val  Loss: 2.0956 | Val  Acc: 0.3378
 Site-USPS      | Val  Loss: 1.8833 | Val  Acc: 0.5135
 Site-SynthDigits| Val  Loss: 2.0956 | Val  Acc: 0.3378
 Site-MNIST-M   | Val  Loss: 2.2395 | Val  Acc: 0.1757
===2023-03-23 14:31:24===
===Setting===
    dataset: digit
    lr: 0.01
    batch: 8
    iters: 300
    wk_iters: 1
Loading snapshots...
===2023-03-23 14:32:07===
===Setting===
    dataset: digit
    lr: 0.01
    batch: 32
    iters: 10
    wk_iters: 5
============ Train epoch 0 ============
============ Train epoch 1 ============
===2023-03-23 14:32:40===
===Setting===
    dataset: digit
    lr: 0.01
    batch: 32
    iters: 10
    wk_iters: 5
============ Train epoch 0 ============
============ Train epoch 1 ============
============ Train epoch 2 ============
============ Train epoch 3 ============
============ Train epoch 4 ============
 Site-MNIST     | Train Loss: 1.8098 | Train Acc: 0.5315
 Site-MNIST     | Train Loss: 1.8367 | Train Acc: 0.5045
 Site-MNIST     | Train Loss: 1.7833 | Train Acc: 0.5315
 Site-MNIST     | Train Loss: 1.8046 | Train Acc: 0.5946
 Site-SVHN      | Train Loss: 2.0902 | Train Acc: 0.3423
 Site-SVHN      | Train Loss: 2.1527 | Train Acc: 0.2162
 Site-SVHN      | Train Loss: 2.1046 | Train Acc: 0.2703
 Site-USPS      | Train Loss: 1.8469 | Train Acc: 0.5045
 Site-SynthDigits| Train Loss: 2.0887 | Train Acc: 0.3423
 Site-MNIST-M   | Train Loss: 2.1997 | Train Acc: 0.1712
 Site-MNIST     | Val  Loss: 1.7599 | Val  Acc: 0.6351
 Site-MNIST     | Val  Loss: 1.7566 | Val  Acc: 0.5270
 Site-MNIST     | Val  Loss: 1.8240 | Val  Acc: 0.5000
 Site-MNIST     | Val  Loss: 1.7841 | Val  Acc: 0.5676
 Site-SVHN      | Val  Loss: 2.1052 | Val  Acc: 0.2973
 Site-SVHN      | Val  Loss: 2.1520 | Val  Acc: 0.1757
 Site-SVHN      | Val  Loss: 2.0956 | Val  Acc: 0.3378
 Site-USPS      | Val  Loss: 1.8833 | Val  Acc: 0.5135
 Site-SynthDigits| Val  Loss: 2.0956 | Val  Acc: 0.3378
 Site-MNIST-M   | Val  Loss: 2.2395 | Val  Acc: 0.1757
Average Valid Accuracy: 0.4068
 Best site-MNIST      | Epoch:0 | Val Acc: 0.6351
 Best site-MNIST      | Epoch:0 | Val Acc: 0.5270
 Best site-MNIST      | Epoch:0 | Val Acc: 0.5000
 Best site-MNIST      | Epoch:0 | Val Acc: 0.5676
 Best site-SVHN       | Epoch:0 | Val Acc: 0.2973
 Best site-SVHN       | Epoch:0 | Val Acc: 0.1757
 Best site-SVHN       | Epoch:0 | Val Acc: 0.3378
 Best site-USPS       | Epoch:0 | Val Acc: 0.5135
 Best site-SynthDigits | Epoch:0 | Val Acc: 0.3378
 Best site-MNIST-M    | Epoch:0 | Val Acc: 0.1757
 Saving the local and server checkpoint to ../checkpoint/fed_digit_uneven_noalign/FedPrompt_lsim=False...
============ Train epoch 5 ============
============ Train epoch 6 ============
============ Train epoch 7 ============
============ Train epoch 8 ============
============ Train epoch 9 ============
 Site-MNIST     | Train Loss: 1.4801 | Train Acc: 0.6486
 Site-MNIST     | Train Loss: 1.4810 | Train Acc: 0.6306
 Site-MNIST     | Train Loss: 1.4058 | Train Acc: 0.7207
 Site-MNIST     | Train Loss: 1.4373 | Train Acc: 0.7117
 Site-SVHN      | Train Loss: 1.9185 | Train Acc: 0.4054
 Site-SVHN      | Train Loss: 1.9588 | Train Acc: 0.3874
 Site-SVHN      | Train Loss: 1.9244 | Train Acc: 0.3874
 Site-USPS      | Train Loss: 1.5480 | Train Acc: 0.7027
 Site-SynthDigits| Train Loss: 1.8927 | Train Acc: 0.4054
 Site-MNIST-M   | Train Loss: 2.1017 | Train Acc: 0.1892
 Site-MNIST     | Val  Loss: 1.3890 | Val  Acc: 0.7973
 Site-MNIST     | Val  Loss: 1.4094 | Val  Acc: 0.6892
 Site-MNIST     | Val  Loss: 1.5000 | Val  Acc: 0.6216
 Site-MNIST     | Val  Loss: 1.4306 | Val  Acc: 0.7162
 Site-SVHN      | Val  Loss: 1.9260 | Val  Acc: 0.4054
 Site-SVHN      | Val  Loss: 2.0100 | Val  Acc: 0.3378
 Site-SVHN      | Val  Loss: 1.9158 | Val  Acc: 0.4595
 Site-USPS      | Val  Loss: 1.6011 | Val  Acc: 0.6892
 Site-SynthDigits| Val  Loss: 1.9158 | Val  Acc: 0.4595
 Site-MNIST-M   | Val  Loss: 2.1796 | Val  Acc: 0.1757
Average Valid Accuracy: 0.5351
 Best site-MNIST      | Epoch:1 | Val Acc: 0.7973
 Best site-MNIST      | Epoch:1 | Val Acc: 0.6892
 Best site-MNIST      | Epoch:1 | Val Acc: 0.6216
 Best site-MNIST      | Epoch:1 | Val Acc: 0.7162
 Best site-SVHN       | Epoch:1 | Val Acc: 0.4054
 Best site-SVHN       | Epoch:1 | Val Acc: 0.3378
 Best site-SVHN       | Epoch:1 | Val Acc: 0.4595
 Best site-USPS       | Epoch:1 | Val Acc: 0.6892
 Best site-SynthDigits | Epoch:1 | Val Acc: 0.4595
 Best site-MNIST-M    | Epoch:1 | Val Acc: 0.1757
 Saving the local and server checkpoint to ../checkpoint/fed_digit_uneven_noalign/FedPrompt_lsim=False...
============ Train epoch 10 ============
============ Train epoch 11 ============
============ Train epoch 12 ============
============ Train epoch 13 ============
============ Train epoch 14 ============
 Site-MNIST     | Train Loss: 1.2032 | Train Acc: 0.7207
 Site-MNIST     | Train Loss: 1.2758 | Train Acc: 0.7027
 Site-MNIST     | Train Loss: 1.1691 | Train Acc: 0.8108
 Site-MNIST     | Train Loss: 1.1905 | Train Acc: 0.7838
 Site-SVHN      | Train Loss: 1.7589 | Train Acc: 0.4955
 Site-SVHN      | Train Loss: 1.8519 | Train Acc: 0.4144
 Site-SVHN      | Train Loss: 1.7842 | Train Acc: 0.4144
 Site-USPS      | Train Loss: 1.3713 | Train Acc: 0.7748
 Site-SynthDigits| Train Loss: 1.7566 | Train Acc: 0.4955
 Site-MNIST-M   | Train Loss: 2.0400 | Train Acc: 0.2252
 Site-MNIST     | Val  Loss: 1.1321 | Val  Acc: 0.8378
 Site-MNIST     | Val  Loss: 1.1654 | Val  Acc: 0.7838
 Site-MNIST     | Val  Loss: 1.2629 | Val  Acc: 0.6892
 Site-MNIST     | Val  Loss: 1.1858 | Val  Acc: 0.7568
 Site-SVHN      | Val  Loss: 1.7921 | Val  Acc: 0.4189
 Site-SVHN      | Val  Loss: 1.9149 | Val  Acc: 0.3649
 Site-SVHN      | Val  Loss: 1.7834 | Val  Acc: 0.5000
 Site-USPS      | Val  Loss: 1.4062 | Val  Acc: 0.7703
 Site-SynthDigits| Val  Loss: 1.7834 | Val  Acc: 0.5000
 Site-MNIST-M   | Val  Loss: 2.1363 | Val  Acc: 0.1622
Average Valid Accuracy: 0.5784
 Best site-MNIST      | Epoch:2 | Val Acc: 0.8378
 Best site-MNIST      | Epoch:2 | Val Acc: 0.7838
 Best site-MNIST      | Epoch:2 | Val Acc: 0.6892
 Best site-MNIST      | Epoch:2 | Val Acc: 0.7568
 Best site-SVHN       | Epoch:2 | Val Acc: 0.4189
 Best site-SVHN       | Epoch:2 | Val Acc: 0.3649
 Best site-SVHN       | Epoch:2 | Val Acc: 0.5000
 Best site-USPS       | Epoch:2 | Val Acc: 0.7703
 Best site-SynthDigits | Epoch:2 | Val Acc: 0.5000
 Best site-MNIST-M    | Epoch:2 | Val Acc: 0.1622
 Saving the local and server checkpoint to ../checkpoint/fed_digit_uneven_noalign/FedPrompt_lsim=False...
============ Train epoch 15 ============
============ Train epoch 16 ============
============ Train epoch 17 ============
============ Train epoch 18 ============
============ Train epoch 19 ============
 Site-MNIST     | Train Loss: 1.0091 | Train Acc: 0.7928
 Site-MNIST     | Train Loss: 1.0914 | Train Acc: 0.7477
 Site-MNIST     | Train Loss: 1.0276 | Train Acc: 0.8739
 Site-MNIST     | Train Loss: 1.0281 | Train Acc: 0.8198
 Site-SVHN      | Train Loss: 1.6258 | Train Acc: 0.4955
 Site-SVHN      | Train Loss: 1.7952 | Train Acc: 0.4505
 Site-SVHN      | Train Loss: 1.7034 | Train Acc: 0.4595
 Site-USPS      | Train Loss: 1.2168 | Train Acc: 0.8018
 Site-SynthDigits| Train Loss: 1.6569 | Train Acc: 0.4955
 Site-MNIST-M   | Train Loss: 1.9711 | Train Acc: 0.2613
 Site-MNIST     | Val  Loss: 0.9610 | Val  Acc: 0.8649
 Site-MNIST     | Val  Loss: 0.9967 | Val  Acc: 0.8649
 Site-MNIST     | Val  Loss: 1.1039 | Val  Acc: 0.7432
 Site-MNIST     | Val  Loss: 1.0200 | Val  Acc: 0.7973
 Site-SVHN      | Val  Loss: 1.6917 | Val  Acc: 0.4595
 Site-SVHN      | Val  Loss: 1.8234 | Val  Acc: 0.3919
 Site-SVHN      | Val  Loss: 1.6928 | Val  Acc: 0.5135
 Site-USPS      | Val  Loss: 1.2573 | Val  Acc: 0.8108
 Site-SynthDigits| Val  Loss: 1.6928 | Val  Acc: 0.5135
 Site-MNIST-M   | Val  Loss: 2.0990 | Val  Acc: 0.1892
Average Valid Accuracy: 0.6149
 Best site-MNIST      | Epoch:3 | Val Acc: 0.8649
 Best site-MNIST      | Epoch:3 | Val Acc: 0.8649
 Best site-MNIST      | Epoch:3 | Val Acc: 0.7432
 Best site-MNIST      | Epoch:3 | Val Acc: 0.7973
 Best site-SVHN       | Epoch:3 | Val Acc: 0.4595
 Best site-SVHN       | Epoch:3 | Val Acc: 0.3919
 Best site-SVHN       | Epoch:3 | Val Acc: 0.5135
 Best site-USPS       | Epoch:3 | Val Acc: 0.8108
 Best site-SynthDigits | Epoch:3 | Val Acc: 0.5135
 Best site-MNIST-M    | Epoch:3 | Val Acc: 0.1892
 Saving the local and server checkpoint to ../checkpoint/fed_digit_uneven_noalign/FedPrompt_lsim=False...
============ Train epoch 20 ============
============ Train epoch 21 ============
============ Train epoch 22 ============
============ Train epoch 23 ============
============ Train epoch 24 ============
 Site-MNIST     | Train Loss: 0.8753 | Train Acc: 0.8288
 Site-MNIST     | Train Loss: 0.9556 | Train Acc: 0.8108
 Site-MNIST     | Train Loss: 0.8619 | Train Acc: 0.9009
 Site-MNIST     | Train Loss: 0.8818 | Train Acc: 0.8649
 Site-SVHN      | Train Loss: 1.5774 | Train Acc: 0.5045
 Site-SVHN      | Train Loss: 1.6883 | Train Acc: 0.5045
 Site-SVHN      | Train Loss: 1.6101 | Train Acc: 0.5135
 Site-USPS      | Train Loss: 1.0612 | Train Acc: 0.8288
 Site-SynthDigits| Train Loss: 1.5776 | Train Acc: 0.5045
 Site-MNIST-M   | Train Loss: 1.9532 | Train Acc: 0.3063
 Site-MNIST     | Val  Loss: 0.8359 | Val  Acc: 0.9189
 Site-MNIST     | Val  Loss: 0.8721 | Val  Acc: 0.8784
 Site-MNIST     | Val  Loss: 0.9898 | Val  Acc: 0.8243
 Site-MNIST     | Val  Loss: 0.9088 | Val  Acc: 0.8108
 Site-SVHN      | Val  Loss: 1.6026 | Val  Acc: 0.5135
 Site-SVHN      | Val  Loss: 1.7603 | Val  Acc: 0.4459
 Site-SVHN      | Val  Loss: 1.6078 | Val  Acc: 0.5541
 Site-USPS      | Val  Loss: 1.1393 | Val  Acc: 0.8108
 Site-SynthDigits| Val  Loss: 1.6078 | Val  Acc: 0.5541
 Site-MNIST-M   | Val  Loss: 2.0678 | Val  Acc: 0.2568
Average Valid Accuracy: 0.6568
 Best site-MNIST      | Epoch:4 | Val Acc: 0.9189
 Best site-MNIST      | Epoch:4 | Val Acc: 0.8784
 Best site-MNIST      | Epoch:4 | Val Acc: 0.8243
 Best site-MNIST      | Epoch:4 | Val Acc: 0.8108
 Best site-SVHN       | Epoch:4 | Val Acc: 0.5135
 Best site-SVHN       | Epoch:4 | Val Acc: 0.4459
 Best site-SVHN       | Epoch:4 | Val Acc: 0.5541
 Best site-USPS       | Epoch:4 | Val Acc: 0.8108
 Best site-SynthDigits | Epoch:4 | Val Acc: 0.5541
 Best site-MNIST-M    | Epoch:4 | Val Acc: 0.2568
 Saving the local and server checkpoint to ../checkpoint/fed_digit_uneven_noalign/FedPrompt_lsim=False...
============ Train epoch 25 ============
============ Train epoch 26 ============
============ Train epoch 27 ============
============ Train epoch 28 ============
===2023-03-23 17:45:27===
===Setting===
    dataset: digit
    lr: 0.01
    batch: 32
    iters: 10
    wk_iters: 5
============ Train epoch 0 ============
