===2023-04-21 00:00:23===
===Setting===
    dataset: domainnet
    lr: 0.01
    batch: 16
    iters: 50
    wk_iters: 1
    si: False
    lambda for constrastive: 0.5
data_number=[25,50,75,100,31,8,17,26,35,32,38,35,]
label set of clients: [10, 10, 10, 10, 10, 6, 10, 10, 10, 10, 10, 9, ]
domain number = 6
============ Train epoch 0 ============
===2023-04-21 00:00:39===
===Setting===
    dataset: domainnet
    lr: 0.01
    batch: 1
    iters: 10
    wk_iters: 5
    si: False
    lambda for constrastive: 0.5
data_number=[25,50,75,100,31,8,17,26,35,32,38,35,]
label set of clients: [10, 10, 10, 10, 10, 6, 10, 10, 10, 10, 10, 9, ]
domain number = 6
Loading snapshots...
===2023-04-21 10:55:28===
===Setting===
    dataset: domainnet
    lr: 0.01
    batch: 16
    iters: 50
    wk_iters: 1
    si: False
    lambda for constrastive: 0.5
data_number=[25,50,75,100,31,8,17,26,35,32,38,35,]
label set of clients: [10, 10, 10, 10, 10, 6, 10, 10, 10, 10, 10, 9, ]
domain number = 6
============ Train epoch 0 ============
===2023-04-21 10:55:45===
===Setting===
    dataset: domainnet
    lr: 0.01
    batch: 1
    iters: 10
    wk_iters: 5
    si: False
    lambda for constrastive: 0.5
data_number=[25,50,75,100,31,8,17,26,35,32,38,35,]
label set of clients: [10, 10, 10, 10, 10, 6, 10, 10, 10, 10, 10, 9, ]
domain number = 6
Loading snapshots...
