===2023-08-01 19:03:40===
===Setting===
    dataset: office
    lr: 0.01
    batch: 64
    iters: 0
    wk_iters: 1
    si: False
    domain_num: 4
    quantile: 0
    power_cs: 1
    std_rw: False
    gender_label: False
    binary_race: False
    save_iter: -1
    mix5: False
    power_relu: 1
    Ea_val: False
===2023-08-01 19:03:56===
===Setting===
    dataset: office
    lr: 0.01
    batch: 64
    iters: 0
    wk_iters: 1
    si: False
    domain_num: 4
    quantile: 0
    power_cs: 1
    std_rw: False
    gender_label: False
    binary_race: False
    save_iter: -1
    mix5: False
    power_relu: 1
    Ea_val: False
===2023-08-01 19:04:13===
===Setting===
    dataset: office
    lr: 0.01
    batch: 64
    iters: 0
    wk_iters: 1
    si: False
    domain_num: 4
    quantile: 0
    power_cs: 1
    std_rw: False
    gender_label: False
    binary_race: False
    save_iter: -1
    mix5: False
    power_relu: 1
    Ea_val: False
===2023-08-02 14:45:11===
===Setting===
    dataset: office
    lr: 0.01
    batch: 64
    iters: 0
    wk_iters: 1
    si: False
    domain_num: 4
    quantile: 0
    power_cs: 1
    std_rw: False
    gender_label: False
    binary_race: False
    save_iter: -1
    mix5: False
    power_relu: 1
    Ea_val: False
===2023-08-02 14:53:31===
===Setting===
    dataset: office
    lr: 0.01
    batch: 64
    iters: 0
    wk_iters: 1
    si: False
    domain_num: 4
    quantile: 0
    power_cs: 1
    std_rw: False
    gender_label: False
    binary_race: False
    save_iter: -1
    mix5: False
    power_relu: 1
    Ea_val: False
data_number=[24,31,41,53,68,88,114,147,190,246,21,38,68,121,215,19,195,99,
client_nums=[10,5,2,1,]
len_dataset=[1677,776,359,166,]
domain number = 4
multiply 100 for Ea!
use train loss for Ea
===2023-08-02 14:53:35===
