===2023-03-25 15:10:28===
===Setting===
    dataset: digit
    lr: 0.01
    batch: 16
    iters: 10
    wk_iters: 5
domain number = 5
============ Train epoch 0 ============
============ Train epoch 1 ============
============ Train epoch 2 ============
============ Train epoch 3 ============
============ Train epoch 4 ============
 Site-MNIST     | Train Loss: 1.6551 | Train Acc: 0.6036
 Site-MNIST     | Train Loss: 1.6793 | Train Acc: 0.5946
 Site-MNIST     | Train Loss: 1.5803 | Train Acc: 0.6306
 Site-MNIST     | Train Loss: 1.6276 | Train Acc: 0.6667
 Site-SVHN      | Train Loss: 2.2116 | Train Acc: 0.1982
 Site-SVHN      | Train Loss: 2.2168 | Train Acc: 0.2072
 Site-SVHN      | Train Loss: 2.1111 | Train Acc: 0.2793
 Site-USPS      | Train Loss: 1.6914 | Train Acc: 0.5856
 Site-SynthDigits| Train Loss: 2.0967 | Train Acc: 0.2973
 Site-MNIST-M   | Train Loss: 2.1983 | Train Acc: 0.1712
 Site-MNIST     | Val  Loss: 1.5633 | Val  Acc: 0.7297
 Site-MNIST     | Val  Loss: 1.5775 | Val  Acc: 0.6081
 Site-MNIST     | Val  Loss: 1.6786 | Val  Acc: 0.5946
 Site-MNIST     | Val  Loss: 1.6046 | Val  Acc: 0.6622
 Site-SVHN      | Val  Loss: 2.0930 | Val  Acc: 0.3108
 Site-SVHN      | Val  Loss: 2.2770 | Val  Acc: 0.1486
 Site-SVHN      | Val  Loss: 2.1619 | Val  Acc: 0.2162
 Site-USPS      | Val  Loss: 1.7255 | Val  Acc: 0.5946
 Site-SynthDigits| Val  Loss: 2.1133 | Val  Acc: 0.2838
 Site-MNIST-M   | Val  Loss: 2.2297 | Val  Acc: 0.1757
Average Valid Accuracy: 0.4324
 Best site-MNIST      | Epoch:0 | Val Acc: 0.7297
 Best site-MNIST      | Epoch:0 | Val Acc: 0.6081
 Best site-MNIST      | Epoch:0 | Val Acc: 0.5946
 Best site-MNIST      | Epoch:0 | Val Acc: 0.6622
 Best site-SVHN       | Epoch:0 | Val Acc: 0.3108
 Best site-SVHN       | Epoch:0 | Val Acc: 0.1486
 Best site-SVHN       | Epoch:0 | Val Acc: 0.2162
 Best site-USPS       | Epoch:0 | Val Acc: 0.5946
 Best site-SynthDigits | Epoch:0 | Val Acc: 0.2838
 Best site-MNIST-M    | Epoch:0 | Val Acc: 0.1757
 Saving the local and server checkpoint to ../checkpoint/fed_digit_uneven-1/FedPrompt...
===2023-03-25 15:14:51===
===Setting===
    dataset: digit
    lr: 0.01
    batch: 8
    iters: 300
    wk_iters: 1
domain number = 5
Loading snapshots...
