===2023-06-07 16:02:00===
===Setting===
    dataset: fairface
    lr: 0.01
    batch: 32
    iters: 10
    wk_iters: 1
    si: False
    domain_num: -1
    quantile: 0
    std_rw: False
    gender_label: False
    binary_race: False
    save_iter: -1
data_number=[193,254,332,436,571,217,284,373,488,258,338,443,343,450,262,343,462,352,]
client_nums=[5,4,3,2,2,1,1,]
len_dataset=[2980,2274,1735,1324,1010,770,587,]
domain number = -1
Loading snapshots...
===2023-06-07 16:25:48===
===Setting===
    dataset: fairface
    lr: 0.01
    batch: 32
    iters: 10
    wk_iters: 1
    si: False
    domain_num: -1
    quantile: 0
    std_rw: False
    gender_label: False
    binary_race: False
    save_iter: -1
data_number=[193,254,332,436,571,217,284,373,488,258,338,443,343,450,262,343,462,352,]
client_nums=[5,4,3,2,2,1,1,]
len_dataset=[2980,2274,1735,1324,1010,770,587,]
domain number = -1
Loading snapshots...
 Test site-White                     | Epoch:49 | Test Acc: 0.4679
 Test site-Latino_Hispanic           | Epoch:49 | Test Acc: 0.3576
 Test site-Black                     | Epoch:49 | Test Acc: 0.3250
 Test site-East_Asian                | Epoch:49 | Test Acc: 0.5032
 Test site-Indian                    | Epoch:49 | Test Acc: 0.3732
 Test site-Southeast_Asian           | Epoch:49 | Test Acc: 0.4148
 Test site-Middle_Eastern            | Epoch:49 | Test Acc: 0.4021
White: 0.4679, Latino_Hispanic: 0.3576, Black: 0.3250, East_Asian: 0.5032, Indian: 0.3732, Southeast_Asian: 0.4148, Middle_Eastern: 0.4021, 
Average Test Accuracy(group): 0.4063, Average Test Accuracy(individual): 0.4064,
domain std=0.0578, cluster std=-1.0000, individual std=0.0621, 
===2023-06-07 17:00:09===
===Setting===
    dataset: fairface
    lr: 0.01
    batch: 32
    iters: 10
    wk_iters: 1
    si: False
    domain_num: -1
    quantile: 0
    std_rw: False
    gender_label: False
    binary_race: False
    save_iter: -1
data_number=[193,254,332,436,571,217,284,373,488,258,338,443,343,450,262,343,462,352,]
client_nums=[5,4,3,2,2,1,1,]
len_dataset=[2980,2274,1735,1324,1010,770,587,]
domain number = -1
Loading snapshots...
 Test site-White                     | Epoch:49 | Test Acc: 0.4679
 Test site-Latino_Hispanic           | Epoch:49 | Test Acc: 0.3576
