===2023-03-26 21:31:51===
===Setting===
    dataset: domainnet
    lr: 0.01
    batch: 16
    iters: 10
    wk_iters: 5
domain number = 3
============ Train epoch 0 ============
============ Train epoch 1 ============
============ Train epoch 2 ============
============ Train epoch 3 ============
============ Train epoch 4 ============
 Site-Clipart   | Train Loss: 2.0533 | Train Acc: 0.3968
 Site-Clipart   | Train Loss: 2.0282 | Train Acc: 0.4286
 Site-Infograph | Train Loss: 2.1627 | Train Acc: 0.2222
 Site-Infograph | Train Loss: 2.1422 | Train Acc: 0.2381
 Site-Painting  | Train Loss: 2.0408 | Train Acc: 0.3333
 Site-Painting  | Train Loss: 2.0998 | Train Acc: 0.3175
 Site-QuickDraw | Train Loss: 2.2670 | Train Acc: 0.2063
 Site-QuickDraw | Train Loss: 2.1772 | Train Acc: 0.2063
 Site-Sketch    | Train Loss: 2.0015 | Train Acc: 0.3968
 Site-Sketch    | Train Loss: 1.9936 | Train Acc: 0.4127
 Site-Clipart   | Val  Loss: 2.0321 | Val  Acc: 0.4286
 Site-Clipart   | Val  Loss: 1.9953 | Val  Acc: 0.4048
 Site-Infograph | Val  Loss: 2.1488 | Val  Acc: 0.2857
 Site-Infograph | Val  Loss: 2.1902 | Val  Acc: 0.2381
 Site-Painting  | Val  Loss: 2.0330 | Val  Acc: 0.3333
 Site-Painting  | Val  Loss: 2.1307 | Val  Acc: 0.3095
 Site-QuickDraw | Val  Loss: 2.1825 | Val  Acc: 0.2143
 Site-QuickDraw | Val  Loss: 2.2112 | Val  Acc: 0.1429
 Site-Sketch    | Val  Loss: 2.0445 | Val  Acc: 0.4286
 Site-Sketch    | Val  Loss: 2.0718 | Val  Acc: 0.3333
Average Valid Accuracy: 0.3119
 Best site-Clipart    | Epoch:0 | Val Acc: 0.4286
 Best site-Clipart    | Epoch:0 | Val Acc: 0.4048
 Best site-Infograph  | Epoch:0 | Val Acc: 0.2857
 Best site-Infograph  | Epoch:0 | Val Acc: 0.2381
 Best site-Painting   | Epoch:0 | Val Acc: 0.3333
 Best site-Painting   | Epoch:0 | Val Acc: 0.3095
 Best site-QuickDraw  | Epoch:0 | Val Acc: 0.2143
 Best site-QuickDraw  | Epoch:0 | Val Acc: 0.1429
 Best site-Sketch     | Epoch:0 | Val Acc: 0.4286
 Best site-Sketch     | Epoch:0 | Val Acc: 0.3333
 Saving the local and server checkpoint to ../checkpoint/fed_domainnet_even-sqrt/DoPrompt_Real...
============ Train epoch 5 ============
============ Train epoch 6 ============
============ Train epoch 7 ============
============ Train epoch 8 ============
============ Train epoch 9 ============
 Site-Clipart   | Train Loss: 1.8195 | Train Acc: 0.4603
 Site-Clipart   | Train Loss: 1.7305 | Train Acc: 0.6349
 Site-Infograph | Train Loss: 2.0878 | Train Acc: 0.3175
 Site-Infograph | Train Loss: 2.0305 | Train Acc: 0.3810
 Site-Painting  | Train Loss: 1.7928 | Train Acc: 0.5714
 Site-Painting  | Train Loss: 1.8025 | Train Acc: 0.5238
 Site-QuickDraw | Train Loss: 2.1567 | Train Acc: 0.3016
 Site-QuickDraw | Train Loss: 2.0952 | Train Acc: 0.3175
 Site-Sketch    | Train Loss: 1.6833 | Train Acc: 0.6667
 Site-Sketch    | Train Loss: 1.7673 | Train Acc: 0.5873
 Site-Clipart   | Val  Loss: 1.7604 | Val  Acc: 0.5952
 Site-Clipart   | Val  Loss: 1.8008 | Val  Acc: 0.5476
 Site-Infograph | Val  Loss: 1.9807 | Val  Acc: 0.3810
 Site-Infograph | Val  Loss: 2.0690 | Val  Acc: 0.2381
 Site-Painting  | Val  Loss: 1.7294 | Val  Acc: 0.6429
 Site-Painting  | Val  Loss: 1.9045 | Val  Acc: 0.4524
 Site-QuickDraw | Val  Loss: 2.0560 | Val  Acc: 0.2857
 Site-QuickDraw | Val  Loss: 2.1137 | Val  Acc: 0.2619
 Site-Sketch    | Val  Loss: 1.7206 | Val  Acc: 0.6429
 Site-Sketch    | Val  Loss: 1.7927 | Val  Acc: 0.5714
Average Valid Accuracy: 0.4619
 Best site-Clipart    | Epoch:1 | Val Acc: 0.5952
 Best site-Clipart    | Epoch:1 | Val Acc: 0.5476
 Best site-Infograph  | Epoch:1 | Val Acc: 0.3810
 Best site-Infograph  | Epoch:1 | Val Acc: 0.2381
 Best site-Painting   | Epoch:1 | Val Acc: 0.6429
 Best site-Painting   | Epoch:1 | Val Acc: 0.4524
 Best site-QuickDraw  | Epoch:1 | Val Acc: 0.2857
 Best site-QuickDraw  | Epoch:1 | Val Acc: 0.2619
 Best site-Sketch     | Epoch:1 | Val Acc: 0.6429
 Best site-Sketch     | Epoch:1 | Val Acc: 0.5714
 Saving the local and server checkpoint to ../checkpoint/fed_domainnet_even-sqrt/DoPrompt_Real...
============ Train epoch 10 ============
============ Train epoch 11 ============
============ Train epoch 12 ============
============ Train epoch 13 ============
============ Train epoch 14 ============
 Site-Clipart   | Train Loss: 1.5681 | Train Acc: 0.5556
 Site-Clipart   | Train Loss: 1.5565 | Train Acc: 0.7302
 Site-Infograph | Train Loss: 1.9775 | Train Acc: 0.3333
 Site-Infograph | Train Loss: 1.8960 | Train Acc: 0.4603
 Site-Painting  | Train Loss: 1.5438 | Train Acc: 0.6984
 Site-Painting  | Train Loss: 1.5947 | Train Acc: 0.6667
 Site-QuickDraw | Train Loss: 2.0354 | Train Acc: 0.3016
 Site-QuickDraw | Train Loss: 1.9385 | Train Acc: 0.4762
 Site-Sketch    | Train Loss: 1.4799 | Train Acc: 0.7302
 Site-Sketch    | Train Loss: 1.5647 | Train Acc: 0.6508
 Site-Clipart   | Val  Loss: 1.5073 | Val  Acc: 0.6905
 Site-Clipart   | Val  Loss: 1.5905 | Val  Acc: 0.6429
 Site-Infograph | Val  Loss: 1.8148 | Val  Acc: 0.5000
 Site-Infograph | Val  Loss: 1.9850 | Val  Acc: 0.3333
 Site-Painting  | Val  Loss: 1.4716 | Val  Acc: 0.7143
 Site-Painting  | Val  Loss: 1.6868 | Val  Acc: 0.5476
 Site-QuickDraw | Val  Loss: 1.8891 | Val  Acc: 0.4048
 Site-QuickDraw | Val  Loss: 1.9937 | Val  Acc: 0.3333
 Site-Sketch    | Val  Loss: 1.5243 | Val  Acc: 0.6429
 Site-Sketch    | Val  Loss: 1.6355 | Val  Acc: 0.6190
Average Valid Accuracy: 0.5429
 Best site-Clipart    | Epoch:2 | Val Acc: 0.6905
 Best site-Clipart    | Epoch:2 | Val Acc: 0.6429
 Best site-Infograph  | Epoch:2 | Val Acc: 0.5000
 Best site-Infograph  | Epoch:2 | Val Acc: 0.3333
 Best site-Painting   | Epoch:2 | Val Acc: 0.7143
 Best site-Painting   | Epoch:2 | Val Acc: 0.5476
 Best site-QuickDraw  | Epoch:2 | Val Acc: 0.4048
 Best site-QuickDraw  | Epoch:2 | Val Acc: 0.3333
 Best site-Sketch     | Epoch:2 | Val Acc: 0.6429
 Best site-Sketch     | Epoch:2 | Val Acc: 0.6190
 Saving the local and server checkpoint to ../checkpoint/fed_domainnet_even-sqrt/DoPrompt_Real...
============ Train epoch 15 ============
============ Train epoch 16 ============
============ Train epoch 17 ============
============ Train epoch 18 ============
============ Train epoch 19 ============
 Site-Clipart   | Train Loss: 1.4052 | Train Acc: 0.6667
 Site-Clipart   | Train Loss: 1.3507 | Train Acc: 0.7937
 Site-Infograph | Train Loss: 1.8984 | Train Acc: 0.3175
 Site-Infograph | Train Loss: 1.7557 | Train Acc: 0.4921
 Site-Painting  | Train Loss: 1.3722 | Train Acc: 0.7143
 Site-Painting  | Train Loss: 1.3603 | Train Acc: 0.7937
 Site-QuickDraw | Train Loss: 1.9765 | Train Acc: 0.3492
 Site-QuickDraw | Train Loss: 1.8355 | Train Acc: 0.4127
 Site-Sketch    | Train Loss: 1.2804 | Train Acc: 0.7619
 Site-Sketch    | Train Loss: 1.4396 | Train Acc: 0.6825
 Site-Clipart   | Val  Loss: 1.3912 | Val  Acc: 0.7381
 Site-Clipart   | Val  Loss: 1.4202 | Val  Acc: 0.7381
 Site-Infograph | Val  Loss: 1.7472 | Val  Acc: 0.5000
 Site-Infograph | Val  Loss: 1.8694 | Val  Acc: 0.4048
 Site-Painting  | Val  Loss: 1.2771 | Val  Acc: 0.8095
 Site-Painting  | Val  Loss: 1.5357 | Val  Acc: 0.6429
 Site-QuickDraw | Val  Loss: 1.7960 | Val  Acc: 0.3810
 Site-QuickDraw | Val  Loss: 1.9180 | Val  Acc: 0.4524
 Site-Sketch    | Val  Loss: 1.3355 | Val  Acc: 0.7619
 Site-Sketch    | Val  Loss: 1.4435 | Val  Acc: 0.7857
Average Valid Accuracy: 0.6214
 Best site-Clipart    | Epoch:3 | Val Acc: 0.7381
 Best site-Clipart    | Epoch:3 | Val Acc: 0.7381
 Best site-Infograph  | Epoch:3 | Val Acc: 0.5000
 Best site-Infograph  | Epoch:3 | Val Acc: 0.4048
 Best site-Painting   | Epoch:3 | Val Acc: 0.8095
 Best site-Painting   | Epoch:3 | Val Acc: 0.6429
 Best site-QuickDraw  | Epoch:3 | Val Acc: 0.3810
 Best site-QuickDraw  | Epoch:3 | Val Acc: 0.4524
 Best site-Sketch     | Epoch:3 | Val Acc: 0.7619
 Best site-Sketch     | Epoch:3 | Val Acc: 0.7857
 Saving the local and server checkpoint to ../checkpoint/fed_domainnet_even-sqrt/DoPrompt_Real...
============ Train epoch 20 ============
============ Train epoch 21 ============
============ Train epoch 22 ============
============ Train epoch 23 ============
============ Train epoch 24 ============
 Site-Clipart   | Train Loss: 1.2460 | Train Acc: 0.6825
 Site-Clipart   | Train Loss: 1.2174 | Train Acc: 0.8730
 Site-Infograph | Train Loss: 1.8002 | Train Acc: 0.4603
 Site-Infograph | Train Loss: 1.7027 | Train Acc: 0.4921
 Site-Painting  | Train Loss: 1.1573 | Train Acc: 0.8413
 Site-Painting  | Train Loss: 1.2165 | Train Acc: 0.7460
 Site-QuickDraw | Train Loss: 1.8798 | Train Acc: 0.3968
 Site-QuickDraw | Train Loss: 1.7368 | Train Acc: 0.4603
 Site-Sketch    | Train Loss: 1.1194 | Train Acc: 0.7460
 Site-Sketch    | Train Loss: 1.2368 | Train Acc: 0.7460
 Site-Clipart   | Val  Loss: 1.2942 | Val  Acc: 0.7619
 Site-Clipart   | Val  Loss: 1.2711 | Val  Acc: 0.7619
 Site-Infograph | Val  Loss: 1.6344 | Val  Acc: 0.5476
 Site-Infograph | Val  Loss: 1.8198 | Val  Acc: 0.4286
 Site-Painting  | Val  Loss: 1.0985 | Val  Acc: 0.8095
 Site-Painting  | Val  Loss: 1.3554 | Val  Acc: 0.7143
 Site-QuickDraw | Val  Loss: 1.6342 | Val  Acc: 0.5476
 Site-QuickDraw | Val  Loss: 1.8306 | Val  Acc: 0.4048
 Site-Sketch    | Val  Loss: 1.2119 | Val  Acc: 0.7857
 Site-Sketch    | Val  Loss: 1.3330 | Val  Acc: 0.7381
Average Valid Accuracy: 0.6500
 Best site-Clipart    | Epoch:4 | Val Acc: 0.7619
 Best site-Clipart    | Epoch:4 | Val Acc: 0.7619
 Best site-Infograph  | Epoch:4 | Val Acc: 0.5476
 Best site-Infograph  | Epoch:4 | Val Acc: 0.4286
 Best site-Painting   | Epoch:4 | Val Acc: 0.8095
 Best site-Painting   | Epoch:4 | Val Acc: 0.7143
 Best site-QuickDraw  | Epoch:4 | Val Acc: 0.5476
 Best site-QuickDraw  | Epoch:4 | Val Acc: 0.4048
 Best site-Sketch     | Epoch:4 | Val Acc: 0.7857
 Best site-Sketch     | Epoch:4 | Val Acc: 0.7381
 Saving the local and server checkpoint to ../checkpoint/fed_domainnet_even-sqrt/DoPrompt_Real...
============ Train epoch 25 ============
============ Train epoch 26 ============
============ Train epoch 27 ============
============ Train epoch 28 ============
============ Train epoch 29 ============
 Site-Clipart   | Train Loss: 1.1699 | Train Acc: 0.7619
 Site-Clipart   | Train Loss: 1.1196 | Train Acc: 0.8254
 Site-Infograph | Train Loss: 1.8001 | Train Acc: 0.4286
 Site-Infograph | Train Loss: 1.5923 | Train Acc: 0.5397
 Site-Painting  | Train Loss: 1.0849 | Train Acc: 0.8095
 Site-Painting  | Train Loss: 1.0846 | Train Acc: 0.8413
 Site-QuickDraw | Train Loss: 1.8035 | Train Acc: 0.3810
 Site-QuickDraw | Train Loss: 1.6841 | Train Acc: 0.4762
 Site-Sketch    | Train Loss: 1.0546 | Train Acc: 0.8254
 Site-Sketch    | Train Loss: 1.1426 | Train Acc: 0.7619
 Site-Clipart   | Val  Loss: 1.1975 | Val  Acc: 0.7619
 Site-Clipart   | Val  Loss: 1.1096 | Val  Acc: 0.7381
 Site-Infograph | Val  Loss: 1.5775 | Val  Acc: 0.5238
 Site-Infograph | Val  Loss: 1.8086 | Val  Acc: 0.4524
 Site-Painting  | Val  Loss: 0.9790 | Val  Acc: 0.9286
 Site-Painting  | Val  Loss: 1.1901 | Val  Acc: 0.7143
 Site-QuickDraw | Val  Loss: 1.5970 | Val  Acc: 0.5952
 Site-QuickDraw | Val  Loss: 1.7642 | Val  Acc: 0.4286
 Site-Sketch    | Val  Loss: 1.0626 | Val  Acc: 0.7381
 Site-Sketch    | Val  Loss: 1.1983 | Val  Acc: 0.7381
Average Valid Accuracy: 0.6619
 Best site-Clipart    | Epoch:5 | Val Acc: 0.7619
 Best site-Clipart    | Epoch:5 | Val Acc: 0.7381
 Best site-Infograph  | Epoch:5 | Val Acc: 0.5238
 Best site-Infograph  | Epoch:5 | Val Acc: 0.4524
 Best site-Painting   | Epoch:5 | Val Acc: 0.9286
 Best site-Painting   | Epoch:5 | Val Acc: 0.7143
 Best site-QuickDraw  | Epoch:5 | Val Acc: 0.5952
 Best site-QuickDraw  | Epoch:5 | Val Acc: 0.4286
 Best site-Sketch     | Epoch:5 | Val Acc: 0.7381
 Best site-Sketch     | Epoch:5 | Val Acc: 0.7381
 Saving the local and server checkpoint to ../checkpoint/fed_domainnet_even-sqrt/DoPrompt_Real...
============ Train epoch 30 ============
============ Train epoch 31 ============
============ Train epoch 32 ============
============ Train epoch 33 ============
============ Train epoch 34 ============
 Site-Clipart   | Train Loss: 0.9867 | Train Acc: 0.8254
 Site-Clipart   | Train Loss: 1.0526 | Train Acc: 0.7937
 Site-Infograph | Train Loss: 1.7212 | Train Acc: 0.4444
 Site-Infograph | Train Loss: 1.5400 | Train Acc: 0.5556
 Site-Painting  | Train Loss: 0.9360 | Train Acc: 0.8571
 Site-Painting  | Train Loss: 0.9875 | Train Acc: 0.8413
 Site-QuickDraw | Train Loss: 1.7361 | Train Acc: 0.4444
 Site-QuickDraw | Train Loss: 1.5622 | Train Acc: 0.6032
 Site-Sketch    | Train Loss: 0.9192 | Train Acc: 0.8095
 Site-Sketch    | Train Loss: 1.0599 | Train Acc: 0.8254
 Site-Clipart   | Val  Loss: 1.0774 | Val  Acc: 0.8333
 Site-Clipart   | Val  Loss: 0.9949 | Val  Acc: 0.8095
 Site-Infograph | Val  Loss: 1.4663 | Val  Acc: 0.6190
 Site-Infograph | Val  Loss: 1.7257 | Val  Acc: 0.5476
 Site-Painting  | Val  Loss: 0.8764 | Val  Acc: 0.9048
 Site-Painting  | Val  Loss: 1.0310 | Val  Acc: 0.8095
 Site-QuickDraw | Val  Loss: 1.4704 | Val  Acc: 0.5238
 Site-QuickDraw | Val  Loss: 1.6950 | Val  Acc: 0.4762
 Site-Sketch    | Val  Loss: 1.0596 | Val  Acc: 0.8095
 Site-Sketch    | Val  Loss: 1.1301 | Val  Acc: 0.7857
Average Valid Accuracy: 0.7119
 Best site-Clipart    | Epoch:6 | Val Acc: 0.8333
 Best site-Clipart    | Epoch:6 | Val Acc: 0.8095
 Best site-Infograph  | Epoch:6 | Val Acc: 0.6190
 Best site-Infograph  | Epoch:6 | Val Acc: 0.5476
 Best site-Painting   | Epoch:6 | Val Acc: 0.9048
 Best site-Painting   | Epoch:6 | Val Acc: 0.8095
 Best site-QuickDraw  | Epoch:6 | Val Acc: 0.5238
 Best site-QuickDraw  | Epoch:6 | Val Acc: 0.4762
 Best site-Sketch     | Epoch:6 | Val Acc: 0.8095
 Best site-Sketch     | Epoch:6 | Val Acc: 0.7857
 Saving the local and server checkpoint to ../checkpoint/fed_domainnet_even-sqrt/DoPrompt_Real...
============ Train epoch 35 ============
============ Train epoch 36 ============
============ Train epoch 37 ============
============ Train epoch 38 ============
============ Train epoch 39 ============
 Site-Clipart   | Train Loss: 0.9733 | Train Acc: 0.7778
 Site-Clipart   | Train Loss: 1.0190 | Train Acc: 0.8413
 Site-Infograph | Train Loss: 1.6622 | Train Acc: 0.5397
 Site-Infograph | Train Loss: 1.4021 | Train Acc: 0.5873
 Site-Painting  | Train Loss: 0.8556 | Train Acc: 0.8571
 Site-Painting  | Train Loss: 0.8909 | Train Acc: 0.8413
 Site-QuickDraw | Train Loss: 1.6701 | Train Acc: 0.4762
 Site-QuickDraw | Train Loss: 1.5020 | Train Acc: 0.6032
 Site-Sketch    | Train Loss: 0.9492 | Train Acc: 0.7778
 Site-Sketch    | Train Loss: 1.0002 | Train Acc: 0.8095
 Site-Clipart   | Val  Loss: 0.9866 | Val  Acc: 0.8333
 Site-Clipart   | Val  Loss: 0.9502 | Val  Acc: 0.7619
 Site-Infograph | Val  Loss: 1.3739 | Val  Acc: 0.6905
 Site-Infograph | Val  Loss: 1.6545 | Val  Acc: 0.5238
 Site-Painting  | Val  Loss: 0.7417 | Val  Acc: 0.9524
 Site-Painting  | Val  Loss: 1.0370 | Val  Acc: 0.7857
 Site-QuickDraw | Val  Loss: 1.3966 | Val  Acc: 0.6667
 Site-QuickDraw | Val  Loss: 1.6576 | Val  Acc: 0.5476
 Site-Sketch    | Val  Loss: 1.0208 | Val  Acc: 0.8095
 Site-Sketch    | Val  Loss: 1.1103 | Val  Acc: 0.7381
Average Valid Accuracy: 0.7310
 Best site-Clipart    | Epoch:7 | Val Acc: 0.8333
 Best site-Clipart    | Epoch:7 | Val Acc: 0.7619
 Best site-Infograph  | Epoch:7 | Val Acc: 0.6905
 Best site-Infograph  | Epoch:7 | Val Acc: 0.5238
 Best site-Painting   | Epoch:7 | Val Acc: 0.9524
 Best site-Painting   | Epoch:7 | Val Acc: 0.7857
 Best site-QuickDraw  | Epoch:7 | Val Acc: 0.6667
 Best site-QuickDraw  | Epoch:7 | Val Acc: 0.5476
 Best site-Sketch     | Epoch:7 | Val Acc: 0.8095
 Best site-Sketch     | Epoch:7 | Val Acc: 0.7381
 Saving the local and server checkpoint to ../checkpoint/fed_domainnet_even-sqrt/DoPrompt_Real...
============ Train epoch 40 ============
============ Train epoch 41 ============
============ Train epoch 42 ============
============ Train epoch 43 ============
============ Train epoch 44 ============
 Site-Clipart   | Train Loss: 0.9003 | Train Acc: 0.7460
 Site-Clipart   | Train Loss: 0.8930 | Train Acc: 0.9206
 Site-Infograph | Train Loss: 1.6406 | Train Acc: 0.4921
 Site-Infograph | Train Loss: 1.3865 | Train Acc: 0.6032
 Site-Painting  | Train Loss: 0.8105 | Train Acc: 0.8571
 Site-Painting  | Train Loss: 0.8957 | Train Acc: 0.8730
 Site-QuickDraw | Train Loss: 1.6442 | Train Acc: 0.5714
 Site-QuickDraw | Train Loss: 1.4537 | Train Acc: 0.6190
 Site-Sketch    | Train Loss: 0.8885 | Train Acc: 0.7937
 Site-Sketch    | Train Loss: 0.9363 | Train Acc: 0.8254
 Site-Clipart   | Val  Loss: 0.9700 | Val  Acc: 0.8333
 Site-Clipart   | Val  Loss: 0.9164 | Val  Acc: 0.7857
 Site-Infograph | Val  Loss: 1.3934 | Val  Acc: 0.5952
 Site-Infograph | Val  Loss: 1.5407 | Val  Acc: 0.6190
 Site-Painting  | Val  Loss: 0.7762 | Val  Acc: 0.9286
 Site-Painting  | Val  Loss: 0.8613 | Val  Acc: 0.8571
 Site-QuickDraw | Val  Loss: 1.3231 | Val  Acc: 0.6667
 Site-QuickDraw | Val  Loss: 1.6351 | Val  Acc: 0.4286
 Site-Sketch    | Val  Loss: 0.9216 | Val  Acc: 0.8333
 Site-Sketch    | Val  Loss: 0.9967 | Val  Acc: 0.8095
Average Valid Accuracy: 0.7357
 Best site-Clipart    | Epoch:8 | Val Acc: 0.8333
 Best site-Clipart    | Epoch:8 | Val Acc: 0.7857
 Best site-Infograph  | Epoch:8 | Val Acc: 0.5952
 Best site-Infograph  | Epoch:8 | Val Acc: 0.6190
 Best site-Painting   | Epoch:8 | Val Acc: 0.9286
 Best site-Painting   | Epoch:8 | Val Acc: 0.8571
 Best site-QuickDraw  | Epoch:8 | Val Acc: 0.6667
 Best site-QuickDraw  | Epoch:8 | Val Acc: 0.4286
 Best site-Sketch     | Epoch:8 | Val Acc: 0.8333
 Best site-Sketch     | Epoch:8 | Val Acc: 0.8095
 Saving the local and server checkpoint to ../checkpoint/fed_domainnet_even-sqrt/DoPrompt_Real...
============ Train epoch 45 ============
============ Train epoch 46 ============
============ Train epoch 47 ============
============ Train epoch 48 ============
============ Train epoch 49 ============
 Site-Clipart   | Train Loss: 0.8884 | Train Acc: 0.7619
 Site-Clipart   | Train Loss: 0.8460 | Train Acc: 0.8889
 Site-Infograph | Train Loss: 1.5922 | Train Acc: 0.5397
 Site-Infograph | Train Loss: 1.3062 | Train Acc: 0.6349
 Site-Painting  | Train Loss: 0.6889 | Train Acc: 0.8571
 Site-Painting  | Train Loss: 0.7633 | Train Acc: 0.9048
 Site-QuickDraw | Train Loss: 1.5729 | Train Acc: 0.5556
 Site-QuickDraw | Train Loss: 1.3826 | Train Acc: 0.6349
 Site-Sketch    | Train Loss: 0.8644 | Train Acc: 0.7619
 Site-Sketch    | Train Loss: 0.8831 | Train Acc: 0.8413
 Site-Clipart   | Val  Loss: 0.8781 | Val  Acc: 0.8333
 Site-Clipart   | Val  Loss: 0.8726 | Val  Acc: 0.8095
 Site-Infograph | Val  Loss: 1.3316 | Val  Acc: 0.6429
 Site-Infograph | Val  Loss: 1.6076 | Val  Acc: 0.5000
 Site-Painting  | Val  Loss: 0.6676 | Val  Acc: 0.9524
 Site-Painting  | Val  Loss: 0.8355 | Val  Acc: 0.8095
 Site-QuickDraw | Val  Loss: 1.3170 | Val  Acc: 0.6429
 Site-QuickDraw | Val  Loss: 1.5282 | Val  Acc: 0.5714
 Site-Sketch    | Val  Loss: 0.8168 | Val  Acc: 0.8571
 Site-Sketch    | Val  Loss: 1.0487 | Val  Acc: 0.7381
Average Valid Accuracy: 0.7357
 Best site-Clipart    | Epoch:9 | Val Acc: 0.8333
 Best site-Clipart    | Epoch:9 | Val Acc: 0.8095
 Best site-Infograph  | Epoch:9 | Val Acc: 0.6429
 Best site-Infograph  | Epoch:9 | Val Acc: 0.5000
 Best site-Painting   | Epoch:9 | Val Acc: 0.9524
 Best site-Painting   | Epoch:9 | Val Acc: 0.8095
 Best site-QuickDraw  | Epoch:9 | Val Acc: 0.6429
 Best site-QuickDraw  | Epoch:9 | Val Acc: 0.5714
 Best site-Sketch     | Epoch:9 | Val Acc: 0.8571
 Best site-Sketch     | Epoch:9 | Val Acc: 0.7381
 Saving the local and server checkpoint to ../checkpoint/fed_domainnet_even-sqrt/DoPrompt_Real...
===2023-03-26 21:58:21===
===2023-03-26 21:58:23===
===Setting===
    dataset: domainnet
    lr: 0.01
    batch: 8
    iters: 10
    wk_iters: 5
domain number = 3
Loading snapshots...
Test Accuracy of Real: 0.8841
Average Test Accuracy: 0.8841
