===2023-03-27 01:53:09===
===Setting===
    dataset: domainnet
    lr: 0.01
    batch: 16
    iters: 10
    wk_iters: 5
domain number = 3
============ Train epoch 0 ============
============ Train epoch 1 ============
============ Train epoch 2 ============
============ Train epoch 3 ============
============ Train epoch 4 ============
 Site-Clipart   | Train Loss: 2.2377 | Train Acc: 0.3175
 Site-Clipart   | Train Loss: 2.2147 | Train Acc: 0.3333
 Site-Infograph | Train Loss: 2.2812 | Train Acc: 0.1429
 Site-Infograph | Train Loss: 2.2650 | Train Acc: 0.1905
 Site-Painting  | Train Loss: 2.2029 | Train Acc: 0.2857
 Site-Painting  | Train Loss: 2.2085 | Train Acc: 0.4127
 Site-QuickDraw | Train Loss: 2.2765 | Train Acc: 0.1111
 Site-QuickDraw | Train Loss: 2.2953 | Train Acc: 0.0635
 Site-Sketch    | Train Loss: 2.2393 | Train Acc: 0.2222
 Site-Sketch    | Train Loss: 2.2709 | Train Acc: 0.2222
 Site-Clipart   | Val  Loss: 2.2127 | Val  Acc: 0.3571
 Site-Clipart   | Val  Loss: 2.2467 | Val  Acc: 0.1667
 Site-Infograph | Val  Loss: 2.2777 | Val  Acc: 0.0952
 Site-Infograph | Val  Loss: 2.2526 | Val  Acc: 0.1667
 Site-Painting  | Val  Loss: 2.1826 | Val  Acc: 0.4524
 Site-Painting  | Val  Loss: 2.2142 | Val  Acc: 0.3571
 Site-QuickDraw | Val  Loss: 2.2815 | Val  Acc: 0.1429
 Site-QuickDraw | Val  Loss: 2.3167 | Val  Acc: 0.0238
 Site-Sketch    | Val  Loss: 2.2456 | Val  Acc: 0.2619
 Site-Sketch    | Val  Loss: 2.2837 | Val  Acc: 0.1190
Average Valid Accuracy: 0.2143
 Best site-Clipart    | Epoch:0 | Val Acc: 0.3571
 Best site-Clipart    | Epoch:0 | Val Acc: 0.1667
 Best site-Infograph  | Epoch:0 | Val Acc: 0.0952
 Best site-Infograph  | Epoch:0 | Val Acc: 0.1667
 Best site-Painting   | Epoch:0 | Val Acc: 0.4524
 Best site-Painting   | Epoch:0 | Val Acc: 0.3571
 Best site-QuickDraw  | Epoch:0 | Val Acc: 0.1429
 Best site-QuickDraw  | Epoch:0 | Val Acc: 0.0238
 Best site-Sketch     | Epoch:0 | Val Acc: 0.2619
 Best site-Sketch     | Epoch:0 | Val Acc: 0.1190
 Saving the local and server checkpoint to ../checkpoint/fed_domainnet_even-sqrt/PromptFL_Real...
============ Train epoch 5 ============
============ Train epoch 6 ============
============ Train epoch 7 ============
============ Train epoch 8 ============
============ Train epoch 9 ============
 Site-Clipart   | Train Loss: 2.1781 | Train Acc: 0.4286
 Site-Clipart   | Train Loss: 2.1643 | Train Acc: 0.4444
 Site-Infograph | Train Loss: 2.2555 | Train Acc: 0.2063
 Site-Infograph | Train Loss: 2.2302 | Train Acc: 0.3175
 Site-Painting  | Train Loss: 2.1542 | Train Acc: 0.4921
 Site-Painting  | Train Loss: 2.1506 | Train Acc: 0.5714
 Site-QuickDraw | Train Loss: 2.2601 | Train Acc: 0.2063
 Site-QuickDraw | Train Loss: 2.2665 | Train Acc: 0.1587
 Site-Sketch    | Train Loss: 2.1888 | Train Acc: 0.4286
 Site-Sketch    | Train Loss: 2.2261 | Train Acc: 0.3651
 Site-Clipart   | Val  Loss: 2.1585 | Val  Acc: 0.4524
 Site-Clipart   | Val  Loss: 2.1832 | Val  Acc: 0.4524
 Site-Infograph | Val  Loss: 2.2533 | Val  Acc: 0.2619
 Site-Infograph | Val  Loss: 2.2422 | Val  Acc: 0.2619
 Site-Painting  | Val  Loss: 2.1228 | Val  Acc: 0.5952
 Site-Painting  | Val  Loss: 2.1843 | Val  Acc: 0.5000
 Site-QuickDraw | Val  Loss: 2.2669 | Val  Acc: 0.0952
 Site-QuickDraw | Val  Loss: 2.2842 | Val  Acc: 0.1429
 Site-Sketch    | Val  Loss: 2.2054 | Val  Acc: 0.3810
 Site-Sketch    | Val  Loss: 2.2383 | Val  Acc: 0.4048
Average Valid Accuracy: 0.3548
 Best site-Clipart    | Epoch:1 | Val Acc: 0.4524
 Best site-Clipart    | Epoch:1 | Val Acc: 0.4524
 Best site-Infograph  | Epoch:1 | Val Acc: 0.2619
 Best site-Infograph  | Epoch:1 | Val Acc: 0.2619
 Best site-Painting   | Epoch:1 | Val Acc: 0.5952
 Best site-Painting   | Epoch:1 | Val Acc: 0.5000
 Best site-QuickDraw  | Epoch:1 | Val Acc: 0.0952
 Best site-QuickDraw  | Epoch:1 | Val Acc: 0.1429
 Best site-Sketch     | Epoch:1 | Val Acc: 0.3810
 Best site-Sketch     | Epoch:1 | Val Acc: 0.4048
 Saving the local and server checkpoint to ../checkpoint/fed_domainnet_even-sqrt/PromptFL_Real...
============ Train epoch 10 ============
============ Train epoch 11 ============
============ Train epoch 12 ============
============ Train epoch 13 ============
============ Train epoch 14 ============
 Site-Clipart   | Train Loss: 2.1184 | Train Acc: 0.5556
 Site-Clipart   | Train Loss: 2.1282 | Train Acc: 0.5873
 Site-Infograph | Train Loss: 2.2412 | Train Acc: 0.2381
 Site-Infograph | Train Loss: 2.2153 | Train Acc: 0.3333
 Site-Painting  | Train Loss: 2.1117 | Train Acc: 0.6349
 Site-Painting  | Train Loss: 2.0854 | Train Acc: 0.6667
 Site-QuickDraw | Train Loss: 2.2413 | Train Acc: 0.2381
 Site-QuickDraw | Train Loss: 2.2519 | Train Acc: 0.1905
 Site-Sketch    | Train Loss: 2.1263 | Train Acc: 0.6190
 Site-Sketch    | Train Loss: 2.1649 | Train Acc: 0.4762
 Site-Clipart   | Val  Loss: 2.1210 | Val  Acc: 0.5714
 Site-Clipart   | Val  Loss: 2.1345 | Val  Acc: 0.5476
 Site-Infograph | Val  Loss: 2.2233 | Val  Acc: 0.3095
 Site-Infograph | Val  Loss: 2.2091 | Val  Acc: 0.3095
 Site-Painting  | Val  Loss: 2.0689 | Val  Acc: 0.6905
 Site-Painting  | Val  Loss: 2.1366 | Val  Acc: 0.5714
 Site-QuickDraw | Val  Loss: 2.2288 | Val  Acc: 0.1667
 Site-QuickDraw | Val  Loss: 2.2680 | Val  Acc: 0.1190
 Site-Sketch    | Val  Loss: 2.1669 | Val  Acc: 0.4286
 Site-Sketch    | Val  Loss: 2.1856 | Val  Acc: 0.5000
Average Valid Accuracy: 0.4214
 Best site-Clipart    | Epoch:2 | Val Acc: 0.5714
 Best site-Clipart    | Epoch:2 | Val Acc: 0.5476
 Best site-Infograph  | Epoch:2 | Val Acc: 0.3095
 Best site-Infograph  | Epoch:2 | Val Acc: 0.3095
 Best site-Painting   | Epoch:2 | Val Acc: 0.6905
 Best site-Painting   | Epoch:2 | Val Acc: 0.5714
 Best site-QuickDraw  | Epoch:2 | Val Acc: 0.1667
 Best site-QuickDraw  | Epoch:2 | Val Acc: 0.1190
 Best site-Sketch     | Epoch:2 | Val Acc: 0.4286
 Best site-Sketch     | Epoch:2 | Val Acc: 0.5000
 Saving the local and server checkpoint to ../checkpoint/fed_domainnet_even-sqrt/PromptFL_Real...
============ Train epoch 15 ============
============ Train epoch 16 ============
============ Train epoch 17 ============
============ Train epoch 18 ============
============ Train epoch 19 ============
 Site-Clipart   | Train Loss: 2.0967 | Train Acc: 0.5556
 Site-Clipart   | Train Loss: 2.0772 | Train Acc: 0.7143
 Site-Infograph | Train Loss: 2.2273 | Train Acc: 0.2381
 Site-Infograph | Train Loss: 2.1873 | Train Acc: 0.3968
 Site-Painting  | Train Loss: 2.0495 | Train Acc: 0.7302
 Site-Painting  | Train Loss: 2.0551 | Train Acc: 0.7302
 Site-QuickDraw | Train Loss: 2.2157 | Train Acc: 0.2540
 Site-QuickDraw | Train Loss: 2.2210 | Train Acc: 0.2063
 Site-Sketch    | Train Loss: 2.0912 | Train Acc: 0.6032
 Site-Sketch    | Train Loss: 2.1238 | Train Acc: 0.4603
 Site-Clipart   | Val  Loss: 2.0848 | Val  Acc: 0.6905
 Site-Clipart   | Val  Loss: 2.0930 | Val  Acc: 0.6667
 Site-Infograph | Val  Loss: 2.1825 | Val  Acc: 0.4048
 Site-Infograph | Val  Loss: 2.2055 | Val  Acc: 0.2857
 Site-Painting  | Val  Loss: 2.0228 | Val  Acc: 0.7857
 Site-Painting  | Val  Loss: 2.0837 | Val  Acc: 0.5714
 Site-QuickDraw | Val  Loss: 2.2027 | Val  Acc: 0.3095
 Site-QuickDraw | Val  Loss: 2.2386 | Val  Acc: 0.2143
 Site-Sketch    | Val  Loss: 2.1157 | Val  Acc: 0.5238
 Site-Sketch    | Val  Loss: 2.1576 | Val  Acc: 0.5238
Average Valid Accuracy: 0.4976
 Best site-Clipart    | Epoch:3 | Val Acc: 0.6905
 Best site-Clipart    | Epoch:3 | Val Acc: 0.6667
 Best site-Infograph  | Epoch:3 | Val Acc: 0.4048
 Best site-Infograph  | Epoch:3 | Val Acc: 0.2857
 Best site-Painting   | Epoch:3 | Val Acc: 0.7857
 Best site-Painting   | Epoch:3 | Val Acc: 0.5714
 Best site-QuickDraw  | Epoch:3 | Val Acc: 0.3095
 Best site-QuickDraw  | Epoch:3 | Val Acc: 0.2143
 Best site-Sketch     | Epoch:3 | Val Acc: 0.5238
 Best site-Sketch     | Epoch:3 | Val Acc: 0.5238
 Saving the local and server checkpoint to ../checkpoint/fed_domainnet_even-sqrt/PromptFL_Real...
============ Train epoch 20 ============
============ Train epoch 21 ============
============ Train epoch 22 ============
============ Train epoch 23 ============
============ Train epoch 24 ============
 Site-Clipart   | Train Loss: 2.0317 | Train Acc: 0.6825
 Site-Clipart   | Train Loss: 2.0417 | Train Acc: 0.7302
 Site-Infograph | Train Loss: 2.2130 | Train Acc: 0.2540
 Site-Infograph | Train Loss: 2.1733 | Train Acc: 0.3810
 Site-Painting  | Train Loss: 2.0268 | Train Acc: 0.7143
 Site-Painting  | Train Loss: 1.9925 | Train Acc: 0.7778
 Site-QuickDraw | Train Loss: 2.2086 | Train Acc: 0.2540
 Site-QuickDraw | Train Loss: 2.1935 | Train Acc: 0.2063
 Site-Sketch    | Train Loss: 2.0403 | Train Acc: 0.6825
 Site-Sketch    | Train Loss: 2.0715 | Train Acc: 0.6032
 Site-Clipart   | Val  Loss: 2.0325 | Val  Acc: 0.6429
 Site-Clipart   | Val  Loss: 2.0520 | Val  Acc: 0.6190
 Site-Infograph | Val  Loss: 2.1785 | Val  Acc: 0.3810
 Site-Infograph | Val  Loss: 2.1911 | Val  Acc: 0.2857
 Site-Painting  | Val  Loss: 1.9638 | Val  Acc: 0.8333
 Site-Painting  | Val  Loss: 2.0461 | Val  Acc: 0.6667
 Site-QuickDraw | Val  Loss: 2.1926 | Val  Acc: 0.2381
 Site-QuickDraw | Val  Loss: 2.2335 | Val  Acc: 0.1667
 Site-Sketch    | Val  Loss: 2.0644 | Val  Acc: 0.6190
 Site-Sketch    | Val  Loss: 2.1074 | Val  Acc: 0.5000
Average Valid Accuracy: 0.4952
============ Train epoch 25 ============
============ Train epoch 26 ============
============ Train epoch 27 ============
============ Train epoch 28 ============
============ Train epoch 29 ============
 Site-Clipart   | Train Loss: 1.9915 | Train Acc: 0.6825
 Site-Clipart   | Train Loss: 1.9944 | Train Acc: 0.7937
 Site-Infograph | Train Loss: 2.2003 | Train Acc: 0.2857
 Site-Infograph | Train Loss: 2.1353 | Train Acc: 0.4127
 Site-Painting  | Train Loss: 1.9707 | Train Acc: 0.7619
 Site-Painting  | Train Loss: 1.9731 | Train Acc: 0.7460
 Site-QuickDraw | Train Loss: 2.1839 | Train Acc: 0.3175
 Site-QuickDraw | Train Loss: 2.1854 | Train Acc: 0.2540
 Site-Sketch    | Train Loss: 1.9966 | Train Acc: 0.6190
 Site-Sketch    | Train Loss: 2.0455 | Train Acc: 0.5556
 Site-Clipart   | Val  Loss: 2.0112 | Val  Acc: 0.7857
 Site-Clipart   | Val  Loss: 1.9983 | Val  Acc: 0.6190
 Site-Infograph | Val  Loss: 2.1376 | Val  Acc: 0.4048
 Site-Infograph | Val  Loss: 2.1611 | Val  Acc: 0.2381
 Site-Painting  | Val  Loss: 1.8874 | Val  Acc: 0.9048
 Site-Painting  | Val  Loss: 2.0199 | Val  Acc: 0.5714
 Site-QuickDraw | Val  Loss: 2.1622 | Val  Acc: 0.3571
 Site-QuickDraw | Val  Loss: 2.1904 | Val  Acc: 0.2381
 Site-Sketch    | Val  Loss: 2.0165 | Val  Acc: 0.5952
 Site-Sketch    | Val  Loss: 2.0683 | Val  Acc: 0.5714
Average Valid Accuracy: 0.5286
 Best site-Clipart    | Epoch:5 | Val Acc: 0.7857
 Best site-Clipart    | Epoch:5 | Val Acc: 0.6190
 Best site-Infograph  | Epoch:5 | Val Acc: 0.4048
 Best site-Infograph  | Epoch:5 | Val Acc: 0.2381
 Best site-Painting   | Epoch:5 | Val Acc: 0.9048
 Best site-Painting   | Epoch:5 | Val Acc: 0.5714
 Best site-QuickDraw  | Epoch:5 | Val Acc: 0.3571
 Best site-QuickDraw  | Epoch:5 | Val Acc: 0.2381
 Best site-Sketch     | Epoch:5 | Val Acc: 0.5952
 Best site-Sketch     | Epoch:5 | Val Acc: 0.5714
 Saving the local and server checkpoint to ../checkpoint/fed_domainnet_even-sqrt/PromptFL_Real...
============ Train epoch 30 ============
============ Train epoch 31 ============
============ Train epoch 32 ============
============ Train epoch 33 ============
============ Train epoch 34 ============
 Site-Clipart   | Train Loss: 1.9393 | Train Acc: 0.6825
 Site-Clipart   | Train Loss: 1.9605 | Train Acc: 0.7460
 Site-Infograph | Train Loss: 2.1970 | Train Acc: 0.3016
 Site-Infograph | Train Loss: 2.1020 | Train Acc: 0.4762
 Site-Painting  | Train Loss: 1.9248 | Train Acc: 0.7778
 Site-Painting  | Train Loss: 1.8980 | Train Acc: 0.7778
 Site-QuickDraw | Train Loss: 2.1544 | Train Acc: 0.3333
 Site-QuickDraw | Train Loss: 2.1612 | Train Acc: 0.2540
 Site-Sketch    | Train Loss: 1.9430 | Train Acc: 0.7143
 Site-Sketch    | Train Loss: 2.0046 | Train Acc: 0.5556
 Site-Clipart   | Val  Loss: 1.9567 | Val  Acc: 0.7381
 Site-Clipart   | Val  Loss: 1.9645 | Val  Acc: 0.7143
 Site-Infograph | Val  Loss: 2.1242 | Val  Acc: 0.4286
 Site-Infograph | Val  Loss: 2.1304 | Val  Acc: 0.3810
 Site-Painting  | Val  Loss: 1.8457 | Val  Acc: 0.8095
 Site-Painting  | Val  Loss: 1.9707 | Val  Acc: 0.6667
 Site-QuickDraw | Val  Loss: 2.1363 | Val  Acc: 0.3333
 Site-QuickDraw | Val  Loss: 2.1907 | Val  Acc: 0.2143
 Site-Sketch    | Val  Loss: 2.0009 | Val  Acc: 0.5714
 Site-Sketch    | Val  Loss: 2.0163 | Val  Acc: 0.5952
Average Valid Accuracy: 0.5452
 Best site-Clipart    | Epoch:6 | Val Acc: 0.7381
 Best site-Clipart    | Epoch:6 | Val Acc: 0.7143
 Best site-Infograph  | Epoch:6 | Val Acc: 0.4286
 Best site-Infograph  | Epoch:6 | Val Acc: 0.3810
 Best site-Painting   | Epoch:6 | Val Acc: 0.8095
 Best site-Painting   | Epoch:6 | Val Acc: 0.6667
 Best site-QuickDraw  | Epoch:6 | Val Acc: 0.3333
 Best site-QuickDraw  | Epoch:6 | Val Acc: 0.2143
 Best site-Sketch     | Epoch:6 | Val Acc: 0.5714
 Best site-Sketch     | Epoch:6 | Val Acc: 0.5952
 Saving the local and server checkpoint to ../checkpoint/fed_domainnet_even-sqrt/PromptFL_Real...
============ Train epoch 35 ============
============ Train epoch 36 ============
============ Train epoch 37 ============
============ Train epoch 38 ============
============ Train epoch 39 ============
 Site-Clipart   | Train Loss: 1.9083 | Train Acc: 0.7143
 Site-Clipart   | Train Loss: 1.9297 | Train Acc: 0.7460
 Site-Infograph | Train Loss: 2.1612 | Train Acc: 0.3492
 Site-Infograph | Train Loss: 2.0819 | Train Acc: 0.4762
 Site-Painting  | Train Loss: 1.8961 | Train Acc: 0.7778
 Site-Painting  | Train Loss: 1.8662 | Train Acc: 0.7937
 Site-QuickDraw | Train Loss: 2.1382 | Train Acc: 0.3492
 Site-QuickDraw | Train Loss: 2.1400 | Train Acc: 0.3333
 Site-Sketch    | Train Loss: 1.8948 | Train Acc: 0.6508
 Site-Sketch    | Train Loss: 1.9655 | Train Acc: 0.6349
 Site-Clipart   | Val  Loss: 1.8997 | Val  Acc: 0.7619
 Site-Clipart   | Val  Loss: 1.9085 | Val  Acc: 0.7381
 Site-Infograph | Val  Loss: 2.0948 | Val  Acc: 0.4524
 Site-Infograph | Val  Loss: 2.1194 | Val  Acc: 0.3810
 Site-Painting  | Val  Loss: 1.8007 | Val  Acc: 0.8810
 Site-Painting  | Val  Loss: 1.9312 | Val  Acc: 0.6905
 Site-QuickDraw | Val  Loss: 2.1228 | Val  Acc: 0.3095
 Site-QuickDraw | Val  Loss: 2.1818 | Val  Acc: 0.2381
 Site-Sketch    | Val  Loss: 1.9544 | Val  Acc: 0.6190
 Site-Sketch    | Val  Loss: 1.9759 | Val  Acc: 0.5476
Average Valid Accuracy: 0.5619
 Best site-Clipart    | Epoch:7 | Val Acc: 0.7619
 Best site-Clipart    | Epoch:7 | Val Acc: 0.7381
 Best site-Infograph  | Epoch:7 | Val Acc: 0.4524
 Best site-Infograph  | Epoch:7 | Val Acc: 0.3810
 Best site-Painting   | Epoch:7 | Val Acc: 0.8810
 Best site-Painting   | Epoch:7 | Val Acc: 0.6905
 Best site-QuickDraw  | Epoch:7 | Val Acc: 0.3095
 Best site-QuickDraw  | Epoch:7 | Val Acc: 0.2381
 Best site-Sketch     | Epoch:7 | Val Acc: 0.6190
 Best site-Sketch     | Epoch:7 | Val Acc: 0.5476
 Saving the local and server checkpoint to ../checkpoint/fed_domainnet_even-sqrt/PromptFL_Real...
============ Train epoch 40 ============
============ Train epoch 41 ============
============ Train epoch 42 ============
============ Train epoch 43 ============
============ Train epoch 44 ============
 Site-Clipart   | Train Loss: 1.8572 | Train Acc: 0.6825
 Site-Clipart   | Train Loss: 1.8968 | Train Acc: 0.8095
 Site-Infograph | Train Loss: 2.1594 | Train Acc: 0.3016
 Site-Infograph | Train Loss: 2.0626 | Train Acc: 0.4286
 Site-Painting  | Train Loss: 1.8599 | Train Acc: 0.7778
 Site-Painting  | Train Loss: 1.8047 | Train Acc: 0.8730
 Site-QuickDraw | Train Loss: 2.1391 | Train Acc: 0.3333
 Site-QuickDraw | Train Loss: 2.1120 | Train Acc: 0.3492
 Site-Sketch    | Train Loss: 1.8598 | Train Acc: 0.7619
 Site-Sketch    | Train Loss: 1.9240 | Train Acc: 0.6349
 Site-Clipart   | Val  Loss: 1.8829 | Val  Acc: 0.7381
 Site-Clipart   | Val  Loss: 1.8861 | Val  Acc: 0.7143
 Site-Infograph | Val  Loss: 2.0739 | Val  Acc: 0.4286
 Site-Infograph | Val  Loss: 2.1070 | Val  Acc: 0.3095
 Site-Painting  | Val  Loss: 1.7370 | Val  Acc: 0.9286
 Site-Painting  | Val  Loss: 1.8641 | Val  Acc: 0.8095
 Site-QuickDraw | Val  Loss: 2.0921 | Val  Acc: 0.4286
 Site-QuickDraw | Val  Loss: 2.1546 | Val  Acc: 0.2857
 Site-Sketch    | Val  Loss: 1.8921 | Val  Acc: 0.6905
 Site-Sketch    | Val  Loss: 1.9266 | Val  Acc: 0.6667
Average Valid Accuracy: 0.6000
 Best site-Clipart    | Epoch:8 | Val Acc: 0.7381
 Best site-Clipart    | Epoch:8 | Val Acc: 0.7143
 Best site-Infograph  | Epoch:8 | Val Acc: 0.4286
 Best site-Infograph  | Epoch:8 | Val Acc: 0.3095
 Best site-Painting   | Epoch:8 | Val Acc: 0.9286
 Best site-Painting   | Epoch:8 | Val Acc: 0.8095
 Best site-QuickDraw  | Epoch:8 | Val Acc: 0.4286
 Best site-QuickDraw  | Epoch:8 | Val Acc: 0.2857
 Best site-Sketch     | Epoch:8 | Val Acc: 0.6905
 Best site-Sketch     | Epoch:8 | Val Acc: 0.6667
 Saving the local and server checkpoint to ../checkpoint/fed_domainnet_even-sqrt/PromptFL_Real...
============ Train epoch 45 ============
============ Train epoch 46 ============
============ Train epoch 47 ============
============ Train epoch 48 ============
============ Train epoch 49 ============
 Site-Clipart   | Train Loss: 1.8237 | Train Acc: 0.7619
 Site-Clipart   | Train Loss: 1.8461 | Train Acc: 0.8095
 Site-Infograph | Train Loss: 2.1509 | Train Acc: 0.2857
 Site-Infograph | Train Loss: 2.0436 | Train Acc: 0.4444
 Site-Painting  | Train Loss: 1.8028 | Train Acc: 0.7937
 Site-Painting  | Train Loss: 1.7566 | Train Acc: 0.8889
 Site-QuickDraw | Train Loss: 2.1075 | Train Acc: 0.3651
 Site-QuickDraw | Train Loss: 2.0989 | Train Acc: 0.4127
 Site-Sketch    | Train Loss: 1.8121 | Train Acc: 0.7619
 Site-Sketch    | Train Loss: 1.8792 | Train Acc: 0.5873
 Site-Clipart   | Val  Loss: 1.8693 | Val  Acc: 0.7143
 Site-Clipart   | Val  Loss: 1.8446 | Val  Acc: 0.7619
 Site-Infograph | Val  Loss: 2.0467 | Val  Acc: 0.4286
 Site-Infograph | Val  Loss: 2.0964 | Val  Acc: 0.3571
 Site-Painting  | Val  Loss: 1.6905 | Val  Acc: 0.9286
 Site-Painting  | Val  Loss: 1.8604 | Val  Acc: 0.7381
 Site-QuickDraw | Val  Loss: 2.0710 | Val  Acc: 0.3810
 Site-QuickDraw | Val  Loss: 2.1216 | Val  Acc: 0.3810
 Site-Sketch    | Val  Loss: 1.8451 | Val  Acc: 0.6667
 Site-Sketch    | Val  Loss: 1.9158 | Val  Acc: 0.5952
Average Valid Accuracy: 0.5952
===2023-03-27 02:05:51===
===2023-03-27 02:05:52===
===Setting===
    dataset: domainnet
    lr: 0.01
    batch: 8
    iters: 10
    wk_iters: 5
domain number = 3
Loading snapshots...
Test Accuracy of Real: 0.8209
Average Test Accuracy: 0.8209
