===2023-03-26 01:38:33===
===Setting===
    dataset: digit
    lr: 0.01
    batch: 16
    iters: 10
    wk_iters: 5
domain number = 2
============ Train epoch 0 ============
============ Train epoch 1 ============
============ Train epoch 2 ============
============ Train epoch 3 ============
============ Train epoch 4 ============
 Site-SVHN      | Train Loss: 2.2031 | Train Acc: 0.2072
 Site-SVHN      | Train Loss: 2.2420 | Train Acc: 0.2162
 Site-USPS      | Train Loss: 1.7852 | Train Acc: 0.5495
 Site-USPS      | Train Loss: 1.8244 | Train Acc: 0.5766
 Site-SynthDigits| Train Loss: 2.0869 | Train Acc: 0.3153
 Site-SynthDigits| Train Loss: 2.1227 | Train Acc: 0.2162
 Site-MNIST-M   | Train Loss: 2.1936 | Train Acc: 0.1982
 Site-MNIST-M   | Train Loss: 2.1971 | Train Acc: 0.2162
 Site-SVHN      | Val  Loss: 2.2799 | Val  Acc: 0.1622
 Site-SVHN      | Val  Loss: 2.1924 | Val  Acc: 0.2568
 Site-USPS      | Val  Loss: 1.8012 | Val  Acc: 0.5946
 Site-USPS      | Val  Loss: 1.8056 | Val  Acc: 0.5946
 Site-SynthDigits| Val  Loss: 2.1027 | Val  Acc: 0.2432
 Site-SynthDigits| Val  Loss: 2.1127 | Val  Acc: 0.2703
 Site-MNIST-M   | Val  Loss: 2.2060 | Val  Acc: 0.2432
 Site-MNIST-M   | Val  Loss: 2.1745 | Val  Acc: 0.1757
Average Valid Accuracy: 0.3176
 Best site-SVHN       | Epoch:0 | Val Acc: 0.1622
 Best site-SVHN       | Epoch:0 | Val Acc: 0.2568
 Best site-USPS       | Epoch:0 | Val Acc: 0.5946
 Best site-USPS       | Epoch:0 | Val Acc: 0.5946
 Best site-SynthDigits | Epoch:0 | Val Acc: 0.2432
 Best site-SynthDigits | Epoch:0 | Val Acc: 0.2703
 Best site-MNIST-M    | Epoch:0 | Val Acc: 0.2432
 Best site-MNIST-M    | Epoch:0 | Val Acc: 0.1757
 Saving the local and server checkpoint to ../checkpoint/fed_digit_even-1-sqrt/DoPrompt_MNIST...
============ Train epoch 5 ============
============ Train epoch 6 ============
===2023-03-26 05:05:26===
===Setting===
    dataset: digit
    lr: 0.01
    batch: 16
    iters: 10
    wk_iters: 5
domain number = 2
============ Train epoch 0 ============
============ Train epoch 1 ============
============ Train epoch 2 ============
============ Train epoch 3 ============
============ Train epoch 4 ============
 Site-SVHN      | Train Loss: 2.2031 | Train Acc: 0.2072
 Site-SVHN      | Train Loss: 2.2420 | Train Acc: 0.2162
 Site-USPS      | Train Loss: 1.7852 | Train Acc: 0.5495
 Site-USPS      | Train Loss: 1.8244 | Train Acc: 0.5766
 Site-SynthDigits| Train Loss: 2.0869 | Train Acc: 0.3153
 Site-SynthDigits| Train Loss: 2.1227 | Train Acc: 0.2162
 Site-MNIST-M   | Train Loss: 2.1936 | Train Acc: 0.1982
 Site-MNIST-M   | Train Loss: 2.1971 | Train Acc: 0.2162
 Site-SVHN      | Val  Loss: 2.2799 | Val  Acc: 0.1622
 Site-SVHN      | Val  Loss: 2.1924 | Val  Acc: 0.2568
 Site-USPS      | Val  Loss: 1.8012 | Val  Acc: 0.5946
 Site-USPS      | Val  Loss: 1.8056 | Val  Acc: 0.5946
 Site-SynthDigits| Val  Loss: 2.1027 | Val  Acc: 0.2432
 Site-SynthDigits| Val  Loss: 2.1127 | Val  Acc: 0.2703
 Site-MNIST-M   | Val  Loss: 2.2060 | Val  Acc: 0.2432
 Site-MNIST-M   | Val  Loss: 2.1745 | Val  Acc: 0.1757
Average Valid Accuracy: 0.3176
 Best site-SVHN       | Epoch:0 | Val Acc: 0.1622
 Best site-SVHN       | Epoch:0 | Val Acc: 0.2568
 Best site-USPS       | Epoch:0 | Val Acc: 0.5946
 Best site-USPS       | Epoch:0 | Val Acc: 0.5946
 Best site-SynthDigits | Epoch:0 | Val Acc: 0.2432
 Best site-SynthDigits | Epoch:0 | Val Acc: 0.2703
 Best site-MNIST-M    | Epoch:0 | Val Acc: 0.2432
 Best site-MNIST-M    | Epoch:0 | Val Acc: 0.1757
 Saving the local and server checkpoint to ../checkpoint/fed_digit_even-1-sqrt/DoPrompt_MNIST...
============ Train epoch 5 ============
============ Train epoch 6 ============
============ Train epoch 7 ============
============ Train epoch 8 ============
============ Train epoch 9 ============
 Site-SVHN      | Train Loss: 2.1053 | Train Acc: 0.2523
 Site-SVHN      | Train Loss: 2.1383 | Train Acc: 0.2793
 Site-USPS      | Train Loss: 1.4386 | Train Acc: 0.7477
 Site-USPS      | Train Loss: 1.4897 | Train Acc: 0.7027
 Site-SynthDigits| Train Loss: 1.9022 | Train Acc: 0.4054
 Site-SynthDigits| Train Loss: 1.9567 | Train Acc: 0.3604
 Site-MNIST-M   | Train Loss: 2.0543 | Train Acc: 0.2523
 Site-MNIST-M   | Train Loss: 2.0662 | Train Acc: 0.2613
 Site-SVHN      | Val  Loss: 2.1938 | Val  Acc: 0.2027
 Site-SVHN      | Val  Loss: 2.0731 | Val  Acc: 0.2838
 Site-USPS      | Val  Loss: 1.4673 | Val  Acc: 0.7027
 Site-USPS      | Val  Loss: 1.4630 | Val  Acc: 0.7568
 Site-SynthDigits| Val  Loss: 1.9286 | Val  Acc: 0.3649
 Site-SynthDigits| Val  Loss: 1.9412 | Val  Acc: 0.3649
 Site-MNIST-M   | Val  Loss: 2.0633 | Val  Acc: 0.2838
 Site-MNIST-M   | Val  Loss: 2.0382 | Val  Acc: 0.2432
Average Valid Accuracy: 0.4003
 Best site-SVHN       | Epoch:1 | Val Acc: 0.2027
 Best site-SVHN       | Epoch:1 | Val Acc: 0.2838
 Best site-USPS       | Epoch:1 | Val Acc: 0.7027
 Best site-USPS       | Epoch:1 | Val Acc: 0.7568
 Best site-SynthDigits | Epoch:1 | Val Acc: 0.3649
 Best site-SynthDigits | Epoch:1 | Val Acc: 0.3649
 Best site-MNIST-M    | Epoch:1 | Val Acc: 0.2838
 Best site-MNIST-M    | Epoch:1 | Val Acc: 0.2432
 Saving the local and server checkpoint to ../checkpoint/fed_digit_even-1-sqrt/DoPrompt_MNIST...
============ Train epoch 10 ============
============ Train epoch 11 ============
============ Train epoch 12 ============
============ Train epoch 13 ============
============ Train epoch 14 ============
 Site-SVHN      | Train Loss: 2.0364 | Train Acc: 0.2883
 Site-SVHN      | Train Loss: 2.0608 | Train Acc: 0.3423
 Site-USPS      | Train Loss: 1.1912 | Train Acc: 0.7838
 Site-USPS      | Train Loss: 1.2491 | Train Acc: 0.7748
 Site-SynthDigits| Train Loss: 1.7569 | Train Acc: 0.4685
 Site-SynthDigits| Train Loss: 1.8236 | Train Acc: 0.4234
 Site-MNIST-M   | Train Loss: 1.9435 | Train Acc: 0.3243
 Site-MNIST-M   | Train Loss: 1.9571 | Train Acc: 0.3423
 Site-SVHN      | Val  Loss: 2.1223 | Val  Acc: 0.2568
 Site-SVHN      | Val  Loss: 1.9989 | Val  Acc: 0.3108
 Site-USPS      | Val  Loss: 1.2299 | Val  Acc: 0.7703
 Site-USPS      | Val  Loss: 1.2154 | Val  Acc: 0.8108
 Site-SynthDigits| Val  Loss: 1.7968 | Val  Acc: 0.3919
 Site-SynthDigits| Val  Loss: 1.8017 | Val  Acc: 0.4730
 Site-MNIST-M   | Val  Loss: 1.9429 | Val  Acc: 0.3919
 Site-MNIST-M   | Val  Loss: 1.9211 | Val  Acc: 0.2838
Average Valid Accuracy: 0.4611
 Best site-SVHN       | Epoch:2 | Val Acc: 0.2568
 Best site-SVHN       | Epoch:2 | Val Acc: 0.3108
 Best site-USPS       | Epoch:2 | Val Acc: 0.7703
 Best site-USPS       | Epoch:2 | Val Acc: 0.8108
 Best site-SynthDigits | Epoch:2 | Val Acc: 0.3919
 Best site-SynthDigits | Epoch:2 | Val Acc: 0.4730
 Best site-MNIST-M    | Epoch:2 | Val Acc: 0.3919
 Best site-MNIST-M    | Epoch:2 | Val Acc: 0.2838
 Saving the local and server checkpoint to ../checkpoint/fed_digit_even-1-sqrt/DoPrompt_MNIST...
============ Train epoch 15 ============
============ Train epoch 16 ============
============ Train epoch 17 ============
============ Train epoch 18 ============
============ Train epoch 19 ============
 Site-SVHN      | Train Loss: 1.9792 | Train Acc: 0.3243
 Site-SVHN      | Train Loss: 1.9934 | Train Acc: 0.3784
 Site-USPS      | Train Loss: 1.0135 | Train Acc: 0.8018
 Site-USPS      | Train Loss: 1.0823 | Train Acc: 0.7838
 Site-SynthDigits| Train Loss: 1.6469 | Train Acc: 0.5135
 Site-SynthDigits| Train Loss: 1.7200 | Train Acc: 0.4324
 Site-MNIST-M   | Train Loss: 1.8483 | Train Acc: 0.3784
 Site-MNIST-M   | Train Loss: 1.8599 | Train Acc: 0.4054
 Site-SVHN      | Val  Loss: 2.0593 | Val  Acc: 0.3108
 Site-SVHN      | Val  Loss: 1.9359 | Val  Acc: 0.3378
 Site-USPS      | Val  Loss: 1.0632 | Val  Acc: 0.7703
 Site-USPS      | Val  Loss: 1.0445 | Val  Acc: 0.8243
 Site-SynthDigits| Val  Loss: 1.6882 | Val  Acc: 0.4189
 Site-SynthDigits| Val  Loss: 1.6981 | Val  Acc: 0.4865
 Site-MNIST-M   | Val  Loss: 1.8423 | Val  Acc: 0.4459
 Site-MNIST-M   | Val  Loss: 1.8215 | Val  Acc: 0.3649
Average Valid Accuracy: 0.4949
 Best site-SVHN       | Epoch:3 | Val Acc: 0.3108
 Best site-SVHN       | Epoch:3 | Val Acc: 0.3378
 Best site-USPS       | Epoch:3 | Val Acc: 0.7703
 Best site-USPS       | Epoch:3 | Val Acc: 0.8243
 Best site-SynthDigits | Epoch:3 | Val Acc: 0.4189
 Best site-SynthDigits | Epoch:3 | Val Acc: 0.4865
 Best site-MNIST-M    | Epoch:3 | Val Acc: 0.4459
 Best site-MNIST-M    | Epoch:3 | Val Acc: 0.3649
 Saving the local and server checkpoint to ../checkpoint/fed_digit_even-1-sqrt/DoPrompt_MNIST...
============ Train epoch 20 ============
============ Train epoch 21 ============
============ Train epoch 22 ============
============ Train epoch 23 ============
============ Train epoch 24 ============
 Site-SVHN      | Train Loss: 1.9307 | Train Acc: 0.3423
 Site-SVHN      | Train Loss: 1.9305 | Train Acc: 0.4144
 Site-USPS      | Train Loss: 0.8881 | Train Acc: 0.8018
 Site-USPS      | Train Loss: 0.9556 | Train Acc: 0.7928
 Site-SynthDigits| Train Loss: 1.5520 | Train Acc: 0.5676
 Site-SynthDigits| Train Loss: 1.6286 | Train Acc: 0.4414
 Site-MNIST-M   | Train Loss: 1.7604 | Train Acc: 0.4775
 Site-MNIST-M   | Train Loss: 1.7741 | Train Acc: 0.4324
 Site-SVHN      | Val  Loss: 2.0019 | Val  Acc: 0.3514
 Site-SVHN      | Val  Loss: 1.8866 | Val  Acc: 0.3919
 Site-USPS      | Val  Loss: 0.9379 | Val  Acc: 0.7838
 Site-USPS      | Val  Loss: 0.9153 | Val  Acc: 0.8243
 Site-SynthDigits| Val  Loss: 1.5948 | Val  Acc: 0.4324
 Site-SynthDigits| Val  Loss: 1.6118 | Val  Acc: 0.5270
 Site-MNIST-M   | Val  Loss: 1.7539 | Val  Acc: 0.4730
 Site-MNIST-M   | Val  Loss: 1.7268 | Val  Acc: 0.4595
Average Valid Accuracy: 0.5304
 Best site-SVHN       | Epoch:4 | Val Acc: 0.3514
 Best site-SVHN       | Epoch:4 | Val Acc: 0.3919
 Best site-USPS       | Epoch:4 | Val Acc: 0.7838
 Best site-USPS       | Epoch:4 | Val Acc: 0.8243
 Best site-SynthDigits | Epoch:4 | Val Acc: 0.4324
 Best site-SynthDigits | Epoch:4 | Val Acc: 0.5270
 Best site-MNIST-M    | Epoch:4 | Val Acc: 0.4730
 Best site-MNIST-M    | Epoch:4 | Val Acc: 0.4595
 Saving the local and server checkpoint to ../checkpoint/fed_digit_even-1-sqrt/DoPrompt_MNIST...
============ Train epoch 25 ============
============ Train epoch 26 ============
============ Train epoch 27 ============
============ Train epoch 28 ============
============ Train epoch 29 ============
 Site-SVHN      | Train Loss: 1.8854 | Train Acc: 0.3604
 Site-SVHN      | Train Loss: 1.8838 | Train Acc: 0.4324
 Site-USPS      | Train Loss: 0.7857 | Train Acc: 0.8559
 Site-USPS      | Train Loss: 0.8503 | Train Acc: 0.8018
 Site-SynthDigits| Train Loss: 1.4746 | Train Acc: 0.5856
 Site-SynthDigits| Train Loss: 1.5504 | Train Acc: 0.4414
 Site-MNIST-M   | Train Loss: 1.6813 | Train Acc: 0.5315
 Site-MNIST-M   | Train Loss: 1.6967 | Train Acc: 0.4505
 Site-SVHN      | Val  Loss: 1.9520 | Val  Acc: 0.3649
 Site-SVHN      | Val  Loss: 1.8349 | Val  Acc: 0.4189
 Site-USPS      | Val  Loss: 0.8356 | Val  Acc: 0.7973
 Site-USPS      | Val  Loss: 0.8093 | Val  Acc: 0.8378
 Site-SynthDigits| Val  Loss: 1.5180 | Val  Acc: 0.4324
 Site-SynthDigits| Val  Loss: 1.5319 | Val  Acc: 0.5270
 Site-MNIST-M   | Val  Loss: 1.6691 | Val  Acc: 0.5000
 Site-MNIST-M   | Val  Loss: 1.6465 | Val  Acc: 0.5270
Average Valid Accuracy: 0.5507
 Best site-SVHN       | Epoch:5 | Val Acc: 0.3649
 Best site-SVHN       | Epoch:5 | Val Acc: 0.4189
 Best site-USPS       | Epoch:5 | Val Acc: 0.7973
 Best site-USPS       | Epoch:5 | Val Acc: 0.8378
 Best site-SynthDigits | Epoch:5 | Val Acc: 0.4324
 Best site-SynthDigits | Epoch:5 | Val Acc: 0.5270
 Best site-MNIST-M    | Epoch:5 | Val Acc: 0.5000
 Best site-MNIST-M    | Epoch:5 | Val Acc: 0.5270
 Saving the local and server checkpoint to ../checkpoint/fed_digit_even-1-sqrt/DoPrompt_MNIST...
============ Train epoch 30 ============
============ Train epoch 31 ============
============ Train epoch 32 ============
============ Train epoch 33 ============
============ Train epoch 34 ============
 Site-SVHN      | Train Loss: 1.8458 | Train Acc: 0.3784
 Site-SVHN      | Train Loss: 1.8385 | Train Acc: 0.4595
 Site-USPS      | Train Loss: 0.7178 | Train Acc: 0.8649
 Site-USPS      | Train Loss: 0.7751 | Train Acc: 0.8288
 Site-SynthDigits| Train Loss: 1.4125 | Train Acc: 0.6036
 Site-SynthDigits| Train Loss: 1.4838 | Train Acc: 0.4775
 Site-MNIST-M   | Train Loss: 1.6084 | Train Acc: 0.5495
 Site-MNIST-M   | Train Loss: 1.6185 | Train Acc: 0.4865
 Site-SVHN      | Val  Loss: 1.9080 | Val  Acc: 0.3919
 Site-SVHN      | Val  Loss: 1.8012 | Val  Acc: 0.4459
 Site-USPS      | Val  Loss: 0.7619 | Val  Acc: 0.8243
 Site-USPS      | Val  Loss: 0.7362 | Val  Acc: 0.8649
 Site-SynthDigits| Val  Loss: 1.4516 | Val  Acc: 0.4459
 Site-SynthDigits| Val  Loss: 1.4711 | Val  Acc: 0.5811
 Site-MNIST-M   | Val  Loss: 1.5910 | Val  Acc: 0.5270
 Site-MNIST-M   | Val  Loss: 1.5643 | Val  Acc: 0.5541
Average Valid Accuracy: 0.5794
 Best site-SVHN       | Epoch:6 | Val Acc: 0.3919
 Best site-SVHN       | Epoch:6 | Val Acc: 0.4459
 Best site-USPS       | Epoch:6 | Val Acc: 0.8243
 Best site-USPS       | Epoch:6 | Val Acc: 0.8649
 Best site-SynthDigits | Epoch:6 | Val Acc: 0.4459
 Best site-SynthDigits | Epoch:6 | Val Acc: 0.5811
 Best site-MNIST-M    | Epoch:6 | Val Acc: 0.5270
 Best site-MNIST-M    | Epoch:6 | Val Acc: 0.5541
 Saving the local and server checkpoint to ../checkpoint/fed_digit_even-1-sqrt/DoPrompt_MNIST...
============ Train epoch 35 ============
============ Train epoch 36 ============
============ Train epoch 37 ============
============ Train epoch 38 ============
============ Train epoch 39 ============
 Site-SVHN      | Train Loss: 1.8129 | Train Acc: 0.3694
 Site-SVHN      | Train Loss: 1.8002 | Train Acc: 0.4775
 Site-USPS      | Train Loss: 0.6494 | Train Acc: 0.8739
 Site-USPS      | Train Loss: 0.6996 | Train Acc: 0.8649
 Site-SynthDigits| Train Loss: 1.3601 | Train Acc: 0.6126
 Site-SynthDigits| Train Loss: 1.4309 | Train Acc: 0.5045
 Site-MNIST-M   | Train Loss: 1.5395 | Train Acc: 0.5676
 Site-MNIST-M   | Train Loss: 1.5489 | Train Acc: 0.4955
 Site-SVHN      | Val  Loss: 1.8707 | Val  Acc: 0.4054
 Site-SVHN      | Val  Loss: 1.7721 | Val  Acc: 0.4459
 Site-USPS      | Val  Loss: 0.6894 | Val  Acc: 0.8649
 Site-USPS      | Val  Loss: 0.6629 | Val  Acc: 0.8784
 Site-SynthDigits| Val  Loss: 1.3970 | Val  Acc: 0.4730
 Site-SynthDigits| Val  Loss: 1.4172 | Val  Acc: 0.5946
 Site-MNIST-M   | Val  Loss: 1.5193 | Val  Acc: 0.5405
 Site-MNIST-M   | Val  Loss: 1.4902 | Val  Acc: 0.5676
Average Valid Accuracy: 0.5963
 Best site-SVHN       | Epoch:7 | Val Acc: 0.4054
 Best site-SVHN       | Epoch:7 | Val Acc: 0.4459
 Best site-USPS       | Epoch:7 | Val Acc: 0.8649
 Best site-USPS       | Epoch:7 | Val Acc: 0.8784
 Best site-SynthDigits | Epoch:7 | Val Acc: 0.4730
 Best site-SynthDigits | Epoch:7 | Val Acc: 0.5946
 Best site-MNIST-M    | Epoch:7 | Val Acc: 0.5405
 Best site-MNIST-M    | Epoch:7 | Val Acc: 0.5676
 Saving the local and server checkpoint to ../checkpoint/fed_digit_even-1-sqrt/DoPrompt_MNIST...
============ Train epoch 40 ============
============ Train epoch 41 ============
============ Train epoch 42 ============
============ Train epoch 43 ============
============ Train epoch 44 ============
 Site-SVHN      | Train Loss: 1.7852 | Train Acc: 0.3514
 Site-SVHN      | Train Loss: 1.7645 | Train Acc: 0.4775
 Site-USPS      | Train Loss: 0.6131 | Train Acc: 0.8739
 Site-USPS      | Train Loss: 0.6624 | Train Acc: 0.8649
 Site-SynthDigits| Train Loss: 1.3125 | Train Acc: 0.6216
 Site-SynthDigits| Train Loss: 1.3656 | Train Acc: 0.5405
 Site-MNIST-M   | Train Loss: 1.4717 | Train Acc: 0.5766
 Site-MNIST-M   | Train Loss: 1.4797 | Train Acc: 0.5225
 Site-SVHN      | Val  Loss: 1.8366 | Val  Acc: 0.4054
 Site-SVHN      | Val  Loss: 1.7421 | Val  Acc: 0.4324
 Site-USPS      | Val  Loss: 0.6537 | Val  Acc: 0.8649
 Site-USPS      | Val  Loss: 0.6249 | Val  Acc: 0.8784
 Site-SynthDigits| Val  Loss: 1.3390 | Val  Acc: 0.5405
 Site-SynthDigits| Val  Loss: 1.3637 | Val  Acc: 0.5811
 Site-MNIST-M   | Val  Loss: 1.4486 | Val  Acc: 0.5541
 Site-MNIST-M   | Val  Loss: 1.4211 | Val  Acc: 0.5946
Average Valid Accuracy: 0.6064
 Best site-SVHN       | Epoch:8 | Val Acc: 0.4054
 Best site-SVHN       | Epoch:8 | Val Acc: 0.4324
 Best site-USPS       | Epoch:8 | Val Acc: 0.8649
 Best site-USPS       | Epoch:8 | Val Acc: 0.8784
 Best site-SynthDigits | Epoch:8 | Val Acc: 0.5405
 Best site-SynthDigits | Epoch:8 | Val Acc: 0.5811
 Best site-MNIST-M    | Epoch:8 | Val Acc: 0.5541
 Best site-MNIST-M    | Epoch:8 | Val Acc: 0.5946
 Saving the local and server checkpoint to ../checkpoint/fed_digit_even-1-sqrt/DoPrompt_MNIST...
============ Train epoch 45 ============
============ Train epoch 46 ============
============ Train epoch 47 ============
============ Train epoch 48 ============
============ Train epoch 49 ============
 Site-SVHN      | Train Loss: 1.7594 | Train Acc: 0.3604
 Site-SVHN      | Train Loss: 1.7324 | Train Acc: 0.4775
 Site-USPS      | Train Loss: 0.5538 | Train Acc: 0.9009
 Site-USPS      | Train Loss: 0.5898 | Train Acc: 0.8739
 Site-SynthDigits| Train Loss: 1.2677 | Train Acc: 0.6396
 Site-SynthDigits| Train Loss: 1.3219 | Train Acc: 0.5676
 Site-MNIST-M   | Train Loss: 1.4072 | Train Acc: 0.5856
 Site-MNIST-M   | Train Loss: 1.4164 | Train Acc: 0.5495
 Site-SVHN      | Val  Loss: 1.8028 | Val  Acc: 0.4054
 Site-SVHN      | Val  Loss: 1.7154 | Val  Acc: 0.4459
 Site-USPS      | Val  Loss: 0.5824 | Val  Acc: 0.8784
 Site-USPS      | Val  Loss: 0.5576 | Val  Acc: 0.8919
 Site-SynthDigits| Val  Loss: 1.2884 | Val  Acc: 0.5811
 Site-SynthDigits| Val  Loss: 1.3213 | Val  Acc: 0.5811
 Site-MNIST-M   | Val  Loss: 1.3847 | Val  Acc: 0.5946
 Site-MNIST-M   | Val  Loss: 1.3534 | Val  Acc: 0.5946
Average Valid Accuracy: 0.6216
 Best site-SVHN       | Epoch:9 | Val Acc: 0.4054
 Best site-SVHN       | Epoch:9 | Val Acc: 0.4459
 Best site-USPS       | Epoch:9 | Val Acc: 0.8784
 Best site-USPS       | Epoch:9 | Val Acc: 0.8919
 Best site-SynthDigits | Epoch:9 | Val Acc: 0.5811
 Best site-SynthDigits | Epoch:9 | Val Acc: 0.5811
 Best site-MNIST-M    | Epoch:9 | Val Acc: 0.5946
 Best site-MNIST-M    | Epoch:9 | Val Acc: 0.5946
 Saving the local and server checkpoint to ../checkpoint/fed_digit_even-1-sqrt/DoPrompt_MNIST...
===2023-03-26 05:38:32===
===2023-03-26 05:38:33===
===Setting===
    dataset: digit
    lr: 0.01
    batch: 8
    iters: 10
    wk_iters: 5
domain number = 2
Loading snapshots...
 Test site-SVHN      | Epoch:9 | Test Acc: 0.2937
 Test site-USPS      | Epoch:9 | Test Acc: 0.8495
 Test site-SynthDigits| Epoch:9 | Test Acc: 0.5145
 Test site-MNIST-M   | Epoch:9 | Test Acc: 0.3493
Average Test Accuracy: 0.5017
===2023-03-26 12:03:15===
===Setting===
    dataset: digit
    lr: 0.01
    batch: 8
    iters: 10
    wk_iters: 5
domain number = 2
Loading snapshots...
Test Accuracy of MNIST: 0.6257
Average Test Accuracy: 0.6257
