===2023-08-17 02:17:08===
===Setting===
    dataset: pacs
    lr: 0.01
    batch: 32
    iters: 50
    wk_iters: 1
    domain_num: 6
data_number=[150,450,150,450,150,450,150,450,
client_nums=[2,2,2,2,]
len_dataset=[1000,1000,1000,1000,]
domain number = 6
Loading snapshots...
 Test site-photo-0                   (3)| Epoch:49 | Test Acc: 1.0000
 Test site-photo-1                   (3)| Epoch:49 | Test Acc: 0.9861
 Test site-art_painting-0            (1)| Epoch:49 | Test Acc: 0.9366
 Test site-art_painting-1            (1)| Epoch:49 | Test Acc: 0.9138
 Test site-cartoon-0                 (5)| Epoch:49 | Test Acc: 0.8936
 Test site-cartoon-1                 (2)| Epoch:49 | Test Acc: 0.8879
 Test site-sketch-0                  (4)| Epoch:49 | Test Acc: 0.8524
 Test site-sketch-1                  (0)| Epoch:49 | Test Acc: 0.8695
photo-0: 1.0000, photo-1: 0.9861, art_painting-0: 0.9366, art_painting-1: 0.9138, cartoon-0: 0.8936, cartoon-1: 0.8879, sketch-0: 0.8524, sketch-1: 0.8695, 
Average Test Accuracy(group): 0.9175, Average Test Accuracy(individual): 0.9175,
domain std=0.0498, cluster std=0.0458, individual std=0.0498, 
