===2023-03-16 15:39:41===
===Setting===
    lr: 0.01
    batch: 16
    iters: 3
    wk_iters: 10
============ Train epoch 0 ============
===2023-03-16 15:40:35===
===Setting===
    lr: 0.01
    batch: 16
    iters: 3
    wk_iters: 10
============ Train epoch 0 ============
============ Train epoch 1 ============
============ Train epoch 2 ============
============ Train epoch 3 ============
============ Train epoch 4 ============
============ Train epoch 5 ============
============ Train epoch 6 ============
============ Train epoch 7 ============
============ Train epoch 8 ============
============ Train epoch 9 ============
 MNIST      | Train Loss: 1.0694 | Train Acc: 0.7162
 SVHN       | Train Loss: 1.8161 | Train Acc: 0.4595
 USPS       | Train Loss: 1.0735 | Train Acc: 0.6757
 SynthDigits| Train Loss: 1.7185 | Train Acc: 0.3784
 MNIST-M    | Train Loss: 1.6431 | Train Acc: 0.5135
 MNIST      | Valid  Loss: 1.2272 | Valid  Acc: 0.6892
 SVHN       | Valid  Loss: 2.0558 | Valid  Acc: 0.2432
 USPS       | Valid  Loss: 1.2271 | Valid  Acc: 0.6486
 SynthDigits| Valid  Loss: 1.9045 | Valid  Acc: 0.4189
 MNIST-M    | Valid  Loss: 1.6577 | Valid  Acc: 0.5135
Average Test Accuracy: 0.5027
 Saving checkpoints to ../checkpoint/digits/federated_digits_0.1data/DoPrompt_lsim=False...
============ Train epoch 10 ============
============ Train epoch 11 ============
============ Train epoch 12 ============
============ Train epoch 13 ============
============ Train epoch 14 ============
============ Train epoch 15 ============
============ Train epoch 16 ============
============ Train epoch 17 ============
============ Train epoch 18 ============
============ Train epoch 19 ============
 MNIST      | Train Loss: 0.6915 | Train Acc: 0.6757
 SVHN       | Train Loss: 1.3820 | Train Acc: 0.5270
 USPS       | Train Loss: 0.5166 | Train Acc: 0.7838
 SynthDigits| Train Loss: 1.0089 | Train Acc: 0.5811
 MNIST-M    | Train Loss: 0.9005 | Train Acc: 0.6622
 MNIST      | Valid  Loss: 0.9830 | Valid  Acc: 0.6486
 SVHN       | Valid  Loss: 2.3316 | Valid  Acc: 0.3108
 USPS       | Valid  Loss: 0.8551 | Valid  Acc: 0.6757
 SynthDigits| Valid  Loss: 1.7191 | Valid  Acc: 0.4324
 MNIST-M    | Valid  Loss: 0.9288 | Valid  Acc: 0.6622
Average Test Accuracy: 0.5459
 Saving checkpoints to ../checkpoint/digits/federated_digits_0.1data/DoPrompt_lsim=False...
============ Train epoch 20 ============
============ Train epoch 21 ============
============ Train epoch 22 ============
============ Train epoch 23 ============
============ Train epoch 24 ============
============ Train epoch 25 ============
============ Train epoch 26 ============
============ Train epoch 27 ============
============ Train epoch 28 ============
============ Train epoch 29 ============
 MNIST      | Train Loss: 0.3102 | Train Acc: 0.8243
 SVHN       | Train Loss: 0.9892 | Train Acc: 0.6622
 USPS       | Train Loss: 0.3120 | Train Acc: 0.8649
 SynthDigits| Train Loss: 0.6520 | Train Acc: 0.7703
 MNIST-M    | Train Loss: 0.4136 | Train Acc: 0.8919
 MNIST      | Valid  Loss: 0.7282 | Valid  Acc: 0.7027
 SVHN       | Valid  Loss: 2.6795 | Valid  Acc: 0.2027
 USPS       | Valid  Loss: 0.6306 | Valid  Acc: 0.7973
 SynthDigits| Valid  Loss: 1.6828 | Valid  Acc: 0.4324
 MNIST-M    | Valid  Loss: 0.4284 | Valid  Acc: 0.8919
Average Test Accuracy: 0.6054
 Saving checkpoints to ../checkpoint/digits/federated_digits_0.1data/DoPrompt_lsim=False...
===2023-03-16 15:51:10===
===2023-03-17 03:54:30===
===Setting===
    lr: 0.01
    batch: 16
    iters: 5
    wk_iters: 10
============ Train epoch 0 ============
============ Train epoch 1 ============
============ Train epoch 2 ============
============ Train epoch 3 ============
============ Train epoch 4 ============
============ Train epoch 5 ============
============ Train epoch 6 ============
============ Train epoch 7 ============
============ Train epoch 8 ============
============ Train epoch 9 ============
 MNIST      | Train Loss: 0.6194 | Train Acc: 0.8237
 SVHN       | Train Loss: 1.7555 | Train Acc: 0.3984
 USPS       | Train Loss: 0.7558 | Train Acc: 0.8143
 SynthDigits| Train Loss: 1.3091 | Train Acc: 0.5814
 MNIST-M    | Train Loss: 1.7398 | Train Acc: 0.3903
 MNIST      | Valid  Loss: 0.7518 | Valid  Acc: 0.7230
 SVHN       | Valid  Loss: 1.8969 | Valid  Acc: 0.3243
 USPS       | Valid  Loss: 0.7969 | Valid  Acc: 0.7973
 SynthDigits| Valid  Loss: 1.3477 | Valid  Acc: 0.5405
 MNIST-M    | Valid  Loss: 1.5443 | Valid  Acc: 0.4324
Average Test Accuracy: 0.5635
 Saving checkpoints to ../checkpoint/digits/federated_digits_0.1data/DoPrompt_lsim=False...
============ Train epoch 10 ============
============ Train epoch 11 ============
============ Train epoch 12 ============
============ Train epoch 13 ============
============ Train epoch 14 ============
============ Train epoch 15 ============
============ Train epoch 16 ============
============ Train epoch 17 ============
============ Train epoch 18 ============
============ Train epoch 19 ============
 MNIST      | Train Loss: 0.1449 | Train Acc: 0.9515
 SVHN       | Train Loss: 1.5927 | Train Acc: 0.4266
 USPS       | Train Loss: 0.2658 | Train Acc: 0.9139
 SynthDigits| Train Loss: 0.9841 | Train Acc: 0.6487
 MNIST-M    | Train Loss: 1.3593 | Train Acc: 0.5410
 MNIST      | Valid  Loss: 0.3131 | Valid  Acc: 0.8986
 SVHN       | Valid  Loss: 1.8849 | Valid  Acc: 0.3311
 USPS       | Valid  Loss: 0.3152 | Valid  Acc: 0.8919
 SynthDigits| Valid  Loss: 1.0132 | Valid  Acc: 0.6419
 MNIST-M    | Valid  Loss: 1.1640 | Valid  Acc: 0.6014
Average Test Accuracy: 0.6730
 Saving checkpoints to ../checkpoint/digits/federated_digits_0.1data/DoPrompt_lsim=False...
============ Train epoch 20 ============
============ Train epoch 21 ============
============ Train epoch 22 ============
============ Train epoch 23 ============
============ Train epoch 24 ============
============ Train epoch 25 ============
============ Train epoch 26 ============
============ Train epoch 27 ============
============ Train epoch 28 ============
============ Train epoch 29 ============
 MNIST      | Train Loss: 0.0694 | Train Acc: 0.9798
 SVHN       | Train Loss: 1.3278 | Train Acc: 0.5101
 USPS       | Train Loss: 0.2055 | Train Acc: 0.9287
 SynthDigits| Train Loss: 0.9203 | Train Acc: 0.6904
 MNIST-M    | Train Loss: 1.1486 | Train Acc: 0.6110
 MNIST      | Valid  Loss: 0.3372 | Valid  Acc: 0.9054
 SVHN       | Valid  Loss: 1.9268 | Valid  Acc: 0.3649
 USPS       | Valid  Loss: 0.2865 | Valid  Acc: 0.8919
 SynthDigits| Valid  Loss: 1.0717 | Valid  Acc: 0.6284
 MNIST-M    | Valid  Loss: 0.9317 | Valid  Acc: 0.6351
Average Test Accuracy: 0.6851
 Saving checkpoints to ../checkpoint/digits/federated_digits_0.1data/DoPrompt_lsim=False...
============ Train epoch 30 ============
============ Train epoch 31 ============
============ Train epoch 32 ============
============ Train epoch 33 ============
============ Train epoch 34 ============
============ Train epoch 35 ============
============ Train epoch 36 ============
============ Train epoch 37 ============
============ Train epoch 38 ============
============ Train epoch 39 ============
 MNIST      | Train Loss: 0.0483 | Train Acc: 0.9798
 SVHN       | Train Loss: 1.0404 | Train Acc: 0.6353
 USPS       | Train Loss: 0.1363 | Train Acc: 0.9569
 SynthDigits| Train Loss: 0.6826 | Train Acc: 0.7524
 MNIST-M    | Train Loss: 0.8379 | Train Acc: 0.7066
 MNIST      | Valid  Loss: 0.2814 | Valid  Acc: 0.9189
 SVHN       | Valid  Loss: 1.9636 | Valid  Acc: 0.3851
 USPS       | Valid  Loss: 0.2147 | Valid  Acc: 0.9257
 SynthDigits| Valid  Loss: 0.9083 | Valid  Acc: 0.6689
 MNIST-M    | Valid  Loss: 0.6579 | Valid  Acc: 0.7162
Average Test Accuracy: 0.7230
 Saving checkpoints to ../checkpoint/digits/federated_digits_0.1data/DoPrompt_lsim=False...
============ Train epoch 40 ============
============ Train epoch 41 ============
============ Train epoch 42 ============
============ Train epoch 43 ============
============ Train epoch 44 ============
============ Train epoch 45 ============
============ Train epoch 46 ============
============ Train epoch 47 ============
============ Train epoch 48 ============
============ Train epoch 49 ============
 MNIST      | Train Loss: 0.0577 | Train Acc: 0.9825
 SVHN       | Train Loss: 1.1326 | Train Acc: 0.6137
 USPS       | Train Loss: 0.1158 | Train Acc: 0.9596
 SynthDigits| Train Loss: 0.7183 | Train Acc: 0.7335
 MNIST-M    | Train Loss: 0.4552 | Train Acc: 0.8331
 MNIST      | Valid  Loss: 0.3990 | Valid  Acc: 0.9189
 SVHN       | Valid  Loss: 2.0393 | Valid  Acc: 0.3581
 USPS       | Valid  Loss: 0.2300 | Valid  Acc: 0.9189
 SynthDigits| Valid  Loss: 1.0623 | Valid  Acc: 0.7027
 MNIST-M    | Valid  Loss: 0.2910 | Valid  Acc: 0.8581
Average Test Accuracy: 0.7514
 Saving checkpoints to ../checkpoint/digits/federated_digits_0.1data/DoPrompt_lsim=False...
===2023-03-17 06:40:11===
===2023-03-17 10:11:27===
===Setting===
    lr: 0.01
    batch: 16
    iters: 10
    wk_iters: 5
 MNIST      | Test  Acc: 0.9324
 SVHN       | Test  Acc: 0.3512
 USPS       | Test  Acc: 0.9296
 SynthDigits| Test  Acc: 0.6473
 MNIST-M    | Test  Acc: 0.5300
Average Test Accuracy: 0.6781
