===2023-06-07 14:38:33===
===Setting===
    dataset: fairface
    lr: 0.01
    batch: 32
    iters: 10
    wk_iters: 1
    si: False
    domain_num: 4
    quantile: 0
    std_rw: False
    gender_label: False
    binary_race: True
    save_iter: -1
data_number=[36,48,62,85,112,147,192,252,335,435,146,193,]
client_nums=[10,2,]
label set of clients: [9, 9, 9, 9, 9, 9, 9, 9, 9, 9, 9, 9, ]
domain number = 4
Loading snapshots...
 Test site-White_0                   (0)| Epoch:41 | Test Acc: 0.2963
 Test site-White_1                   (2)| Epoch:41 | Test Acc: 0.4000
 Test site-White_2                   (2)| Epoch:41 | Test Acc: 0.3478
 Test site-White_3                   (0)| Epoch:41 | Test Acc: 0.3750
 Test site-White_4                   (2)| Epoch:41 | Test Acc: 0.3562
 Test site-White_5                   (2)| Epoch:41 | Test Acc: 0.3474
 Test site-White_6                   (2)| Epoch:41 | Test Acc: 0.3280
 Test site-White_7                   (2)| Epoch:41 | Test Acc: 0.3598
 Test site-White_8                   (2)| Epoch:41 | Test Acc: 0.3524
 Test site-White_9                   (2)| Epoch:41 | Test Acc: 0.3536
 Test site-Black_0                   (3)| Epoch:41 | Test Acc: 0.2577
 Test site-Black_1                   (1)| Epoch:41 | Test Acc: 0.3175
White: 0.3516, Black: 0.2876, 
Average Test Accuracy: 0.3196, domain std=0.0320, cluster std=0.0366, individual std=0.0356, 
===2023-06-08 13:39:58===
===Setting===
    dataset: fairface
    lr: 0.01
    batch: 16
    iters: 10
    wk_iters: 1
    si: False
    domain_num: 4
    quantile: 0
    std_rw: False
    gender_label: False
    binary_race: True
    save_iter: -1
data_number=[37,43,51,64,76,91,112,134,162,194,89,104,]
client_nums=[10,2,]
label set of clients: [8, 8, 8, 8, 8, 8, 8, 7, 7, 7, 8, 8, ]
domain number = 4
Loading snapshots...
 Test site-White-0                   (0)| Epoch:46 | Test Acc: 0.2083
 Test site-White-1                   (2)| Epoch:46 | Test Acc: 0.3125
 Test site-White-2                   (2)| Epoch:46 | Test Acc: 0.3846
 Test site-White-3                   (0)| Epoch:46 | Test Acc: 0.4419
 Test site-White-4                   (2)| Epoch:46 | Test Acc: 0.3846
 Test site-White-5                   (2)| Epoch:46 | Test Acc: 0.5000
 Test site-White-6                   (2)| Epoch:46 | Test Acc: 0.5000
 Test site-White-7                   (2)| Epoch:46 | Test Acc: 0.4886
 Test site-White-8                   (2)| Epoch:46 | Test Acc: 0.4762
 Test site-White-9                   (2)| Epoch:46 | Test Acc: 0.4286
 Test site-Black-0                   (3)| Epoch:46 | Test Acc: 0.3684
 Test site-Black-1                   (1)| Epoch:46 | Test Acc: 0.3750
White: 0.4125, Black: 0.3717, 
Average Test Accuracy(group): 0.3921, Average Test Accuracy(individual): 0.4057,
domain std=0.0204, cluster std=0.0389, individual std=0.0828, 
