===2023-03-16 16:10:04===
===Setting===
    lr: 0.01
    batch: 16
    iters: 3
    wk_iters: 10
============ Train epoch 0 ============
============ Train epoch 1 ============
============ Train epoch 2 ============
============ Train epoch 3 ============
============ Train epoch 4 ============
============ Train epoch 5 ============
============ Train epoch 6 ============
============ Train epoch 7 ============
============ Train epoch 8 ============
============ Train epoch 9 ============
 MNIST      | Train Loss: 1.0904 | Train Acc: 0.7297
 SVHN       | Train Loss: 1.8152 | Train Acc: 0.4324
 USPS       | Train Loss: 1.1058 | Train Acc: 0.6892
 SynthDigits| Train Loss: 1.7697 | Train Acc: 0.3108
 MNIST-M    | Train Loss: 1.6604 | Train Acc: 0.5405
 MNIST      | Valid  Loss: 1.2447 | Valid  Acc: 0.7027
 SVHN       | Valid  Loss: 2.0707 | Valid  Acc: 0.2432
 USPS       | Valid  Loss: 1.2634 | Valid  Acc: 0.6351
 SynthDigits| Valid  Loss: 1.9106 | Valid  Acc: 0.4189
 MNIST-M    | Valid  Loss: 1.6724 | Valid  Acc: 0.5405
Average Test Accuracy: 0.5081
 Saving checkpoints to ../checkpoint/digits/federated_digits_cosine-cls-0.1data/DoPrompt_lsim=True...
============ Train epoch 10 ============
============ Train epoch 11 ============
============ Train epoch 12 ============
============ Train epoch 13 ============
============ Train epoch 14 ============
============ Train epoch 15 ============
============ Train epoch 16 ============
============ Train epoch 17 ============
============ Train epoch 18 ============
============ Train epoch 19 ============
 MNIST      | Train Loss: 0.6574 | Train Acc: 0.6892
 SVHN       | Train Loss: 1.3765 | Train Acc: 0.5000
 USPS       | Train Loss: 0.4958 | Train Acc: 0.7838
 SynthDigits| Train Loss: 1.0653 | Train Acc: 0.5676
 MNIST-M    | Train Loss: 0.8696 | Train Acc: 0.7162
 MNIST      | Valid  Loss: 0.9489 | Valid  Acc: 0.6486
 SVHN       | Valid  Loss: 2.3568 | Valid  Acc: 0.2838
 USPS       | Valid  Loss: 0.8187 | Valid  Acc: 0.6892
 SynthDigits| Valid  Loss: 1.7462 | Valid  Acc: 0.4324
 MNIST-M    | Valid  Loss: 0.9038 | Valid  Acc: 0.7162
Average Test Accuracy: 0.5541
 Saving checkpoints to ../checkpoint/digits/federated_digits_cosine-cls-0.1data/DoPrompt_lsim=True...
============ Train epoch 20 ============
============ Train epoch 21 ============
============ Train epoch 22 ============
============ Train epoch 23 ============
============ Train epoch 24 ============
============ Train epoch 25 ============
============ Train epoch 26 ============
============ Train epoch 27 ============
============ Train epoch 28 ============
============ Train epoch 29 ============
 MNIST      | Train Loss: 0.3138 | Train Acc: 0.8649
 SVHN       | Train Loss: 0.9696 | Train Acc: 0.6486
 USPS       | Train Loss: 0.2599 | Train Acc: 0.8784
 SynthDigits| Train Loss: 0.6490 | Train Acc: 0.7027
 MNIST-M    | Train Loss: 0.3756 | Train Acc: 0.9054
 MNIST      | Valid  Loss: 0.7339 | Valid  Acc: 0.7162
 SVHN       | Valid  Loss: 2.7092 | Valid  Acc: 0.2027
 USPS       | Valid  Loss: 0.6143 | Valid  Acc: 0.7838
 SynthDigits| Valid  Loss: 1.6634 | Valid  Acc: 0.4459
 MNIST-M    | Valid  Loss: 0.3961 | Valid  Acc: 0.9054
Average Test Accuracy: 0.6108
 Saving checkpoints to ../checkpoint/digits/federated_digits_cosine-cls-0.1data/DoPrompt_lsim=True...
===2023-03-16 16:24:47===
