===2023-03-15 16:13:38===
===Setting===
    lr: 0.01
    batch: 8
    iters: 5
    wk_iters: 10
============ Train epoch 0 ============
===2023-03-15 17:14:23===
===Setting===
    lr: 0.01
    batch: 8
    iters: 5
    wk_iters: 10
============ Train epoch 0 ============
============ Train epoch 1 ============
============ Train epoch 2 ============
============ Train epoch 3 ============
============ Train epoch 4 ============
============ Train epoch 5 ============
============ Train epoch 6 ============
============ Train epoch 7 ============
============ Train epoch 8 ============
============ Train epoch 9 ============
 Site-Clipart   | Train Loss: 1.5410 | Train Acc: 0.6762
 Site-Infograph | Train Loss: 2.0414 | Train Acc: 0.4667
 Site-Painting  | Train Loss: 1.5458 | Train Acc: 0.7238
 Site-Quickdraw | Train Loss: 2.1234 | Train Acc: 0.2762
 Site-Real      | Train Loss: 1.4999 | Train Acc: 0.8667
 Site-Sketch    | Train Loss: 1.4748 | Train Acc: 0.7333
 Site-Clipart   | Val  Loss: 1.7520 | Val  Acc: 0.5810
 Site-Infograph | Val  Loss: 2.2026 | Val  Acc: 0.3619
 Site-Painting  | Val  Loss: 1.6624 | Val  Acc: 0.7048
 Site-Quickdraw | Val  Loss: 2.1877 | Val  Acc: 0.2571
 Site-Real      | Val  Loss: 1.5477 | Val  Acc: 0.7619
 Site-Sketch    | Val  Loss: 1.6347 | Val  Acc: 0.6762
 Best site-Clipart    | Epoch:0 | Val Acc: 0.5810
 Best site-Infograph  | Epoch:0 | Val Acc: 0.3619
 Best site-Painting   | Epoch:0 | Val Acc: 0.7048
 Best site-Quickdraw  | Epoch:0 | Val Acc: 0.2571
 Best site-Real       | Epoch:0 | Val Acc: 0.7619
 Best site-Sketch     | Epoch:0 | Val Acc: 0.6762
 Saving the local and server checkpoint to ../checkpoint/domainnet/fed_domainnet/DoPrompt_lsim=True...
 Test site-Clipart   | Epoch:0 | Test Acc: 0.6749
 Test site-Infograph | Epoch:0 | Test Acc: 0.3973
 Test site-Painting  | Epoch:0 | Test Acc: 0.7383
 Test site-Quickdraw | Epoch:0 | Test Acc: 0.3360
 Test site-Real      | Epoch:0 | Test Acc: 0.8463
 Test site-Sketch    | Epoch:0 | Test Acc: 0.6805
Average Test Accuracy: 0.6122
============ Train epoch 10 ============
============ Train epoch 11 ============
============ Train epoch 12 ============
===2023-03-15 17:24:42===
===Setting===
    lr: 0.01
    batch: 8
    iters: 5
    wk_iters: 10
============ Train epoch 0 ============
============ Train epoch 1 ============
============ Train epoch 2 ============
============ Train epoch 3 ============
============ Train epoch 4 ============
============ Train epoch 5 ============
============ Train epoch 6 ============
============ Train epoch 7 ============
============ Train epoch 8 ============
============ Train epoch 9 ============
 Site-Clipart   | Train Loss: 1.5632 | Train Acc: 0.6762
 Site-Infograph | Train Loss: 2.0889 | Train Acc: 0.4571
 Site-Painting  | Train Loss: 1.5994 | Train Acc: 0.7429
 Site-Quickdraw | Train Loss: 2.1341 | Train Acc: 0.2571
 Site-Real      | Train Loss: 1.5991 | Train Acc: 0.8667
 Site-Sketch    | Train Loss: 1.4868 | Train Acc: 0.7429
 Site-Clipart   | Val  Loss: 1.7838 | Val  Acc: 0.5524
 Site-Infograph | Val  Loss: 2.2653 | Val  Acc: 0.3810
 Site-Painting  | Val  Loss: 1.6979 | Val  Acc: 0.7143
 Site-Quickdraw | Val  Loss: 2.2051 | Val  Acc: 0.2571
===2023-03-15 17:31:35===
===Setting===
    lr: 0.01
    batch: 8
    iters: 5
    wk_iters: 10
============ Train epoch 0 ============
============ Train epoch 1 ============
============ Train epoch 2 ============
============ Train epoch 3 ============
===2023-03-15 17:35:51===
===Setting===
    lr: 0.01
    batch: 16
    iters: 5
    wk_iters: 10
============ Train epoch 0 ============
============ Train epoch 1 ============
============ Train epoch 2 ============
============ Train epoch 3 ============
===2023-03-15 17:41:21===
===Setting===
    lr: 0.01
    batch: 16
    iters: 5
    wk_iters: 2
============ Train epoch 0 ============
============ Train epoch 1 ============
 Site-Clipart   | Train Loss: 3.4345 | Train Acc: 0.2952
 Site-Infograph | Train Loss: 3.5221 | Train Acc: 0.1619
 Site-Painting  | Train Loss: 3.6568 | Train Acc: 0.2000
 Site-Quickdraw | Train Loss: 3.5755 | Train Acc: 0.0952
 Site-Real      | Train Loss: 3.5893 | Train Acc: 0.3333
 Site-Sketch    | Train Loss: 3.3792 | Train Acc: 0.2857
 Site-Clipart   | Val  Loss: 3.5677 | Val  Acc: 0.2000
 Site-Infograph | Val  Loss: 3.5997 | Val  Acc: 0.1524
 Site-Painting  | Val  Loss: 3.5742 | Val  Acc: 0.2286
 Site-Quickdraw | Val  Loss: 3.5259 | Val  Acc: 0.1619
 Site-Real      | Val  Loss: 3.5426 | Val  Acc: 0.3238
 Site-Sketch    | Val  Loss: 3.4411 | Val  Acc: 0.2381
 Best site-Clipart    | Epoch:0 | Val Acc: 0.2000
 Best site-Infograph  | Epoch:0 | Val Acc: 0.1524
 Best site-Painting   | Epoch:0 | Val Acc: 0.2286
 Best site-Quickdraw  | Epoch:0 | Val Acc: 0.1619
 Best site-Real       | Epoch:0 | Val Acc: 0.3238
 Best site-Sketch     | Epoch:0 | Val Acc: 0.2381
 Saving the local and server checkpoint to ../checkpoint/domainnet/fed_domainnet/DoPrompt_lsim=True...
 Test site-Clipart   | Epoch:0 | Test Acc: 0.2243
 Test site-Infograph | Epoch:0 | Test Acc: 0.1385
 Test site-Painting  | Epoch:0 | Test Acc: 0.2278
 Test site-Quickdraw | Epoch:0 | Test Acc: 0.1240
 Test site-Real      | Epoch:0 | Test Acc: 0.2440
 Test site-Sketch    | Epoch:0 | Test Acc: 0.2527
Average Test Accuracy: 0.2019
============ Train epoch 2 ============
============ Train epoch 3 ============
 Site-Clipart   | Train Loss: 2.2239 | Train Acc: 0.4667
 Site-Infograph | Train Loss: 2.4889 | Train Acc: 0.2381
 Site-Painting  | Train Loss: 2.3561 | Train Acc: 0.3905
 Site-Quickdraw | Train Loss: 2.4666 | Train Acc: 0.1238
 Site-Real      | Train Loss: 2.2863 | Train Acc: 0.4857
 Site-Sketch    | Train Loss: 2.1592 | Train Acc: 0.4762
 Site-Clipart   | Val  Loss: 2.3399 | Val  Acc: 0.3238
 Site-Infograph | Val  Loss: 2.5053 | Val  Acc: 0.2571
 Site-Painting  | Val  Loss: 2.3234 | Val  Acc: 0.3619
 Site-Quickdraw | Val  Loss: 2.4822 | Val  Acc: 0.2571
 Site-Real      | Val  Loss: 2.3669 | Val  Acc: 0.4095
 Site-Sketch    | Val  Loss: 2.2436 | Val  Acc: 0.4190
 Best site-Clipart    | Epoch:1 | Val Acc: 0.3238
 Best site-Infograph  | Epoch:1 | Val Acc: 0.2571
 Best site-Painting   | Epoch:1 | Val Acc: 0.3619
 Best site-Quickdraw  | Epoch:1 | Val Acc: 0.2571
 Best site-Real       | Epoch:1 | Val Acc: 0.4095
 Best site-Sketch     | Epoch:1 | Val Acc: 0.4190
 Saving the local and server checkpoint to ../checkpoint/domainnet/fed_domainnet/DoPrompt_lsim=True...

COSINE LOSS!!

===2023-03-15 23:13:29===
===Setting===
    lr: 0.01
    batch: 16
    iters: 3
    wk_iters: 10
============ Train epoch 0 ============
============ Train epoch 1 ============
============ Train epoch 2 ============
============ Train epoch 3 ============
============ Train epoch 4 ============
============ Train epoch 5 ============
============ Train epoch 6 ============
============ Train epoch 7 ============
============ Train epoch 8 ============
============ Train epoch 9 ============
 Site-Clipart   | Train Loss: 0.5925 | Train Acc: 0.8397
 Site-Infograph | Train Loss: 1.5196 | Train Acc: 0.5111
 Site-Painting  | Train Loss: 0.4773 | Train Acc: 0.8730
 Site-Quickdraw | Train Loss: 1.8030 | Train Acc: 0.4032
 Site-Real      | Train Loss: 0.3643 | Train Acc: 0.9175
 Site-Sketch    | Train Loss: 0.6530 | Train Acc: 0.7937
 Site-Clipart   | Val  Loss: 0.7844 | Val  Acc: 0.7714
 Site-Infograph | Val  Loss: 1.6602 | Val  Acc: 0.4762
 Site-Painting  | Val  Loss: 0.5549 | Val  Acc: 0.8333
 Site-Quickdraw | Val  Loss: 1.8911 | Val  Acc: 0.3905
 Site-Real      | Val  Loss: 0.4482 | Val  Acc: 0.8952
 Site-Sketch    | Val  Loss: 0.7075 | Val  Acc: 0.7857
 Best site-Clipart    | Epoch:0 | Val Acc: 0.7714
 Best site-Infograph  | Epoch:0 | Val Acc: 0.4762
 Best site-Painting   | Epoch:0 | Val Acc: 0.8333
 Best site-Quickdraw  | Epoch:0 | Val Acc: 0.3905
 Best site-Real       | Epoch:0 | Val Acc: 0.8952
 Best site-Sketch     | Epoch:0 | Val Acc: 0.7857
 Saving the local and server checkpoint to ../checkpoint/domainnet/fed_domainnet/DoPrompt_lsim=True...
 Test site-Clipart   | Epoch:0 | Test Acc: 0.8574
 Test site-Infograph | Epoch:0 | Test Acc: 0.5419
 Test site-Painting  | Epoch:0 | Test Acc: 0.8998
 Test site-Quickdraw | Epoch:0 | Test Acc: 0.4550
 Test site-Real      | Epoch:0 | Test Acc: 0.9302
 Test site-Sketch    | Epoch:0 | Test Acc: 0.8231
Average Test Accuracy: 0.7512
============ Train epoch 10 ============
============ Train epoch 11 ============
============ Train epoch 12 ============
============ Train epoch 13 ============
============ Train epoch 14 ============
============ Train epoch 15 ============
============ Train epoch 16 ============
